[2025-02-10T14:49:46.750+0000] {processor.py:186} INFO - Started process (PID=91) to work on /usr/local/lib/python3.9/dist-packages/airflow/example_dags/plugins/decreasing_priority_weight_strategy.py
[2025-02-10T14:49:46.753+0000] {processor.py:914} INFO - Processing file /usr/local/lib/python3.9/dist-packages/airflow/example_dags/plugins/decreasing_priority_weight_strategy.py for tasks to queue
[2025-02-10T14:49:46.758+0000] {logging_mixin.py:190} INFO - [2025-02-10T14:49:46.757+0000] {dagbag.py:588} INFO - Filling up the DagBag from /usr/local/lib/python3.9/dist-packages/airflow/example_dags/plugins/decreasing_priority_weight_strategy.py
[2025-02-10T14:49:46.763+0000] {processor.py:927} WARNING - No viable dags retrieved from /usr/local/lib/python3.9/dist-packages/airflow/example_dags/plugins/decreasing_priority_weight_strategy.py
[2025-02-10T14:49:46.800+0000] {processor.py:208} INFO - Processing /usr/local/lib/python3.9/dist-packages/airflow/example_dags/plugins/decreasing_priority_weight_strategy.py took 0.063 seconds
[2025-02-10T14:51:12.780+0000] {processor.py:186} INFO - Started process (PID=164) to work on /usr/local/lib/python3.9/dist-packages/airflow/example_dags/plugins/decreasing_priority_weight_strategy.py
[2025-02-10T14:51:12.781+0000] {processor.py:914} INFO - Processing file /usr/local/lib/python3.9/dist-packages/airflow/example_dags/plugins/decreasing_priority_weight_strategy.py for tasks to queue
[2025-02-10T14:51:12.783+0000] {logging_mixin.py:190} INFO - [2025-02-10T14:51:12.783+0000] {dagbag.py:588} INFO - Filling up the DagBag from /usr/local/lib/python3.9/dist-packages/airflow/example_dags/plugins/decreasing_priority_weight_strategy.py
[2025-02-10T14:51:12.786+0000] {processor.py:927} WARNING - No viable dags retrieved from /usr/local/lib/python3.9/dist-packages/airflow/example_dags/plugins/decreasing_priority_weight_strategy.py
[2025-02-10T14:51:12.813+0000] {processor.py:208} INFO - Processing /usr/local/lib/python3.9/dist-packages/airflow/example_dags/plugins/decreasing_priority_weight_strategy.py took 0.039 seconds
[2025-02-10T14:52:33.762+0000] {processor.py:186} INFO - Started process (PID=229) to work on /usr/local/lib/python3.9/dist-packages/airflow/example_dags/plugins/decreasing_priority_weight_strategy.py
[2025-02-10T14:52:33.763+0000] {processor.py:914} INFO - Processing file /usr/local/lib/python3.9/dist-packages/airflow/example_dags/plugins/decreasing_priority_weight_strategy.py for tasks to queue
[2025-02-10T14:52:33.766+0000] {logging_mixin.py:190} INFO - [2025-02-10T14:52:33.766+0000] {dagbag.py:588} INFO - Filling up the DagBag from /usr/local/lib/python3.9/dist-packages/airflow/example_dags/plugins/decreasing_priority_weight_strategy.py
[2025-02-10T14:52:33.769+0000] {processor.py:927} WARNING - No viable dags retrieved from /usr/local/lib/python3.9/dist-packages/airflow/example_dags/plugins/decreasing_priority_weight_strategy.py
[2025-02-10T14:52:33.796+0000] {processor.py:208} INFO - Processing /usr/local/lib/python3.9/dist-packages/airflow/example_dags/plugins/decreasing_priority_weight_strategy.py took 0.041 seconds
[2025-02-10T14:53:51.766+0000] {processor.py:186} INFO - Started process (PID=294) to work on /usr/local/lib/python3.9/dist-packages/airflow/example_dags/plugins/decreasing_priority_weight_strategy.py
[2025-02-10T14:53:51.769+0000] {processor.py:914} INFO - Processing file /usr/local/lib/python3.9/dist-packages/airflow/example_dags/plugins/decreasing_priority_weight_strategy.py for tasks to queue
[2025-02-10T14:53:51.772+0000] {logging_mixin.py:190} INFO - [2025-02-10T14:53:51.771+0000] {dagbag.py:588} INFO - Filling up the DagBag from /usr/local/lib/python3.9/dist-packages/airflow/example_dags/plugins/decreasing_priority_weight_strategy.py
[2025-02-10T14:53:51.775+0000] {processor.py:927} WARNING - No viable dags retrieved from /usr/local/lib/python3.9/dist-packages/airflow/example_dags/plugins/decreasing_priority_weight_strategy.py
[2025-02-10T14:53:51.804+0000] {processor.py:208} INFO - Processing /usr/local/lib/python3.9/dist-packages/airflow/example_dags/plugins/decreasing_priority_weight_strategy.py took 0.043 seconds
[2025-02-10T14:55:10.183+0000] {processor.py:186} INFO - Started process (PID=360) to work on /usr/local/lib/python3.9/dist-packages/airflow/example_dags/plugins/decreasing_priority_weight_strategy.py
[2025-02-10T14:55:10.185+0000] {processor.py:914} INFO - Processing file /usr/local/lib/python3.9/dist-packages/airflow/example_dags/plugins/decreasing_priority_weight_strategy.py for tasks to queue
[2025-02-10T14:55:10.188+0000] {logging_mixin.py:190} INFO - [2025-02-10T14:55:10.188+0000] {dagbag.py:588} INFO - Filling up the DagBag from /usr/local/lib/python3.9/dist-packages/airflow/example_dags/plugins/decreasing_priority_weight_strategy.py
[2025-02-10T14:55:10.192+0000] {processor.py:927} WARNING - No viable dags retrieved from /usr/local/lib/python3.9/dist-packages/airflow/example_dags/plugins/decreasing_priority_weight_strategy.py
[2025-02-10T14:55:10.222+0000] {processor.py:208} INFO - Processing /usr/local/lib/python3.9/dist-packages/airflow/example_dags/plugins/decreasing_priority_weight_strategy.py took 0.045 seconds
[2025-02-10T14:56:30.238+0000] {processor.py:186} INFO - Started process (PID=426) to work on /usr/local/lib/python3.9/dist-packages/airflow/example_dags/plugins/decreasing_priority_weight_strategy.py
[2025-02-10T14:56:30.240+0000] {processor.py:914} INFO - Processing file /usr/local/lib/python3.9/dist-packages/airflow/example_dags/plugins/decreasing_priority_weight_strategy.py for tasks to queue
[2025-02-10T14:56:30.243+0000] {logging_mixin.py:190} INFO - [2025-02-10T14:56:30.242+0000] {dagbag.py:588} INFO - Filling up the DagBag from /usr/local/lib/python3.9/dist-packages/airflow/example_dags/plugins/decreasing_priority_weight_strategy.py
[2025-02-10T14:56:30.246+0000] {processor.py:927} WARNING - No viable dags retrieved from /usr/local/lib/python3.9/dist-packages/airflow/example_dags/plugins/decreasing_priority_weight_strategy.py
[2025-02-10T14:56:30.273+0000] {processor.py:208} INFO - Processing /usr/local/lib/python3.9/dist-packages/airflow/example_dags/plugins/decreasing_priority_weight_strategy.py took 0.040 seconds
[2025-02-10T14:57:51.775+0000] {processor.py:186} INFO - Started process (PID=493) to work on /usr/local/lib/python3.9/dist-packages/airflow/example_dags/plugins/decreasing_priority_weight_strategy.py
[2025-02-10T14:57:51.777+0000] {processor.py:914} INFO - Processing file /usr/local/lib/python3.9/dist-packages/airflow/example_dags/plugins/decreasing_priority_weight_strategy.py for tasks to queue
[2025-02-10T14:57:51.779+0000] {logging_mixin.py:190} INFO - [2025-02-10T14:57:51.778+0000] {dagbag.py:588} INFO - Filling up the DagBag from /usr/local/lib/python3.9/dist-packages/airflow/example_dags/plugins/decreasing_priority_weight_strategy.py
[2025-02-10T14:57:51.781+0000] {processor.py:927} WARNING - No viable dags retrieved from /usr/local/lib/python3.9/dist-packages/airflow/example_dags/plugins/decreasing_priority_weight_strategy.py
[2025-02-10T14:57:51.808+0000] {processor.py:208} INFO - Processing /usr/local/lib/python3.9/dist-packages/airflow/example_dags/plugins/decreasing_priority_weight_strategy.py took 0.038 seconds
[2025-02-10T14:59:05.691+0000] {processor.py:186} INFO - Started process (PID=559) to work on /usr/local/lib/python3.9/dist-packages/airflow/example_dags/plugins/decreasing_priority_weight_strategy.py
[2025-02-10T14:59:05.692+0000] {processor.py:914} INFO - Processing file /usr/local/lib/python3.9/dist-packages/airflow/example_dags/plugins/decreasing_priority_weight_strategy.py for tasks to queue
[2025-02-10T14:59:05.695+0000] {logging_mixin.py:190} INFO - [2025-02-10T14:59:05.695+0000] {dagbag.py:588} INFO - Filling up the DagBag from /usr/local/lib/python3.9/dist-packages/airflow/example_dags/plugins/decreasing_priority_weight_strategy.py
[2025-02-10T14:59:05.698+0000] {processor.py:927} WARNING - No viable dags retrieved from /usr/local/lib/python3.9/dist-packages/airflow/example_dags/plugins/decreasing_priority_weight_strategy.py
[2025-02-10T14:59:05.729+0000] {processor.py:208} INFO - Processing /usr/local/lib/python3.9/dist-packages/airflow/example_dags/plugins/decreasing_priority_weight_strategy.py took 0.043 seconds
[2025-02-10T15:00:18.462+0000] {processor.py:186} INFO - Started process (PID=621) to work on /usr/local/lib/python3.9/dist-packages/airflow/example_dags/plugins/decreasing_priority_weight_strategy.py
[2025-02-10T15:00:18.464+0000] {processor.py:914} INFO - Processing file /usr/local/lib/python3.9/dist-packages/airflow/example_dags/plugins/decreasing_priority_weight_strategy.py for tasks to queue
[2025-02-10T15:00:18.467+0000] {logging_mixin.py:190} INFO - [2025-02-10T15:00:18.466+0000] {dagbag.py:588} INFO - Filling up the DagBag from /usr/local/lib/python3.9/dist-packages/airflow/example_dags/plugins/decreasing_priority_weight_strategy.py
[2025-02-10T15:00:18.470+0000] {processor.py:927} WARNING - No viable dags retrieved from /usr/local/lib/python3.9/dist-packages/airflow/example_dags/plugins/decreasing_priority_weight_strategy.py
[2025-02-10T15:00:18.497+0000] {processor.py:208} INFO - Processing /usr/local/lib/python3.9/dist-packages/airflow/example_dags/plugins/decreasing_priority_weight_strategy.py took 0.040 seconds
[2025-02-10T15:01:36.236+0000] {processor.py:186} INFO - Started process (PID=685) to work on /usr/local/lib/python3.9/dist-packages/airflow/example_dags/plugins/decreasing_priority_weight_strategy.py
[2025-02-10T15:01:36.237+0000] {processor.py:914} INFO - Processing file /usr/local/lib/python3.9/dist-packages/airflow/example_dags/plugins/decreasing_priority_weight_strategy.py for tasks to queue
[2025-02-10T15:01:36.240+0000] {logging_mixin.py:190} INFO - [2025-02-10T15:01:36.240+0000] {dagbag.py:588} INFO - Filling up the DagBag from /usr/local/lib/python3.9/dist-packages/airflow/example_dags/plugins/decreasing_priority_weight_strategy.py
[2025-02-10T15:01:36.243+0000] {processor.py:927} WARNING - No viable dags retrieved from /usr/local/lib/python3.9/dist-packages/airflow/example_dags/plugins/decreasing_priority_weight_strategy.py
[2025-02-10T15:01:36.271+0000] {processor.py:208} INFO - Processing /usr/local/lib/python3.9/dist-packages/airflow/example_dags/plugins/decreasing_priority_weight_strategy.py took 0.041 seconds
[2025-02-10T15:02:55.973+0000] {processor.py:186} INFO - Started process (PID=754) to work on /usr/local/lib/python3.9/dist-packages/airflow/example_dags/plugins/decreasing_priority_weight_strategy.py
[2025-02-10T15:02:55.974+0000] {processor.py:914} INFO - Processing file /usr/local/lib/python3.9/dist-packages/airflow/example_dags/plugins/decreasing_priority_weight_strategy.py for tasks to queue
[2025-02-10T15:02:55.977+0000] {logging_mixin.py:190} INFO - [2025-02-10T15:02:55.977+0000] {dagbag.py:588} INFO - Filling up the DagBag from /usr/local/lib/python3.9/dist-packages/airflow/example_dags/plugins/decreasing_priority_weight_strategy.py
[2025-02-10T15:02:55.980+0000] {processor.py:927} WARNING - No viable dags retrieved from /usr/local/lib/python3.9/dist-packages/airflow/example_dags/plugins/decreasing_priority_weight_strategy.py
[2025-02-10T15:02:56.009+0000] {processor.py:208} INFO - Processing /usr/local/lib/python3.9/dist-packages/airflow/example_dags/plugins/decreasing_priority_weight_strategy.py took 0.042 seconds
[2025-02-10T15:04:13.866+0000] {processor.py:186} INFO - Started process (PID=819) to work on /usr/local/lib/python3.9/dist-packages/airflow/example_dags/plugins/decreasing_priority_weight_strategy.py
[2025-02-10T15:04:13.867+0000] {processor.py:914} INFO - Processing file /usr/local/lib/python3.9/dist-packages/airflow/example_dags/plugins/decreasing_priority_weight_strategy.py for tasks to queue
[2025-02-10T15:04:13.870+0000] {logging_mixin.py:190} INFO - [2025-02-10T15:04:13.869+0000] {dagbag.py:588} INFO - Filling up the DagBag from /usr/local/lib/python3.9/dist-packages/airflow/example_dags/plugins/decreasing_priority_weight_strategy.py
[2025-02-10T15:04:13.873+0000] {processor.py:927} WARNING - No viable dags retrieved from /usr/local/lib/python3.9/dist-packages/airflow/example_dags/plugins/decreasing_priority_weight_strategy.py
[2025-02-10T15:04:13.905+0000] {processor.py:208} INFO - Processing /usr/local/lib/python3.9/dist-packages/airflow/example_dags/plugins/decreasing_priority_weight_strategy.py took 0.044 seconds
[2025-02-10T15:05:33.540+0000] {processor.py:186} INFO - Started process (PID=884) to work on /usr/local/lib/python3.9/dist-packages/airflow/example_dags/plugins/decreasing_priority_weight_strategy.py
[2025-02-10T15:05:33.542+0000] {processor.py:914} INFO - Processing file /usr/local/lib/python3.9/dist-packages/airflow/example_dags/plugins/decreasing_priority_weight_strategy.py for tasks to queue
[2025-02-10T15:05:33.545+0000] {logging_mixin.py:190} INFO - [2025-02-10T15:05:33.544+0000] {dagbag.py:588} INFO - Filling up the DagBag from /usr/local/lib/python3.9/dist-packages/airflow/example_dags/plugins/decreasing_priority_weight_strategy.py
[2025-02-10T15:05:33.548+0000] {processor.py:927} WARNING - No viable dags retrieved from /usr/local/lib/python3.9/dist-packages/airflow/example_dags/plugins/decreasing_priority_weight_strategy.py
[2025-02-10T15:05:33.576+0000] {processor.py:208} INFO - Processing /usr/local/lib/python3.9/dist-packages/airflow/example_dags/plugins/decreasing_priority_weight_strategy.py took 0.041 seconds
[2025-02-10T15:06:53.317+0000] {processor.py:186} INFO - Started process (PID=950) to work on /usr/local/lib/python3.9/dist-packages/airflow/example_dags/plugins/decreasing_priority_weight_strategy.py
[2025-02-10T15:06:53.318+0000] {processor.py:914} INFO - Processing file /usr/local/lib/python3.9/dist-packages/airflow/example_dags/plugins/decreasing_priority_weight_strategy.py for tasks to queue
[2025-02-10T15:06:53.322+0000] {logging_mixin.py:190} INFO - [2025-02-10T15:06:53.321+0000] {dagbag.py:588} INFO - Filling up the DagBag from /usr/local/lib/python3.9/dist-packages/airflow/example_dags/plugins/decreasing_priority_weight_strategy.py
[2025-02-10T15:06:53.325+0000] {processor.py:927} WARNING - No viable dags retrieved from /usr/local/lib/python3.9/dist-packages/airflow/example_dags/plugins/decreasing_priority_weight_strategy.py
[2025-02-10T15:06:53.354+0000] {processor.py:208} INFO - Processing /usr/local/lib/python3.9/dist-packages/airflow/example_dags/plugins/decreasing_priority_weight_strategy.py took 0.043 seconds
[2025-02-10T15:08:10.881+0000] {processor.py:186} INFO - Started process (PID=1016) to work on /usr/local/lib/python3.9/dist-packages/airflow/example_dags/plugins/decreasing_priority_weight_strategy.py
[2025-02-10T15:08:10.882+0000] {processor.py:914} INFO - Processing file /usr/local/lib/python3.9/dist-packages/airflow/example_dags/plugins/decreasing_priority_weight_strategy.py for tasks to queue
[2025-02-10T15:08:10.885+0000] {logging_mixin.py:190} INFO - [2025-02-10T15:08:10.885+0000] {dagbag.py:588} INFO - Filling up the DagBag from /usr/local/lib/python3.9/dist-packages/airflow/example_dags/plugins/decreasing_priority_weight_strategy.py
[2025-02-10T15:08:10.888+0000] {processor.py:927} WARNING - No viable dags retrieved from /usr/local/lib/python3.9/dist-packages/airflow/example_dags/plugins/decreasing_priority_weight_strategy.py
[2025-02-10T15:08:10.916+0000] {processor.py:208} INFO - Processing /usr/local/lib/python3.9/dist-packages/airflow/example_dags/plugins/decreasing_priority_weight_strategy.py took 0.041 seconds
[2025-02-10T15:09:29.557+0000] {processor.py:186} INFO - Started process (PID=1080) to work on /usr/local/lib/python3.9/dist-packages/airflow/example_dags/plugins/decreasing_priority_weight_strategy.py
[2025-02-10T15:09:29.559+0000] {processor.py:914} INFO - Processing file /usr/local/lib/python3.9/dist-packages/airflow/example_dags/plugins/decreasing_priority_weight_strategy.py for tasks to queue
[2025-02-10T15:09:29.563+0000] {logging_mixin.py:190} INFO - [2025-02-10T15:09:29.562+0000] {dagbag.py:588} INFO - Filling up the DagBag from /usr/local/lib/python3.9/dist-packages/airflow/example_dags/plugins/decreasing_priority_weight_strategy.py
[2025-02-10T15:09:29.566+0000] {processor.py:927} WARNING - No viable dags retrieved from /usr/local/lib/python3.9/dist-packages/airflow/example_dags/plugins/decreasing_priority_weight_strategy.py
[2025-02-10T15:09:29.595+0000] {processor.py:208} INFO - Processing /usr/local/lib/python3.9/dist-packages/airflow/example_dags/plugins/decreasing_priority_weight_strategy.py took 0.042 seconds
[2025-02-10T15:10:48.571+0000] {processor.py:186} INFO - Started process (PID=1146) to work on /usr/local/lib/python3.9/dist-packages/airflow/example_dags/plugins/decreasing_priority_weight_strategy.py
[2025-02-10T15:10:48.572+0000] {processor.py:914} INFO - Processing file /usr/local/lib/python3.9/dist-packages/airflow/example_dags/plugins/decreasing_priority_weight_strategy.py for tasks to queue
[2025-02-10T15:10:48.575+0000] {logging_mixin.py:190} INFO - [2025-02-10T15:10:48.574+0000] {dagbag.py:588} INFO - Filling up the DagBag from /usr/local/lib/python3.9/dist-packages/airflow/example_dags/plugins/decreasing_priority_weight_strategy.py
[2025-02-10T15:10:48.578+0000] {processor.py:927} WARNING - No viable dags retrieved from /usr/local/lib/python3.9/dist-packages/airflow/example_dags/plugins/decreasing_priority_weight_strategy.py
[2025-02-10T15:10:48.607+0000] {processor.py:208} INFO - Processing /usr/local/lib/python3.9/dist-packages/airflow/example_dags/plugins/decreasing_priority_weight_strategy.py took 0.042 seconds
[2025-02-10T15:12:08.973+0000] {processor.py:186} INFO - Started process (PID=1213) to work on /usr/local/lib/python3.9/dist-packages/airflow/example_dags/plugins/decreasing_priority_weight_strategy.py
[2025-02-10T15:12:08.975+0000] {processor.py:914} INFO - Processing file /usr/local/lib/python3.9/dist-packages/airflow/example_dags/plugins/decreasing_priority_weight_strategy.py for tasks to queue
[2025-02-10T15:12:08.978+0000] {logging_mixin.py:190} INFO - [2025-02-10T15:12:08.977+0000] {dagbag.py:588} INFO - Filling up the DagBag from /usr/local/lib/python3.9/dist-packages/airflow/example_dags/plugins/decreasing_priority_weight_strategy.py
[2025-02-10T15:12:08.981+0000] {processor.py:927} WARNING - No viable dags retrieved from /usr/local/lib/python3.9/dist-packages/airflow/example_dags/plugins/decreasing_priority_weight_strategy.py
[2025-02-10T15:12:09.010+0000] {processor.py:208} INFO - Processing /usr/local/lib/python3.9/dist-packages/airflow/example_dags/plugins/decreasing_priority_weight_strategy.py took 0.042 seconds
[2025-02-10T15:13:25.967+0000] {processor.py:186} INFO - Started process (PID=1278) to work on /usr/local/lib/python3.9/dist-packages/airflow/example_dags/plugins/decreasing_priority_weight_strategy.py
[2025-02-10T15:13:25.968+0000] {processor.py:914} INFO - Processing file /usr/local/lib/python3.9/dist-packages/airflow/example_dags/plugins/decreasing_priority_weight_strategy.py for tasks to queue
[2025-02-10T15:13:25.972+0000] {logging_mixin.py:190} INFO - [2025-02-10T15:13:25.971+0000] {dagbag.py:588} INFO - Filling up the DagBag from /usr/local/lib/python3.9/dist-packages/airflow/example_dags/plugins/decreasing_priority_weight_strategy.py
[2025-02-10T15:13:25.976+0000] {processor.py:927} WARNING - No viable dags retrieved from /usr/local/lib/python3.9/dist-packages/airflow/example_dags/plugins/decreasing_priority_weight_strategy.py
[2025-02-10T15:13:26.005+0000] {processor.py:208} INFO - Processing /usr/local/lib/python3.9/dist-packages/airflow/example_dags/plugins/decreasing_priority_weight_strategy.py took 0.046 seconds
[2025-02-10T15:14:43.177+0000] {processor.py:186} INFO - Started process (PID=1342) to work on /usr/local/lib/python3.9/dist-packages/airflow/example_dags/plugins/decreasing_priority_weight_strategy.py
[2025-02-10T15:14:43.181+0000] {processor.py:914} INFO - Processing file /usr/local/lib/python3.9/dist-packages/airflow/example_dags/plugins/decreasing_priority_weight_strategy.py for tasks to queue
[2025-02-10T15:14:43.184+0000] {logging_mixin.py:190} INFO - [2025-02-10T15:14:43.183+0000] {dagbag.py:588} INFO - Filling up the DagBag from /usr/local/lib/python3.9/dist-packages/airflow/example_dags/plugins/decreasing_priority_weight_strategy.py
[2025-02-10T15:14:43.187+0000] {processor.py:927} WARNING - No viable dags retrieved from /usr/local/lib/python3.9/dist-packages/airflow/example_dags/plugins/decreasing_priority_weight_strategy.py
[2025-02-10T15:14:43.216+0000] {processor.py:208} INFO - Processing /usr/local/lib/python3.9/dist-packages/airflow/example_dags/plugins/decreasing_priority_weight_strategy.py took 0.045 seconds
[2025-02-10T15:26:02.907+0000] {processor.py:186} INFO - Started process (PID=82) to work on /usr/local/lib/python3.9/dist-packages/airflow/example_dags/plugins/decreasing_priority_weight_strategy.py
[2025-02-10T15:26:02.908+0000] {processor.py:914} INFO - Processing file /usr/local/lib/python3.9/dist-packages/airflow/example_dags/plugins/decreasing_priority_weight_strategy.py for tasks to queue
[2025-02-10T15:26:02.911+0000] {logging_mixin.py:190} INFO - [2025-02-10T15:26:02.911+0000] {dagbag.py:588} INFO - Filling up the DagBag from /usr/local/lib/python3.9/dist-packages/airflow/example_dags/plugins/decreasing_priority_weight_strategy.py
[2025-02-10T15:26:02.914+0000] {processor.py:927} WARNING - No viable dags retrieved from /usr/local/lib/python3.9/dist-packages/airflow/example_dags/plugins/decreasing_priority_weight_strategy.py
[2025-02-10T15:26:02.943+0000] {processor.py:208} INFO - Processing /usr/local/lib/python3.9/dist-packages/airflow/example_dags/plugins/decreasing_priority_weight_strategy.py took 0.042 seconds
[2025-02-10T15:27:19.674+0000] {processor.py:186} INFO - Started process (PID=147) to work on /usr/local/lib/python3.9/dist-packages/airflow/example_dags/plugins/decreasing_priority_weight_strategy.py
[2025-02-10T15:27:19.676+0000] {processor.py:914} INFO - Processing file /usr/local/lib/python3.9/dist-packages/airflow/example_dags/plugins/decreasing_priority_weight_strategy.py for tasks to queue
[2025-02-10T15:27:19.679+0000] {logging_mixin.py:190} INFO - [2025-02-10T15:27:19.678+0000] {dagbag.py:588} INFO - Filling up the DagBag from /usr/local/lib/python3.9/dist-packages/airflow/example_dags/plugins/decreasing_priority_weight_strategy.py
[2025-02-10T15:27:19.682+0000] {processor.py:927} WARNING - No viable dags retrieved from /usr/local/lib/python3.9/dist-packages/airflow/example_dags/plugins/decreasing_priority_weight_strategy.py
[2025-02-10T15:27:19.710+0000] {processor.py:208} INFO - Processing /usr/local/lib/python3.9/dist-packages/airflow/example_dags/plugins/decreasing_priority_weight_strategy.py took 0.042 seconds
[2025-02-10T15:28:40.539+0000] {processor.py:186} INFO - Started process (PID=212) to work on /usr/local/lib/python3.9/dist-packages/airflow/example_dags/plugins/decreasing_priority_weight_strategy.py
[2025-02-10T15:28:40.541+0000] {processor.py:914} INFO - Processing file /usr/local/lib/python3.9/dist-packages/airflow/example_dags/plugins/decreasing_priority_weight_strategy.py for tasks to queue
[2025-02-10T15:28:40.544+0000] {logging_mixin.py:190} INFO - [2025-02-10T15:28:40.544+0000] {dagbag.py:588} INFO - Filling up the DagBag from /usr/local/lib/python3.9/dist-packages/airflow/example_dags/plugins/decreasing_priority_weight_strategy.py
[2025-02-10T15:28:40.547+0000] {processor.py:927} WARNING - No viable dags retrieved from /usr/local/lib/python3.9/dist-packages/airflow/example_dags/plugins/decreasing_priority_weight_strategy.py
[2025-02-10T15:28:40.577+0000] {processor.py:208} INFO - Processing /usr/local/lib/python3.9/dist-packages/airflow/example_dags/plugins/decreasing_priority_weight_strategy.py took 0.043 seconds
[2025-02-10T15:29:59.995+0000] {processor.py:186} INFO - Started process (PID=278) to work on /usr/local/lib/python3.9/dist-packages/airflow/example_dags/plugins/decreasing_priority_weight_strategy.py
[2025-02-10T15:29:59.996+0000] {processor.py:914} INFO - Processing file /usr/local/lib/python3.9/dist-packages/airflow/example_dags/plugins/decreasing_priority_weight_strategy.py for tasks to queue
[2025-02-10T15:29:59.999+0000] {logging_mixin.py:190} INFO - [2025-02-10T15:29:59.999+0000] {dagbag.py:588} INFO - Filling up the DagBag from /usr/local/lib/python3.9/dist-packages/airflow/example_dags/plugins/decreasing_priority_weight_strategy.py
[2025-02-10T15:30:00.002+0000] {processor.py:927} WARNING - No viable dags retrieved from /usr/local/lib/python3.9/dist-packages/airflow/example_dags/plugins/decreasing_priority_weight_strategy.py
[2025-02-10T15:30:00.032+0000] {processor.py:208} INFO - Processing /usr/local/lib/python3.9/dist-packages/airflow/example_dags/plugins/decreasing_priority_weight_strategy.py took 0.043 seconds
[2025-02-10T15:31:14.149+0000] {processor.py:186} INFO - Started process (PID=341) to work on /usr/local/lib/python3.9/dist-packages/airflow/example_dags/plugins/decreasing_priority_weight_strategy.py
[2025-02-10T15:31:14.150+0000] {processor.py:914} INFO - Processing file /usr/local/lib/python3.9/dist-packages/airflow/example_dags/plugins/decreasing_priority_weight_strategy.py for tasks to queue
[2025-02-10T15:31:14.153+0000] {logging_mixin.py:190} INFO - [2025-02-10T15:31:14.153+0000] {dagbag.py:588} INFO - Filling up the DagBag from /usr/local/lib/python3.9/dist-packages/airflow/example_dags/plugins/decreasing_priority_weight_strategy.py
[2025-02-10T15:31:14.156+0000] {processor.py:927} WARNING - No viable dags retrieved from /usr/local/lib/python3.9/dist-packages/airflow/example_dags/plugins/decreasing_priority_weight_strategy.py
[2025-02-10T15:31:14.185+0000] {processor.py:208} INFO - Processing /usr/local/lib/python3.9/dist-packages/airflow/example_dags/plugins/decreasing_priority_weight_strategy.py took 0.042 seconds
[2025-02-10T15:32:31.970+0000] {processor.py:186} INFO - Started process (PID=405) to work on /usr/local/lib/python3.9/dist-packages/airflow/example_dags/plugins/decreasing_priority_weight_strategy.py
[2025-02-10T15:32:31.972+0000] {processor.py:914} INFO - Processing file /usr/local/lib/python3.9/dist-packages/airflow/example_dags/plugins/decreasing_priority_weight_strategy.py for tasks to queue
[2025-02-10T15:32:31.974+0000] {logging_mixin.py:190} INFO - [2025-02-10T15:32:31.974+0000] {dagbag.py:588} INFO - Filling up the DagBag from /usr/local/lib/python3.9/dist-packages/airflow/example_dags/plugins/decreasing_priority_weight_strategy.py
[2025-02-10T15:32:31.977+0000] {processor.py:927} WARNING - No viable dags retrieved from /usr/local/lib/python3.9/dist-packages/airflow/example_dags/plugins/decreasing_priority_weight_strategy.py
[2025-02-10T15:32:32.003+0000] {processor.py:208} INFO - Processing /usr/local/lib/python3.9/dist-packages/airflow/example_dags/plugins/decreasing_priority_weight_strategy.py took 0.038 seconds
[2025-02-10T15:33:53.643+0000] {processor.py:186} INFO - Started process (PID=471) to work on /usr/local/lib/python3.9/dist-packages/airflow/example_dags/plugins/decreasing_priority_weight_strategy.py
[2025-02-10T15:33:53.644+0000] {processor.py:914} INFO - Processing file /usr/local/lib/python3.9/dist-packages/airflow/example_dags/plugins/decreasing_priority_weight_strategy.py for tasks to queue
[2025-02-10T15:33:53.646+0000] {logging_mixin.py:190} INFO - [2025-02-10T15:33:53.646+0000] {dagbag.py:588} INFO - Filling up the DagBag from /usr/local/lib/python3.9/dist-packages/airflow/example_dags/plugins/decreasing_priority_weight_strategy.py
[2025-02-10T15:33:53.649+0000] {processor.py:927} WARNING - No viable dags retrieved from /usr/local/lib/python3.9/dist-packages/airflow/example_dags/plugins/decreasing_priority_weight_strategy.py
[2025-02-10T15:33:53.676+0000] {processor.py:208} INFO - Processing /usr/local/lib/python3.9/dist-packages/airflow/example_dags/plugins/decreasing_priority_weight_strategy.py took 0.038 seconds
[2025-02-10T15:35:15.553+0000] {processor.py:186} INFO - Started process (PID=539) to work on /usr/local/lib/python3.9/dist-packages/airflow/example_dags/plugins/decreasing_priority_weight_strategy.py
[2025-02-10T15:35:15.554+0000] {processor.py:914} INFO - Processing file /usr/local/lib/python3.9/dist-packages/airflow/example_dags/plugins/decreasing_priority_weight_strategy.py for tasks to queue
[2025-02-10T15:35:15.556+0000] {logging_mixin.py:190} INFO - [2025-02-10T15:35:15.556+0000] {dagbag.py:588} INFO - Filling up the DagBag from /usr/local/lib/python3.9/dist-packages/airflow/example_dags/plugins/decreasing_priority_weight_strategy.py
[2025-02-10T15:35:15.559+0000] {processor.py:927} WARNING - No viable dags retrieved from /usr/local/lib/python3.9/dist-packages/airflow/example_dags/plugins/decreasing_priority_weight_strategy.py
[2025-02-10T15:35:15.586+0000] {processor.py:208} INFO - Processing /usr/local/lib/python3.9/dist-packages/airflow/example_dags/plugins/decreasing_priority_weight_strategy.py took 0.039 seconds
[2025-02-10T15:36:35.782+0000] {processor.py:186} INFO - Started process (PID=603) to work on /usr/local/lib/python3.9/dist-packages/airflow/example_dags/plugins/decreasing_priority_weight_strategy.py
[2025-02-10T15:36:35.784+0000] {processor.py:914} INFO - Processing file /usr/local/lib/python3.9/dist-packages/airflow/example_dags/plugins/decreasing_priority_weight_strategy.py for tasks to queue
[2025-02-10T15:36:35.787+0000] {logging_mixin.py:190} INFO - [2025-02-10T15:36:35.787+0000] {dagbag.py:588} INFO - Filling up the DagBag from /usr/local/lib/python3.9/dist-packages/airflow/example_dags/plugins/decreasing_priority_weight_strategy.py
[2025-02-10T15:36:35.791+0000] {processor.py:927} WARNING - No viable dags retrieved from /usr/local/lib/python3.9/dist-packages/airflow/example_dags/plugins/decreasing_priority_weight_strategy.py
[2025-02-10T15:36:35.817+0000] {processor.py:208} INFO - Processing /usr/local/lib/python3.9/dist-packages/airflow/example_dags/plugins/decreasing_priority_weight_strategy.py took 0.040 seconds
[2025-02-10T15:37:55.508+0000] {processor.py:186} INFO - Started process (PID=669) to work on /usr/local/lib/python3.9/dist-packages/airflow/example_dags/plugins/decreasing_priority_weight_strategy.py
[2025-02-10T15:37:55.510+0000] {processor.py:914} INFO - Processing file /usr/local/lib/python3.9/dist-packages/airflow/example_dags/plugins/decreasing_priority_weight_strategy.py for tasks to queue
[2025-02-10T15:37:55.513+0000] {logging_mixin.py:190} INFO - [2025-02-10T15:37:55.512+0000] {dagbag.py:588} INFO - Filling up the DagBag from /usr/local/lib/python3.9/dist-packages/airflow/example_dags/plugins/decreasing_priority_weight_strategy.py
[2025-02-10T15:37:55.516+0000] {processor.py:927} WARNING - No viable dags retrieved from /usr/local/lib/python3.9/dist-packages/airflow/example_dags/plugins/decreasing_priority_weight_strategy.py
[2025-02-10T15:37:55.544+0000] {processor.py:208} INFO - Processing /usr/local/lib/python3.9/dist-packages/airflow/example_dags/plugins/decreasing_priority_weight_strategy.py took 0.042 seconds
[2025-02-10T15:39:19.933+0000] {processor.py:186} INFO - Started process (PID=736) to work on /usr/local/lib/python3.9/dist-packages/airflow/example_dags/plugins/decreasing_priority_weight_strategy.py
[2025-02-10T15:39:19.935+0000] {processor.py:914} INFO - Processing file /usr/local/lib/python3.9/dist-packages/airflow/example_dags/plugins/decreasing_priority_weight_strategy.py for tasks to queue
[2025-02-10T15:39:19.938+0000] {logging_mixin.py:190} INFO - [2025-02-10T15:39:19.937+0000] {dagbag.py:588} INFO - Filling up the DagBag from /usr/local/lib/python3.9/dist-packages/airflow/example_dags/plugins/decreasing_priority_weight_strategy.py
[2025-02-10T15:39:19.941+0000] {processor.py:927} WARNING - No viable dags retrieved from /usr/local/lib/python3.9/dist-packages/airflow/example_dags/plugins/decreasing_priority_weight_strategy.py
[2025-02-10T15:39:19.970+0000] {processor.py:208} INFO - Processing /usr/local/lib/python3.9/dist-packages/airflow/example_dags/plugins/decreasing_priority_weight_strategy.py took 0.042 seconds
[2025-02-10T15:40:39.340+0000] {processor.py:186} INFO - Started process (PID=802) to work on /usr/local/lib/python3.9/dist-packages/airflow/example_dags/plugins/decreasing_priority_weight_strategy.py
[2025-02-10T15:40:39.342+0000] {processor.py:914} INFO - Processing file /usr/local/lib/python3.9/dist-packages/airflow/example_dags/plugins/decreasing_priority_weight_strategy.py for tasks to queue
[2025-02-10T15:40:39.345+0000] {logging_mixin.py:190} INFO - [2025-02-10T15:40:39.345+0000] {dagbag.py:588} INFO - Filling up the DagBag from /usr/local/lib/python3.9/dist-packages/airflow/example_dags/plugins/decreasing_priority_weight_strategy.py
[2025-02-10T15:40:39.348+0000] {processor.py:927} WARNING - No viable dags retrieved from /usr/local/lib/python3.9/dist-packages/airflow/example_dags/plugins/decreasing_priority_weight_strategy.py
[2025-02-10T15:40:39.374+0000] {processor.py:208} INFO - Processing /usr/local/lib/python3.9/dist-packages/airflow/example_dags/plugins/decreasing_priority_weight_strategy.py took 0.039 seconds
[2025-02-10T15:41:57.183+0000] {processor.py:186} INFO - Started process (PID=867) to work on /usr/local/lib/python3.9/dist-packages/airflow/example_dags/plugins/decreasing_priority_weight_strategy.py
[2025-02-10T15:41:57.185+0000] {processor.py:914} INFO - Processing file /usr/local/lib/python3.9/dist-packages/airflow/example_dags/plugins/decreasing_priority_weight_strategy.py for tasks to queue
[2025-02-10T15:41:57.187+0000] {logging_mixin.py:190} INFO - [2025-02-10T15:41:57.187+0000] {dagbag.py:588} INFO - Filling up the DagBag from /usr/local/lib/python3.9/dist-packages/airflow/example_dags/plugins/decreasing_priority_weight_strategy.py
[2025-02-10T15:41:57.190+0000] {processor.py:927} WARNING - No viable dags retrieved from /usr/local/lib/python3.9/dist-packages/airflow/example_dags/plugins/decreasing_priority_weight_strategy.py
[2025-02-10T15:41:57.219+0000] {processor.py:208} INFO - Processing /usr/local/lib/python3.9/dist-packages/airflow/example_dags/plugins/decreasing_priority_weight_strategy.py took 0.041 seconds
[2025-02-10T15:43:18.553+0000] {processor.py:186} INFO - Started process (PID=933) to work on /usr/local/lib/python3.9/dist-packages/airflow/example_dags/plugins/decreasing_priority_weight_strategy.py
[2025-02-10T15:43:18.554+0000] {processor.py:914} INFO - Processing file /usr/local/lib/python3.9/dist-packages/airflow/example_dags/plugins/decreasing_priority_weight_strategy.py for tasks to queue
[2025-02-10T15:43:18.557+0000] {logging_mixin.py:190} INFO - [2025-02-10T15:43:18.557+0000] {dagbag.py:588} INFO - Filling up the DagBag from /usr/local/lib/python3.9/dist-packages/airflow/example_dags/plugins/decreasing_priority_weight_strategy.py
[2025-02-10T15:43:18.560+0000] {processor.py:927} WARNING - No viable dags retrieved from /usr/local/lib/python3.9/dist-packages/airflow/example_dags/plugins/decreasing_priority_weight_strategy.py
[2025-02-10T15:43:18.597+0000] {processor.py:208} INFO - Processing /usr/local/lib/python3.9/dist-packages/airflow/example_dags/plugins/decreasing_priority_weight_strategy.py took 0.051 seconds
[2025-02-10T15:44:44.164+0000] {processor.py:186} INFO - Started process (PID=1001) to work on /usr/local/lib/python3.9/dist-packages/airflow/example_dags/plugins/decreasing_priority_weight_strategy.py
[2025-02-10T15:44:44.166+0000] {processor.py:914} INFO - Processing file /usr/local/lib/python3.9/dist-packages/airflow/example_dags/plugins/decreasing_priority_weight_strategy.py for tasks to queue
[2025-02-10T15:44:44.169+0000] {logging_mixin.py:190} INFO - [2025-02-10T15:44:44.168+0000] {dagbag.py:588} INFO - Filling up the DagBag from /usr/local/lib/python3.9/dist-packages/airflow/example_dags/plugins/decreasing_priority_weight_strategy.py
[2025-02-10T15:44:44.171+0000] {processor.py:927} WARNING - No viable dags retrieved from /usr/local/lib/python3.9/dist-packages/airflow/example_dags/plugins/decreasing_priority_weight_strategy.py
[2025-02-10T15:44:44.198+0000] {processor.py:208} INFO - Processing /usr/local/lib/python3.9/dist-packages/airflow/example_dags/plugins/decreasing_priority_weight_strategy.py took 0.040 seconds
[2025-02-10T15:46:07.295+0000] {processor.py:186} INFO - Started process (PID=1068) to work on /usr/local/lib/python3.9/dist-packages/airflow/example_dags/plugins/decreasing_priority_weight_strategy.py
[2025-02-10T15:46:07.296+0000] {processor.py:914} INFO - Processing file /usr/local/lib/python3.9/dist-packages/airflow/example_dags/plugins/decreasing_priority_weight_strategy.py for tasks to queue
[2025-02-10T15:46:07.299+0000] {logging_mixin.py:190} INFO - [2025-02-10T15:46:07.298+0000] {dagbag.py:588} INFO - Filling up the DagBag from /usr/local/lib/python3.9/dist-packages/airflow/example_dags/plugins/decreasing_priority_weight_strategy.py
[2025-02-10T15:46:07.301+0000] {processor.py:927} WARNING - No viable dags retrieved from /usr/local/lib/python3.9/dist-packages/airflow/example_dags/plugins/decreasing_priority_weight_strategy.py
[2025-02-10T15:46:07.329+0000] {processor.py:208} INFO - Processing /usr/local/lib/python3.9/dist-packages/airflow/example_dags/plugins/decreasing_priority_weight_strategy.py took 0.040 seconds
[2025-02-10T15:47:22.508+0000] {processor.py:186} INFO - Started process (PID=1132) to work on /usr/local/lib/python3.9/dist-packages/airflow/example_dags/plugins/decreasing_priority_weight_strategy.py
[2025-02-10T15:47:22.510+0000] {processor.py:914} INFO - Processing file /usr/local/lib/python3.9/dist-packages/airflow/example_dags/plugins/decreasing_priority_weight_strategy.py for tasks to queue
[2025-02-10T15:47:22.513+0000] {logging_mixin.py:190} INFO - [2025-02-10T15:47:22.513+0000] {dagbag.py:588} INFO - Filling up the DagBag from /usr/local/lib/python3.9/dist-packages/airflow/example_dags/plugins/decreasing_priority_weight_strategy.py
[2025-02-10T15:47:22.516+0000] {processor.py:927} WARNING - No viable dags retrieved from /usr/local/lib/python3.9/dist-packages/airflow/example_dags/plugins/decreasing_priority_weight_strategy.py
[2025-02-10T15:47:22.544+0000] {processor.py:208} INFO - Processing /usr/local/lib/python3.9/dist-packages/airflow/example_dags/plugins/decreasing_priority_weight_strategy.py took 0.041 seconds
[2025-02-10T15:48:37.540+0000] {processor.py:186} INFO - Started process (PID=1196) to work on /usr/local/lib/python3.9/dist-packages/airflow/example_dags/plugins/decreasing_priority_weight_strategy.py
[2025-02-10T15:48:37.542+0000] {processor.py:914} INFO - Processing file /usr/local/lib/python3.9/dist-packages/airflow/example_dags/plugins/decreasing_priority_weight_strategy.py for tasks to queue
[2025-02-10T15:48:37.544+0000] {logging_mixin.py:190} INFO - [2025-02-10T15:48:37.544+0000] {dagbag.py:588} INFO - Filling up the DagBag from /usr/local/lib/python3.9/dist-packages/airflow/example_dags/plugins/decreasing_priority_weight_strategy.py
[2025-02-10T15:48:37.547+0000] {processor.py:927} WARNING - No viable dags retrieved from /usr/local/lib/python3.9/dist-packages/airflow/example_dags/plugins/decreasing_priority_weight_strategy.py
[2025-02-10T15:48:37.574+0000] {processor.py:208} INFO - Processing /usr/local/lib/python3.9/dist-packages/airflow/example_dags/plugins/decreasing_priority_weight_strategy.py took 0.040 seconds
[2025-02-10T15:49:49.246+0000] {processor.py:186} INFO - Started process (PID=1257) to work on /usr/local/lib/python3.9/dist-packages/airflow/example_dags/plugins/decreasing_priority_weight_strategy.py
[2025-02-10T15:49:49.247+0000] {processor.py:914} INFO - Processing file /usr/local/lib/python3.9/dist-packages/airflow/example_dags/plugins/decreasing_priority_weight_strategy.py for tasks to queue
[2025-02-10T15:49:49.250+0000] {logging_mixin.py:190} INFO - [2025-02-10T15:49:49.249+0000] {dagbag.py:588} INFO - Filling up the DagBag from /usr/local/lib/python3.9/dist-packages/airflow/example_dags/plugins/decreasing_priority_weight_strategy.py
[2025-02-10T15:49:49.253+0000] {processor.py:927} WARNING - No viable dags retrieved from /usr/local/lib/python3.9/dist-packages/airflow/example_dags/plugins/decreasing_priority_weight_strategy.py
[2025-02-10T15:49:49.282+0000] {processor.py:208} INFO - Processing /usr/local/lib/python3.9/dist-packages/airflow/example_dags/plugins/decreasing_priority_weight_strategy.py took 0.041 seconds
[2025-02-10T15:51:07.061+0000] {processor.py:186} INFO - Started process (PID=1323) to work on /usr/local/lib/python3.9/dist-packages/airflow/example_dags/plugins/decreasing_priority_weight_strategy.py
[2025-02-10T15:51:07.063+0000] {processor.py:914} INFO - Processing file /usr/local/lib/python3.9/dist-packages/airflow/example_dags/plugins/decreasing_priority_weight_strategy.py for tasks to queue
[2025-02-10T15:51:07.066+0000] {logging_mixin.py:190} INFO - [2025-02-10T15:51:07.065+0000] {dagbag.py:588} INFO - Filling up the DagBag from /usr/local/lib/python3.9/dist-packages/airflow/example_dags/plugins/decreasing_priority_weight_strategy.py
[2025-02-10T15:51:07.068+0000] {processor.py:927} WARNING - No viable dags retrieved from /usr/local/lib/python3.9/dist-packages/airflow/example_dags/plugins/decreasing_priority_weight_strategy.py
[2025-02-10T15:51:07.098+0000] {processor.py:208} INFO - Processing /usr/local/lib/python3.9/dist-packages/airflow/example_dags/plugins/decreasing_priority_weight_strategy.py took 0.042 seconds
[2025-02-10T15:52:22.395+0000] {processor.py:186} INFO - Started process (PID=1386) to work on /usr/local/lib/python3.9/dist-packages/airflow/example_dags/plugins/decreasing_priority_weight_strategy.py
[2025-02-10T15:52:22.396+0000] {processor.py:914} INFO - Processing file /usr/local/lib/python3.9/dist-packages/airflow/example_dags/plugins/decreasing_priority_weight_strategy.py for tasks to queue
[2025-02-10T15:52:22.399+0000] {logging_mixin.py:190} INFO - [2025-02-10T15:52:22.399+0000] {dagbag.py:588} INFO - Filling up the DagBag from /usr/local/lib/python3.9/dist-packages/airflow/example_dags/plugins/decreasing_priority_weight_strategy.py
[2025-02-10T15:52:22.403+0000] {processor.py:927} WARNING - No viable dags retrieved from /usr/local/lib/python3.9/dist-packages/airflow/example_dags/plugins/decreasing_priority_weight_strategy.py
[2025-02-10T15:52:22.430+0000] {processor.py:208} INFO - Processing /usr/local/lib/python3.9/dist-packages/airflow/example_dags/plugins/decreasing_priority_weight_strategy.py took 0.041 seconds
[2025-02-10T15:53:40.321+0000] {processor.py:186} INFO - Started process (PID=1450) to work on /usr/local/lib/python3.9/dist-packages/airflow/example_dags/plugins/decreasing_priority_weight_strategy.py
[2025-02-10T15:53:40.322+0000] {processor.py:914} INFO - Processing file /usr/local/lib/python3.9/dist-packages/airflow/example_dags/plugins/decreasing_priority_weight_strategy.py for tasks to queue
[2025-02-10T15:53:40.325+0000] {logging_mixin.py:190} INFO - [2025-02-10T15:53:40.325+0000] {dagbag.py:588} INFO - Filling up the DagBag from /usr/local/lib/python3.9/dist-packages/airflow/example_dags/plugins/decreasing_priority_weight_strategy.py
[2025-02-10T15:53:40.329+0000] {processor.py:927} WARNING - No viable dags retrieved from /usr/local/lib/python3.9/dist-packages/airflow/example_dags/plugins/decreasing_priority_weight_strategy.py
[2025-02-10T15:53:40.358+0000] {processor.py:208} INFO - Processing /usr/local/lib/python3.9/dist-packages/airflow/example_dags/plugins/decreasing_priority_weight_strategy.py took 0.042 seconds
[2025-02-10T15:54:57.997+0000] {processor.py:186} INFO - Started process (PID=1514) to work on /usr/local/lib/python3.9/dist-packages/airflow/example_dags/plugins/decreasing_priority_weight_strategy.py
[2025-02-10T15:54:57.999+0000] {processor.py:914} INFO - Processing file /usr/local/lib/python3.9/dist-packages/airflow/example_dags/plugins/decreasing_priority_weight_strategy.py for tasks to queue
[2025-02-10T15:54:58.002+0000] {logging_mixin.py:190} INFO - [2025-02-10T15:54:58.001+0000] {dagbag.py:588} INFO - Filling up the DagBag from /usr/local/lib/python3.9/dist-packages/airflow/example_dags/plugins/decreasing_priority_weight_strategy.py
[2025-02-10T15:54:58.004+0000] {processor.py:927} WARNING - No viable dags retrieved from /usr/local/lib/python3.9/dist-packages/airflow/example_dags/plugins/decreasing_priority_weight_strategy.py
[2025-02-10T15:54:58.032+0000] {processor.py:208} INFO - Processing /usr/local/lib/python3.9/dist-packages/airflow/example_dags/plugins/decreasing_priority_weight_strategy.py took 0.039 seconds
[2025-02-10T15:56:19.249+0000] {processor.py:186} INFO - Started process (PID=1580) to work on /usr/local/lib/python3.9/dist-packages/airflow/example_dags/plugins/decreasing_priority_weight_strategy.py
[2025-02-10T15:56:19.251+0000] {processor.py:914} INFO - Processing file /usr/local/lib/python3.9/dist-packages/airflow/example_dags/plugins/decreasing_priority_weight_strategy.py for tasks to queue
[2025-02-10T15:56:19.254+0000] {logging_mixin.py:190} INFO - [2025-02-10T15:56:19.254+0000] {dagbag.py:588} INFO - Filling up the DagBag from /usr/local/lib/python3.9/dist-packages/airflow/example_dags/plugins/decreasing_priority_weight_strategy.py
[2025-02-10T15:56:19.257+0000] {processor.py:927} WARNING - No viable dags retrieved from /usr/local/lib/python3.9/dist-packages/airflow/example_dags/plugins/decreasing_priority_weight_strategy.py
[2025-02-10T15:56:19.287+0000] {processor.py:208} INFO - Processing /usr/local/lib/python3.9/dist-packages/airflow/example_dags/plugins/decreasing_priority_weight_strategy.py took 0.043 seconds
[2025-02-10T15:57:36.187+0000] {processor.py:186} INFO - Started process (PID=1645) to work on /usr/local/lib/python3.9/dist-packages/airflow/example_dags/plugins/decreasing_priority_weight_strategy.py
[2025-02-10T15:57:36.188+0000] {processor.py:914} INFO - Processing file /usr/local/lib/python3.9/dist-packages/airflow/example_dags/plugins/decreasing_priority_weight_strategy.py for tasks to queue
[2025-02-10T15:57:36.192+0000] {logging_mixin.py:190} INFO - [2025-02-10T15:57:36.192+0000] {dagbag.py:588} INFO - Filling up the DagBag from /usr/local/lib/python3.9/dist-packages/airflow/example_dags/plugins/decreasing_priority_weight_strategy.py
[2025-02-10T15:57:36.195+0000] {processor.py:927} WARNING - No viable dags retrieved from /usr/local/lib/python3.9/dist-packages/airflow/example_dags/plugins/decreasing_priority_weight_strategy.py
[2025-02-10T15:57:36.224+0000] {processor.py:208} INFO - Processing /usr/local/lib/python3.9/dist-packages/airflow/example_dags/plugins/decreasing_priority_weight_strategy.py took 0.043 seconds
[2025-02-10T15:58:57.935+0000] {processor.py:186} INFO - Started process (PID=1710) to work on /usr/local/lib/python3.9/dist-packages/airflow/example_dags/plugins/decreasing_priority_weight_strategy.py
[2025-02-10T15:58:57.936+0000] {processor.py:914} INFO - Processing file /usr/local/lib/python3.9/dist-packages/airflow/example_dags/plugins/decreasing_priority_weight_strategy.py for tasks to queue
[2025-02-10T15:58:57.940+0000] {logging_mixin.py:190} INFO - [2025-02-10T15:58:57.940+0000] {dagbag.py:588} INFO - Filling up the DagBag from /usr/local/lib/python3.9/dist-packages/airflow/example_dags/plugins/decreasing_priority_weight_strategy.py
[2025-02-10T15:58:57.944+0000] {processor.py:927} WARNING - No viable dags retrieved from /usr/local/lib/python3.9/dist-packages/airflow/example_dags/plugins/decreasing_priority_weight_strategy.py
[2025-02-10T15:58:57.972+0000] {processor.py:208} INFO - Processing /usr/local/lib/python3.9/dist-packages/airflow/example_dags/plugins/decreasing_priority_weight_strategy.py took 0.045 seconds
[2025-02-10T16:00:15.162+0000] {processor.py:186} INFO - Started process (PID=1775) to work on /usr/local/lib/python3.9/dist-packages/airflow/example_dags/plugins/decreasing_priority_weight_strategy.py
[2025-02-10T16:00:15.164+0000] {processor.py:914} INFO - Processing file /usr/local/lib/python3.9/dist-packages/airflow/example_dags/plugins/decreasing_priority_weight_strategy.py for tasks to queue
[2025-02-10T16:00:15.167+0000] {logging_mixin.py:190} INFO - [2025-02-10T16:00:15.167+0000] {dagbag.py:588} INFO - Filling up the DagBag from /usr/local/lib/python3.9/dist-packages/airflow/example_dags/plugins/decreasing_priority_weight_strategy.py
[2025-02-10T16:00:15.168+0000] {processor.py:927} WARNING - No viable dags retrieved from /usr/local/lib/python3.9/dist-packages/airflow/example_dags/plugins/decreasing_priority_weight_strategy.py
[2025-02-10T16:00:15.195+0000] {processor.py:208} INFO - Processing /usr/local/lib/python3.9/dist-packages/airflow/example_dags/plugins/decreasing_priority_weight_strategy.py took 0.040 seconds
[2025-02-10T16:01:34.316+0000] {processor.py:186} INFO - Started process (PID=1841) to work on /usr/local/lib/python3.9/dist-packages/airflow/example_dags/plugins/decreasing_priority_weight_strategy.py
[2025-02-10T16:01:34.318+0000] {processor.py:914} INFO - Processing file /usr/local/lib/python3.9/dist-packages/airflow/example_dags/plugins/decreasing_priority_weight_strategy.py for tasks to queue
[2025-02-10T16:01:34.321+0000] {logging_mixin.py:190} INFO - [2025-02-10T16:01:34.321+0000] {dagbag.py:588} INFO - Filling up the DagBag from /usr/local/lib/python3.9/dist-packages/airflow/example_dags/plugins/decreasing_priority_weight_strategy.py
[2025-02-10T16:01:34.324+0000] {processor.py:927} WARNING - No viable dags retrieved from /usr/local/lib/python3.9/dist-packages/airflow/example_dags/plugins/decreasing_priority_weight_strategy.py
[2025-02-10T16:01:34.349+0000] {processor.py:208} INFO - Processing /usr/local/lib/python3.9/dist-packages/airflow/example_dags/plugins/decreasing_priority_weight_strategy.py took 0.039 seconds
[2025-02-10T16:04:19.116+0000] {processor.py:186} INFO - Started process (PID=82) to work on /usr/local/lib/python3.9/dist-packages/airflow/example_dags/plugins/decreasing_priority_weight_strategy.py
[2025-02-10T16:04:19.118+0000] {processor.py:914} INFO - Processing file /usr/local/lib/python3.9/dist-packages/airflow/example_dags/plugins/decreasing_priority_weight_strategy.py for tasks to queue
[2025-02-10T16:04:19.121+0000] {logging_mixin.py:190} INFO - [2025-02-10T16:04:19.120+0000] {dagbag.py:588} INFO - Filling up the DagBag from /usr/local/lib/python3.9/dist-packages/airflow/example_dags/plugins/decreasing_priority_weight_strategy.py
[2025-02-10T16:04:19.124+0000] {processor.py:927} WARNING - No viable dags retrieved from /usr/local/lib/python3.9/dist-packages/airflow/example_dags/plugins/decreasing_priority_weight_strategy.py
[2025-02-10T16:04:19.153+0000] {processor.py:208} INFO - Processing /usr/local/lib/python3.9/dist-packages/airflow/example_dags/plugins/decreasing_priority_weight_strategy.py took 0.042 seconds
[2025-02-10T16:05:35.430+0000] {processor.py:186} INFO - Started process (PID=147) to work on /usr/local/lib/python3.9/dist-packages/airflow/example_dags/plugins/decreasing_priority_weight_strategy.py
[2025-02-10T16:05:35.432+0000] {processor.py:914} INFO - Processing file /usr/local/lib/python3.9/dist-packages/airflow/example_dags/plugins/decreasing_priority_weight_strategy.py for tasks to queue
[2025-02-10T16:05:35.435+0000] {logging_mixin.py:190} INFO - [2025-02-10T16:05:35.434+0000] {dagbag.py:588} INFO - Filling up the DagBag from /usr/local/lib/python3.9/dist-packages/airflow/example_dags/plugins/decreasing_priority_weight_strategy.py
[2025-02-10T16:05:35.438+0000] {processor.py:927} WARNING - No viable dags retrieved from /usr/local/lib/python3.9/dist-packages/airflow/example_dags/plugins/decreasing_priority_weight_strategy.py
[2025-02-10T16:05:35.467+0000] {processor.py:208} INFO - Processing /usr/local/lib/python3.9/dist-packages/airflow/example_dags/plugins/decreasing_priority_weight_strategy.py took 0.042 seconds
[2025-02-10T16:06:51.198+0000] {processor.py:186} INFO - Started process (PID=210) to work on /usr/local/lib/python3.9/dist-packages/airflow/example_dags/plugins/decreasing_priority_weight_strategy.py
[2025-02-10T16:06:51.200+0000] {processor.py:914} INFO - Processing file /usr/local/lib/python3.9/dist-packages/airflow/example_dags/plugins/decreasing_priority_weight_strategy.py for tasks to queue
[2025-02-10T16:06:51.203+0000] {logging_mixin.py:190} INFO - [2025-02-10T16:06:51.203+0000] {dagbag.py:588} INFO - Filling up the DagBag from /usr/local/lib/python3.9/dist-packages/airflow/example_dags/plugins/decreasing_priority_weight_strategy.py
[2025-02-10T16:06:51.206+0000] {processor.py:927} WARNING - No viable dags retrieved from /usr/local/lib/python3.9/dist-packages/airflow/example_dags/plugins/decreasing_priority_weight_strategy.py
[2025-02-10T16:06:51.232+0000] {processor.py:208} INFO - Processing /usr/local/lib/python3.9/dist-packages/airflow/example_dags/plugins/decreasing_priority_weight_strategy.py took 0.039 seconds
[2025-02-10T16:08:08.929+0000] {processor.py:186} INFO - Started process (PID=274) to work on /usr/local/lib/python3.9/dist-packages/airflow/example_dags/plugins/decreasing_priority_weight_strategy.py
[2025-02-10T16:08:08.931+0000] {processor.py:914} INFO - Processing file /usr/local/lib/python3.9/dist-packages/airflow/example_dags/plugins/decreasing_priority_weight_strategy.py for tasks to queue
[2025-02-10T16:08:08.934+0000] {logging_mixin.py:190} INFO - [2025-02-10T16:08:08.933+0000] {dagbag.py:588} INFO - Filling up the DagBag from /usr/local/lib/python3.9/dist-packages/airflow/example_dags/plugins/decreasing_priority_weight_strategy.py
[2025-02-10T16:08:08.938+0000] {processor.py:927} WARNING - No viable dags retrieved from /usr/local/lib/python3.9/dist-packages/airflow/example_dags/plugins/decreasing_priority_weight_strategy.py
[2025-02-10T16:08:08.970+0000] {processor.py:208} INFO - Processing /usr/local/lib/python3.9/dist-packages/airflow/example_dags/plugins/decreasing_priority_weight_strategy.py took 0.048 seconds
[2025-02-10T16:09:28.620+0000] {processor.py:186} INFO - Started process (PID=339) to work on /usr/local/lib/python3.9/dist-packages/airflow/example_dags/plugins/decreasing_priority_weight_strategy.py
[2025-02-10T16:09:28.621+0000] {processor.py:914} INFO - Processing file /usr/local/lib/python3.9/dist-packages/airflow/example_dags/plugins/decreasing_priority_weight_strategy.py for tasks to queue
[2025-02-10T16:09:28.624+0000] {logging_mixin.py:190} INFO - [2025-02-10T16:09:28.623+0000] {dagbag.py:588} INFO - Filling up the DagBag from /usr/local/lib/python3.9/dist-packages/airflow/example_dags/plugins/decreasing_priority_weight_strategy.py
[2025-02-10T16:09:28.627+0000] {processor.py:927} WARNING - No viable dags retrieved from /usr/local/lib/python3.9/dist-packages/airflow/example_dags/plugins/decreasing_priority_weight_strategy.py
[2025-02-10T16:09:28.655+0000] {processor.py:208} INFO - Processing /usr/local/lib/python3.9/dist-packages/airflow/example_dags/plugins/decreasing_priority_weight_strategy.py took 0.041 seconds
[2025-02-10T16:10:44.989+0000] {processor.py:186} INFO - Started process (PID=403) to work on /usr/local/lib/python3.9/dist-packages/airflow/example_dags/plugins/decreasing_priority_weight_strategy.py
[2025-02-10T16:10:44.991+0000] {processor.py:914} INFO - Processing file /usr/local/lib/python3.9/dist-packages/airflow/example_dags/plugins/decreasing_priority_weight_strategy.py for tasks to queue
[2025-02-10T16:10:44.993+0000] {logging_mixin.py:190} INFO - [2025-02-10T16:10:44.993+0000] {dagbag.py:588} INFO - Filling up the DagBag from /usr/local/lib/python3.9/dist-packages/airflow/example_dags/plugins/decreasing_priority_weight_strategy.py
[2025-02-10T16:10:44.996+0000] {processor.py:927} WARNING - No viable dags retrieved from /usr/local/lib/python3.9/dist-packages/airflow/example_dags/plugins/decreasing_priority_weight_strategy.py
[2025-02-10T16:10:45.024+0000] {processor.py:208} INFO - Processing /usr/local/lib/python3.9/dist-packages/airflow/example_dags/plugins/decreasing_priority_weight_strategy.py took 0.040 seconds
[2025-02-10T16:12:00.747+0000] {processor.py:186} INFO - Started process (PID=467) to work on /usr/local/lib/python3.9/dist-packages/airflow/example_dags/plugins/decreasing_priority_weight_strategy.py
[2025-02-10T16:12:00.749+0000] {processor.py:914} INFO - Processing file /usr/local/lib/python3.9/dist-packages/airflow/example_dags/plugins/decreasing_priority_weight_strategy.py for tasks to queue
[2025-02-10T16:12:00.752+0000] {logging_mixin.py:190} INFO - [2025-02-10T16:12:00.751+0000] {dagbag.py:588} INFO - Filling up the DagBag from /usr/local/lib/python3.9/dist-packages/airflow/example_dags/plugins/decreasing_priority_weight_strategy.py
[2025-02-10T16:12:00.754+0000] {processor.py:927} WARNING - No viable dags retrieved from /usr/local/lib/python3.9/dist-packages/airflow/example_dags/plugins/decreasing_priority_weight_strategy.py
[2025-02-10T16:12:00.783+0000] {processor.py:208} INFO - Processing /usr/local/lib/python3.9/dist-packages/airflow/example_dags/plugins/decreasing_priority_weight_strategy.py took 0.041 seconds
[2025-02-10T16:13:14.634+0000] {processor.py:186} INFO - Started process (PID=531) to work on /usr/local/lib/python3.9/dist-packages/airflow/example_dags/plugins/decreasing_priority_weight_strategy.py
[2025-02-10T16:13:14.636+0000] {processor.py:914} INFO - Processing file /usr/local/lib/python3.9/dist-packages/airflow/example_dags/plugins/decreasing_priority_weight_strategy.py for tasks to queue
[2025-02-10T16:13:14.638+0000] {logging_mixin.py:190} INFO - [2025-02-10T16:13:14.638+0000] {dagbag.py:588} INFO - Filling up the DagBag from /usr/local/lib/python3.9/dist-packages/airflow/example_dags/plugins/decreasing_priority_weight_strategy.py
[2025-02-10T16:13:14.641+0000] {processor.py:927} WARNING - No viable dags retrieved from /usr/local/lib/python3.9/dist-packages/airflow/example_dags/plugins/decreasing_priority_weight_strategy.py
[2025-02-10T16:13:14.665+0000] {processor.py:208} INFO - Processing /usr/local/lib/python3.9/dist-packages/airflow/example_dags/plugins/decreasing_priority_weight_strategy.py took 0.036 seconds
[2025-02-10T16:14:27.018+0000] {processor.py:186} INFO - Started process (PID=593) to work on /usr/local/lib/python3.9/dist-packages/airflow/example_dags/plugins/decreasing_priority_weight_strategy.py
[2025-02-10T16:14:27.020+0000] {processor.py:914} INFO - Processing file /usr/local/lib/python3.9/dist-packages/airflow/example_dags/plugins/decreasing_priority_weight_strategy.py for tasks to queue
[2025-02-10T16:14:27.023+0000] {logging_mixin.py:190} INFO - [2025-02-10T16:14:27.022+0000] {dagbag.py:588} INFO - Filling up the DagBag from /usr/local/lib/python3.9/dist-packages/airflow/example_dags/plugins/decreasing_priority_weight_strategy.py
[2025-02-10T16:14:27.026+0000] {processor.py:927} WARNING - No viable dags retrieved from /usr/local/lib/python3.9/dist-packages/airflow/example_dags/plugins/decreasing_priority_weight_strategy.py
[2025-02-10T16:14:27.055+0000] {processor.py:208} INFO - Processing /usr/local/lib/python3.9/dist-packages/airflow/example_dags/plugins/decreasing_priority_weight_strategy.py took 0.042 seconds
[2025-02-10T16:15:45.424+0000] {processor.py:186} INFO - Started process (PID=657) to work on /usr/local/lib/python3.9/dist-packages/airflow/example_dags/plugins/decreasing_priority_weight_strategy.py
[2025-02-10T16:15:45.426+0000] {processor.py:914} INFO - Processing file /usr/local/lib/python3.9/dist-packages/airflow/example_dags/plugins/decreasing_priority_weight_strategy.py for tasks to queue
[2025-02-10T16:15:45.429+0000] {logging_mixin.py:190} INFO - [2025-02-10T16:15:45.428+0000] {dagbag.py:588} INFO - Filling up the DagBag from /usr/local/lib/python3.9/dist-packages/airflow/example_dags/plugins/decreasing_priority_weight_strategy.py
[2025-02-10T16:15:45.432+0000] {processor.py:927} WARNING - No viable dags retrieved from /usr/local/lib/python3.9/dist-packages/airflow/example_dags/plugins/decreasing_priority_weight_strategy.py
[2025-02-10T16:15:45.461+0000] {processor.py:208} INFO - Processing /usr/local/lib/python3.9/dist-packages/airflow/example_dags/plugins/decreasing_priority_weight_strategy.py took 0.042 seconds
[2025-02-10T16:17:06.624+0000] {processor.py:186} INFO - Started process (PID=724) to work on /usr/local/lib/python3.9/dist-packages/airflow/example_dags/plugins/decreasing_priority_weight_strategy.py
[2025-02-10T16:17:06.625+0000] {processor.py:914} INFO - Processing file /usr/local/lib/python3.9/dist-packages/airflow/example_dags/plugins/decreasing_priority_weight_strategy.py for tasks to queue
[2025-02-10T16:17:06.628+0000] {logging_mixin.py:190} INFO - [2025-02-10T16:17:06.627+0000] {dagbag.py:588} INFO - Filling up the DagBag from /usr/local/lib/python3.9/dist-packages/airflow/example_dags/plugins/decreasing_priority_weight_strategy.py
[2025-02-10T16:17:06.631+0000] {processor.py:927} WARNING - No viable dags retrieved from /usr/local/lib/python3.9/dist-packages/airflow/example_dags/plugins/decreasing_priority_weight_strategy.py
[2025-02-10T16:17:06.661+0000] {processor.py:208} INFO - Processing /usr/local/lib/python3.9/dist-packages/airflow/example_dags/plugins/decreasing_priority_weight_strategy.py took 0.042 seconds
[2025-02-10T16:18:17.509+0000] {processor.py:186} INFO - Started process (PID=787) to work on /usr/local/lib/python3.9/dist-packages/airflow/example_dags/plugins/decreasing_priority_weight_strategy.py
[2025-02-10T16:18:17.510+0000] {processor.py:914} INFO - Processing file /usr/local/lib/python3.9/dist-packages/airflow/example_dags/plugins/decreasing_priority_weight_strategy.py for tasks to queue
[2025-02-10T16:18:17.513+0000] {logging_mixin.py:190} INFO - [2025-02-10T16:18:17.513+0000] {dagbag.py:588} INFO - Filling up the DagBag from /usr/local/lib/python3.9/dist-packages/airflow/example_dags/plugins/decreasing_priority_weight_strategy.py
[2025-02-10T16:18:17.516+0000] {processor.py:927} WARNING - No viable dags retrieved from /usr/local/lib/python3.9/dist-packages/airflow/example_dags/plugins/decreasing_priority_weight_strategy.py
[2025-02-10T16:18:17.546+0000] {processor.py:208} INFO - Processing /usr/local/lib/python3.9/dist-packages/airflow/example_dags/plugins/decreasing_priority_weight_strategy.py took 0.043 seconds
[2025-02-10T16:19:37.828+0000] {processor.py:186} INFO - Started process (PID=852) to work on /usr/local/lib/python3.9/dist-packages/airflow/example_dags/plugins/decreasing_priority_weight_strategy.py
[2025-02-10T16:19:37.831+0000] {processor.py:914} INFO - Processing file /usr/local/lib/python3.9/dist-packages/airflow/example_dags/plugins/decreasing_priority_weight_strategy.py for tasks to queue
[2025-02-10T16:19:37.834+0000] {logging_mixin.py:190} INFO - [2025-02-10T16:19:37.834+0000] {dagbag.py:588} INFO - Filling up the DagBag from /usr/local/lib/python3.9/dist-packages/airflow/example_dags/plugins/decreasing_priority_weight_strategy.py
[2025-02-10T16:19:37.839+0000] {processor.py:927} WARNING - No viable dags retrieved from /usr/local/lib/python3.9/dist-packages/airflow/example_dags/plugins/decreasing_priority_weight_strategy.py
[2025-02-10T16:19:37.880+0000] {processor.py:208} INFO - Processing /usr/local/lib/python3.9/dist-packages/airflow/example_dags/plugins/decreasing_priority_weight_strategy.py took 0.063 seconds
[2025-02-10T16:20:56.188+0000] {processor.py:186} INFO - Started process (PID=916) to work on /usr/local/lib/python3.9/dist-packages/airflow/example_dags/plugins/decreasing_priority_weight_strategy.py
[2025-02-10T16:20:56.190+0000] {processor.py:914} INFO - Processing file /usr/local/lib/python3.9/dist-packages/airflow/example_dags/plugins/decreasing_priority_weight_strategy.py for tasks to queue
[2025-02-10T16:20:56.193+0000] {logging_mixin.py:190} INFO - [2025-02-10T16:20:56.193+0000] {dagbag.py:588} INFO - Filling up the DagBag from /usr/local/lib/python3.9/dist-packages/airflow/example_dags/plugins/decreasing_priority_weight_strategy.py
[2025-02-10T16:20:56.197+0000] {processor.py:927} WARNING - No viable dags retrieved from /usr/local/lib/python3.9/dist-packages/airflow/example_dags/plugins/decreasing_priority_weight_strategy.py
[2025-02-10T16:20:56.226+0000] {processor.py:208} INFO - Processing /usr/local/lib/python3.9/dist-packages/airflow/example_dags/plugins/decreasing_priority_weight_strategy.py took 0.043 seconds
[2025-02-10T16:22:17.028+0000] {processor.py:186} INFO - Started process (PID=986) to work on /usr/local/lib/python3.9/dist-packages/airflow/example_dags/plugins/decreasing_priority_weight_strategy.py
[2025-02-10T16:22:17.030+0000] {processor.py:914} INFO - Processing file /usr/local/lib/python3.9/dist-packages/airflow/example_dags/plugins/decreasing_priority_weight_strategy.py for tasks to queue
[2025-02-10T16:22:17.032+0000] {logging_mixin.py:190} INFO - [2025-02-10T16:22:17.032+0000] {dagbag.py:588} INFO - Filling up the DagBag from /usr/local/lib/python3.9/dist-packages/airflow/example_dags/plugins/decreasing_priority_weight_strategy.py
[2025-02-10T16:22:17.035+0000] {processor.py:927} WARNING - No viable dags retrieved from /usr/local/lib/python3.9/dist-packages/airflow/example_dags/plugins/decreasing_priority_weight_strategy.py
[2025-02-10T16:22:17.062+0000] {processor.py:208} INFO - Processing /usr/local/lib/python3.9/dist-packages/airflow/example_dags/plugins/decreasing_priority_weight_strategy.py took 0.039 seconds
[2025-02-10T16:23:35.075+0000] {processor.py:186} INFO - Started process (PID=1051) to work on /usr/local/lib/python3.9/dist-packages/airflow/example_dags/plugins/decreasing_priority_weight_strategy.py
[2025-02-10T16:23:35.077+0000] {processor.py:914} INFO - Processing file /usr/local/lib/python3.9/dist-packages/airflow/example_dags/plugins/decreasing_priority_weight_strategy.py for tasks to queue
[2025-02-10T16:23:35.080+0000] {logging_mixin.py:190} INFO - [2025-02-10T16:23:35.079+0000] {dagbag.py:588} INFO - Filling up the DagBag from /usr/local/lib/python3.9/dist-packages/airflow/example_dags/plugins/decreasing_priority_weight_strategy.py
[2025-02-10T16:23:35.082+0000] {processor.py:927} WARNING - No viable dags retrieved from /usr/local/lib/python3.9/dist-packages/airflow/example_dags/plugins/decreasing_priority_weight_strategy.py
[2025-02-10T16:23:35.110+0000] {processor.py:208} INFO - Processing /usr/local/lib/python3.9/dist-packages/airflow/example_dags/plugins/decreasing_priority_weight_strategy.py took 0.040 seconds
[2025-02-10T16:24:53.401+0000] {processor.py:186} INFO - Started process (PID=1115) to work on /usr/local/lib/python3.9/dist-packages/airflow/example_dags/plugins/decreasing_priority_weight_strategy.py
[2025-02-10T16:24:53.402+0000] {processor.py:914} INFO - Processing file /usr/local/lib/python3.9/dist-packages/airflow/example_dags/plugins/decreasing_priority_weight_strategy.py for tasks to queue
[2025-02-10T16:24:53.405+0000] {logging_mixin.py:190} INFO - [2025-02-10T16:24:53.405+0000] {dagbag.py:588} INFO - Filling up the DagBag from /usr/local/lib/python3.9/dist-packages/airflow/example_dags/plugins/decreasing_priority_weight_strategy.py
[2025-02-10T16:24:53.408+0000] {processor.py:927} WARNING - No viable dags retrieved from /usr/local/lib/python3.9/dist-packages/airflow/example_dags/plugins/decreasing_priority_weight_strategy.py
[2025-02-10T16:24:53.438+0000] {processor.py:208} INFO - Processing /usr/local/lib/python3.9/dist-packages/airflow/example_dags/plugins/decreasing_priority_weight_strategy.py took 0.042 seconds
[2025-02-10T16:26:17.286+0000] {processor.py:186} INFO - Started process (PID=1183) to work on /usr/local/lib/python3.9/dist-packages/airflow/example_dags/plugins/decreasing_priority_weight_strategy.py
[2025-02-10T16:26:17.287+0000] {processor.py:914} INFO - Processing file /usr/local/lib/python3.9/dist-packages/airflow/example_dags/plugins/decreasing_priority_weight_strategy.py for tasks to queue
[2025-02-10T16:26:17.291+0000] {logging_mixin.py:190} INFO - [2025-02-10T16:26:17.290+0000] {dagbag.py:588} INFO - Filling up the DagBag from /usr/local/lib/python3.9/dist-packages/airflow/example_dags/plugins/decreasing_priority_weight_strategy.py
[2025-02-10T16:26:17.294+0000] {processor.py:927} WARNING - No viable dags retrieved from /usr/local/lib/python3.9/dist-packages/airflow/example_dags/plugins/decreasing_priority_weight_strategy.py
[2025-02-10T16:26:17.324+0000] {processor.py:208} INFO - Processing /usr/local/lib/python3.9/dist-packages/airflow/example_dags/plugins/decreasing_priority_weight_strategy.py took 0.043 seconds
[2025-02-10T16:27:37.250+0000] {processor.py:186} INFO - Started process (PID=1249) to work on /usr/local/lib/python3.9/dist-packages/airflow/example_dags/plugins/decreasing_priority_weight_strategy.py
[2025-02-10T16:27:37.252+0000] {processor.py:914} INFO - Processing file /usr/local/lib/python3.9/dist-packages/airflow/example_dags/plugins/decreasing_priority_weight_strategy.py for tasks to queue
[2025-02-10T16:27:37.254+0000] {logging_mixin.py:190} INFO - [2025-02-10T16:27:37.254+0000] {dagbag.py:588} INFO - Filling up the DagBag from /usr/local/lib/python3.9/dist-packages/airflow/example_dags/plugins/decreasing_priority_weight_strategy.py
[2025-02-10T16:27:37.257+0000] {processor.py:927} WARNING - No viable dags retrieved from /usr/local/lib/python3.9/dist-packages/airflow/example_dags/plugins/decreasing_priority_weight_strategy.py
[2025-02-10T16:27:37.287+0000] {processor.py:208} INFO - Processing /usr/local/lib/python3.9/dist-packages/airflow/example_dags/plugins/decreasing_priority_weight_strategy.py took 0.042 seconds
[2025-02-10T16:28:53.960+0000] {processor.py:186} INFO - Started process (PID=1313) to work on /usr/local/lib/python3.9/dist-packages/airflow/example_dags/plugins/decreasing_priority_weight_strategy.py
[2025-02-10T16:28:53.962+0000] {processor.py:914} INFO - Processing file /usr/local/lib/python3.9/dist-packages/airflow/example_dags/plugins/decreasing_priority_weight_strategy.py for tasks to queue
[2025-02-10T16:28:53.965+0000] {logging_mixin.py:190} INFO - [2025-02-10T16:28:53.964+0000] {dagbag.py:588} INFO - Filling up the DagBag from /usr/local/lib/python3.9/dist-packages/airflow/example_dags/plugins/decreasing_priority_weight_strategy.py
[2025-02-10T16:28:53.968+0000] {processor.py:927} WARNING - No viable dags retrieved from /usr/local/lib/python3.9/dist-packages/airflow/example_dags/plugins/decreasing_priority_weight_strategy.py
[2025-02-10T16:28:53.997+0000] {processor.py:208} INFO - Processing /usr/local/lib/python3.9/dist-packages/airflow/example_dags/plugins/decreasing_priority_weight_strategy.py took 0.042 seconds
[2025-02-10T16:30:11.905+0000] {processor.py:186} INFO - Started process (PID=1378) to work on /usr/local/lib/python3.9/dist-packages/airflow/example_dags/plugins/decreasing_priority_weight_strategy.py
[2025-02-10T16:30:11.906+0000] {processor.py:914} INFO - Processing file /usr/local/lib/python3.9/dist-packages/airflow/example_dags/plugins/decreasing_priority_weight_strategy.py for tasks to queue
[2025-02-10T16:30:11.909+0000] {logging_mixin.py:190} INFO - [2025-02-10T16:30:11.908+0000] {dagbag.py:588} INFO - Filling up the DagBag from /usr/local/lib/python3.9/dist-packages/airflow/example_dags/plugins/decreasing_priority_weight_strategy.py
[2025-02-10T16:30:11.912+0000] {processor.py:927} WARNING - No viable dags retrieved from /usr/local/lib/python3.9/dist-packages/airflow/example_dags/plugins/decreasing_priority_weight_strategy.py
[2025-02-10T16:30:11.941+0000] {processor.py:208} INFO - Processing /usr/local/lib/python3.9/dist-packages/airflow/example_dags/plugins/decreasing_priority_weight_strategy.py took 0.042 seconds
[2025-02-10T16:31:26.084+0000] {processor.py:186} INFO - Started process (PID=1441) to work on /usr/local/lib/python3.9/dist-packages/airflow/example_dags/plugins/decreasing_priority_weight_strategy.py
[2025-02-10T16:31:26.086+0000] {processor.py:914} INFO - Processing file /usr/local/lib/python3.9/dist-packages/airflow/example_dags/plugins/decreasing_priority_weight_strategy.py for tasks to queue
[2025-02-10T16:31:26.088+0000] {logging_mixin.py:190} INFO - [2025-02-10T16:31:26.088+0000] {dagbag.py:588} INFO - Filling up the DagBag from /usr/local/lib/python3.9/dist-packages/airflow/example_dags/plugins/decreasing_priority_weight_strategy.py
[2025-02-10T16:31:26.091+0000] {processor.py:927} WARNING - No viable dags retrieved from /usr/local/lib/python3.9/dist-packages/airflow/example_dags/plugins/decreasing_priority_weight_strategy.py
[2025-02-10T16:31:26.120+0000] {processor.py:208} INFO - Processing /usr/local/lib/python3.9/dist-packages/airflow/example_dags/plugins/decreasing_priority_weight_strategy.py took 0.041 seconds
[2025-02-10T16:32:44.905+0000] {processor.py:186} INFO - Started process (PID=1505) to work on /usr/local/lib/python3.9/dist-packages/airflow/example_dags/plugins/decreasing_priority_weight_strategy.py
[2025-02-10T16:32:44.907+0000] {processor.py:914} INFO - Processing file /usr/local/lib/python3.9/dist-packages/airflow/example_dags/plugins/decreasing_priority_weight_strategy.py for tasks to queue
[2025-02-10T16:32:44.909+0000] {logging_mixin.py:190} INFO - [2025-02-10T16:32:44.909+0000] {dagbag.py:588} INFO - Filling up the DagBag from /usr/local/lib/python3.9/dist-packages/airflow/example_dags/plugins/decreasing_priority_weight_strategy.py
[2025-02-10T16:32:44.912+0000] {processor.py:927} WARNING - No viable dags retrieved from /usr/local/lib/python3.9/dist-packages/airflow/example_dags/plugins/decreasing_priority_weight_strategy.py
[2025-02-10T16:32:44.940+0000] {processor.py:208} INFO - Processing /usr/local/lib/python3.9/dist-packages/airflow/example_dags/plugins/decreasing_priority_weight_strategy.py took 0.040 seconds
[2025-02-10T16:33:59.496+0000] {processor.py:186} INFO - Started process (PID=1569) to work on /usr/local/lib/python3.9/dist-packages/airflow/example_dags/plugins/decreasing_priority_weight_strategy.py
[2025-02-10T16:33:59.498+0000] {processor.py:914} INFO - Processing file /usr/local/lib/python3.9/dist-packages/airflow/example_dags/plugins/decreasing_priority_weight_strategy.py for tasks to queue
[2025-02-10T16:33:59.501+0000] {logging_mixin.py:190} INFO - [2025-02-10T16:33:59.501+0000] {dagbag.py:588} INFO - Filling up the DagBag from /usr/local/lib/python3.9/dist-packages/airflow/example_dags/plugins/decreasing_priority_weight_strategy.py
[2025-02-10T16:33:59.504+0000] {processor.py:927} WARNING - No viable dags retrieved from /usr/local/lib/python3.9/dist-packages/airflow/example_dags/plugins/decreasing_priority_weight_strategy.py
[2025-02-10T16:33:59.532+0000] {processor.py:208} INFO - Processing /usr/local/lib/python3.9/dist-packages/airflow/example_dags/plugins/decreasing_priority_weight_strategy.py took 0.042 seconds
[2025-02-10T16:35:13.962+0000] {processor.py:186} INFO - Started process (PID=1632) to work on /usr/local/lib/python3.9/dist-packages/airflow/example_dags/plugins/decreasing_priority_weight_strategy.py
[2025-02-10T16:35:13.964+0000] {processor.py:914} INFO - Processing file /usr/local/lib/python3.9/dist-packages/airflow/example_dags/plugins/decreasing_priority_weight_strategy.py for tasks to queue
[2025-02-10T16:35:13.968+0000] {logging_mixin.py:190} INFO - [2025-02-10T16:35:13.967+0000] {dagbag.py:588} INFO - Filling up the DagBag from /usr/local/lib/python3.9/dist-packages/airflow/example_dags/plugins/decreasing_priority_weight_strategy.py
[2025-02-10T16:35:13.971+0000] {processor.py:927} WARNING - No viable dags retrieved from /usr/local/lib/python3.9/dist-packages/airflow/example_dags/plugins/decreasing_priority_weight_strategy.py
[2025-02-10T16:35:13.997+0000] {processor.py:208} INFO - Processing /usr/local/lib/python3.9/dist-packages/airflow/example_dags/plugins/decreasing_priority_weight_strategy.py took 0.040 seconds
[2025-02-10T16:36:31.493+0000] {processor.py:186} INFO - Started process (PID=1696) to work on /usr/local/lib/python3.9/dist-packages/airflow/example_dags/plugins/decreasing_priority_weight_strategy.py
[2025-02-10T16:36:31.494+0000] {processor.py:914} INFO - Processing file /usr/local/lib/python3.9/dist-packages/airflow/example_dags/plugins/decreasing_priority_weight_strategy.py for tasks to queue
[2025-02-10T16:36:31.496+0000] {logging_mixin.py:190} INFO - [2025-02-10T16:36:31.496+0000] {dagbag.py:588} INFO - Filling up the DagBag from /usr/local/lib/python3.9/dist-packages/airflow/example_dags/plugins/decreasing_priority_weight_strategy.py
[2025-02-10T16:36:31.499+0000] {processor.py:927} WARNING - No viable dags retrieved from /usr/local/lib/python3.9/dist-packages/airflow/example_dags/plugins/decreasing_priority_weight_strategy.py
[2025-02-10T16:36:31.529+0000] {processor.py:208} INFO - Processing /usr/local/lib/python3.9/dist-packages/airflow/example_dags/plugins/decreasing_priority_weight_strategy.py took 0.041 seconds
[2025-02-10T16:37:54.289+0000] {processor.py:186} INFO - Started process (PID=1762) to work on /usr/local/lib/python3.9/dist-packages/airflow/example_dags/plugins/decreasing_priority_weight_strategy.py
[2025-02-10T16:37:54.291+0000] {processor.py:914} INFO - Processing file /usr/local/lib/python3.9/dist-packages/airflow/example_dags/plugins/decreasing_priority_weight_strategy.py for tasks to queue
[2025-02-10T16:37:54.294+0000] {logging_mixin.py:190} INFO - [2025-02-10T16:37:54.293+0000] {dagbag.py:588} INFO - Filling up the DagBag from /usr/local/lib/python3.9/dist-packages/airflow/example_dags/plugins/decreasing_priority_weight_strategy.py
[2025-02-10T16:37:54.298+0000] {processor.py:927} WARNING - No viable dags retrieved from /usr/local/lib/python3.9/dist-packages/airflow/example_dags/plugins/decreasing_priority_weight_strategy.py
[2025-02-10T16:37:54.328+0000] {processor.py:208} INFO - Processing /usr/local/lib/python3.9/dist-packages/airflow/example_dags/plugins/decreasing_priority_weight_strategy.py took 0.045 seconds
