[2025-02-10T14:49:48.634+0000] {processor.py:186} INFO - Started process (PID=93) to work on /usr/local/lib/python3.9/dist-packages/airflow/example_dags/plugins/listener_plugin.py
[2025-02-10T14:49:48.636+0000] {processor.py:914} INFO - Processing file /usr/local/lib/python3.9/dist-packages/airflow/example_dags/plugins/listener_plugin.py for tasks to queue
[2025-02-10T14:49:48.639+0000] {logging_mixin.py:190} INFO - [2025-02-10T14:49:48.638+0000] {dagbag.py:588} INFO - Filling up the DagBag from /usr/local/lib/python3.9/dist-packages/airflow/example_dags/plugins/listener_plugin.py
[2025-02-10T14:49:48.642+0000] {processor.py:927} WARNING - No viable dags retrieved from /usr/local/lib/python3.9/dist-packages/airflow/example_dags/plugins/listener_plugin.py
[2025-02-10T14:49:48.667+0000] {processor.py:208} INFO - Processing /usr/local/lib/python3.9/dist-packages/airflow/example_dags/plugins/listener_plugin.py took 0.038 seconds
[2025-02-10T14:51:15.200+0000] {processor.py:186} INFO - Started process (PID=166) to work on /usr/local/lib/python3.9/dist-packages/airflow/example_dags/plugins/listener_plugin.py
[2025-02-10T14:51:15.202+0000] {processor.py:914} INFO - Processing file /usr/local/lib/python3.9/dist-packages/airflow/example_dags/plugins/listener_plugin.py for tasks to queue
[2025-02-10T14:51:15.204+0000] {logging_mixin.py:190} INFO - [2025-02-10T14:51:15.204+0000] {dagbag.py:588} INFO - Filling up the DagBag from /usr/local/lib/python3.9/dist-packages/airflow/example_dags/plugins/listener_plugin.py
[2025-02-10T14:51:15.207+0000] {processor.py:927} WARNING - No viable dags retrieved from /usr/local/lib/python3.9/dist-packages/airflow/example_dags/plugins/listener_plugin.py
[2025-02-10T14:51:15.233+0000] {processor.py:208} INFO - Processing /usr/local/lib/python3.9/dist-packages/airflow/example_dags/plugins/listener_plugin.py took 0.037 seconds
[2025-02-10T14:52:35.578+0000] {processor.py:186} INFO - Started process (PID=231) to work on /usr/local/lib/python3.9/dist-packages/airflow/example_dags/plugins/listener_plugin.py
[2025-02-10T14:52:35.579+0000] {processor.py:914} INFO - Processing file /usr/local/lib/python3.9/dist-packages/airflow/example_dags/plugins/listener_plugin.py for tasks to queue
[2025-02-10T14:52:35.581+0000] {logging_mixin.py:190} INFO - [2025-02-10T14:52:35.581+0000] {dagbag.py:588} INFO - Filling up the DagBag from /usr/local/lib/python3.9/dist-packages/airflow/example_dags/plugins/listener_plugin.py
[2025-02-10T14:52:35.584+0000] {processor.py:927} WARNING - No viable dags retrieved from /usr/local/lib/python3.9/dist-packages/airflow/example_dags/plugins/listener_plugin.py
[2025-02-10T14:52:35.612+0000] {processor.py:208} INFO - Processing /usr/local/lib/python3.9/dist-packages/airflow/example_dags/plugins/listener_plugin.py took 0.040 seconds
[2025-02-10T14:53:53.535+0000] {processor.py:186} INFO - Started process (PID=296) to work on /usr/local/lib/python3.9/dist-packages/airflow/example_dags/plugins/listener_plugin.py
[2025-02-10T14:53:53.537+0000] {processor.py:914} INFO - Processing file /usr/local/lib/python3.9/dist-packages/airflow/example_dags/plugins/listener_plugin.py for tasks to queue
[2025-02-10T14:53:53.539+0000] {logging_mixin.py:190} INFO - [2025-02-10T14:53:53.538+0000] {dagbag.py:588} INFO - Filling up the DagBag from /usr/local/lib/python3.9/dist-packages/airflow/example_dags/plugins/listener_plugin.py
[2025-02-10T14:53:53.541+0000] {processor.py:927} WARNING - No viable dags retrieved from /usr/local/lib/python3.9/dist-packages/airflow/example_dags/plugins/listener_plugin.py
[2025-02-10T14:53:53.568+0000] {processor.py:208} INFO - Processing /usr/local/lib/python3.9/dist-packages/airflow/example_dags/plugins/listener_plugin.py took 0.039 seconds
[2025-02-10T14:55:12.671+0000] {processor.py:186} INFO - Started process (PID=362) to work on /usr/local/lib/python3.9/dist-packages/airflow/example_dags/plugins/listener_plugin.py
[2025-02-10T14:55:12.673+0000] {processor.py:914} INFO - Processing file /usr/local/lib/python3.9/dist-packages/airflow/example_dags/plugins/listener_plugin.py for tasks to queue
[2025-02-10T14:55:12.676+0000] {logging_mixin.py:190} INFO - [2025-02-10T14:55:12.675+0000] {dagbag.py:588} INFO - Filling up the DagBag from /usr/local/lib/python3.9/dist-packages/airflow/example_dags/plugins/listener_plugin.py
[2025-02-10T14:55:12.679+0000] {processor.py:927} WARNING - No viable dags retrieved from /usr/local/lib/python3.9/dist-packages/airflow/example_dags/plugins/listener_plugin.py
[2025-02-10T14:55:12.708+0000] {processor.py:208} INFO - Processing /usr/local/lib/python3.9/dist-packages/airflow/example_dags/plugins/listener_plugin.py took 0.041 seconds
[2025-02-10T14:56:32.719+0000] {processor.py:186} INFO - Started process (PID=428) to work on /usr/local/lib/python3.9/dist-packages/airflow/example_dags/plugins/listener_plugin.py
[2025-02-10T14:56:32.721+0000] {processor.py:914} INFO - Processing file /usr/local/lib/python3.9/dist-packages/airflow/example_dags/plugins/listener_plugin.py for tasks to queue
[2025-02-10T14:56:32.724+0000] {logging_mixin.py:190} INFO - [2025-02-10T14:56:32.723+0000] {dagbag.py:588} INFO - Filling up the DagBag from /usr/local/lib/python3.9/dist-packages/airflow/example_dags/plugins/listener_plugin.py
[2025-02-10T14:56:32.726+0000] {processor.py:927} WARNING - No viable dags retrieved from /usr/local/lib/python3.9/dist-packages/airflow/example_dags/plugins/listener_plugin.py
[2025-02-10T14:56:32.757+0000] {processor.py:208} INFO - Processing /usr/local/lib/python3.9/dist-packages/airflow/example_dags/plugins/listener_plugin.py took 0.043 seconds
[2025-02-10T14:57:54.227+0000] {processor.py:186} INFO - Started process (PID=495) to work on /usr/local/lib/python3.9/dist-packages/airflow/example_dags/plugins/listener_plugin.py
[2025-02-10T14:57:54.228+0000] {processor.py:914} INFO - Processing file /usr/local/lib/python3.9/dist-packages/airflow/example_dags/plugins/listener_plugin.py for tasks to queue
[2025-02-10T14:57:54.231+0000] {logging_mixin.py:190} INFO - [2025-02-10T14:57:54.230+0000] {dagbag.py:588} INFO - Filling up the DagBag from /usr/local/lib/python3.9/dist-packages/airflow/example_dags/plugins/listener_plugin.py
[2025-02-10T14:57:54.233+0000] {processor.py:927} WARNING - No viable dags retrieved from /usr/local/lib/python3.9/dist-packages/airflow/example_dags/plugins/listener_plugin.py
[2025-02-10T14:57:54.260+0000] {processor.py:208} INFO - Processing /usr/local/lib/python3.9/dist-packages/airflow/example_dags/plugins/listener_plugin.py took 0.039 seconds
[2025-02-10T14:59:08.310+0000] {processor.py:186} INFO - Started process (PID=561) to work on /usr/local/lib/python3.9/dist-packages/airflow/example_dags/plugins/listener_plugin.py
[2025-02-10T14:59:08.311+0000] {processor.py:914} INFO - Processing file /usr/local/lib/python3.9/dist-packages/airflow/example_dags/plugins/listener_plugin.py for tasks to queue
[2025-02-10T14:59:08.314+0000] {logging_mixin.py:190} INFO - [2025-02-10T14:59:08.313+0000] {dagbag.py:588} INFO - Filling up the DagBag from /usr/local/lib/python3.9/dist-packages/airflow/example_dags/plugins/listener_plugin.py
[2025-02-10T14:59:08.316+0000] {processor.py:927} WARNING - No viable dags retrieved from /usr/local/lib/python3.9/dist-packages/airflow/example_dags/plugins/listener_plugin.py
[2025-02-10T14:59:08.344+0000] {processor.py:208} INFO - Processing /usr/local/lib/python3.9/dist-packages/airflow/example_dags/plugins/listener_plugin.py took 0.039 seconds
[2025-02-10T15:00:21.131+0000] {processor.py:186} INFO - Started process (PID=623) to work on /usr/local/lib/python3.9/dist-packages/airflow/example_dags/plugins/listener_plugin.py
[2025-02-10T15:00:21.133+0000] {processor.py:914} INFO - Processing file /usr/local/lib/python3.9/dist-packages/airflow/example_dags/plugins/listener_plugin.py for tasks to queue
[2025-02-10T15:00:21.136+0000] {logging_mixin.py:190} INFO - [2025-02-10T15:00:21.136+0000] {dagbag.py:588} INFO - Filling up the DagBag from /usr/local/lib/python3.9/dist-packages/airflow/example_dags/plugins/listener_plugin.py
[2025-02-10T15:00:21.141+0000] {processor.py:927} WARNING - No viable dags retrieved from /usr/local/lib/python3.9/dist-packages/airflow/example_dags/plugins/listener_plugin.py
[2025-02-10T15:00:21.172+0000] {processor.py:208} INFO - Processing /usr/local/lib/python3.9/dist-packages/airflow/example_dags/plugins/listener_plugin.py took 0.049 seconds
[2025-02-10T15:01:38.721+0000] {processor.py:186} INFO - Started process (PID=688) to work on /usr/local/lib/python3.9/dist-packages/airflow/example_dags/plugins/listener_plugin.py
[2025-02-10T15:01:38.722+0000] {processor.py:914} INFO - Processing file /usr/local/lib/python3.9/dist-packages/airflow/example_dags/plugins/listener_plugin.py for tasks to queue
[2025-02-10T15:01:38.725+0000] {logging_mixin.py:190} INFO - [2025-02-10T15:01:38.724+0000] {dagbag.py:588} INFO - Filling up the DagBag from /usr/local/lib/python3.9/dist-packages/airflow/example_dags/plugins/listener_plugin.py
[2025-02-10T15:01:38.728+0000] {processor.py:927} WARNING - No viable dags retrieved from /usr/local/lib/python3.9/dist-packages/airflow/example_dags/plugins/listener_plugin.py
[2025-02-10T15:01:38.759+0000] {processor.py:208} INFO - Processing /usr/local/lib/python3.9/dist-packages/airflow/example_dags/plugins/listener_plugin.py took 0.044 seconds
[2025-02-10T15:02:58.497+0000] {processor.py:186} INFO - Started process (PID=756) to work on /usr/local/lib/python3.9/dist-packages/airflow/example_dags/plugins/listener_plugin.py
[2025-02-10T15:02:58.499+0000] {processor.py:914} INFO - Processing file /usr/local/lib/python3.9/dist-packages/airflow/example_dags/plugins/listener_plugin.py for tasks to queue
[2025-02-10T15:02:58.502+0000] {logging_mixin.py:190} INFO - [2025-02-10T15:02:58.501+0000] {dagbag.py:588} INFO - Filling up the DagBag from /usr/local/lib/python3.9/dist-packages/airflow/example_dags/plugins/listener_plugin.py
[2025-02-10T15:02:58.506+0000] {processor.py:927} WARNING - No viable dags retrieved from /usr/local/lib/python3.9/dist-packages/airflow/example_dags/plugins/listener_plugin.py
[2025-02-10T15:02:58.538+0000] {processor.py:208} INFO - Processing /usr/local/lib/python3.9/dist-packages/airflow/example_dags/plugins/listener_plugin.py took 0.049 seconds
[2025-02-10T15:04:15.572+0000] {processor.py:186} INFO - Started process (PID=821) to work on /usr/local/lib/python3.9/dist-packages/airflow/example_dags/plugins/listener_plugin.py
[2025-02-10T15:04:15.574+0000] {processor.py:914} INFO - Processing file /usr/local/lib/python3.9/dist-packages/airflow/example_dags/plugins/listener_plugin.py for tasks to queue
[2025-02-10T15:04:15.577+0000] {logging_mixin.py:190} INFO - [2025-02-10T15:04:15.576+0000] {dagbag.py:588} INFO - Filling up the DagBag from /usr/local/lib/python3.9/dist-packages/airflow/example_dags/plugins/listener_plugin.py
[2025-02-10T15:04:15.579+0000] {processor.py:927} WARNING - No viable dags retrieved from /usr/local/lib/python3.9/dist-packages/airflow/example_dags/plugins/listener_plugin.py
[2025-02-10T15:04:15.606+0000] {processor.py:208} INFO - Processing /usr/local/lib/python3.9/dist-packages/airflow/example_dags/plugins/listener_plugin.py took 0.039 seconds
[2025-02-10T15:05:36.039+0000] {processor.py:186} INFO - Started process (PID=886) to work on /usr/local/lib/python3.9/dist-packages/airflow/example_dags/plugins/listener_plugin.py
[2025-02-10T15:05:36.041+0000] {processor.py:914} INFO - Processing file /usr/local/lib/python3.9/dist-packages/airflow/example_dags/plugins/listener_plugin.py for tasks to queue
[2025-02-10T15:05:36.043+0000] {logging_mixin.py:190} INFO - [2025-02-10T15:05:36.043+0000] {dagbag.py:588} INFO - Filling up the DagBag from /usr/local/lib/python3.9/dist-packages/airflow/example_dags/plugins/listener_plugin.py
[2025-02-10T15:05:36.046+0000] {processor.py:927} WARNING - No viable dags retrieved from /usr/local/lib/python3.9/dist-packages/airflow/example_dags/plugins/listener_plugin.py
[2025-02-10T15:05:36.074+0000] {processor.py:208} INFO - Processing /usr/local/lib/python3.9/dist-packages/airflow/example_dags/plugins/listener_plugin.py took 0.040 seconds
[2025-02-10T15:06:55.804+0000] {processor.py:186} INFO - Started process (PID=952) to work on /usr/local/lib/python3.9/dist-packages/airflow/example_dags/plugins/listener_plugin.py
[2025-02-10T15:06:55.807+0000] {processor.py:914} INFO - Processing file /usr/local/lib/python3.9/dist-packages/airflow/example_dags/plugins/listener_plugin.py for tasks to queue
[2025-02-10T15:06:55.810+0000] {logging_mixin.py:190} INFO - [2025-02-10T15:06:55.810+0000] {dagbag.py:588} INFO - Filling up the DagBag from /usr/local/lib/python3.9/dist-packages/airflow/example_dags/plugins/listener_plugin.py
[2025-02-10T15:06:55.813+0000] {processor.py:927} WARNING - No viable dags retrieved from /usr/local/lib/python3.9/dist-packages/airflow/example_dags/plugins/listener_plugin.py
[2025-02-10T15:06:55.839+0000] {processor.py:208} INFO - Processing /usr/local/lib/python3.9/dist-packages/airflow/example_dags/plugins/listener_plugin.py took 0.041 seconds
[2025-02-10T15:08:12.954+0000] {processor.py:186} INFO - Started process (PID=1018) to work on /usr/local/lib/python3.9/dist-packages/airflow/example_dags/plugins/listener_plugin.py
[2025-02-10T15:08:12.956+0000] {processor.py:914} INFO - Processing file /usr/local/lib/python3.9/dist-packages/airflow/example_dags/plugins/listener_plugin.py for tasks to queue
[2025-02-10T15:08:12.959+0000] {logging_mixin.py:190} INFO - [2025-02-10T15:08:12.958+0000] {dagbag.py:588} INFO - Filling up the DagBag from /usr/local/lib/python3.9/dist-packages/airflow/example_dags/plugins/listener_plugin.py
[2025-02-10T15:08:12.961+0000] {processor.py:927} WARNING - No viable dags retrieved from /usr/local/lib/python3.9/dist-packages/airflow/example_dags/plugins/listener_plugin.py
[2025-02-10T15:08:12.991+0000] {processor.py:208} INFO - Processing /usr/local/lib/python3.9/dist-packages/airflow/example_dags/plugins/listener_plugin.py took 0.043 seconds
[2025-02-10T15:09:31.185+0000] {processor.py:186} INFO - Started process (PID=1082) to work on /usr/local/lib/python3.9/dist-packages/airflow/example_dags/plugins/listener_plugin.py
[2025-02-10T15:09:31.186+0000] {processor.py:914} INFO - Processing file /usr/local/lib/python3.9/dist-packages/airflow/example_dags/plugins/listener_plugin.py for tasks to queue
[2025-02-10T15:09:31.190+0000] {logging_mixin.py:190} INFO - [2025-02-10T15:09:31.189+0000] {dagbag.py:588} INFO - Filling up the DagBag from /usr/local/lib/python3.9/dist-packages/airflow/example_dags/plugins/listener_plugin.py
[2025-02-10T15:09:31.192+0000] {processor.py:927} WARNING - No viable dags retrieved from /usr/local/lib/python3.9/dist-packages/airflow/example_dags/plugins/listener_plugin.py
[2025-02-10T15:09:31.222+0000] {processor.py:208} INFO - Processing /usr/local/lib/python3.9/dist-packages/airflow/example_dags/plugins/listener_plugin.py took 0.043 seconds
[2025-02-10T15:10:51.052+0000] {processor.py:186} INFO - Started process (PID=1148) to work on /usr/local/lib/python3.9/dist-packages/airflow/example_dags/plugins/listener_plugin.py
[2025-02-10T15:10:51.053+0000] {processor.py:914} INFO - Processing file /usr/local/lib/python3.9/dist-packages/airflow/example_dags/plugins/listener_plugin.py for tasks to queue
[2025-02-10T15:10:51.057+0000] {logging_mixin.py:190} INFO - [2025-02-10T15:10:51.056+0000] {dagbag.py:588} INFO - Filling up the DagBag from /usr/local/lib/python3.9/dist-packages/airflow/example_dags/plugins/listener_plugin.py
[2025-02-10T15:10:51.060+0000] {processor.py:927} WARNING - No viable dags retrieved from /usr/local/lib/python3.9/dist-packages/airflow/example_dags/plugins/listener_plugin.py
[2025-02-10T15:10:51.088+0000] {processor.py:208} INFO - Processing /usr/local/lib/python3.9/dist-packages/airflow/example_dags/plugins/listener_plugin.py took 0.042 seconds
[2025-02-10T15:12:11.457+0000] {processor.py:186} INFO - Started process (PID=1215) to work on /usr/local/lib/python3.9/dist-packages/airflow/example_dags/plugins/listener_plugin.py
[2025-02-10T15:12:11.458+0000] {processor.py:914} INFO - Processing file /usr/local/lib/python3.9/dist-packages/airflow/example_dags/plugins/listener_plugin.py for tasks to queue
[2025-02-10T15:12:11.461+0000] {logging_mixin.py:190} INFO - [2025-02-10T15:12:11.461+0000] {dagbag.py:588} INFO - Filling up the DagBag from /usr/local/lib/python3.9/dist-packages/airflow/example_dags/plugins/listener_plugin.py
[2025-02-10T15:12:11.465+0000] {processor.py:927} WARNING - No viable dags retrieved from /usr/local/lib/python3.9/dist-packages/airflow/example_dags/plugins/listener_plugin.py
[2025-02-10T15:12:11.494+0000] {processor.py:208} INFO - Processing /usr/local/lib/python3.9/dist-packages/airflow/example_dags/plugins/listener_plugin.py took 0.042 seconds
[2025-02-10T15:13:28.127+0000] {processor.py:186} INFO - Started process (PID=1280) to work on /usr/local/lib/python3.9/dist-packages/airflow/example_dags/plugins/listener_plugin.py
[2025-02-10T15:13:28.128+0000] {processor.py:914} INFO - Processing file /usr/local/lib/python3.9/dist-packages/airflow/example_dags/plugins/listener_plugin.py for tasks to queue
[2025-02-10T15:13:28.133+0000] {logging_mixin.py:190} INFO - [2025-02-10T15:13:28.132+0000] {dagbag.py:588} INFO - Filling up the DagBag from /usr/local/lib/python3.9/dist-packages/airflow/example_dags/plugins/listener_plugin.py
[2025-02-10T15:13:28.136+0000] {processor.py:927} WARNING - No viable dags retrieved from /usr/local/lib/python3.9/dist-packages/airflow/example_dags/plugins/listener_plugin.py
[2025-02-10T15:13:28.168+0000] {processor.py:208} INFO - Processing /usr/local/lib/python3.9/dist-packages/airflow/example_dags/plugins/listener_plugin.py took 0.048 seconds
[2025-02-10T15:14:45.647+0000] {processor.py:186} INFO - Started process (PID=1344) to work on /usr/local/lib/python3.9/dist-packages/airflow/example_dags/plugins/listener_plugin.py
[2025-02-10T15:14:45.649+0000] {processor.py:914} INFO - Processing file /usr/local/lib/python3.9/dist-packages/airflow/example_dags/plugins/listener_plugin.py for tasks to queue
[2025-02-10T15:14:45.652+0000] {logging_mixin.py:190} INFO - [2025-02-10T15:14:45.652+0000] {dagbag.py:588} INFO - Filling up the DagBag from /usr/local/lib/python3.9/dist-packages/airflow/example_dags/plugins/listener_plugin.py
[2025-02-10T15:14:45.656+0000] {processor.py:927} WARNING - No viable dags retrieved from /usr/local/lib/python3.9/dist-packages/airflow/example_dags/plugins/listener_plugin.py
[2025-02-10T15:14:45.684+0000] {processor.py:208} INFO - Processing /usr/local/lib/python3.9/dist-packages/airflow/example_dags/plugins/listener_plugin.py took 0.043 seconds
[2025-02-10T15:26:04.677+0000] {processor.py:186} INFO - Started process (PID=84) to work on /usr/local/lib/python3.9/dist-packages/airflow/example_dags/plugins/listener_plugin.py
[2025-02-10T15:26:04.678+0000] {processor.py:914} INFO - Processing file /usr/local/lib/python3.9/dist-packages/airflow/example_dags/plugins/listener_plugin.py for tasks to queue
[2025-02-10T15:26:04.681+0000] {logging_mixin.py:190} INFO - [2025-02-10T15:26:04.681+0000] {dagbag.py:588} INFO - Filling up the DagBag from /usr/local/lib/python3.9/dist-packages/airflow/example_dags/plugins/listener_plugin.py
[2025-02-10T15:26:04.685+0000] {processor.py:927} WARNING - No viable dags retrieved from /usr/local/lib/python3.9/dist-packages/airflow/example_dags/plugins/listener_plugin.py
[2025-02-10T15:26:04.712+0000] {processor.py:208} INFO - Processing /usr/local/lib/python3.9/dist-packages/airflow/example_dags/plugins/listener_plugin.py took 0.041 seconds
[2025-02-10T15:27:22.215+0000] {processor.py:186} INFO - Started process (PID=149) to work on /usr/local/lib/python3.9/dist-packages/airflow/example_dags/plugins/listener_plugin.py
[2025-02-10T15:27:22.217+0000] {processor.py:914} INFO - Processing file /usr/local/lib/python3.9/dist-packages/airflow/example_dags/plugins/listener_plugin.py for tasks to queue
[2025-02-10T15:27:22.220+0000] {logging_mixin.py:190} INFO - [2025-02-10T15:27:22.219+0000] {dagbag.py:588} INFO - Filling up the DagBag from /usr/local/lib/python3.9/dist-packages/airflow/example_dags/plugins/listener_plugin.py
[2025-02-10T15:27:22.222+0000] {processor.py:927} WARNING - No viable dags retrieved from /usr/local/lib/python3.9/dist-packages/airflow/example_dags/plugins/listener_plugin.py
[2025-02-10T15:27:22.252+0000] {processor.py:208} INFO - Processing /usr/local/lib/python3.9/dist-packages/airflow/example_dags/plugins/listener_plugin.py took 0.042 seconds
[2025-02-10T15:28:43.012+0000] {processor.py:186} INFO - Started process (PID=214) to work on /usr/local/lib/python3.9/dist-packages/airflow/example_dags/plugins/listener_plugin.py
[2025-02-10T15:28:43.014+0000] {processor.py:914} INFO - Processing file /usr/local/lib/python3.9/dist-packages/airflow/example_dags/plugins/listener_plugin.py for tasks to queue
[2025-02-10T15:28:43.017+0000] {logging_mixin.py:190} INFO - [2025-02-10T15:28:43.016+0000] {dagbag.py:588} INFO - Filling up the DagBag from /usr/local/lib/python3.9/dist-packages/airflow/example_dags/plugins/listener_plugin.py
[2025-02-10T15:28:43.019+0000] {processor.py:927} WARNING - No viable dags retrieved from /usr/local/lib/python3.9/dist-packages/airflow/example_dags/plugins/listener_plugin.py
[2025-02-10T15:28:43.045+0000] {processor.py:208} INFO - Processing /usr/local/lib/python3.9/dist-packages/airflow/example_dags/plugins/listener_plugin.py took 0.039 seconds
[2025-02-10T15:30:00.839+0000] {processor.py:186} INFO - Started process (PID=280) to work on /usr/local/lib/python3.9/dist-packages/airflow/example_dags/plugins/listener_plugin.py
[2025-02-10T15:30:00.840+0000] {processor.py:914} INFO - Processing file /usr/local/lib/python3.9/dist-packages/airflow/example_dags/plugins/listener_plugin.py for tasks to queue
[2025-02-10T15:30:00.842+0000] {logging_mixin.py:190} INFO - [2025-02-10T15:30:00.842+0000] {dagbag.py:588} INFO - Filling up the DagBag from /usr/local/lib/python3.9/dist-packages/airflow/example_dags/plugins/listener_plugin.py
[2025-02-10T15:30:00.845+0000] {processor.py:927} WARNING - No viable dags retrieved from /usr/local/lib/python3.9/dist-packages/airflow/example_dags/plugins/listener_plugin.py
[2025-02-10T15:30:00.872+0000] {processor.py:208} INFO - Processing /usr/local/lib/python3.9/dist-packages/airflow/example_dags/plugins/listener_plugin.py took 0.039 seconds
[2025-02-10T15:31:16.666+0000] {processor.py:186} INFO - Started process (PID=343) to work on /usr/local/lib/python3.9/dist-packages/airflow/example_dags/plugins/listener_plugin.py
[2025-02-10T15:31:16.667+0000] {processor.py:914} INFO - Processing file /usr/local/lib/python3.9/dist-packages/airflow/example_dags/plugins/listener_plugin.py for tasks to queue
[2025-02-10T15:31:16.670+0000] {logging_mixin.py:190} INFO - [2025-02-10T15:31:16.670+0000] {dagbag.py:588} INFO - Filling up the DagBag from /usr/local/lib/python3.9/dist-packages/airflow/example_dags/plugins/listener_plugin.py
[2025-02-10T15:31:16.674+0000] {processor.py:927} WARNING - No viable dags retrieved from /usr/local/lib/python3.9/dist-packages/airflow/example_dags/plugins/listener_plugin.py
[2025-02-10T15:31:16.700+0000] {processor.py:208} INFO - Processing /usr/local/lib/python3.9/dist-packages/airflow/example_dags/plugins/listener_plugin.py took 0.040 seconds
[2025-02-10T15:32:34.447+0000] {processor.py:186} INFO - Started process (PID=407) to work on /usr/local/lib/python3.9/dist-packages/airflow/example_dags/plugins/listener_plugin.py
[2025-02-10T15:32:34.449+0000] {processor.py:914} INFO - Processing file /usr/local/lib/python3.9/dist-packages/airflow/example_dags/plugins/listener_plugin.py for tasks to queue
[2025-02-10T15:32:34.451+0000] {logging_mixin.py:190} INFO - [2025-02-10T15:32:34.451+0000] {dagbag.py:588} INFO - Filling up the DagBag from /usr/local/lib/python3.9/dist-packages/airflow/example_dags/plugins/listener_plugin.py
[2025-02-10T15:32:34.454+0000] {processor.py:927} WARNING - No viable dags retrieved from /usr/local/lib/python3.9/dist-packages/airflow/example_dags/plugins/listener_plugin.py
[2025-02-10T15:32:34.482+0000] {processor.py:208} INFO - Processing /usr/local/lib/python3.9/dist-packages/airflow/example_dags/plugins/listener_plugin.py took 0.040 seconds
[2025-02-10T15:33:56.045+0000] {processor.py:186} INFO - Started process (PID=473) to work on /usr/local/lib/python3.9/dist-packages/airflow/example_dags/plugins/listener_plugin.py
[2025-02-10T15:33:56.046+0000] {processor.py:914} INFO - Processing file /usr/local/lib/python3.9/dist-packages/airflow/example_dags/plugins/listener_plugin.py for tasks to queue
[2025-02-10T15:33:56.049+0000] {logging_mixin.py:190} INFO - [2025-02-10T15:33:56.049+0000] {dagbag.py:588} INFO - Filling up the DagBag from /usr/local/lib/python3.9/dist-packages/airflow/example_dags/plugins/listener_plugin.py
[2025-02-10T15:33:56.052+0000] {processor.py:927} WARNING - No viable dags retrieved from /usr/local/lib/python3.9/dist-packages/airflow/example_dags/plugins/listener_plugin.py
[2025-02-10T15:33:56.076+0000] {processor.py:208} INFO - Processing /usr/local/lib/python3.9/dist-packages/airflow/example_dags/plugins/listener_plugin.py took 0.037 seconds
[2025-02-10T15:35:17.986+0000] {processor.py:186} INFO - Started process (PID=541) to work on /usr/local/lib/python3.9/dist-packages/airflow/example_dags/plugins/listener_plugin.py
[2025-02-10T15:35:17.988+0000] {processor.py:914} INFO - Processing file /usr/local/lib/python3.9/dist-packages/airflow/example_dags/plugins/listener_plugin.py for tasks to queue
[2025-02-10T15:35:17.990+0000] {logging_mixin.py:190} INFO - [2025-02-10T15:35:17.990+0000] {dagbag.py:588} INFO - Filling up the DagBag from /usr/local/lib/python3.9/dist-packages/airflow/example_dags/plugins/listener_plugin.py
[2025-02-10T15:35:17.993+0000] {processor.py:927} WARNING - No viable dags retrieved from /usr/local/lib/python3.9/dist-packages/airflow/example_dags/plugins/listener_plugin.py
[2025-02-10T15:35:18.020+0000] {processor.py:208} INFO - Processing /usr/local/lib/python3.9/dist-packages/airflow/example_dags/plugins/listener_plugin.py took 0.039 seconds
[2025-02-10T15:36:38.269+0000] {processor.py:186} INFO - Started process (PID=605) to work on /usr/local/lib/python3.9/dist-packages/airflow/example_dags/plugins/listener_plugin.py
[2025-02-10T15:36:38.271+0000] {processor.py:914} INFO - Processing file /usr/local/lib/python3.9/dist-packages/airflow/example_dags/plugins/listener_plugin.py for tasks to queue
[2025-02-10T15:36:38.274+0000] {logging_mixin.py:190} INFO - [2025-02-10T15:36:38.273+0000] {dagbag.py:588} INFO - Filling up the DagBag from /usr/local/lib/python3.9/dist-packages/airflow/example_dags/plugins/listener_plugin.py
[2025-02-10T15:36:38.276+0000] {processor.py:927} WARNING - No viable dags retrieved from /usr/local/lib/python3.9/dist-packages/airflow/example_dags/plugins/listener_plugin.py
[2025-02-10T15:36:38.304+0000] {processor.py:208} INFO - Processing /usr/local/lib/python3.9/dist-packages/airflow/example_dags/plugins/listener_plugin.py took 0.041 seconds
[2025-02-10T15:37:58.030+0000] {processor.py:186} INFO - Started process (PID=671) to work on /usr/local/lib/python3.9/dist-packages/airflow/example_dags/plugins/listener_plugin.py
[2025-02-10T15:37:58.031+0000] {processor.py:914} INFO - Processing file /usr/local/lib/python3.9/dist-packages/airflow/example_dags/plugins/listener_plugin.py for tasks to queue
[2025-02-10T15:37:58.035+0000] {logging_mixin.py:190} INFO - [2025-02-10T15:37:58.034+0000] {dagbag.py:588} INFO - Filling up the DagBag from /usr/local/lib/python3.9/dist-packages/airflow/example_dags/plugins/listener_plugin.py
[2025-02-10T15:37:58.038+0000] {processor.py:927} WARNING - No viable dags retrieved from /usr/local/lib/python3.9/dist-packages/airflow/example_dags/plugins/listener_plugin.py
[2025-02-10T15:37:58.062+0000] {processor.py:208} INFO - Processing /usr/local/lib/python3.9/dist-packages/airflow/example_dags/plugins/listener_plugin.py took 0.040 seconds
[2025-02-10T15:39:22.403+0000] {processor.py:186} INFO - Started process (PID=738) to work on /usr/local/lib/python3.9/dist-packages/airflow/example_dags/plugins/listener_plugin.py
[2025-02-10T15:39:22.405+0000] {processor.py:914} INFO - Processing file /usr/local/lib/python3.9/dist-packages/airflow/example_dags/plugins/listener_plugin.py for tasks to queue
[2025-02-10T15:39:22.407+0000] {logging_mixin.py:190} INFO - [2025-02-10T15:39:22.407+0000] {dagbag.py:588} INFO - Filling up the DagBag from /usr/local/lib/python3.9/dist-packages/airflow/example_dags/plugins/listener_plugin.py
[2025-02-10T15:39:22.410+0000] {processor.py:927} WARNING - No viable dags retrieved from /usr/local/lib/python3.9/dist-packages/airflow/example_dags/plugins/listener_plugin.py
[2025-02-10T15:39:22.439+0000] {processor.py:208} INFO - Processing /usr/local/lib/python3.9/dist-packages/airflow/example_dags/plugins/listener_plugin.py took 0.041 seconds
[2025-02-10T15:40:41.818+0000] {processor.py:186} INFO - Started process (PID=804) to work on /usr/local/lib/python3.9/dist-packages/airflow/example_dags/plugins/listener_plugin.py
[2025-02-10T15:40:41.819+0000] {processor.py:914} INFO - Processing file /usr/local/lib/python3.9/dist-packages/airflow/example_dags/plugins/listener_plugin.py for tasks to queue
[2025-02-10T15:40:41.823+0000] {logging_mixin.py:190} INFO - [2025-02-10T15:40:41.822+0000] {dagbag.py:588} INFO - Filling up the DagBag from /usr/local/lib/python3.9/dist-packages/airflow/example_dags/plugins/listener_plugin.py
[2025-02-10T15:40:41.825+0000] {processor.py:927} WARNING - No viable dags retrieved from /usr/local/lib/python3.9/dist-packages/airflow/example_dags/plugins/listener_plugin.py
[2025-02-10T15:40:41.854+0000] {processor.py:208} INFO - Processing /usr/local/lib/python3.9/dist-packages/airflow/example_dags/plugins/listener_plugin.py took 0.042 seconds
[2025-02-10T15:41:59.571+0000] {processor.py:186} INFO - Started process (PID=869) to work on /usr/local/lib/python3.9/dist-packages/airflow/example_dags/plugins/listener_plugin.py
[2025-02-10T15:41:59.573+0000] {processor.py:914} INFO - Processing file /usr/local/lib/python3.9/dist-packages/airflow/example_dags/plugins/listener_plugin.py for tasks to queue
[2025-02-10T15:41:59.576+0000] {logging_mixin.py:190} INFO - [2025-02-10T15:41:59.576+0000] {dagbag.py:588} INFO - Filling up the DagBag from /usr/local/lib/python3.9/dist-packages/airflow/example_dags/plugins/listener_plugin.py
[2025-02-10T15:41:59.579+0000] {processor.py:927} WARNING - No viable dags retrieved from /usr/local/lib/python3.9/dist-packages/airflow/example_dags/plugins/listener_plugin.py
[2025-02-10T15:41:59.606+0000] {processor.py:208} INFO - Processing /usr/local/lib/python3.9/dist-packages/airflow/example_dags/plugins/listener_plugin.py took 0.040 seconds
[2025-02-10T15:43:21.087+0000] {processor.py:186} INFO - Started process (PID=935) to work on /usr/local/lib/python3.9/dist-packages/airflow/example_dags/plugins/listener_plugin.py
[2025-02-10T15:43:21.088+0000] {processor.py:914} INFO - Processing file /usr/local/lib/python3.9/dist-packages/airflow/example_dags/plugins/listener_plugin.py for tasks to queue
[2025-02-10T15:43:21.091+0000] {logging_mixin.py:190} INFO - [2025-02-10T15:43:21.091+0000] {dagbag.py:588} INFO - Filling up the DagBag from /usr/local/lib/python3.9/dist-packages/airflow/example_dags/plugins/listener_plugin.py
[2025-02-10T15:43:21.094+0000] {processor.py:927} WARNING - No viable dags retrieved from /usr/local/lib/python3.9/dist-packages/airflow/example_dags/plugins/listener_plugin.py
[2025-02-10T15:43:21.121+0000] {processor.py:208} INFO - Processing /usr/local/lib/python3.9/dist-packages/airflow/example_dags/plugins/listener_plugin.py took 0.039 seconds
[2025-02-10T15:44:46.569+0000] {processor.py:186} INFO - Started process (PID=1003) to work on /usr/local/lib/python3.9/dist-packages/airflow/example_dags/plugins/listener_plugin.py
[2025-02-10T15:44:46.571+0000] {processor.py:914} INFO - Processing file /usr/local/lib/python3.9/dist-packages/airflow/example_dags/plugins/listener_plugin.py for tasks to queue
[2025-02-10T15:44:46.574+0000] {logging_mixin.py:190} INFO - [2025-02-10T15:44:46.573+0000] {dagbag.py:588} INFO - Filling up the DagBag from /usr/local/lib/python3.9/dist-packages/airflow/example_dags/plugins/listener_plugin.py
[2025-02-10T15:44:46.576+0000] {processor.py:927} WARNING - No viable dags retrieved from /usr/local/lib/python3.9/dist-packages/airflow/example_dags/plugins/listener_plugin.py
[2025-02-10T15:44:46.604+0000] {processor.py:208} INFO - Processing /usr/local/lib/python3.9/dist-packages/airflow/example_dags/plugins/listener_plugin.py took 0.040 seconds
[2025-02-10T15:46:08.920+0000] {processor.py:186} INFO - Started process (PID=1070) to work on /usr/local/lib/python3.9/dist-packages/airflow/example_dags/plugins/listener_plugin.py
[2025-02-10T15:46:08.922+0000] {processor.py:914} INFO - Processing file /usr/local/lib/python3.9/dist-packages/airflow/example_dags/plugins/listener_plugin.py for tasks to queue
[2025-02-10T15:46:08.925+0000] {logging_mixin.py:190} INFO - [2025-02-10T15:46:08.924+0000] {dagbag.py:588} INFO - Filling up the DagBag from /usr/local/lib/python3.9/dist-packages/airflow/example_dags/plugins/listener_plugin.py
[2025-02-10T15:46:08.928+0000] {processor.py:927} WARNING - No viable dags retrieved from /usr/local/lib/python3.9/dist-packages/airflow/example_dags/plugins/listener_plugin.py
[2025-02-10T15:46:08.960+0000] {processor.py:208} INFO - Processing /usr/local/lib/python3.9/dist-packages/airflow/example_dags/plugins/listener_plugin.py took 0.045 seconds
[2025-02-10T15:47:24.409+0000] {processor.py:186} INFO - Started process (PID=1134) to work on /usr/local/lib/python3.9/dist-packages/airflow/example_dags/plugins/listener_plugin.py
[2025-02-10T15:47:24.410+0000] {processor.py:914} INFO - Processing file /usr/local/lib/python3.9/dist-packages/airflow/example_dags/plugins/listener_plugin.py for tasks to queue
[2025-02-10T15:47:24.413+0000] {logging_mixin.py:190} INFO - [2025-02-10T15:47:24.413+0000] {dagbag.py:588} INFO - Filling up the DagBag from /usr/local/lib/python3.9/dist-packages/airflow/example_dags/plugins/listener_plugin.py
[2025-02-10T15:47:24.416+0000] {processor.py:927} WARNING - No viable dags retrieved from /usr/local/lib/python3.9/dist-packages/airflow/example_dags/plugins/listener_plugin.py
[2025-02-10T15:47:24.444+0000] {processor.py:208} INFO - Processing /usr/local/lib/python3.9/dist-packages/airflow/example_dags/plugins/listener_plugin.py took 0.041 seconds
[2025-02-10T15:48:40.004+0000] {processor.py:186} INFO - Started process (PID=1198) to work on /usr/local/lib/python3.9/dist-packages/airflow/example_dags/plugins/listener_plugin.py
[2025-02-10T15:48:40.006+0000] {processor.py:914} INFO - Processing file /usr/local/lib/python3.9/dist-packages/airflow/example_dags/plugins/listener_plugin.py for tasks to queue
[2025-02-10T15:48:40.009+0000] {logging_mixin.py:190} INFO - [2025-02-10T15:48:40.008+0000] {dagbag.py:588} INFO - Filling up the DagBag from /usr/local/lib/python3.9/dist-packages/airflow/example_dags/plugins/listener_plugin.py
[2025-02-10T15:48:40.012+0000] {processor.py:927} WARNING - No viable dags retrieved from /usr/local/lib/python3.9/dist-packages/airflow/example_dags/plugins/listener_plugin.py
[2025-02-10T15:48:40.038+0000] {processor.py:208} INFO - Processing /usr/local/lib/python3.9/dist-packages/airflow/example_dags/plugins/listener_plugin.py took 0.039 seconds
[2025-02-10T15:49:51.778+0000] {processor.py:186} INFO - Started process (PID=1259) to work on /usr/local/lib/python3.9/dist-packages/airflow/example_dags/plugins/listener_plugin.py
[2025-02-10T15:49:51.780+0000] {processor.py:914} INFO - Processing file /usr/local/lib/python3.9/dist-packages/airflow/example_dags/plugins/listener_plugin.py for tasks to queue
[2025-02-10T15:49:51.783+0000] {logging_mixin.py:190} INFO - [2025-02-10T15:49:51.782+0000] {dagbag.py:588} INFO - Filling up the DagBag from /usr/local/lib/python3.9/dist-packages/airflow/example_dags/plugins/listener_plugin.py
[2025-02-10T15:49:51.786+0000] {processor.py:927} WARNING - No viable dags retrieved from /usr/local/lib/python3.9/dist-packages/airflow/example_dags/plugins/listener_plugin.py
[2025-02-10T15:49:51.815+0000] {processor.py:208} INFO - Processing /usr/local/lib/python3.9/dist-packages/airflow/example_dags/plugins/listener_plugin.py took 0.042 seconds
[2025-02-10T15:51:09.633+0000] {processor.py:186} INFO - Started process (PID=1325) to work on /usr/local/lib/python3.9/dist-packages/airflow/example_dags/plugins/listener_plugin.py
[2025-02-10T15:51:09.634+0000] {processor.py:914} INFO - Processing file /usr/local/lib/python3.9/dist-packages/airflow/example_dags/plugins/listener_plugin.py for tasks to queue
[2025-02-10T15:51:09.637+0000] {logging_mixin.py:190} INFO - [2025-02-10T15:51:09.637+0000] {dagbag.py:588} INFO - Filling up the DagBag from /usr/local/lib/python3.9/dist-packages/airflow/example_dags/plugins/listener_plugin.py
[2025-02-10T15:51:09.640+0000] {processor.py:927} WARNING - No viable dags retrieved from /usr/local/lib/python3.9/dist-packages/airflow/example_dags/plugins/listener_plugin.py
[2025-02-10T15:51:09.670+0000] {processor.py:208} INFO - Processing /usr/local/lib/python3.9/dist-packages/airflow/example_dags/plugins/listener_plugin.py took 0.042 seconds
[2025-02-10T15:52:24.880+0000] {processor.py:186} INFO - Started process (PID=1388) to work on /usr/local/lib/python3.9/dist-packages/airflow/example_dags/plugins/listener_plugin.py
[2025-02-10T15:52:24.882+0000] {processor.py:914} INFO - Processing file /usr/local/lib/python3.9/dist-packages/airflow/example_dags/plugins/listener_plugin.py for tasks to queue
[2025-02-10T15:52:24.885+0000] {logging_mixin.py:190} INFO - [2025-02-10T15:52:24.884+0000] {dagbag.py:588} INFO - Filling up the DagBag from /usr/local/lib/python3.9/dist-packages/airflow/example_dags/plugins/listener_plugin.py
[2025-02-10T15:52:24.888+0000] {processor.py:927} WARNING - No viable dags retrieved from /usr/local/lib/python3.9/dist-packages/airflow/example_dags/plugins/listener_plugin.py
[2025-02-10T15:52:24.916+0000] {processor.py:208} INFO - Processing /usr/local/lib/python3.9/dist-packages/airflow/example_dags/plugins/listener_plugin.py took 0.041 seconds
[2025-02-10T15:53:42.174+0000] {processor.py:186} INFO - Started process (PID=1452) to work on /usr/local/lib/python3.9/dist-packages/airflow/example_dags/plugins/listener_plugin.py
[2025-02-10T15:53:42.176+0000] {processor.py:914} INFO - Processing file /usr/local/lib/python3.9/dist-packages/airflow/example_dags/plugins/listener_plugin.py for tasks to queue
[2025-02-10T15:53:42.179+0000] {logging_mixin.py:190} INFO - [2025-02-10T15:53:42.179+0000] {dagbag.py:588} INFO - Filling up the DagBag from /usr/local/lib/python3.9/dist-packages/airflow/example_dags/plugins/listener_plugin.py
[2025-02-10T15:53:42.182+0000] {processor.py:927} WARNING - No viable dags retrieved from /usr/local/lib/python3.9/dist-packages/airflow/example_dags/plugins/listener_plugin.py
[2025-02-10T15:53:42.212+0000] {processor.py:208} INFO - Processing /usr/local/lib/python3.9/dist-packages/airflow/example_dags/plugins/listener_plugin.py took 0.043 seconds
[2025-02-10T15:55:00.461+0000] {processor.py:186} INFO - Started process (PID=1516) to work on /usr/local/lib/python3.9/dist-packages/airflow/example_dags/plugins/listener_plugin.py
[2025-02-10T15:55:00.463+0000] {processor.py:914} INFO - Processing file /usr/local/lib/python3.9/dist-packages/airflow/example_dags/plugins/listener_plugin.py for tasks to queue
[2025-02-10T15:55:00.465+0000] {logging_mixin.py:190} INFO - [2025-02-10T15:55:00.465+0000] {dagbag.py:588} INFO - Filling up the DagBag from /usr/local/lib/python3.9/dist-packages/airflow/example_dags/plugins/listener_plugin.py
[2025-02-10T15:55:00.468+0000] {processor.py:927} WARNING - No viable dags retrieved from /usr/local/lib/python3.9/dist-packages/airflow/example_dags/plugins/listener_plugin.py
[2025-02-10T15:55:00.497+0000] {processor.py:208} INFO - Processing /usr/local/lib/python3.9/dist-packages/airflow/example_dags/plugins/listener_plugin.py took 0.041 seconds
[2025-02-10T15:56:21.628+0000] {processor.py:186} INFO - Started process (PID=1582) to work on /usr/local/lib/python3.9/dist-packages/airflow/example_dags/plugins/listener_plugin.py
[2025-02-10T15:56:21.629+0000] {processor.py:914} INFO - Processing file /usr/local/lib/python3.9/dist-packages/airflow/example_dags/plugins/listener_plugin.py for tasks to queue
[2025-02-10T15:56:21.632+0000] {logging_mixin.py:190} INFO - [2025-02-10T15:56:21.632+0000] {dagbag.py:588} INFO - Filling up the DagBag from /usr/local/lib/python3.9/dist-packages/airflow/example_dags/plugins/listener_plugin.py
[2025-02-10T15:56:21.635+0000] {processor.py:927} WARNING - No viable dags retrieved from /usr/local/lib/python3.9/dist-packages/airflow/example_dags/plugins/listener_plugin.py
[2025-02-10T15:56:21.662+0000] {processor.py:208} INFO - Processing /usr/local/lib/python3.9/dist-packages/airflow/example_dags/plugins/listener_plugin.py took 0.040 seconds
[2025-02-10T15:57:38.682+0000] {processor.py:186} INFO - Started process (PID=1647) to work on /usr/local/lib/python3.9/dist-packages/airflow/example_dags/plugins/listener_plugin.py
[2025-02-10T15:57:38.684+0000] {processor.py:914} INFO - Processing file /usr/local/lib/python3.9/dist-packages/airflow/example_dags/plugins/listener_plugin.py for tasks to queue
[2025-02-10T15:57:38.688+0000] {logging_mixin.py:190} INFO - [2025-02-10T15:57:38.687+0000] {dagbag.py:588} INFO - Filling up the DagBag from /usr/local/lib/python3.9/dist-packages/airflow/example_dags/plugins/listener_plugin.py
[2025-02-10T15:57:38.692+0000] {processor.py:927} WARNING - No viable dags retrieved from /usr/local/lib/python3.9/dist-packages/airflow/example_dags/plugins/listener_plugin.py
[2025-02-10T15:57:38.736+0000] {processor.py:208} INFO - Processing /usr/local/lib/python3.9/dist-packages/airflow/example_dags/plugins/listener_plugin.py took 0.063 seconds
[2025-02-10T15:58:59.657+0000] {processor.py:186} INFO - Started process (PID=1712) to work on /usr/local/lib/python3.9/dist-packages/airflow/example_dags/plugins/listener_plugin.py
[2025-02-10T15:58:59.658+0000] {processor.py:914} INFO - Processing file /usr/local/lib/python3.9/dist-packages/airflow/example_dags/plugins/listener_plugin.py for tasks to queue
[2025-02-10T15:58:59.661+0000] {logging_mixin.py:190} INFO - [2025-02-10T15:58:59.660+0000] {dagbag.py:588} INFO - Filling up the DagBag from /usr/local/lib/python3.9/dist-packages/airflow/example_dags/plugins/listener_plugin.py
[2025-02-10T15:58:59.664+0000] {processor.py:927} WARNING - No viable dags retrieved from /usr/local/lib/python3.9/dist-packages/airflow/example_dags/plugins/listener_plugin.py
[2025-02-10T15:58:59.693+0000] {processor.py:208} INFO - Processing /usr/local/lib/python3.9/dist-packages/airflow/example_dags/plugins/listener_plugin.py took 0.043 seconds
[2025-02-10T16:00:16.189+0000] {processor.py:186} INFO - Started process (PID=1777) to work on /usr/local/lib/python3.9/dist-packages/airflow/example_dags/plugins/listener_plugin.py
[2025-02-10T16:00:16.190+0000] {processor.py:914} INFO - Processing file /usr/local/lib/python3.9/dist-packages/airflow/example_dags/plugins/listener_plugin.py for tasks to queue
[2025-02-10T16:00:16.193+0000] {logging_mixin.py:190} INFO - [2025-02-10T16:00:16.192+0000] {dagbag.py:588} INFO - Filling up the DagBag from /usr/local/lib/python3.9/dist-packages/airflow/example_dags/plugins/listener_plugin.py
[2025-02-10T16:00:16.196+0000] {processor.py:927} WARNING - No viable dags retrieved from /usr/local/lib/python3.9/dist-packages/airflow/example_dags/plugins/listener_plugin.py
[2025-02-10T16:00:16.224+0000] {processor.py:208} INFO - Processing /usr/local/lib/python3.9/dist-packages/airflow/example_dags/plugins/listener_plugin.py took 0.040 seconds
[2025-02-10T16:01:36.283+0000] {processor.py:186} INFO - Started process (PID=1843) to work on /usr/local/lib/python3.9/dist-packages/airflow/example_dags/plugins/listener_plugin.py
[2025-02-10T16:01:36.284+0000] {processor.py:914} INFO - Processing file /usr/local/lib/python3.9/dist-packages/airflow/example_dags/plugins/listener_plugin.py for tasks to queue
[2025-02-10T16:01:36.287+0000] {logging_mixin.py:190} INFO - [2025-02-10T16:01:36.286+0000] {dagbag.py:588} INFO - Filling up the DagBag from /usr/local/lib/python3.9/dist-packages/airflow/example_dags/plugins/listener_plugin.py
[2025-02-10T16:01:36.290+0000] {processor.py:927} WARNING - No viable dags retrieved from /usr/local/lib/python3.9/dist-packages/airflow/example_dags/plugins/listener_plugin.py
[2025-02-10T16:01:36.317+0000] {processor.py:208} INFO - Processing /usr/local/lib/python3.9/dist-packages/airflow/example_dags/plugins/listener_plugin.py took 0.040 seconds
[2025-02-10T16:04:21.590+0000] {processor.py:186} INFO - Started process (PID=84) to work on /usr/local/lib/python3.9/dist-packages/airflow/example_dags/plugins/listener_plugin.py
[2025-02-10T16:04:21.592+0000] {processor.py:914} INFO - Processing file /usr/local/lib/python3.9/dist-packages/airflow/example_dags/plugins/listener_plugin.py for tasks to queue
[2025-02-10T16:04:21.595+0000] {logging_mixin.py:190} INFO - [2025-02-10T16:04:21.594+0000] {dagbag.py:588} INFO - Filling up the DagBag from /usr/local/lib/python3.9/dist-packages/airflow/example_dags/plugins/listener_plugin.py
[2025-02-10T16:04:21.598+0000] {processor.py:927} WARNING - No viable dags retrieved from /usr/local/lib/python3.9/dist-packages/airflow/example_dags/plugins/listener_plugin.py
[2025-02-10T16:04:21.627+0000] {processor.py:208} INFO - Processing /usr/local/lib/python3.9/dist-packages/airflow/example_dags/plugins/listener_plugin.py took 0.042 seconds
[2025-02-10T16:05:36.545+0000] {processor.py:186} INFO - Started process (PID=149) to work on /usr/local/lib/python3.9/dist-packages/airflow/example_dags/plugins/listener_plugin.py
[2025-02-10T16:05:36.547+0000] {processor.py:914} INFO - Processing file /usr/local/lib/python3.9/dist-packages/airflow/example_dags/plugins/listener_plugin.py for tasks to queue
[2025-02-10T16:05:36.549+0000] {logging_mixin.py:190} INFO - [2025-02-10T16:05:36.549+0000] {dagbag.py:588} INFO - Filling up the DagBag from /usr/local/lib/python3.9/dist-packages/airflow/example_dags/plugins/listener_plugin.py
[2025-02-10T16:05:36.552+0000] {processor.py:927} WARNING - No viable dags retrieved from /usr/local/lib/python3.9/dist-packages/airflow/example_dags/plugins/listener_plugin.py
[2025-02-10T16:05:36.583+0000] {processor.py:208} INFO - Processing /usr/local/lib/python3.9/dist-packages/airflow/example_dags/plugins/listener_plugin.py took 0.043 seconds
[2025-02-10T16:06:52.738+0000] {processor.py:186} INFO - Started process (PID=212) to work on /usr/local/lib/python3.9/dist-packages/airflow/example_dags/plugins/listener_plugin.py
[2025-02-10T16:06:52.740+0000] {processor.py:914} INFO - Processing file /usr/local/lib/python3.9/dist-packages/airflow/example_dags/plugins/listener_plugin.py for tasks to queue
[2025-02-10T16:06:52.743+0000] {logging_mixin.py:190} INFO - [2025-02-10T16:06:52.742+0000] {dagbag.py:588} INFO - Filling up the DagBag from /usr/local/lib/python3.9/dist-packages/airflow/example_dags/plugins/listener_plugin.py
[2025-02-10T16:06:52.746+0000] {processor.py:927} WARNING - No viable dags retrieved from /usr/local/lib/python3.9/dist-packages/airflow/example_dags/plugins/listener_plugin.py
[2025-02-10T16:06:52.770+0000] {processor.py:208} INFO - Processing /usr/local/lib/python3.9/dist-packages/airflow/example_dags/plugins/listener_plugin.py took 0.038 seconds
[2025-02-10T16:08:11.370+0000] {processor.py:186} INFO - Started process (PID=276) to work on /usr/local/lib/python3.9/dist-packages/airflow/example_dags/plugins/listener_plugin.py
[2025-02-10T16:08:11.371+0000] {processor.py:914} INFO - Processing file /usr/local/lib/python3.9/dist-packages/airflow/example_dags/plugins/listener_plugin.py for tasks to queue
[2025-02-10T16:08:11.374+0000] {logging_mixin.py:190} INFO - [2025-02-10T16:08:11.374+0000] {dagbag.py:588} INFO - Filling up the DagBag from /usr/local/lib/python3.9/dist-packages/airflow/example_dags/plugins/listener_plugin.py
[2025-02-10T16:08:11.378+0000] {processor.py:927} WARNING - No viable dags retrieved from /usr/local/lib/python3.9/dist-packages/airflow/example_dags/plugins/listener_plugin.py
[2025-02-10T16:08:11.410+0000] {processor.py:208} INFO - Processing /usr/local/lib/python3.9/dist-packages/airflow/example_dags/plugins/listener_plugin.py took 0.046 seconds
[2025-02-10T16:09:31.089+0000] {processor.py:186} INFO - Started process (PID=341) to work on /usr/local/lib/python3.9/dist-packages/airflow/example_dags/plugins/listener_plugin.py
[2025-02-10T16:09:31.091+0000] {processor.py:914} INFO - Processing file /usr/local/lib/python3.9/dist-packages/airflow/example_dags/plugins/listener_plugin.py for tasks to queue
[2025-02-10T16:09:31.094+0000] {logging_mixin.py:190} INFO - [2025-02-10T16:09:31.093+0000] {dagbag.py:588} INFO - Filling up the DagBag from /usr/local/lib/python3.9/dist-packages/airflow/example_dags/plugins/listener_plugin.py
[2025-02-10T16:09:31.097+0000] {processor.py:927} WARNING - No viable dags retrieved from /usr/local/lib/python3.9/dist-packages/airflow/example_dags/plugins/listener_plugin.py
[2025-02-10T16:09:31.124+0000] {processor.py:208} INFO - Processing /usr/local/lib/python3.9/dist-packages/airflow/example_dags/plugins/listener_plugin.py took 0.041 seconds
[2025-02-10T16:10:47.058+0000] {processor.py:186} INFO - Started process (PID=405) to work on /usr/local/lib/python3.9/dist-packages/airflow/example_dags/plugins/listener_plugin.py
[2025-02-10T16:10:47.059+0000] {processor.py:914} INFO - Processing file /usr/local/lib/python3.9/dist-packages/airflow/example_dags/plugins/listener_plugin.py for tasks to queue
[2025-02-10T16:10:47.062+0000] {logging_mixin.py:190} INFO - [2025-02-10T16:10:47.061+0000] {dagbag.py:588} INFO - Filling up the DagBag from /usr/local/lib/python3.9/dist-packages/airflow/example_dags/plugins/listener_plugin.py
[2025-02-10T16:10:47.065+0000] {processor.py:927} WARNING - No viable dags retrieved from /usr/local/lib/python3.9/dist-packages/airflow/example_dags/plugins/listener_plugin.py
[2025-02-10T16:10:47.093+0000] {processor.py:208} INFO - Processing /usr/local/lib/python3.9/dist-packages/airflow/example_dags/plugins/listener_plugin.py took 0.041 seconds
[2025-02-10T16:12:02.411+0000] {processor.py:186} INFO - Started process (PID=469) to work on /usr/local/lib/python3.9/dist-packages/airflow/example_dags/plugins/listener_plugin.py
[2025-02-10T16:12:02.413+0000] {processor.py:914} INFO - Processing file /usr/local/lib/python3.9/dist-packages/airflow/example_dags/plugins/listener_plugin.py for tasks to queue
[2025-02-10T16:12:02.416+0000] {logging_mixin.py:190} INFO - [2025-02-10T16:12:02.415+0000] {dagbag.py:588} INFO - Filling up the DagBag from /usr/local/lib/python3.9/dist-packages/airflow/example_dags/plugins/listener_plugin.py
[2025-02-10T16:12:02.419+0000] {processor.py:927} WARNING - No viable dags retrieved from /usr/local/lib/python3.9/dist-packages/airflow/example_dags/plugins/listener_plugin.py
[2025-02-10T16:12:02.449+0000] {processor.py:208} INFO - Processing /usr/local/lib/python3.9/dist-packages/airflow/example_dags/plugins/listener_plugin.py took 0.043 seconds
[2025-02-10T16:13:15.744+0000] {processor.py:186} INFO - Started process (PID=533) to work on /usr/local/lib/python3.9/dist-packages/airflow/example_dags/plugins/listener_plugin.py
[2025-02-10T16:13:15.746+0000] {processor.py:914} INFO - Processing file /usr/local/lib/python3.9/dist-packages/airflow/example_dags/plugins/listener_plugin.py for tasks to queue
[2025-02-10T16:13:15.749+0000] {logging_mixin.py:190} INFO - [2025-02-10T16:13:15.749+0000] {dagbag.py:588} INFO - Filling up the DagBag from /usr/local/lib/python3.9/dist-packages/airflow/example_dags/plugins/listener_plugin.py
[2025-02-10T16:13:15.752+0000] {processor.py:927} WARNING - No viable dags retrieved from /usr/local/lib/python3.9/dist-packages/airflow/example_dags/plugins/listener_plugin.py
[2025-02-10T16:13:15.779+0000] {processor.py:208} INFO - Processing /usr/local/lib/python3.9/dist-packages/airflow/example_dags/plugins/listener_plugin.py took 0.040 seconds
[2025-02-10T16:14:28.564+0000] {processor.py:186} INFO - Started process (PID=595) to work on /usr/local/lib/python3.9/dist-packages/airflow/example_dags/plugins/listener_plugin.py
[2025-02-10T16:14:28.566+0000] {processor.py:914} INFO - Processing file /usr/local/lib/python3.9/dist-packages/airflow/example_dags/plugins/listener_plugin.py for tasks to queue
[2025-02-10T16:14:28.569+0000] {logging_mixin.py:190} INFO - [2025-02-10T16:14:28.568+0000] {dagbag.py:588} INFO - Filling up the DagBag from /usr/local/lib/python3.9/dist-packages/airflow/example_dags/plugins/listener_plugin.py
[2025-02-10T16:14:28.571+0000] {processor.py:927} WARNING - No viable dags retrieved from /usr/local/lib/python3.9/dist-packages/airflow/example_dags/plugins/listener_plugin.py
[2025-02-10T16:14:28.597+0000] {processor.py:208} INFO - Processing /usr/local/lib/python3.9/dist-packages/airflow/example_dags/plugins/listener_plugin.py took 0.038 seconds
[2025-02-10T16:15:46.778+0000] {processor.py:186} INFO - Started process (PID=659) to work on /usr/local/lib/python3.9/dist-packages/airflow/example_dags/plugins/listener_plugin.py
[2025-02-10T16:15:46.780+0000] {processor.py:914} INFO - Processing file /usr/local/lib/python3.9/dist-packages/airflow/example_dags/plugins/listener_plugin.py for tasks to queue
[2025-02-10T16:15:46.783+0000] {logging_mixin.py:190} INFO - [2025-02-10T16:15:46.782+0000] {dagbag.py:588} INFO - Filling up the DagBag from /usr/local/lib/python3.9/dist-packages/airflow/example_dags/plugins/listener_plugin.py
[2025-02-10T16:15:46.786+0000] {processor.py:927} WARNING - No viable dags retrieved from /usr/local/lib/python3.9/dist-packages/airflow/example_dags/plugins/listener_plugin.py
[2025-02-10T16:15:46.812+0000] {processor.py:208} INFO - Processing /usr/local/lib/python3.9/dist-packages/airflow/example_dags/plugins/listener_plugin.py took 0.039 seconds
[2025-02-10T16:17:09.039+0000] {processor.py:186} INFO - Started process (PID=726) to work on /usr/local/lib/python3.9/dist-packages/airflow/example_dags/plugins/listener_plugin.py
[2025-02-10T16:17:09.041+0000] {processor.py:914} INFO - Processing file /usr/local/lib/python3.9/dist-packages/airflow/example_dags/plugins/listener_plugin.py for tasks to queue
[2025-02-10T16:17:09.043+0000] {logging_mixin.py:190} INFO - [2025-02-10T16:17:09.043+0000] {dagbag.py:588} INFO - Filling up the DagBag from /usr/local/lib/python3.9/dist-packages/airflow/example_dags/plugins/listener_plugin.py
[2025-02-10T16:17:09.047+0000] {processor.py:927} WARNING - No viable dags retrieved from /usr/local/lib/python3.9/dist-packages/airflow/example_dags/plugins/listener_plugin.py
[2025-02-10T16:17:09.074+0000] {processor.py:208} INFO - Processing /usr/local/lib/python3.9/dist-packages/airflow/example_dags/plugins/listener_plugin.py took 0.041 seconds
[2025-02-10T16:18:20.023+0000] {processor.py:186} INFO - Started process (PID=789) to work on /usr/local/lib/python3.9/dist-packages/airflow/example_dags/plugins/listener_plugin.py
[2025-02-10T16:18:20.025+0000] {processor.py:914} INFO - Processing file /usr/local/lib/python3.9/dist-packages/airflow/example_dags/plugins/listener_plugin.py for tasks to queue
[2025-02-10T16:18:20.028+0000] {logging_mixin.py:190} INFO - [2025-02-10T16:18:20.027+0000] {dagbag.py:588} INFO - Filling up the DagBag from /usr/local/lib/python3.9/dist-packages/airflow/example_dags/plugins/listener_plugin.py
[2025-02-10T16:18:20.031+0000] {processor.py:927} WARNING - No viable dags retrieved from /usr/local/lib/python3.9/dist-packages/airflow/example_dags/plugins/listener_plugin.py
[2025-02-10T16:18:20.060+0000] {processor.py:208} INFO - Processing /usr/local/lib/python3.9/dist-packages/airflow/example_dags/plugins/listener_plugin.py took 0.042 seconds
[2025-02-10T16:19:40.348+0000] {processor.py:186} INFO - Started process (PID=854) to work on /usr/local/lib/python3.9/dist-packages/airflow/example_dags/plugins/listener_plugin.py
[2025-02-10T16:19:40.350+0000] {processor.py:914} INFO - Processing file /usr/local/lib/python3.9/dist-packages/airflow/example_dags/plugins/listener_plugin.py for tasks to queue
[2025-02-10T16:19:40.353+0000] {logging_mixin.py:190} INFO - [2025-02-10T16:19:40.353+0000] {dagbag.py:588} INFO - Filling up the DagBag from /usr/local/lib/python3.9/dist-packages/airflow/example_dags/plugins/listener_plugin.py
[2025-02-10T16:19:40.356+0000] {processor.py:927} WARNING - No viable dags retrieved from /usr/local/lib/python3.9/dist-packages/airflow/example_dags/plugins/listener_plugin.py
[2025-02-10T16:19:40.384+0000] {processor.py:208} INFO - Processing /usr/local/lib/python3.9/dist-packages/airflow/example_dags/plugins/listener_plugin.py took 0.043 seconds
[2025-02-10T16:20:58.766+0000] {processor.py:186} INFO - Started process (PID=918) to work on /usr/local/lib/python3.9/dist-packages/airflow/example_dags/plugins/listener_plugin.py
[2025-02-10T16:20:58.767+0000] {processor.py:914} INFO - Processing file /usr/local/lib/python3.9/dist-packages/airflow/example_dags/plugins/listener_plugin.py for tasks to queue
[2025-02-10T16:20:58.770+0000] {logging_mixin.py:190} INFO - [2025-02-10T16:20:58.769+0000] {dagbag.py:588} INFO - Filling up the DagBag from /usr/local/lib/python3.9/dist-packages/airflow/example_dags/plugins/listener_plugin.py
[2025-02-10T16:20:58.772+0000] {processor.py:927} WARNING - No viable dags retrieved from /usr/local/lib/python3.9/dist-packages/airflow/example_dags/plugins/listener_plugin.py
[2025-02-10T16:20:58.802+0000] {processor.py:208} INFO - Processing /usr/local/lib/python3.9/dist-packages/airflow/example_dags/plugins/listener_plugin.py took 0.042 seconds
[2025-02-10T16:22:18.825+0000] {processor.py:186} INFO - Started process (PID=988) to work on /usr/local/lib/python3.9/dist-packages/airflow/example_dags/plugins/listener_plugin.py
[2025-02-10T16:22:18.827+0000] {processor.py:914} INFO - Processing file /usr/local/lib/python3.9/dist-packages/airflow/example_dags/plugins/listener_plugin.py for tasks to queue
[2025-02-10T16:22:18.829+0000] {logging_mixin.py:190} INFO - [2025-02-10T16:22:18.829+0000] {dagbag.py:588} INFO - Filling up the DagBag from /usr/local/lib/python3.9/dist-packages/airflow/example_dags/plugins/listener_plugin.py
[2025-02-10T16:22:18.832+0000] {processor.py:927} WARNING - No viable dags retrieved from /usr/local/lib/python3.9/dist-packages/airflow/example_dags/plugins/listener_plugin.py
[2025-02-10T16:22:18.859+0000] {processor.py:208} INFO - Processing /usr/local/lib/python3.9/dist-packages/airflow/example_dags/plugins/listener_plugin.py took 0.040 seconds
[2025-02-10T16:23:37.546+0000] {processor.py:186} INFO - Started process (PID=1053) to work on /usr/local/lib/python3.9/dist-packages/airflow/example_dags/plugins/listener_plugin.py
[2025-02-10T16:23:37.548+0000] {processor.py:914} INFO - Processing file /usr/local/lib/python3.9/dist-packages/airflow/example_dags/plugins/listener_plugin.py for tasks to queue
[2025-02-10T16:23:37.551+0000] {logging_mixin.py:190} INFO - [2025-02-10T16:23:37.551+0000] {dagbag.py:588} INFO - Filling up the DagBag from /usr/local/lib/python3.9/dist-packages/airflow/example_dags/plugins/listener_plugin.py
[2025-02-10T16:23:37.554+0000] {processor.py:927} WARNING - No viable dags retrieved from /usr/local/lib/python3.9/dist-packages/airflow/example_dags/plugins/listener_plugin.py
[2025-02-10T16:23:37.581+0000] {processor.py:208} INFO - Processing /usr/local/lib/python3.9/dist-packages/airflow/example_dags/plugins/listener_plugin.py took 0.041 seconds
[2025-02-10T16:24:55.900+0000] {processor.py:186} INFO - Started process (PID=1117) to work on /usr/local/lib/python3.9/dist-packages/airflow/example_dags/plugins/listener_plugin.py
[2025-02-10T16:24:55.901+0000] {processor.py:914} INFO - Processing file /usr/local/lib/python3.9/dist-packages/airflow/example_dags/plugins/listener_plugin.py for tasks to queue
[2025-02-10T16:24:55.904+0000] {logging_mixin.py:190} INFO - [2025-02-10T16:24:55.904+0000] {dagbag.py:588} INFO - Filling up the DagBag from /usr/local/lib/python3.9/dist-packages/airflow/example_dags/plugins/listener_plugin.py
[2025-02-10T16:24:55.907+0000] {processor.py:927} WARNING - No viable dags retrieved from /usr/local/lib/python3.9/dist-packages/airflow/example_dags/plugins/listener_plugin.py
[2025-02-10T16:24:55.938+0000] {processor.py:208} INFO - Processing /usr/local/lib/python3.9/dist-packages/airflow/example_dags/plugins/listener_plugin.py took 0.044 seconds
[2025-02-10T16:26:19.255+0000] {processor.py:186} INFO - Started process (PID=1185) to work on /usr/local/lib/python3.9/dist-packages/airflow/example_dags/plugins/listener_plugin.py
[2025-02-10T16:26:19.257+0000] {processor.py:914} INFO - Processing file /usr/local/lib/python3.9/dist-packages/airflow/example_dags/plugins/listener_plugin.py for tasks to queue
[2025-02-10T16:26:19.260+0000] {logging_mixin.py:190} INFO - [2025-02-10T16:26:19.259+0000] {dagbag.py:588} INFO - Filling up the DagBag from /usr/local/lib/python3.9/dist-packages/airflow/example_dags/plugins/listener_plugin.py
[2025-02-10T16:26:19.263+0000] {processor.py:927} WARNING - No viable dags retrieved from /usr/local/lib/python3.9/dist-packages/airflow/example_dags/plugins/listener_plugin.py
[2025-02-10T16:26:19.291+0000] {processor.py:208} INFO - Processing /usr/local/lib/python3.9/dist-packages/airflow/example_dags/plugins/listener_plugin.py took 0.041 seconds
[2025-02-10T16:27:38.826+0000] {processor.py:186} INFO - Started process (PID=1251) to work on /usr/local/lib/python3.9/dist-packages/airflow/example_dags/plugins/listener_plugin.py
[2025-02-10T16:27:38.828+0000] {processor.py:914} INFO - Processing file /usr/local/lib/python3.9/dist-packages/airflow/example_dags/plugins/listener_plugin.py for tasks to queue
[2025-02-10T16:27:38.831+0000] {logging_mixin.py:190} INFO - [2025-02-10T16:27:38.830+0000] {dagbag.py:588} INFO - Filling up the DagBag from /usr/local/lib/python3.9/dist-packages/airflow/example_dags/plugins/listener_plugin.py
[2025-02-10T16:27:38.834+0000] {processor.py:927} WARNING - No viable dags retrieved from /usr/local/lib/python3.9/dist-packages/airflow/example_dags/plugins/listener_plugin.py
[2025-02-10T16:27:38.861+0000] {processor.py:208} INFO - Processing /usr/local/lib/python3.9/dist-packages/airflow/example_dags/plugins/listener_plugin.py took 0.040 seconds
[2025-02-10T16:28:56.508+0000] {processor.py:186} INFO - Started process (PID=1315) to work on /usr/local/lib/python3.9/dist-packages/airflow/example_dags/plugins/listener_plugin.py
[2025-02-10T16:28:56.509+0000] {processor.py:914} INFO - Processing file /usr/local/lib/python3.9/dist-packages/airflow/example_dags/plugins/listener_plugin.py for tasks to queue
[2025-02-10T16:28:56.511+0000] {logging_mixin.py:190} INFO - [2025-02-10T16:28:56.511+0000] {dagbag.py:588} INFO - Filling up the DagBag from /usr/local/lib/python3.9/dist-packages/airflow/example_dags/plugins/listener_plugin.py
[2025-02-10T16:28:56.514+0000] {processor.py:927} WARNING - No viable dags retrieved from /usr/local/lib/python3.9/dist-packages/airflow/example_dags/plugins/listener_plugin.py
[2025-02-10T16:28:56.543+0000] {processor.py:208} INFO - Processing /usr/local/lib/python3.9/dist-packages/airflow/example_dags/plugins/listener_plugin.py took 0.041 seconds
[2025-02-10T16:30:13.960+0000] {processor.py:186} INFO - Started process (PID=1380) to work on /usr/local/lib/python3.9/dist-packages/airflow/example_dags/plugins/listener_plugin.py
[2025-02-10T16:30:13.962+0000] {processor.py:914} INFO - Processing file /usr/local/lib/python3.9/dist-packages/airflow/example_dags/plugins/listener_plugin.py for tasks to queue
[2025-02-10T16:30:13.965+0000] {logging_mixin.py:190} INFO - [2025-02-10T16:30:13.964+0000] {dagbag.py:588} INFO - Filling up the DagBag from /usr/local/lib/python3.9/dist-packages/airflow/example_dags/plugins/listener_plugin.py
[2025-02-10T16:30:13.969+0000] {processor.py:927} WARNING - No viable dags retrieved from /usr/local/lib/python3.9/dist-packages/airflow/example_dags/plugins/listener_plugin.py
[2025-02-10T16:30:13.999+0000] {processor.py:208} INFO - Processing /usr/local/lib/python3.9/dist-packages/airflow/example_dags/plugins/listener_plugin.py took 0.045 seconds
[2025-02-10T16:31:28.573+0000] {processor.py:186} INFO - Started process (PID=1443) to work on /usr/local/lib/python3.9/dist-packages/airflow/example_dags/plugins/listener_plugin.py
[2025-02-10T16:31:28.574+0000] {processor.py:914} INFO - Processing file /usr/local/lib/python3.9/dist-packages/airflow/example_dags/plugins/listener_plugin.py for tasks to queue
[2025-02-10T16:31:28.577+0000] {logging_mixin.py:190} INFO - [2025-02-10T16:31:28.577+0000] {dagbag.py:588} INFO - Filling up the DagBag from /usr/local/lib/python3.9/dist-packages/airflow/example_dags/plugins/listener_plugin.py
[2025-02-10T16:31:28.580+0000] {processor.py:927} WARNING - No viable dags retrieved from /usr/local/lib/python3.9/dist-packages/airflow/example_dags/plugins/listener_plugin.py
[2025-02-10T16:31:28.609+0000] {processor.py:208} INFO - Processing /usr/local/lib/python3.9/dist-packages/airflow/example_dags/plugins/listener_plugin.py took 0.042 seconds
[2025-02-10T16:32:47.101+0000] {processor.py:186} INFO - Started process (PID=1507) to work on /usr/local/lib/python3.9/dist-packages/airflow/example_dags/plugins/listener_plugin.py
[2025-02-10T16:32:47.102+0000] {processor.py:914} INFO - Processing file /usr/local/lib/python3.9/dist-packages/airflow/example_dags/plugins/listener_plugin.py for tasks to queue
[2025-02-10T16:32:47.106+0000] {logging_mixin.py:190} INFO - [2025-02-10T16:32:47.105+0000] {dagbag.py:588} INFO - Filling up the DagBag from /usr/local/lib/python3.9/dist-packages/airflow/example_dags/plugins/listener_plugin.py
[2025-02-10T16:32:47.109+0000] {processor.py:927} WARNING - No viable dags retrieved from /usr/local/lib/python3.9/dist-packages/airflow/example_dags/plugins/listener_plugin.py
[2025-02-10T16:32:47.139+0000] {processor.py:208} INFO - Processing /usr/local/lib/python3.9/dist-packages/airflow/example_dags/plugins/listener_plugin.py took 0.046 seconds
[2025-02-10T16:34:02.040+0000] {processor.py:186} INFO - Started process (PID=1571) to work on /usr/local/lib/python3.9/dist-packages/airflow/example_dags/plugins/listener_plugin.py
[2025-02-10T16:34:02.041+0000] {processor.py:914} INFO - Processing file /usr/local/lib/python3.9/dist-packages/airflow/example_dags/plugins/listener_plugin.py for tasks to queue
[2025-02-10T16:34:02.045+0000] {logging_mixin.py:190} INFO - [2025-02-10T16:34:02.044+0000] {dagbag.py:588} INFO - Filling up the DagBag from /usr/local/lib/python3.9/dist-packages/airflow/example_dags/plugins/listener_plugin.py
[2025-02-10T16:34:02.047+0000] {processor.py:927} WARNING - No viable dags retrieved from /usr/local/lib/python3.9/dist-packages/airflow/example_dags/plugins/listener_plugin.py
[2025-02-10T16:34:02.075+0000] {processor.py:208} INFO - Processing /usr/local/lib/python3.9/dist-packages/airflow/example_dags/plugins/listener_plugin.py took 0.041 seconds
[2025-02-10T16:35:16.487+0000] {processor.py:186} INFO - Started process (PID=1634) to work on /usr/local/lib/python3.9/dist-packages/airflow/example_dags/plugins/listener_plugin.py
[2025-02-10T16:35:16.488+0000] {processor.py:914} INFO - Processing file /usr/local/lib/python3.9/dist-packages/airflow/example_dags/plugins/listener_plugin.py for tasks to queue
[2025-02-10T16:35:16.491+0000] {logging_mixin.py:190} INFO - [2025-02-10T16:35:16.490+0000] {dagbag.py:588} INFO - Filling up the DagBag from /usr/local/lib/python3.9/dist-packages/airflow/example_dags/plugins/listener_plugin.py
[2025-02-10T16:35:16.493+0000] {processor.py:927} WARNING - No viable dags retrieved from /usr/local/lib/python3.9/dist-packages/airflow/example_dags/plugins/listener_plugin.py
[2025-02-10T16:35:16.518+0000] {processor.py:208} INFO - Processing /usr/local/lib/python3.9/dist-packages/airflow/example_dags/plugins/listener_plugin.py took 0.037 seconds
[2025-02-10T16:36:34.010+0000] {processor.py:186} INFO - Started process (PID=1698) to work on /usr/local/lib/python3.9/dist-packages/airflow/example_dags/plugins/listener_plugin.py
[2025-02-10T16:36:34.012+0000] {processor.py:914} INFO - Processing file /usr/local/lib/python3.9/dist-packages/airflow/example_dags/plugins/listener_plugin.py for tasks to queue
[2025-02-10T16:36:34.015+0000] {logging_mixin.py:190} INFO - [2025-02-10T16:36:34.015+0000] {dagbag.py:588} INFO - Filling up the DagBag from /usr/local/lib/python3.9/dist-packages/airflow/example_dags/plugins/listener_plugin.py
[2025-02-10T16:36:34.018+0000] {processor.py:927} WARNING - No viable dags retrieved from /usr/local/lib/python3.9/dist-packages/airflow/example_dags/plugins/listener_plugin.py
[2025-02-10T16:36:34.047+0000] {processor.py:208} INFO - Processing /usr/local/lib/python3.9/dist-packages/airflow/example_dags/plugins/listener_plugin.py took 0.042 seconds
[2025-02-10T16:37:55.919+0000] {processor.py:186} INFO - Started process (PID=1764) to work on /usr/local/lib/python3.9/dist-packages/airflow/example_dags/plugins/listener_plugin.py
[2025-02-10T16:37:55.921+0000] {processor.py:914} INFO - Processing file /usr/local/lib/python3.9/dist-packages/airflow/example_dags/plugins/listener_plugin.py for tasks to queue
[2025-02-10T16:37:55.925+0000] {logging_mixin.py:190} INFO - [2025-02-10T16:37:55.924+0000] {dagbag.py:588} INFO - Filling up the DagBag from /usr/local/lib/python3.9/dist-packages/airflow/example_dags/plugins/listener_plugin.py
[2025-02-10T16:37:55.927+0000] {processor.py:927} WARNING - No viable dags retrieved from /usr/local/lib/python3.9/dist-packages/airflow/example_dags/plugins/listener_plugin.py
[2025-02-10T16:37:55.955+0000] {processor.py:208} INFO - Processing /usr/local/lib/python3.9/dist-packages/airflow/example_dags/plugins/listener_plugin.py took 0.041 seconds
