[2025-02-10T14:49:47.970+0000] {processor.py:186} INFO - Started process (PID=92) to work on /usr/local/lib/python3.9/dist-packages/airflow/example_dags/plugins/workday.py
[2025-02-10T14:49:47.972+0000] {processor.py:914} INFO - Processing file /usr/local/lib/python3.9/dist-packages/airflow/example_dags/plugins/workday.py for tasks to queue
[2025-02-10T14:49:47.974+0000] {logging_mixin.py:190} INFO - [2025-02-10T14:49:47.974+0000] {dagbag.py:588} INFO - Filling up the DagBag from /usr/local/lib/python3.9/dist-packages/airflow/example_dags/plugins/workday.py
[2025-02-10T14:49:47.977+0000] {logging_mixin.py:190} INFO - [2025-02-10T14:49:47.977+0000] {workday.py:41} WARNING - Could not import pandas. Holidays will not be considered.
[2025-02-10T14:49:47.978+0000] {processor.py:927} WARNING - No viable dags retrieved from /usr/local/lib/python3.9/dist-packages/airflow/example_dags/plugins/workday.py
[2025-02-10T14:49:48.008+0000] {processor.py:208} INFO - Processing /usr/local/lib/python3.9/dist-packages/airflow/example_dags/plugins/workday.py took 0.043 seconds
[2025-02-10T14:51:13.910+0000] {processor.py:186} INFO - Started process (PID=165) to work on /usr/local/lib/python3.9/dist-packages/airflow/example_dags/plugins/workday.py
[2025-02-10T14:51:13.912+0000] {processor.py:914} INFO - Processing file /usr/local/lib/python3.9/dist-packages/airflow/example_dags/plugins/workday.py for tasks to queue
[2025-02-10T14:51:13.915+0000] {logging_mixin.py:190} INFO - [2025-02-10T14:51:13.914+0000] {dagbag.py:588} INFO - Filling up the DagBag from /usr/local/lib/python3.9/dist-packages/airflow/example_dags/plugins/workday.py
[2025-02-10T14:51:13.918+0000] {logging_mixin.py:190} INFO - [2025-02-10T14:51:13.918+0000] {workday.py:41} WARNING - Could not import pandas. Holidays will not be considered.
[2025-02-10T14:51:13.919+0000] {processor.py:927} WARNING - No viable dags retrieved from /usr/local/lib/python3.9/dist-packages/airflow/example_dags/plugins/workday.py
[2025-02-10T14:51:13.944+0000] {processor.py:208} INFO - Processing /usr/local/lib/python3.9/dist-packages/airflow/example_dags/plugins/workday.py took 0.039 seconds
[2025-02-10T14:52:34.288+0000] {processor.py:186} INFO - Started process (PID=230) to work on /usr/local/lib/python3.9/dist-packages/airflow/example_dags/plugins/workday.py
[2025-02-10T14:52:34.289+0000] {processor.py:914} INFO - Processing file /usr/local/lib/python3.9/dist-packages/airflow/example_dags/plugins/workday.py for tasks to queue
[2025-02-10T14:52:34.291+0000] {logging_mixin.py:190} INFO - [2025-02-10T14:52:34.291+0000] {dagbag.py:588} INFO - Filling up the DagBag from /usr/local/lib/python3.9/dist-packages/airflow/example_dags/plugins/workday.py
[2025-02-10T14:52:34.294+0000] {logging_mixin.py:190} INFO - [2025-02-10T14:52:34.294+0000] {workday.py:41} WARNING - Could not import pandas. Holidays will not be considered.
[2025-02-10T14:52:34.295+0000] {processor.py:927} WARNING - No viable dags retrieved from /usr/local/lib/python3.9/dist-packages/airflow/example_dags/plugins/workday.py
[2025-02-10T14:52:34.324+0000] {processor.py:208} INFO - Processing /usr/local/lib/python3.9/dist-packages/airflow/example_dags/plugins/workday.py took 0.042 seconds
[2025-02-10T14:53:52.321+0000] {processor.py:186} INFO - Started process (PID=295) to work on /usr/local/lib/python3.9/dist-packages/airflow/example_dags/plugins/workday.py
[2025-02-10T14:53:52.323+0000] {processor.py:914} INFO - Processing file /usr/local/lib/python3.9/dist-packages/airflow/example_dags/plugins/workday.py for tasks to queue
[2025-02-10T14:53:52.327+0000] {logging_mixin.py:190} INFO - [2025-02-10T14:53:52.326+0000] {dagbag.py:588} INFO - Filling up the DagBag from /usr/local/lib/python3.9/dist-packages/airflow/example_dags/plugins/workday.py
[2025-02-10T14:53:52.330+0000] {logging_mixin.py:190} INFO - [2025-02-10T14:53:52.330+0000] {workday.py:41} WARNING - Could not import pandas. Holidays will not be considered.
[2025-02-10T14:53:52.331+0000] {processor.py:927} WARNING - No viable dags retrieved from /usr/local/lib/python3.9/dist-packages/airflow/example_dags/plugins/workday.py
[2025-02-10T14:53:52.361+0000] {processor.py:208} INFO - Processing /usr/local/lib/python3.9/dist-packages/airflow/example_dags/plugins/workday.py took 0.045 seconds
[2025-02-10T14:55:11.443+0000] {processor.py:186} INFO - Started process (PID=361) to work on /usr/local/lib/python3.9/dist-packages/airflow/example_dags/plugins/workday.py
[2025-02-10T14:55:11.445+0000] {processor.py:914} INFO - Processing file /usr/local/lib/python3.9/dist-packages/airflow/example_dags/plugins/workday.py for tasks to queue
[2025-02-10T14:55:11.448+0000] {logging_mixin.py:190} INFO - [2025-02-10T14:55:11.447+0000] {dagbag.py:588} INFO - Filling up the DagBag from /usr/local/lib/python3.9/dist-packages/airflow/example_dags/plugins/workday.py
[2025-02-10T14:55:11.451+0000] {logging_mixin.py:190} INFO - [2025-02-10T14:55:11.451+0000] {workday.py:41} WARNING - Could not import pandas. Holidays will not be considered.
[2025-02-10T14:55:11.452+0000] {processor.py:927} WARNING - No viable dags retrieved from /usr/local/lib/python3.9/dist-packages/airflow/example_dags/plugins/workday.py
[2025-02-10T14:55:11.481+0000] {processor.py:208} INFO - Processing /usr/local/lib/python3.9/dist-packages/airflow/example_dags/plugins/workday.py took 0.043 seconds
[2025-02-10T14:56:31.480+0000] {processor.py:186} INFO - Started process (PID=427) to work on /usr/local/lib/python3.9/dist-packages/airflow/example_dags/plugins/workday.py
[2025-02-10T14:56:31.481+0000] {processor.py:914} INFO - Processing file /usr/local/lib/python3.9/dist-packages/airflow/example_dags/plugins/workday.py for tasks to queue
[2025-02-10T14:56:31.484+0000] {logging_mixin.py:190} INFO - [2025-02-10T14:56:31.484+0000] {dagbag.py:588} INFO - Filling up the DagBag from /usr/local/lib/python3.9/dist-packages/airflow/example_dags/plugins/workday.py
[2025-02-10T14:56:31.488+0000] {logging_mixin.py:190} INFO - [2025-02-10T14:56:31.487+0000] {workday.py:41} WARNING - Could not import pandas. Holidays will not be considered.
[2025-02-10T14:56:31.488+0000] {processor.py:927} WARNING - No viable dags retrieved from /usr/local/lib/python3.9/dist-packages/airflow/example_dags/plugins/workday.py
[2025-02-10T14:56:31.516+0000] {processor.py:208} INFO - Processing /usr/local/lib/python3.9/dist-packages/airflow/example_dags/plugins/workday.py took 0.041 seconds
[2025-02-10T14:57:53.006+0000] {processor.py:186} INFO - Started process (PID=494) to work on /usr/local/lib/python3.9/dist-packages/airflow/example_dags/plugins/workday.py
[2025-02-10T14:57:53.007+0000] {processor.py:914} INFO - Processing file /usr/local/lib/python3.9/dist-packages/airflow/example_dags/plugins/workday.py for tasks to queue
[2025-02-10T14:57:53.009+0000] {logging_mixin.py:190} INFO - [2025-02-10T14:57:53.009+0000] {dagbag.py:588} INFO - Filling up the DagBag from /usr/local/lib/python3.9/dist-packages/airflow/example_dags/plugins/workday.py
[2025-02-10T14:57:53.013+0000] {logging_mixin.py:190} INFO - [2025-02-10T14:57:53.013+0000] {workday.py:41} WARNING - Could not import pandas. Holidays will not be considered.
[2025-02-10T14:57:53.014+0000] {processor.py:927} WARNING - No viable dags retrieved from /usr/local/lib/python3.9/dist-packages/airflow/example_dags/plugins/workday.py
[2025-02-10T14:57:53.041+0000] {processor.py:208} INFO - Processing /usr/local/lib/python3.9/dist-packages/airflow/example_dags/plugins/workday.py took 0.041 seconds
[2025-02-10T14:59:07.001+0000] {processor.py:186} INFO - Started process (PID=560) to work on /usr/local/lib/python3.9/dist-packages/airflow/example_dags/plugins/workday.py
[2025-02-10T14:59:07.004+0000] {processor.py:914} INFO - Processing file /usr/local/lib/python3.9/dist-packages/airflow/example_dags/plugins/workday.py for tasks to queue
[2025-02-10T14:59:07.011+0000] {logging_mixin.py:190} INFO - [2025-02-10T14:59:07.010+0000] {dagbag.py:588} INFO - Filling up the DagBag from /usr/local/lib/python3.9/dist-packages/airflow/example_dags/plugins/workday.py
[2025-02-10T14:59:07.017+0000] {logging_mixin.py:190} INFO - [2025-02-10T14:59:07.016+0000] {workday.py:41} WARNING - Could not import pandas. Holidays will not be considered.
[2025-02-10T14:59:07.018+0000] {processor.py:927} WARNING - No viable dags retrieved from /usr/local/lib/python3.9/dist-packages/airflow/example_dags/plugins/workday.py
[2025-02-10T14:59:07.058+0000] {processor.py:208} INFO - Processing /usr/local/lib/python3.9/dist-packages/airflow/example_dags/plugins/workday.py took 0.069 seconds
[2025-02-10T15:00:19.742+0000] {processor.py:186} INFO - Started process (PID=622) to work on /usr/local/lib/python3.9/dist-packages/airflow/example_dags/plugins/workday.py
[2025-02-10T15:00:19.744+0000] {processor.py:914} INFO - Processing file /usr/local/lib/python3.9/dist-packages/airflow/example_dags/plugins/workday.py for tasks to queue
[2025-02-10T15:00:19.748+0000] {logging_mixin.py:190} INFO - [2025-02-10T15:00:19.747+0000] {dagbag.py:588} INFO - Filling up the DagBag from /usr/local/lib/python3.9/dist-packages/airflow/example_dags/plugins/workday.py
[2025-02-10T15:00:19.753+0000] {logging_mixin.py:190} INFO - [2025-02-10T15:00:19.752+0000] {workday.py:41} WARNING - Could not import pandas. Holidays will not be considered.
[2025-02-10T15:00:19.754+0000] {processor.py:927} WARNING - No viable dags retrieved from /usr/local/lib/python3.9/dist-packages/airflow/example_dags/plugins/workday.py
[2025-02-10T15:00:19.785+0000] {processor.py:208} INFO - Processing /usr/local/lib/python3.9/dist-packages/airflow/example_dags/plugins/workday.py took 0.057 seconds
[2025-02-10T15:01:37.489+0000] {processor.py:186} INFO - Started process (PID=687) to work on /usr/local/lib/python3.9/dist-packages/airflow/example_dags/plugins/workday.py
[2025-02-10T15:01:37.491+0000] {processor.py:914} INFO - Processing file /usr/local/lib/python3.9/dist-packages/airflow/example_dags/plugins/workday.py for tasks to queue
[2025-02-10T15:01:37.494+0000] {logging_mixin.py:190} INFO - [2025-02-10T15:01:37.493+0000] {dagbag.py:588} INFO - Filling up the DagBag from /usr/local/lib/python3.9/dist-packages/airflow/example_dags/plugins/workday.py
[2025-02-10T15:01:37.498+0000] {logging_mixin.py:190} INFO - [2025-02-10T15:01:37.497+0000] {workday.py:41} WARNING - Could not import pandas. Holidays will not be considered.
[2025-02-10T15:01:37.499+0000] {processor.py:927} WARNING - No viable dags retrieved from /usr/local/lib/python3.9/dist-packages/airflow/example_dags/plugins/workday.py
[2025-02-10T15:01:37.526+0000] {processor.py:208} INFO - Processing /usr/local/lib/python3.9/dist-packages/airflow/example_dags/plugins/workday.py took 0.042 seconds
[2025-02-10T15:02:57.274+0000] {processor.py:186} INFO - Started process (PID=755) to work on /usr/local/lib/python3.9/dist-packages/airflow/example_dags/plugins/workday.py
[2025-02-10T15:02:57.275+0000] {processor.py:914} INFO - Processing file /usr/local/lib/python3.9/dist-packages/airflow/example_dags/plugins/workday.py for tasks to queue
[2025-02-10T15:02:57.278+0000] {logging_mixin.py:190} INFO - [2025-02-10T15:02:57.278+0000] {dagbag.py:588} INFO - Filling up the DagBag from /usr/local/lib/python3.9/dist-packages/airflow/example_dags/plugins/workday.py
[2025-02-10T15:02:57.282+0000] {logging_mixin.py:190} INFO - [2025-02-10T15:02:57.282+0000] {workday.py:41} WARNING - Could not import pandas. Holidays will not be considered.
[2025-02-10T15:02:57.283+0000] {processor.py:927} WARNING - No viable dags retrieved from /usr/local/lib/python3.9/dist-packages/airflow/example_dags/plugins/workday.py
[2025-02-10T15:02:57.313+0000] {processor.py:208} INFO - Processing /usr/local/lib/python3.9/dist-packages/airflow/example_dags/plugins/workday.py took 0.044 seconds
[2025-02-10T15:04:15.103+0000] {processor.py:186} INFO - Started process (PID=820) to work on /usr/local/lib/python3.9/dist-packages/airflow/example_dags/plugins/workday.py
[2025-02-10T15:04:15.104+0000] {processor.py:914} INFO - Processing file /usr/local/lib/python3.9/dist-packages/airflow/example_dags/plugins/workday.py for tasks to queue
[2025-02-10T15:04:15.107+0000] {logging_mixin.py:190} INFO - [2025-02-10T15:04:15.107+0000] {dagbag.py:588} INFO - Filling up the DagBag from /usr/local/lib/python3.9/dist-packages/airflow/example_dags/plugins/workday.py
[2025-02-10T15:04:15.110+0000] {logging_mixin.py:190} INFO - [2025-02-10T15:04:15.110+0000] {workday.py:41} WARNING - Could not import pandas. Holidays will not be considered.
[2025-02-10T15:04:15.111+0000] {processor.py:927} WARNING - No viable dags retrieved from /usr/local/lib/python3.9/dist-packages/airflow/example_dags/plugins/workday.py
[2025-02-10T15:04:15.140+0000] {processor.py:208} INFO - Processing /usr/local/lib/python3.9/dist-packages/airflow/example_dags/plugins/workday.py took 0.042 seconds
[2025-02-10T15:05:34.801+0000] {processor.py:186} INFO - Started process (PID=885) to work on /usr/local/lib/python3.9/dist-packages/airflow/example_dags/plugins/workday.py
[2025-02-10T15:05:34.802+0000] {processor.py:914} INFO - Processing file /usr/local/lib/python3.9/dist-packages/airflow/example_dags/plugins/workday.py for tasks to queue
[2025-02-10T15:05:34.805+0000] {logging_mixin.py:190} INFO - [2025-02-10T15:05:34.805+0000] {dagbag.py:588} INFO - Filling up the DagBag from /usr/local/lib/python3.9/dist-packages/airflow/example_dags/plugins/workday.py
[2025-02-10T15:05:34.809+0000] {logging_mixin.py:190} INFO - [2025-02-10T15:05:34.809+0000] {workday.py:41} WARNING - Could not import pandas. Holidays will not be considered.
[2025-02-10T15:05:34.810+0000] {processor.py:927} WARNING - No viable dags retrieved from /usr/local/lib/python3.9/dist-packages/airflow/example_dags/plugins/workday.py
[2025-02-10T15:05:34.838+0000] {processor.py:208} INFO - Processing /usr/local/lib/python3.9/dist-packages/airflow/example_dags/plugins/workday.py took 0.044 seconds
[2025-02-10T15:06:54.563+0000] {processor.py:186} INFO - Started process (PID=951) to work on /usr/local/lib/python3.9/dist-packages/airflow/example_dags/plugins/workday.py
[2025-02-10T15:06:54.565+0000] {processor.py:914} INFO - Processing file /usr/local/lib/python3.9/dist-packages/airflow/example_dags/plugins/workday.py for tasks to queue
[2025-02-10T15:06:54.569+0000] {logging_mixin.py:190} INFO - [2025-02-10T15:06:54.568+0000] {dagbag.py:588} INFO - Filling up the DagBag from /usr/local/lib/python3.9/dist-packages/airflow/example_dags/plugins/workday.py
[2025-02-10T15:06:54.572+0000] {logging_mixin.py:190} INFO - [2025-02-10T15:06:54.572+0000] {workday.py:41} WARNING - Could not import pandas. Holidays will not be considered.
[2025-02-10T15:06:54.573+0000] {processor.py:927} WARNING - No viable dags retrieved from /usr/local/lib/python3.9/dist-packages/airflow/example_dags/plugins/workday.py
[2025-02-10T15:06:54.599+0000] {processor.py:208} INFO - Processing /usr/local/lib/python3.9/dist-packages/airflow/example_dags/plugins/workday.py took 0.042 seconds
[2025-02-10T15:08:12.182+0000] {processor.py:186} INFO - Started process (PID=1017) to work on /usr/local/lib/python3.9/dist-packages/airflow/example_dags/plugins/workday.py
[2025-02-10T15:08:12.183+0000] {processor.py:914} INFO - Processing file /usr/local/lib/python3.9/dist-packages/airflow/example_dags/plugins/workday.py for tasks to queue
[2025-02-10T15:08:12.186+0000] {logging_mixin.py:190} INFO - [2025-02-10T15:08:12.186+0000] {dagbag.py:588} INFO - Filling up the DagBag from /usr/local/lib/python3.9/dist-packages/airflow/example_dags/plugins/workday.py
[2025-02-10T15:08:12.190+0000] {logging_mixin.py:190} INFO - [2025-02-10T15:08:12.189+0000] {workday.py:41} WARNING - Could not import pandas. Holidays will not be considered.
[2025-02-10T15:08:12.191+0000] {processor.py:927} WARNING - No viable dags retrieved from /usr/local/lib/python3.9/dist-packages/airflow/example_dags/plugins/workday.py
[2025-02-10T15:08:12.221+0000] {processor.py:208} INFO - Processing /usr/local/lib/python3.9/dist-packages/airflow/example_dags/plugins/workday.py took 0.045 seconds
[2025-02-10T15:09:30.800+0000] {processor.py:186} INFO - Started process (PID=1081) to work on /usr/local/lib/python3.9/dist-packages/airflow/example_dags/plugins/workday.py
[2025-02-10T15:09:30.802+0000] {processor.py:914} INFO - Processing file /usr/local/lib/python3.9/dist-packages/airflow/example_dags/plugins/workday.py for tasks to queue
[2025-02-10T15:09:30.805+0000] {logging_mixin.py:190} INFO - [2025-02-10T15:09:30.805+0000] {dagbag.py:588} INFO - Filling up the DagBag from /usr/local/lib/python3.9/dist-packages/airflow/example_dags/plugins/workday.py
[2025-02-10T15:09:30.808+0000] {logging_mixin.py:190} INFO - [2025-02-10T15:09:30.808+0000] {workday.py:41} WARNING - Could not import pandas. Holidays will not be considered.
[2025-02-10T15:09:30.809+0000] {processor.py:927} WARNING - No viable dags retrieved from /usr/local/lib/python3.9/dist-packages/airflow/example_dags/plugins/workday.py
[2025-02-10T15:09:30.838+0000] {processor.py:208} INFO - Processing /usr/local/lib/python3.9/dist-packages/airflow/example_dags/plugins/workday.py took 0.043 seconds
[2025-02-10T15:10:49.817+0000] {processor.py:186} INFO - Started process (PID=1147) to work on /usr/local/lib/python3.9/dist-packages/airflow/example_dags/plugins/workday.py
[2025-02-10T15:10:49.818+0000] {processor.py:914} INFO - Processing file /usr/local/lib/python3.9/dist-packages/airflow/example_dags/plugins/workday.py for tasks to queue
[2025-02-10T15:10:49.821+0000] {logging_mixin.py:190} INFO - [2025-02-10T15:10:49.820+0000] {dagbag.py:588} INFO - Filling up the DagBag from /usr/local/lib/python3.9/dist-packages/airflow/example_dags/plugins/workday.py
[2025-02-10T15:10:49.825+0000] {logging_mixin.py:190} INFO - [2025-02-10T15:10:49.824+0000] {workday.py:41} WARNING - Could not import pandas. Holidays will not be considered.
[2025-02-10T15:10:49.825+0000] {processor.py:927} WARNING - No viable dags retrieved from /usr/local/lib/python3.9/dist-packages/airflow/example_dags/plugins/workday.py
[2025-02-10T15:10:49.853+0000] {processor.py:208} INFO - Processing /usr/local/lib/python3.9/dist-packages/airflow/example_dags/plugins/workday.py took 0.041 seconds
[2025-02-10T15:12:10.215+0000] {processor.py:186} INFO - Started process (PID=1214) to work on /usr/local/lib/python3.9/dist-packages/airflow/example_dags/plugins/workday.py
[2025-02-10T15:12:10.216+0000] {processor.py:914} INFO - Processing file /usr/local/lib/python3.9/dist-packages/airflow/example_dags/plugins/workday.py for tasks to queue
[2025-02-10T15:12:10.219+0000] {logging_mixin.py:190} INFO - [2025-02-10T15:12:10.219+0000] {dagbag.py:588} INFO - Filling up the DagBag from /usr/local/lib/python3.9/dist-packages/airflow/example_dags/plugins/workday.py
[2025-02-10T15:12:10.223+0000] {logging_mixin.py:190} INFO - [2025-02-10T15:12:10.223+0000] {workday.py:41} WARNING - Could not import pandas. Holidays will not be considered.
[2025-02-10T15:12:10.224+0000] {processor.py:927} WARNING - No viable dags retrieved from /usr/local/lib/python3.9/dist-packages/airflow/example_dags/plugins/workday.py
[2025-02-10T15:12:10.254+0000] {processor.py:208} INFO - Processing /usr/local/lib/python3.9/dist-packages/airflow/example_dags/plugins/workday.py took 0.046 seconds
[2025-02-10T15:13:27.288+0000] {processor.py:186} INFO - Started process (PID=1279) to work on /usr/local/lib/python3.9/dist-packages/airflow/example_dags/plugins/workday.py
[2025-02-10T15:13:27.289+0000] {processor.py:914} INFO - Processing file /usr/local/lib/python3.9/dist-packages/airflow/example_dags/plugins/workday.py for tasks to queue
[2025-02-10T15:13:27.292+0000] {logging_mixin.py:190} INFO - [2025-02-10T15:13:27.292+0000] {dagbag.py:588} INFO - Filling up the DagBag from /usr/local/lib/python3.9/dist-packages/airflow/example_dags/plugins/workday.py
[2025-02-10T15:13:27.296+0000] {logging_mixin.py:190} INFO - [2025-02-10T15:13:27.296+0000] {workday.py:41} WARNING - Could not import pandas. Holidays will not be considered.
[2025-02-10T15:13:27.297+0000] {processor.py:927} WARNING - No viable dags retrieved from /usr/local/lib/python3.9/dist-packages/airflow/example_dags/plugins/workday.py
[2025-02-10T15:13:27.330+0000] {processor.py:208} INFO - Processing /usr/local/lib/python3.9/dist-packages/airflow/example_dags/plugins/workday.py took 0.049 seconds
[2025-02-10T15:14:44.414+0000] {processor.py:186} INFO - Started process (PID=1343) to work on /usr/local/lib/python3.9/dist-packages/airflow/example_dags/plugins/workday.py
[2025-02-10T15:14:44.416+0000] {processor.py:914} INFO - Processing file /usr/local/lib/python3.9/dist-packages/airflow/example_dags/plugins/workday.py for tasks to queue
[2025-02-10T15:14:44.419+0000] {logging_mixin.py:190} INFO - [2025-02-10T15:14:44.418+0000] {dagbag.py:588} INFO - Filling up the DagBag from /usr/local/lib/python3.9/dist-packages/airflow/example_dags/plugins/workday.py
[2025-02-10T15:14:44.423+0000] {logging_mixin.py:190} INFO - [2025-02-10T15:14:44.422+0000] {workday.py:41} WARNING - Could not import pandas. Holidays will not be considered.
[2025-02-10T15:14:44.424+0000] {processor.py:927} WARNING - No viable dags retrieved from /usr/local/lib/python3.9/dist-packages/airflow/example_dags/plugins/workday.py
[2025-02-10T15:14:44.454+0000] {processor.py:208} INFO - Processing /usr/local/lib/python3.9/dist-packages/airflow/example_dags/plugins/workday.py took 0.044 seconds
[2025-02-10T15:26:04.160+0000] {processor.py:186} INFO - Started process (PID=83) to work on /usr/local/lib/python3.9/dist-packages/airflow/example_dags/plugins/workday.py
[2025-02-10T15:26:04.161+0000] {processor.py:914} INFO - Processing file /usr/local/lib/python3.9/dist-packages/airflow/example_dags/plugins/workday.py for tasks to queue
[2025-02-10T15:26:04.163+0000] {logging_mixin.py:190} INFO - [2025-02-10T15:26:04.163+0000] {dagbag.py:588} INFO - Filling up the DagBag from /usr/local/lib/python3.9/dist-packages/airflow/example_dags/plugins/workday.py
[2025-02-10T15:26:04.167+0000] {logging_mixin.py:190} INFO - [2025-02-10T15:26:04.167+0000] {workday.py:41} WARNING - Could not import pandas. Holidays will not be considered.
[2025-02-10T15:26:04.168+0000] {processor.py:927} WARNING - No viable dags retrieved from /usr/local/lib/python3.9/dist-packages/airflow/example_dags/plugins/workday.py
[2025-02-10T15:26:04.192+0000] {processor.py:208} INFO - Processing /usr/local/lib/python3.9/dist-packages/airflow/example_dags/plugins/workday.py took 0.038 seconds
[2025-02-10T15:27:20.975+0000] {processor.py:186} INFO - Started process (PID=148) to work on /usr/local/lib/python3.9/dist-packages/airflow/example_dags/plugins/workday.py
[2025-02-10T15:27:20.977+0000] {processor.py:914} INFO - Processing file /usr/local/lib/python3.9/dist-packages/airflow/example_dags/plugins/workday.py for tasks to queue
[2025-02-10T15:27:20.980+0000] {logging_mixin.py:190} INFO - [2025-02-10T15:27:20.980+0000] {dagbag.py:588} INFO - Filling up the DagBag from /usr/local/lib/python3.9/dist-packages/airflow/example_dags/plugins/workday.py
[2025-02-10T15:27:20.984+0000] {logging_mixin.py:190} INFO - [2025-02-10T15:27:20.984+0000] {workday.py:41} WARNING - Could not import pandas. Holidays will not be considered.
[2025-02-10T15:27:20.985+0000] {processor.py:927} WARNING - No viable dags retrieved from /usr/local/lib/python3.9/dist-packages/airflow/example_dags/plugins/workday.py
[2025-02-10T15:27:21.016+0000] {processor.py:208} INFO - Processing /usr/local/lib/python3.9/dist-packages/airflow/example_dags/plugins/workday.py took 0.046 seconds
[2025-02-10T15:28:41.775+0000] {processor.py:186} INFO - Started process (PID=213) to work on /usr/local/lib/python3.9/dist-packages/airflow/example_dags/plugins/workday.py
[2025-02-10T15:28:41.777+0000] {processor.py:914} INFO - Processing file /usr/local/lib/python3.9/dist-packages/airflow/example_dags/plugins/workday.py for tasks to queue
[2025-02-10T15:28:41.780+0000] {logging_mixin.py:190} INFO - [2025-02-10T15:28:41.779+0000] {dagbag.py:588} INFO - Filling up the DagBag from /usr/local/lib/python3.9/dist-packages/airflow/example_dags/plugins/workday.py
[2025-02-10T15:28:41.783+0000] {logging_mixin.py:190} INFO - [2025-02-10T15:28:41.783+0000] {workday.py:41} WARNING - Could not import pandas. Holidays will not be considered.
[2025-02-10T15:28:41.784+0000] {processor.py:927} WARNING - No viable dags retrieved from /usr/local/lib/python3.9/dist-packages/airflow/example_dags/plugins/workday.py
[2025-02-10T15:28:41.811+0000] {processor.py:208} INFO - Processing /usr/local/lib/python3.9/dist-packages/airflow/example_dags/plugins/workday.py took 0.041 seconds
[2025-02-10T15:30:00.397+0000] {processor.py:186} INFO - Started process (PID=279) to work on /usr/local/lib/python3.9/dist-packages/airflow/example_dags/plugins/workday.py
[2025-02-10T15:30:00.399+0000] {processor.py:914} INFO - Processing file /usr/local/lib/python3.9/dist-packages/airflow/example_dags/plugins/workday.py for tasks to queue
[2025-02-10T15:30:00.402+0000] {logging_mixin.py:190} INFO - [2025-02-10T15:30:00.401+0000] {dagbag.py:588} INFO - Filling up the DagBag from /usr/local/lib/python3.9/dist-packages/airflow/example_dags/plugins/workday.py
[2025-02-10T15:30:00.405+0000] {logging_mixin.py:190} INFO - [2025-02-10T15:30:00.405+0000] {workday.py:41} WARNING - Could not import pandas. Holidays will not be considered.
[2025-02-10T15:30:00.406+0000] {processor.py:927} WARNING - No viable dags retrieved from /usr/local/lib/python3.9/dist-packages/airflow/example_dags/plugins/workday.py
[2025-02-10T15:30:00.432+0000] {processor.py:208} INFO - Processing /usr/local/lib/python3.9/dist-packages/airflow/example_dags/plugins/workday.py took 0.040 seconds
[2025-02-10T15:31:15.437+0000] {processor.py:186} INFO - Started process (PID=342) to work on /usr/local/lib/python3.9/dist-packages/airflow/example_dags/plugins/workday.py
[2025-02-10T15:31:15.439+0000] {processor.py:914} INFO - Processing file /usr/local/lib/python3.9/dist-packages/airflow/example_dags/plugins/workday.py for tasks to queue
[2025-02-10T15:31:15.441+0000] {logging_mixin.py:190} INFO - [2025-02-10T15:31:15.441+0000] {dagbag.py:588} INFO - Filling up the DagBag from /usr/local/lib/python3.9/dist-packages/airflow/example_dags/plugins/workday.py
[2025-02-10T15:31:15.445+0000] {logging_mixin.py:190} INFO - [2025-02-10T15:31:15.445+0000] {workday.py:41} WARNING - Could not import pandas. Holidays will not be considered.
[2025-02-10T15:31:15.446+0000] {processor.py:927} WARNING - No viable dags retrieved from /usr/local/lib/python3.9/dist-packages/airflow/example_dags/plugins/workday.py
[2025-02-10T15:31:15.476+0000] {processor.py:208} INFO - Processing /usr/local/lib/python3.9/dist-packages/airflow/example_dags/plugins/workday.py took 0.044 seconds
[2025-02-10T15:32:33.208+0000] {processor.py:186} INFO - Started process (PID=406) to work on /usr/local/lib/python3.9/dist-packages/airflow/example_dags/plugins/workday.py
[2025-02-10T15:32:33.210+0000] {processor.py:914} INFO - Processing file /usr/local/lib/python3.9/dist-packages/airflow/example_dags/plugins/workday.py for tasks to queue
[2025-02-10T15:32:33.213+0000] {logging_mixin.py:190} INFO - [2025-02-10T15:32:33.212+0000] {dagbag.py:588} INFO - Filling up the DagBag from /usr/local/lib/python3.9/dist-packages/airflow/example_dags/plugins/workday.py
[2025-02-10T15:32:33.216+0000] {logging_mixin.py:190} INFO - [2025-02-10T15:32:33.215+0000] {workday.py:41} WARNING - Could not import pandas. Holidays will not be considered.
[2025-02-10T15:32:33.217+0000] {processor.py:927} WARNING - No viable dags retrieved from /usr/local/lib/python3.9/dist-packages/airflow/example_dags/plugins/workday.py
[2025-02-10T15:32:33.243+0000] {processor.py:208} INFO - Processing /usr/local/lib/python3.9/dist-packages/airflow/example_dags/plugins/workday.py took 0.040 seconds
[2025-02-10T15:33:54.772+0000] {processor.py:186} INFO - Started process (PID=472) to work on /usr/local/lib/python3.9/dist-packages/airflow/example_dags/plugins/workday.py
[2025-02-10T15:33:54.774+0000] {processor.py:914} INFO - Processing file /usr/local/lib/python3.9/dist-packages/airflow/example_dags/plugins/workday.py for tasks to queue
[2025-02-10T15:33:54.776+0000] {logging_mixin.py:190} INFO - [2025-02-10T15:33:54.776+0000] {dagbag.py:588} INFO - Filling up the DagBag from /usr/local/lib/python3.9/dist-packages/airflow/example_dags/plugins/workday.py
[2025-02-10T15:33:54.779+0000] {logging_mixin.py:190} INFO - [2025-02-10T15:33:54.779+0000] {workday.py:41} WARNING - Could not import pandas. Holidays will not be considered.
[2025-02-10T15:33:54.780+0000] {processor.py:927} WARNING - No viable dags retrieved from /usr/local/lib/python3.9/dist-packages/airflow/example_dags/plugins/workday.py
[2025-02-10T15:33:54.806+0000] {processor.py:208} INFO - Processing /usr/local/lib/python3.9/dist-packages/airflow/example_dags/plugins/workday.py took 0.039 seconds
[2025-02-10T15:35:16.768+0000] {processor.py:186} INFO - Started process (PID=540) to work on /usr/local/lib/python3.9/dist-packages/airflow/example_dags/plugins/workday.py
[2025-02-10T15:35:16.770+0000] {processor.py:914} INFO - Processing file /usr/local/lib/python3.9/dist-packages/airflow/example_dags/plugins/workday.py for tasks to queue
[2025-02-10T15:35:16.772+0000] {logging_mixin.py:190} INFO - [2025-02-10T15:35:16.772+0000] {dagbag.py:588} INFO - Filling up the DagBag from /usr/local/lib/python3.9/dist-packages/airflow/example_dags/plugins/workday.py
[2025-02-10T15:35:16.775+0000] {logging_mixin.py:190} INFO - [2025-02-10T15:35:16.775+0000] {workday.py:41} WARNING - Could not import pandas. Holidays will not be considered.
[2025-02-10T15:35:16.776+0000] {processor.py:927} WARNING - No viable dags retrieved from /usr/local/lib/python3.9/dist-packages/airflow/example_dags/plugins/workday.py
[2025-02-10T15:35:16.802+0000] {processor.py:208} INFO - Processing /usr/local/lib/python3.9/dist-packages/airflow/example_dags/plugins/workday.py took 0.039 seconds
[2025-02-10T15:36:37.024+0000] {processor.py:186} INFO - Started process (PID=604) to work on /usr/local/lib/python3.9/dist-packages/airflow/example_dags/plugins/workday.py
[2025-02-10T15:36:37.025+0000] {processor.py:914} INFO - Processing file /usr/local/lib/python3.9/dist-packages/airflow/example_dags/plugins/workday.py for tasks to queue
[2025-02-10T15:36:37.028+0000] {logging_mixin.py:190} INFO - [2025-02-10T15:36:37.027+0000] {dagbag.py:588} INFO - Filling up the DagBag from /usr/local/lib/python3.9/dist-packages/airflow/example_dags/plugins/workday.py
[2025-02-10T15:36:37.031+0000] {logging_mixin.py:190} INFO - [2025-02-10T15:36:37.031+0000] {workday.py:41} WARNING - Could not import pandas. Holidays will not be considered.
[2025-02-10T15:36:37.032+0000] {processor.py:927} WARNING - No viable dags retrieved from /usr/local/lib/python3.9/dist-packages/airflow/example_dags/plugins/workday.py
[2025-02-10T15:36:37.062+0000] {processor.py:208} INFO - Processing /usr/local/lib/python3.9/dist-packages/airflow/example_dags/plugins/workday.py took 0.044 seconds
[2025-02-10T15:37:56.762+0000] {processor.py:186} INFO - Started process (PID=670) to work on /usr/local/lib/python3.9/dist-packages/airflow/example_dags/plugins/workday.py
[2025-02-10T15:37:56.764+0000] {processor.py:914} INFO - Processing file /usr/local/lib/python3.9/dist-packages/airflow/example_dags/plugins/workday.py for tasks to queue
[2025-02-10T15:37:56.769+0000] {logging_mixin.py:190} INFO - [2025-02-10T15:37:56.767+0000] {dagbag.py:588} INFO - Filling up the DagBag from /usr/local/lib/python3.9/dist-packages/airflow/example_dags/plugins/workday.py
[2025-02-10T15:37:56.773+0000] {logging_mixin.py:190} INFO - [2025-02-10T15:37:56.773+0000] {workday.py:41} WARNING - Could not import pandas. Holidays will not be considered.
[2025-02-10T15:37:56.774+0000] {processor.py:927} WARNING - No viable dags retrieved from /usr/local/lib/python3.9/dist-packages/airflow/example_dags/plugins/workday.py
[2025-02-10T15:37:56.796+0000] {processor.py:208} INFO - Processing /usr/local/lib/python3.9/dist-packages/airflow/example_dags/plugins/workday.py took 0.041 seconds
[2025-02-10T15:39:21.169+0000] {processor.py:186} INFO - Started process (PID=737) to work on /usr/local/lib/python3.9/dist-packages/airflow/example_dags/plugins/workday.py
[2025-02-10T15:39:21.171+0000] {processor.py:914} INFO - Processing file /usr/local/lib/python3.9/dist-packages/airflow/example_dags/plugins/workday.py for tasks to queue
[2025-02-10T15:39:21.174+0000] {logging_mixin.py:190} INFO - [2025-02-10T15:39:21.173+0000] {dagbag.py:588} INFO - Filling up the DagBag from /usr/local/lib/python3.9/dist-packages/airflow/example_dags/plugins/workday.py
[2025-02-10T15:39:21.178+0000] {logging_mixin.py:190} INFO - [2025-02-10T15:39:21.178+0000] {workday.py:41} WARNING - Could not import pandas. Holidays will not be considered.
[2025-02-10T15:39:21.179+0000] {processor.py:927} WARNING - No viable dags retrieved from /usr/local/lib/python3.9/dist-packages/airflow/example_dags/plugins/workday.py
[2025-02-10T15:39:21.209+0000] {processor.py:208} INFO - Processing /usr/local/lib/python3.9/dist-packages/airflow/example_dags/plugins/workday.py took 0.045 seconds
[2025-02-10T15:40:40.569+0000] {processor.py:186} INFO - Started process (PID=803) to work on /usr/local/lib/python3.9/dist-packages/airflow/example_dags/plugins/workday.py
[2025-02-10T15:40:40.571+0000] {processor.py:914} INFO - Processing file /usr/local/lib/python3.9/dist-packages/airflow/example_dags/plugins/workday.py for tasks to queue
[2025-02-10T15:40:40.573+0000] {logging_mixin.py:190} INFO - [2025-02-10T15:40:40.573+0000] {dagbag.py:588} INFO - Filling up the DagBag from /usr/local/lib/python3.9/dist-packages/airflow/example_dags/plugins/workday.py
[2025-02-10T15:40:40.577+0000] {logging_mixin.py:190} INFO - [2025-02-10T15:40:40.576+0000] {workday.py:41} WARNING - Could not import pandas. Holidays will not be considered.
[2025-02-10T15:40:40.577+0000] {processor.py:927} WARNING - No viable dags retrieved from /usr/local/lib/python3.9/dist-packages/airflow/example_dags/plugins/workday.py
[2025-02-10T15:40:40.601+0000] {processor.py:208} INFO - Processing /usr/local/lib/python3.9/dist-packages/airflow/example_dags/plugins/workday.py took 0.038 seconds
[2025-02-10T15:41:58.286+0000] {processor.py:186} INFO - Started process (PID=868) to work on /usr/local/lib/python3.9/dist-packages/airflow/example_dags/plugins/workday.py
[2025-02-10T15:41:58.288+0000] {processor.py:914} INFO - Processing file /usr/local/lib/python3.9/dist-packages/airflow/example_dags/plugins/workday.py for tasks to queue
[2025-02-10T15:41:58.290+0000] {logging_mixin.py:190} INFO - [2025-02-10T15:41:58.289+0000] {dagbag.py:588} INFO - Filling up the DagBag from /usr/local/lib/python3.9/dist-packages/airflow/example_dags/plugins/workday.py
[2025-02-10T15:41:58.293+0000] {logging_mixin.py:190} INFO - [2025-02-10T15:41:58.293+0000] {workday.py:41} WARNING - Could not import pandas. Holidays will not be considered.
[2025-02-10T15:41:58.294+0000] {processor.py:927} WARNING - No viable dags retrieved from /usr/local/lib/python3.9/dist-packages/airflow/example_dags/plugins/workday.py
[2025-02-10T15:41:58.320+0000] {processor.py:208} INFO - Processing /usr/local/lib/python3.9/dist-packages/airflow/example_dags/plugins/workday.py took 0.039 seconds
[2025-02-10T15:43:19.845+0000] {processor.py:186} INFO - Started process (PID=934) to work on /usr/local/lib/python3.9/dist-packages/airflow/example_dags/plugins/workday.py
[2025-02-10T15:43:19.846+0000] {processor.py:914} INFO - Processing file /usr/local/lib/python3.9/dist-packages/airflow/example_dags/plugins/workday.py for tasks to queue
[2025-02-10T15:43:19.849+0000] {logging_mixin.py:190} INFO - [2025-02-10T15:43:19.849+0000] {dagbag.py:588} INFO - Filling up the DagBag from /usr/local/lib/python3.9/dist-packages/airflow/example_dags/plugins/workday.py
[2025-02-10T15:43:19.852+0000] {logging_mixin.py:190} INFO - [2025-02-10T15:43:19.852+0000] {workday.py:41} WARNING - Could not import pandas. Holidays will not be considered.
[2025-02-10T15:43:19.853+0000] {processor.py:927} WARNING - No viable dags retrieved from /usr/local/lib/python3.9/dist-packages/airflow/example_dags/plugins/workday.py
[2025-02-10T15:43:19.883+0000] {processor.py:208} INFO - Processing /usr/local/lib/python3.9/dist-packages/airflow/example_dags/plugins/workday.py took 0.044 seconds
[2025-02-10T15:44:45.430+0000] {processor.py:186} INFO - Started process (PID=1002) to work on /usr/local/lib/python3.9/dist-packages/airflow/example_dags/plugins/workday.py
[2025-02-10T15:44:45.431+0000] {processor.py:914} INFO - Processing file /usr/local/lib/python3.9/dist-packages/airflow/example_dags/plugins/workday.py for tasks to queue
[2025-02-10T15:44:45.434+0000] {logging_mixin.py:190} INFO - [2025-02-10T15:44:45.433+0000] {dagbag.py:588} INFO - Filling up the DagBag from /usr/local/lib/python3.9/dist-packages/airflow/example_dags/plugins/workday.py
[2025-02-10T15:44:45.437+0000] {logging_mixin.py:190} INFO - [2025-02-10T15:44:45.437+0000] {workday.py:41} WARNING - Could not import pandas. Holidays will not be considered.
[2025-02-10T15:44:45.438+0000] {processor.py:927} WARNING - No viable dags retrieved from /usr/local/lib/python3.9/dist-packages/airflow/example_dags/plugins/workday.py
[2025-02-10T15:44:45.465+0000] {processor.py:208} INFO - Processing /usr/local/lib/python3.9/dist-packages/airflow/example_dags/plugins/workday.py took 0.041 seconds
[2025-02-10T15:46:08.533+0000] {processor.py:186} INFO - Started process (PID=1069) to work on /usr/local/lib/python3.9/dist-packages/airflow/example_dags/plugins/workday.py
[2025-02-10T15:46:08.535+0000] {processor.py:914} INFO - Processing file /usr/local/lib/python3.9/dist-packages/airflow/example_dags/plugins/workday.py for tasks to queue
[2025-02-10T15:46:08.538+0000] {logging_mixin.py:190} INFO - [2025-02-10T15:46:08.538+0000] {dagbag.py:588} INFO - Filling up the DagBag from /usr/local/lib/python3.9/dist-packages/airflow/example_dags/plugins/workday.py
[2025-02-10T15:46:08.542+0000] {logging_mixin.py:190} INFO - [2025-02-10T15:46:08.541+0000] {workday.py:41} WARNING - Could not import pandas. Holidays will not be considered.
[2025-02-10T15:46:08.543+0000] {processor.py:927} WARNING - No viable dags retrieved from /usr/local/lib/python3.9/dist-packages/airflow/example_dags/plugins/workday.py
[2025-02-10T15:46:08.570+0000] {processor.py:208} INFO - Processing /usr/local/lib/python3.9/dist-packages/airflow/example_dags/plugins/workday.py took 0.042 seconds
[2025-02-10T15:47:23.750+0000] {processor.py:186} INFO - Started process (PID=1133) to work on /usr/local/lib/python3.9/dist-packages/airflow/example_dags/plugins/workday.py
[2025-02-10T15:47:23.751+0000] {processor.py:914} INFO - Processing file /usr/local/lib/python3.9/dist-packages/airflow/example_dags/plugins/workday.py for tasks to queue
[2025-02-10T15:47:23.755+0000] {logging_mixin.py:190} INFO - [2025-02-10T15:47:23.754+0000] {dagbag.py:588} INFO - Filling up the DagBag from /usr/local/lib/python3.9/dist-packages/airflow/example_dags/plugins/workday.py
[2025-02-10T15:47:23.759+0000] {logging_mixin.py:190} INFO - [2025-02-10T15:47:23.759+0000] {workday.py:41} WARNING - Could not import pandas. Holidays will not be considered.
[2025-02-10T15:47:23.760+0000] {processor.py:927} WARNING - No viable dags retrieved from /usr/local/lib/python3.9/dist-packages/airflow/example_dags/plugins/workday.py
[2025-02-10T15:47:23.788+0000] {processor.py:208} INFO - Processing /usr/local/lib/python3.9/dist-packages/airflow/example_dags/plugins/workday.py took 0.045 seconds
[2025-02-10T15:48:38.772+0000] {processor.py:186} INFO - Started process (PID=1197) to work on /usr/local/lib/python3.9/dist-packages/airflow/example_dags/plugins/workday.py
[2025-02-10T15:48:38.773+0000] {processor.py:914} INFO - Processing file /usr/local/lib/python3.9/dist-packages/airflow/example_dags/plugins/workday.py for tasks to queue
[2025-02-10T15:48:38.775+0000] {logging_mixin.py:190} INFO - [2025-02-10T15:48:38.775+0000] {dagbag.py:588} INFO - Filling up the DagBag from /usr/local/lib/python3.9/dist-packages/airflow/example_dags/plugins/workday.py
[2025-02-10T15:48:38.779+0000] {logging_mixin.py:190} INFO - [2025-02-10T15:48:38.778+0000] {workday.py:41} WARNING - Could not import pandas. Holidays will not be considered.
[2025-02-10T15:48:38.779+0000] {processor.py:927} WARNING - No viable dags retrieved from /usr/local/lib/python3.9/dist-packages/airflow/example_dags/plugins/workday.py
[2025-02-10T15:48:38.805+0000] {processor.py:208} INFO - Processing /usr/local/lib/python3.9/dist-packages/airflow/example_dags/plugins/workday.py took 0.039 seconds
[2025-02-10T15:49:50.540+0000] {processor.py:186} INFO - Started process (PID=1258) to work on /usr/local/lib/python3.9/dist-packages/airflow/example_dags/plugins/workday.py
[2025-02-10T15:49:50.541+0000] {processor.py:914} INFO - Processing file /usr/local/lib/python3.9/dist-packages/airflow/example_dags/plugins/workday.py for tasks to queue
[2025-02-10T15:49:50.544+0000] {logging_mixin.py:190} INFO - [2025-02-10T15:49:50.544+0000] {dagbag.py:588} INFO - Filling up the DagBag from /usr/local/lib/python3.9/dist-packages/airflow/example_dags/plugins/workday.py
[2025-02-10T15:49:50.548+0000] {logging_mixin.py:190} INFO - [2025-02-10T15:49:50.547+0000] {workday.py:41} WARNING - Could not import pandas. Holidays will not be considered.
[2025-02-10T15:49:50.549+0000] {processor.py:927} WARNING - No viable dags retrieved from /usr/local/lib/python3.9/dist-packages/airflow/example_dags/plugins/workday.py
[2025-02-10T15:49:50.577+0000] {processor.py:208} INFO - Processing /usr/local/lib/python3.9/dist-packages/airflow/example_dags/plugins/workday.py took 0.042 seconds
[2025-02-10T15:51:08.342+0000] {processor.py:186} INFO - Started process (PID=1324) to work on /usr/local/lib/python3.9/dist-packages/airflow/example_dags/plugins/workday.py
[2025-02-10T15:51:08.344+0000] {processor.py:914} INFO - Processing file /usr/local/lib/python3.9/dist-packages/airflow/example_dags/plugins/workday.py for tasks to queue
[2025-02-10T15:51:08.348+0000] {logging_mixin.py:190} INFO - [2025-02-10T15:51:08.347+0000] {dagbag.py:588} INFO - Filling up the DagBag from /usr/local/lib/python3.9/dist-packages/airflow/example_dags/plugins/workday.py
[2025-02-10T15:51:08.353+0000] {logging_mixin.py:190} INFO - [2025-02-10T15:51:08.353+0000] {workday.py:41} WARNING - Could not import pandas. Holidays will not be considered.
[2025-02-10T15:51:08.354+0000] {processor.py:927} WARNING - No viable dags retrieved from /usr/local/lib/python3.9/dist-packages/airflow/example_dags/plugins/workday.py
[2025-02-10T15:51:08.392+0000] {processor.py:208} INFO - Processing /usr/local/lib/python3.9/dist-packages/airflow/example_dags/plugins/workday.py took 0.059 seconds
[2025-02-10T15:52:23.636+0000] {processor.py:186} INFO - Started process (PID=1387) to work on /usr/local/lib/python3.9/dist-packages/airflow/example_dags/plugins/workday.py
[2025-02-10T15:52:23.637+0000] {processor.py:914} INFO - Processing file /usr/local/lib/python3.9/dist-packages/airflow/example_dags/plugins/workday.py for tasks to queue
[2025-02-10T15:52:23.640+0000] {logging_mixin.py:190} INFO - [2025-02-10T15:52:23.639+0000] {dagbag.py:588} INFO - Filling up the DagBag from /usr/local/lib/python3.9/dist-packages/airflow/example_dags/plugins/workday.py
[2025-02-10T15:52:23.643+0000] {logging_mixin.py:190} INFO - [2025-02-10T15:52:23.642+0000] {workday.py:41} WARNING - Could not import pandas. Holidays will not be considered.
[2025-02-10T15:52:23.644+0000] {processor.py:927} WARNING - No viable dags retrieved from /usr/local/lib/python3.9/dist-packages/airflow/example_dags/plugins/workday.py
[2025-02-10T15:52:23.671+0000] {processor.py:208} INFO - Processing /usr/local/lib/python3.9/dist-packages/airflow/example_dags/plugins/workday.py took 0.041 seconds
[2025-02-10T15:53:40.882+0000] {processor.py:186} INFO - Started process (PID=1451) to work on /usr/local/lib/python3.9/dist-packages/airflow/example_dags/plugins/workday.py
[2025-02-10T15:53:40.883+0000] {processor.py:914} INFO - Processing file /usr/local/lib/python3.9/dist-packages/airflow/example_dags/plugins/workday.py for tasks to queue
[2025-02-10T15:53:40.887+0000] {logging_mixin.py:190} INFO - [2025-02-10T15:53:40.886+0000] {dagbag.py:588} INFO - Filling up the DagBag from /usr/local/lib/python3.9/dist-packages/airflow/example_dags/plugins/workday.py
[2025-02-10T15:53:40.890+0000] {logging_mixin.py:190} INFO - [2025-02-10T15:53:40.889+0000] {workday.py:41} WARNING - Could not import pandas. Holidays will not be considered.
[2025-02-10T15:53:40.890+0000] {processor.py:927} WARNING - No viable dags retrieved from /usr/local/lib/python3.9/dist-packages/airflow/example_dags/plugins/workday.py
[2025-02-10T15:53:40.919+0000] {processor.py:208} INFO - Processing /usr/local/lib/python3.9/dist-packages/airflow/example_dags/plugins/workday.py took 0.043 seconds
[2025-02-10T15:54:59.228+0000] {processor.py:186} INFO - Started process (PID=1515) to work on /usr/local/lib/python3.9/dist-packages/airflow/example_dags/plugins/workday.py
[2025-02-10T15:54:59.230+0000] {processor.py:914} INFO - Processing file /usr/local/lib/python3.9/dist-packages/airflow/example_dags/plugins/workday.py for tasks to queue
[2025-02-10T15:54:59.232+0000] {logging_mixin.py:190} INFO - [2025-02-10T15:54:59.232+0000] {dagbag.py:588} INFO - Filling up the DagBag from /usr/local/lib/python3.9/dist-packages/airflow/example_dags/plugins/workday.py
[2025-02-10T15:54:59.236+0000] {logging_mixin.py:190} INFO - [2025-02-10T15:54:59.236+0000] {workday.py:41} WARNING - Could not import pandas. Holidays will not be considered.
[2025-02-10T15:54:59.237+0000] {processor.py:927} WARNING - No viable dags retrieved from /usr/local/lib/python3.9/dist-packages/airflow/example_dags/plugins/workday.py
[2025-02-10T15:54:59.266+0000] {processor.py:208} INFO - Processing /usr/local/lib/python3.9/dist-packages/airflow/example_dags/plugins/workday.py took 0.042 seconds
[2025-02-10T15:56:20.332+0000] {processor.py:186} INFO - Started process (PID=1581) to work on /usr/local/lib/python3.9/dist-packages/airflow/example_dags/plugins/workday.py
[2025-02-10T15:56:20.333+0000] {processor.py:914} INFO - Processing file /usr/local/lib/python3.9/dist-packages/airflow/example_dags/plugins/workday.py for tasks to queue
[2025-02-10T15:56:20.336+0000] {logging_mixin.py:190} INFO - [2025-02-10T15:56:20.336+0000] {dagbag.py:588} INFO - Filling up the DagBag from /usr/local/lib/python3.9/dist-packages/airflow/example_dags/plugins/workday.py
[2025-02-10T15:56:20.339+0000] {logging_mixin.py:190} INFO - [2025-02-10T15:56:20.339+0000] {workday.py:41} WARNING - Could not import pandas. Holidays will not be considered.
[2025-02-10T15:56:20.340+0000] {processor.py:927} WARNING - No viable dags retrieved from /usr/local/lib/python3.9/dist-packages/airflow/example_dags/plugins/workday.py
[2025-02-10T15:56:20.367+0000] {processor.py:208} INFO - Processing /usr/local/lib/python3.9/dist-packages/airflow/example_dags/plugins/workday.py took 0.041 seconds
[2025-02-10T15:57:37.421+0000] {processor.py:186} INFO - Started process (PID=1646) to work on /usr/local/lib/python3.9/dist-packages/airflow/example_dags/plugins/workday.py
[2025-02-10T15:57:37.422+0000] {processor.py:914} INFO - Processing file /usr/local/lib/python3.9/dist-packages/airflow/example_dags/plugins/workday.py for tasks to queue
[2025-02-10T15:57:37.425+0000] {logging_mixin.py:190} INFO - [2025-02-10T15:57:37.424+0000] {dagbag.py:588} INFO - Filling up the DagBag from /usr/local/lib/python3.9/dist-packages/airflow/example_dags/plugins/workday.py
[2025-02-10T15:57:37.428+0000] {logging_mixin.py:190} INFO - [2025-02-10T15:57:37.428+0000] {workday.py:41} WARNING - Could not import pandas. Holidays will not be considered.
[2025-02-10T15:57:37.429+0000] {processor.py:927} WARNING - No viable dags retrieved from /usr/local/lib/python3.9/dist-packages/airflow/example_dags/plugins/workday.py
[2025-02-10T15:57:37.458+0000] {processor.py:208} INFO - Processing /usr/local/lib/python3.9/dist-packages/airflow/example_dags/plugins/workday.py took 0.042 seconds
[2025-02-10T15:58:59.176+0000] {processor.py:186} INFO - Started process (PID=1711) to work on /usr/local/lib/python3.9/dist-packages/airflow/example_dags/plugins/workday.py
[2025-02-10T15:58:59.178+0000] {processor.py:914} INFO - Processing file /usr/local/lib/python3.9/dist-packages/airflow/example_dags/plugins/workday.py for tasks to queue
[2025-02-10T15:58:59.180+0000] {logging_mixin.py:190} INFO - [2025-02-10T15:58:59.180+0000] {dagbag.py:588} INFO - Filling up the DagBag from /usr/local/lib/python3.9/dist-packages/airflow/example_dags/plugins/workday.py
[2025-02-10T15:58:59.184+0000] {logging_mixin.py:190} INFO - [2025-02-10T15:58:59.183+0000] {workday.py:41} WARNING - Could not import pandas. Holidays will not be considered.
[2025-02-10T15:58:59.185+0000] {processor.py:927} WARNING - No viable dags retrieved from /usr/local/lib/python3.9/dist-packages/airflow/example_dags/plugins/workday.py
[2025-02-10T15:58:59.217+0000] {processor.py:208} INFO - Processing /usr/local/lib/python3.9/dist-packages/airflow/example_dags/plugins/workday.py took 0.046 seconds
[2025-02-10T16:00:15.586+0000] {processor.py:186} INFO - Started process (PID=1776) to work on /usr/local/lib/python3.9/dist-packages/airflow/example_dags/plugins/workday.py
[2025-02-10T16:00:15.588+0000] {processor.py:914} INFO - Processing file /usr/local/lib/python3.9/dist-packages/airflow/example_dags/plugins/workday.py for tasks to queue
[2025-02-10T16:00:15.591+0000] {logging_mixin.py:190} INFO - [2025-02-10T16:00:15.590+0000] {dagbag.py:588} INFO - Filling up the DagBag from /usr/local/lib/python3.9/dist-packages/airflow/example_dags/plugins/workday.py
[2025-02-10T16:00:15.594+0000] {logging_mixin.py:190} INFO - [2025-02-10T16:00:15.594+0000] {workday.py:41} WARNING - Could not import pandas. Holidays will not be considered.
[2025-02-10T16:00:15.595+0000] {processor.py:927} WARNING - No viable dags retrieved from /usr/local/lib/python3.9/dist-packages/airflow/example_dags/plugins/workday.py
[2025-02-10T16:00:15.622+0000] {processor.py:208} INFO - Processing /usr/local/lib/python3.9/dist-packages/airflow/example_dags/plugins/workday.py took 0.041 seconds
[2025-02-10T16:01:35.547+0000] {processor.py:186} INFO - Started process (PID=1842) to work on /usr/local/lib/python3.9/dist-packages/airflow/example_dags/plugins/workday.py
[2025-02-10T16:01:35.548+0000] {processor.py:914} INFO - Processing file /usr/local/lib/python3.9/dist-packages/airflow/example_dags/plugins/workday.py for tasks to queue
[2025-02-10T16:01:35.551+0000] {logging_mixin.py:190} INFO - [2025-02-10T16:01:35.550+0000] {dagbag.py:588} INFO - Filling up the DagBag from /usr/local/lib/python3.9/dist-packages/airflow/example_dags/plugins/workday.py
[2025-02-10T16:01:35.555+0000] {logging_mixin.py:190} INFO - [2025-02-10T16:01:35.555+0000] {workday.py:41} WARNING - Could not import pandas. Holidays will not be considered.
[2025-02-10T16:01:35.556+0000] {processor.py:927} WARNING - No viable dags retrieved from /usr/local/lib/python3.9/dist-packages/airflow/example_dags/plugins/workday.py
[2025-02-10T16:01:35.585+0000] {processor.py:208} INFO - Processing /usr/local/lib/python3.9/dist-packages/airflow/example_dags/plugins/workday.py took 0.044 seconds
[2025-02-10T16:04:20.355+0000] {processor.py:186} INFO - Started process (PID=83) to work on /usr/local/lib/python3.9/dist-packages/airflow/example_dags/plugins/workday.py
[2025-02-10T16:04:20.357+0000] {processor.py:914} INFO - Processing file /usr/local/lib/python3.9/dist-packages/airflow/example_dags/plugins/workday.py for tasks to queue
[2025-02-10T16:04:20.360+0000] {logging_mixin.py:190} INFO - [2025-02-10T16:04:20.359+0000] {dagbag.py:588} INFO - Filling up the DagBag from /usr/local/lib/python3.9/dist-packages/airflow/example_dags/plugins/workday.py
[2025-02-10T16:04:20.363+0000] {logging_mixin.py:190} INFO - [2025-02-10T16:04:20.362+0000] {workday.py:41} WARNING - Could not import pandas. Holidays will not be considered.
[2025-02-10T16:04:20.364+0000] {processor.py:927} WARNING - No viable dags retrieved from /usr/local/lib/python3.9/dist-packages/airflow/example_dags/plugins/workday.py
[2025-02-10T16:04:20.392+0000] {processor.py:208} INFO - Processing /usr/local/lib/python3.9/dist-packages/airflow/example_dags/plugins/workday.py took 0.043 seconds
[2025-02-10T16:05:36.143+0000] {processor.py:186} INFO - Started process (PID=148) to work on /usr/local/lib/python3.9/dist-packages/airflow/example_dags/plugins/workday.py
[2025-02-10T16:05:36.144+0000] {processor.py:914} INFO - Processing file /usr/local/lib/python3.9/dist-packages/airflow/example_dags/plugins/workday.py for tasks to queue
[2025-02-10T16:05:36.147+0000] {logging_mixin.py:190} INFO - [2025-02-10T16:05:36.147+0000] {dagbag.py:588} INFO - Filling up the DagBag from /usr/local/lib/python3.9/dist-packages/airflow/example_dags/plugins/workday.py
[2025-02-10T16:05:36.151+0000] {logging_mixin.py:190} INFO - [2025-02-10T16:05:36.151+0000] {workday.py:41} WARNING - Could not import pandas. Holidays will not be considered.
[2025-02-10T16:05:36.152+0000] {processor.py:927} WARNING - No viable dags retrieved from /usr/local/lib/python3.9/dist-packages/airflow/example_dags/plugins/workday.py
[2025-02-10T16:05:36.183+0000] {processor.py:208} INFO - Processing /usr/local/lib/python3.9/dist-packages/airflow/example_dags/plugins/workday.py took 0.045 seconds
[2025-02-10T16:06:51.485+0000] {processor.py:186} INFO - Started process (PID=211) to work on /usr/local/lib/python3.9/dist-packages/airflow/example_dags/plugins/workday.py
[2025-02-10T16:06:51.487+0000] {processor.py:914} INFO - Processing file /usr/local/lib/python3.9/dist-packages/airflow/example_dags/plugins/workday.py for tasks to queue
[2025-02-10T16:06:51.489+0000] {logging_mixin.py:190} INFO - [2025-02-10T16:06:51.489+0000] {dagbag.py:588} INFO - Filling up the DagBag from /usr/local/lib/python3.9/dist-packages/airflow/example_dags/plugins/workday.py
[2025-02-10T16:06:51.493+0000] {logging_mixin.py:190} INFO - [2025-02-10T16:06:51.493+0000] {workday.py:41} WARNING - Could not import pandas. Holidays will not be considered.
[2025-02-10T16:06:51.494+0000] {processor.py:927} WARNING - No viable dags retrieved from /usr/local/lib/python3.9/dist-packages/airflow/example_dags/plugins/workday.py
[2025-02-10T16:06:51.520+0000] {processor.py:208} INFO - Processing /usr/local/lib/python3.9/dist-packages/airflow/example_dags/plugins/workday.py took 0.041 seconds
[2025-02-10T16:08:10.191+0000] {processor.py:186} INFO - Started process (PID=275) to work on /usr/local/lib/python3.9/dist-packages/airflow/example_dags/plugins/workday.py
[2025-02-10T16:08:10.193+0000] {processor.py:914} INFO - Processing file /usr/local/lib/python3.9/dist-packages/airflow/example_dags/plugins/workday.py for tasks to queue
[2025-02-10T16:08:10.195+0000] {logging_mixin.py:190} INFO - [2025-02-10T16:08:10.195+0000] {dagbag.py:588} INFO - Filling up the DagBag from /usr/local/lib/python3.9/dist-packages/airflow/example_dags/plugins/workday.py
[2025-02-10T16:08:10.201+0000] {logging_mixin.py:190} INFO - [2025-02-10T16:08:10.200+0000] {workday.py:41} WARNING - Could not import pandas. Holidays will not be considered.
[2025-02-10T16:08:10.202+0000] {processor.py:927} WARNING - No viable dags retrieved from /usr/local/lib/python3.9/dist-packages/airflow/example_dags/plugins/workday.py
[2025-02-10T16:08:10.239+0000] {processor.py:208} INFO - Processing /usr/local/lib/python3.9/dist-packages/airflow/example_dags/plugins/workday.py took 0.054 seconds
[2025-02-10T16:09:29.859+0000] {processor.py:186} INFO - Started process (PID=340) to work on /usr/local/lib/python3.9/dist-packages/airflow/example_dags/plugins/workday.py
[2025-02-10T16:09:29.861+0000] {processor.py:914} INFO - Processing file /usr/local/lib/python3.9/dist-packages/airflow/example_dags/plugins/workday.py for tasks to queue
[2025-02-10T16:09:29.864+0000] {logging_mixin.py:190} INFO - [2025-02-10T16:09:29.864+0000] {dagbag.py:588} INFO - Filling up the DagBag from /usr/local/lib/python3.9/dist-packages/airflow/example_dags/plugins/workday.py
[2025-02-10T16:09:29.867+0000] {logging_mixin.py:190} INFO - [2025-02-10T16:09:29.867+0000] {workday.py:41} WARNING - Could not import pandas. Holidays will not be considered.
[2025-02-10T16:09:29.868+0000] {processor.py:927} WARNING - No viable dags retrieved from /usr/local/lib/python3.9/dist-packages/airflow/example_dags/plugins/workday.py
[2025-02-10T16:09:29.895+0000] {processor.py:208} INFO - Processing /usr/local/lib/python3.9/dist-packages/airflow/example_dags/plugins/workday.py took 0.041 seconds
[2025-02-10T16:10:46.101+0000] {processor.py:186} INFO - Started process (PID=404) to work on /usr/local/lib/python3.9/dist-packages/airflow/example_dags/plugins/workday.py
[2025-02-10T16:10:46.102+0000] {processor.py:914} INFO - Processing file /usr/local/lib/python3.9/dist-packages/airflow/example_dags/plugins/workday.py for tasks to queue
[2025-02-10T16:10:46.105+0000] {logging_mixin.py:190} INFO - [2025-02-10T16:10:46.105+0000] {dagbag.py:588} INFO - Filling up the DagBag from /usr/local/lib/python3.9/dist-packages/airflow/example_dags/plugins/workday.py
[2025-02-10T16:10:46.108+0000] {logging_mixin.py:190} INFO - [2025-02-10T16:10:46.108+0000] {workday.py:41} WARNING - Could not import pandas. Holidays will not be considered.
[2025-02-10T16:10:46.109+0000] {processor.py:927} WARNING - No viable dags retrieved from /usr/local/lib/python3.9/dist-packages/airflow/example_dags/plugins/workday.py
[2025-02-10T16:10:46.136+0000] {processor.py:208} INFO - Processing /usr/local/lib/python3.9/dist-packages/airflow/example_dags/plugins/workday.py took 0.040 seconds
[2025-02-10T16:12:01.106+0000] {processor.py:186} INFO - Started process (PID=468) to work on /usr/local/lib/python3.9/dist-packages/airflow/example_dags/plugins/workday.py
[2025-02-10T16:12:01.108+0000] {processor.py:914} INFO - Processing file /usr/local/lib/python3.9/dist-packages/airflow/example_dags/plugins/workday.py for tasks to queue
[2025-02-10T16:12:01.110+0000] {logging_mixin.py:190} INFO - [2025-02-10T16:12:01.109+0000] {dagbag.py:588} INFO - Filling up the DagBag from /usr/local/lib/python3.9/dist-packages/airflow/example_dags/plugins/workday.py
[2025-02-10T16:12:01.113+0000] {logging_mixin.py:190} INFO - [2025-02-10T16:12:01.113+0000] {workday.py:41} WARNING - Could not import pandas. Holidays will not be considered.
[2025-02-10T16:12:01.114+0000] {processor.py:927} WARNING - No viable dags retrieved from /usr/local/lib/python3.9/dist-packages/airflow/example_dags/plugins/workday.py
[2025-02-10T16:12:01.142+0000] {processor.py:208} INFO - Processing /usr/local/lib/python3.9/dist-packages/airflow/example_dags/plugins/workday.py took 0.042 seconds
[2025-02-10T16:13:15.339+0000] {processor.py:186} INFO - Started process (PID=532) to work on /usr/local/lib/python3.9/dist-packages/airflow/example_dags/plugins/workday.py
[2025-02-10T16:13:15.341+0000] {processor.py:914} INFO - Processing file /usr/local/lib/python3.9/dist-packages/airflow/example_dags/plugins/workday.py for tasks to queue
[2025-02-10T16:13:15.344+0000] {logging_mixin.py:190} INFO - [2025-02-10T16:13:15.344+0000] {dagbag.py:588} INFO - Filling up the DagBag from /usr/local/lib/python3.9/dist-packages/airflow/example_dags/plugins/workday.py
[2025-02-10T16:13:15.348+0000] {logging_mixin.py:190} INFO - [2025-02-10T16:13:15.347+0000] {workday.py:41} WARNING - Could not import pandas. Holidays will not be considered.
[2025-02-10T16:13:15.349+0000] {processor.py:927} WARNING - No viable dags retrieved from /usr/local/lib/python3.9/dist-packages/airflow/example_dags/plugins/workday.py
[2025-02-10T16:13:15.375+0000] {processor.py:208} INFO - Processing /usr/local/lib/python3.9/dist-packages/airflow/example_dags/plugins/workday.py took 0.042 seconds
[2025-02-10T16:14:27.314+0000] {processor.py:186} INFO - Started process (PID=594) to work on /usr/local/lib/python3.9/dist-packages/airflow/example_dags/plugins/workday.py
[2025-02-10T16:14:27.315+0000] {processor.py:914} INFO - Processing file /usr/local/lib/python3.9/dist-packages/airflow/example_dags/plugins/workday.py for tasks to queue
[2025-02-10T16:14:27.318+0000] {logging_mixin.py:190} INFO - [2025-02-10T16:14:27.317+0000] {dagbag.py:588} INFO - Filling up the DagBag from /usr/local/lib/python3.9/dist-packages/airflow/example_dags/plugins/workday.py
[2025-02-10T16:14:27.322+0000] {logging_mixin.py:190} INFO - [2025-02-10T16:14:27.321+0000] {workday.py:41} WARNING - Could not import pandas. Holidays will not be considered.
[2025-02-10T16:14:27.322+0000] {processor.py:927} WARNING - No viable dags retrieved from /usr/local/lib/python3.9/dist-packages/airflow/example_dags/plugins/workday.py
[2025-02-10T16:14:27.348+0000] {processor.py:208} INFO - Processing /usr/local/lib/python3.9/dist-packages/airflow/example_dags/plugins/workday.py took 0.040 seconds
[2025-02-10T16:15:45.820+0000] {processor.py:186} INFO - Started process (PID=658) to work on /usr/local/lib/python3.9/dist-packages/airflow/example_dags/plugins/workday.py
[2025-02-10T16:15:45.822+0000] {processor.py:914} INFO - Processing file /usr/local/lib/python3.9/dist-packages/airflow/example_dags/plugins/workday.py for tasks to queue
[2025-02-10T16:15:45.824+0000] {logging_mixin.py:190} INFO - [2025-02-10T16:15:45.824+0000] {dagbag.py:588} INFO - Filling up the DagBag from /usr/local/lib/python3.9/dist-packages/airflow/example_dags/plugins/workday.py
[2025-02-10T16:15:45.828+0000] {logging_mixin.py:190} INFO - [2025-02-10T16:15:45.827+0000] {workday.py:41} WARNING - Could not import pandas. Holidays will not be considered.
[2025-02-10T16:15:45.829+0000] {processor.py:927} WARNING - No viable dags retrieved from /usr/local/lib/python3.9/dist-packages/airflow/example_dags/plugins/workday.py
[2025-02-10T16:15:45.858+0000] {processor.py:208} INFO - Processing /usr/local/lib/python3.9/dist-packages/airflow/example_dags/plugins/workday.py took 0.043 seconds
[2025-02-10T16:17:07.961+0000] {processor.py:186} INFO - Started process (PID=725) to work on /usr/local/lib/python3.9/dist-packages/airflow/example_dags/plugins/workday.py
[2025-02-10T16:17:07.963+0000] {processor.py:914} INFO - Processing file /usr/local/lib/python3.9/dist-packages/airflow/example_dags/plugins/workday.py for tasks to queue
[2025-02-10T16:17:07.966+0000] {logging_mixin.py:190} INFO - [2025-02-10T16:17:07.965+0000] {dagbag.py:588} INFO - Filling up the DagBag from /usr/local/lib/python3.9/dist-packages/airflow/example_dags/plugins/workday.py
[2025-02-10T16:17:07.971+0000] {logging_mixin.py:190} INFO - [2025-02-10T16:17:07.971+0000] {workday.py:41} WARNING - Could not import pandas. Holidays will not be considered.
[2025-02-10T16:17:07.972+0000] {processor.py:927} WARNING - No viable dags retrieved from /usr/local/lib/python3.9/dist-packages/airflow/example_dags/plugins/workday.py
[2025-02-10T16:17:08.002+0000] {processor.py:208} INFO - Processing /usr/local/lib/python3.9/dist-packages/airflow/example_dags/plugins/workday.py took 0.049 seconds
[2025-02-10T16:18:18.784+0000] {processor.py:186} INFO - Started process (PID=788) to work on /usr/local/lib/python3.9/dist-packages/airflow/example_dags/plugins/workday.py
[2025-02-10T16:18:18.786+0000] {processor.py:914} INFO - Processing file /usr/local/lib/python3.9/dist-packages/airflow/example_dags/plugins/workday.py for tasks to queue
[2025-02-10T16:18:18.788+0000] {logging_mixin.py:190} INFO - [2025-02-10T16:18:18.788+0000] {dagbag.py:588} INFO - Filling up the DagBag from /usr/local/lib/python3.9/dist-packages/airflow/example_dags/plugins/workday.py
[2025-02-10T16:18:18.791+0000] {logging_mixin.py:190} INFO - [2025-02-10T16:18:18.791+0000] {workday.py:41} WARNING - Could not import pandas. Holidays will not be considered.
[2025-02-10T16:18:18.792+0000] {processor.py:927} WARNING - No viable dags retrieved from /usr/local/lib/python3.9/dist-packages/airflow/example_dags/plugins/workday.py
[2025-02-10T16:18:18.818+0000] {processor.py:208} INFO - Processing /usr/local/lib/python3.9/dist-packages/airflow/example_dags/plugins/workday.py took 0.039 seconds
[2025-02-10T16:19:39.102+0000] {processor.py:186} INFO - Started process (PID=853) to work on /usr/local/lib/python3.9/dist-packages/airflow/example_dags/plugins/workday.py
[2025-02-10T16:19:39.104+0000] {processor.py:914} INFO - Processing file /usr/local/lib/python3.9/dist-packages/airflow/example_dags/plugins/workday.py for tasks to queue
[2025-02-10T16:19:39.106+0000] {logging_mixin.py:190} INFO - [2025-02-10T16:19:39.106+0000] {dagbag.py:588} INFO - Filling up the DagBag from /usr/local/lib/python3.9/dist-packages/airflow/example_dags/plugins/workday.py
[2025-02-10T16:19:39.110+0000] {logging_mixin.py:190} INFO - [2025-02-10T16:19:39.110+0000] {workday.py:41} WARNING - Could not import pandas. Holidays will not be considered.
[2025-02-10T16:19:39.111+0000] {processor.py:927} WARNING - No viable dags retrieved from /usr/local/lib/python3.9/dist-packages/airflow/example_dags/plugins/workday.py
[2025-02-10T16:19:39.138+0000] {processor.py:208} INFO - Processing /usr/local/lib/python3.9/dist-packages/airflow/example_dags/plugins/workday.py took 0.041 seconds
[2025-02-10T16:20:57.506+0000] {processor.py:186} INFO - Started process (PID=917) to work on /usr/local/lib/python3.9/dist-packages/airflow/example_dags/plugins/workday.py
[2025-02-10T16:20:57.508+0000] {processor.py:914} INFO - Processing file /usr/local/lib/python3.9/dist-packages/airflow/example_dags/plugins/workday.py for tasks to queue
[2025-02-10T16:20:57.510+0000] {logging_mixin.py:190} INFO - [2025-02-10T16:20:57.510+0000] {dagbag.py:588} INFO - Filling up the DagBag from /usr/local/lib/python3.9/dist-packages/airflow/example_dags/plugins/workday.py
[2025-02-10T16:20:57.515+0000] {logging_mixin.py:190} INFO - [2025-02-10T16:20:57.515+0000] {workday.py:41} WARNING - Could not import pandas. Holidays will not be considered.
[2025-02-10T16:20:57.516+0000] {processor.py:927} WARNING - No viable dags retrieved from /usr/local/lib/python3.9/dist-packages/airflow/example_dags/plugins/workday.py
[2025-02-10T16:20:57.544+0000] {processor.py:208} INFO - Processing /usr/local/lib/python3.9/dist-packages/airflow/example_dags/plugins/workday.py took 0.044 seconds
[2025-02-10T16:22:17.941+0000] {processor.py:186} INFO - Started process (PID=987) to work on /usr/local/lib/python3.9/dist-packages/airflow/example_dags/plugins/workday.py
[2025-02-10T16:22:17.943+0000] {processor.py:914} INFO - Processing file /usr/local/lib/python3.9/dist-packages/airflow/example_dags/plugins/workday.py for tasks to queue
[2025-02-10T16:22:17.947+0000] {logging_mixin.py:190} INFO - [2025-02-10T16:22:17.946+0000] {dagbag.py:588} INFO - Filling up the DagBag from /usr/local/lib/python3.9/dist-packages/airflow/example_dags/plugins/workday.py
[2025-02-10T16:22:17.953+0000] {logging_mixin.py:190} INFO - [2025-02-10T16:22:17.952+0000] {workday.py:41} WARNING - Could not import pandas. Holidays will not be considered.
[2025-02-10T16:22:17.954+0000] {processor.py:927} WARNING - No viable dags retrieved from /usr/local/lib/python3.9/dist-packages/airflow/example_dags/plugins/workday.py
[2025-02-10T16:22:17.989+0000] {processor.py:208} INFO - Processing /usr/local/lib/python3.9/dist-packages/airflow/example_dags/plugins/workday.py took 0.057 seconds
[2025-02-10T16:23:36.306+0000] {processor.py:186} INFO - Started process (PID=1052) to work on /usr/local/lib/python3.9/dist-packages/airflow/example_dags/plugins/workday.py
[2025-02-10T16:23:36.308+0000] {processor.py:914} INFO - Processing file /usr/local/lib/python3.9/dist-packages/airflow/example_dags/plugins/workday.py for tasks to queue
[2025-02-10T16:23:36.311+0000] {logging_mixin.py:190} INFO - [2025-02-10T16:23:36.311+0000] {dagbag.py:588} INFO - Filling up the DagBag from /usr/local/lib/python3.9/dist-packages/airflow/example_dags/plugins/workday.py
[2025-02-10T16:23:36.314+0000] {logging_mixin.py:190} INFO - [2025-02-10T16:23:36.314+0000] {workday.py:41} WARNING - Could not import pandas. Holidays will not be considered.
[2025-02-10T16:23:36.315+0000] {processor.py:927} WARNING - No viable dags retrieved from /usr/local/lib/python3.9/dist-packages/airflow/example_dags/plugins/workday.py
[2025-02-10T16:23:36.341+0000] {processor.py:208} INFO - Processing /usr/local/lib/python3.9/dist-packages/airflow/example_dags/plugins/workday.py took 0.041 seconds
[2025-02-10T16:24:54.658+0000] {processor.py:186} INFO - Started process (PID=1116) to work on /usr/local/lib/python3.9/dist-packages/airflow/example_dags/plugins/workday.py
[2025-02-10T16:24:54.660+0000] {processor.py:914} INFO - Processing file /usr/local/lib/python3.9/dist-packages/airflow/example_dags/plugins/workday.py for tasks to queue
[2025-02-10T16:24:54.662+0000] {logging_mixin.py:190} INFO - [2025-02-10T16:24:54.662+0000] {dagbag.py:588} INFO - Filling up the DagBag from /usr/local/lib/python3.9/dist-packages/airflow/example_dags/plugins/workday.py
[2025-02-10T16:24:54.666+0000] {logging_mixin.py:190} INFO - [2025-02-10T16:24:54.666+0000] {workday.py:41} WARNING - Could not import pandas. Holidays will not be considered.
[2025-02-10T16:24:54.667+0000] {processor.py:927} WARNING - No viable dags retrieved from /usr/local/lib/python3.9/dist-packages/airflow/example_dags/plugins/workday.py
[2025-02-10T16:24:54.696+0000] {processor.py:208} INFO - Processing /usr/local/lib/python3.9/dist-packages/airflow/example_dags/plugins/workday.py took 0.043 seconds
[2025-02-10T16:26:17.939+0000] {processor.py:186} INFO - Started process (PID=1184) to work on /usr/local/lib/python3.9/dist-packages/airflow/example_dags/plugins/workday.py
[2025-02-10T16:26:17.941+0000] {processor.py:914} INFO - Processing file /usr/local/lib/python3.9/dist-packages/airflow/example_dags/plugins/workday.py for tasks to queue
[2025-02-10T16:26:17.944+0000] {logging_mixin.py:190} INFO - [2025-02-10T16:26:17.943+0000] {dagbag.py:588} INFO - Filling up the DagBag from /usr/local/lib/python3.9/dist-packages/airflow/example_dags/plugins/workday.py
[2025-02-10T16:26:17.949+0000] {logging_mixin.py:190} INFO - [2025-02-10T16:26:17.948+0000] {workday.py:41} WARNING - Could not import pandas. Holidays will not be considered.
[2025-02-10T16:26:17.950+0000] {processor.py:927} WARNING - No viable dags retrieved from /usr/local/lib/python3.9/dist-packages/airflow/example_dags/plugins/workday.py
[2025-02-10T16:26:17.983+0000] {processor.py:208} INFO - Processing /usr/local/lib/python3.9/dist-packages/airflow/example_dags/plugins/workday.py took 0.052 seconds
[2025-02-10T16:27:38.370+0000] {processor.py:186} INFO - Started process (PID=1250) to work on /usr/local/lib/python3.9/dist-packages/airflow/example_dags/plugins/workday.py
[2025-02-10T16:27:38.371+0000] {processor.py:914} INFO - Processing file /usr/local/lib/python3.9/dist-packages/airflow/example_dags/plugins/workday.py for tasks to queue
[2025-02-10T16:27:38.374+0000] {logging_mixin.py:190} INFO - [2025-02-10T16:27:38.373+0000] {dagbag.py:588} INFO - Filling up the DagBag from /usr/local/lib/python3.9/dist-packages/airflow/example_dags/plugins/workday.py
[2025-02-10T16:27:38.377+0000] {logging_mixin.py:190} INFO - [2025-02-10T16:27:38.377+0000] {workday.py:41} WARNING - Could not import pandas. Holidays will not be considered.
[2025-02-10T16:27:38.378+0000] {processor.py:927} WARNING - No viable dags retrieved from /usr/local/lib/python3.9/dist-packages/airflow/example_dags/plugins/workday.py
[2025-02-10T16:27:38.403+0000] {processor.py:208} INFO - Processing /usr/local/lib/python3.9/dist-packages/airflow/example_dags/plugins/workday.py took 0.039 seconds
[2025-02-10T16:28:55.261+0000] {processor.py:186} INFO - Started process (PID=1314) to work on /usr/local/lib/python3.9/dist-packages/airflow/example_dags/plugins/workday.py
[2025-02-10T16:28:55.263+0000] {processor.py:914} INFO - Processing file /usr/local/lib/python3.9/dist-packages/airflow/example_dags/plugins/workday.py for tasks to queue
[2025-02-10T16:28:55.266+0000] {logging_mixin.py:190} INFO - [2025-02-10T16:28:55.265+0000] {dagbag.py:588} INFO - Filling up the DagBag from /usr/local/lib/python3.9/dist-packages/airflow/example_dags/plugins/workday.py
[2025-02-10T16:28:55.269+0000] {logging_mixin.py:190} INFO - [2025-02-10T16:28:55.269+0000] {workday.py:41} WARNING - Could not import pandas. Holidays will not be considered.
[2025-02-10T16:28:55.271+0000] {processor.py:927} WARNING - No viable dags retrieved from /usr/local/lib/python3.9/dist-packages/airflow/example_dags/plugins/workday.py
[2025-02-10T16:28:55.301+0000] {processor.py:208} INFO - Processing /usr/local/lib/python3.9/dist-packages/airflow/example_dags/plugins/workday.py took 0.045 seconds
[2025-02-10T16:30:12.707+0000] {processor.py:186} INFO - Started process (PID=1379) to work on /usr/local/lib/python3.9/dist-packages/airflow/example_dags/plugins/workday.py
[2025-02-10T16:30:12.708+0000] {processor.py:914} INFO - Processing file /usr/local/lib/python3.9/dist-packages/airflow/example_dags/plugins/workday.py for tasks to queue
[2025-02-10T16:30:12.711+0000] {logging_mixin.py:190} INFO - [2025-02-10T16:30:12.711+0000] {dagbag.py:588} INFO - Filling up the DagBag from /usr/local/lib/python3.9/dist-packages/airflow/example_dags/plugins/workday.py
[2025-02-10T16:30:12.714+0000] {logging_mixin.py:190} INFO - [2025-02-10T16:30:12.714+0000] {workday.py:41} WARNING - Could not import pandas. Holidays will not be considered.
[2025-02-10T16:30:12.715+0000] {processor.py:927} WARNING - No viable dags retrieved from /usr/local/lib/python3.9/dist-packages/airflow/example_dags/plugins/workday.py
[2025-02-10T16:30:12.745+0000] {processor.py:208} INFO - Processing /usr/local/lib/python3.9/dist-packages/airflow/example_dags/plugins/workday.py took 0.044 seconds
[2025-02-10T16:31:27.332+0000] {processor.py:186} INFO - Started process (PID=1442) to work on /usr/local/lib/python3.9/dist-packages/airflow/example_dags/plugins/workday.py
[2025-02-10T16:31:27.334+0000] {processor.py:914} INFO - Processing file /usr/local/lib/python3.9/dist-packages/airflow/example_dags/plugins/workday.py for tasks to queue
[2025-02-10T16:31:27.336+0000] {logging_mixin.py:190} INFO - [2025-02-10T16:31:27.336+0000] {dagbag.py:588} INFO - Filling up the DagBag from /usr/local/lib/python3.9/dist-packages/airflow/example_dags/plugins/workday.py
[2025-02-10T16:31:27.339+0000] {logging_mixin.py:190} INFO - [2025-02-10T16:31:27.339+0000] {workday.py:41} WARNING - Could not import pandas. Holidays will not be considered.
[2025-02-10T16:31:27.340+0000] {processor.py:927} WARNING - No viable dags retrieved from /usr/local/lib/python3.9/dist-packages/airflow/example_dags/plugins/workday.py
[2025-02-10T16:31:27.367+0000] {processor.py:208} INFO - Processing /usr/local/lib/python3.9/dist-packages/airflow/example_dags/plugins/workday.py took 0.041 seconds
[2025-02-10T16:32:46.211+0000] {processor.py:186} INFO - Started process (PID=1506) to work on /usr/local/lib/python3.9/dist-packages/airflow/example_dags/plugins/workday.py
[2025-02-10T16:32:46.213+0000] {processor.py:914} INFO - Processing file /usr/local/lib/python3.9/dist-packages/airflow/example_dags/plugins/workday.py for tasks to queue
[2025-02-10T16:32:46.216+0000] {logging_mixin.py:190} INFO - [2025-02-10T16:32:46.215+0000] {dagbag.py:588} INFO - Filling up the DagBag from /usr/local/lib/python3.9/dist-packages/airflow/example_dags/plugins/workday.py
[2025-02-10T16:32:46.219+0000] {logging_mixin.py:190} INFO - [2025-02-10T16:32:46.219+0000] {workday.py:41} WARNING - Could not import pandas. Holidays will not be considered.
[2025-02-10T16:32:46.220+0000] {processor.py:927} WARNING - No viable dags retrieved from /usr/local/lib/python3.9/dist-packages/airflow/example_dags/plugins/workday.py
[2025-02-10T16:32:46.247+0000] {processor.py:208} INFO - Processing /usr/local/lib/python3.9/dist-packages/airflow/example_dags/plugins/workday.py took 0.042 seconds
[2025-02-10T16:34:00.789+0000] {processor.py:186} INFO - Started process (PID=1570) to work on /usr/local/lib/python3.9/dist-packages/airflow/example_dags/plugins/workday.py
[2025-02-10T16:34:00.790+0000] {processor.py:914} INFO - Processing file /usr/local/lib/python3.9/dist-packages/airflow/example_dags/plugins/workday.py for tasks to queue
[2025-02-10T16:34:00.793+0000] {logging_mixin.py:190} INFO - [2025-02-10T16:34:00.793+0000] {dagbag.py:588} INFO - Filling up the DagBag from /usr/local/lib/python3.9/dist-packages/airflow/example_dags/plugins/workday.py
[2025-02-10T16:34:00.797+0000] {logging_mixin.py:190} INFO - [2025-02-10T16:34:00.797+0000] {workday.py:41} WARNING - Could not import pandas. Holidays will not be considered.
[2025-02-10T16:34:00.798+0000] {processor.py:927} WARNING - No viable dags retrieved from /usr/local/lib/python3.9/dist-packages/airflow/example_dags/plugins/workday.py
[2025-02-10T16:34:00.827+0000] {processor.py:208} INFO - Processing /usr/local/lib/python3.9/dist-packages/airflow/example_dags/plugins/workday.py took 0.043 seconds
[2025-02-10T16:35:15.245+0000] {processor.py:186} INFO - Started process (PID=1633) to work on /usr/local/lib/python3.9/dist-packages/airflow/example_dags/plugins/workday.py
[2025-02-10T16:35:15.246+0000] {processor.py:914} INFO - Processing file /usr/local/lib/python3.9/dist-packages/airflow/example_dags/plugins/workday.py for tasks to queue
[2025-02-10T16:35:15.249+0000] {logging_mixin.py:190} INFO - [2025-02-10T16:35:15.248+0000] {dagbag.py:588} INFO - Filling up the DagBag from /usr/local/lib/python3.9/dist-packages/airflow/example_dags/plugins/workday.py
[2025-02-10T16:35:15.252+0000] {logging_mixin.py:190} INFO - [2025-02-10T16:35:15.252+0000] {workday.py:41} WARNING - Could not import pandas. Holidays will not be considered.
[2025-02-10T16:35:15.253+0000] {processor.py:927} WARNING - No viable dags retrieved from /usr/local/lib/python3.9/dist-packages/airflow/example_dags/plugins/workday.py
[2025-02-10T16:35:15.279+0000] {processor.py:208} INFO - Processing /usr/local/lib/python3.9/dist-packages/airflow/example_dags/plugins/workday.py took 0.040 seconds
[2025-02-10T16:36:32.767+0000] {processor.py:186} INFO - Started process (PID=1697) to work on /usr/local/lib/python3.9/dist-packages/airflow/example_dags/plugins/workday.py
[2025-02-10T16:36:32.769+0000] {processor.py:914} INFO - Processing file /usr/local/lib/python3.9/dist-packages/airflow/example_dags/plugins/workday.py for tasks to queue
[2025-02-10T16:36:32.772+0000] {logging_mixin.py:190} INFO - [2025-02-10T16:36:32.771+0000] {dagbag.py:588} INFO - Filling up the DagBag from /usr/local/lib/python3.9/dist-packages/airflow/example_dags/plugins/workday.py
[2025-02-10T16:36:32.775+0000] {logging_mixin.py:190} INFO - [2025-02-10T16:36:32.775+0000] {workday.py:41} WARNING - Could not import pandas. Holidays will not be considered.
[2025-02-10T16:36:32.776+0000] {processor.py:927} WARNING - No viable dags retrieved from /usr/local/lib/python3.9/dist-packages/airflow/example_dags/plugins/workday.py
[2025-02-10T16:36:32.819+0000] {processor.py:208} INFO - Processing /usr/local/lib/python3.9/dist-packages/airflow/example_dags/plugins/workday.py took 0.058 seconds
[2025-02-10T16:37:55.584+0000] {processor.py:186} INFO - Started process (PID=1763) to work on /usr/local/lib/python3.9/dist-packages/airflow/example_dags/plugins/workday.py
[2025-02-10T16:37:55.585+0000] {processor.py:914} INFO - Processing file /usr/local/lib/python3.9/dist-packages/airflow/example_dags/plugins/workday.py for tasks to queue
[2025-02-10T16:37:55.589+0000] {logging_mixin.py:190} INFO - [2025-02-10T16:37:55.588+0000] {dagbag.py:588} INFO - Filling up the DagBag from /usr/local/lib/python3.9/dist-packages/airflow/example_dags/plugins/workday.py
[2025-02-10T16:37:55.592+0000] {logging_mixin.py:190} INFO - [2025-02-10T16:37:55.592+0000] {workday.py:41} WARNING - Could not import pandas. Holidays will not be considered.
[2025-02-10T16:37:55.593+0000] {processor.py:927} WARNING - No viable dags retrieved from /usr/local/lib/python3.9/dist-packages/airflow/example_dags/plugins/workday.py
[2025-02-10T16:37:55.619+0000] {processor.py:208} INFO - Processing /usr/local/lib/python3.9/dist-packages/airflow/example_dags/plugins/workday.py took 0.041 seconds
