[2025-02-10T14:48:29.364+0000] {processor.py:186} INFO - Started process (PID=50) to work on /usr/local/lib/python3.9/dist-packages/airflow/example_dags/example_skip_dag.py
[2025-02-10T14:48:29.365+0000] {processor.py:914} INFO - Processing file /usr/local/lib/python3.9/dist-packages/airflow/example_dags/example_skip_dag.py for tasks to queue
[2025-02-10T14:48:29.369+0000] {logging_mixin.py:190} INFO - [2025-02-10T14:48:29.368+0000] {dagbag.py:588} INFO - Filling up the DagBag from /usr/local/lib/python3.9/dist-packages/airflow/example_dags/example_skip_dag.py
[2025-02-10T14:48:29.380+0000] {processor.py:925} INFO - DAG(s) 'example_skip_dag' retrieved from /usr/local/lib/python3.9/dist-packages/airflow/example_dags/example_skip_dag.py
[2025-02-10T14:48:29.560+0000] {logging_mixin.py:190} INFO - [2025-02-10T14:48:29.559+0000] {override.py:1930} INFO - Created Permission View: can delete on DAG:example_skip_dag
[2025-02-10T14:48:29.604+0000] {logging_mixin.py:190} INFO - [2025-02-10T14:48:29.603+0000] {override.py:1930} INFO - Created Permission View: can read on DAG:example_skip_dag
[2025-02-10T14:48:29.646+0000] {logging_mixin.py:190} INFO - [2025-02-10T14:48:29.645+0000] {override.py:1930} INFO - Created Permission View: can edit on DAG:example_skip_dag
[2025-02-10T14:48:29.715+0000] {logging_mixin.py:190} INFO - [2025-02-10T14:48:29.714+0000] {override.py:1930} INFO - Created Permission View: can create on DAG Run:example_skip_dag
[2025-02-10T14:48:29.770+0000] {logging_mixin.py:190} INFO - [2025-02-10T14:48:29.769+0000] {override.py:1930} INFO - Created Permission View: can delete on DAG Run:example_skip_dag
[2025-02-10T14:48:29.817+0000] {logging_mixin.py:190} INFO - [2025-02-10T14:48:29.816+0000] {override.py:1930} INFO - Created Permission View: can read on DAG Run:example_skip_dag
[2025-02-10T14:48:29.859+0000] {logging_mixin.py:190} INFO - [2025-02-10T14:48:29.858+0000] {override.py:1930} INFO - Created Permission View: menu access on DAG Run:example_skip_dag
[2025-02-10T14:48:29.860+0000] {logging_mixin.py:190} INFO - [2025-02-10T14:48:29.860+0000] {dag.py:3239} INFO - Sync 1 DAGs
[2025-02-10T14:48:29.885+0000] {logging_mixin.py:190} INFO - [2025-02-10T14:48:29.885+0000] {dag.py:3262} INFO - Creating ORM DAG for example_skip_dag
[2025-02-10T14:48:29.899+0000] {logging_mixin.py:190} INFO - [2025-02-10T14:48:29.899+0000] {dag.py:4180} INFO - Setting next_dagrun for example_skip_dag to 2025-02-09 00:00:00+00:00, run_after=2025-02-10 00:00:00+00:00
[2025-02-10T14:48:29.975+0000] {processor.py:208} INFO - Processing /usr/local/lib/python3.9/dist-packages/airflow/example_dags/example_skip_dag.py took 0.619 seconds
[2025-02-10T14:50:08.408+0000] {processor.py:186} INFO - Started process (PID=110) to work on /usr/local/lib/python3.9/dist-packages/airflow/example_dags/example_skip_dag.py
[2025-02-10T14:50:08.411+0000] {processor.py:914} INFO - Processing file /usr/local/lib/python3.9/dist-packages/airflow/example_dags/example_skip_dag.py for tasks to queue
[2025-02-10T14:50:08.415+0000] {logging_mixin.py:190} INFO - [2025-02-10T14:50:08.414+0000] {dagbag.py:588} INFO - Filling up the DagBag from /usr/local/lib/python3.9/dist-packages/airflow/example_dags/example_skip_dag.py
[2025-02-10T14:50:08.422+0000] {processor.py:925} INFO - DAG(s) 'example_skip_dag' retrieved from /usr/local/lib/python3.9/dist-packages/airflow/example_dags/example_skip_dag.py
[2025-02-10T14:50:08.455+0000] {logging_mixin.py:190} INFO - [2025-02-10T14:50:08.455+0000] {dag.py:3239} INFO - Sync 1 DAGs
[2025-02-10T14:50:08.486+0000] {logging_mixin.py:190} INFO - [2025-02-10T14:50:08.486+0000] {dag.py:4180} INFO - Setting next_dagrun for example_skip_dag to 2025-02-09 00:00:00+00:00, run_after=2025-02-10 00:00:00+00:00
[2025-02-10T14:50:08.562+0000] {processor.py:208} INFO - Processing /usr/local/lib/python3.9/dist-packages/airflow/example_dags/example_skip_dag.py took 0.159 seconds
[2025-02-10T14:50:57.713+0000] {processor.py:186} INFO - Started process (PID=151) to work on /usr/local/lib/python3.9/dist-packages/airflow/example_dags/example_skip_dag.py
[2025-02-10T14:50:57.715+0000] {processor.py:914} INFO - Processing file /usr/local/lib/python3.9/dist-packages/airflow/example_dags/example_skip_dag.py for tasks to queue
[2025-02-10T14:50:57.718+0000] {logging_mixin.py:190} INFO - [2025-02-10T14:50:57.717+0000] {dagbag.py:588} INFO - Filling up the DagBag from /usr/local/lib/python3.9/dist-packages/airflow/example_dags/example_skip_dag.py
[2025-02-10T14:50:57.726+0000] {processor.py:925} INFO - DAG(s) 'example_skip_dag' retrieved from /usr/local/lib/python3.9/dist-packages/airflow/example_dags/example_skip_dag.py
[2025-02-10T14:50:57.756+0000] {logging_mixin.py:190} INFO - [2025-02-10T14:50:57.756+0000] {dag.py:3239} INFO - Sync 1 DAGs
[2025-02-10T14:50:57.787+0000] {logging_mixin.py:190} INFO - [2025-02-10T14:50:57.787+0000] {dag.py:4180} INFO - Setting next_dagrun for example_skip_dag to 2025-02-09 00:00:00+00:00, run_after=2025-02-10 00:00:00+00:00
[2025-02-10T14:50:57.858+0000] {processor.py:208} INFO - Processing /usr/local/lib/python3.9/dist-packages/airflow/example_dags/example_skip_dag.py took 0.151 seconds
[2025-02-10T14:52:15.443+0000] {processor.py:186} INFO - Started process (PID=214) to work on /usr/local/lib/python3.9/dist-packages/airflow/example_dags/example_skip_dag.py
[2025-02-10T14:52:15.445+0000] {processor.py:914} INFO - Processing file /usr/local/lib/python3.9/dist-packages/airflow/example_dags/example_skip_dag.py for tasks to queue
[2025-02-10T14:52:15.447+0000] {logging_mixin.py:190} INFO - [2025-02-10T14:52:15.447+0000] {dagbag.py:588} INFO - Filling up the DagBag from /usr/local/lib/python3.9/dist-packages/airflow/example_dags/example_skip_dag.py
[2025-02-10T14:52:15.456+0000] {processor.py:925} INFO - DAG(s) 'example_skip_dag' retrieved from /usr/local/lib/python3.9/dist-packages/airflow/example_dags/example_skip_dag.py
[2025-02-10T14:52:15.488+0000] {logging_mixin.py:190} INFO - [2025-02-10T14:52:15.487+0000] {dag.py:3239} INFO - Sync 1 DAGs
[2025-02-10T14:52:15.518+0000] {logging_mixin.py:190} INFO - [2025-02-10T14:52:15.518+0000] {dag.py:4180} INFO - Setting next_dagrun for example_skip_dag to 2025-02-09 00:00:00+00:00, run_after=2025-02-10 00:00:00+00:00
[2025-02-10T14:52:15.591+0000] {processor.py:208} INFO - Processing /usr/local/lib/python3.9/dist-packages/airflow/example_dags/example_skip_dag.py took 0.153 seconds
[2025-02-10T14:53:31.643+0000] {processor.py:186} INFO - Started process (PID=279) to work on /usr/local/lib/python3.9/dist-packages/airflow/example_dags/example_skip_dag.py
[2025-02-10T14:53:31.645+0000] {processor.py:914} INFO - Processing file /usr/local/lib/python3.9/dist-packages/airflow/example_dags/example_skip_dag.py for tasks to queue
[2025-02-10T14:53:31.647+0000] {logging_mixin.py:190} INFO - [2025-02-10T14:53:31.647+0000] {dagbag.py:588} INFO - Filling up the DagBag from /usr/local/lib/python3.9/dist-packages/airflow/example_dags/example_skip_dag.py
[2025-02-10T14:53:31.655+0000] {processor.py:925} INFO - DAG(s) 'example_skip_dag' retrieved from /usr/local/lib/python3.9/dist-packages/airflow/example_dags/example_skip_dag.py
[2025-02-10T14:53:31.686+0000] {logging_mixin.py:190} INFO - [2025-02-10T14:53:31.685+0000] {dag.py:3239} INFO - Sync 1 DAGs
[2025-02-10T14:53:31.717+0000] {logging_mixin.py:190} INFO - [2025-02-10T14:53:31.717+0000] {dag.py:4180} INFO - Setting next_dagrun for example_skip_dag to 2025-02-09 00:00:00+00:00, run_after=2025-02-10 00:00:00+00:00
[2025-02-10T14:53:31.795+0000] {processor.py:208} INFO - Processing /usr/local/lib/python3.9/dist-packages/airflow/example_dags/example_skip_dag.py took 0.158 seconds
[2025-02-10T14:54:51.611+0000] {processor.py:186} INFO - Started process (PID=345) to work on /usr/local/lib/python3.9/dist-packages/airflow/example_dags/example_skip_dag.py
[2025-02-10T14:54:51.615+0000] {processor.py:914} INFO - Processing file /usr/local/lib/python3.9/dist-packages/airflow/example_dags/example_skip_dag.py for tasks to queue
[2025-02-10T14:54:51.617+0000] {logging_mixin.py:190} INFO - [2025-02-10T14:54:51.617+0000] {dagbag.py:588} INFO - Filling up the DagBag from /usr/local/lib/python3.9/dist-packages/airflow/example_dags/example_skip_dag.py
[2025-02-10T14:54:51.625+0000] {processor.py:925} INFO - DAG(s) 'example_skip_dag' retrieved from /usr/local/lib/python3.9/dist-packages/airflow/example_dags/example_skip_dag.py
[2025-02-10T14:54:51.655+0000] {logging_mixin.py:190} INFO - [2025-02-10T14:54:51.655+0000] {dag.py:3239} INFO - Sync 1 DAGs
[2025-02-10T14:54:51.686+0000] {logging_mixin.py:190} INFO - [2025-02-10T14:54:51.685+0000] {dag.py:4180} INFO - Setting next_dagrun for example_skip_dag to 2025-02-09 00:00:00+00:00, run_after=2025-02-10 00:00:00+00:00
[2025-02-10T14:54:51.766+0000] {processor.py:208} INFO - Processing /usr/local/lib/python3.9/dist-packages/airflow/example_dags/example_skip_dag.py took 0.160 seconds
[2025-02-10T14:56:11.404+0000] {processor.py:186} INFO - Started process (PID=411) to work on /usr/local/lib/python3.9/dist-packages/airflow/example_dags/example_skip_dag.py
[2025-02-10T14:56:11.406+0000] {processor.py:914} INFO - Processing file /usr/local/lib/python3.9/dist-packages/airflow/example_dags/example_skip_dag.py for tasks to queue
[2025-02-10T14:56:11.408+0000] {logging_mixin.py:190} INFO - [2025-02-10T14:56:11.408+0000] {dagbag.py:588} INFO - Filling up the DagBag from /usr/local/lib/python3.9/dist-packages/airflow/example_dags/example_skip_dag.py
[2025-02-10T14:56:11.416+0000] {processor.py:925} INFO - DAG(s) 'example_skip_dag' retrieved from /usr/local/lib/python3.9/dist-packages/airflow/example_dags/example_skip_dag.py
[2025-02-10T14:56:11.448+0000] {logging_mixin.py:190} INFO - [2025-02-10T14:56:11.447+0000] {dag.py:3239} INFO - Sync 1 DAGs
[2025-02-10T14:56:11.478+0000] {logging_mixin.py:190} INFO - [2025-02-10T14:56:11.478+0000] {dag.py:4180} INFO - Setting next_dagrun for example_skip_dag to 2025-02-09 00:00:00+00:00, run_after=2025-02-10 00:00:00+00:00
[2025-02-10T14:56:11.553+0000] {processor.py:208} INFO - Processing /usr/local/lib/python3.9/dist-packages/airflow/example_dags/example_skip_dag.py took 0.154 seconds
[2025-02-10T14:57:32.880+0000] {processor.py:186} INFO - Started process (PID=478) to work on /usr/local/lib/python3.9/dist-packages/airflow/example_dags/example_skip_dag.py
[2025-02-10T14:57:32.881+0000] {processor.py:914} INFO - Processing file /usr/local/lib/python3.9/dist-packages/airflow/example_dags/example_skip_dag.py for tasks to queue
[2025-02-10T14:57:32.884+0000] {logging_mixin.py:190} INFO - [2025-02-10T14:57:32.883+0000] {dagbag.py:588} INFO - Filling up the DagBag from /usr/local/lib/python3.9/dist-packages/airflow/example_dags/example_skip_dag.py
[2025-02-10T14:57:32.891+0000] {processor.py:925} INFO - DAG(s) 'example_skip_dag' retrieved from /usr/local/lib/python3.9/dist-packages/airflow/example_dags/example_skip_dag.py
[2025-02-10T14:57:32.923+0000] {logging_mixin.py:190} INFO - [2025-02-10T14:57:32.923+0000] {dag.py:3239} INFO - Sync 1 DAGs
[2025-02-10T14:57:32.954+0000] {logging_mixin.py:190} INFO - [2025-02-10T14:57:32.953+0000] {dag.py:4180} INFO - Setting next_dagrun for example_skip_dag to 2025-02-09 00:00:00+00:00, run_after=2025-02-10 00:00:00+00:00
[2025-02-10T14:57:33.032+0000] {processor.py:208} INFO - Processing /usr/local/lib/python3.9/dist-packages/airflow/example_dags/example_skip_dag.py took 0.158 seconds
[2025-02-10T14:58:48.115+0000] {processor.py:186} INFO - Started process (PID=542) to work on /usr/local/lib/python3.9/dist-packages/airflow/example_dags/example_skip_dag.py
[2025-02-10T14:58:48.117+0000] {processor.py:914} INFO - Processing file /usr/local/lib/python3.9/dist-packages/airflow/example_dags/example_skip_dag.py for tasks to queue
[2025-02-10T14:58:48.120+0000] {logging_mixin.py:190} INFO - [2025-02-10T14:58:48.120+0000] {dagbag.py:588} INFO - Filling up the DagBag from /usr/local/lib/python3.9/dist-packages/airflow/example_dags/example_skip_dag.py
[2025-02-10T14:58:48.127+0000] {processor.py:925} INFO - DAG(s) 'example_skip_dag' retrieved from /usr/local/lib/python3.9/dist-packages/airflow/example_dags/example_skip_dag.py
[2025-02-10T14:58:48.158+0000] {logging_mixin.py:190} INFO - [2025-02-10T14:58:48.157+0000] {dag.py:3239} INFO - Sync 1 DAGs
[2025-02-10T14:58:48.187+0000] {logging_mixin.py:190} INFO - [2025-02-10T14:58:48.187+0000] {dag.py:4180} INFO - Setting next_dagrun for example_skip_dag to 2025-02-09 00:00:00+00:00, run_after=2025-02-10 00:00:00+00:00
[2025-02-10T14:58:48.263+0000] {processor.py:208} INFO - Processing /usr/local/lib/python3.9/dist-packages/airflow/example_dags/example_skip_dag.py took 0.154 seconds
[2025-02-10T15:00:01.260+0000] {processor.py:186} INFO - Started process (PID=606) to work on /usr/local/lib/python3.9/dist-packages/airflow/example_dags/example_skip_dag.py
[2025-02-10T15:00:01.262+0000] {processor.py:914} INFO - Processing file /usr/local/lib/python3.9/dist-packages/airflow/example_dags/example_skip_dag.py for tasks to queue
[2025-02-10T15:00:01.265+0000] {logging_mixin.py:190} INFO - [2025-02-10T15:00:01.264+0000] {dagbag.py:588} INFO - Filling up the DagBag from /usr/local/lib/python3.9/dist-packages/airflow/example_dags/example_skip_dag.py
[2025-02-10T15:00:01.274+0000] {processor.py:925} INFO - DAG(s) 'example_skip_dag' retrieved from /usr/local/lib/python3.9/dist-packages/airflow/example_dags/example_skip_dag.py
[2025-02-10T15:00:01.309+0000] {logging_mixin.py:190} INFO - [2025-02-10T15:00:01.309+0000] {dag.py:3239} INFO - Sync 1 DAGs
[2025-02-10T15:00:01.341+0000] {logging_mixin.py:190} INFO - [2025-02-10T15:00:01.341+0000] {dag.py:4180} INFO - Setting next_dagrun for example_skip_dag to 2025-02-09 00:00:00+00:00, run_after=2025-02-10 00:00:00+00:00
[2025-02-10T15:00:01.422+0000] {processor.py:208} INFO - Processing /usr/local/lib/python3.9/dist-packages/airflow/example_dags/example_skip_dag.py took 0.167 seconds
[2025-02-10T15:01:17.164+0000] {processor.py:186} INFO - Started process (PID=669) to work on /usr/local/lib/python3.9/dist-packages/airflow/example_dags/example_skip_dag.py
[2025-02-10T15:01:17.167+0000] {processor.py:914} INFO - Processing file /usr/local/lib/python3.9/dist-packages/airflow/example_dags/example_skip_dag.py for tasks to queue
[2025-02-10T15:01:17.170+0000] {logging_mixin.py:190} INFO - [2025-02-10T15:01:17.169+0000] {dagbag.py:588} INFO - Filling up the DagBag from /usr/local/lib/python3.9/dist-packages/airflow/example_dags/example_skip_dag.py
[2025-02-10T15:01:17.187+0000] {processor.py:925} INFO - DAG(s) 'example_skip_dag' retrieved from /usr/local/lib/python3.9/dist-packages/airflow/example_dags/example_skip_dag.py
[2025-02-10T15:01:17.243+0000] {logging_mixin.py:190} INFO - [2025-02-10T15:01:17.241+0000] {dag.py:3239} INFO - Sync 1 DAGs
[2025-02-10T15:01:17.280+0000] {logging_mixin.py:190} INFO - [2025-02-10T15:01:17.279+0000] {dag.py:4180} INFO - Setting next_dagrun for example_skip_dag to 2025-02-09 00:00:00+00:00, run_after=2025-02-10 00:00:00+00:00
[2025-02-10T15:01:17.351+0000] {processor.py:208} INFO - Processing /usr/local/lib/python3.9/dist-packages/airflow/example_dags/example_skip_dag.py took 0.200 seconds
[2025-02-10T15:02:36.565+0000] {processor.py:186} INFO - Started process (PID=739) to work on /usr/local/lib/python3.9/dist-packages/airflow/example_dags/example_skip_dag.py
[2025-02-10T15:02:36.566+0000] {processor.py:914} INFO - Processing file /usr/local/lib/python3.9/dist-packages/airflow/example_dags/example_skip_dag.py for tasks to queue
[2025-02-10T15:02:36.569+0000] {logging_mixin.py:190} INFO - [2025-02-10T15:02:36.569+0000] {dagbag.py:588} INFO - Filling up the DagBag from /usr/local/lib/python3.9/dist-packages/airflow/example_dags/example_skip_dag.py
[2025-02-10T15:02:36.576+0000] {processor.py:925} INFO - DAG(s) 'example_skip_dag' retrieved from /usr/local/lib/python3.9/dist-packages/airflow/example_dags/example_skip_dag.py
[2025-02-10T15:02:36.607+0000] {logging_mixin.py:190} INFO - [2025-02-10T15:02:36.606+0000] {dag.py:3239} INFO - Sync 1 DAGs
[2025-02-10T15:02:36.637+0000] {logging_mixin.py:190} INFO - [2025-02-10T15:02:36.636+0000] {dag.py:4180} INFO - Setting next_dagrun for example_skip_dag to 2025-02-09 00:00:00+00:00, run_after=2025-02-10 00:00:00+00:00
[2025-02-10T15:02:36.711+0000] {processor.py:208} INFO - Processing /usr/local/lib/python3.9/dist-packages/airflow/example_dags/example_skip_dag.py took 0.152 seconds
[2025-02-10T15:03:55.889+0000] {processor.py:186} INFO - Started process (PID=804) to work on /usr/local/lib/python3.9/dist-packages/airflow/example_dags/example_skip_dag.py
[2025-02-10T15:03:55.891+0000] {processor.py:914} INFO - Processing file /usr/local/lib/python3.9/dist-packages/airflow/example_dags/example_skip_dag.py for tasks to queue
[2025-02-10T15:03:55.894+0000] {logging_mixin.py:190} INFO - [2025-02-10T15:03:55.893+0000] {dagbag.py:588} INFO - Filling up the DagBag from /usr/local/lib/python3.9/dist-packages/airflow/example_dags/example_skip_dag.py
[2025-02-10T15:03:55.901+0000] {processor.py:925} INFO - DAG(s) 'example_skip_dag' retrieved from /usr/local/lib/python3.9/dist-packages/airflow/example_dags/example_skip_dag.py
[2025-02-10T15:03:55.934+0000] {logging_mixin.py:190} INFO - [2025-02-10T15:03:55.934+0000] {dag.py:3239} INFO - Sync 1 DAGs
[2025-02-10T15:03:55.964+0000] {logging_mixin.py:190} INFO - [2025-02-10T15:03:55.964+0000] {dag.py:4180} INFO - Setting next_dagrun for example_skip_dag to 2025-02-09 00:00:00+00:00, run_after=2025-02-10 00:00:00+00:00
[2025-02-10T15:03:56.046+0000] {processor.py:208} INFO - Processing /usr/local/lib/python3.9/dist-packages/airflow/example_dags/example_skip_dag.py took 0.162 seconds
[2025-02-10T15:05:14.195+0000] {processor.py:186} INFO - Started process (PID=869) to work on /usr/local/lib/python3.9/dist-packages/airflow/example_dags/example_skip_dag.py
[2025-02-10T15:05:14.197+0000] {processor.py:914} INFO - Processing file /usr/local/lib/python3.9/dist-packages/airflow/example_dags/example_skip_dag.py for tasks to queue
[2025-02-10T15:05:14.200+0000] {logging_mixin.py:190} INFO - [2025-02-10T15:05:14.200+0000] {dagbag.py:588} INFO - Filling up the DagBag from /usr/local/lib/python3.9/dist-packages/airflow/example_dags/example_skip_dag.py
[2025-02-10T15:05:14.208+0000] {processor.py:925} INFO - DAG(s) 'example_skip_dag' retrieved from /usr/local/lib/python3.9/dist-packages/airflow/example_dags/example_skip_dag.py
[2025-02-10T15:05:14.240+0000] {logging_mixin.py:190} INFO - [2025-02-10T15:05:14.240+0000] {dag.py:3239} INFO - Sync 1 DAGs
[2025-02-10T15:05:14.271+0000] {logging_mixin.py:190} INFO - [2025-02-10T15:05:14.271+0000] {dag.py:4180} INFO - Setting next_dagrun for example_skip_dag to 2025-02-09 00:00:00+00:00, run_after=2025-02-10 00:00:00+00:00
[2025-02-10T15:05:14.349+0000] {processor.py:208} INFO - Processing /usr/local/lib/python3.9/dist-packages/airflow/example_dags/example_skip_dag.py took 0.160 seconds
[2025-02-10T15:06:34.463+0000] {processor.py:186} INFO - Started process (PID=935) to work on /usr/local/lib/python3.9/dist-packages/airflow/example_dags/example_skip_dag.py
[2025-02-10T15:06:34.464+0000] {processor.py:914} INFO - Processing file /usr/local/lib/python3.9/dist-packages/airflow/example_dags/example_skip_dag.py for tasks to queue
[2025-02-10T15:06:34.468+0000] {logging_mixin.py:190} INFO - [2025-02-10T15:06:34.467+0000] {dagbag.py:588} INFO - Filling up the DagBag from /usr/local/lib/python3.9/dist-packages/airflow/example_dags/example_skip_dag.py
[2025-02-10T15:06:34.475+0000] {processor.py:925} INFO - DAG(s) 'example_skip_dag' retrieved from /usr/local/lib/python3.9/dist-packages/airflow/example_dags/example_skip_dag.py
[2025-02-10T15:06:34.507+0000] {logging_mixin.py:190} INFO - [2025-02-10T15:06:34.507+0000] {dag.py:3239} INFO - Sync 1 DAGs
[2025-02-10T15:06:34.539+0000] {logging_mixin.py:190} INFO - [2025-02-10T15:06:34.539+0000] {dag.py:4180} INFO - Setting next_dagrun for example_skip_dag to 2025-02-09 00:00:00+00:00, run_after=2025-02-10 00:00:00+00:00
[2025-02-10T15:06:34.611+0000] {processor.py:208} INFO - Processing /usr/local/lib/python3.9/dist-packages/airflow/example_dags/example_skip_dag.py took 0.154 seconds
[2025-02-10T15:07:52.318+0000] {processor.py:186} INFO - Started process (PID=1001) to work on /usr/local/lib/python3.9/dist-packages/airflow/example_dags/example_skip_dag.py
[2025-02-10T15:07:52.320+0000] {processor.py:914} INFO - Processing file /usr/local/lib/python3.9/dist-packages/airflow/example_dags/example_skip_dag.py for tasks to queue
[2025-02-10T15:07:52.322+0000] {logging_mixin.py:190} INFO - [2025-02-10T15:07:52.322+0000] {dagbag.py:588} INFO - Filling up the DagBag from /usr/local/lib/python3.9/dist-packages/airflow/example_dags/example_skip_dag.py
[2025-02-10T15:07:52.330+0000] {processor.py:925} INFO - DAG(s) 'example_skip_dag' retrieved from /usr/local/lib/python3.9/dist-packages/airflow/example_dags/example_skip_dag.py
[2025-02-10T15:07:52.361+0000] {logging_mixin.py:190} INFO - [2025-02-10T15:07:52.361+0000] {dag.py:3239} INFO - Sync 1 DAGs
[2025-02-10T15:07:52.390+0000] {logging_mixin.py:190} INFO - [2025-02-10T15:07:52.389+0000] {dag.py:4180} INFO - Setting next_dagrun for example_skip_dag to 2025-02-09 00:00:00+00:00, run_after=2025-02-10 00:00:00+00:00
[2025-02-10T15:07:52.462+0000] {processor.py:208} INFO - Processing /usr/local/lib/python3.9/dist-packages/airflow/example_dags/example_skip_dag.py took 0.150 seconds
[2025-02-10T15:09:10.188+0000] {processor.py:186} INFO - Started process (PID=1065) to work on /usr/local/lib/python3.9/dist-packages/airflow/example_dags/example_skip_dag.py
[2025-02-10T15:09:10.190+0000] {processor.py:914} INFO - Processing file /usr/local/lib/python3.9/dist-packages/airflow/example_dags/example_skip_dag.py for tasks to queue
[2025-02-10T15:09:10.193+0000] {logging_mixin.py:190} INFO - [2025-02-10T15:09:10.192+0000] {dagbag.py:588} INFO - Filling up the DagBag from /usr/local/lib/python3.9/dist-packages/airflow/example_dags/example_skip_dag.py
[2025-02-10T15:09:10.200+0000] {processor.py:925} INFO - DAG(s) 'example_skip_dag' retrieved from /usr/local/lib/python3.9/dist-packages/airflow/example_dags/example_skip_dag.py
[2025-02-10T15:09:10.232+0000] {logging_mixin.py:190} INFO - [2025-02-10T15:09:10.232+0000] {dag.py:3239} INFO - Sync 1 DAGs
[2025-02-10T15:09:10.261+0000] {logging_mixin.py:190} INFO - [2025-02-10T15:09:10.261+0000] {dag.py:4180} INFO - Setting next_dagrun for example_skip_dag to 2025-02-09 00:00:00+00:00, run_after=2025-02-10 00:00:00+00:00
[2025-02-10T15:09:10.333+0000] {processor.py:208} INFO - Processing /usr/local/lib/python3.9/dist-packages/airflow/example_dags/example_skip_dag.py took 0.150 seconds
[2025-02-10T15:10:29.473+0000] {processor.py:186} INFO - Started process (PID=1131) to work on /usr/local/lib/python3.9/dist-packages/airflow/example_dags/example_skip_dag.py
[2025-02-10T15:10:29.474+0000] {processor.py:914} INFO - Processing file /usr/local/lib/python3.9/dist-packages/airflow/example_dags/example_skip_dag.py for tasks to queue
[2025-02-10T15:10:29.478+0000] {logging_mixin.py:190} INFO - [2025-02-10T15:10:29.477+0000] {dagbag.py:588} INFO - Filling up the DagBag from /usr/local/lib/python3.9/dist-packages/airflow/example_dags/example_skip_dag.py
[2025-02-10T15:10:29.485+0000] {processor.py:925} INFO - DAG(s) 'example_skip_dag' retrieved from /usr/local/lib/python3.9/dist-packages/airflow/example_dags/example_skip_dag.py
[2025-02-10T15:10:29.519+0000] {logging_mixin.py:190} INFO - [2025-02-10T15:10:29.519+0000] {dag.py:3239} INFO - Sync 1 DAGs
[2025-02-10T15:10:29.550+0000] {logging_mixin.py:190} INFO - [2025-02-10T15:10:29.550+0000] {dag.py:4180} INFO - Setting next_dagrun for example_skip_dag to 2025-02-09 00:00:00+00:00, run_after=2025-02-10 00:00:00+00:00
[2025-02-10T15:10:29.629+0000] {processor.py:208} INFO - Processing /usr/local/lib/python3.9/dist-packages/airflow/example_dags/example_skip_dag.py took 0.161 seconds
[2025-02-10T15:11:51.254+0000] {processor.py:186} INFO - Started process (PID=1198) to work on /usr/local/lib/python3.9/dist-packages/airflow/example_dags/example_skip_dag.py
[2025-02-10T15:11:51.255+0000] {processor.py:914} INFO - Processing file /usr/local/lib/python3.9/dist-packages/airflow/example_dags/example_skip_dag.py for tasks to queue
[2025-02-10T15:11:51.259+0000] {logging_mixin.py:190} INFO - [2025-02-10T15:11:51.258+0000] {dagbag.py:588} INFO - Filling up the DagBag from /usr/local/lib/python3.9/dist-packages/airflow/example_dags/example_skip_dag.py
[2025-02-10T15:11:51.266+0000] {processor.py:925} INFO - DAG(s) 'example_skip_dag' retrieved from /usr/local/lib/python3.9/dist-packages/airflow/example_dags/example_skip_dag.py
[2025-02-10T15:11:51.299+0000] {logging_mixin.py:190} INFO - [2025-02-10T15:11:51.298+0000] {dag.py:3239} INFO - Sync 1 DAGs
[2025-02-10T15:11:51.329+0000] {logging_mixin.py:190} INFO - [2025-02-10T15:11:51.328+0000] {dag.py:4180} INFO - Setting next_dagrun for example_skip_dag to 2025-02-09 00:00:00+00:00, run_after=2025-02-10 00:00:00+00:00
[2025-02-10T15:11:51.403+0000] {processor.py:208} INFO - Processing /usr/local/lib/python3.9/dist-packages/airflow/example_dags/example_skip_dag.py took 0.155 seconds
[2025-02-10T15:13:06.686+0000] {processor.py:186} INFO - Started process (PID=1263) to work on /usr/local/lib/python3.9/dist-packages/airflow/example_dags/example_skip_dag.py
[2025-02-10T15:13:06.687+0000] {processor.py:914} INFO - Processing file /usr/local/lib/python3.9/dist-packages/airflow/example_dags/example_skip_dag.py for tasks to queue
[2025-02-10T15:13:06.691+0000] {logging_mixin.py:190} INFO - [2025-02-10T15:13:06.690+0000] {dagbag.py:588} INFO - Filling up the DagBag from /usr/local/lib/python3.9/dist-packages/airflow/example_dags/example_skip_dag.py
[2025-02-10T15:13:06.699+0000] {processor.py:925} INFO - DAG(s) 'example_skip_dag' retrieved from /usr/local/lib/python3.9/dist-packages/airflow/example_dags/example_skip_dag.py
[2025-02-10T15:13:06.731+0000] {logging_mixin.py:190} INFO - [2025-02-10T15:13:06.731+0000] {dag.py:3239} INFO - Sync 1 DAGs
[2025-02-10T15:13:06.761+0000] {logging_mixin.py:190} INFO - [2025-02-10T15:13:06.761+0000] {dag.py:4180} INFO - Setting next_dagrun for example_skip_dag to 2025-02-09 00:00:00+00:00, run_after=2025-02-10 00:00:00+00:00
[2025-02-10T15:13:06.833+0000] {processor.py:208} INFO - Processing /usr/local/lib/python3.9/dist-packages/airflow/example_dags/example_skip_dag.py took 0.153 seconds
[2025-02-10T15:14:23.332+0000] {processor.py:186} INFO - Started process (PID=1327) to work on /usr/local/lib/python3.9/dist-packages/airflow/example_dags/example_skip_dag.py
[2025-02-10T15:14:23.335+0000] {processor.py:914} INFO - Processing file /usr/local/lib/python3.9/dist-packages/airflow/example_dags/example_skip_dag.py for tasks to queue
[2025-02-10T15:14:23.338+0000] {logging_mixin.py:190} INFO - [2025-02-10T15:14:23.337+0000] {dagbag.py:588} INFO - Filling up the DagBag from /usr/local/lib/python3.9/dist-packages/airflow/example_dags/example_skip_dag.py
[2025-02-10T15:14:23.346+0000] {processor.py:925} INFO - DAG(s) 'example_skip_dag' retrieved from /usr/local/lib/python3.9/dist-packages/airflow/example_dags/example_skip_dag.py
[2025-02-10T15:14:23.380+0000] {logging_mixin.py:190} INFO - [2025-02-10T15:14:23.379+0000] {dag.py:3239} INFO - Sync 1 DAGs
[2025-02-10T15:14:23.412+0000] {logging_mixin.py:190} INFO - [2025-02-10T15:14:23.411+0000] {dag.py:4180} INFO - Setting next_dagrun for example_skip_dag to 2025-02-09 00:00:00+00:00, run_after=2025-02-10 00:00:00+00:00
[2025-02-10T15:14:23.484+0000] {processor.py:208} INFO - Processing /usr/local/lib/python3.9/dist-packages/airflow/example_dags/example_skip_dag.py took 0.157 seconds
[2025-02-10T15:25:17.657+0000] {processor.py:186} INFO - Started process (PID=44) to work on /usr/local/lib/python3.9/dist-packages/airflow/example_dags/example_skip_dag.py
[2025-02-10T15:25:17.658+0000] {processor.py:914} INFO - Processing file /usr/local/lib/python3.9/dist-packages/airflow/example_dags/example_skip_dag.py for tasks to queue
[2025-02-10T15:25:17.661+0000] {logging_mixin.py:190} INFO - [2025-02-10T15:25:17.660+0000] {dagbag.py:588} INFO - Filling up the DagBag from /usr/local/lib/python3.9/dist-packages/airflow/example_dags/example_skip_dag.py
[2025-02-10T15:25:17.669+0000] {processor.py:925} INFO - DAG(s) 'example_skip_dag' retrieved from /usr/local/lib/python3.9/dist-packages/airflow/example_dags/example_skip_dag.py
[2025-02-10T15:25:17.711+0000] {logging_mixin.py:190} INFO - [2025-02-10T15:25:17.710+0000] {dag.py:3239} INFO - Sync 1 DAGs
[2025-02-10T15:25:17.749+0000] {logging_mixin.py:190} INFO - [2025-02-10T15:25:17.749+0000] {dag.py:4180} INFO - Setting next_dagrun for example_skip_dag to 2025-02-09 00:00:00+00:00, run_after=2025-02-10 00:00:00+00:00
[2025-02-10T15:25:17.828+0000] {processor.py:208} INFO - Processing /usr/local/lib/python3.9/dist-packages/airflow/example_dags/example_skip_dag.py took 0.177 seconds
[2025-02-10T15:26:24.711+0000] {processor.py:186} INFO - Started process (PID=101) to work on /usr/local/lib/python3.9/dist-packages/airflow/example_dags/example_skip_dag.py
[2025-02-10T15:26:24.712+0000] {processor.py:914} INFO - Processing file /usr/local/lib/python3.9/dist-packages/airflow/example_dags/example_skip_dag.py for tasks to queue
[2025-02-10T15:26:24.716+0000] {logging_mixin.py:190} INFO - [2025-02-10T15:26:24.715+0000] {dagbag.py:588} INFO - Filling up the DagBag from /usr/local/lib/python3.9/dist-packages/airflow/example_dags/example_skip_dag.py
[2025-02-10T15:26:24.724+0000] {processor.py:925} INFO - DAG(s) 'example_skip_dag' retrieved from /usr/local/lib/python3.9/dist-packages/airflow/example_dags/example_skip_dag.py
[2025-02-10T15:26:24.756+0000] {logging_mixin.py:190} INFO - [2025-02-10T15:26:24.756+0000] {dag.py:3239} INFO - Sync 1 DAGs
[2025-02-10T15:26:24.788+0000] {logging_mixin.py:190} INFO - [2025-02-10T15:26:24.788+0000] {dag.py:4180} INFO - Setting next_dagrun for example_skip_dag to 2025-02-09 00:00:00+00:00, run_after=2025-02-10 00:00:00+00:00
[2025-02-10T15:26:24.868+0000] {processor.py:208} INFO - Processing /usr/local/lib/python3.9/dist-packages/airflow/example_dags/example_skip_dag.py took 0.163 seconds
[2025-02-10T15:27:42.063+0000] {processor.py:186} INFO - Started process (PID=165) to work on /usr/local/lib/python3.9/dist-packages/airflow/example_dags/example_skip_dag.py
[2025-02-10T15:27:42.065+0000] {processor.py:914} INFO - Processing file /usr/local/lib/python3.9/dist-packages/airflow/example_dags/example_skip_dag.py for tasks to queue
[2025-02-10T15:27:42.068+0000] {logging_mixin.py:190} INFO - [2025-02-10T15:27:42.068+0000] {dagbag.py:588} INFO - Filling up the DagBag from /usr/local/lib/python3.9/dist-packages/airflow/example_dags/example_skip_dag.py
[2025-02-10T15:27:42.075+0000] {processor.py:925} INFO - DAG(s) 'example_skip_dag' retrieved from /usr/local/lib/python3.9/dist-packages/airflow/example_dags/example_skip_dag.py
[2025-02-10T15:27:42.106+0000] {logging_mixin.py:190} INFO - [2025-02-10T15:27:42.106+0000] {dag.py:3239} INFO - Sync 1 DAGs
[2025-02-10T15:27:42.137+0000] {logging_mixin.py:190} INFO - [2025-02-10T15:27:42.137+0000] {dag.py:4180} INFO - Setting next_dagrun for example_skip_dag to 2025-02-09 00:00:00+00:00, run_after=2025-02-10 00:00:00+00:00
[2025-02-10T15:27:42.213+0000] {processor.py:208} INFO - Processing /usr/local/lib/python3.9/dist-packages/airflow/example_dags/example_skip_dag.py took 0.155 seconds
[2025-02-10T15:29:03.349+0000] {processor.py:186} INFO - Started process (PID=231) to work on /usr/local/lib/python3.9/dist-packages/airflow/example_dags/example_skip_dag.py
[2025-02-10T15:29:03.350+0000] {processor.py:914} INFO - Processing file /usr/local/lib/python3.9/dist-packages/airflow/example_dags/example_skip_dag.py for tasks to queue
[2025-02-10T15:29:03.353+0000] {logging_mixin.py:190} INFO - [2025-02-10T15:29:03.353+0000] {dagbag.py:588} INFO - Filling up the DagBag from /usr/local/lib/python3.9/dist-packages/airflow/example_dags/example_skip_dag.py
[2025-02-10T15:29:03.361+0000] {processor.py:925} INFO - DAG(s) 'example_skip_dag' retrieved from /usr/local/lib/python3.9/dist-packages/airflow/example_dags/example_skip_dag.py
[2025-02-10T15:29:03.393+0000] {logging_mixin.py:190} INFO - [2025-02-10T15:29:03.393+0000] {dag.py:3239} INFO - Sync 1 DAGs
[2025-02-10T15:29:03.424+0000] {logging_mixin.py:190} INFO - [2025-02-10T15:29:03.424+0000] {dag.py:4180} INFO - Setting next_dagrun for example_skip_dag to 2025-02-09 00:00:00+00:00, run_after=2025-02-10 00:00:00+00:00
[2025-02-10T15:29:03.498+0000] {processor.py:208} INFO - Processing /usr/local/lib/python3.9/dist-packages/airflow/example_dags/example_skip_dag.py took 0.154 seconds
[2025-02-10T15:30:17.356+0000] {processor.py:186} INFO - Started process (PID=294) to work on /usr/local/lib/python3.9/dist-packages/airflow/example_dags/example_skip_dag.py
[2025-02-10T15:30:17.358+0000] {processor.py:914} INFO - Processing file /usr/local/lib/python3.9/dist-packages/airflow/example_dags/example_skip_dag.py for tasks to queue
[2025-02-10T15:30:17.361+0000] {logging_mixin.py:190} INFO - [2025-02-10T15:30:17.360+0000] {dagbag.py:588} INFO - Filling up the DagBag from /usr/local/lib/python3.9/dist-packages/airflow/example_dags/example_skip_dag.py
[2025-02-10T15:30:17.372+0000] {processor.py:925} INFO - DAG(s) 'example_skip_dag' retrieved from /usr/local/lib/python3.9/dist-packages/airflow/example_dags/example_skip_dag.py
[2025-02-10T15:30:17.407+0000] {logging_mixin.py:190} INFO - [2025-02-10T15:30:17.407+0000] {dag.py:3239} INFO - Sync 1 DAGs
[2025-02-10T15:30:17.461+0000] {logging_mixin.py:190} INFO - [2025-02-10T15:30:17.461+0000] {dag.py:4180} INFO - Setting next_dagrun for example_skip_dag to 2025-02-09 00:00:00+00:00, run_after=2025-02-10 00:00:00+00:00
[2025-02-10T15:30:17.571+0000] {processor.py:208} INFO - Processing /usr/local/lib/python3.9/dist-packages/airflow/example_dags/example_skip_dag.py took 0.220 seconds
[2025-02-10T15:31:33.492+0000] {processor.py:186} INFO - Started process (PID=358) to work on /usr/local/lib/python3.9/dist-packages/airflow/example_dags/example_skip_dag.py
[2025-02-10T15:31:33.493+0000] {processor.py:914} INFO - Processing file /usr/local/lib/python3.9/dist-packages/airflow/example_dags/example_skip_dag.py for tasks to queue
[2025-02-10T15:31:33.496+0000] {logging_mixin.py:190} INFO - [2025-02-10T15:31:33.496+0000] {dagbag.py:588} INFO - Filling up the DagBag from /usr/local/lib/python3.9/dist-packages/airflow/example_dags/example_skip_dag.py
[2025-02-10T15:31:33.504+0000] {processor.py:925} INFO - DAG(s) 'example_skip_dag' retrieved from /usr/local/lib/python3.9/dist-packages/airflow/example_dags/example_skip_dag.py
[2025-02-10T15:31:33.534+0000] {logging_mixin.py:190} INFO - [2025-02-10T15:31:33.534+0000] {dag.py:3239} INFO - Sync 1 DAGs
[2025-02-10T15:31:33.563+0000] {logging_mixin.py:190} INFO - [2025-02-10T15:31:33.563+0000] {dag.py:4180} INFO - Setting next_dagrun for example_skip_dag to 2025-02-09 00:00:00+00:00, run_after=2025-02-10 00:00:00+00:00
[2025-02-10T15:31:33.635+0000] {processor.py:208} INFO - Processing /usr/local/lib/python3.9/dist-packages/airflow/example_dags/example_skip_dag.py took 0.148 seconds
[2025-02-10T15:32:54.602+0000] {processor.py:186} INFO - Started process (PID=424) to work on /usr/local/lib/python3.9/dist-packages/airflow/example_dags/example_skip_dag.py
[2025-02-10T15:32:54.603+0000] {processor.py:914} INFO - Processing file /usr/local/lib/python3.9/dist-packages/airflow/example_dags/example_skip_dag.py for tasks to queue
[2025-02-10T15:32:54.605+0000] {logging_mixin.py:190} INFO - [2025-02-10T15:32:54.605+0000] {dagbag.py:588} INFO - Filling up the DagBag from /usr/local/lib/python3.9/dist-packages/airflow/example_dags/example_skip_dag.py
[2025-02-10T15:32:54.613+0000] {processor.py:925} INFO - DAG(s) 'example_skip_dag' retrieved from /usr/local/lib/python3.9/dist-packages/airflow/example_dags/example_skip_dag.py
[2025-02-10T15:32:54.648+0000] {logging_mixin.py:190} INFO - [2025-02-10T15:32:54.647+0000] {dag.py:3239} INFO - Sync 1 DAGs
[2025-02-10T15:32:54.677+0000] {logging_mixin.py:190} INFO - [2025-02-10T15:32:54.677+0000] {dag.py:4180} INFO - Setting next_dagrun for example_skip_dag to 2025-02-09 00:00:00+00:00, run_after=2025-02-10 00:00:00+00:00
[2025-02-10T15:32:54.761+0000] {processor.py:208} INFO - Processing /usr/local/lib/python3.9/dist-packages/airflow/example_dags/example_skip_dag.py took 0.165 seconds
[2025-02-10T15:34:16.059+0000] {processor.py:186} INFO - Started process (PID=490) to work on /usr/local/lib/python3.9/dist-packages/airflow/example_dags/example_skip_dag.py
[2025-02-10T15:34:16.060+0000] {processor.py:914} INFO - Processing file /usr/local/lib/python3.9/dist-packages/airflow/example_dags/example_skip_dag.py for tasks to queue
[2025-02-10T15:34:16.063+0000] {logging_mixin.py:190} INFO - [2025-02-10T15:34:16.063+0000] {dagbag.py:588} INFO - Filling up the DagBag from /usr/local/lib/python3.9/dist-packages/airflow/example_dags/example_skip_dag.py
[2025-02-10T15:34:16.071+0000] {processor.py:925} INFO - DAG(s) 'example_skip_dag' retrieved from /usr/local/lib/python3.9/dist-packages/airflow/example_dags/example_skip_dag.py
[2025-02-10T15:34:16.103+0000] {logging_mixin.py:190} INFO - [2025-02-10T15:34:16.103+0000] {dag.py:3239} INFO - Sync 1 DAGs
[2025-02-10T15:34:16.134+0000] {logging_mixin.py:190} INFO - [2025-02-10T15:34:16.133+0000] {dag.py:4180} INFO - Setting next_dagrun for example_skip_dag to 2025-02-09 00:00:00+00:00, run_after=2025-02-10 00:00:00+00:00
[2025-02-10T15:34:16.208+0000] {processor.py:208} INFO - Processing /usr/local/lib/python3.9/dist-packages/airflow/example_dags/example_skip_dag.py took 0.154 seconds
[2025-02-10T15:35:34.201+0000] {processor.py:186} INFO - Started process (PID=555) to work on /usr/local/lib/python3.9/dist-packages/airflow/example_dags/example_skip_dag.py
[2025-02-10T15:35:34.203+0000] {processor.py:914} INFO - Processing file /usr/local/lib/python3.9/dist-packages/airflow/example_dags/example_skip_dag.py for tasks to queue
[2025-02-10T15:35:34.205+0000] {logging_mixin.py:190} INFO - [2025-02-10T15:35:34.205+0000] {dagbag.py:588} INFO - Filling up the DagBag from /usr/local/lib/python3.9/dist-packages/airflow/example_dags/example_skip_dag.py
[2025-02-10T15:35:34.214+0000] {processor.py:925} INFO - DAG(s) 'example_skip_dag' retrieved from /usr/local/lib/python3.9/dist-packages/airflow/example_dags/example_skip_dag.py
[2025-02-10T15:35:34.244+0000] {logging_mixin.py:190} INFO - [2025-02-10T15:35:34.244+0000] {dag.py:3239} INFO - Sync 1 DAGs
[2025-02-10T15:35:34.274+0000] {logging_mixin.py:190} INFO - [2025-02-10T15:35:34.274+0000] {dag.py:4180} INFO - Setting next_dagrun for example_skip_dag to 2025-02-09 00:00:00+00:00, run_after=2025-02-10 00:00:00+00:00
[2025-02-10T15:35:34.349+0000] {processor.py:208} INFO - Processing /usr/local/lib/python3.9/dist-packages/airflow/example_dags/example_skip_dag.py took 0.154 seconds
[2025-02-10T15:37:00.374+0000] {processor.py:186} INFO - Started process (PID=622) to work on /usr/local/lib/python3.9/dist-packages/airflow/example_dags/example_skip_dag.py
[2025-02-10T15:37:00.376+0000] {processor.py:914} INFO - Processing file /usr/local/lib/python3.9/dist-packages/airflow/example_dags/example_skip_dag.py for tasks to queue
[2025-02-10T15:37:00.378+0000] {logging_mixin.py:190} INFO - [2025-02-10T15:37:00.378+0000] {dagbag.py:588} INFO - Filling up the DagBag from /usr/local/lib/python3.9/dist-packages/airflow/example_dags/example_skip_dag.py
[2025-02-10T15:37:00.387+0000] {processor.py:925} INFO - DAG(s) 'example_skip_dag' retrieved from /usr/local/lib/python3.9/dist-packages/airflow/example_dags/example_skip_dag.py
[2025-02-10T15:37:00.421+0000] {logging_mixin.py:190} INFO - [2025-02-10T15:37:00.421+0000] {dag.py:3239} INFO - Sync 1 DAGs
[2025-02-10T15:37:00.454+0000] {logging_mixin.py:190} INFO - [2025-02-10T15:37:00.454+0000] {dag.py:4180} INFO - Setting next_dagrun for example_skip_dag to 2025-02-09 00:00:00+00:00, run_after=2025-02-10 00:00:00+00:00
[2025-02-10T15:37:00.537+0000] {processor.py:208} INFO - Processing /usr/local/lib/python3.9/dist-packages/airflow/example_dags/example_skip_dag.py took 0.167 seconds
[2025-02-10T15:38:19.438+0000] {processor.py:186} INFO - Started process (PID=688) to work on /usr/local/lib/python3.9/dist-packages/airflow/example_dags/example_skip_dag.py
[2025-02-10T15:38:19.440+0000] {processor.py:914} INFO - Processing file /usr/local/lib/python3.9/dist-packages/airflow/example_dags/example_skip_dag.py for tasks to queue
[2025-02-10T15:38:19.443+0000] {logging_mixin.py:190} INFO - [2025-02-10T15:38:19.442+0000] {dagbag.py:588} INFO - Filling up the DagBag from /usr/local/lib/python3.9/dist-packages/airflow/example_dags/example_skip_dag.py
[2025-02-10T15:38:19.450+0000] {processor.py:925} INFO - DAG(s) 'example_skip_dag' retrieved from /usr/local/lib/python3.9/dist-packages/airflow/example_dags/example_skip_dag.py
[2025-02-10T15:38:19.483+0000] {logging_mixin.py:190} INFO - [2025-02-10T15:38:19.482+0000] {dag.py:3239} INFO - Sync 1 DAGs
[2025-02-10T15:38:19.514+0000] {logging_mixin.py:190} INFO - [2025-02-10T15:38:19.514+0000] {dag.py:4180} INFO - Setting next_dagrun for example_skip_dag to 2025-02-09 00:00:00+00:00, run_after=2025-02-10 00:00:00+00:00
[2025-02-10T15:38:19.589+0000] {processor.py:208} INFO - Processing /usr/local/lib/python3.9/dist-packages/airflow/example_dags/example_skip_dag.py took 0.156 seconds
[2025-02-10T15:39:42.061+0000] {processor.py:186} INFO - Started process (PID=755) to work on /usr/local/lib/python3.9/dist-packages/airflow/example_dags/example_skip_dag.py
[2025-02-10T15:39:42.062+0000] {processor.py:914} INFO - Processing file /usr/local/lib/python3.9/dist-packages/airflow/example_dags/example_skip_dag.py for tasks to queue
[2025-02-10T15:39:42.065+0000] {logging_mixin.py:190} INFO - [2025-02-10T15:39:42.065+0000] {dagbag.py:588} INFO - Filling up the DagBag from /usr/local/lib/python3.9/dist-packages/airflow/example_dags/example_skip_dag.py
[2025-02-10T15:39:42.072+0000] {processor.py:925} INFO - DAG(s) 'example_skip_dag' retrieved from /usr/local/lib/python3.9/dist-packages/airflow/example_dags/example_skip_dag.py
[2025-02-10T15:39:42.104+0000] {logging_mixin.py:190} INFO - [2025-02-10T15:39:42.103+0000] {dag.py:3239} INFO - Sync 1 DAGs
[2025-02-10T15:39:42.135+0000] {logging_mixin.py:190} INFO - [2025-02-10T15:39:42.135+0000] {dag.py:4180} INFO - Setting next_dagrun for example_skip_dag to 2025-02-09 00:00:00+00:00, run_after=2025-02-10 00:00:00+00:00
[2025-02-10T15:39:42.214+0000] {processor.py:208} INFO - Processing /usr/local/lib/python3.9/dist-packages/airflow/example_dags/example_skip_dag.py took 0.159 seconds
[2025-02-10T15:40:59.399+0000] {processor.py:186} INFO - Started process (PID=819) to work on /usr/local/lib/python3.9/dist-packages/airflow/example_dags/example_skip_dag.py
[2025-02-10T15:40:59.401+0000] {processor.py:914} INFO - Processing file /usr/local/lib/python3.9/dist-packages/airflow/example_dags/example_skip_dag.py for tasks to queue
[2025-02-10T15:40:59.404+0000] {logging_mixin.py:190} INFO - [2025-02-10T15:40:59.403+0000] {dagbag.py:588} INFO - Filling up the DagBag from /usr/local/lib/python3.9/dist-packages/airflow/example_dags/example_skip_dag.py
[2025-02-10T15:40:59.412+0000] {processor.py:925} INFO - DAG(s) 'example_skip_dag' retrieved from /usr/local/lib/python3.9/dist-packages/airflow/example_dags/example_skip_dag.py
[2025-02-10T15:40:59.444+0000] {logging_mixin.py:190} INFO - [2025-02-10T15:40:59.443+0000] {dag.py:3239} INFO - Sync 1 DAGs
[2025-02-10T15:40:59.475+0000] {logging_mixin.py:190} INFO - [2025-02-10T15:40:59.475+0000] {dag.py:4180} INFO - Setting next_dagrun for example_skip_dag to 2025-02-09 00:00:00+00:00, run_after=2025-02-10 00:00:00+00:00
[2025-02-10T15:40:59.553+0000] {processor.py:208} INFO - Processing /usr/local/lib/python3.9/dist-packages/airflow/example_dags/example_skip_dag.py took 0.160 seconds
[2025-02-10T15:42:18.289+0000] {processor.py:186} INFO - Started process (PID=885) to work on /usr/local/lib/python3.9/dist-packages/airflow/example_dags/example_skip_dag.py
[2025-02-10T15:42:18.291+0000] {processor.py:914} INFO - Processing file /usr/local/lib/python3.9/dist-packages/airflow/example_dags/example_skip_dag.py for tasks to queue
[2025-02-10T15:42:18.293+0000] {logging_mixin.py:190} INFO - [2025-02-10T15:42:18.292+0000] {dagbag.py:588} INFO - Filling up the DagBag from /usr/local/lib/python3.9/dist-packages/airflow/example_dags/example_skip_dag.py
[2025-02-10T15:42:18.301+0000] {processor.py:925} INFO - DAG(s) 'example_skip_dag' retrieved from /usr/local/lib/python3.9/dist-packages/airflow/example_dags/example_skip_dag.py
[2025-02-10T15:42:18.331+0000] {logging_mixin.py:190} INFO - [2025-02-10T15:42:18.331+0000] {dag.py:3239} INFO - Sync 1 DAGs
[2025-02-10T15:42:18.363+0000] {logging_mixin.py:190} INFO - [2025-02-10T15:42:18.363+0000] {dag.py:4180} INFO - Setting next_dagrun for example_skip_dag to 2025-02-09 00:00:00+00:00, run_after=2025-02-10 00:00:00+00:00
[2025-02-10T15:42:18.441+0000] {processor.py:208} INFO - Processing /usr/local/lib/python3.9/dist-packages/airflow/example_dags/example_skip_dag.py took 0.158 seconds
[2025-02-10T15:43:41.374+0000] {processor.py:186} INFO - Started process (PID=952) to work on /usr/local/lib/python3.9/dist-packages/airflow/example_dags/example_skip_dag.py
[2025-02-10T15:43:41.376+0000] {processor.py:914} INFO - Processing file /usr/local/lib/python3.9/dist-packages/airflow/example_dags/example_skip_dag.py for tasks to queue
[2025-02-10T15:43:41.379+0000] {logging_mixin.py:190} INFO - [2025-02-10T15:43:41.378+0000] {dagbag.py:588} INFO - Filling up the DagBag from /usr/local/lib/python3.9/dist-packages/airflow/example_dags/example_skip_dag.py
[2025-02-10T15:43:41.387+0000] {processor.py:925} INFO - DAG(s) 'example_skip_dag' retrieved from /usr/local/lib/python3.9/dist-packages/airflow/example_dags/example_skip_dag.py
[2025-02-10T15:43:41.419+0000] {logging_mixin.py:190} INFO - [2025-02-10T15:43:41.419+0000] {dag.py:3239} INFO - Sync 1 DAGs
[2025-02-10T15:43:41.449+0000] {logging_mixin.py:190} INFO - [2025-02-10T15:43:41.449+0000] {dag.py:4180} INFO - Setting next_dagrun for example_skip_dag to 2025-02-09 00:00:00+00:00, run_after=2025-02-10 00:00:00+00:00
[2025-02-10T15:43:41.527+0000] {processor.py:208} INFO - Processing /usr/local/lib/python3.9/dist-packages/airflow/example_dags/example_skip_dag.py took 0.158 seconds
[2025-02-10T15:45:05.507+0000] {processor.py:186} INFO - Started process (PID=1019) to work on /usr/local/lib/python3.9/dist-packages/airflow/example_dags/example_skip_dag.py
[2025-02-10T15:45:05.509+0000] {processor.py:914} INFO - Processing file /usr/local/lib/python3.9/dist-packages/airflow/example_dags/example_skip_dag.py for tasks to queue
[2025-02-10T15:45:05.512+0000] {logging_mixin.py:190} INFO - [2025-02-10T15:45:05.512+0000] {dagbag.py:588} INFO - Filling up the DagBag from /usr/local/lib/python3.9/dist-packages/airflow/example_dags/example_skip_dag.py
[2025-02-10T15:45:05.519+0000] {processor.py:925} INFO - DAG(s) 'example_skip_dag' retrieved from /usr/local/lib/python3.9/dist-packages/airflow/example_dags/example_skip_dag.py
[2025-02-10T15:45:05.552+0000] {logging_mixin.py:190} INFO - [2025-02-10T15:45:05.552+0000] {dag.py:3239} INFO - Sync 1 DAGs
[2025-02-10T15:45:05.584+0000] {logging_mixin.py:190} INFO - [2025-02-10T15:45:05.584+0000] {dag.py:4180} INFO - Setting next_dagrun for example_skip_dag to 2025-02-09 00:00:00+00:00, run_after=2025-02-10 00:00:00+00:00
[2025-02-10T15:45:05.667+0000] {processor.py:208} INFO - Processing /usr/local/lib/python3.9/dist-packages/airflow/example_dags/example_skip_dag.py took 0.166 seconds
[2025-02-10T15:46:24.067+0000] {processor.py:186} INFO - Started process (PID=1084) to work on /usr/local/lib/python3.9/dist-packages/airflow/example_dags/example_skip_dag.py
[2025-02-10T15:46:24.069+0000] {processor.py:914} INFO - Processing file /usr/local/lib/python3.9/dist-packages/airflow/example_dags/example_skip_dag.py for tasks to queue
[2025-02-10T15:46:24.071+0000] {logging_mixin.py:190} INFO - [2025-02-10T15:46:24.071+0000] {dagbag.py:588} INFO - Filling up the DagBag from /usr/local/lib/python3.9/dist-packages/airflow/example_dags/example_skip_dag.py
[2025-02-10T15:46:24.079+0000] {processor.py:925} INFO - DAG(s) 'example_skip_dag' retrieved from /usr/local/lib/python3.9/dist-packages/airflow/example_dags/example_skip_dag.py
[2025-02-10T15:46:24.112+0000] {logging_mixin.py:190} INFO - [2025-02-10T15:46:24.112+0000] {dag.py:3239} INFO - Sync 1 DAGs
[2025-02-10T15:46:24.143+0000] {logging_mixin.py:190} INFO - [2025-02-10T15:46:24.143+0000] {dag.py:4180} INFO - Setting next_dagrun for example_skip_dag to 2025-02-09 00:00:00+00:00, run_after=2025-02-10 00:00:00+00:00
[2025-02-10T15:46:24.219+0000] {processor.py:208} INFO - Processing /usr/local/lib/python3.9/dist-packages/airflow/example_dags/example_skip_dag.py took 0.158 seconds
[2025-02-10T15:47:41.852+0000] {processor.py:186} INFO - Started process (PID=1149) to work on /usr/local/lib/python3.9/dist-packages/airflow/example_dags/example_skip_dag.py
[2025-02-10T15:47:41.854+0000] {processor.py:914} INFO - Processing file /usr/local/lib/python3.9/dist-packages/airflow/example_dags/example_skip_dag.py for tasks to queue
[2025-02-10T15:47:41.857+0000] {logging_mixin.py:190} INFO - [2025-02-10T15:47:41.857+0000] {dagbag.py:588} INFO - Filling up the DagBag from /usr/local/lib/python3.9/dist-packages/airflow/example_dags/example_skip_dag.py
[2025-02-10T15:47:41.865+0000] {processor.py:925} INFO - DAG(s) 'example_skip_dag' retrieved from /usr/local/lib/python3.9/dist-packages/airflow/example_dags/example_skip_dag.py
[2025-02-10T15:47:41.897+0000] {logging_mixin.py:190} INFO - [2025-02-10T15:47:41.897+0000] {dag.py:3239} INFO - Sync 1 DAGs
[2025-02-10T15:47:41.927+0000] {logging_mixin.py:190} INFO - [2025-02-10T15:47:41.927+0000] {dag.py:4180} INFO - Setting next_dagrun for example_skip_dag to 2025-02-09 00:00:00+00:00, run_after=2025-02-10 00:00:00+00:00
[2025-02-10T15:47:42.002+0000] {processor.py:208} INFO - Processing /usr/local/lib/python3.9/dist-packages/airflow/example_dags/example_skip_dag.py took 0.154 seconds
[2025-02-10T15:48:57.275+0000] {processor.py:186} INFO - Started process (PID=1213) to work on /usr/local/lib/python3.9/dist-packages/airflow/example_dags/example_skip_dag.py
[2025-02-10T15:48:57.277+0000] {processor.py:914} INFO - Processing file /usr/local/lib/python3.9/dist-packages/airflow/example_dags/example_skip_dag.py for tasks to queue
[2025-02-10T15:48:57.280+0000] {logging_mixin.py:190} INFO - [2025-02-10T15:48:57.279+0000] {dagbag.py:588} INFO - Filling up the DagBag from /usr/local/lib/python3.9/dist-packages/airflow/example_dags/example_skip_dag.py
[2025-02-10T15:48:57.287+0000] {processor.py:925} INFO - DAG(s) 'example_skip_dag' retrieved from /usr/local/lib/python3.9/dist-packages/airflow/example_dags/example_skip_dag.py
[2025-02-10T15:48:57.319+0000] {logging_mixin.py:190} INFO - [2025-02-10T15:48:57.318+0000] {dag.py:3239} INFO - Sync 1 DAGs
[2025-02-10T15:48:57.350+0000] {logging_mixin.py:190} INFO - [2025-02-10T15:48:57.350+0000] {dag.py:4180} INFO - Setting next_dagrun for example_skip_dag to 2025-02-09 00:00:00+00:00, run_after=2025-02-10 00:00:00+00:00
[2025-02-10T15:48:57.423+0000] {processor.py:208} INFO - Processing /usr/local/lib/python3.9/dist-packages/airflow/example_dags/example_skip_dag.py took 0.153 seconds
[2025-02-10T15:50:09.441+0000] {processor.py:186} INFO - Started process (PID=1275) to work on /usr/local/lib/python3.9/dist-packages/airflow/example_dags/example_skip_dag.py
[2025-02-10T15:50:09.443+0000] {processor.py:914} INFO - Processing file /usr/local/lib/python3.9/dist-packages/airflow/example_dags/example_skip_dag.py for tasks to queue
[2025-02-10T15:50:09.446+0000] {logging_mixin.py:190} INFO - [2025-02-10T15:50:09.445+0000] {dagbag.py:588} INFO - Filling up the DagBag from /usr/local/lib/python3.9/dist-packages/airflow/example_dags/example_skip_dag.py
[2025-02-10T15:50:09.453+0000] {processor.py:925} INFO - DAG(s) 'example_skip_dag' retrieved from /usr/local/lib/python3.9/dist-packages/airflow/example_dags/example_skip_dag.py
[2025-02-10T15:50:09.485+0000] {logging_mixin.py:190} INFO - [2025-02-10T15:50:09.485+0000] {dag.py:3239} INFO - Sync 1 DAGs
[2025-02-10T15:50:09.516+0000] {logging_mixin.py:190} INFO - [2025-02-10T15:50:09.515+0000] {dag.py:4180} INFO - Setting next_dagrun for example_skip_dag to 2025-02-09 00:00:00+00:00, run_after=2025-02-10 00:00:00+00:00
[2025-02-10T15:50:09.586+0000] {processor.py:208} INFO - Processing /usr/local/lib/python3.9/dist-packages/airflow/example_dags/example_skip_dag.py took 0.150 seconds
[2025-02-10T15:51:27.774+0000] {processor.py:186} INFO - Started process (PID=1339) to work on /usr/local/lib/python3.9/dist-packages/airflow/example_dags/example_skip_dag.py
[2025-02-10T15:51:27.775+0000] {processor.py:914} INFO - Processing file /usr/local/lib/python3.9/dist-packages/airflow/example_dags/example_skip_dag.py for tasks to queue
[2025-02-10T15:51:27.778+0000] {logging_mixin.py:190} INFO - [2025-02-10T15:51:27.778+0000] {dagbag.py:588} INFO - Filling up the DagBag from /usr/local/lib/python3.9/dist-packages/airflow/example_dags/example_skip_dag.py
[2025-02-10T15:51:27.787+0000] {processor.py:925} INFO - DAG(s) 'example_skip_dag' retrieved from /usr/local/lib/python3.9/dist-packages/airflow/example_dags/example_skip_dag.py
[2025-02-10T15:51:27.819+0000] {logging_mixin.py:190} INFO - [2025-02-10T15:51:27.819+0000] {dag.py:3239} INFO - Sync 1 DAGs
[2025-02-10T15:51:27.849+0000] {logging_mixin.py:190} INFO - [2025-02-10T15:51:27.849+0000] {dag.py:4180} INFO - Setting next_dagrun for example_skip_dag to 2025-02-09 00:00:00+00:00, run_after=2025-02-10 00:00:00+00:00
[2025-02-10T15:51:27.920+0000] {processor.py:208} INFO - Processing /usr/local/lib/python3.9/dist-packages/airflow/example_dags/example_skip_dag.py took 0.153 seconds
[2025-02-10T15:52:41.566+0000] {processor.py:186} INFO - Started process (PID=1402) to work on /usr/local/lib/python3.9/dist-packages/airflow/example_dags/example_skip_dag.py
[2025-02-10T15:52:41.568+0000] {processor.py:914} INFO - Processing file /usr/local/lib/python3.9/dist-packages/airflow/example_dags/example_skip_dag.py for tasks to queue
[2025-02-10T15:52:41.572+0000] {logging_mixin.py:190} INFO - [2025-02-10T15:52:41.571+0000] {dagbag.py:588} INFO - Filling up the DagBag from /usr/local/lib/python3.9/dist-packages/airflow/example_dags/example_skip_dag.py
[2025-02-10T15:52:41.580+0000] {processor.py:925} INFO - DAG(s) 'example_skip_dag' retrieved from /usr/local/lib/python3.9/dist-packages/airflow/example_dags/example_skip_dag.py
[2025-02-10T15:52:41.612+0000] {logging_mixin.py:190} INFO - [2025-02-10T15:52:41.612+0000] {dag.py:3239} INFO - Sync 1 DAGs
[2025-02-10T15:52:41.644+0000] {logging_mixin.py:190} INFO - [2025-02-10T15:52:41.643+0000] {dag.py:4180} INFO - Setting next_dagrun for example_skip_dag to 2025-02-09 00:00:00+00:00, run_after=2025-02-10 00:00:00+00:00
[2025-02-10T15:52:41.718+0000] {processor.py:208} INFO - Processing /usr/local/lib/python3.9/dist-packages/airflow/example_dags/example_skip_dag.py took 0.157 seconds
[2025-02-10T15:54:01.223+0000] {processor.py:186} INFO - Started process (PID=1467) to work on /usr/local/lib/python3.9/dist-packages/airflow/example_dags/example_skip_dag.py
[2025-02-10T15:54:01.225+0000] {processor.py:914} INFO - Processing file /usr/local/lib/python3.9/dist-packages/airflow/example_dags/example_skip_dag.py for tasks to queue
[2025-02-10T15:54:01.229+0000] {logging_mixin.py:190} INFO - [2025-02-10T15:54:01.228+0000] {dagbag.py:588} INFO - Filling up the DagBag from /usr/local/lib/python3.9/dist-packages/airflow/example_dags/example_skip_dag.py
[2025-02-10T15:54:01.237+0000] {processor.py:925} INFO - DAG(s) 'example_skip_dag' retrieved from /usr/local/lib/python3.9/dist-packages/airflow/example_dags/example_skip_dag.py
[2025-02-10T15:54:01.272+0000] {logging_mixin.py:190} INFO - [2025-02-10T15:54:01.271+0000] {dag.py:3239} INFO - Sync 1 DAGs
[2025-02-10T15:54:01.307+0000] {logging_mixin.py:190} INFO - [2025-02-10T15:54:01.307+0000] {dag.py:4180} INFO - Setting next_dagrun for example_skip_dag to 2025-02-09 00:00:00+00:00, run_after=2025-02-10 00:00:00+00:00
[2025-02-10T15:54:01.385+0000] {processor.py:208} INFO - Processing /usr/local/lib/python3.9/dist-packages/airflow/example_dags/example_skip_dag.py took 0.168 seconds
[2025-02-10T15:55:20.117+0000] {processor.py:186} INFO - Started process (PID=1532) to work on /usr/local/lib/python3.9/dist-packages/airflow/example_dags/example_skip_dag.py
[2025-02-10T15:55:20.119+0000] {processor.py:914} INFO - Processing file /usr/local/lib/python3.9/dist-packages/airflow/example_dags/example_skip_dag.py for tasks to queue
[2025-02-10T15:55:20.122+0000] {logging_mixin.py:190} INFO - [2025-02-10T15:55:20.121+0000] {dagbag.py:588} INFO - Filling up the DagBag from /usr/local/lib/python3.9/dist-packages/airflow/example_dags/example_skip_dag.py
[2025-02-10T15:55:20.130+0000] {processor.py:925} INFO - DAG(s) 'example_skip_dag' retrieved from /usr/local/lib/python3.9/dist-packages/airflow/example_dags/example_skip_dag.py
[2025-02-10T15:55:20.164+0000] {logging_mixin.py:190} INFO - [2025-02-10T15:55:20.163+0000] {dag.py:3239} INFO - Sync 1 DAGs
[2025-02-10T15:55:20.195+0000] {logging_mixin.py:190} INFO - [2025-02-10T15:55:20.195+0000] {dag.py:4180} INFO - Setting next_dagrun for example_skip_dag to 2025-02-09 00:00:00+00:00, run_after=2025-02-10 00:00:00+00:00
[2025-02-10T15:55:20.274+0000] {processor.py:208} INFO - Processing /usr/local/lib/python3.9/dist-packages/airflow/example_dags/example_skip_dag.py took 0.163 seconds
[2025-02-10T15:56:41.397+0000] {processor.py:186} INFO - Started process (PID=1598) to work on /usr/local/lib/python3.9/dist-packages/airflow/example_dags/example_skip_dag.py
[2025-02-10T15:56:41.399+0000] {processor.py:914} INFO - Processing file /usr/local/lib/python3.9/dist-packages/airflow/example_dags/example_skip_dag.py for tasks to queue
[2025-02-10T15:56:41.402+0000] {logging_mixin.py:190} INFO - [2025-02-10T15:56:41.402+0000] {dagbag.py:588} INFO - Filling up the DagBag from /usr/local/lib/python3.9/dist-packages/airflow/example_dags/example_skip_dag.py
[2025-02-10T15:56:41.410+0000] {processor.py:925} INFO - DAG(s) 'example_skip_dag' retrieved from /usr/local/lib/python3.9/dist-packages/airflow/example_dags/example_skip_dag.py
[2025-02-10T15:56:41.443+0000] {logging_mixin.py:190} INFO - [2025-02-10T15:56:41.442+0000] {dag.py:3239} INFO - Sync 1 DAGs
[2025-02-10T15:56:41.475+0000] {logging_mixin.py:190} INFO - [2025-02-10T15:56:41.474+0000] {dag.py:4180} INFO - Setting next_dagrun for example_skip_dag to 2025-02-09 00:00:00+00:00, run_after=2025-02-10 00:00:00+00:00
[2025-02-10T15:56:41.555+0000] {processor.py:208} INFO - Processing /usr/local/lib/python3.9/dist-packages/airflow/example_dags/example_skip_dag.py took 0.164 seconds
[2025-02-10T15:57:57.361+0000] {processor.py:186} INFO - Started process (PID=1662) to work on /usr/local/lib/python3.9/dist-packages/airflow/example_dags/example_skip_dag.py
[2025-02-10T15:57:57.363+0000] {processor.py:914} INFO - Processing file /usr/local/lib/python3.9/dist-packages/airflow/example_dags/example_skip_dag.py for tasks to queue
[2025-02-10T15:57:57.365+0000] {logging_mixin.py:190} INFO - [2025-02-10T15:57:57.365+0000] {dagbag.py:588} INFO - Filling up the DagBag from /usr/local/lib/python3.9/dist-packages/airflow/example_dags/example_skip_dag.py
[2025-02-10T15:57:57.373+0000] {processor.py:925} INFO - DAG(s) 'example_skip_dag' retrieved from /usr/local/lib/python3.9/dist-packages/airflow/example_dags/example_skip_dag.py
[2025-02-10T15:57:57.404+0000] {logging_mixin.py:190} INFO - [2025-02-10T15:57:57.404+0000] {dag.py:3239} INFO - Sync 1 DAGs
[2025-02-10T15:57:57.435+0000] {logging_mixin.py:190} INFO - [2025-02-10T15:57:57.435+0000] {dag.py:4180} INFO - Setting next_dagrun for example_skip_dag to 2025-02-09 00:00:00+00:00, run_after=2025-02-10 00:00:00+00:00
[2025-02-10T15:57:57.511+0000] {processor.py:208} INFO - Processing /usr/local/lib/python3.9/dist-packages/airflow/example_dags/example_skip_dag.py took 0.155 seconds
[2025-02-10T15:59:16.253+0000] {processor.py:186} INFO - Started process (PID=1728) to work on /usr/local/lib/python3.9/dist-packages/airflow/example_dags/example_skip_dag.py
[2025-02-10T15:59:16.255+0000] {processor.py:914} INFO - Processing file /usr/local/lib/python3.9/dist-packages/airflow/example_dags/example_skip_dag.py for tasks to queue
[2025-02-10T15:59:16.257+0000] {logging_mixin.py:190} INFO - [2025-02-10T15:59:16.257+0000] {dagbag.py:588} INFO - Filling up the DagBag from /usr/local/lib/python3.9/dist-packages/airflow/example_dags/example_skip_dag.py
[2025-02-10T15:59:16.265+0000] {processor.py:925} INFO - DAG(s) 'example_skip_dag' retrieved from /usr/local/lib/python3.9/dist-packages/airflow/example_dags/example_skip_dag.py
[2025-02-10T15:59:16.296+0000] {logging_mixin.py:190} INFO - [2025-02-10T15:59:16.295+0000] {dag.py:3239} INFO - Sync 1 DAGs
[2025-02-10T15:59:16.324+0000] {logging_mixin.py:190} INFO - [2025-02-10T15:59:16.324+0000] {dag.py:4180} INFO - Setting next_dagrun for example_skip_dag to 2025-02-09 00:00:00+00:00, run_after=2025-02-10 00:00:00+00:00
[2025-02-10T15:59:16.393+0000] {processor.py:208} INFO - Processing /usr/local/lib/python3.9/dist-packages/airflow/example_dags/example_skip_dag.py took 0.146 seconds
[2025-02-10T16:00:35.549+0000] {processor.py:186} INFO - Started process (PID=1793) to work on /usr/local/lib/python3.9/dist-packages/airflow/example_dags/example_skip_dag.py
[2025-02-10T16:00:35.551+0000] {processor.py:914} INFO - Processing file /usr/local/lib/python3.9/dist-packages/airflow/example_dags/example_skip_dag.py for tasks to queue
[2025-02-10T16:00:35.554+0000] {logging_mixin.py:190} INFO - [2025-02-10T16:00:35.554+0000] {dagbag.py:588} INFO - Filling up the DagBag from /usr/local/lib/python3.9/dist-packages/airflow/example_dags/example_skip_dag.py
[2025-02-10T16:00:35.562+0000] {processor.py:925} INFO - DAG(s) 'example_skip_dag' retrieved from /usr/local/lib/python3.9/dist-packages/airflow/example_dags/example_skip_dag.py
[2025-02-10T16:00:35.595+0000] {logging_mixin.py:190} INFO - [2025-02-10T16:00:35.594+0000] {dag.py:3239} INFO - Sync 1 DAGs
[2025-02-10T16:00:35.628+0000] {logging_mixin.py:190} INFO - [2025-02-10T16:00:35.628+0000] {dag.py:4180} INFO - Setting next_dagrun for example_skip_dag to 2025-02-09 00:00:00+00:00, run_after=2025-02-10 00:00:00+00:00
[2025-02-10T16:00:35.705+0000] {processor.py:208} INFO - Processing /usr/local/lib/python3.9/dist-packages/airflow/example_dags/example_skip_dag.py took 0.161 seconds
[2025-02-10T16:03:32.465+0000] {processor.py:186} INFO - Started process (PID=44) to work on /usr/local/lib/python3.9/dist-packages/airflow/example_dags/example_skip_dag.py
[2025-02-10T16:03:32.467+0000] {processor.py:914} INFO - Processing file /usr/local/lib/python3.9/dist-packages/airflow/example_dags/example_skip_dag.py for tasks to queue
[2025-02-10T16:03:32.470+0000] {logging_mixin.py:190} INFO - [2025-02-10T16:03:32.470+0000] {dagbag.py:588} INFO - Filling up the DagBag from /usr/local/lib/python3.9/dist-packages/airflow/example_dags/example_skip_dag.py
[2025-02-10T16:03:32.480+0000] {processor.py:925} INFO - DAG(s) 'example_skip_dag' retrieved from /usr/local/lib/python3.9/dist-packages/airflow/example_dags/example_skip_dag.py
[2025-02-10T16:03:32.521+0000] {logging_mixin.py:190} INFO - [2025-02-10T16:03:32.520+0000] {dag.py:3239} INFO - Sync 1 DAGs
[2025-02-10T16:03:32.553+0000] {logging_mixin.py:190} INFO - [2025-02-10T16:03:32.553+0000] {dag.py:4180} INFO - Setting next_dagrun for example_skip_dag to 2025-02-09 00:00:00+00:00, run_after=2025-02-10 00:00:00+00:00
[2025-02-10T16:03:32.635+0000] {processor.py:208} INFO - Processing /usr/local/lib/python3.9/dist-packages/airflow/example_dags/example_skip_dag.py took 0.176 seconds
[2025-02-10T16:04:40.315+0000] {processor.py:186} INFO - Started process (PID=101) to work on /usr/local/lib/python3.9/dist-packages/airflow/example_dags/example_skip_dag.py
[2025-02-10T16:04:40.317+0000] {processor.py:914} INFO - Processing file /usr/local/lib/python3.9/dist-packages/airflow/example_dags/example_skip_dag.py for tasks to queue
[2025-02-10T16:04:40.319+0000] {logging_mixin.py:190} INFO - [2025-02-10T16:04:40.319+0000] {dagbag.py:588} INFO - Filling up the DagBag from /usr/local/lib/python3.9/dist-packages/airflow/example_dags/example_skip_dag.py
[2025-02-10T16:04:40.327+0000] {processor.py:925} INFO - DAG(s) 'example_skip_dag' retrieved from /usr/local/lib/python3.9/dist-packages/airflow/example_dags/example_skip_dag.py
[2025-02-10T16:04:40.358+0000] {logging_mixin.py:190} INFO - [2025-02-10T16:04:40.358+0000] {dag.py:3239} INFO - Sync 1 DAGs
[2025-02-10T16:04:40.388+0000] {logging_mixin.py:190} INFO - [2025-02-10T16:04:40.388+0000] {dag.py:4180} INFO - Setting next_dagrun for example_skip_dag to 2025-02-09 00:00:00+00:00, run_after=2025-02-10 00:00:00+00:00
[2025-02-10T16:04:40.459+0000] {processor.py:208} INFO - Processing /usr/local/lib/python3.9/dist-packages/airflow/example_dags/example_skip_dag.py took 0.149 seconds
[2025-02-10T16:05:56.579+0000] {processor.py:186} INFO - Started process (PID=165) to work on /usr/local/lib/python3.9/dist-packages/airflow/example_dags/example_skip_dag.py
[2025-02-10T16:05:56.580+0000] {processor.py:914} INFO - Processing file /usr/local/lib/python3.9/dist-packages/airflow/example_dags/example_skip_dag.py for tasks to queue
[2025-02-10T16:05:56.582+0000] {logging_mixin.py:190} INFO - [2025-02-10T16:05:56.582+0000] {dagbag.py:588} INFO - Filling up the DagBag from /usr/local/lib/python3.9/dist-packages/airflow/example_dags/example_skip_dag.py
[2025-02-10T16:05:56.590+0000] {processor.py:925} INFO - DAG(s) 'example_skip_dag' retrieved from /usr/local/lib/python3.9/dist-packages/airflow/example_dags/example_skip_dag.py
[2025-02-10T16:05:56.621+0000] {logging_mixin.py:190} INFO - [2025-02-10T16:05:56.620+0000] {dag.py:3239} INFO - Sync 1 DAGs
[2025-02-10T16:05:56.650+0000] {logging_mixin.py:190} INFO - [2025-02-10T16:05:56.650+0000] {dag.py:4180} INFO - Setting next_dagrun for example_skip_dag to 2025-02-09 00:00:00+00:00, run_after=2025-02-10 00:00:00+00:00
[2025-02-10T16:05:56.731+0000] {processor.py:208} INFO - Processing /usr/local/lib/python3.9/dist-packages/airflow/example_dags/example_skip_dag.py took 0.157 seconds
[2025-02-10T16:07:12.622+0000] {processor.py:186} INFO - Started process (PID=229) to work on /usr/local/lib/python3.9/dist-packages/airflow/example_dags/example_skip_dag.py
[2025-02-10T16:07:12.624+0000] {processor.py:914} INFO - Processing file /usr/local/lib/python3.9/dist-packages/airflow/example_dags/example_skip_dag.py for tasks to queue
[2025-02-10T16:07:12.626+0000] {logging_mixin.py:190} INFO - [2025-02-10T16:07:12.626+0000] {dagbag.py:588} INFO - Filling up the DagBag from /usr/local/lib/python3.9/dist-packages/airflow/example_dags/example_skip_dag.py
[2025-02-10T16:07:12.635+0000] {processor.py:925} INFO - DAG(s) 'example_skip_dag' retrieved from /usr/local/lib/python3.9/dist-packages/airflow/example_dags/example_skip_dag.py
[2025-02-10T16:07:12.666+0000] {logging_mixin.py:190} INFO - [2025-02-10T16:07:12.665+0000] {dag.py:3239} INFO - Sync 1 DAGs
[2025-02-10T16:07:12.698+0000] {logging_mixin.py:190} INFO - [2025-02-10T16:07:12.698+0000] {dag.py:4180} INFO - Setting next_dagrun for example_skip_dag to 2025-02-09 00:00:00+00:00, run_after=2025-02-10 00:00:00+00:00
[2025-02-10T16:07:12.875+0000] {processor.py:208} INFO - Processing /usr/local/lib/python3.9/dist-packages/airflow/example_dags/example_skip_dag.py took 0.258 seconds
[2025-02-10T16:08:32.371+0000] {processor.py:186} INFO - Started process (PID=293) to work on /usr/local/lib/python3.9/dist-packages/airflow/example_dags/example_skip_dag.py
[2025-02-10T16:08:32.373+0000] {processor.py:914} INFO - Processing file /usr/local/lib/python3.9/dist-packages/airflow/example_dags/example_skip_dag.py for tasks to queue
[2025-02-10T16:08:32.376+0000] {logging_mixin.py:190} INFO - [2025-02-10T16:08:32.376+0000] {dagbag.py:588} INFO - Filling up the DagBag from /usr/local/lib/python3.9/dist-packages/airflow/example_dags/example_skip_dag.py
[2025-02-10T16:08:32.384+0000] {processor.py:925} INFO - DAG(s) 'example_skip_dag' retrieved from /usr/local/lib/python3.9/dist-packages/airflow/example_dags/example_skip_dag.py
[2025-02-10T16:08:32.418+0000] {logging_mixin.py:190} INFO - [2025-02-10T16:08:32.418+0000] {dag.py:3239} INFO - Sync 1 DAGs
[2025-02-10T16:08:32.449+0000] {logging_mixin.py:190} INFO - [2025-02-10T16:08:32.449+0000] {dag.py:4180} INFO - Setting next_dagrun for example_skip_dag to 2025-02-09 00:00:00+00:00, run_after=2025-02-10 00:00:00+00:00
[2025-02-10T16:08:32.531+0000] {processor.py:208} INFO - Processing /usr/local/lib/python3.9/dist-packages/airflow/example_dags/example_skip_dag.py took 0.166 seconds
[2025-02-10T16:09:51.395+0000] {processor.py:186} INFO - Started process (PID=358) to work on /usr/local/lib/python3.9/dist-packages/airflow/example_dags/example_skip_dag.py
[2025-02-10T16:09:51.396+0000] {processor.py:914} INFO - Processing file /usr/local/lib/python3.9/dist-packages/airflow/example_dags/example_skip_dag.py for tasks to queue
[2025-02-10T16:09:51.399+0000] {logging_mixin.py:190} INFO - [2025-02-10T16:09:51.399+0000] {dagbag.py:588} INFO - Filling up the DagBag from /usr/local/lib/python3.9/dist-packages/airflow/example_dags/example_skip_dag.py
[2025-02-10T16:09:51.407+0000] {processor.py:925} INFO - DAG(s) 'example_skip_dag' retrieved from /usr/local/lib/python3.9/dist-packages/airflow/example_dags/example_skip_dag.py
[2025-02-10T16:09:51.439+0000] {logging_mixin.py:190} INFO - [2025-02-10T16:09:51.439+0000] {dag.py:3239} INFO - Sync 1 DAGs
[2025-02-10T16:09:51.471+0000] {logging_mixin.py:190} INFO - [2025-02-10T16:09:51.471+0000] {dag.py:4180} INFO - Setting next_dagrun for example_skip_dag to 2025-02-09 00:00:00+00:00, run_after=2025-02-10 00:00:00+00:00
[2025-02-10T16:09:51.550+0000] {processor.py:208} INFO - Processing /usr/local/lib/python3.9/dist-packages/airflow/example_dags/example_skip_dag.py took 0.162 seconds
[2025-02-10T16:11:07.368+0000] {processor.py:186} INFO - Started process (PID=422) to work on /usr/local/lib/python3.9/dist-packages/airflow/example_dags/example_skip_dag.py
[2025-02-10T16:11:07.369+0000] {processor.py:914} INFO - Processing file /usr/local/lib/python3.9/dist-packages/airflow/example_dags/example_skip_dag.py for tasks to queue
[2025-02-10T16:11:07.372+0000] {logging_mixin.py:190} INFO - [2025-02-10T16:11:07.371+0000] {dagbag.py:588} INFO - Filling up the DagBag from /usr/local/lib/python3.9/dist-packages/airflow/example_dags/example_skip_dag.py
[2025-02-10T16:11:07.379+0000] {processor.py:925} INFO - DAG(s) 'example_skip_dag' retrieved from /usr/local/lib/python3.9/dist-packages/airflow/example_dags/example_skip_dag.py
[2025-02-10T16:11:07.410+0000] {logging_mixin.py:190} INFO - [2025-02-10T16:11:07.410+0000] {dag.py:3239} INFO - Sync 1 DAGs
[2025-02-10T16:11:07.442+0000] {logging_mixin.py:190} INFO - [2025-02-10T16:11:07.442+0000] {dag.py:4180} INFO - Setting next_dagrun for example_skip_dag to 2025-02-09 00:00:00+00:00, run_after=2025-02-10 00:00:00+00:00
[2025-02-10T16:11:07.547+0000] {processor.py:208} INFO - Processing /usr/local/lib/python3.9/dist-packages/airflow/example_dags/example_skip_dag.py took 0.184 seconds
[2025-02-10T16:12:20.104+0000] {processor.py:186} INFO - Started process (PID=485) to work on /usr/local/lib/python3.9/dist-packages/airflow/example_dags/example_skip_dag.py
[2025-02-10T16:12:20.106+0000] {processor.py:914} INFO - Processing file /usr/local/lib/python3.9/dist-packages/airflow/example_dags/example_skip_dag.py for tasks to queue
[2025-02-10T16:12:20.109+0000] {logging_mixin.py:190} INFO - [2025-02-10T16:12:20.108+0000] {dagbag.py:588} INFO - Filling up the DagBag from /usr/local/lib/python3.9/dist-packages/airflow/example_dags/example_skip_dag.py
[2025-02-10T16:12:20.117+0000] {processor.py:925} INFO - DAG(s) 'example_skip_dag' retrieved from /usr/local/lib/python3.9/dist-packages/airflow/example_dags/example_skip_dag.py
[2025-02-10T16:12:20.147+0000] {logging_mixin.py:190} INFO - [2025-02-10T16:12:20.147+0000] {dag.py:3239} INFO - Sync 1 DAGs
[2025-02-10T16:12:20.178+0000] {logging_mixin.py:190} INFO - [2025-02-10T16:12:20.177+0000] {dag.py:4180} INFO - Setting next_dagrun for example_skip_dag to 2025-02-09 00:00:00+00:00, run_after=2025-02-10 00:00:00+00:00
[2025-02-10T16:12:20.258+0000] {processor.py:208} INFO - Processing /usr/local/lib/python3.9/dist-packages/airflow/example_dags/example_skip_dag.py took 0.160 seconds
[2025-02-10T16:13:32.436+0000] {processor.py:186} INFO - Started process (PID=547) to work on /usr/local/lib/python3.9/dist-packages/airflow/example_dags/example_skip_dag.py
[2025-02-10T16:13:32.438+0000] {processor.py:914} INFO - Processing file /usr/local/lib/python3.9/dist-packages/airflow/example_dags/example_skip_dag.py for tasks to queue
[2025-02-10T16:13:32.441+0000] {logging_mixin.py:190} INFO - [2025-02-10T16:13:32.441+0000] {dagbag.py:588} INFO - Filling up the DagBag from /usr/local/lib/python3.9/dist-packages/airflow/example_dags/example_skip_dag.py
[2025-02-10T16:13:32.450+0000] {processor.py:925} INFO - DAG(s) 'example_skip_dag' retrieved from /usr/local/lib/python3.9/dist-packages/airflow/example_dags/example_skip_dag.py
[2025-02-10T16:13:32.482+0000] {logging_mixin.py:190} INFO - [2025-02-10T16:13:32.481+0000] {dag.py:3239} INFO - Sync 1 DAGs
[2025-02-10T16:13:32.513+0000] {logging_mixin.py:190} INFO - [2025-02-10T16:13:32.513+0000] {dag.py:4180} INFO - Setting next_dagrun for example_skip_dag to 2025-02-09 00:00:00+00:00, run_after=2025-02-10 00:00:00+00:00
[2025-02-10T16:13:32.591+0000] {processor.py:208} INFO - Processing /usr/local/lib/python3.9/dist-packages/airflow/example_dags/example_skip_dag.py took 0.161 seconds
[2025-02-10T16:14:46.962+0000] {processor.py:186} INFO - Started process (PID=610) to work on /usr/local/lib/python3.9/dist-packages/airflow/example_dags/example_skip_dag.py
[2025-02-10T16:14:46.964+0000] {processor.py:914} INFO - Processing file /usr/local/lib/python3.9/dist-packages/airflow/example_dags/example_skip_dag.py for tasks to queue
[2025-02-10T16:14:46.966+0000] {logging_mixin.py:190} INFO - [2025-02-10T16:14:46.966+0000] {dagbag.py:588} INFO - Filling up the DagBag from /usr/local/lib/python3.9/dist-packages/airflow/example_dags/example_skip_dag.py
[2025-02-10T16:14:46.974+0000] {processor.py:925} INFO - DAG(s) 'example_skip_dag' retrieved from /usr/local/lib/python3.9/dist-packages/airflow/example_dags/example_skip_dag.py
[2025-02-10T16:14:47.007+0000] {logging_mixin.py:190} INFO - [2025-02-10T16:14:47.007+0000] {dag.py:3239} INFO - Sync 1 DAGs
[2025-02-10T16:14:47.041+0000] {logging_mixin.py:190} INFO - [2025-02-10T16:14:47.040+0000] {dag.py:4180} INFO - Setting next_dagrun for example_skip_dag to 2025-02-09 00:00:00+00:00, run_after=2025-02-10 00:00:00+00:00
[2025-02-10T16:14:47.117+0000] {processor.py:208} INFO - Processing /usr/local/lib/python3.9/dist-packages/airflow/example_dags/example_skip_dag.py took 0.160 seconds
[2025-02-10T16:16:07.375+0000] {processor.py:186} INFO - Started process (PID=676) to work on /usr/local/lib/python3.9/dist-packages/airflow/example_dags/example_skip_dag.py
[2025-02-10T16:16:07.377+0000] {processor.py:914} INFO - Processing file /usr/local/lib/python3.9/dist-packages/airflow/example_dags/example_skip_dag.py for tasks to queue
[2025-02-10T16:16:07.379+0000] {logging_mixin.py:190} INFO - [2025-02-10T16:16:07.379+0000] {dagbag.py:588} INFO - Filling up the DagBag from /usr/local/lib/python3.9/dist-packages/airflow/example_dags/example_skip_dag.py
[2025-02-10T16:16:07.387+0000] {processor.py:925} INFO - DAG(s) 'example_skip_dag' retrieved from /usr/local/lib/python3.9/dist-packages/airflow/example_dags/example_skip_dag.py
[2025-02-10T16:16:07.418+0000] {logging_mixin.py:190} INFO - [2025-02-10T16:16:07.418+0000] {dag.py:3239} INFO - Sync 1 DAGs
[2025-02-10T16:16:07.450+0000] {logging_mixin.py:190} INFO - [2025-02-10T16:16:07.449+0000] {dag.py:4180} INFO - Setting next_dagrun for example_skip_dag to 2025-02-09 00:00:00+00:00, run_after=2025-02-10 00:00:00+00:00
[2025-02-10T16:16:07.529+0000] {processor.py:208} INFO - Processing /usr/local/lib/python3.9/dist-packages/airflow/example_dags/example_skip_dag.py took 0.160 seconds
[2025-02-10T16:17:24.132+0000] {processor.py:186} INFO - Started process (PID=741) to work on /usr/local/lib/python3.9/dist-packages/airflow/example_dags/example_skip_dag.py
[2025-02-10T16:17:24.134+0000] {processor.py:914} INFO - Processing file /usr/local/lib/python3.9/dist-packages/airflow/example_dags/example_skip_dag.py for tasks to queue
[2025-02-10T16:17:24.136+0000] {logging_mixin.py:190} INFO - [2025-02-10T16:17:24.136+0000] {dagbag.py:588} INFO - Filling up the DagBag from /usr/local/lib/python3.9/dist-packages/airflow/example_dags/example_skip_dag.py
[2025-02-10T16:17:24.144+0000] {processor.py:925} INFO - DAG(s) 'example_skip_dag' retrieved from /usr/local/lib/python3.9/dist-packages/airflow/example_dags/example_skip_dag.py
[2025-02-10T16:17:24.173+0000] {logging_mixin.py:190} INFO - [2025-02-10T16:17:24.173+0000] {dag.py:3239} INFO - Sync 1 DAGs
[2025-02-10T16:17:24.203+0000] {logging_mixin.py:190} INFO - [2025-02-10T16:17:24.202+0000] {dag.py:4180} INFO - Setting next_dagrun for example_skip_dag to 2025-02-09 00:00:00+00:00, run_after=2025-02-10 00:00:00+00:00
[2025-02-10T16:17:24.274+0000] {processor.py:208} INFO - Processing /usr/local/lib/python3.9/dist-packages/airflow/example_dags/example_skip_dag.py took 0.147 seconds
[2025-02-10T16:18:39.600+0000] {processor.py:186} INFO - Started process (PID=804) to work on /usr/local/lib/python3.9/dist-packages/airflow/example_dags/example_skip_dag.py
[2025-02-10T16:18:39.602+0000] {processor.py:914} INFO - Processing file /usr/local/lib/python3.9/dist-packages/airflow/example_dags/example_skip_dag.py for tasks to queue
[2025-02-10T16:18:39.604+0000] {logging_mixin.py:190} INFO - [2025-02-10T16:18:39.604+0000] {dagbag.py:588} INFO - Filling up the DagBag from /usr/local/lib/python3.9/dist-packages/airflow/example_dags/example_skip_dag.py
[2025-02-10T16:18:39.613+0000] {processor.py:925} INFO - DAG(s) 'example_skip_dag' retrieved from /usr/local/lib/python3.9/dist-packages/airflow/example_dags/example_skip_dag.py
[2025-02-10T16:18:39.644+0000] {logging_mixin.py:190} INFO - [2025-02-10T16:18:39.643+0000] {dag.py:3239} INFO - Sync 1 DAGs
[2025-02-10T16:18:39.674+0000] {logging_mixin.py:190} INFO - [2025-02-10T16:18:39.673+0000] {dag.py:4180} INFO - Setting next_dagrun for example_skip_dag to 2025-02-09 00:00:00+00:00, run_after=2025-02-10 00:00:00+00:00
[2025-02-10T16:18:39.757+0000] {processor.py:208} INFO - Processing /usr/local/lib/python3.9/dist-packages/airflow/example_dags/example_skip_dag.py took 0.162 seconds
[2025-02-10T16:19:59.174+0000] {processor.py:186} INFO - Started process (PID=870) to work on /usr/local/lib/python3.9/dist-packages/airflow/example_dags/example_skip_dag.py
[2025-02-10T16:19:59.176+0000] {processor.py:914} INFO - Processing file /usr/local/lib/python3.9/dist-packages/airflow/example_dags/example_skip_dag.py for tasks to queue
[2025-02-10T16:19:59.178+0000] {logging_mixin.py:190} INFO - [2025-02-10T16:19:59.178+0000] {dagbag.py:588} INFO - Filling up the DagBag from /usr/local/lib/python3.9/dist-packages/airflow/example_dags/example_skip_dag.py
[2025-02-10T16:19:59.186+0000] {processor.py:925} INFO - DAG(s) 'example_skip_dag' retrieved from /usr/local/lib/python3.9/dist-packages/airflow/example_dags/example_skip_dag.py
[2025-02-10T16:19:59.216+0000] {logging_mixin.py:190} INFO - [2025-02-10T16:19:59.216+0000] {dag.py:3239} INFO - Sync 1 DAGs
[2025-02-10T16:19:59.248+0000] {logging_mixin.py:190} INFO - [2025-02-10T16:19:59.248+0000] {dag.py:4180} INFO - Setting next_dagrun for example_skip_dag to 2025-02-09 00:00:00+00:00, run_after=2025-02-10 00:00:00+00:00
[2025-02-10T16:19:59.319+0000] {processor.py:208} INFO - Processing /usr/local/lib/python3.9/dist-packages/airflow/example_dags/example_skip_dag.py took 0.151 seconds
[2025-02-10T16:21:20.269+0000] {processor.py:186} INFO - Started process (PID=938) to work on /usr/local/lib/python3.9/dist-packages/airflow/example_dags/example_skip_dag.py
[2025-02-10T16:21:20.271+0000] {processor.py:914} INFO - Processing file /usr/local/lib/python3.9/dist-packages/airflow/example_dags/example_skip_dag.py for tasks to queue
[2025-02-10T16:21:20.273+0000] {logging_mixin.py:190} INFO - [2025-02-10T16:21:20.273+0000] {dagbag.py:588} INFO - Filling up the DagBag from /usr/local/lib/python3.9/dist-packages/airflow/example_dags/example_skip_dag.py
[2025-02-10T16:21:20.282+0000] {processor.py:925} INFO - DAG(s) 'example_skip_dag' retrieved from /usr/local/lib/python3.9/dist-packages/airflow/example_dags/example_skip_dag.py
[2025-02-10T16:21:20.314+0000] {logging_mixin.py:190} INFO - [2025-02-10T16:21:20.314+0000] {dag.py:3239} INFO - Sync 1 DAGs
[2025-02-10T16:21:20.346+0000] {logging_mixin.py:190} INFO - [2025-02-10T16:21:20.346+0000] {dag.py:4180} INFO - Setting next_dagrun for example_skip_dag to 2025-02-09 00:00:00+00:00, run_after=2025-02-10 00:00:00+00:00
[2025-02-10T16:21:20.435+0000] {processor.py:208} INFO - Processing /usr/local/lib/python3.9/dist-packages/airflow/example_dags/example_skip_dag.py took 0.173 seconds
[2025-02-10T16:22:37.287+0000] {processor.py:186} INFO - Started process (PID=1003) to work on /usr/local/lib/python3.9/dist-packages/airflow/example_dags/example_skip_dag.py
[2025-02-10T16:22:37.289+0000] {processor.py:914} INFO - Processing file /usr/local/lib/python3.9/dist-packages/airflow/example_dags/example_skip_dag.py for tasks to queue
[2025-02-10T16:22:37.292+0000] {logging_mixin.py:190} INFO - [2025-02-10T16:22:37.291+0000] {dagbag.py:588} INFO - Filling up the DagBag from /usr/local/lib/python3.9/dist-packages/airflow/example_dags/example_skip_dag.py
[2025-02-10T16:22:37.300+0000] {processor.py:925} INFO - DAG(s) 'example_skip_dag' retrieved from /usr/local/lib/python3.9/dist-packages/airflow/example_dags/example_skip_dag.py
[2025-02-10T16:22:37.331+0000] {logging_mixin.py:190} INFO - [2025-02-10T16:22:37.331+0000] {dag.py:3239} INFO - Sync 1 DAGs
[2025-02-10T16:22:37.362+0000] {logging_mixin.py:190} INFO - [2025-02-10T16:22:37.362+0000] {dag.py:4180} INFO - Setting next_dagrun for example_skip_dag to 2025-02-09 00:00:00+00:00, run_after=2025-02-10 00:00:00+00:00
[2025-02-10T16:22:37.433+0000] {processor.py:208} INFO - Processing /usr/local/lib/python3.9/dist-packages/airflow/example_dags/example_skip_dag.py took 0.153 seconds
[2025-02-10T16:23:55.187+0000] {processor.py:186} INFO - Started process (PID=1068) to work on /usr/local/lib/python3.9/dist-packages/airflow/example_dags/example_skip_dag.py
[2025-02-10T16:23:55.189+0000] {processor.py:914} INFO - Processing file /usr/local/lib/python3.9/dist-packages/airflow/example_dags/example_skip_dag.py for tasks to queue
[2025-02-10T16:23:55.192+0000] {logging_mixin.py:190} INFO - [2025-02-10T16:23:55.191+0000] {dagbag.py:588} INFO - Filling up the DagBag from /usr/local/lib/python3.9/dist-packages/airflow/example_dags/example_skip_dag.py
[2025-02-10T16:23:55.199+0000] {processor.py:925} INFO - DAG(s) 'example_skip_dag' retrieved from /usr/local/lib/python3.9/dist-packages/airflow/example_dags/example_skip_dag.py
[2025-02-10T16:23:55.229+0000] {logging_mixin.py:190} INFO - [2025-02-10T16:23:55.229+0000] {dag.py:3239} INFO - Sync 1 DAGs
[2025-02-10T16:23:55.259+0000] {logging_mixin.py:190} INFO - [2025-02-10T16:23:55.259+0000] {dag.py:4180} INFO - Setting next_dagrun for example_skip_dag to 2025-02-09 00:00:00+00:00, run_after=2025-02-10 00:00:00+00:00
[2025-02-10T16:23:55.333+0000] {processor.py:208} INFO - Processing /usr/local/lib/python3.9/dist-packages/airflow/example_dags/example_skip_dag.py took 0.152 seconds
[2025-02-10T16:25:15.125+0000] {processor.py:186} INFO - Started process (PID=1134) to work on /usr/local/lib/python3.9/dist-packages/airflow/example_dags/example_skip_dag.py
[2025-02-10T16:25:15.126+0000] {processor.py:914} INFO - Processing file /usr/local/lib/python3.9/dist-packages/airflow/example_dags/example_skip_dag.py for tasks to queue
[2025-02-10T16:25:15.129+0000] {logging_mixin.py:190} INFO - [2025-02-10T16:25:15.128+0000] {dagbag.py:588} INFO - Filling up the DagBag from /usr/local/lib/python3.9/dist-packages/airflow/example_dags/example_skip_dag.py
[2025-02-10T16:25:15.137+0000] {processor.py:925} INFO - DAG(s) 'example_skip_dag' retrieved from /usr/local/lib/python3.9/dist-packages/airflow/example_dags/example_skip_dag.py
[2025-02-10T16:25:15.169+0000] {logging_mixin.py:190} INFO - [2025-02-10T16:25:15.168+0000] {dag.py:3239} INFO - Sync 1 DAGs
[2025-02-10T16:25:15.199+0000] {logging_mixin.py:190} INFO - [2025-02-10T16:25:15.198+0000] {dag.py:4180} INFO - Setting next_dagrun for example_skip_dag to 2025-02-09 00:00:00+00:00, run_after=2025-02-10 00:00:00+00:00
[2025-02-10T16:25:15.276+0000] {processor.py:208} INFO - Processing /usr/local/lib/python3.9/dist-packages/airflow/example_dags/example_skip_dag.py took 0.160 seconds
[2025-02-10T16:26:39.296+0000] {processor.py:186} INFO - Started process (PID=1201) to work on /usr/local/lib/python3.9/dist-packages/airflow/example_dags/example_skip_dag.py
[2025-02-10T16:26:39.298+0000] {processor.py:914} INFO - Processing file /usr/local/lib/python3.9/dist-packages/airflow/example_dags/example_skip_dag.py for tasks to queue
[2025-02-10T16:26:39.301+0000] {logging_mixin.py:190} INFO - [2025-02-10T16:26:39.300+0000] {dagbag.py:588} INFO - Filling up the DagBag from /usr/local/lib/python3.9/dist-packages/airflow/example_dags/example_skip_dag.py
[2025-02-10T16:26:39.309+0000] {processor.py:925} INFO - DAG(s) 'example_skip_dag' retrieved from /usr/local/lib/python3.9/dist-packages/airflow/example_dags/example_skip_dag.py
[2025-02-10T16:26:39.342+0000] {logging_mixin.py:190} INFO - [2025-02-10T16:26:39.342+0000] {dag.py:3239} INFO - Sync 1 DAGs
[2025-02-10T16:26:39.372+0000] {logging_mixin.py:190} INFO - [2025-02-10T16:26:39.371+0000] {dag.py:4180} INFO - Setting next_dagrun for example_skip_dag to 2025-02-09 00:00:00+00:00, run_after=2025-02-10 00:00:00+00:00
[2025-02-10T16:26:39.450+0000] {processor.py:208} INFO - Processing /usr/local/lib/python3.9/dist-packages/airflow/example_dags/example_skip_dag.py took 0.159 seconds
[2025-02-10T16:27:58.633+0000] {processor.py:186} INFO - Started process (PID=1266) to work on /usr/local/lib/python3.9/dist-packages/airflow/example_dags/example_skip_dag.py
[2025-02-10T16:27:58.635+0000] {processor.py:914} INFO - Processing file /usr/local/lib/python3.9/dist-packages/airflow/example_dags/example_skip_dag.py for tasks to queue
[2025-02-10T16:27:58.638+0000] {logging_mixin.py:190} INFO - [2025-02-10T16:27:58.637+0000] {dagbag.py:588} INFO - Filling up the DagBag from /usr/local/lib/python3.9/dist-packages/airflow/example_dags/example_skip_dag.py
[2025-02-10T16:27:58.645+0000] {processor.py:925} INFO - DAG(s) 'example_skip_dag' retrieved from /usr/local/lib/python3.9/dist-packages/airflow/example_dags/example_skip_dag.py
[2025-02-10T16:27:58.678+0000] {logging_mixin.py:190} INFO - [2025-02-10T16:27:58.677+0000] {dag.py:3239} INFO - Sync 1 DAGs
[2025-02-10T16:27:58.709+0000] {logging_mixin.py:190} INFO - [2025-02-10T16:27:58.709+0000] {dag.py:4180} INFO - Setting next_dagrun for example_skip_dag to 2025-02-09 00:00:00+00:00, run_after=2025-02-10 00:00:00+00:00
[2025-02-10T16:27:58.788+0000] {processor.py:208} INFO - Processing /usr/local/lib/python3.9/dist-packages/airflow/example_dags/example_skip_dag.py took 0.160 seconds
[2025-02-10T16:29:15.826+0000] {processor.py:186} INFO - Started process (PID=1331) to work on /usr/local/lib/python3.9/dist-packages/airflow/example_dags/example_skip_dag.py
[2025-02-10T16:29:15.827+0000] {processor.py:914} INFO - Processing file /usr/local/lib/python3.9/dist-packages/airflow/example_dags/example_skip_dag.py for tasks to queue
[2025-02-10T16:29:15.830+0000] {logging_mixin.py:190} INFO - [2025-02-10T16:29:15.830+0000] {dagbag.py:588} INFO - Filling up the DagBag from /usr/local/lib/python3.9/dist-packages/airflow/example_dags/example_skip_dag.py
[2025-02-10T16:29:15.838+0000] {processor.py:925} INFO - DAG(s) 'example_skip_dag' retrieved from /usr/local/lib/python3.9/dist-packages/airflow/example_dags/example_skip_dag.py
[2025-02-10T16:29:15.871+0000] {logging_mixin.py:190} INFO - [2025-02-10T16:29:15.871+0000] {dag.py:3239} INFO - Sync 1 DAGs
[2025-02-10T16:29:15.900+0000] {logging_mixin.py:190} INFO - [2025-02-10T16:29:15.900+0000] {dag.py:4180} INFO - Setting next_dagrun for example_skip_dag to 2025-02-09 00:00:00+00:00, run_after=2025-02-10 00:00:00+00:00
[2025-02-10T16:29:15.978+0000] {processor.py:208} INFO - Processing /usr/local/lib/python3.9/dist-packages/airflow/example_dags/example_skip_dag.py took 0.158 seconds
[2025-02-10T16:30:30.515+0000] {processor.py:186} INFO - Started process (PID=1394) to work on /usr/local/lib/python3.9/dist-packages/airflow/example_dags/example_skip_dag.py
[2025-02-10T16:30:30.516+0000] {processor.py:914} INFO - Processing file /usr/local/lib/python3.9/dist-packages/airflow/example_dags/example_skip_dag.py for tasks to queue
[2025-02-10T16:30:30.519+0000] {logging_mixin.py:190} INFO - [2025-02-10T16:30:30.518+0000] {dagbag.py:588} INFO - Filling up the DagBag from /usr/local/lib/python3.9/dist-packages/airflow/example_dags/example_skip_dag.py
[2025-02-10T16:30:30.527+0000] {processor.py:925} INFO - DAG(s) 'example_skip_dag' retrieved from /usr/local/lib/python3.9/dist-packages/airflow/example_dags/example_skip_dag.py
[2025-02-10T16:30:30.560+0000] {logging_mixin.py:190} INFO - [2025-02-10T16:30:30.560+0000] {dag.py:3239} INFO - Sync 1 DAGs
[2025-02-10T16:30:30.594+0000] {logging_mixin.py:190} INFO - [2025-02-10T16:30:30.594+0000] {dag.py:4180} INFO - Setting next_dagrun for example_skip_dag to 2025-02-09 00:00:00+00:00, run_after=2025-02-10 00:00:00+00:00
[2025-02-10T16:30:30.671+0000] {processor.py:208} INFO - Processing /usr/local/lib/python3.9/dist-packages/airflow/example_dags/example_skip_dag.py took 0.162 seconds
[2025-02-10T16:31:47.220+0000] {processor.py:186} INFO - Started process (PID=1458) to work on /usr/local/lib/python3.9/dist-packages/airflow/example_dags/example_skip_dag.py
[2025-02-10T16:31:47.222+0000] {processor.py:914} INFO - Processing file /usr/local/lib/python3.9/dist-packages/airflow/example_dags/example_skip_dag.py for tasks to queue
[2025-02-10T16:31:47.225+0000] {logging_mixin.py:190} INFO - [2025-02-10T16:31:47.224+0000] {dagbag.py:588} INFO - Filling up the DagBag from /usr/local/lib/python3.9/dist-packages/airflow/example_dags/example_skip_dag.py
[2025-02-10T16:31:47.232+0000] {processor.py:925} INFO - DAG(s) 'example_skip_dag' retrieved from /usr/local/lib/python3.9/dist-packages/airflow/example_dags/example_skip_dag.py
[2025-02-10T16:31:47.262+0000] {logging_mixin.py:190} INFO - [2025-02-10T16:31:47.262+0000] {dag.py:3239} INFO - Sync 1 DAGs
[2025-02-10T16:31:47.290+0000] {logging_mixin.py:190} INFO - [2025-02-10T16:31:47.290+0000] {dag.py:4180} INFO - Setting next_dagrun for example_skip_dag to 2025-02-09 00:00:00+00:00, run_after=2025-02-10 00:00:00+00:00
[2025-02-10T16:31:47.361+0000] {processor.py:208} INFO - Processing /usr/local/lib/python3.9/dist-packages/airflow/example_dags/example_skip_dag.py took 0.147 seconds
[2025-02-10T16:33:05.223+0000] {processor.py:186} INFO - Started process (PID=1522) to work on /usr/local/lib/python3.9/dist-packages/airflow/example_dags/example_skip_dag.py
[2025-02-10T16:33:05.225+0000] {processor.py:914} INFO - Processing file /usr/local/lib/python3.9/dist-packages/airflow/example_dags/example_skip_dag.py for tasks to queue
[2025-02-10T16:33:05.228+0000] {logging_mixin.py:190} INFO - [2025-02-10T16:33:05.228+0000] {dagbag.py:588} INFO - Filling up the DagBag from /usr/local/lib/python3.9/dist-packages/airflow/example_dags/example_skip_dag.py
[2025-02-10T16:33:05.236+0000] {processor.py:925} INFO - DAG(s) 'example_skip_dag' retrieved from /usr/local/lib/python3.9/dist-packages/airflow/example_dags/example_skip_dag.py
[2025-02-10T16:33:05.269+0000] {logging_mixin.py:190} INFO - [2025-02-10T16:33:05.269+0000] {dag.py:3239} INFO - Sync 1 DAGs
[2025-02-10T16:33:05.300+0000] {logging_mixin.py:190} INFO - [2025-02-10T16:33:05.300+0000] {dag.py:4180} INFO - Setting next_dagrun for example_skip_dag to 2025-02-09 00:00:00+00:00, run_after=2025-02-10 00:00:00+00:00
[2025-02-10T16:33:05.382+0000] {processor.py:208} INFO - Processing /usr/local/lib/python3.9/dist-packages/airflow/example_dags/example_skip_dag.py took 0.165 seconds
[2025-02-10T16:34:19.459+0000] {processor.py:186} INFO - Started process (PID=1586) to work on /usr/local/lib/python3.9/dist-packages/airflow/example_dags/example_skip_dag.py
[2025-02-10T16:34:19.461+0000] {processor.py:914} INFO - Processing file /usr/local/lib/python3.9/dist-packages/airflow/example_dags/example_skip_dag.py for tasks to queue
[2025-02-10T16:34:19.463+0000] {logging_mixin.py:190} INFO - [2025-02-10T16:34:19.463+0000] {dagbag.py:588} INFO - Filling up the DagBag from /usr/local/lib/python3.9/dist-packages/airflow/example_dags/example_skip_dag.py
[2025-02-10T16:34:19.472+0000] {processor.py:925} INFO - DAG(s) 'example_skip_dag' retrieved from /usr/local/lib/python3.9/dist-packages/airflow/example_dags/example_skip_dag.py
[2025-02-10T16:34:19.504+0000] {logging_mixin.py:190} INFO - [2025-02-10T16:34:19.504+0000] {dag.py:3239} INFO - Sync 1 DAGs
[2025-02-10T16:34:19.534+0000] {logging_mixin.py:190} INFO - [2025-02-10T16:34:19.534+0000] {dag.py:4180} INFO - Setting next_dagrun for example_skip_dag to 2025-02-09 00:00:00+00:00, run_after=2025-02-10 00:00:00+00:00
[2025-02-10T16:34:19.614+0000] {processor.py:208} INFO - Processing /usr/local/lib/python3.9/dist-packages/airflow/example_dags/example_skip_dag.py took 0.161 seconds
[2025-02-10T16:35:34.667+0000] {processor.py:186} INFO - Started process (PID=1649) to work on /usr/local/lib/python3.9/dist-packages/airflow/example_dags/example_skip_dag.py
[2025-02-10T16:35:34.669+0000] {processor.py:914} INFO - Processing file /usr/local/lib/python3.9/dist-packages/airflow/example_dags/example_skip_dag.py for tasks to queue
[2025-02-10T16:35:34.672+0000] {logging_mixin.py:190} INFO - [2025-02-10T16:35:34.672+0000] {dagbag.py:588} INFO - Filling up the DagBag from /usr/local/lib/python3.9/dist-packages/airflow/example_dags/example_skip_dag.py
[2025-02-10T16:35:34.680+0000] {processor.py:925} INFO - DAG(s) 'example_skip_dag' retrieved from /usr/local/lib/python3.9/dist-packages/airflow/example_dags/example_skip_dag.py
[2025-02-10T16:35:34.710+0000] {logging_mixin.py:190} INFO - [2025-02-10T16:35:34.710+0000] {dag.py:3239} INFO - Sync 1 DAGs
[2025-02-10T16:35:34.740+0000] {logging_mixin.py:190} INFO - [2025-02-10T16:35:34.740+0000] {dag.py:4180} INFO - Setting next_dagrun for example_skip_dag to 2025-02-09 00:00:00+00:00, run_after=2025-02-10 00:00:00+00:00
[2025-02-10T16:35:34.809+0000] {processor.py:208} INFO - Processing /usr/local/lib/python3.9/dist-packages/airflow/example_dags/example_skip_dag.py took 0.147 seconds
[2025-02-10T16:36:54.020+0000] {processor.py:186} INFO - Started process (PID=1714) to work on /usr/local/lib/python3.9/dist-packages/airflow/example_dags/example_skip_dag.py
[2025-02-10T16:36:54.022+0000] {processor.py:914} INFO - Processing file /usr/local/lib/python3.9/dist-packages/airflow/example_dags/example_skip_dag.py for tasks to queue
[2025-02-10T16:36:54.025+0000] {logging_mixin.py:190} INFO - [2025-02-10T16:36:54.025+0000] {dagbag.py:588} INFO - Filling up the DagBag from /usr/local/lib/python3.9/dist-packages/airflow/example_dags/example_skip_dag.py
[2025-02-10T16:36:54.034+0000] {processor.py:925} INFO - DAG(s) 'example_skip_dag' retrieved from /usr/local/lib/python3.9/dist-packages/airflow/example_dags/example_skip_dag.py
[2025-02-10T16:36:54.066+0000] {logging_mixin.py:190} INFO - [2025-02-10T16:36:54.065+0000] {dag.py:3239} INFO - Sync 1 DAGs
[2025-02-10T16:36:54.099+0000] {logging_mixin.py:190} INFO - [2025-02-10T16:36:54.099+0000] {dag.py:4180} INFO - Setting next_dagrun for example_skip_dag to 2025-02-09 00:00:00+00:00, run_after=2025-02-10 00:00:00+00:00
[2025-02-10T16:36:54.179+0000] {processor.py:208} INFO - Processing /usr/local/lib/python3.9/dist-packages/airflow/example_dags/example_skip_dag.py took 0.164 seconds
[2025-02-10T16:38:16.621+0000] {processor.py:186} INFO - Started process (PID=1780) to work on /usr/local/lib/python3.9/dist-packages/airflow/example_dags/example_skip_dag.py
[2025-02-10T16:38:16.623+0000] {processor.py:914} INFO - Processing file /usr/local/lib/python3.9/dist-packages/airflow/example_dags/example_skip_dag.py for tasks to queue
[2025-02-10T16:38:16.625+0000] {logging_mixin.py:190} INFO - [2025-02-10T16:38:16.625+0000] {dagbag.py:588} INFO - Filling up the DagBag from /usr/local/lib/python3.9/dist-packages/airflow/example_dags/example_skip_dag.py
[2025-02-10T16:38:16.634+0000] {processor.py:925} INFO - DAG(s) 'example_skip_dag' retrieved from /usr/local/lib/python3.9/dist-packages/airflow/example_dags/example_skip_dag.py
[2025-02-10T16:38:16.664+0000] {logging_mixin.py:190} INFO - [2025-02-10T16:38:16.663+0000] {dag.py:3239} INFO - Sync 1 DAGs
[2025-02-10T16:38:16.696+0000] {logging_mixin.py:190} INFO - [2025-02-10T16:38:16.696+0000] {dag.py:4180} INFO - Setting next_dagrun for example_skip_dag to 2025-02-09 00:00:00+00:00, run_after=2025-02-10 00:00:00+00:00
[2025-02-10T16:38:16.774+0000] {processor.py:208} INFO - Processing /usr/local/lib/python3.9/dist-packages/airflow/example_dags/example_skip_dag.py took 0.158 seconds
