[2025-02-10T14:49:00.242+0000] {processor.py:186} INFO - Started process (PID=67) to work on /usr/local/lib/python3.9/dist-packages/airflow/example_dags/example_bash_operator.py
[2025-02-10T14:49:00.244+0000] {processor.py:914} INFO - Processing file /usr/local/lib/python3.9/dist-packages/airflow/example_dags/example_bash_operator.py for tasks to queue
[2025-02-10T14:49:00.246+0000] {logging_mixin.py:190} INFO - [2025-02-10T14:49:00.246+0000] {dagbag.py:588} INFO - Filling up the DagBag from /usr/local/lib/python3.9/dist-packages/airflow/example_dags/example_bash_operator.py
[2025-02-10T14:49:00.260+0000] {processor.py:925} INFO - DAG(s) 'example_bash_operator' retrieved from /usr/local/lib/python3.9/dist-packages/airflow/example_dags/example_bash_operator.py
[2025-02-10T14:49:00.451+0000] {logging_mixin.py:190} INFO - [2025-02-10T14:49:00.450+0000] {override.py:1930} INFO - Created Permission View: can delete on DAG:example_bash_operator
[2025-02-10T14:49:00.499+0000] {logging_mixin.py:190} INFO - [2025-02-10T14:49:00.499+0000] {override.py:1930} INFO - Created Permission View: can read on DAG:example_bash_operator
[2025-02-10T14:49:00.544+0000] {logging_mixin.py:190} INFO - [2025-02-10T14:49:00.544+0000] {override.py:1930} INFO - Created Permission View: can edit on DAG:example_bash_operator
[2025-02-10T14:49:00.616+0000] {logging_mixin.py:190} INFO - [2025-02-10T14:49:00.615+0000] {override.py:1930} INFO - Created Permission View: can create on DAG Run:example_bash_operator
[2025-02-10T14:49:00.662+0000] {logging_mixin.py:190} INFO - [2025-02-10T14:49:00.661+0000] {override.py:1930} INFO - Created Permission View: can delete on DAG Run:example_bash_operator
[2025-02-10T14:49:00.709+0000] {logging_mixin.py:190} INFO - [2025-02-10T14:49:00.708+0000] {override.py:1930} INFO - Created Permission View: can read on DAG Run:example_bash_operator
[2025-02-10T14:49:00.757+0000] {logging_mixin.py:190} INFO - [2025-02-10T14:49:00.756+0000] {override.py:1930} INFO - Created Permission View: menu access on DAG Run:example_bash_operator
[2025-02-10T14:49:00.758+0000] {logging_mixin.py:190} INFO - [2025-02-10T14:49:00.758+0000] {dag.py:3239} INFO - Sync 1 DAGs
[2025-02-10T14:49:00.782+0000] {logging_mixin.py:190} INFO - [2025-02-10T14:49:00.782+0000] {dag.py:3262} INFO - Creating ORM DAG for example_bash_operator
[2025-02-10T14:49:00.797+0000] {logging_mixin.py:190} INFO - [2025-02-10T14:49:00.797+0000] {dag.py:4180} INFO - Setting next_dagrun for example_bash_operator to 2025-02-09 00:00:00+00:00, run_after=2025-02-10 00:00:00+00:00
[2025-02-10T14:49:00.892+0000] {processor.py:208} INFO - Processing /usr/local/lib/python3.9/dist-packages/airflow/example_dags/example_bash_operator.py took 0.656 seconds
[2025-02-10T14:50:29.064+0000] {processor.py:186} INFO - Started process (PID=127) to work on /usr/local/lib/python3.9/dist-packages/airflow/example_dags/example_bash_operator.py
[2025-02-10T14:50:29.067+0000] {processor.py:914} INFO - Processing file /usr/local/lib/python3.9/dist-packages/airflow/example_dags/example_bash_operator.py for tasks to queue
[2025-02-10T14:50:29.069+0000] {logging_mixin.py:190} INFO - [2025-02-10T14:50:29.069+0000] {dagbag.py:588} INFO - Filling up the DagBag from /usr/local/lib/python3.9/dist-packages/airflow/example_dags/example_bash_operator.py
[2025-02-10T14:50:29.082+0000] {processor.py:925} INFO - DAG(s) 'example_bash_operator' retrieved from /usr/local/lib/python3.9/dist-packages/airflow/example_dags/example_bash_operator.py
[2025-02-10T14:50:29.120+0000] {logging_mixin.py:190} INFO - [2025-02-10T14:50:29.120+0000] {dag.py:3239} INFO - Sync 1 DAGs
[2025-02-10T14:50:29.151+0000] {logging_mixin.py:190} INFO - [2025-02-10T14:50:29.151+0000] {dag.py:4180} INFO - Setting next_dagrun for example_bash_operator to 2025-02-09 00:00:00+00:00, run_after=2025-02-10 00:00:00+00:00
[2025-02-10T14:50:29.227+0000] {processor.py:208} INFO - Processing /usr/local/lib/python3.9/dist-packages/airflow/example_dags/example_bash_operator.py took 0.168 seconds
[2025-02-10T14:51:44.342+0000] {processor.py:186} INFO - Started process (PID=190) to work on /usr/local/lib/python3.9/dist-packages/airflow/example_dags/example_bash_operator.py
[2025-02-10T14:51:44.343+0000] {processor.py:914} INFO - Processing file /usr/local/lib/python3.9/dist-packages/airflow/example_dags/example_bash_operator.py for tasks to queue
[2025-02-10T14:51:44.346+0000] {logging_mixin.py:190} INFO - [2025-02-10T14:51:44.345+0000] {dagbag.py:588} INFO - Filling up the DagBag from /usr/local/lib/python3.9/dist-packages/airflow/example_dags/example_bash_operator.py
[2025-02-10T14:51:44.358+0000] {processor.py:925} INFO - DAG(s) 'example_bash_operator' retrieved from /usr/local/lib/python3.9/dist-packages/airflow/example_dags/example_bash_operator.py
[2025-02-10T14:51:44.396+0000] {logging_mixin.py:190} INFO - [2025-02-10T14:51:44.395+0000] {dag.py:3239} INFO - Sync 1 DAGs
[2025-02-10T14:51:44.427+0000] {logging_mixin.py:190} INFO - [2025-02-10T14:51:44.427+0000] {dag.py:4180} INFO - Setting next_dagrun for example_bash_operator to 2025-02-09 00:00:00+00:00, run_after=2025-02-10 00:00:00+00:00
[2025-02-10T14:51:44.502+0000] {processor.py:208} INFO - Processing /usr/local/lib/python3.9/dist-packages/airflow/example_dags/example_bash_operator.py took 0.166 seconds
[2025-02-10T14:53:05.970+0000] {processor.py:186} INFO - Started process (PID=257) to work on /usr/local/lib/python3.9/dist-packages/airflow/example_dags/example_bash_operator.py
[2025-02-10T14:53:05.972+0000] {processor.py:914} INFO - Processing file /usr/local/lib/python3.9/dist-packages/airflow/example_dags/example_bash_operator.py for tasks to queue
[2025-02-10T14:53:05.975+0000] {logging_mixin.py:190} INFO - [2025-02-10T14:53:05.974+0000] {dagbag.py:588} INFO - Filling up the DagBag from /usr/local/lib/python3.9/dist-packages/airflow/example_dags/example_bash_operator.py
[2025-02-10T14:53:05.988+0000] {processor.py:925} INFO - DAG(s) 'example_bash_operator' retrieved from /usr/local/lib/python3.9/dist-packages/airflow/example_dags/example_bash_operator.py
[2025-02-10T14:53:06.025+0000] {logging_mixin.py:190} INFO - [2025-02-10T14:53:06.025+0000] {dag.py:3239} INFO - Sync 1 DAGs
[2025-02-10T14:53:06.057+0000] {logging_mixin.py:190} INFO - [2025-02-10T14:53:06.057+0000] {dag.py:4180} INFO - Setting next_dagrun for example_bash_operator to 2025-02-09 00:00:00+00:00, run_after=2025-02-10 00:00:00+00:00
[2025-02-10T14:53:06.132+0000] {processor.py:208} INFO - Processing /usr/local/lib/python3.9/dist-packages/airflow/example_dags/example_bash_operator.py took 0.168 seconds
[2025-02-10T14:54:24.028+0000] {processor.py:186} INFO - Started process (PID=322) to work on /usr/local/lib/python3.9/dist-packages/airflow/example_dags/example_bash_operator.py
[2025-02-10T14:54:24.030+0000] {processor.py:914} INFO - Processing file /usr/local/lib/python3.9/dist-packages/airflow/example_dags/example_bash_operator.py for tasks to queue
[2025-02-10T14:54:24.033+0000] {logging_mixin.py:190} INFO - [2025-02-10T14:54:24.032+0000] {dagbag.py:588} INFO - Filling up the DagBag from /usr/local/lib/python3.9/dist-packages/airflow/example_dags/example_bash_operator.py
[2025-02-10T14:54:24.046+0000] {processor.py:925} INFO - DAG(s) 'example_bash_operator' retrieved from /usr/local/lib/python3.9/dist-packages/airflow/example_dags/example_bash_operator.py
[2025-02-10T14:54:24.083+0000] {logging_mixin.py:190} INFO - [2025-02-10T14:54:24.082+0000] {dag.py:3239} INFO - Sync 1 DAGs
[2025-02-10T14:54:24.114+0000] {logging_mixin.py:190} INFO - [2025-02-10T14:54:24.114+0000] {dag.py:4180} INFO - Setting next_dagrun for example_bash_operator to 2025-02-09 00:00:00+00:00, run_after=2025-02-10 00:00:00+00:00
[2025-02-10T14:54:24.187+0000] {processor.py:208} INFO - Processing /usr/local/lib/python3.9/dist-packages/airflow/example_dags/example_bash_operator.py took 0.165 seconds
[2025-02-10T14:55:42.067+0000] {processor.py:186} INFO - Started process (PID=387) to work on /usr/local/lib/python3.9/dist-packages/airflow/example_dags/example_bash_operator.py
[2025-02-10T14:55:42.069+0000] {processor.py:914} INFO - Processing file /usr/local/lib/python3.9/dist-packages/airflow/example_dags/example_bash_operator.py for tasks to queue
[2025-02-10T14:55:42.071+0000] {logging_mixin.py:190} INFO - [2025-02-10T14:55:42.071+0000] {dagbag.py:588} INFO - Filling up the DagBag from /usr/local/lib/python3.9/dist-packages/airflow/example_dags/example_bash_operator.py
[2025-02-10T14:55:42.084+0000] {processor.py:925} INFO - DAG(s) 'example_bash_operator' retrieved from /usr/local/lib/python3.9/dist-packages/airflow/example_dags/example_bash_operator.py
[2025-02-10T14:55:42.121+0000] {logging_mixin.py:190} INFO - [2025-02-10T14:55:42.120+0000] {dag.py:3239} INFO - Sync 1 DAGs
[2025-02-10T14:55:42.151+0000] {logging_mixin.py:190} INFO - [2025-02-10T14:55:42.151+0000] {dag.py:4180} INFO - Setting next_dagrun for example_bash_operator to 2025-02-09 00:00:00+00:00, run_after=2025-02-10 00:00:00+00:00
[2025-02-10T14:55:42.226+0000] {processor.py:208} INFO - Processing /usr/local/lib/python3.9/dist-packages/airflow/example_dags/example_bash_operator.py took 0.165 seconds
[2025-02-10T14:57:05.858+0000] {processor.py:186} INFO - Started process (PID=455) to work on /usr/local/lib/python3.9/dist-packages/airflow/example_dags/example_bash_operator.py
[2025-02-10T14:57:05.859+0000] {processor.py:914} INFO - Processing file /usr/local/lib/python3.9/dist-packages/airflow/example_dags/example_bash_operator.py for tasks to queue
[2025-02-10T14:57:05.863+0000] {logging_mixin.py:190} INFO - [2025-02-10T14:57:05.862+0000] {dagbag.py:588} INFO - Filling up the DagBag from /usr/local/lib/python3.9/dist-packages/airflow/example_dags/example_bash_operator.py
[2025-02-10T14:57:05.875+0000] {processor.py:925} INFO - DAG(s) 'example_bash_operator' retrieved from /usr/local/lib/python3.9/dist-packages/airflow/example_dags/example_bash_operator.py
[2025-02-10T14:57:05.913+0000] {logging_mixin.py:190} INFO - [2025-02-10T14:57:05.912+0000] {dag.py:3239} INFO - Sync 1 DAGs
[2025-02-10T14:57:05.945+0000] {logging_mixin.py:190} INFO - [2025-02-10T14:57:05.944+0000] {dag.py:4180} INFO - Setting next_dagrun for example_bash_operator to 2025-02-09 00:00:00+00:00, run_after=2025-02-10 00:00:00+00:00
[2025-02-10T14:57:06.020+0000] {processor.py:208} INFO - Processing /usr/local/lib/python3.9/dist-packages/airflow/example_dags/example_bash_operator.py took 0.167 seconds
[2025-02-10T14:58:21.191+0000] {processor.py:186} INFO - Started process (PID=520) to work on /usr/local/lib/python3.9/dist-packages/airflow/example_dags/example_bash_operator.py
[2025-02-10T14:58:21.192+0000] {processor.py:914} INFO - Processing file /usr/local/lib/python3.9/dist-packages/airflow/example_dags/example_bash_operator.py for tasks to queue
[2025-02-10T14:58:21.195+0000] {logging_mixin.py:190} INFO - [2025-02-10T14:58:21.194+0000] {dagbag.py:588} INFO - Filling up the DagBag from /usr/local/lib/python3.9/dist-packages/airflow/example_dags/example_bash_operator.py
[2025-02-10T14:58:21.207+0000] {processor.py:925} INFO - DAG(s) 'example_bash_operator' retrieved from /usr/local/lib/python3.9/dist-packages/airflow/example_dags/example_bash_operator.py
[2025-02-10T14:58:21.246+0000] {logging_mixin.py:190} INFO - [2025-02-10T14:58:21.245+0000] {dag.py:3239} INFO - Sync 1 DAGs
[2025-02-10T14:58:21.278+0000] {logging_mixin.py:190} INFO - [2025-02-10T14:58:21.277+0000] {dag.py:4180} INFO - Setting next_dagrun for example_bash_operator to 2025-02-09 00:00:00+00:00, run_after=2025-02-10 00:00:00+00:00
[2025-02-10T14:58:21.363+0000] {processor.py:208} INFO - Processing /usr/local/lib/python3.9/dist-packages/airflow/example_dags/example_bash_operator.py took 0.177 seconds
[2025-02-10T14:59:36.226+0000] {processor.py:186} INFO - Started process (PID=585) to work on /usr/local/lib/python3.9/dist-packages/airflow/example_dags/example_bash_operator.py
[2025-02-10T14:59:36.228+0000] {processor.py:914} INFO - Processing file /usr/local/lib/python3.9/dist-packages/airflow/example_dags/example_bash_operator.py for tasks to queue
[2025-02-10T14:59:36.230+0000] {logging_mixin.py:190} INFO - [2025-02-10T14:59:36.230+0000] {dagbag.py:588} INFO - Filling up the DagBag from /usr/local/lib/python3.9/dist-packages/airflow/example_dags/example_bash_operator.py
[2025-02-10T14:59:36.244+0000] {processor.py:925} INFO - DAG(s) 'example_bash_operator' retrieved from /usr/local/lib/python3.9/dist-packages/airflow/example_dags/example_bash_operator.py
[2025-02-10T14:59:36.285+0000] {logging_mixin.py:190} INFO - [2025-02-10T14:59:36.285+0000] {dag.py:3239} INFO - Sync 1 DAGs
[2025-02-10T14:59:36.324+0000] {logging_mixin.py:190} INFO - [2025-02-10T14:59:36.324+0000] {dag.py:4180} INFO - Setting next_dagrun for example_bash_operator to 2025-02-09 00:00:00+00:00, run_after=2025-02-10 00:00:00+00:00
[2025-02-10T14:59:36.408+0000] {processor.py:208} INFO - Processing /usr/local/lib/python3.9/dist-packages/airflow/example_dags/example_bash_operator.py took 0.188 seconds
[2025-02-10T15:00:48.977+0000] {processor.py:186} INFO - Started process (PID=647) to work on /usr/local/lib/python3.9/dist-packages/airflow/example_dags/example_bash_operator.py
[2025-02-10T15:00:48.980+0000] {processor.py:914} INFO - Processing file /usr/local/lib/python3.9/dist-packages/airflow/example_dags/example_bash_operator.py for tasks to queue
[2025-02-10T15:00:48.983+0000] {logging_mixin.py:190} INFO - [2025-02-10T15:00:48.983+0000] {dagbag.py:588} INFO - Filling up the DagBag from /usr/local/lib/python3.9/dist-packages/airflow/example_dags/example_bash_operator.py
[2025-02-10T15:00:48.997+0000] {processor.py:925} INFO - DAG(s) 'example_bash_operator' retrieved from /usr/local/lib/python3.9/dist-packages/airflow/example_dags/example_bash_operator.py
[2025-02-10T15:00:49.036+0000] {logging_mixin.py:190} INFO - [2025-02-10T15:00:49.035+0000] {dag.py:3239} INFO - Sync 1 DAGs
[2025-02-10T15:00:49.068+0000] {logging_mixin.py:190} INFO - [2025-02-10T15:00:49.067+0000] {dag.py:4180} INFO - Setting next_dagrun for example_bash_operator to 2025-02-09 00:00:00+00:00, run_after=2025-02-10 00:00:00+00:00
[2025-02-10T15:00:49.144+0000] {processor.py:208} INFO - Processing /usr/local/lib/python3.9/dist-packages/airflow/example_dags/example_bash_operator.py took 0.174 seconds
[2025-02-10T15:02:08.978+0000] {processor.py:186} INFO - Started process (PID=717) to work on /usr/local/lib/python3.9/dist-packages/airflow/example_dags/example_bash_operator.py
[2025-02-10T15:02:08.979+0000] {processor.py:914} INFO - Processing file /usr/local/lib/python3.9/dist-packages/airflow/example_dags/example_bash_operator.py for tasks to queue
[2025-02-10T15:02:08.983+0000] {logging_mixin.py:190} INFO - [2025-02-10T15:02:08.983+0000] {dagbag.py:588} INFO - Filling up the DagBag from /usr/local/lib/python3.9/dist-packages/airflow/example_dags/example_bash_operator.py
[2025-02-10T15:02:08.996+0000] {processor.py:925} INFO - DAG(s) 'example_bash_operator' retrieved from /usr/local/lib/python3.9/dist-packages/airflow/example_dags/example_bash_operator.py
[2025-02-10T15:02:09.032+0000] {logging_mixin.py:190} INFO - [2025-02-10T15:02:09.032+0000] {dag.py:3239} INFO - Sync 1 DAGs
[2025-02-10T15:02:09.062+0000] {logging_mixin.py:190} INFO - [2025-02-10T15:02:09.062+0000] {dag.py:4180} INFO - Setting next_dagrun for example_bash_operator to 2025-02-09 00:00:00+00:00, run_after=2025-02-10 00:00:00+00:00
[2025-02-10T15:02:09.141+0000] {processor.py:208} INFO - Processing /usr/local/lib/python3.9/dist-packages/airflow/example_dags/example_bash_operator.py took 0.169 seconds
[2025-02-10T15:03:29.332+0000] {processor.py:186} INFO - Started process (PID=782) to work on /usr/local/lib/python3.9/dist-packages/airflow/example_dags/example_bash_operator.py
[2025-02-10T15:03:29.333+0000] {processor.py:914} INFO - Processing file /usr/local/lib/python3.9/dist-packages/airflow/example_dags/example_bash_operator.py for tasks to queue
[2025-02-10T15:03:29.336+0000] {logging_mixin.py:190} INFO - [2025-02-10T15:03:29.336+0000] {dagbag.py:588} INFO - Filling up the DagBag from /usr/local/lib/python3.9/dist-packages/airflow/example_dags/example_bash_operator.py
[2025-02-10T15:03:29.351+0000] {processor.py:925} INFO - DAG(s) 'example_bash_operator' retrieved from /usr/local/lib/python3.9/dist-packages/airflow/example_dags/example_bash_operator.py
[2025-02-10T15:03:29.388+0000] {logging_mixin.py:190} INFO - [2025-02-10T15:03:29.388+0000] {dag.py:3239} INFO - Sync 1 DAGs
[2025-02-10T15:03:29.419+0000] {logging_mixin.py:190} INFO - [2025-02-10T15:03:29.419+0000] {dag.py:4180} INFO - Setting next_dagrun for example_bash_operator to 2025-02-09 00:00:00+00:00, run_after=2025-02-10 00:00:00+00:00
[2025-02-10T15:03:29.501+0000] {processor.py:208} INFO - Processing /usr/local/lib/python3.9/dist-packages/airflow/example_dags/example_bash_operator.py took 0.175 seconds
[2025-02-10T15:04:46.142+0000] {processor.py:186} INFO - Started process (PID=846) to work on /usr/local/lib/python3.9/dist-packages/airflow/example_dags/example_bash_operator.py
[2025-02-10T15:04:46.144+0000] {processor.py:914} INFO - Processing file /usr/local/lib/python3.9/dist-packages/airflow/example_dags/example_bash_operator.py for tasks to queue
[2025-02-10T15:04:46.146+0000] {logging_mixin.py:190} INFO - [2025-02-10T15:04:46.146+0000] {dagbag.py:588} INFO - Filling up the DagBag from /usr/local/lib/python3.9/dist-packages/airflow/example_dags/example_bash_operator.py
[2025-02-10T15:04:46.159+0000] {processor.py:925} INFO - DAG(s) 'example_bash_operator' retrieved from /usr/local/lib/python3.9/dist-packages/airflow/example_dags/example_bash_operator.py
[2025-02-10T15:04:46.198+0000] {logging_mixin.py:190} INFO - [2025-02-10T15:04:46.198+0000] {dag.py:3239} INFO - Sync 1 DAGs
[2025-02-10T15:04:46.230+0000] {logging_mixin.py:190} INFO - [2025-02-10T15:04:46.229+0000] {dag.py:4180} INFO - Setting next_dagrun for example_bash_operator to 2025-02-09 00:00:00+00:00, run_after=2025-02-10 00:00:00+00:00
[2025-02-10T15:04:46.307+0000] {processor.py:208} INFO - Processing /usr/local/lib/python3.9/dist-packages/airflow/example_dags/example_bash_operator.py took 0.171 seconds
[2025-02-10T15:06:07.688+0000] {processor.py:186} INFO - Started process (PID=913) to work on /usr/local/lib/python3.9/dist-packages/airflow/example_dags/example_bash_operator.py
[2025-02-10T15:06:07.689+0000] {processor.py:914} INFO - Processing file /usr/local/lib/python3.9/dist-packages/airflow/example_dags/example_bash_operator.py for tasks to queue
[2025-02-10T15:06:07.692+0000] {logging_mixin.py:190} INFO - [2025-02-10T15:06:07.692+0000] {dagbag.py:588} INFO - Filling up the DagBag from /usr/local/lib/python3.9/dist-packages/airflow/example_dags/example_bash_operator.py
[2025-02-10T15:06:07.705+0000] {processor.py:925} INFO - DAG(s) 'example_bash_operator' retrieved from /usr/local/lib/python3.9/dist-packages/airflow/example_dags/example_bash_operator.py
[2025-02-10T15:06:07.742+0000] {logging_mixin.py:190} INFO - [2025-02-10T15:06:07.741+0000] {dag.py:3239} INFO - Sync 1 DAGs
[2025-02-10T15:06:07.774+0000] {logging_mixin.py:190} INFO - [2025-02-10T15:06:07.773+0000] {dag.py:4180} INFO - Setting next_dagrun for example_bash_operator to 2025-02-09 00:00:00+00:00, run_after=2025-02-10 00:00:00+00:00
[2025-02-10T15:06:07.845+0000] {processor.py:208} INFO - Processing /usr/local/lib/python3.9/dist-packages/airflow/example_dags/example_bash_operator.py took 0.163 seconds
[2025-02-10T15:07:25.339+0000] {processor.py:186} INFO - Started process (PID=978) to work on /usr/local/lib/python3.9/dist-packages/airflow/example_dags/example_bash_operator.py
[2025-02-10T15:07:25.342+0000] {processor.py:914} INFO - Processing file /usr/local/lib/python3.9/dist-packages/airflow/example_dags/example_bash_operator.py for tasks to queue
[2025-02-10T15:07:25.344+0000] {logging_mixin.py:190} INFO - [2025-02-10T15:07:25.344+0000] {dagbag.py:588} INFO - Filling up the DagBag from /usr/local/lib/python3.9/dist-packages/airflow/example_dags/example_bash_operator.py
[2025-02-10T15:07:25.357+0000] {processor.py:925} INFO - DAG(s) 'example_bash_operator' retrieved from /usr/local/lib/python3.9/dist-packages/airflow/example_dags/example_bash_operator.py
[2025-02-10T15:07:25.395+0000] {logging_mixin.py:190} INFO - [2025-02-10T15:07:25.394+0000] {dag.py:3239} INFO - Sync 1 DAGs
[2025-02-10T15:07:25.425+0000] {logging_mixin.py:190} INFO - [2025-02-10T15:07:25.425+0000] {dag.py:4180} INFO - Setting next_dagrun for example_bash_operator to 2025-02-09 00:00:00+00:00, run_after=2025-02-10 00:00:00+00:00
[2025-02-10T15:07:25.508+0000] {processor.py:208} INFO - Processing /usr/local/lib/python3.9/dist-packages/airflow/example_dags/example_bash_operator.py took 0.175 seconds
[2025-02-10T15:08:42.729+0000] {processor.py:186} INFO - Started process (PID=1043) to work on /usr/local/lib/python3.9/dist-packages/airflow/example_dags/example_bash_operator.py
[2025-02-10T15:08:42.731+0000] {processor.py:914} INFO - Processing file /usr/local/lib/python3.9/dist-packages/airflow/example_dags/example_bash_operator.py for tasks to queue
[2025-02-10T15:08:42.733+0000] {logging_mixin.py:190} INFO - [2025-02-10T15:08:42.733+0000] {dagbag.py:588} INFO - Filling up the DagBag from /usr/local/lib/python3.9/dist-packages/airflow/example_dags/example_bash_operator.py
[2025-02-10T15:08:42.746+0000] {processor.py:925} INFO - DAG(s) 'example_bash_operator' retrieved from /usr/local/lib/python3.9/dist-packages/airflow/example_dags/example_bash_operator.py
[2025-02-10T15:08:42.781+0000] {logging_mixin.py:190} INFO - [2025-02-10T15:08:42.781+0000] {dag.py:3239} INFO - Sync 1 DAGs
[2025-02-10T15:08:42.812+0000] {logging_mixin.py:190} INFO - [2025-02-10T15:08:42.812+0000] {dag.py:4180} INFO - Setting next_dagrun for example_bash_operator to 2025-02-09 00:00:00+00:00, run_after=2025-02-10 00:00:00+00:00
[2025-02-10T15:08:42.894+0000] {processor.py:208} INFO - Processing /usr/local/lib/python3.9/dist-packages/airflow/example_dags/example_bash_operator.py took 0.171 seconds
[2025-02-10T15:10:01.509+0000] {processor.py:186} INFO - Started process (PID=1108) to work on /usr/local/lib/python3.9/dist-packages/airflow/example_dags/example_bash_operator.py
[2025-02-10T15:10:01.511+0000] {processor.py:914} INFO - Processing file /usr/local/lib/python3.9/dist-packages/airflow/example_dags/example_bash_operator.py for tasks to queue
[2025-02-10T15:10:01.513+0000] {logging_mixin.py:190} INFO - [2025-02-10T15:10:01.513+0000] {dagbag.py:588} INFO - Filling up the DagBag from /usr/local/lib/python3.9/dist-packages/airflow/example_dags/example_bash_operator.py
[2025-02-10T15:10:01.526+0000] {processor.py:925} INFO - DAG(s) 'example_bash_operator' retrieved from /usr/local/lib/python3.9/dist-packages/airflow/example_dags/example_bash_operator.py
[2025-02-10T15:10:01.561+0000] {logging_mixin.py:190} INFO - [2025-02-10T15:10:01.561+0000] {dag.py:3239} INFO - Sync 1 DAGs
[2025-02-10T15:10:01.592+0000] {logging_mixin.py:190} INFO - [2025-02-10T15:10:01.592+0000] {dag.py:4180} INFO - Setting next_dagrun for example_bash_operator to 2025-02-09 00:00:00+00:00, run_after=2025-02-10 00:00:00+00:00
[2025-02-10T15:10:01.670+0000] {processor.py:208} INFO - Processing /usr/local/lib/python3.9/dist-packages/airflow/example_dags/example_bash_operator.py took 0.166 seconds
[2025-02-10T15:11:23.182+0000] {processor.py:186} INFO - Started process (PID=1175) to work on /usr/local/lib/python3.9/dist-packages/airflow/example_dags/example_bash_operator.py
[2025-02-10T15:11:23.184+0000] {processor.py:914} INFO - Processing file /usr/local/lib/python3.9/dist-packages/airflow/example_dags/example_bash_operator.py for tasks to queue
[2025-02-10T15:11:23.187+0000] {logging_mixin.py:190} INFO - [2025-02-10T15:11:23.186+0000] {dagbag.py:588} INFO - Filling up the DagBag from /usr/local/lib/python3.9/dist-packages/airflow/example_dags/example_bash_operator.py
[2025-02-10T15:11:23.200+0000] {processor.py:925} INFO - DAG(s) 'example_bash_operator' retrieved from /usr/local/lib/python3.9/dist-packages/airflow/example_dags/example_bash_operator.py
[2025-02-10T15:11:23.238+0000] {logging_mixin.py:190} INFO - [2025-02-10T15:11:23.238+0000] {dag.py:3239} INFO - Sync 1 DAGs
[2025-02-10T15:11:23.268+0000] {logging_mixin.py:190} INFO - [2025-02-10T15:11:23.268+0000] {dag.py:4180} INFO - Setting next_dagrun for example_bash_operator to 2025-02-09 00:00:00+00:00, run_after=2025-02-10 00:00:00+00:00
[2025-02-10T15:11:23.350+0000] {processor.py:208} INFO - Processing /usr/local/lib/python3.9/dist-packages/airflow/example_dags/example_bash_operator.py took 0.173 seconds
[2025-02-10T15:12:42.148+0000] {processor.py:186} INFO - Started process (PID=1241) to work on /usr/local/lib/python3.9/dist-packages/airflow/example_dags/example_bash_operator.py
[2025-02-10T15:12:42.149+0000] {processor.py:914} INFO - Processing file /usr/local/lib/python3.9/dist-packages/airflow/example_dags/example_bash_operator.py for tasks to queue
[2025-02-10T15:12:42.153+0000] {logging_mixin.py:190} INFO - [2025-02-10T15:12:42.153+0000] {dagbag.py:588} INFO - Filling up the DagBag from /usr/local/lib/python3.9/dist-packages/airflow/example_dags/example_bash_operator.py
[2025-02-10T15:12:42.169+0000] {processor.py:925} INFO - DAG(s) 'example_bash_operator' retrieved from /usr/local/lib/python3.9/dist-packages/airflow/example_dags/example_bash_operator.py
[2025-02-10T15:12:42.209+0000] {logging_mixin.py:190} INFO - [2025-02-10T15:12:42.208+0000] {dag.py:3239} INFO - Sync 1 DAGs
[2025-02-10T15:12:42.241+0000] {logging_mixin.py:190} INFO - [2025-02-10T15:12:42.241+0000] {dag.py:4180} INFO - Setting next_dagrun for example_bash_operator to 2025-02-09 00:00:00+00:00, run_after=2025-02-10 00:00:00+00:00
[2025-02-10T15:12:42.317+0000] {processor.py:208} INFO - Processing /usr/local/lib/python3.9/dist-packages/airflow/example_dags/example_bash_operator.py took 0.176 seconds
[2025-02-10T15:13:58.980+0000] {processor.py:186} INFO - Started process (PID=1305) to work on /usr/local/lib/python3.9/dist-packages/airflow/example_dags/example_bash_operator.py
[2025-02-10T15:13:58.983+0000] {processor.py:914} INFO - Processing file /usr/local/lib/python3.9/dist-packages/airflow/example_dags/example_bash_operator.py for tasks to queue
[2025-02-10T15:13:58.986+0000] {logging_mixin.py:190} INFO - [2025-02-10T15:13:58.986+0000] {dagbag.py:588} INFO - Filling up the DagBag from /usr/local/lib/python3.9/dist-packages/airflow/example_dags/example_bash_operator.py
[2025-02-10T15:13:58.999+0000] {processor.py:925} INFO - DAG(s) 'example_bash_operator' retrieved from /usr/local/lib/python3.9/dist-packages/airflow/example_dags/example_bash_operator.py
[2025-02-10T15:13:59.037+0000] {logging_mixin.py:190} INFO - [2025-02-10T15:13:59.037+0000] {dag.py:3239} INFO - Sync 1 DAGs
[2025-02-10T15:13:59.070+0000] {logging_mixin.py:190} INFO - [2025-02-10T15:13:59.070+0000] {dag.py:4180} INFO - Setting next_dagrun for example_bash_operator to 2025-02-09 00:00:00+00:00, run_after=2025-02-10 00:00:00+00:00
[2025-02-10T15:13:59.144+0000] {processor.py:208} INFO - Processing /usr/local/lib/python3.9/dist-packages/airflow/example_dags/example_bash_operator.py took 0.169 seconds
[2025-02-10T15:25:37.495+0000] {processor.py:186} INFO - Started process (PID=61) to work on /usr/local/lib/python3.9/dist-packages/airflow/example_dags/example_bash_operator.py
[2025-02-10T15:25:37.496+0000] {processor.py:914} INFO - Processing file /usr/local/lib/python3.9/dist-packages/airflow/example_dags/example_bash_operator.py for tasks to queue
[2025-02-10T15:25:37.499+0000] {logging_mixin.py:190} INFO - [2025-02-10T15:25:37.498+0000] {dagbag.py:588} INFO - Filling up the DagBag from /usr/local/lib/python3.9/dist-packages/airflow/example_dags/example_bash_operator.py
[2025-02-10T15:25:37.515+0000] {processor.py:925} INFO - DAG(s) 'example_bash_operator' retrieved from /usr/local/lib/python3.9/dist-packages/airflow/example_dags/example_bash_operator.py
[2025-02-10T15:25:37.558+0000] {logging_mixin.py:190} INFO - [2025-02-10T15:25:37.558+0000] {dag.py:3239} INFO - Sync 1 DAGs
[2025-02-10T15:25:37.589+0000] {logging_mixin.py:190} INFO - [2025-02-10T15:25:37.589+0000] {dag.py:4180} INFO - Setting next_dagrun for example_bash_operator to 2025-02-09 00:00:00+00:00, run_after=2025-02-10 00:00:00+00:00
[2025-02-10T15:25:37.669+0000] {processor.py:208} INFO - Processing /usr/local/lib/python3.9/dist-packages/airflow/example_dags/example_bash_operator.py took 0.182 seconds
[2025-02-10T15:26:46.768+0000] {processor.py:186} INFO - Started process (PID=118) to work on /usr/local/lib/python3.9/dist-packages/airflow/example_dags/example_bash_operator.py
[2025-02-10T15:26:46.769+0000] {processor.py:914} INFO - Processing file /usr/local/lib/python3.9/dist-packages/airflow/example_dags/example_bash_operator.py for tasks to queue
[2025-02-10T15:26:46.772+0000] {logging_mixin.py:190} INFO - [2025-02-10T15:26:46.772+0000] {dagbag.py:588} INFO - Filling up the DagBag from /usr/local/lib/python3.9/dist-packages/airflow/example_dags/example_bash_operator.py
[2025-02-10T15:26:46.785+0000] {processor.py:925} INFO - DAG(s) 'example_bash_operator' retrieved from /usr/local/lib/python3.9/dist-packages/airflow/example_dags/example_bash_operator.py
[2025-02-10T15:26:46.824+0000] {logging_mixin.py:190} INFO - [2025-02-10T15:26:46.824+0000] {dag.py:3239} INFO - Sync 1 DAGs
[2025-02-10T15:26:46.856+0000] {logging_mixin.py:190} INFO - [2025-02-10T15:26:46.856+0000] {dag.py:4180} INFO - Setting next_dagrun for example_bash_operator to 2025-02-09 00:00:00+00:00, run_after=2025-02-10 00:00:00+00:00
[2025-02-10T15:26:46.937+0000] {processor.py:208} INFO - Processing /usr/local/lib/python3.9/dist-packages/airflow/example_dags/example_bash_operator.py took 0.175 seconds
[2025-02-10T15:28:03.010+0000] {processor.py:186} INFO - Started process (PID=182) to work on /usr/local/lib/python3.9/dist-packages/airflow/example_dags/example_bash_operator.py
[2025-02-10T15:28:03.012+0000] {processor.py:914} INFO - Processing file /usr/local/lib/python3.9/dist-packages/airflow/example_dags/example_bash_operator.py for tasks to queue
[2025-02-10T15:28:03.014+0000] {logging_mixin.py:190} INFO - [2025-02-10T15:28:03.014+0000] {dagbag.py:588} INFO - Filling up the DagBag from /usr/local/lib/python3.9/dist-packages/airflow/example_dags/example_bash_operator.py
[2025-02-10T15:28:03.026+0000] {processor.py:925} INFO - DAG(s) 'example_bash_operator' retrieved from /usr/local/lib/python3.9/dist-packages/airflow/example_dags/example_bash_operator.py
[2025-02-10T15:28:03.064+0000] {logging_mixin.py:190} INFO - [2025-02-10T15:28:03.064+0000] {dag.py:3239} INFO - Sync 1 DAGs
[2025-02-10T15:28:03.095+0000] {logging_mixin.py:190} INFO - [2025-02-10T15:28:03.095+0000] {dag.py:4180} INFO - Setting next_dagrun for example_bash_operator to 2025-02-09 00:00:00+00:00, run_after=2025-02-10 00:00:00+00:00
[2025-02-10T15:28:03.166+0000] {processor.py:208} INFO - Processing /usr/local/lib/python3.9/dist-packages/airflow/example_dags/example_bash_operator.py took 0.161 seconds
[2025-02-10T15:29:23.869+0000] {processor.py:186} INFO - Started process (PID=248) to work on /usr/local/lib/python3.9/dist-packages/airflow/example_dags/example_bash_operator.py
[2025-02-10T15:29:23.871+0000] {processor.py:914} INFO - Processing file /usr/local/lib/python3.9/dist-packages/airflow/example_dags/example_bash_operator.py for tasks to queue
[2025-02-10T15:29:23.874+0000] {logging_mixin.py:190} INFO - [2025-02-10T15:29:23.873+0000] {dagbag.py:588} INFO - Filling up the DagBag from /usr/local/lib/python3.9/dist-packages/airflow/example_dags/example_bash_operator.py
[2025-02-10T15:29:23.886+0000] {processor.py:925} INFO - DAG(s) 'example_bash_operator' retrieved from /usr/local/lib/python3.9/dist-packages/airflow/example_dags/example_bash_operator.py
[2025-02-10T15:29:23.924+0000] {logging_mixin.py:190} INFO - [2025-02-10T15:29:23.923+0000] {dag.py:3239} INFO - Sync 1 DAGs
[2025-02-10T15:29:23.956+0000] {logging_mixin.py:190} INFO - [2025-02-10T15:29:23.956+0000] {dag.py:4180} INFO - Setting next_dagrun for example_bash_operator to 2025-02-09 00:00:00+00:00, run_after=2025-02-10 00:00:00+00:00
[2025-02-10T15:29:24.029+0000] {processor.py:208} INFO - Processing /usr/local/lib/python3.9/dist-packages/airflow/example_dags/example_bash_operator.py took 0.165 seconds
[2025-02-10T15:30:37.718+0000] {processor.py:186} INFO - Started process (PID=311) to work on /usr/local/lib/python3.9/dist-packages/airflow/example_dags/example_bash_operator.py
[2025-02-10T15:30:37.720+0000] {processor.py:914} INFO - Processing file /usr/local/lib/python3.9/dist-packages/airflow/example_dags/example_bash_operator.py for tasks to queue
[2025-02-10T15:30:37.722+0000] {logging_mixin.py:190} INFO - [2025-02-10T15:30:37.722+0000] {dagbag.py:588} INFO - Filling up the DagBag from /usr/local/lib/python3.9/dist-packages/airflow/example_dags/example_bash_operator.py
[2025-02-10T15:30:37.735+0000] {processor.py:925} INFO - DAG(s) 'example_bash_operator' retrieved from /usr/local/lib/python3.9/dist-packages/airflow/example_dags/example_bash_operator.py
[2025-02-10T15:30:37.773+0000] {logging_mixin.py:190} INFO - [2025-02-10T15:30:37.772+0000] {dag.py:3239} INFO - Sync 1 DAGs
[2025-02-10T15:30:37.804+0000] {logging_mixin.py:190} INFO - [2025-02-10T15:30:37.804+0000] {dag.py:4180} INFO - Setting next_dagrun for example_bash_operator to 2025-02-09 00:00:00+00:00, run_after=2025-02-10 00:00:00+00:00
[2025-02-10T15:30:37.878+0000] {processor.py:208} INFO - Processing /usr/local/lib/python3.9/dist-packages/airflow/example_dags/example_bash_operator.py took 0.165 seconds
[2025-02-10T15:31:54.179+0000] {processor.py:186} INFO - Started process (PID=375) to work on /usr/local/lib/python3.9/dist-packages/airflow/example_dags/example_bash_operator.py
[2025-02-10T15:31:54.181+0000] {processor.py:914} INFO - Processing file /usr/local/lib/python3.9/dist-packages/airflow/example_dags/example_bash_operator.py for tasks to queue
[2025-02-10T15:31:54.184+0000] {logging_mixin.py:190} INFO - [2025-02-10T15:31:54.183+0000] {dagbag.py:588} INFO - Filling up the DagBag from /usr/local/lib/python3.9/dist-packages/airflow/example_dags/example_bash_operator.py
[2025-02-10T15:31:54.196+0000] {processor.py:925} INFO - DAG(s) 'example_bash_operator' retrieved from /usr/local/lib/python3.9/dist-packages/airflow/example_dags/example_bash_operator.py
[2025-02-10T15:31:54.233+0000] {logging_mixin.py:190} INFO - [2025-02-10T15:31:54.232+0000] {dag.py:3239} INFO - Sync 1 DAGs
[2025-02-10T15:31:54.266+0000] {logging_mixin.py:190} INFO - [2025-02-10T15:31:54.265+0000] {dag.py:4180} INFO - Setting next_dagrun for example_bash_operator to 2025-02-09 00:00:00+00:00, run_after=2025-02-10 00:00:00+00:00
[2025-02-10T15:31:54.346+0000] {processor.py:208} INFO - Processing /usr/local/lib/python3.9/dist-packages/airflow/example_dags/example_bash_operator.py took 0.172 seconds
[2025-02-10T15:33:14.712+0000] {processor.py:186} INFO - Started process (PID=441) to work on /usr/local/lib/python3.9/dist-packages/airflow/example_dags/example_bash_operator.py
[2025-02-10T15:33:14.714+0000] {processor.py:914} INFO - Processing file /usr/local/lib/python3.9/dist-packages/airflow/example_dags/example_bash_operator.py for tasks to queue
[2025-02-10T15:33:14.717+0000] {logging_mixin.py:190} INFO - [2025-02-10T15:33:14.717+0000] {dagbag.py:588} INFO - Filling up the DagBag from /usr/local/lib/python3.9/dist-packages/airflow/example_dags/example_bash_operator.py
[2025-02-10T15:33:14.729+0000] {processor.py:925} INFO - DAG(s) 'example_bash_operator' retrieved from /usr/local/lib/python3.9/dist-packages/airflow/example_dags/example_bash_operator.py
[2025-02-10T15:33:14.764+0000] {logging_mixin.py:190} INFO - [2025-02-10T15:33:14.764+0000] {dag.py:3239} INFO - Sync 1 DAGs
[2025-02-10T15:33:14.795+0000] {logging_mixin.py:190} INFO - [2025-02-10T15:33:14.794+0000] {dag.py:4180} INFO - Setting next_dagrun for example_bash_operator to 2025-02-09 00:00:00+00:00, run_after=2025-02-10 00:00:00+00:00
[2025-02-10T15:33:14.869+0000] {processor.py:208} INFO - Processing /usr/local/lib/python3.9/dist-packages/airflow/example_dags/example_bash_operator.py took 0.162 seconds
[2025-02-10T15:34:37.814+0000] {processor.py:186} INFO - Started process (PID=507) to work on /usr/local/lib/python3.9/dist-packages/airflow/example_dags/example_bash_operator.py
[2025-02-10T15:34:37.816+0000] {processor.py:914} INFO - Processing file /usr/local/lib/python3.9/dist-packages/airflow/example_dags/example_bash_operator.py for tasks to queue
[2025-02-10T15:34:37.823+0000] {logging_mixin.py:190} INFO - [2025-02-10T15:34:37.822+0000] {dagbag.py:588} INFO - Filling up the DagBag from /usr/local/lib/python3.9/dist-packages/airflow/example_dags/example_bash_operator.py
[2025-02-10T15:34:37.842+0000] {processor.py:925} INFO - DAG(s) 'example_bash_operator' retrieved from /usr/local/lib/python3.9/dist-packages/airflow/example_dags/example_bash_operator.py
[2025-02-10T15:34:37.878+0000] {logging_mixin.py:190} INFO - [2025-02-10T15:34:37.878+0000] {dag.py:3239} INFO - Sync 1 DAGs
[2025-02-10T15:34:37.907+0000] {logging_mixin.py:190} INFO - [2025-02-10T15:34:37.907+0000] {dag.py:4180} INFO - Setting next_dagrun for example_bash_operator to 2025-02-09 00:00:00+00:00, run_after=2025-02-10 00:00:00+00:00
[2025-02-10T15:34:38.049+0000] {processor.py:208} INFO - Processing /usr/local/lib/python3.9/dist-packages/airflow/example_dags/example_bash_operator.py took 0.245 seconds
[2025-02-10T15:35:55.231+0000] {processor.py:186} INFO - Started process (PID=572) to work on /usr/local/lib/python3.9/dist-packages/airflow/example_dags/example_bash_operator.py
[2025-02-10T15:35:55.233+0000] {processor.py:914} INFO - Processing file /usr/local/lib/python3.9/dist-packages/airflow/example_dags/example_bash_operator.py for tasks to queue
[2025-02-10T15:35:55.235+0000] {logging_mixin.py:190} INFO - [2025-02-10T15:35:55.235+0000] {dagbag.py:588} INFO - Filling up the DagBag from /usr/local/lib/python3.9/dist-packages/airflow/example_dags/example_bash_operator.py
[2025-02-10T15:35:55.248+0000] {processor.py:925} INFO - DAG(s) 'example_bash_operator' retrieved from /usr/local/lib/python3.9/dist-packages/airflow/example_dags/example_bash_operator.py
[2025-02-10T15:35:55.283+0000] {logging_mixin.py:190} INFO - [2025-02-10T15:35:55.283+0000] {dag.py:3239} INFO - Sync 1 DAGs
[2025-02-10T15:35:55.313+0000] {logging_mixin.py:190} INFO - [2025-02-10T15:35:55.313+0000] {dag.py:4180} INFO - Setting next_dagrun for example_bash_operator to 2025-02-09 00:00:00+00:00, run_after=2025-02-10 00:00:00+00:00
[2025-02-10T15:35:55.383+0000] {processor.py:208} INFO - Processing /usr/local/lib/python3.9/dist-packages/airflow/example_dags/example_bash_operator.py took 0.157 seconds
[2025-02-10T15:37:18.713+0000] {processor.py:186} INFO - Started process (PID=639) to work on /usr/local/lib/python3.9/dist-packages/airflow/example_dags/example_bash_operator.py
[2025-02-10T15:37:18.715+0000] {processor.py:914} INFO - Processing file /usr/local/lib/python3.9/dist-packages/airflow/example_dags/example_bash_operator.py for tasks to queue
[2025-02-10T15:37:18.717+0000] {logging_mixin.py:190} INFO - [2025-02-10T15:37:18.717+0000] {dagbag.py:588} INFO - Filling up the DagBag from /usr/local/lib/python3.9/dist-packages/airflow/example_dags/example_bash_operator.py
[2025-02-10T15:37:18.729+0000] {processor.py:925} INFO - DAG(s) 'example_bash_operator' retrieved from /usr/local/lib/python3.9/dist-packages/airflow/example_dags/example_bash_operator.py
[2025-02-10T15:37:18.768+0000] {logging_mixin.py:190} INFO - [2025-02-10T15:37:18.768+0000] {dag.py:3239} INFO - Sync 1 DAGs
[2025-02-10T15:37:18.800+0000] {logging_mixin.py:190} INFO - [2025-02-10T15:37:18.799+0000] {dag.py:4180} INFO - Setting next_dagrun for example_bash_operator to 2025-02-09 00:00:00+00:00, run_after=2025-02-10 00:00:00+00:00
[2025-02-10T15:37:18.881+0000] {processor.py:208} INFO - Processing /usr/local/lib/python3.9/dist-packages/airflow/example_dags/example_bash_operator.py took 0.173 seconds
[2025-02-10T15:38:40.945+0000] {processor.py:186} INFO - Started process (PID=705) to work on /usr/local/lib/python3.9/dist-packages/airflow/example_dags/example_bash_operator.py
[2025-02-10T15:38:40.946+0000] {processor.py:914} INFO - Processing file /usr/local/lib/python3.9/dist-packages/airflow/example_dags/example_bash_operator.py for tasks to queue
[2025-02-10T15:38:40.949+0000] {logging_mixin.py:190} INFO - [2025-02-10T15:38:40.949+0000] {dagbag.py:588} INFO - Filling up the DagBag from /usr/local/lib/python3.9/dist-packages/airflow/example_dags/example_bash_operator.py
[2025-02-10T15:38:40.962+0000] {processor.py:925} INFO - DAG(s) 'example_bash_operator' retrieved from /usr/local/lib/python3.9/dist-packages/airflow/example_dags/example_bash_operator.py
[2025-02-10T15:38:41.000+0000] {logging_mixin.py:190} INFO - [2025-02-10T15:38:41.000+0000] {dag.py:3239} INFO - Sync 1 DAGs
[2025-02-10T15:38:41.030+0000] {logging_mixin.py:190} INFO - [2025-02-10T15:38:41.030+0000] {dag.py:4180} INFO - Setting next_dagrun for example_bash_operator to 2025-02-09 00:00:00+00:00, run_after=2025-02-10 00:00:00+00:00
[2025-02-10T15:38:41.102+0000] {processor.py:208} INFO - Processing /usr/local/lib/python3.9/dist-packages/airflow/example_dags/example_bash_operator.py took 0.163 seconds
[2025-02-10T15:40:02.820+0000] {processor.py:186} INFO - Started process (PID=772) to work on /usr/local/lib/python3.9/dist-packages/airflow/example_dags/example_bash_operator.py
[2025-02-10T15:40:02.821+0000] {processor.py:914} INFO - Processing file /usr/local/lib/python3.9/dist-packages/airflow/example_dags/example_bash_operator.py for tasks to queue
[2025-02-10T15:40:02.824+0000] {logging_mixin.py:190} INFO - [2025-02-10T15:40:02.824+0000] {dagbag.py:588} INFO - Filling up the DagBag from /usr/local/lib/python3.9/dist-packages/airflow/example_dags/example_bash_operator.py
[2025-02-10T15:40:02.837+0000] {processor.py:925} INFO - DAG(s) 'example_bash_operator' retrieved from /usr/local/lib/python3.9/dist-packages/airflow/example_dags/example_bash_operator.py
[2025-02-10T15:40:02.874+0000] {logging_mixin.py:190} INFO - [2025-02-10T15:40:02.874+0000] {dag.py:3239} INFO - Sync 1 DAGs
[2025-02-10T15:40:02.905+0000] {logging_mixin.py:190} INFO - [2025-02-10T15:40:02.905+0000] {dag.py:4180} INFO - Setting next_dagrun for example_bash_operator to 2025-02-09 00:00:00+00:00, run_after=2025-02-10 00:00:00+00:00
[2025-02-10T15:40:02.982+0000] {processor.py:208} INFO - Processing /usr/local/lib/python3.9/dist-packages/airflow/example_dags/example_bash_operator.py took 0.167 seconds
[2025-02-10T15:41:20.420+0000] {processor.py:186} INFO - Started process (PID=836) to work on /usr/local/lib/python3.9/dist-packages/airflow/example_dags/example_bash_operator.py
[2025-02-10T15:41:20.421+0000] {processor.py:914} INFO - Processing file /usr/local/lib/python3.9/dist-packages/airflow/example_dags/example_bash_operator.py for tasks to queue
[2025-02-10T15:41:20.423+0000] {logging_mixin.py:190} INFO - [2025-02-10T15:41:20.423+0000] {dagbag.py:588} INFO - Filling up the DagBag from /usr/local/lib/python3.9/dist-packages/airflow/example_dags/example_bash_operator.py
[2025-02-10T15:41:20.437+0000] {processor.py:925} INFO - DAG(s) 'example_bash_operator' retrieved from /usr/local/lib/python3.9/dist-packages/airflow/example_dags/example_bash_operator.py
[2025-02-10T15:41:20.474+0000] {logging_mixin.py:190} INFO - [2025-02-10T15:41:20.473+0000] {dag.py:3239} INFO - Sync 1 DAGs
[2025-02-10T15:41:20.508+0000] {logging_mixin.py:190} INFO - [2025-02-10T15:41:20.508+0000] {dag.py:4180} INFO - Setting next_dagrun for example_bash_operator to 2025-02-09 00:00:00+00:00, run_after=2025-02-10 00:00:00+00:00
[2025-02-10T15:41:20.582+0000] {processor.py:208} INFO - Processing /usr/local/lib/python3.9/dist-packages/airflow/example_dags/example_bash_operator.py took 0.168 seconds
[2025-02-10T15:42:40.330+0000] {processor.py:186} INFO - Started process (PID=902) to work on /usr/local/lib/python3.9/dist-packages/airflow/example_dags/example_bash_operator.py
[2025-02-10T15:42:40.331+0000] {processor.py:914} INFO - Processing file /usr/local/lib/python3.9/dist-packages/airflow/example_dags/example_bash_operator.py for tasks to queue
[2025-02-10T15:42:40.334+0000] {logging_mixin.py:190} INFO - [2025-02-10T15:42:40.334+0000] {dagbag.py:588} INFO - Filling up the DagBag from /usr/local/lib/python3.9/dist-packages/airflow/example_dags/example_bash_operator.py
[2025-02-10T15:42:40.347+0000] {processor.py:925} INFO - DAG(s) 'example_bash_operator' retrieved from /usr/local/lib/python3.9/dist-packages/airflow/example_dags/example_bash_operator.py
[2025-02-10T15:42:40.383+0000] {logging_mixin.py:190} INFO - [2025-02-10T15:42:40.383+0000] {dag.py:3239} INFO - Sync 1 DAGs
[2025-02-10T15:42:40.411+0000] {logging_mixin.py:190} INFO - [2025-02-10T15:42:40.411+0000] {dag.py:4180} INFO - Setting next_dagrun for example_bash_operator to 2025-02-09 00:00:00+00:00, run_after=2025-02-10 00:00:00+00:00
[2025-02-10T15:42:40.486+0000] {processor.py:208} INFO - Processing /usr/local/lib/python3.9/dist-packages/airflow/example_dags/example_bash_operator.py took 0.162 seconds
[2025-02-10T15:44:02.790+0000] {processor.py:186} INFO - Started process (PID=969) to work on /usr/local/lib/python3.9/dist-packages/airflow/example_dags/example_bash_operator.py
[2025-02-10T15:44:02.791+0000] {processor.py:914} INFO - Processing file /usr/local/lib/python3.9/dist-packages/airflow/example_dags/example_bash_operator.py for tasks to queue
[2025-02-10T15:44:02.795+0000] {logging_mixin.py:190} INFO - [2025-02-10T15:44:02.794+0000] {dagbag.py:588} INFO - Filling up the DagBag from /usr/local/lib/python3.9/dist-packages/airflow/example_dags/example_bash_operator.py
[2025-02-10T15:44:02.808+0000] {processor.py:925} INFO - DAG(s) 'example_bash_operator' retrieved from /usr/local/lib/python3.9/dist-packages/airflow/example_dags/example_bash_operator.py
[2025-02-10T15:44:02.844+0000] {logging_mixin.py:190} INFO - [2025-02-10T15:44:02.844+0000] {dag.py:3239} INFO - Sync 1 DAGs
[2025-02-10T15:44:02.875+0000] {logging_mixin.py:190} INFO - [2025-02-10T15:44:02.874+0000] {dag.py:4180} INFO - Setting next_dagrun for example_bash_operator to 2025-02-09 00:00:00+00:00, run_after=2025-02-10 00:00:00+00:00
[2025-02-10T15:44:02.951+0000] {processor.py:208} INFO - Processing /usr/local/lib/python3.9/dist-packages/airflow/example_dags/example_bash_operator.py took 0.167 seconds
[2025-02-10T15:45:27.538+0000] {processor.py:186} INFO - Started process (PID=1036) to work on /usr/local/lib/python3.9/dist-packages/airflow/example_dags/example_bash_operator.py
[2025-02-10T15:45:27.539+0000] {processor.py:914} INFO - Processing file /usr/local/lib/python3.9/dist-packages/airflow/example_dags/example_bash_operator.py for tasks to queue
[2025-02-10T15:45:27.542+0000] {logging_mixin.py:190} INFO - [2025-02-10T15:45:27.542+0000] {dagbag.py:588} INFO - Filling up the DagBag from /usr/local/lib/python3.9/dist-packages/airflow/example_dags/example_bash_operator.py
[2025-02-10T15:45:27.554+0000] {processor.py:925} INFO - DAG(s) 'example_bash_operator' retrieved from /usr/local/lib/python3.9/dist-packages/airflow/example_dags/example_bash_operator.py
[2025-02-10T15:45:27.591+0000] {logging_mixin.py:190} INFO - [2025-02-10T15:45:27.591+0000] {dag.py:3239} INFO - Sync 1 DAGs
[2025-02-10T15:45:27.621+0000] {logging_mixin.py:190} INFO - [2025-02-10T15:45:27.621+0000] {dag.py:4180} INFO - Setting next_dagrun for example_bash_operator to 2025-02-09 00:00:00+00:00, run_after=2025-02-10 00:00:00+00:00
[2025-02-10T15:45:27.698+0000] {processor.py:208} INFO - Processing /usr/local/lib/python3.9/dist-packages/airflow/example_dags/example_bash_operator.py took 0.166 seconds
[2025-02-10T15:46:45.988+0000] {processor.py:186} INFO - Started process (PID=1101) to work on /usr/local/lib/python3.9/dist-packages/airflow/example_dags/example_bash_operator.py
[2025-02-10T15:46:45.989+0000] {processor.py:914} INFO - Processing file /usr/local/lib/python3.9/dist-packages/airflow/example_dags/example_bash_operator.py for tasks to queue
[2025-02-10T15:46:45.992+0000] {logging_mixin.py:190} INFO - [2025-02-10T15:46:45.992+0000] {dagbag.py:588} INFO - Filling up the DagBag from /usr/local/lib/python3.9/dist-packages/airflow/example_dags/example_bash_operator.py
[2025-02-10T15:46:46.007+0000] {processor.py:925} INFO - DAG(s) 'example_bash_operator' retrieved from /usr/local/lib/python3.9/dist-packages/airflow/example_dags/example_bash_operator.py
[2025-02-10T15:46:46.043+0000] {logging_mixin.py:190} INFO - [2025-02-10T15:46:46.043+0000] {dag.py:3239} INFO - Sync 1 DAGs
[2025-02-10T15:46:46.075+0000] {logging_mixin.py:190} INFO - [2025-02-10T15:46:46.074+0000] {dag.py:4180} INFO - Setting next_dagrun for example_bash_operator to 2025-02-09 00:00:00+00:00, run_after=2025-02-10 00:00:00+00:00
[2025-02-10T15:46:46.140+0000] {processor.py:208} INFO - Processing /usr/local/lib/python3.9/dist-packages/airflow/example_dags/example_bash_operator.py took 0.158 seconds
[2025-02-10T15:48:02.000+0000] {processor.py:186} INFO - Started process (PID=1166) to work on /usr/local/lib/python3.9/dist-packages/airflow/example_dags/example_bash_operator.py
[2025-02-10T15:48:02.001+0000] {processor.py:914} INFO - Processing file /usr/local/lib/python3.9/dist-packages/airflow/example_dags/example_bash_operator.py for tasks to queue
[2025-02-10T15:48:02.005+0000] {logging_mixin.py:190} INFO - [2025-02-10T15:48:02.004+0000] {dagbag.py:588} INFO - Filling up the DagBag from /usr/local/lib/python3.9/dist-packages/airflow/example_dags/example_bash_operator.py
[2025-02-10T15:48:02.017+0000] {processor.py:925} INFO - DAG(s) 'example_bash_operator' retrieved from /usr/local/lib/python3.9/dist-packages/airflow/example_dags/example_bash_operator.py
[2025-02-10T15:48:02.054+0000] {logging_mixin.py:190} INFO - [2025-02-10T15:48:02.053+0000] {dag.py:3239} INFO - Sync 1 DAGs
[2025-02-10T15:48:02.085+0000] {logging_mixin.py:190} INFO - [2025-02-10T15:48:02.085+0000] {dag.py:4180} INFO - Setting next_dagrun for example_bash_operator to 2025-02-09 00:00:00+00:00, run_after=2025-02-10 00:00:00+00:00
[2025-02-10T15:48:02.158+0000] {processor.py:208} INFO - Processing /usr/local/lib/python3.9/dist-packages/airflow/example_dags/example_bash_operator.py took 0.164 seconds
[2025-02-10T15:49:16.162+0000] {processor.py:186} INFO - Started process (PID=1230) to work on /usr/local/lib/python3.9/dist-packages/airflow/example_dags/example_bash_operator.py
[2025-02-10T15:49:16.164+0000] {processor.py:914} INFO - Processing file /usr/local/lib/python3.9/dist-packages/airflow/example_dags/example_bash_operator.py for tasks to queue
[2025-02-10T15:49:16.167+0000] {logging_mixin.py:190} INFO - [2025-02-10T15:49:16.166+0000] {dagbag.py:588} INFO - Filling up the DagBag from /usr/local/lib/python3.9/dist-packages/airflow/example_dags/example_bash_operator.py
[2025-02-10T15:49:16.179+0000] {processor.py:925} INFO - DAG(s) 'example_bash_operator' retrieved from /usr/local/lib/python3.9/dist-packages/airflow/example_dags/example_bash_operator.py
[2025-02-10T15:49:16.217+0000] {logging_mixin.py:190} INFO - [2025-02-10T15:49:16.216+0000] {dag.py:3239} INFO - Sync 1 DAGs
[2025-02-10T15:49:16.249+0000] {logging_mixin.py:190} INFO - [2025-02-10T15:49:16.249+0000] {dag.py:4180} INFO - Setting next_dagrun for example_bash_operator to 2025-02-09 00:00:00+00:00, run_after=2025-02-10 00:00:00+00:00
[2025-02-10T15:49:16.327+0000] {processor.py:208} INFO - Processing /usr/local/lib/python3.9/dist-packages/airflow/example_dags/example_bash_operator.py took 0.170 seconds
[2025-02-10T15:50:29.966+0000] {processor.py:186} INFO - Started process (PID=1292) to work on /usr/local/lib/python3.9/dist-packages/airflow/example_dags/example_bash_operator.py
[2025-02-10T15:50:29.967+0000] {processor.py:914} INFO - Processing file /usr/local/lib/python3.9/dist-packages/airflow/example_dags/example_bash_operator.py for tasks to queue
[2025-02-10T15:50:29.969+0000] {logging_mixin.py:190} INFO - [2025-02-10T15:50:29.969+0000] {dagbag.py:588} INFO - Filling up the DagBag from /usr/local/lib/python3.9/dist-packages/airflow/example_dags/example_bash_operator.py
[2025-02-10T15:50:29.984+0000] {processor.py:925} INFO - DAG(s) 'example_bash_operator' retrieved from /usr/local/lib/python3.9/dist-packages/airflow/example_dags/example_bash_operator.py
[2025-02-10T15:50:30.021+0000] {logging_mixin.py:190} INFO - [2025-02-10T15:50:30.021+0000] {dag.py:3239} INFO - Sync 1 DAGs
[2025-02-10T15:50:30.055+0000] {logging_mixin.py:190} INFO - [2025-02-10T15:50:30.055+0000] {dag.py:4180} INFO - Setting next_dagrun for example_bash_operator to 2025-02-09 00:00:00+00:00, run_after=2025-02-10 00:00:00+00:00
[2025-02-10T15:50:30.126+0000] {processor.py:208} INFO - Processing /usr/local/lib/python3.9/dist-packages/airflow/example_dags/example_bash_operator.py took 0.167 seconds
[2025-02-10T15:51:47.480+0000] {processor.py:186} INFO - Started process (PID=1356) to work on /usr/local/lib/python3.9/dist-packages/airflow/example_dags/example_bash_operator.py
[2025-02-10T15:51:47.482+0000] {processor.py:914} INFO - Processing file /usr/local/lib/python3.9/dist-packages/airflow/example_dags/example_bash_operator.py for tasks to queue
[2025-02-10T15:51:47.485+0000] {logging_mixin.py:190} INFO - [2025-02-10T15:51:47.484+0000] {dagbag.py:588} INFO - Filling up the DagBag from /usr/local/lib/python3.9/dist-packages/airflow/example_dags/example_bash_operator.py
[2025-02-10T15:51:47.502+0000] {processor.py:925} INFO - DAG(s) 'example_bash_operator' retrieved from /usr/local/lib/python3.9/dist-packages/airflow/example_dags/example_bash_operator.py
[2025-02-10T15:51:47.540+0000] {logging_mixin.py:190} INFO - [2025-02-10T15:51:47.540+0000] {dag.py:3239} INFO - Sync 1 DAGs
[2025-02-10T15:51:47.571+0000] {logging_mixin.py:190} INFO - [2025-02-10T15:51:47.570+0000] {dag.py:4180} INFO - Setting next_dagrun for example_bash_operator to 2025-02-09 00:00:00+00:00, run_after=2025-02-10 00:00:00+00:00
[2025-02-10T15:51:47.642+0000] {processor.py:208} INFO - Processing /usr/local/lib/python3.9/dist-packages/airflow/example_dags/example_bash_operator.py took 0.167 seconds
[2025-02-10T15:53:03.022+0000] {processor.py:186} INFO - Started process (PID=1419) to work on /usr/local/lib/python3.9/dist-packages/airflow/example_dags/example_bash_operator.py
[2025-02-10T15:53:03.024+0000] {processor.py:914} INFO - Processing file /usr/local/lib/python3.9/dist-packages/airflow/example_dags/example_bash_operator.py for tasks to queue
[2025-02-10T15:53:03.026+0000] {logging_mixin.py:190} INFO - [2025-02-10T15:53:03.026+0000] {dagbag.py:588} INFO - Filling up the DagBag from /usr/local/lib/python3.9/dist-packages/airflow/example_dags/example_bash_operator.py
[2025-02-10T15:53:03.038+0000] {processor.py:925} INFO - DAG(s) 'example_bash_operator' retrieved from /usr/local/lib/python3.9/dist-packages/airflow/example_dags/example_bash_operator.py
[2025-02-10T15:53:03.076+0000] {logging_mixin.py:190} INFO - [2025-02-10T15:53:03.076+0000] {dag.py:3239} INFO - Sync 1 DAGs
[2025-02-10T15:53:03.109+0000] {logging_mixin.py:190} INFO - [2025-02-10T15:53:03.109+0000] {dag.py:4180} INFO - Setting next_dagrun for example_bash_operator to 2025-02-09 00:00:00+00:00, run_after=2025-02-10 00:00:00+00:00
[2025-02-10T15:53:03.187+0000] {processor.py:208} INFO - Processing /usr/local/lib/python3.9/dist-packages/airflow/example_dags/example_bash_operator.py took 0.170 seconds
[2025-02-10T15:54:20.793+0000] {processor.py:186} INFO - Started process (PID=1484) to work on /usr/local/lib/python3.9/dist-packages/airflow/example_dags/example_bash_operator.py
[2025-02-10T15:54:20.795+0000] {processor.py:914} INFO - Processing file /usr/local/lib/python3.9/dist-packages/airflow/example_dags/example_bash_operator.py for tasks to queue
[2025-02-10T15:54:20.798+0000] {logging_mixin.py:190} INFO - [2025-02-10T15:54:20.797+0000] {dagbag.py:588} INFO - Filling up the DagBag from /usr/local/lib/python3.9/dist-packages/airflow/example_dags/example_bash_operator.py
[2025-02-10T15:54:20.810+0000] {processor.py:925} INFO - DAG(s) 'example_bash_operator' retrieved from /usr/local/lib/python3.9/dist-packages/airflow/example_dags/example_bash_operator.py
[2025-02-10T15:54:20.847+0000] {logging_mixin.py:190} INFO - [2025-02-10T15:54:20.847+0000] {dag.py:3239} INFO - Sync 1 DAGs
[2025-02-10T15:54:20.879+0000] {logging_mixin.py:190} INFO - [2025-02-10T15:54:20.878+0000] {dag.py:4180} INFO - Setting next_dagrun for example_bash_operator to 2025-02-09 00:00:00+00:00, run_after=2025-02-10 00:00:00+00:00
[2025-02-10T15:54:20.952+0000] {processor.py:208} INFO - Processing /usr/local/lib/python3.9/dist-packages/airflow/example_dags/example_bash_operator.py took 0.164 seconds
[2025-02-10T15:55:40.195+0000] {processor.py:186} INFO - Started process (PID=1549) to work on /usr/local/lib/python3.9/dist-packages/airflow/example_dags/example_bash_operator.py
[2025-02-10T15:55:40.197+0000] {processor.py:914} INFO - Processing file /usr/local/lib/python3.9/dist-packages/airflow/example_dags/example_bash_operator.py for tasks to queue
[2025-02-10T15:55:40.200+0000] {logging_mixin.py:190} INFO - [2025-02-10T15:55:40.200+0000] {dagbag.py:588} INFO - Filling up the DagBag from /usr/local/lib/python3.9/dist-packages/airflow/example_dags/example_bash_operator.py
[2025-02-10T15:55:40.215+0000] {processor.py:925} INFO - DAG(s) 'example_bash_operator' retrieved from /usr/local/lib/python3.9/dist-packages/airflow/example_dags/example_bash_operator.py
[2025-02-10T15:55:40.257+0000] {logging_mixin.py:190} INFO - [2025-02-10T15:55:40.256+0000] {dag.py:3239} INFO - Sync 1 DAGs
[2025-02-10T15:55:40.289+0000] {logging_mixin.py:190} INFO - [2025-02-10T15:55:40.289+0000] {dag.py:4180} INFO - Setting next_dagrun for example_bash_operator to 2025-02-09 00:00:00+00:00, run_after=2025-02-10 00:00:00+00:00
[2025-02-10T15:55:40.362+0000] {processor.py:208} INFO - Processing /usr/local/lib/python3.9/dist-packages/airflow/example_dags/example_bash_operator.py took 0.175 seconds
[2025-02-10T15:57:00.737+0000] {processor.py:186} INFO - Started process (PID=1615) to work on /usr/local/lib/python3.9/dist-packages/airflow/example_dags/example_bash_operator.py
[2025-02-10T15:57:00.738+0000] {processor.py:914} INFO - Processing file /usr/local/lib/python3.9/dist-packages/airflow/example_dags/example_bash_operator.py for tasks to queue
[2025-02-10T15:57:00.741+0000] {logging_mixin.py:190} INFO - [2025-02-10T15:57:00.741+0000] {dagbag.py:588} INFO - Filling up the DagBag from /usr/local/lib/python3.9/dist-packages/airflow/example_dags/example_bash_operator.py
[2025-02-10T15:57:00.754+0000] {processor.py:925} INFO - DAG(s) 'example_bash_operator' retrieved from /usr/local/lib/python3.9/dist-packages/airflow/example_dags/example_bash_operator.py
[2025-02-10T15:57:00.794+0000] {logging_mixin.py:190} INFO - [2025-02-10T15:57:00.794+0000] {dag.py:3239} INFO - Sync 1 DAGs
[2025-02-10T15:57:00.826+0000] {logging_mixin.py:190} INFO - [2025-02-10T15:57:00.826+0000] {dag.py:4180} INFO - Setting next_dagrun for example_bash_operator to 2025-02-09 00:00:00+00:00, run_after=2025-02-10 00:00:00+00:00
[2025-02-10T15:57:00.901+0000] {processor.py:208} INFO - Processing /usr/local/lib/python3.9/dist-packages/airflow/example_dags/example_bash_operator.py took 0.170 seconds
[2025-02-10T15:58:17.469+0000] {processor.py:186} INFO - Started process (PID=1679) to work on /usr/local/lib/python3.9/dist-packages/airflow/example_dags/example_bash_operator.py
[2025-02-10T15:58:17.471+0000] {processor.py:914} INFO - Processing file /usr/local/lib/python3.9/dist-packages/airflow/example_dags/example_bash_operator.py for tasks to queue
[2025-02-10T15:58:17.474+0000] {logging_mixin.py:190} INFO - [2025-02-10T15:58:17.473+0000] {dagbag.py:588} INFO - Filling up the DagBag from /usr/local/lib/python3.9/dist-packages/airflow/example_dags/example_bash_operator.py
[2025-02-10T15:58:17.486+0000] {processor.py:925} INFO - DAG(s) 'example_bash_operator' retrieved from /usr/local/lib/python3.9/dist-packages/airflow/example_dags/example_bash_operator.py
[2025-02-10T15:58:17.523+0000] {logging_mixin.py:190} INFO - [2025-02-10T15:58:17.523+0000] {dag.py:3239} INFO - Sync 1 DAGs
[2025-02-10T15:58:17.555+0000] {logging_mixin.py:190} INFO - [2025-02-10T15:58:17.555+0000] {dag.py:4180} INFO - Setting next_dagrun for example_bash_operator to 2025-02-09 00:00:00+00:00, run_after=2025-02-10 00:00:00+00:00
[2025-02-10T15:58:17.630+0000] {processor.py:208} INFO - Processing /usr/local/lib/python3.9/dist-packages/airflow/example_dags/example_bash_operator.py took 0.167 seconds
[2025-02-10T15:59:37.464+0000] {processor.py:186} INFO - Started process (PID=1745) to work on /usr/local/lib/python3.9/dist-packages/airflow/example_dags/example_bash_operator.py
[2025-02-10T15:59:37.465+0000] {processor.py:914} INFO - Processing file /usr/local/lib/python3.9/dist-packages/airflow/example_dags/example_bash_operator.py for tasks to queue
[2025-02-10T15:59:37.468+0000] {logging_mixin.py:190} INFO - [2025-02-10T15:59:37.467+0000] {dagbag.py:588} INFO - Filling up the DagBag from /usr/local/lib/python3.9/dist-packages/airflow/example_dags/example_bash_operator.py
[2025-02-10T15:59:37.482+0000] {processor.py:925} INFO - DAG(s) 'example_bash_operator' retrieved from /usr/local/lib/python3.9/dist-packages/airflow/example_dags/example_bash_operator.py
[2025-02-10T15:59:37.518+0000] {logging_mixin.py:190} INFO - [2025-02-10T15:59:37.518+0000] {dag.py:3239} INFO - Sync 1 DAGs
[2025-02-10T15:59:37.550+0000] {logging_mixin.py:190} INFO - [2025-02-10T15:59:37.550+0000] {dag.py:4180} INFO - Setting next_dagrun for example_bash_operator to 2025-02-09 00:00:00+00:00, run_after=2025-02-10 00:00:00+00:00
[2025-02-10T15:59:37.621+0000] {processor.py:208} INFO - Processing /usr/local/lib/python3.9/dist-packages/airflow/example_dags/example_bash_operator.py took 0.164 seconds
[2025-02-10T16:00:56.160+0000] {processor.py:186} INFO - Started process (PID=1810) to work on /usr/local/lib/python3.9/dist-packages/airflow/example_dags/example_bash_operator.py
[2025-02-10T16:00:56.161+0000] {processor.py:914} INFO - Processing file /usr/local/lib/python3.9/dist-packages/airflow/example_dags/example_bash_operator.py for tasks to queue
[2025-02-10T16:00:56.164+0000] {logging_mixin.py:190} INFO - [2025-02-10T16:00:56.163+0000] {dagbag.py:588} INFO - Filling up the DagBag from /usr/local/lib/python3.9/dist-packages/airflow/example_dags/example_bash_operator.py
[2025-02-10T16:00:56.177+0000] {processor.py:925} INFO - DAG(s) 'example_bash_operator' retrieved from /usr/local/lib/python3.9/dist-packages/airflow/example_dags/example_bash_operator.py
[2025-02-10T16:00:56.216+0000] {logging_mixin.py:190} INFO - [2025-02-10T16:00:56.216+0000] {dag.py:3239} INFO - Sync 1 DAGs
[2025-02-10T16:00:56.248+0000] {logging_mixin.py:190} INFO - [2025-02-10T16:00:56.248+0000] {dag.py:4180} INFO - Setting next_dagrun for example_bash_operator to 2025-02-09 00:00:00+00:00, run_after=2025-02-10 00:00:00+00:00
[2025-02-10T16:00:56.326+0000] {processor.py:208} INFO - Processing /usr/local/lib/python3.9/dist-packages/airflow/example_dags/example_bash_operator.py took 0.171 seconds
[2025-02-10T16:03:54.427+0000] {processor.py:186} INFO - Started process (PID=61) to work on /usr/local/lib/python3.9/dist-packages/airflow/example_dags/example_bash_operator.py
[2025-02-10T16:03:54.429+0000] {processor.py:914} INFO - Processing file /usr/local/lib/python3.9/dist-packages/airflow/example_dags/example_bash_operator.py for tasks to queue
[2025-02-10T16:03:54.432+0000] {logging_mixin.py:190} INFO - [2025-02-10T16:03:54.432+0000] {dagbag.py:588} INFO - Filling up the DagBag from /usr/local/lib/python3.9/dist-packages/airflow/example_dags/example_bash_operator.py
[2025-02-10T16:03:54.444+0000] {processor.py:925} INFO - DAG(s) 'example_bash_operator' retrieved from /usr/local/lib/python3.9/dist-packages/airflow/example_dags/example_bash_operator.py
[2025-02-10T16:03:54.488+0000] {logging_mixin.py:190} INFO - [2025-02-10T16:03:54.488+0000] {dag.py:3239} INFO - Sync 1 DAGs
[2025-02-10T16:03:54.519+0000] {logging_mixin.py:190} INFO - [2025-02-10T16:03:54.519+0000] {dag.py:4180} INFO - Setting next_dagrun for example_bash_operator to 2025-02-09 00:00:00+00:00, run_after=2025-02-10 00:00:00+00:00
[2025-02-10T16:03:54.597+0000] {processor.py:208} INFO - Processing /usr/local/lib/python3.9/dist-packages/airflow/example_dags/example_bash_operator.py took 0.175 seconds
[2025-02-10T16:05:02.201+0000] {processor.py:186} INFO - Started process (PID=118) to work on /usr/local/lib/python3.9/dist-packages/airflow/example_dags/example_bash_operator.py
[2025-02-10T16:05:02.203+0000] {processor.py:914} INFO - Processing file /usr/local/lib/python3.9/dist-packages/airflow/example_dags/example_bash_operator.py for tasks to queue
[2025-02-10T16:05:02.205+0000] {logging_mixin.py:190} INFO - [2025-02-10T16:05:02.204+0000] {dagbag.py:588} INFO - Filling up the DagBag from /usr/local/lib/python3.9/dist-packages/airflow/example_dags/example_bash_operator.py
[2025-02-10T16:05:02.217+0000] {processor.py:925} INFO - DAG(s) 'example_bash_operator' retrieved from /usr/local/lib/python3.9/dist-packages/airflow/example_dags/example_bash_operator.py
[2025-02-10T16:05:02.254+0000] {logging_mixin.py:190} INFO - [2025-02-10T16:05:02.254+0000] {dag.py:3239} INFO - Sync 1 DAGs
[2025-02-10T16:05:02.283+0000] {logging_mixin.py:190} INFO - [2025-02-10T16:05:02.283+0000] {dag.py:4180} INFO - Setting next_dagrun for example_bash_operator to 2025-02-09 00:00:00+00:00, run_after=2025-02-10 00:00:00+00:00
[2025-02-10T16:05:02.356+0000] {processor.py:208} INFO - Processing /usr/local/lib/python3.9/dist-packages/airflow/example_dags/example_bash_operator.py took 0.161 seconds
[2025-02-10T16:06:16.303+0000] {processor.py:186} INFO - Started process (PID=182) to work on /usr/local/lib/python3.9/dist-packages/airflow/example_dags/example_bash_operator.py
[2025-02-10T16:06:16.304+0000] {processor.py:914} INFO - Processing file /usr/local/lib/python3.9/dist-packages/airflow/example_dags/example_bash_operator.py for tasks to queue
[2025-02-10T16:06:16.307+0000] {logging_mixin.py:190} INFO - [2025-02-10T16:06:16.306+0000] {dagbag.py:588} INFO - Filling up the DagBag from /usr/local/lib/python3.9/dist-packages/airflow/example_dags/example_bash_operator.py
[2025-02-10T16:06:16.319+0000] {processor.py:925} INFO - DAG(s) 'example_bash_operator' retrieved from /usr/local/lib/python3.9/dist-packages/airflow/example_dags/example_bash_operator.py
[2025-02-10T16:06:16.358+0000] {logging_mixin.py:190} INFO - [2025-02-10T16:06:16.358+0000] {dag.py:3239} INFO - Sync 1 DAGs
[2025-02-10T16:06:16.389+0000] {logging_mixin.py:190} INFO - [2025-02-10T16:06:16.389+0000] {dag.py:4180} INFO - Setting next_dagrun for example_bash_operator to 2025-02-09 00:00:00+00:00, run_after=2025-02-10 00:00:00+00:00
[2025-02-10T16:06:16.465+0000] {processor.py:208} INFO - Processing /usr/local/lib/python3.9/dist-packages/airflow/example_dags/example_bash_operator.py took 0.168 seconds
[2025-02-10T16:07:33.397+0000] {processor.py:186} INFO - Started process (PID=246) to work on /usr/local/lib/python3.9/dist-packages/airflow/example_dags/example_bash_operator.py
[2025-02-10T16:07:33.398+0000] {processor.py:914} INFO - Processing file /usr/local/lib/python3.9/dist-packages/airflow/example_dags/example_bash_operator.py for tasks to queue
[2025-02-10T16:07:33.401+0000] {logging_mixin.py:190} INFO - [2025-02-10T16:07:33.401+0000] {dagbag.py:588} INFO - Filling up the DagBag from /usr/local/lib/python3.9/dist-packages/airflow/example_dags/example_bash_operator.py
[2025-02-10T16:07:33.414+0000] {processor.py:925} INFO - DAG(s) 'example_bash_operator' retrieved from /usr/local/lib/python3.9/dist-packages/airflow/example_dags/example_bash_operator.py
[2025-02-10T16:07:33.451+0000] {logging_mixin.py:190} INFO - [2025-02-10T16:07:33.450+0000] {dag.py:3239} INFO - Sync 1 DAGs
[2025-02-10T16:07:33.484+0000] {logging_mixin.py:190} INFO - [2025-02-10T16:07:33.484+0000] {dag.py:4180} INFO - Setting next_dagrun for example_bash_operator to 2025-02-09 00:00:00+00:00, run_after=2025-02-10 00:00:00+00:00
[2025-02-10T16:07:33.554+0000] {processor.py:208} INFO - Processing /usr/local/lib/python3.9/dist-packages/airflow/example_dags/example_bash_operator.py took 0.163 seconds
[2025-02-10T16:08:51.605+0000] {processor.py:186} INFO - Started process (PID=310) to work on /usr/local/lib/python3.9/dist-packages/airflow/example_dags/example_bash_operator.py
[2025-02-10T16:08:51.607+0000] {processor.py:914} INFO - Processing file /usr/local/lib/python3.9/dist-packages/airflow/example_dags/example_bash_operator.py for tasks to queue
[2025-02-10T16:08:51.610+0000] {logging_mixin.py:190} INFO - [2025-02-10T16:08:51.610+0000] {dagbag.py:588} INFO - Filling up the DagBag from /usr/local/lib/python3.9/dist-packages/airflow/example_dags/example_bash_operator.py
[2025-02-10T16:08:51.631+0000] {processor.py:925} INFO - DAG(s) 'example_bash_operator' retrieved from /usr/local/lib/python3.9/dist-packages/airflow/example_dags/example_bash_operator.py
[2025-02-10T16:08:51.680+0000] {logging_mixin.py:190} INFO - [2025-02-10T16:08:51.679+0000] {dag.py:3239} INFO - Sync 1 DAGs
[2025-02-10T16:08:51.712+0000] {logging_mixin.py:190} INFO - [2025-02-10T16:08:51.711+0000] {dag.py:4180} INFO - Setting next_dagrun for example_bash_operator to 2025-02-09 00:00:00+00:00, run_after=2025-02-10 00:00:00+00:00
[2025-02-10T16:08:51.791+0000] {processor.py:208} INFO - Processing /usr/local/lib/python3.9/dist-packages/airflow/example_dags/example_bash_operator.py took 0.193 seconds
[2025-02-10T16:10:11.133+0000] {processor.py:186} INFO - Started process (PID=375) to work on /usr/local/lib/python3.9/dist-packages/airflow/example_dags/example_bash_operator.py
[2025-02-10T16:10:11.135+0000] {processor.py:914} INFO - Processing file /usr/local/lib/python3.9/dist-packages/airflow/example_dags/example_bash_operator.py for tasks to queue
[2025-02-10T16:10:11.138+0000] {logging_mixin.py:190} INFO - [2025-02-10T16:10:11.138+0000] {dagbag.py:588} INFO - Filling up the DagBag from /usr/local/lib/python3.9/dist-packages/airflow/example_dags/example_bash_operator.py
[2025-02-10T16:10:11.151+0000] {processor.py:925} INFO - DAG(s) 'example_bash_operator' retrieved from /usr/local/lib/python3.9/dist-packages/airflow/example_dags/example_bash_operator.py
[2025-02-10T16:10:11.189+0000] {logging_mixin.py:190} INFO - [2025-02-10T16:10:11.189+0000] {dag.py:3239} INFO - Sync 1 DAGs
[2025-02-10T16:10:11.221+0000] {logging_mixin.py:190} INFO - [2025-02-10T16:10:11.221+0000] {dag.py:4180} INFO - Setting next_dagrun for example_bash_operator to 2025-02-09 00:00:00+00:00, run_after=2025-02-10 00:00:00+00:00
[2025-02-10T16:10:11.303+0000] {processor.py:208} INFO - Processing /usr/local/lib/python3.9/dist-packages/airflow/example_dags/example_bash_operator.py took 0.175 seconds
[2025-02-10T16:11:27.278+0000] {processor.py:186} INFO - Started process (PID=439) to work on /usr/local/lib/python3.9/dist-packages/airflow/example_dags/example_bash_operator.py
[2025-02-10T16:11:27.279+0000] {processor.py:914} INFO - Processing file /usr/local/lib/python3.9/dist-packages/airflow/example_dags/example_bash_operator.py for tasks to queue
[2025-02-10T16:11:27.282+0000] {logging_mixin.py:190} INFO - [2025-02-10T16:11:27.281+0000] {dagbag.py:588} INFO - Filling up the DagBag from /usr/local/lib/python3.9/dist-packages/airflow/example_dags/example_bash_operator.py
[2025-02-10T16:11:27.294+0000] {processor.py:925} INFO - DAG(s) 'example_bash_operator' retrieved from /usr/local/lib/python3.9/dist-packages/airflow/example_dags/example_bash_operator.py
[2025-02-10T16:11:27.333+0000] {logging_mixin.py:190} INFO - [2025-02-10T16:11:27.332+0000] {dag.py:3239} INFO - Sync 1 DAGs
[2025-02-10T16:11:27.363+0000] {logging_mixin.py:190} INFO - [2025-02-10T16:11:27.363+0000] {dag.py:4180} INFO - Setting next_dagrun for example_bash_operator to 2025-02-09 00:00:00+00:00, run_after=2025-02-10 00:00:00+00:00
[2025-02-10T16:11:27.445+0000] {processor.py:208} INFO - Processing /usr/local/lib/python3.9/dist-packages/airflow/example_dags/example_bash_operator.py took 0.172 seconds
[2025-02-10T16:12:40.814+0000] {processor.py:186} INFO - Started process (PID=502) to work on /usr/local/lib/python3.9/dist-packages/airflow/example_dags/example_bash_operator.py
[2025-02-10T16:12:40.816+0000] {processor.py:914} INFO - Processing file /usr/local/lib/python3.9/dist-packages/airflow/example_dags/example_bash_operator.py for tasks to queue
[2025-02-10T16:12:40.818+0000] {logging_mixin.py:190} INFO - [2025-02-10T16:12:40.818+0000] {dagbag.py:588} INFO - Filling up the DagBag from /usr/local/lib/python3.9/dist-packages/airflow/example_dags/example_bash_operator.py
[2025-02-10T16:12:40.831+0000] {processor.py:925} INFO - DAG(s) 'example_bash_operator' retrieved from /usr/local/lib/python3.9/dist-packages/airflow/example_dags/example_bash_operator.py
[2025-02-10T16:12:40.866+0000] {logging_mixin.py:190} INFO - [2025-02-10T16:12:40.866+0000] {dag.py:3239} INFO - Sync 1 DAGs
[2025-02-10T16:12:40.900+0000] {logging_mixin.py:190} INFO - [2025-02-10T16:12:40.900+0000] {dag.py:4180} INFO - Setting next_dagrun for example_bash_operator to 2025-02-09 00:00:00+00:00, run_after=2025-02-10 00:00:00+00:00
[2025-02-10T16:12:40.975+0000] {processor.py:208} INFO - Processing /usr/local/lib/python3.9/dist-packages/airflow/example_dags/example_bash_operator.py took 0.166 seconds
[2025-02-10T16:13:53.145+0000] {processor.py:186} INFO - Started process (PID=564) to work on /usr/local/lib/python3.9/dist-packages/airflow/example_dags/example_bash_operator.py
[2025-02-10T16:13:53.147+0000] {processor.py:914} INFO - Processing file /usr/local/lib/python3.9/dist-packages/airflow/example_dags/example_bash_operator.py for tasks to queue
[2025-02-10T16:13:53.150+0000] {logging_mixin.py:190} INFO - [2025-02-10T16:13:53.149+0000] {dagbag.py:588} INFO - Filling up the DagBag from /usr/local/lib/python3.9/dist-packages/airflow/example_dags/example_bash_operator.py
[2025-02-10T16:13:53.163+0000] {processor.py:925} INFO - DAG(s) 'example_bash_operator' retrieved from /usr/local/lib/python3.9/dist-packages/airflow/example_dags/example_bash_operator.py
[2025-02-10T16:13:53.200+0000] {logging_mixin.py:190} INFO - [2025-02-10T16:13:53.200+0000] {dag.py:3239} INFO - Sync 1 DAGs
[2025-02-10T16:13:53.231+0000] {logging_mixin.py:190} INFO - [2025-02-10T16:13:53.231+0000] {dag.py:4180} INFO - Setting next_dagrun for example_bash_operator to 2025-02-09 00:00:00+00:00, run_after=2025-02-10 00:00:00+00:00
[2025-02-10T16:13:53.310+0000] {processor.py:208} INFO - Processing /usr/local/lib/python3.9/dist-packages/airflow/example_dags/example_bash_operator.py took 0.170 seconds
[2025-02-10T16:15:08.587+0000] {processor.py:186} INFO - Started process (PID=627) to work on /usr/local/lib/python3.9/dist-packages/airflow/example_dags/example_bash_operator.py
[2025-02-10T16:15:08.589+0000] {processor.py:914} INFO - Processing file /usr/local/lib/python3.9/dist-packages/airflow/example_dags/example_bash_operator.py for tasks to queue
[2025-02-10T16:15:08.592+0000] {logging_mixin.py:190} INFO - [2025-02-10T16:15:08.592+0000] {dagbag.py:588} INFO - Filling up the DagBag from /usr/local/lib/python3.9/dist-packages/airflow/example_dags/example_bash_operator.py
[2025-02-10T16:15:08.605+0000] {processor.py:925} INFO - DAG(s) 'example_bash_operator' retrieved from /usr/local/lib/python3.9/dist-packages/airflow/example_dags/example_bash_operator.py
[2025-02-10T16:15:08.645+0000] {logging_mixin.py:190} INFO - [2025-02-10T16:15:08.644+0000] {dag.py:3239} INFO - Sync 1 DAGs
[2025-02-10T16:15:08.675+0000] {logging_mixin.py:190} INFO - [2025-02-10T16:15:08.675+0000] {dag.py:4180} INFO - Setting next_dagrun for example_bash_operator to 2025-02-09 00:00:00+00:00, run_after=2025-02-10 00:00:00+00:00
[2025-02-10T16:15:08.748+0000] {processor.py:208} INFO - Processing /usr/local/lib/python3.9/dist-packages/airflow/example_dags/example_bash_operator.py took 0.166 seconds
[2025-02-10T16:16:29.024+0000] {processor.py:186} INFO - Started process (PID=693) to work on /usr/local/lib/python3.9/dist-packages/airflow/example_dags/example_bash_operator.py
[2025-02-10T16:16:29.026+0000] {processor.py:914} INFO - Processing file /usr/local/lib/python3.9/dist-packages/airflow/example_dags/example_bash_operator.py for tasks to queue
[2025-02-10T16:16:29.029+0000] {logging_mixin.py:190} INFO - [2025-02-10T16:16:29.028+0000] {dagbag.py:588} INFO - Filling up the DagBag from /usr/local/lib/python3.9/dist-packages/airflow/example_dags/example_bash_operator.py
[2025-02-10T16:16:29.041+0000] {processor.py:925} INFO - DAG(s) 'example_bash_operator' retrieved from /usr/local/lib/python3.9/dist-packages/airflow/example_dags/example_bash_operator.py
[2025-02-10T16:16:29.077+0000] {logging_mixin.py:190} INFO - [2025-02-10T16:16:29.077+0000] {dag.py:3239} INFO - Sync 1 DAGs
[2025-02-10T16:16:29.110+0000] {logging_mixin.py:190} INFO - [2025-02-10T16:16:29.110+0000] {dag.py:4180} INFO - Setting next_dagrun for example_bash_operator to 2025-02-09 00:00:00+00:00, run_after=2025-02-10 00:00:00+00:00
[2025-02-10T16:16:29.185+0000] {processor.py:208} INFO - Processing /usr/local/lib/python3.9/dist-packages/airflow/example_dags/example_bash_operator.py took 0.166 seconds
[2025-02-10T16:17:44.212+0000] {processor.py:186} INFO - Started process (PID=758) to work on /usr/local/lib/python3.9/dist-packages/airflow/example_dags/example_bash_operator.py
[2025-02-10T16:17:44.214+0000] {processor.py:914} INFO - Processing file /usr/local/lib/python3.9/dist-packages/airflow/example_dags/example_bash_operator.py for tasks to queue
[2025-02-10T16:17:44.217+0000] {logging_mixin.py:190} INFO - [2025-02-10T16:17:44.217+0000] {dagbag.py:588} INFO - Filling up the DagBag from /usr/local/lib/python3.9/dist-packages/airflow/example_dags/example_bash_operator.py
[2025-02-10T16:17:44.230+0000] {processor.py:925} INFO - DAG(s) 'example_bash_operator' retrieved from /usr/local/lib/python3.9/dist-packages/airflow/example_dags/example_bash_operator.py
[2025-02-10T16:17:44.267+0000] {logging_mixin.py:190} INFO - [2025-02-10T16:17:44.267+0000] {dag.py:3239} INFO - Sync 1 DAGs
[2025-02-10T16:17:44.298+0000] {logging_mixin.py:190} INFO - [2025-02-10T16:17:44.298+0000] {dag.py:4180} INFO - Setting next_dagrun for example_bash_operator to 2025-02-09 00:00:00+00:00, run_after=2025-02-10 00:00:00+00:00
[2025-02-10T16:17:44.380+0000] {processor.py:208} INFO - Processing /usr/local/lib/python3.9/dist-packages/airflow/example_dags/example_bash_operator.py took 0.172 seconds
[2025-02-10T16:19:01.629+0000] {processor.py:186} INFO - Started process (PID=821) to work on /usr/local/lib/python3.9/dist-packages/airflow/example_dags/example_bash_operator.py
[2025-02-10T16:19:01.631+0000] {processor.py:914} INFO - Processing file /usr/local/lib/python3.9/dist-packages/airflow/example_dags/example_bash_operator.py for tasks to queue
[2025-02-10T16:19:01.634+0000] {logging_mixin.py:190} INFO - [2025-02-10T16:19:01.634+0000] {dagbag.py:588} INFO - Filling up the DagBag from /usr/local/lib/python3.9/dist-packages/airflow/example_dags/example_bash_operator.py
[2025-02-10T16:19:01.647+0000] {processor.py:925} INFO - DAG(s) 'example_bash_operator' retrieved from /usr/local/lib/python3.9/dist-packages/airflow/example_dags/example_bash_operator.py
[2025-02-10T16:19:01.684+0000] {logging_mixin.py:190} INFO - [2025-02-10T16:19:01.683+0000] {dag.py:3239} INFO - Sync 1 DAGs
[2025-02-10T16:19:01.716+0000] {logging_mixin.py:190} INFO - [2025-02-10T16:19:01.716+0000] {dag.py:4180} INFO - Setting next_dagrun for example_bash_operator to 2025-02-09 00:00:00+00:00, run_after=2025-02-10 00:00:00+00:00
[2025-02-10T16:19:01.790+0000] {processor.py:208} INFO - Processing /usr/local/lib/python3.9/dist-packages/airflow/example_dags/example_bash_operator.py took 0.166 seconds
[2025-02-10T16:20:19.240+0000] {processor.py:186} INFO - Started process (PID=887) to work on /usr/local/lib/python3.9/dist-packages/airflow/example_dags/example_bash_operator.py
[2025-02-10T16:20:19.241+0000] {processor.py:914} INFO - Processing file /usr/local/lib/python3.9/dist-packages/airflow/example_dags/example_bash_operator.py for tasks to queue
[2025-02-10T16:20:19.244+0000] {logging_mixin.py:190} INFO - [2025-02-10T16:20:19.244+0000] {dagbag.py:588} INFO - Filling up the DagBag from /usr/local/lib/python3.9/dist-packages/airflow/example_dags/example_bash_operator.py
[2025-02-10T16:20:19.257+0000] {processor.py:925} INFO - DAG(s) 'example_bash_operator' retrieved from /usr/local/lib/python3.9/dist-packages/airflow/example_dags/example_bash_operator.py
[2025-02-10T16:20:19.293+0000] {logging_mixin.py:190} INFO - [2025-02-10T16:20:19.293+0000] {dag.py:3239} INFO - Sync 1 DAGs
[2025-02-10T16:20:19.324+0000] {logging_mixin.py:190} INFO - [2025-02-10T16:20:19.324+0000] {dag.py:4180} INFO - Setting next_dagrun for example_bash_operator to 2025-02-09 00:00:00+00:00, run_after=2025-02-10 00:00:00+00:00
[2025-02-10T16:20:19.404+0000] {processor.py:208} INFO - Processing /usr/local/lib/python3.9/dist-packages/airflow/example_dags/example_bash_operator.py took 0.169 seconds
[2025-02-10T16:21:40.486+0000] {processor.py:186} INFO - Started process (PID=956) to work on /usr/local/lib/python3.9/dist-packages/airflow/example_dags/example_bash_operator.py
[2025-02-10T16:21:40.488+0000] {processor.py:914} INFO - Processing file /usr/local/lib/python3.9/dist-packages/airflow/example_dags/example_bash_operator.py for tasks to queue
[2025-02-10T16:21:40.491+0000] {logging_mixin.py:190} INFO - [2025-02-10T16:21:40.490+0000] {dagbag.py:588} INFO - Filling up the DagBag from /usr/local/lib/python3.9/dist-packages/airflow/example_dags/example_bash_operator.py
[2025-02-10T16:21:40.508+0000] {processor.py:925} INFO - DAG(s) 'example_bash_operator' retrieved from /usr/local/lib/python3.9/dist-packages/airflow/example_dags/example_bash_operator.py
[2025-02-10T16:21:40.543+0000] {logging_mixin.py:190} INFO - [2025-02-10T16:21:40.543+0000] {dag.py:3239} INFO - Sync 1 DAGs
[2025-02-10T16:21:40.573+0000] {logging_mixin.py:190} INFO - [2025-02-10T16:21:40.573+0000] {dag.py:4180} INFO - Setting next_dagrun for example_bash_operator to 2025-02-09 00:00:00+00:00, run_after=2025-02-10 00:00:00+00:00
[2025-02-10T16:21:40.652+0000] {processor.py:208} INFO - Processing /usr/local/lib/python3.9/dist-packages/airflow/example_dags/example_bash_operator.py took 0.174 seconds
[2025-02-10T16:22:57.262+0000] {processor.py:186} INFO - Started process (PID=1020) to work on /usr/local/lib/python3.9/dist-packages/airflow/example_dags/example_bash_operator.py
[2025-02-10T16:22:57.264+0000] {processor.py:914} INFO - Processing file /usr/local/lib/python3.9/dist-packages/airflow/example_dags/example_bash_operator.py for tasks to queue
[2025-02-10T16:22:57.266+0000] {logging_mixin.py:190} INFO - [2025-02-10T16:22:57.265+0000] {dagbag.py:588} INFO - Filling up the DagBag from /usr/local/lib/python3.9/dist-packages/airflow/example_dags/example_bash_operator.py
[2025-02-10T16:22:57.279+0000] {processor.py:925} INFO - DAG(s) 'example_bash_operator' retrieved from /usr/local/lib/python3.9/dist-packages/airflow/example_dags/example_bash_operator.py
[2025-02-10T16:22:57.316+0000] {logging_mixin.py:190} INFO - [2025-02-10T16:22:57.316+0000] {dag.py:3239} INFO - Sync 1 DAGs
[2025-02-10T16:22:57.347+0000] {logging_mixin.py:190} INFO - [2025-02-10T16:22:57.347+0000] {dag.py:4180} INFO - Setting next_dagrun for example_bash_operator to 2025-02-09 00:00:00+00:00, run_after=2025-02-10 00:00:00+00:00
[2025-02-10T16:22:57.423+0000] {processor.py:208} INFO - Processing /usr/local/lib/python3.9/dist-packages/airflow/example_dags/example_bash_operator.py took 0.166 seconds
[2025-02-10T16:24:16.425+0000] {processor.py:186} INFO - Started process (PID=1085) to work on /usr/local/lib/python3.9/dist-packages/airflow/example_dags/example_bash_operator.py
[2025-02-10T16:24:16.427+0000] {processor.py:914} INFO - Processing file /usr/local/lib/python3.9/dist-packages/airflow/example_dags/example_bash_operator.py for tasks to queue
[2025-02-10T16:24:16.429+0000] {logging_mixin.py:190} INFO - [2025-02-10T16:24:16.429+0000] {dagbag.py:588} INFO - Filling up the DagBag from /usr/local/lib/python3.9/dist-packages/airflow/example_dags/example_bash_operator.py
[2025-02-10T16:24:16.442+0000] {processor.py:925} INFO - DAG(s) 'example_bash_operator' retrieved from /usr/local/lib/python3.9/dist-packages/airflow/example_dags/example_bash_operator.py
[2025-02-10T16:24:16.479+0000] {logging_mixin.py:190} INFO - [2025-02-10T16:24:16.479+0000] {dag.py:3239} INFO - Sync 1 DAGs
[2025-02-10T16:24:16.511+0000] {logging_mixin.py:190} INFO - [2025-02-10T16:24:16.510+0000] {dag.py:4180} INFO - Setting next_dagrun for example_bash_operator to 2025-02-09 00:00:00+00:00, run_after=2025-02-10 00:00:00+00:00
[2025-02-10T16:24:16.593+0000] {processor.py:208} INFO - Processing /usr/local/lib/python3.9/dist-packages/airflow/example_dags/example_bash_operator.py took 0.173 seconds
[2025-02-10T16:25:37.540+0000] {processor.py:186} INFO - Started process (PID=1151) to work on /usr/local/lib/python3.9/dist-packages/airflow/example_dags/example_bash_operator.py
[2025-02-10T16:25:37.541+0000] {processor.py:914} INFO - Processing file /usr/local/lib/python3.9/dist-packages/airflow/example_dags/example_bash_operator.py for tasks to queue
[2025-02-10T16:25:37.544+0000] {logging_mixin.py:190} INFO - [2025-02-10T16:25:37.544+0000] {dagbag.py:588} INFO - Filling up the DagBag from /usr/local/lib/python3.9/dist-packages/airflow/example_dags/example_bash_operator.py
[2025-02-10T16:25:37.556+0000] {processor.py:925} INFO - DAG(s) 'example_bash_operator' retrieved from /usr/local/lib/python3.9/dist-packages/airflow/example_dags/example_bash_operator.py
[2025-02-10T16:25:37.591+0000] {logging_mixin.py:190} INFO - [2025-02-10T16:25:37.591+0000] {dag.py:3239} INFO - Sync 1 DAGs
[2025-02-10T16:25:37.622+0000] {logging_mixin.py:190} INFO - [2025-02-10T16:25:37.621+0000] {dag.py:4180} INFO - Setting next_dagrun for example_bash_operator to 2025-02-09 00:00:00+00:00, run_after=2025-02-10 00:00:00+00:00
[2025-02-10T16:25:37.693+0000] {processor.py:208} INFO - Processing /usr/local/lib/python3.9/dist-packages/airflow/example_dags/example_bash_operator.py took 0.159 seconds
[2025-02-10T16:26:59.222+0000] {processor.py:186} INFO - Started process (PID=1218) to work on /usr/local/lib/python3.9/dist-packages/airflow/example_dags/example_bash_operator.py
[2025-02-10T16:26:59.223+0000] {processor.py:914} INFO - Processing file /usr/local/lib/python3.9/dist-packages/airflow/example_dags/example_bash_operator.py for tasks to queue
[2025-02-10T16:26:59.226+0000] {logging_mixin.py:190} INFO - [2025-02-10T16:26:59.226+0000] {dagbag.py:588} INFO - Filling up the DagBag from /usr/local/lib/python3.9/dist-packages/airflow/example_dags/example_bash_operator.py
[2025-02-10T16:26:59.238+0000] {processor.py:925} INFO - DAG(s) 'example_bash_operator' retrieved from /usr/local/lib/python3.9/dist-packages/airflow/example_dags/example_bash_operator.py
[2025-02-10T16:26:59.275+0000] {logging_mixin.py:190} INFO - [2025-02-10T16:26:59.274+0000] {dag.py:3239} INFO - Sync 1 DAGs
[2025-02-10T16:26:59.305+0000] {logging_mixin.py:190} INFO - [2025-02-10T16:26:59.305+0000] {dag.py:4180} INFO - Setting next_dagrun for example_bash_operator to 2025-02-09 00:00:00+00:00, run_after=2025-02-10 00:00:00+00:00
[2025-02-10T16:26:59.382+0000] {processor.py:208} INFO - Processing /usr/local/lib/python3.9/dist-packages/airflow/example_dags/example_bash_operator.py took 0.166 seconds
[2025-02-10T16:28:17.648+0000] {processor.py:186} INFO - Started process (PID=1283) to work on /usr/local/lib/python3.9/dist-packages/airflow/example_dags/example_bash_operator.py
[2025-02-10T16:28:17.649+0000] {processor.py:914} INFO - Processing file /usr/local/lib/python3.9/dist-packages/airflow/example_dags/example_bash_operator.py for tasks to queue
[2025-02-10T16:28:17.652+0000] {logging_mixin.py:190} INFO - [2025-02-10T16:28:17.651+0000] {dagbag.py:588} INFO - Filling up the DagBag from /usr/local/lib/python3.9/dist-packages/airflow/example_dags/example_bash_operator.py
[2025-02-10T16:28:17.665+0000] {processor.py:925} INFO - DAG(s) 'example_bash_operator' retrieved from /usr/local/lib/python3.9/dist-packages/airflow/example_dags/example_bash_operator.py
[2025-02-10T16:28:17.703+0000] {logging_mixin.py:190} INFO - [2025-02-10T16:28:17.703+0000] {dag.py:3239} INFO - Sync 1 DAGs
[2025-02-10T16:28:17.737+0000] {logging_mixin.py:190} INFO - [2025-02-10T16:28:17.736+0000] {dag.py:4180} INFO - Setting next_dagrun for example_bash_operator to 2025-02-09 00:00:00+00:00, run_after=2025-02-10 00:00:00+00:00
[2025-02-10T16:28:17.816+0000] {processor.py:208} INFO - Processing /usr/local/lib/python3.9/dist-packages/airflow/example_dags/example_bash_operator.py took 0.174 seconds
[2025-02-10T16:29:35.007+0000] {processor.py:186} INFO - Started process (PID=1348) to work on /usr/local/lib/python3.9/dist-packages/airflow/example_dags/example_bash_operator.py
[2025-02-10T16:29:35.008+0000] {processor.py:914} INFO - Processing file /usr/local/lib/python3.9/dist-packages/airflow/example_dags/example_bash_operator.py for tasks to queue
[2025-02-10T16:29:35.011+0000] {logging_mixin.py:190} INFO - [2025-02-10T16:29:35.011+0000] {dagbag.py:588} INFO - Filling up the DagBag from /usr/local/lib/python3.9/dist-packages/airflow/example_dags/example_bash_operator.py
[2025-02-10T16:29:35.025+0000] {processor.py:925} INFO - DAG(s) 'example_bash_operator' retrieved from /usr/local/lib/python3.9/dist-packages/airflow/example_dags/example_bash_operator.py
[2025-02-10T16:29:35.063+0000] {logging_mixin.py:190} INFO - [2025-02-10T16:29:35.063+0000] {dag.py:3239} INFO - Sync 1 DAGs
[2025-02-10T16:29:35.095+0000] {logging_mixin.py:190} INFO - [2025-02-10T16:29:35.095+0000] {dag.py:4180} INFO - Setting next_dagrun for example_bash_operator to 2025-02-09 00:00:00+00:00, run_after=2025-02-10 00:00:00+00:00
[2025-02-10T16:29:35.177+0000] {processor.py:208} INFO - Processing /usr/local/lib/python3.9/dist-packages/airflow/example_dags/example_bash_operator.py took 0.175 seconds
[2025-02-10T16:30:50.535+0000] {processor.py:186} INFO - Started process (PID=1411) to work on /usr/local/lib/python3.9/dist-packages/airflow/example_dags/example_bash_operator.py
[2025-02-10T16:30:50.536+0000] {processor.py:914} INFO - Processing file /usr/local/lib/python3.9/dist-packages/airflow/example_dags/example_bash_operator.py for tasks to queue
[2025-02-10T16:30:50.539+0000] {logging_mixin.py:190} INFO - [2025-02-10T16:30:50.539+0000] {dagbag.py:588} INFO - Filling up the DagBag from /usr/local/lib/python3.9/dist-packages/airflow/example_dags/example_bash_operator.py
[2025-02-10T16:30:50.552+0000] {processor.py:925} INFO - DAG(s) 'example_bash_operator' retrieved from /usr/local/lib/python3.9/dist-packages/airflow/example_dags/example_bash_operator.py
[2025-02-10T16:30:50.591+0000] {logging_mixin.py:190} INFO - [2025-02-10T16:30:50.590+0000] {dag.py:3239} INFO - Sync 1 DAGs
[2025-02-10T16:30:50.624+0000] {logging_mixin.py:190} INFO - [2025-02-10T16:30:50.624+0000] {dag.py:4180} INFO - Setting next_dagrun for example_bash_operator to 2025-02-09 00:00:00+00:00, run_after=2025-02-10 00:00:00+00:00
[2025-02-10T16:30:50.711+0000] {processor.py:208} INFO - Processing /usr/local/lib/python3.9/dist-packages/airflow/example_dags/example_bash_operator.py took 0.182 seconds
[2025-02-10T16:32:07.360+0000] {processor.py:186} INFO - Started process (PID=1475) to work on /usr/local/lib/python3.9/dist-packages/airflow/example_dags/example_bash_operator.py
[2025-02-10T16:32:07.362+0000] {processor.py:914} INFO - Processing file /usr/local/lib/python3.9/dist-packages/airflow/example_dags/example_bash_operator.py for tasks to queue
[2025-02-10T16:32:07.364+0000] {logging_mixin.py:190} INFO - [2025-02-10T16:32:07.363+0000] {dagbag.py:588} INFO - Filling up the DagBag from /usr/local/lib/python3.9/dist-packages/airflow/example_dags/example_bash_operator.py
[2025-02-10T16:32:07.376+0000] {processor.py:925} INFO - DAG(s) 'example_bash_operator' retrieved from /usr/local/lib/python3.9/dist-packages/airflow/example_dags/example_bash_operator.py
[2025-02-10T16:32:07.413+0000] {logging_mixin.py:190} INFO - [2025-02-10T16:32:07.412+0000] {dag.py:3239} INFO - Sync 1 DAGs
[2025-02-10T16:32:07.445+0000] {logging_mixin.py:190} INFO - [2025-02-10T16:32:07.444+0000] {dag.py:4180} INFO - Setting next_dagrun for example_bash_operator to 2025-02-09 00:00:00+00:00, run_after=2025-02-10 00:00:00+00:00
[2025-02-10T16:32:07.515+0000] {processor.py:208} INFO - Processing /usr/local/lib/python3.9/dist-packages/airflow/example_dags/example_bash_operator.py took 0.160 seconds
[2025-02-10T16:33:24.140+0000] {processor.py:186} INFO - Started process (PID=1539) to work on /usr/local/lib/python3.9/dist-packages/airflow/example_dags/example_bash_operator.py
[2025-02-10T16:33:24.142+0000] {processor.py:914} INFO - Processing file /usr/local/lib/python3.9/dist-packages/airflow/example_dags/example_bash_operator.py for tasks to queue
[2025-02-10T16:33:24.145+0000] {logging_mixin.py:190} INFO - [2025-02-10T16:33:24.144+0000] {dagbag.py:588} INFO - Filling up the DagBag from /usr/local/lib/python3.9/dist-packages/airflow/example_dags/example_bash_operator.py
[2025-02-10T16:33:24.157+0000] {processor.py:925} INFO - DAG(s) 'example_bash_operator' retrieved from /usr/local/lib/python3.9/dist-packages/airflow/example_dags/example_bash_operator.py
[2025-02-10T16:33:24.194+0000] {logging_mixin.py:190} INFO - [2025-02-10T16:33:24.193+0000] {dag.py:3239} INFO - Sync 1 DAGs
[2025-02-10T16:33:24.224+0000] {logging_mixin.py:190} INFO - [2025-02-10T16:33:24.224+0000] {dag.py:4180} INFO - Setting next_dagrun for example_bash_operator to 2025-02-09 00:00:00+00:00, run_after=2025-02-10 00:00:00+00:00
[2025-02-10T16:33:24.301+0000] {processor.py:208} INFO - Processing /usr/local/lib/python3.9/dist-packages/airflow/example_dags/example_bash_operator.py took 0.166 seconds
[2025-02-10T16:34:39.207+0000] {processor.py:186} INFO - Started process (PID=1603) to work on /usr/local/lib/python3.9/dist-packages/airflow/example_dags/example_bash_operator.py
[2025-02-10T16:34:39.209+0000] {processor.py:914} INFO - Processing file /usr/local/lib/python3.9/dist-packages/airflow/example_dags/example_bash_operator.py for tasks to queue
[2025-02-10T16:34:39.212+0000] {logging_mixin.py:190} INFO - [2025-02-10T16:34:39.211+0000] {dagbag.py:588} INFO - Filling up the DagBag from /usr/local/lib/python3.9/dist-packages/airflow/example_dags/example_bash_operator.py
[2025-02-10T16:34:39.224+0000] {processor.py:925} INFO - DAG(s) 'example_bash_operator' retrieved from /usr/local/lib/python3.9/dist-packages/airflow/example_dags/example_bash_operator.py
[2025-02-10T16:34:39.261+0000] {logging_mixin.py:190} INFO - [2025-02-10T16:34:39.261+0000] {dag.py:3239} INFO - Sync 1 DAGs
[2025-02-10T16:34:39.292+0000] {logging_mixin.py:190} INFO - [2025-02-10T16:34:39.292+0000] {dag.py:4180} INFO - Setting next_dagrun for example_bash_operator to 2025-02-09 00:00:00+00:00, run_after=2025-02-10 00:00:00+00:00
[2025-02-10T16:34:39.372+0000] {processor.py:208} INFO - Processing /usr/local/lib/python3.9/dist-packages/airflow/example_dags/example_bash_operator.py took 0.170 seconds
[2025-02-10T16:35:54.152+0000] {processor.py:186} INFO - Started process (PID=1666) to work on /usr/local/lib/python3.9/dist-packages/airflow/example_dags/example_bash_operator.py
[2025-02-10T16:35:54.154+0000] {processor.py:914} INFO - Processing file /usr/local/lib/python3.9/dist-packages/airflow/example_dags/example_bash_operator.py for tasks to queue
[2025-02-10T16:35:54.157+0000] {logging_mixin.py:190} INFO - [2025-02-10T16:35:54.156+0000] {dagbag.py:588} INFO - Filling up the DagBag from /usr/local/lib/python3.9/dist-packages/airflow/example_dags/example_bash_operator.py
[2025-02-10T16:35:54.169+0000] {processor.py:925} INFO - DAG(s) 'example_bash_operator' retrieved from /usr/local/lib/python3.9/dist-packages/airflow/example_dags/example_bash_operator.py
[2025-02-10T16:35:54.204+0000] {logging_mixin.py:190} INFO - [2025-02-10T16:35:54.204+0000] {dag.py:3239} INFO - Sync 1 DAGs
[2025-02-10T16:35:54.234+0000] {logging_mixin.py:190} INFO - [2025-02-10T16:35:54.234+0000] {dag.py:4180} INFO - Setting next_dagrun for example_bash_operator to 2025-02-09 00:00:00+00:00, run_after=2025-02-10 00:00:00+00:00
[2025-02-10T16:35:54.308+0000] {processor.py:208} INFO - Processing /usr/local/lib/python3.9/dist-packages/airflow/example_dags/example_bash_operator.py took 0.162 seconds
[2025-02-10T16:37:14.737+0000] {processor.py:186} INFO - Started process (PID=1731) to work on /usr/local/lib/python3.9/dist-packages/airflow/example_dags/example_bash_operator.py
[2025-02-10T16:37:14.739+0000] {processor.py:914} INFO - Processing file /usr/local/lib/python3.9/dist-packages/airflow/example_dags/example_bash_operator.py for tasks to queue
[2025-02-10T16:37:14.741+0000] {logging_mixin.py:190} INFO - [2025-02-10T16:37:14.741+0000] {dagbag.py:588} INFO - Filling up the DagBag from /usr/local/lib/python3.9/dist-packages/airflow/example_dags/example_bash_operator.py
[2025-02-10T16:37:14.754+0000] {processor.py:925} INFO - DAG(s) 'example_bash_operator' retrieved from /usr/local/lib/python3.9/dist-packages/airflow/example_dags/example_bash_operator.py
[2025-02-10T16:37:14.791+0000] {logging_mixin.py:190} INFO - [2025-02-10T16:37:14.791+0000] {dag.py:3239} INFO - Sync 1 DAGs
[2025-02-10T16:37:14.821+0000] {logging_mixin.py:190} INFO - [2025-02-10T16:37:14.821+0000] {dag.py:4180} INFO - Setting next_dagrun for example_bash_operator to 2025-02-09 00:00:00+00:00, run_after=2025-02-10 00:00:00+00:00
[2025-02-10T16:37:14.897+0000] {processor.py:208} INFO - Processing /usr/local/lib/python3.9/dist-packages/airflow/example_dags/example_bash_operator.py took 0.165 seconds
