[2025-02-10T14:49:44.868+0000] {processor.py:186} INFO - Started process (PID=90) to work on /usr/local/lib/python3.9/dist-packages/airflow/example_dags/example_params_trigger_ui.py
[2025-02-10T14:49:44.870+0000] {processor.py:914} INFO - Processing file /usr/local/lib/python3.9/dist-packages/airflow/example_dags/example_params_trigger_ui.py for tasks to queue
[2025-02-10T14:49:44.873+0000] {logging_mixin.py:190} INFO - [2025-02-10T14:49:44.873+0000] {dagbag.py:588} INFO - Filling up the DagBag from /usr/local/lib/python3.9/dist-packages/airflow/example_dags/example_params_trigger_ui.py
[2025-02-10T14:49:44.885+0000] {processor.py:925} INFO - DAG(s) 'example_params_trigger_ui' retrieved from /usr/local/lib/python3.9/dist-packages/airflow/example_dags/example_params_trigger_ui.py
[2025-02-10T14:49:45.078+0000] {logging_mixin.py:190} INFO - [2025-02-10T14:49:45.077+0000] {override.py:1930} INFO - Created Permission View: can delete on DAG:example_params_trigger_ui
[2025-02-10T14:49:45.128+0000] {logging_mixin.py:190} INFO - [2025-02-10T14:49:45.128+0000] {override.py:1930} INFO - Created Permission View: can read on DAG:example_params_trigger_ui
[2025-02-10T14:49:45.171+0000] {logging_mixin.py:190} INFO - [2025-02-10T14:49:45.171+0000] {override.py:1930} INFO - Created Permission View: can edit on DAG:example_params_trigger_ui
[2025-02-10T14:49:45.239+0000] {logging_mixin.py:190} INFO - [2025-02-10T14:49:45.239+0000] {override.py:1930} INFO - Created Permission View: can create on DAG Run:example_params_trigger_ui
[2025-02-10T14:49:45.286+0000] {logging_mixin.py:190} INFO - [2025-02-10T14:49:45.285+0000] {override.py:1930} INFO - Created Permission View: can delete on DAG Run:example_params_trigger_ui
[2025-02-10T14:49:45.331+0000] {logging_mixin.py:190} INFO - [2025-02-10T14:49:45.330+0000] {override.py:1930} INFO - Created Permission View: can read on DAG Run:example_params_trigger_ui
[2025-02-10T14:49:45.373+0000] {logging_mixin.py:190} INFO - [2025-02-10T14:49:45.372+0000] {override.py:1930} INFO - Created Permission View: menu access on DAG Run:example_params_trigger_ui
[2025-02-10T14:49:45.374+0000] {logging_mixin.py:190} INFO - [2025-02-10T14:49:45.373+0000] {dag.py:3239} INFO - Sync 1 DAGs
[2025-02-10T14:49:45.395+0000] {logging_mixin.py:190} INFO - [2025-02-10T14:49:45.394+0000] {dag.py:3262} INFO - Creating ORM DAG for example_params_trigger_ui
[2025-02-10T14:49:45.396+0000] {logging_mixin.py:190} INFO - [2025-02-10T14:49:45.396+0000] {dag.py:4180} INFO - Setting next_dagrun for example_params_trigger_ui to None, run_after=None
[2025-02-10T14:49:45.473+0000] {processor.py:208} INFO - Processing /usr/local/lib/python3.9/dist-packages/airflow/example_dags/example_params_trigger_ui.py took 0.613 seconds
[2025-02-10T14:51:11.444+0000] {processor.py:186} INFO - Started process (PID=163) to work on /usr/local/lib/python3.9/dist-packages/airflow/example_dags/example_params_trigger_ui.py
[2025-02-10T14:51:11.445+0000] {processor.py:914} INFO - Processing file /usr/local/lib/python3.9/dist-packages/airflow/example_dags/example_params_trigger_ui.py for tasks to queue
[2025-02-10T14:51:11.448+0000] {logging_mixin.py:190} INFO - [2025-02-10T14:51:11.448+0000] {dagbag.py:588} INFO - Filling up the DagBag from /usr/local/lib/python3.9/dist-packages/airflow/example_dags/example_params_trigger_ui.py
[2025-02-10T14:51:11.458+0000] {processor.py:925} INFO - DAG(s) 'example_params_trigger_ui' retrieved from /usr/local/lib/python3.9/dist-packages/airflow/example_dags/example_params_trigger_ui.py
[2025-02-10T14:51:11.510+0000] {logging_mixin.py:190} INFO - [2025-02-10T14:51:11.509+0000] {dag.py:3239} INFO - Sync 1 DAGs
[2025-02-10T14:51:11.526+0000] {logging_mixin.py:190} INFO - [2025-02-10T14:51:11.526+0000] {dag.py:4180} INFO - Setting next_dagrun for example_params_trigger_ui to None, run_after=None
[2025-02-10T14:51:11.602+0000] {processor.py:208} INFO - Processing /usr/local/lib/python3.9/dist-packages/airflow/example_dags/example_params_trigger_ui.py took 0.163 seconds
[2025-02-10T14:52:32.419+0000] {processor.py:186} INFO - Started process (PID=228) to work on /usr/local/lib/python3.9/dist-packages/airflow/example_dags/example_params_trigger_ui.py
[2025-02-10T14:52:32.420+0000] {processor.py:914} INFO - Processing file /usr/local/lib/python3.9/dist-packages/airflow/example_dags/example_params_trigger_ui.py for tasks to queue
[2025-02-10T14:52:32.423+0000] {logging_mixin.py:190} INFO - [2025-02-10T14:52:32.422+0000] {dagbag.py:588} INFO - Filling up the DagBag from /usr/local/lib/python3.9/dist-packages/airflow/example_dags/example_params_trigger_ui.py
[2025-02-10T14:52:32.433+0000] {processor.py:925} INFO - DAG(s) 'example_params_trigger_ui' retrieved from /usr/local/lib/python3.9/dist-packages/airflow/example_dags/example_params_trigger_ui.py
[2025-02-10T14:52:32.484+0000] {logging_mixin.py:190} INFO - [2025-02-10T14:52:32.484+0000] {dag.py:3239} INFO - Sync 1 DAGs
[2025-02-10T14:52:32.501+0000] {logging_mixin.py:190} INFO - [2025-02-10T14:52:32.500+0000] {dag.py:4180} INFO - Setting next_dagrun for example_params_trigger_ui to None, run_after=None
[2025-02-10T14:52:32.578+0000] {processor.py:208} INFO - Processing /usr/local/lib/python3.9/dist-packages/airflow/example_dags/example_params_trigger_ui.py took 0.165 seconds
[2025-02-10T14:53:50.322+0000] {processor.py:186} INFO - Started process (PID=293) to work on /usr/local/lib/python3.9/dist-packages/airflow/example_dags/example_params_trigger_ui.py
[2025-02-10T14:53:50.325+0000] {processor.py:914} INFO - Processing file /usr/local/lib/python3.9/dist-packages/airflow/example_dags/example_params_trigger_ui.py for tasks to queue
[2025-02-10T14:53:50.328+0000] {logging_mixin.py:190} INFO - [2025-02-10T14:53:50.328+0000] {dagbag.py:588} INFO - Filling up the DagBag from /usr/local/lib/python3.9/dist-packages/airflow/example_dags/example_params_trigger_ui.py
[2025-02-10T14:53:50.339+0000] {processor.py:925} INFO - DAG(s) 'example_params_trigger_ui' retrieved from /usr/local/lib/python3.9/dist-packages/airflow/example_dags/example_params_trigger_ui.py
[2025-02-10T14:53:50.395+0000] {logging_mixin.py:190} INFO - [2025-02-10T14:53:50.395+0000] {dag.py:3239} INFO - Sync 1 DAGs
[2025-02-10T14:53:50.414+0000] {logging_mixin.py:190} INFO - [2025-02-10T14:53:50.414+0000] {dag.py:4180} INFO - Setting next_dagrun for example_params_trigger_ui to None, run_after=None
[2025-02-10T14:53:50.498+0000] {processor.py:208} INFO - Processing /usr/local/lib/python3.9/dist-packages/airflow/example_dags/example_params_trigger_ui.py took 0.182 seconds
[2025-02-10T14:55:08.788+0000] {processor.py:186} INFO - Started process (PID=359) to work on /usr/local/lib/python3.9/dist-packages/airflow/example_dags/example_params_trigger_ui.py
[2025-02-10T14:55:08.790+0000] {processor.py:914} INFO - Processing file /usr/local/lib/python3.9/dist-packages/airflow/example_dags/example_params_trigger_ui.py for tasks to queue
[2025-02-10T14:55:08.793+0000] {logging_mixin.py:190} INFO - [2025-02-10T14:55:08.792+0000] {dagbag.py:588} INFO - Filling up the DagBag from /usr/local/lib/python3.9/dist-packages/airflow/example_dags/example_params_trigger_ui.py
[2025-02-10T14:55:08.803+0000] {processor.py:925} INFO - DAG(s) 'example_params_trigger_ui' retrieved from /usr/local/lib/python3.9/dist-packages/airflow/example_dags/example_params_trigger_ui.py
[2025-02-10T14:55:08.857+0000] {logging_mixin.py:190} INFO - [2025-02-10T14:55:08.857+0000] {dag.py:3239} INFO - Sync 1 DAGs
[2025-02-10T14:55:08.874+0000] {logging_mixin.py:190} INFO - [2025-02-10T14:55:08.874+0000] {dag.py:4180} INFO - Setting next_dagrun for example_params_trigger_ui to None, run_after=None
[2025-02-10T14:55:08.954+0000] {processor.py:208} INFO - Processing /usr/local/lib/python3.9/dist-packages/airflow/example_dags/example_params_trigger_ui.py took 0.171 seconds
[2025-02-10T14:56:28.851+0000] {processor.py:186} INFO - Started process (PID=425) to work on /usr/local/lib/python3.9/dist-packages/airflow/example_dags/example_params_trigger_ui.py
[2025-02-10T14:56:28.853+0000] {processor.py:914} INFO - Processing file /usr/local/lib/python3.9/dist-packages/airflow/example_dags/example_params_trigger_ui.py for tasks to queue
[2025-02-10T14:56:28.856+0000] {logging_mixin.py:190} INFO - [2025-02-10T14:56:28.855+0000] {dagbag.py:588} INFO - Filling up the DagBag from /usr/local/lib/python3.9/dist-packages/airflow/example_dags/example_params_trigger_ui.py
[2025-02-10T14:56:28.866+0000] {processor.py:925} INFO - DAG(s) 'example_params_trigger_ui' retrieved from /usr/local/lib/python3.9/dist-packages/airflow/example_dags/example_params_trigger_ui.py
[2025-02-10T14:56:28.922+0000] {logging_mixin.py:190} INFO - [2025-02-10T14:56:28.922+0000] {dag.py:3239} INFO - Sync 1 DAGs
[2025-02-10T14:56:28.940+0000] {logging_mixin.py:190} INFO - [2025-02-10T14:56:28.940+0000] {dag.py:4180} INFO - Setting next_dagrun for example_params_trigger_ui to None, run_after=None
[2025-02-10T14:56:29.015+0000] {processor.py:208} INFO - Processing /usr/local/lib/python3.9/dist-packages/airflow/example_dags/example_params_trigger_ui.py took 0.169 seconds
[2025-02-10T14:57:50.451+0000] {processor.py:186} INFO - Started process (PID=492) to work on /usr/local/lib/python3.9/dist-packages/airflow/example_dags/example_params_trigger_ui.py
[2025-02-10T14:57:50.453+0000] {processor.py:914} INFO - Processing file /usr/local/lib/python3.9/dist-packages/airflow/example_dags/example_params_trigger_ui.py for tasks to queue
[2025-02-10T14:57:50.455+0000] {logging_mixin.py:190} INFO - [2025-02-10T14:57:50.455+0000] {dagbag.py:588} INFO - Filling up the DagBag from /usr/local/lib/python3.9/dist-packages/airflow/example_dags/example_params_trigger_ui.py
[2025-02-10T14:57:50.465+0000] {processor.py:925} INFO - DAG(s) 'example_params_trigger_ui' retrieved from /usr/local/lib/python3.9/dist-packages/airflow/example_dags/example_params_trigger_ui.py
[2025-02-10T14:57:50.519+0000] {logging_mixin.py:190} INFO - [2025-02-10T14:57:50.519+0000] {dag.py:3239} INFO - Sync 1 DAGs
[2025-02-10T14:57:50.536+0000] {logging_mixin.py:190} INFO - [2025-02-10T14:57:50.535+0000] {dag.py:4180} INFO - Setting next_dagrun for example_params_trigger_ui to None, run_after=None
[2025-02-10T14:57:50.610+0000] {processor.py:208} INFO - Processing /usr/local/lib/python3.9/dist-packages/airflow/example_dags/example_params_trigger_ui.py took 0.164 seconds
[2025-02-10T14:59:04.301+0000] {processor.py:186} INFO - Started process (PID=558) to work on /usr/local/lib/python3.9/dist-packages/airflow/example_dags/example_params_trigger_ui.py
[2025-02-10T14:59:04.303+0000] {processor.py:914} INFO - Processing file /usr/local/lib/python3.9/dist-packages/airflow/example_dags/example_params_trigger_ui.py for tasks to queue
[2025-02-10T14:59:04.305+0000] {logging_mixin.py:190} INFO - [2025-02-10T14:59:04.305+0000] {dagbag.py:588} INFO - Filling up the DagBag from /usr/local/lib/python3.9/dist-packages/airflow/example_dags/example_params_trigger_ui.py
[2025-02-10T14:59:04.316+0000] {processor.py:925} INFO - DAG(s) 'example_params_trigger_ui' retrieved from /usr/local/lib/python3.9/dist-packages/airflow/example_dags/example_params_trigger_ui.py
[2025-02-10T14:59:04.376+0000] {logging_mixin.py:190} INFO - [2025-02-10T14:59:04.376+0000] {dag.py:3239} INFO - Sync 1 DAGs
[2025-02-10T14:59:04.393+0000] {logging_mixin.py:190} INFO - [2025-02-10T14:59:04.393+0000] {dag.py:4180} INFO - Setting next_dagrun for example_params_trigger_ui to None, run_after=None
[2025-02-10T14:59:04.467+0000] {processor.py:208} INFO - Processing /usr/local/lib/python3.9/dist-packages/airflow/example_dags/example_params_trigger_ui.py took 0.172 seconds
[2025-02-10T15:00:16.894+0000] {processor.py:186} INFO - Started process (PID=620) to work on /usr/local/lib/python3.9/dist-packages/airflow/example_dags/example_params_trigger_ui.py
[2025-02-10T15:00:16.896+0000] {processor.py:914} INFO - Processing file /usr/local/lib/python3.9/dist-packages/airflow/example_dags/example_params_trigger_ui.py for tasks to queue
[2025-02-10T15:00:16.898+0000] {logging_mixin.py:190} INFO - [2025-02-10T15:00:16.897+0000] {dagbag.py:588} INFO - Filling up the DagBag from /usr/local/lib/python3.9/dist-packages/airflow/example_dags/example_params_trigger_ui.py
[2025-02-10T15:00:16.910+0000] {processor.py:925} INFO - DAG(s) 'example_params_trigger_ui' retrieved from /usr/local/lib/python3.9/dist-packages/airflow/example_dags/example_params_trigger_ui.py
[2025-02-10T15:00:17.016+0000] {logging_mixin.py:190} INFO - [2025-02-10T15:00:17.016+0000] {dag.py:3239} INFO - Sync 1 DAGs
[2025-02-10T15:00:17.051+0000] {logging_mixin.py:190} INFO - [2025-02-10T15:00:17.051+0000] {dag.py:4180} INFO - Setting next_dagrun for example_params_trigger_ui to None, run_after=None
[2025-02-10T15:00:17.203+0000] {processor.py:208} INFO - Processing /usr/local/lib/python3.9/dist-packages/airflow/example_dags/example_params_trigger_ui.py took 0.314 seconds
[2025-02-10T15:01:35.134+0000] {processor.py:186} INFO - Started process (PID=684) to work on /usr/local/lib/python3.9/dist-packages/airflow/example_dags/example_params_trigger_ui.py
[2025-02-10T15:01:35.135+0000] {processor.py:914} INFO - Processing file /usr/local/lib/python3.9/dist-packages/airflow/example_dags/example_params_trigger_ui.py for tasks to queue
[2025-02-10T15:01:35.139+0000] {logging_mixin.py:190} INFO - [2025-02-10T15:01:35.138+0000] {dagbag.py:588} INFO - Filling up the DagBag from /usr/local/lib/python3.9/dist-packages/airflow/example_dags/example_params_trigger_ui.py
[2025-02-10T15:01:35.149+0000] {processor.py:925} INFO - DAG(s) 'example_params_trigger_ui' retrieved from /usr/local/lib/python3.9/dist-packages/airflow/example_dags/example_params_trigger_ui.py
[2025-02-10T15:01:35.204+0000] {logging_mixin.py:190} INFO - [2025-02-10T15:01:35.204+0000] {dag.py:3239} INFO - Sync 1 DAGs
[2025-02-10T15:01:35.223+0000] {logging_mixin.py:190} INFO - [2025-02-10T15:01:35.222+0000] {dag.py:4180} INFO - Setting next_dagrun for example_params_trigger_ui to None, run_after=None
[2025-02-10T15:01:35.293+0000] {processor.py:208} INFO - Processing /usr/local/lib/python3.9/dist-packages/airflow/example_dags/example_params_trigger_ui.py took 0.165 seconds
[2025-02-10T15:02:54.849+0000] {processor.py:186} INFO - Started process (PID=753) to work on /usr/local/lib/python3.9/dist-packages/airflow/example_dags/example_params_trigger_ui.py
[2025-02-10T15:02:54.851+0000] {processor.py:914} INFO - Processing file /usr/local/lib/python3.9/dist-packages/airflow/example_dags/example_params_trigger_ui.py for tasks to queue
[2025-02-10T15:02:54.854+0000] {logging_mixin.py:190} INFO - [2025-02-10T15:02:54.854+0000] {dagbag.py:588} INFO - Filling up the DagBag from /usr/local/lib/python3.9/dist-packages/airflow/example_dags/example_params_trigger_ui.py
[2025-02-10T15:02:54.865+0000] {processor.py:925} INFO - DAG(s) 'example_params_trigger_ui' retrieved from /usr/local/lib/python3.9/dist-packages/airflow/example_dags/example_params_trigger_ui.py
[2025-02-10T15:02:54.924+0000] {logging_mixin.py:190} INFO - [2025-02-10T15:02:54.924+0000] {dag.py:3239} INFO - Sync 1 DAGs
[2025-02-10T15:02:54.944+0000] {logging_mixin.py:190} INFO - [2025-02-10T15:02:54.944+0000] {dag.py:4180} INFO - Setting next_dagrun for example_params_trigger_ui to None, run_after=None
[2025-02-10T15:02:55.023+0000] {processor.py:208} INFO - Processing /usr/local/lib/python3.9/dist-packages/airflow/example_dags/example_params_trigger_ui.py took 0.179 seconds
[2025-02-10T15:04:12.507+0000] {processor.py:186} INFO - Started process (PID=818) to work on /usr/local/lib/python3.9/dist-packages/airflow/example_dags/example_params_trigger_ui.py
[2025-02-10T15:04:12.508+0000] {processor.py:914} INFO - Processing file /usr/local/lib/python3.9/dist-packages/airflow/example_dags/example_params_trigger_ui.py for tasks to queue
[2025-02-10T15:04:12.511+0000] {logging_mixin.py:190} INFO - [2025-02-10T15:04:12.511+0000] {dagbag.py:588} INFO - Filling up the DagBag from /usr/local/lib/python3.9/dist-packages/airflow/example_dags/example_params_trigger_ui.py
[2025-02-10T15:04:12.522+0000] {processor.py:925} INFO - DAG(s) 'example_params_trigger_ui' retrieved from /usr/local/lib/python3.9/dist-packages/airflow/example_dags/example_params_trigger_ui.py
[2025-02-10T15:04:12.576+0000] {logging_mixin.py:190} INFO - [2025-02-10T15:04:12.576+0000] {dag.py:3239} INFO - Sync 1 DAGs
[2025-02-10T15:04:12.594+0000] {logging_mixin.py:190} INFO - [2025-02-10T15:04:12.594+0000] {dag.py:4180} INFO - Setting next_dagrun for example_params_trigger_ui to None, run_after=None
[2025-02-10T15:04:12.667+0000] {processor.py:208} INFO - Processing /usr/local/lib/python3.9/dist-packages/airflow/example_dags/example_params_trigger_ui.py took 0.165 seconds
[2025-02-10T15:05:32.210+0000] {processor.py:186} INFO - Started process (PID=883) to work on /usr/local/lib/python3.9/dist-packages/airflow/example_dags/example_params_trigger_ui.py
[2025-02-10T15:05:32.212+0000] {processor.py:914} INFO - Processing file /usr/local/lib/python3.9/dist-packages/airflow/example_dags/example_params_trigger_ui.py for tasks to queue
[2025-02-10T15:05:32.214+0000] {logging_mixin.py:190} INFO - [2025-02-10T15:05:32.214+0000] {dagbag.py:588} INFO - Filling up the DagBag from /usr/local/lib/python3.9/dist-packages/airflow/example_dags/example_params_trigger_ui.py
[2025-02-10T15:05:32.224+0000] {processor.py:925} INFO - DAG(s) 'example_params_trigger_ui' retrieved from /usr/local/lib/python3.9/dist-packages/airflow/example_dags/example_params_trigger_ui.py
[2025-02-10T15:05:32.278+0000] {logging_mixin.py:190} INFO - [2025-02-10T15:05:32.277+0000] {dag.py:3239} INFO - Sync 1 DAGs
[2025-02-10T15:05:32.296+0000] {logging_mixin.py:190} INFO - [2025-02-10T15:05:32.296+0000] {dag.py:4180} INFO - Setting next_dagrun for example_params_trigger_ui to None, run_after=None
[2025-02-10T15:05:32.372+0000] {processor.py:208} INFO - Processing /usr/local/lib/python3.9/dist-packages/airflow/example_dags/example_params_trigger_ui.py took 0.169 seconds
[2025-02-10T15:06:51.960+0000] {processor.py:186} INFO - Started process (PID=949) to work on /usr/local/lib/python3.9/dist-packages/airflow/example_dags/example_params_trigger_ui.py
[2025-02-10T15:06:51.962+0000] {processor.py:914} INFO - Processing file /usr/local/lib/python3.9/dist-packages/airflow/example_dags/example_params_trigger_ui.py for tasks to queue
[2025-02-10T15:06:51.965+0000] {logging_mixin.py:190} INFO - [2025-02-10T15:06:51.965+0000] {dagbag.py:588} INFO - Filling up the DagBag from /usr/local/lib/python3.9/dist-packages/airflow/example_dags/example_params_trigger_ui.py
[2025-02-10T15:06:51.976+0000] {processor.py:925} INFO - DAG(s) 'example_params_trigger_ui' retrieved from /usr/local/lib/python3.9/dist-packages/airflow/example_dags/example_params_trigger_ui.py
[2025-02-10T15:06:52.035+0000] {logging_mixin.py:190} INFO - [2025-02-10T15:06:52.034+0000] {dag.py:3239} INFO - Sync 1 DAGs
[2025-02-10T15:06:52.051+0000] {logging_mixin.py:190} INFO - [2025-02-10T15:06:52.051+0000] {dag.py:4180} INFO - Setting next_dagrun for example_params_trigger_ui to None, run_after=None
[2025-02-10T15:06:52.134+0000] {processor.py:208} INFO - Processing /usr/local/lib/python3.9/dist-packages/airflow/example_dags/example_params_trigger_ui.py took 0.179 seconds
[2025-02-10T15:08:09.517+0000] {processor.py:186} INFO - Started process (PID=1015) to work on /usr/local/lib/python3.9/dist-packages/airflow/example_dags/example_params_trigger_ui.py
[2025-02-10T15:08:09.519+0000] {processor.py:914} INFO - Processing file /usr/local/lib/python3.9/dist-packages/airflow/example_dags/example_params_trigger_ui.py for tasks to queue
[2025-02-10T15:08:09.521+0000] {logging_mixin.py:190} INFO - [2025-02-10T15:08:09.521+0000] {dagbag.py:588} INFO - Filling up the DagBag from /usr/local/lib/python3.9/dist-packages/airflow/example_dags/example_params_trigger_ui.py
[2025-02-10T15:08:09.532+0000] {processor.py:925} INFO - DAG(s) 'example_params_trigger_ui' retrieved from /usr/local/lib/python3.9/dist-packages/airflow/example_dags/example_params_trigger_ui.py
[2025-02-10T15:08:09.586+0000] {logging_mixin.py:190} INFO - [2025-02-10T15:08:09.586+0000] {dag.py:3239} INFO - Sync 1 DAGs
[2025-02-10T15:08:09.603+0000] {logging_mixin.py:190} INFO - [2025-02-10T15:08:09.603+0000] {dag.py:4180} INFO - Setting next_dagrun for example_params_trigger_ui to None, run_after=None
[2025-02-10T15:08:09.676+0000] {processor.py:208} INFO - Processing /usr/local/lib/python3.9/dist-packages/airflow/example_dags/example_params_trigger_ui.py took 0.164 seconds
[2025-02-10T15:09:28.725+0000] {processor.py:186} INFO - Started process (PID=1079) to work on /usr/local/lib/python3.9/dist-packages/airflow/example_dags/example_params_trigger_ui.py
[2025-02-10T15:09:28.727+0000] {processor.py:914} INFO - Processing file /usr/local/lib/python3.9/dist-packages/airflow/example_dags/example_params_trigger_ui.py for tasks to queue
[2025-02-10T15:09:28.729+0000] {logging_mixin.py:190} INFO - [2025-02-10T15:09:28.729+0000] {dagbag.py:588} INFO - Filling up the DagBag from /usr/local/lib/python3.9/dist-packages/airflow/example_dags/example_params_trigger_ui.py
[2025-02-10T15:09:28.740+0000] {processor.py:925} INFO - DAG(s) 'example_params_trigger_ui' retrieved from /usr/local/lib/python3.9/dist-packages/airflow/example_dags/example_params_trigger_ui.py
[2025-02-10T15:09:28.793+0000] {logging_mixin.py:190} INFO - [2025-02-10T15:09:28.793+0000] {dag.py:3239} INFO - Sync 1 DAGs
[2025-02-10T15:09:28.811+0000] {logging_mixin.py:190} INFO - [2025-02-10T15:09:28.810+0000] {dag.py:4180} INFO - Setting next_dagrun for example_params_trigger_ui to None, run_after=None
[2025-02-10T15:09:28.886+0000] {processor.py:208} INFO - Processing /usr/local/lib/python3.9/dist-packages/airflow/example_dags/example_params_trigger_ui.py took 0.166 seconds
[2025-02-10T15:10:47.210+0000] {processor.py:186} INFO - Started process (PID=1145) to work on /usr/local/lib/python3.9/dist-packages/airflow/example_dags/example_params_trigger_ui.py
[2025-02-10T15:10:47.211+0000] {processor.py:914} INFO - Processing file /usr/local/lib/python3.9/dist-packages/airflow/example_dags/example_params_trigger_ui.py for tasks to queue
[2025-02-10T15:10:47.214+0000] {logging_mixin.py:190} INFO - [2025-02-10T15:10:47.214+0000] {dagbag.py:588} INFO - Filling up the DagBag from /usr/local/lib/python3.9/dist-packages/airflow/example_dags/example_params_trigger_ui.py
[2025-02-10T15:10:47.225+0000] {processor.py:925} INFO - DAG(s) 'example_params_trigger_ui' retrieved from /usr/local/lib/python3.9/dist-packages/airflow/example_dags/example_params_trigger_ui.py
[2025-02-10T15:10:47.279+0000] {logging_mixin.py:190} INFO - [2025-02-10T15:10:47.278+0000] {dag.py:3239} INFO - Sync 1 DAGs
[2025-02-10T15:10:47.297+0000] {logging_mixin.py:190} INFO - [2025-02-10T15:10:47.296+0000] {dag.py:4180} INFO - Setting next_dagrun for example_params_trigger_ui to None, run_after=None
[2025-02-10T15:10:47.381+0000] {processor.py:208} INFO - Processing /usr/local/lib/python3.9/dist-packages/airflow/example_dags/example_params_trigger_ui.py took 0.176 seconds
[2025-02-10T15:12:07.632+0000] {processor.py:186} INFO - Started process (PID=1212) to work on /usr/local/lib/python3.9/dist-packages/airflow/example_dags/example_params_trigger_ui.py
[2025-02-10T15:12:07.634+0000] {processor.py:914} INFO - Processing file /usr/local/lib/python3.9/dist-packages/airflow/example_dags/example_params_trigger_ui.py for tasks to queue
[2025-02-10T15:12:07.638+0000] {logging_mixin.py:190} INFO - [2025-02-10T15:12:07.637+0000] {dagbag.py:588} INFO - Filling up the DagBag from /usr/local/lib/python3.9/dist-packages/airflow/example_dags/example_params_trigger_ui.py
[2025-02-10T15:12:07.649+0000] {processor.py:925} INFO - DAG(s) 'example_params_trigger_ui' retrieved from /usr/local/lib/python3.9/dist-packages/airflow/example_dags/example_params_trigger_ui.py
[2025-02-10T15:12:07.704+0000] {logging_mixin.py:190} INFO - [2025-02-10T15:12:07.703+0000] {dag.py:3239} INFO - Sync 1 DAGs
[2025-02-10T15:12:07.722+0000] {logging_mixin.py:190} INFO - [2025-02-10T15:12:07.721+0000] {dag.py:4180} INFO - Setting next_dagrun for example_params_trigger_ui to None, run_after=None
[2025-02-10T15:12:07.799+0000] {processor.py:208} INFO - Processing /usr/local/lib/python3.9/dist-packages/airflow/example_dags/example_params_trigger_ui.py took 0.173 seconds
[2025-02-10T15:13:24.843+0000] {processor.py:186} INFO - Started process (PID=1277) to work on /usr/local/lib/python3.9/dist-packages/airflow/example_dags/example_params_trigger_ui.py
[2025-02-10T15:13:24.845+0000] {processor.py:914} INFO - Processing file /usr/local/lib/python3.9/dist-packages/airflow/example_dags/example_params_trigger_ui.py for tasks to queue
[2025-02-10T15:13:24.848+0000] {logging_mixin.py:190} INFO - [2025-02-10T15:13:24.847+0000] {dagbag.py:588} INFO - Filling up the DagBag from /usr/local/lib/python3.9/dist-packages/airflow/example_dags/example_params_trigger_ui.py
[2025-02-10T15:13:24.858+0000] {processor.py:925} INFO - DAG(s) 'example_params_trigger_ui' retrieved from /usr/local/lib/python3.9/dist-packages/airflow/example_dags/example_params_trigger_ui.py
[2025-02-10T15:13:24.910+0000] {logging_mixin.py:190} INFO - [2025-02-10T15:13:24.910+0000] {dag.py:3239} INFO - Sync 1 DAGs
[2025-02-10T15:13:24.926+0000] {logging_mixin.py:190} INFO - [2025-02-10T15:13:24.926+0000] {dag.py:4180} INFO - Setting next_dagrun for example_params_trigger_ui to None, run_after=None
[2025-02-10T15:13:24.999+0000] {processor.py:208} INFO - Processing /usr/local/lib/python3.9/dist-packages/airflow/example_dags/example_params_trigger_ui.py took 0.161 seconds
[2025-02-10T15:14:41.846+0000] {processor.py:186} INFO - Started process (PID=1341) to work on /usr/local/lib/python3.9/dist-packages/airflow/example_dags/example_params_trigger_ui.py
[2025-02-10T15:14:41.849+0000] {processor.py:914} INFO - Processing file /usr/local/lib/python3.9/dist-packages/airflow/example_dags/example_params_trigger_ui.py for tasks to queue
[2025-02-10T15:14:41.852+0000] {logging_mixin.py:190} INFO - [2025-02-10T15:14:41.852+0000] {dagbag.py:588} INFO - Filling up the DagBag from /usr/local/lib/python3.9/dist-packages/airflow/example_dags/example_params_trigger_ui.py
[2025-02-10T15:14:41.862+0000] {processor.py:925} INFO - DAG(s) 'example_params_trigger_ui' retrieved from /usr/local/lib/python3.9/dist-packages/airflow/example_dags/example_params_trigger_ui.py
[2025-02-10T15:14:41.918+0000] {logging_mixin.py:190} INFO - [2025-02-10T15:14:41.917+0000] {dag.py:3239} INFO - Sync 1 DAGs
[2025-02-10T15:14:41.934+0000] {logging_mixin.py:190} INFO - [2025-02-10T15:14:41.934+0000] {dag.py:4180} INFO - Setting next_dagrun for example_params_trigger_ui to None, run_after=None
[2025-02-10T15:14:42.010+0000] {processor.py:208} INFO - Processing /usr/local/lib/python3.9/dist-packages/airflow/example_dags/example_params_trigger_ui.py took 0.169 seconds
[2025-02-10T15:26:02.007+0000] {processor.py:186} INFO - Started process (PID=81) to work on /usr/local/lib/python3.9/dist-packages/airflow/example_dags/example_params_trigger_ui.py
[2025-02-10T15:26:02.008+0000] {processor.py:914} INFO - Processing file /usr/local/lib/python3.9/dist-packages/airflow/example_dags/example_params_trigger_ui.py for tasks to queue
[2025-02-10T15:26:02.011+0000] {logging_mixin.py:190} INFO - [2025-02-10T15:26:02.010+0000] {dagbag.py:588} INFO - Filling up the DagBag from /usr/local/lib/python3.9/dist-packages/airflow/example_dags/example_params_trigger_ui.py
[2025-02-10T15:26:02.022+0000] {processor.py:925} INFO - DAG(s) 'example_params_trigger_ui' retrieved from /usr/local/lib/python3.9/dist-packages/airflow/example_dags/example_params_trigger_ui.py
[2025-02-10T15:26:02.076+0000] {logging_mixin.py:190} INFO - [2025-02-10T15:26:02.076+0000] {dag.py:3239} INFO - Sync 1 DAGs
[2025-02-10T15:26:02.094+0000] {logging_mixin.py:190} INFO - [2025-02-10T15:26:02.093+0000] {dag.py:4180} INFO - Setting next_dagrun for example_params_trigger_ui to None, run_after=None
[2025-02-10T15:26:02.174+0000] {processor.py:208} INFO - Processing /usr/local/lib/python3.9/dist-packages/airflow/example_dags/example_params_trigger_ui.py took 0.173 seconds
[2025-02-10T15:27:18.587+0000] {processor.py:186} INFO - Started process (PID=146) to work on /usr/local/lib/python3.9/dist-packages/airflow/example_dags/example_params_trigger_ui.py
[2025-02-10T15:27:18.589+0000] {processor.py:914} INFO - Processing file /usr/local/lib/python3.9/dist-packages/airflow/example_dags/example_params_trigger_ui.py for tasks to queue
[2025-02-10T15:27:18.592+0000] {logging_mixin.py:190} INFO - [2025-02-10T15:27:18.591+0000] {dagbag.py:588} INFO - Filling up the DagBag from /usr/local/lib/python3.9/dist-packages/airflow/example_dags/example_params_trigger_ui.py
[2025-02-10T15:27:18.603+0000] {processor.py:925} INFO - DAG(s) 'example_params_trigger_ui' retrieved from /usr/local/lib/python3.9/dist-packages/airflow/example_dags/example_params_trigger_ui.py
[2025-02-10T15:27:18.658+0000] {logging_mixin.py:190} INFO - [2025-02-10T15:27:18.658+0000] {dag.py:3239} INFO - Sync 1 DAGs
[2025-02-10T15:27:18.675+0000] {logging_mixin.py:190} INFO - [2025-02-10T15:27:18.674+0000] {dag.py:4180} INFO - Setting next_dagrun for example_params_trigger_ui to None, run_after=None
[2025-02-10T15:27:18.753+0000] {processor.py:208} INFO - Processing /usr/local/lib/python3.9/dist-packages/airflow/example_dags/example_params_trigger_ui.py took 0.171 seconds
[2025-02-10T15:28:39.139+0000] {processor.py:186} INFO - Started process (PID=211) to work on /usr/local/lib/python3.9/dist-packages/airflow/example_dags/example_params_trigger_ui.py
[2025-02-10T15:28:39.141+0000] {processor.py:914} INFO - Processing file /usr/local/lib/python3.9/dist-packages/airflow/example_dags/example_params_trigger_ui.py for tasks to queue
[2025-02-10T15:28:39.143+0000] {logging_mixin.py:190} INFO - [2025-02-10T15:28:39.143+0000] {dagbag.py:588} INFO - Filling up the DagBag from /usr/local/lib/python3.9/dist-packages/airflow/example_dags/example_params_trigger_ui.py
[2025-02-10T15:28:39.154+0000] {processor.py:925} INFO - DAG(s) 'example_params_trigger_ui' retrieved from /usr/local/lib/python3.9/dist-packages/airflow/example_dags/example_params_trigger_ui.py
[2025-02-10T15:28:39.208+0000] {logging_mixin.py:190} INFO - [2025-02-10T15:28:39.208+0000] {dag.py:3239} INFO - Sync 1 DAGs
[2025-02-10T15:28:39.224+0000] {logging_mixin.py:190} INFO - [2025-02-10T15:28:39.224+0000] {dag.py:4180} INFO - Setting next_dagrun for example_params_trigger_ui to None, run_after=None
[2025-02-10T15:28:39.300+0000] {processor.py:208} INFO - Processing /usr/local/lib/python3.9/dist-packages/airflow/example_dags/example_params_trigger_ui.py took 0.166 seconds
[2025-02-10T15:29:58.601+0000] {processor.py:186} INFO - Started process (PID=277) to work on /usr/local/lib/python3.9/dist-packages/airflow/example_dags/example_params_trigger_ui.py
[2025-02-10T15:29:58.603+0000] {processor.py:914} INFO - Processing file /usr/local/lib/python3.9/dist-packages/airflow/example_dags/example_params_trigger_ui.py for tasks to queue
[2025-02-10T15:29:58.606+0000] {logging_mixin.py:190} INFO - [2025-02-10T15:29:58.605+0000] {dagbag.py:588} INFO - Filling up the DagBag from /usr/local/lib/python3.9/dist-packages/airflow/example_dags/example_params_trigger_ui.py
[2025-02-10T15:29:58.616+0000] {processor.py:925} INFO - DAG(s) 'example_params_trigger_ui' retrieved from /usr/local/lib/python3.9/dist-packages/airflow/example_dags/example_params_trigger_ui.py
[2025-02-10T15:29:58.669+0000] {logging_mixin.py:190} INFO - [2025-02-10T15:29:58.669+0000] {dag.py:3239} INFO - Sync 1 DAGs
[2025-02-10T15:29:58.687+0000] {logging_mixin.py:190} INFO - [2025-02-10T15:29:58.687+0000] {dag.py:4180} INFO - Setting next_dagrun for example_params_trigger_ui to None, run_after=None
[2025-02-10T15:29:58.770+0000] {processor.py:208} INFO - Processing /usr/local/lib/python3.9/dist-packages/airflow/example_dags/example_params_trigger_ui.py took 0.174 seconds
[2025-02-10T15:31:12.793+0000] {processor.py:186} INFO - Started process (PID=340) to work on /usr/local/lib/python3.9/dist-packages/airflow/example_dags/example_params_trigger_ui.py
[2025-02-10T15:31:12.795+0000] {processor.py:914} INFO - Processing file /usr/local/lib/python3.9/dist-packages/airflow/example_dags/example_params_trigger_ui.py for tasks to queue
[2025-02-10T15:31:12.797+0000] {logging_mixin.py:190} INFO - [2025-02-10T15:31:12.797+0000] {dagbag.py:588} INFO - Filling up the DagBag from /usr/local/lib/python3.9/dist-packages/airflow/example_dags/example_params_trigger_ui.py
[2025-02-10T15:31:12.808+0000] {processor.py:925} INFO - DAG(s) 'example_params_trigger_ui' retrieved from /usr/local/lib/python3.9/dist-packages/airflow/example_dags/example_params_trigger_ui.py
[2025-02-10T15:31:12.861+0000] {logging_mixin.py:190} INFO - [2025-02-10T15:31:12.861+0000] {dag.py:3239} INFO - Sync 1 DAGs
[2025-02-10T15:31:12.880+0000] {logging_mixin.py:190} INFO - [2025-02-10T15:31:12.879+0000] {dag.py:4180} INFO - Setting next_dagrun for example_params_trigger_ui to None, run_after=None
[2025-02-10T15:31:12.960+0000] {processor.py:208} INFO - Processing /usr/local/lib/python3.9/dist-packages/airflow/example_dags/example_params_trigger_ui.py took 0.172 seconds
[2025-02-10T15:32:30.635+0000] {processor.py:186} INFO - Started process (PID=404) to work on /usr/local/lib/python3.9/dist-packages/airflow/example_dags/example_params_trigger_ui.py
[2025-02-10T15:32:30.637+0000] {processor.py:914} INFO - Processing file /usr/local/lib/python3.9/dist-packages/airflow/example_dags/example_params_trigger_ui.py for tasks to queue
[2025-02-10T15:32:30.640+0000] {logging_mixin.py:190} INFO - [2025-02-10T15:32:30.639+0000] {dagbag.py:588} INFO - Filling up the DagBag from /usr/local/lib/python3.9/dist-packages/airflow/example_dags/example_params_trigger_ui.py
[2025-02-10T15:32:30.650+0000] {processor.py:925} INFO - DAG(s) 'example_params_trigger_ui' retrieved from /usr/local/lib/python3.9/dist-packages/airflow/example_dags/example_params_trigger_ui.py
[2025-02-10T15:32:30.704+0000] {logging_mixin.py:190} INFO - [2025-02-10T15:32:30.704+0000] {dag.py:3239} INFO - Sync 1 DAGs
[2025-02-10T15:32:30.720+0000] {logging_mixin.py:190} INFO - [2025-02-10T15:32:30.720+0000] {dag.py:4180} INFO - Setting next_dagrun for example_params_trigger_ui to None, run_after=None
[2025-02-10T15:32:30.796+0000] {processor.py:208} INFO - Processing /usr/local/lib/python3.9/dist-packages/airflow/example_dags/example_params_trigger_ui.py took 0.165 seconds
[2025-02-10T15:33:52.320+0000] {processor.py:186} INFO - Started process (PID=470) to work on /usr/local/lib/python3.9/dist-packages/airflow/example_dags/example_params_trigger_ui.py
[2025-02-10T15:33:52.321+0000] {processor.py:914} INFO - Processing file /usr/local/lib/python3.9/dist-packages/airflow/example_dags/example_params_trigger_ui.py for tasks to queue
[2025-02-10T15:33:52.324+0000] {logging_mixin.py:190} INFO - [2025-02-10T15:33:52.324+0000] {dagbag.py:588} INFO - Filling up the DagBag from /usr/local/lib/python3.9/dist-packages/airflow/example_dags/example_params_trigger_ui.py
[2025-02-10T15:33:52.334+0000] {processor.py:925} INFO - DAG(s) 'example_params_trigger_ui' retrieved from /usr/local/lib/python3.9/dist-packages/airflow/example_dags/example_params_trigger_ui.py
[2025-02-10T15:33:52.388+0000] {logging_mixin.py:190} INFO - [2025-02-10T15:33:52.388+0000] {dag.py:3239} INFO - Sync 1 DAGs
[2025-02-10T15:33:52.407+0000] {logging_mixin.py:190} INFO - [2025-02-10T15:33:52.407+0000] {dag.py:4180} INFO - Setting next_dagrun for example_params_trigger_ui to None, run_after=None
[2025-02-10T15:33:52.487+0000] {processor.py:208} INFO - Processing /usr/local/lib/python3.9/dist-packages/airflow/example_dags/example_params_trigger_ui.py took 0.172 seconds
[2025-02-10T15:35:14.198+0000] {processor.py:186} INFO - Started process (PID=538) to work on /usr/local/lib/python3.9/dist-packages/airflow/example_dags/example_params_trigger_ui.py
[2025-02-10T15:35:14.200+0000] {processor.py:914} INFO - Processing file /usr/local/lib/python3.9/dist-packages/airflow/example_dags/example_params_trigger_ui.py for tasks to queue
[2025-02-10T15:35:14.202+0000] {logging_mixin.py:190} INFO - [2025-02-10T15:35:14.202+0000] {dagbag.py:588} INFO - Filling up the DagBag from /usr/local/lib/python3.9/dist-packages/airflow/example_dags/example_params_trigger_ui.py
[2025-02-10T15:35:14.212+0000] {processor.py:925} INFO - DAG(s) 'example_params_trigger_ui' retrieved from /usr/local/lib/python3.9/dist-packages/airflow/example_dags/example_params_trigger_ui.py
[2025-02-10T15:35:14.266+0000] {logging_mixin.py:190} INFO - [2025-02-10T15:35:14.266+0000] {dag.py:3239} INFO - Sync 1 DAGs
[2025-02-10T15:35:14.284+0000] {logging_mixin.py:190} INFO - [2025-02-10T15:35:14.284+0000] {dag.py:4180} INFO - Setting next_dagrun for example_params_trigger_ui to None, run_after=None
[2025-02-10T15:35:14.361+0000] {processor.py:208} INFO - Processing /usr/local/lib/python3.9/dist-packages/airflow/example_dags/example_params_trigger_ui.py took 0.168 seconds
[2025-02-10T15:36:34.445+0000] {processor.py:186} INFO - Started process (PID=602) to work on /usr/local/lib/python3.9/dist-packages/airflow/example_dags/example_params_trigger_ui.py
[2025-02-10T15:36:34.447+0000] {processor.py:914} INFO - Processing file /usr/local/lib/python3.9/dist-packages/airflow/example_dags/example_params_trigger_ui.py for tasks to queue
[2025-02-10T15:36:34.450+0000] {logging_mixin.py:190} INFO - [2025-02-10T15:36:34.450+0000] {dagbag.py:588} INFO - Filling up the DagBag from /usr/local/lib/python3.9/dist-packages/airflow/example_dags/example_params_trigger_ui.py
[2025-02-10T15:36:34.461+0000] {processor.py:925} INFO - DAG(s) 'example_params_trigger_ui' retrieved from /usr/local/lib/python3.9/dist-packages/airflow/example_dags/example_params_trigger_ui.py
[2025-02-10T15:36:34.516+0000] {logging_mixin.py:190} INFO - [2025-02-10T15:36:34.516+0000] {dag.py:3239} INFO - Sync 1 DAGs
[2025-02-10T15:36:34.533+0000] {logging_mixin.py:190} INFO - [2025-02-10T15:36:34.533+0000] {dag.py:4180} INFO - Setting next_dagrun for example_params_trigger_ui to None, run_after=None
[2025-02-10T15:36:34.616+0000] {processor.py:208} INFO - Processing /usr/local/lib/python3.9/dist-packages/airflow/example_dags/example_params_trigger_ui.py took 0.175 seconds
[2025-02-10T15:37:54.164+0000] {processor.py:186} INFO - Started process (PID=668) to work on /usr/local/lib/python3.9/dist-packages/airflow/example_dags/example_params_trigger_ui.py
[2025-02-10T15:37:54.166+0000] {processor.py:914} INFO - Processing file /usr/local/lib/python3.9/dist-packages/airflow/example_dags/example_params_trigger_ui.py for tasks to queue
[2025-02-10T15:37:54.170+0000] {logging_mixin.py:190} INFO - [2025-02-10T15:37:54.170+0000] {dagbag.py:588} INFO - Filling up the DagBag from /usr/local/lib/python3.9/dist-packages/airflow/example_dags/example_params_trigger_ui.py
[2025-02-10T15:37:54.182+0000] {processor.py:925} INFO - DAG(s) 'example_params_trigger_ui' retrieved from /usr/local/lib/python3.9/dist-packages/airflow/example_dags/example_params_trigger_ui.py
[2025-02-10T15:37:54.236+0000] {logging_mixin.py:190} INFO - [2025-02-10T15:37:54.236+0000] {dag.py:3239} INFO - Sync 1 DAGs
[2025-02-10T15:37:54.255+0000] {logging_mixin.py:190} INFO - [2025-02-10T15:37:54.254+0000] {dag.py:4180} INFO - Setting next_dagrun for example_params_trigger_ui to None, run_after=None
[2025-02-10T15:37:54.331+0000] {processor.py:208} INFO - Processing /usr/local/lib/python3.9/dist-packages/airflow/example_dags/example_params_trigger_ui.py took 0.174 seconds
[2025-02-10T15:39:18.581+0000] {processor.py:186} INFO - Started process (PID=735) to work on /usr/local/lib/python3.9/dist-packages/airflow/example_dags/example_params_trigger_ui.py
[2025-02-10T15:39:18.582+0000] {processor.py:914} INFO - Processing file /usr/local/lib/python3.9/dist-packages/airflow/example_dags/example_params_trigger_ui.py for tasks to queue
[2025-02-10T15:39:18.585+0000] {logging_mixin.py:190} INFO - [2025-02-10T15:39:18.585+0000] {dagbag.py:588} INFO - Filling up the DagBag from /usr/local/lib/python3.9/dist-packages/airflow/example_dags/example_params_trigger_ui.py
[2025-02-10T15:39:18.595+0000] {processor.py:925} INFO - DAG(s) 'example_params_trigger_ui' retrieved from /usr/local/lib/python3.9/dist-packages/airflow/example_dags/example_params_trigger_ui.py
[2025-02-10T15:39:18.648+0000] {logging_mixin.py:190} INFO - [2025-02-10T15:39:18.648+0000] {dag.py:3239} INFO - Sync 1 DAGs
[2025-02-10T15:39:18.667+0000] {logging_mixin.py:190} INFO - [2025-02-10T15:39:18.666+0000] {dag.py:4180} INFO - Setting next_dagrun for example_params_trigger_ui to None, run_after=None
[2025-02-10T15:39:18.738+0000] {processor.py:208} INFO - Processing /usr/local/lib/python3.9/dist-packages/airflow/example_dags/example_params_trigger_ui.py took 0.163 seconds
[2025-02-10T15:40:37.811+0000] {processor.py:186} INFO - Started process (PID=801) to work on /usr/local/lib/python3.9/dist-packages/airflow/example_dags/example_params_trigger_ui.py
[2025-02-10T15:40:37.813+0000] {processor.py:914} INFO - Processing file /usr/local/lib/python3.9/dist-packages/airflow/example_dags/example_params_trigger_ui.py for tasks to queue
[2025-02-10T15:40:37.816+0000] {logging_mixin.py:190} INFO - [2025-02-10T15:40:37.816+0000] {dagbag.py:588} INFO - Filling up the DagBag from /usr/local/lib/python3.9/dist-packages/airflow/example_dags/example_params_trigger_ui.py
[2025-02-10T15:40:37.827+0000] {processor.py:925} INFO - DAG(s) 'example_params_trigger_ui' retrieved from /usr/local/lib/python3.9/dist-packages/airflow/example_dags/example_params_trigger_ui.py
[2025-02-10T15:40:37.883+0000] {logging_mixin.py:190} INFO - [2025-02-10T15:40:37.883+0000] {dag.py:3239} INFO - Sync 1 DAGs
[2025-02-10T15:40:37.903+0000] {logging_mixin.py:190} INFO - [2025-02-10T15:40:37.903+0000] {dag.py:4180} INFO - Setting next_dagrun for example_params_trigger_ui to None, run_after=None
[2025-02-10T15:40:38.031+0000] {processor.py:208} INFO - Processing /usr/local/lib/python3.9/dist-packages/airflow/example_dags/example_params_trigger_ui.py took 0.225 seconds
[2025-02-10T15:41:55.760+0000] {processor.py:186} INFO - Started process (PID=866) to work on /usr/local/lib/python3.9/dist-packages/airflow/example_dags/example_params_trigger_ui.py
[2025-02-10T15:41:55.762+0000] {processor.py:914} INFO - Processing file /usr/local/lib/python3.9/dist-packages/airflow/example_dags/example_params_trigger_ui.py for tasks to queue
[2025-02-10T15:41:55.765+0000] {logging_mixin.py:190} INFO - [2025-02-10T15:41:55.764+0000] {dagbag.py:588} INFO - Filling up the DagBag from /usr/local/lib/python3.9/dist-packages/airflow/example_dags/example_params_trigger_ui.py
[2025-02-10T15:41:55.782+0000] {processor.py:925} INFO - DAG(s) 'example_params_trigger_ui' retrieved from /usr/local/lib/python3.9/dist-packages/airflow/example_dags/example_params_trigger_ui.py
[2025-02-10T15:41:55.841+0000] {logging_mixin.py:190} INFO - [2025-02-10T15:41:55.841+0000] {dag.py:3239} INFO - Sync 1 DAGs
[2025-02-10T15:41:55.857+0000] {logging_mixin.py:190} INFO - [2025-02-10T15:41:55.856+0000] {dag.py:4180} INFO - Setting next_dagrun for example_params_trigger_ui to None, run_after=None
[2025-02-10T15:41:55.931+0000] {processor.py:208} INFO - Processing /usr/local/lib/python3.9/dist-packages/airflow/example_dags/example_params_trigger_ui.py took 0.180 seconds
[2025-02-10T15:43:17.212+0000] {processor.py:186} INFO - Started process (PID=932) to work on /usr/local/lib/python3.9/dist-packages/airflow/example_dags/example_params_trigger_ui.py
[2025-02-10T15:43:17.213+0000] {processor.py:914} INFO - Processing file /usr/local/lib/python3.9/dist-packages/airflow/example_dags/example_params_trigger_ui.py for tasks to queue
[2025-02-10T15:43:17.215+0000] {logging_mixin.py:190} INFO - [2025-02-10T15:43:17.215+0000] {dagbag.py:588} INFO - Filling up the DagBag from /usr/local/lib/python3.9/dist-packages/airflow/example_dags/example_params_trigger_ui.py
[2025-02-10T15:43:17.226+0000] {processor.py:925} INFO - DAG(s) 'example_params_trigger_ui' retrieved from /usr/local/lib/python3.9/dist-packages/airflow/example_dags/example_params_trigger_ui.py
[2025-02-10T15:43:17.279+0000] {logging_mixin.py:190} INFO - [2025-02-10T15:43:17.278+0000] {dag.py:3239} INFO - Sync 1 DAGs
[2025-02-10T15:43:17.294+0000] {logging_mixin.py:190} INFO - [2025-02-10T15:43:17.294+0000] {dag.py:4180} INFO - Setting next_dagrun for example_params_trigger_ui to None, run_after=None
[2025-02-10T15:43:17.367+0000] {processor.py:208} INFO - Processing /usr/local/lib/python3.9/dist-packages/airflow/example_dags/example_params_trigger_ui.py took 0.161 seconds
[2025-02-10T15:44:42.854+0000] {processor.py:186} INFO - Started process (PID=1000) to work on /usr/local/lib/python3.9/dist-packages/airflow/example_dags/example_params_trigger_ui.py
[2025-02-10T15:44:42.856+0000] {processor.py:914} INFO - Processing file /usr/local/lib/python3.9/dist-packages/airflow/example_dags/example_params_trigger_ui.py for tasks to queue
[2025-02-10T15:44:42.858+0000] {logging_mixin.py:190} INFO - [2025-02-10T15:44:42.858+0000] {dagbag.py:588} INFO - Filling up the DagBag from /usr/local/lib/python3.9/dist-packages/airflow/example_dags/example_params_trigger_ui.py
[2025-02-10T15:44:42.868+0000] {processor.py:925} INFO - DAG(s) 'example_params_trigger_ui' retrieved from /usr/local/lib/python3.9/dist-packages/airflow/example_dags/example_params_trigger_ui.py
[2025-02-10T15:44:42.921+0000] {logging_mixin.py:190} INFO - [2025-02-10T15:44:42.921+0000] {dag.py:3239} INFO - Sync 1 DAGs
[2025-02-10T15:44:42.938+0000] {logging_mixin.py:190} INFO - [2025-02-10T15:44:42.938+0000] {dag.py:4180} INFO - Setting next_dagrun for example_params_trigger_ui to None, run_after=None
[2025-02-10T15:44:43.015+0000] {processor.py:208} INFO - Processing /usr/local/lib/python3.9/dist-packages/airflow/example_dags/example_params_trigger_ui.py took 0.167 seconds
[2025-02-10T15:46:05.918+0000] {processor.py:186} INFO - Started process (PID=1067) to work on /usr/local/lib/python3.9/dist-packages/airflow/example_dags/example_params_trigger_ui.py
[2025-02-10T15:46:05.919+0000] {processor.py:914} INFO - Processing file /usr/local/lib/python3.9/dist-packages/airflow/example_dags/example_params_trigger_ui.py for tasks to queue
[2025-02-10T15:46:05.922+0000] {logging_mixin.py:190} INFO - [2025-02-10T15:46:05.921+0000] {dagbag.py:588} INFO - Filling up the DagBag from /usr/local/lib/python3.9/dist-packages/airflow/example_dags/example_params_trigger_ui.py
[2025-02-10T15:46:05.933+0000] {processor.py:925} INFO - DAG(s) 'example_params_trigger_ui' retrieved from /usr/local/lib/python3.9/dist-packages/airflow/example_dags/example_params_trigger_ui.py
[2025-02-10T15:46:05.988+0000] {logging_mixin.py:190} INFO - [2025-02-10T15:46:05.987+0000] {dag.py:3239} INFO - Sync 1 DAGs
[2025-02-10T15:46:06.004+0000] {logging_mixin.py:190} INFO - [2025-02-10T15:46:06.003+0000] {dag.py:4180} INFO - Setting next_dagrun for example_params_trigger_ui to None, run_after=None
[2025-02-10T15:46:06.078+0000] {processor.py:208} INFO - Processing /usr/local/lib/python3.9/dist-packages/airflow/example_dags/example_params_trigger_ui.py took 0.166 seconds
[2025-02-10T15:47:21.169+0000] {processor.py:186} INFO - Started process (PID=1131) to work on /usr/local/lib/python3.9/dist-packages/airflow/example_dags/example_params_trigger_ui.py
[2025-02-10T15:47:21.171+0000] {processor.py:914} INFO - Processing file /usr/local/lib/python3.9/dist-packages/airflow/example_dags/example_params_trigger_ui.py for tasks to queue
[2025-02-10T15:47:21.174+0000] {logging_mixin.py:190} INFO - [2025-02-10T15:47:21.173+0000] {dagbag.py:588} INFO - Filling up the DagBag from /usr/local/lib/python3.9/dist-packages/airflow/example_dags/example_params_trigger_ui.py
[2025-02-10T15:47:21.185+0000] {processor.py:925} INFO - DAG(s) 'example_params_trigger_ui' retrieved from /usr/local/lib/python3.9/dist-packages/airflow/example_dags/example_params_trigger_ui.py
[2025-02-10T15:47:21.238+0000] {logging_mixin.py:190} INFO - [2025-02-10T15:47:21.237+0000] {dag.py:3239} INFO - Sync 1 DAGs
[2025-02-10T15:47:21.254+0000] {logging_mixin.py:190} INFO - [2025-02-10T15:47:21.254+0000] {dag.py:4180} INFO - Setting next_dagrun for example_params_trigger_ui to None, run_after=None
[2025-02-10T15:47:21.324+0000] {processor.py:208} INFO - Processing /usr/local/lib/python3.9/dist-packages/airflow/example_dags/example_params_trigger_ui.py took 0.160 seconds
[2025-02-10T15:48:36.207+0000] {processor.py:186} INFO - Started process (PID=1195) to work on /usr/local/lib/python3.9/dist-packages/airflow/example_dags/example_params_trigger_ui.py
[2025-02-10T15:48:36.209+0000] {processor.py:914} INFO - Processing file /usr/local/lib/python3.9/dist-packages/airflow/example_dags/example_params_trigger_ui.py for tasks to queue
[2025-02-10T15:48:36.211+0000] {logging_mixin.py:190} INFO - [2025-02-10T15:48:36.211+0000] {dagbag.py:588} INFO - Filling up the DagBag from /usr/local/lib/python3.9/dist-packages/airflow/example_dags/example_params_trigger_ui.py
[2025-02-10T15:48:36.222+0000] {processor.py:925} INFO - DAG(s) 'example_params_trigger_ui' retrieved from /usr/local/lib/python3.9/dist-packages/airflow/example_dags/example_params_trigger_ui.py
[2025-02-10T15:48:36.274+0000] {logging_mixin.py:190} INFO - [2025-02-10T15:48:36.273+0000] {dag.py:3239} INFO - Sync 1 DAGs
[2025-02-10T15:48:36.290+0000] {logging_mixin.py:190} INFO - [2025-02-10T15:48:36.290+0000] {dag.py:4180} INFO - Setting next_dagrun for example_params_trigger_ui to None, run_after=None
[2025-02-10T15:48:36.365+0000] {processor.py:208} INFO - Processing /usr/local/lib/python3.9/dist-packages/airflow/example_dags/example_params_trigger_ui.py took 0.163 seconds
[2025-02-10T15:49:48.645+0000] {processor.py:186} INFO - Started process (PID=1256) to work on /usr/local/lib/python3.9/dist-packages/airflow/example_dags/example_params_trigger_ui.py
[2025-02-10T15:49:48.647+0000] {processor.py:914} INFO - Processing file /usr/local/lib/python3.9/dist-packages/airflow/example_dags/example_params_trigger_ui.py for tasks to queue
[2025-02-10T15:49:48.650+0000] {logging_mixin.py:190} INFO - [2025-02-10T15:49:48.649+0000] {dagbag.py:588} INFO - Filling up the DagBag from /usr/local/lib/python3.9/dist-packages/airflow/example_dags/example_params_trigger_ui.py
[2025-02-10T15:49:48.660+0000] {processor.py:925} INFO - DAG(s) 'example_params_trigger_ui' retrieved from /usr/local/lib/python3.9/dist-packages/airflow/example_dags/example_params_trigger_ui.py
[2025-02-10T15:49:48.715+0000] {logging_mixin.py:190} INFO - [2025-02-10T15:49:48.715+0000] {dag.py:3239} INFO - Sync 1 DAGs
[2025-02-10T15:49:48.732+0000] {logging_mixin.py:190} INFO - [2025-02-10T15:49:48.732+0000] {dag.py:4180} INFO - Setting next_dagrun for example_params_trigger_ui to None, run_after=None
[2025-02-10T15:49:48.810+0000] {processor.py:208} INFO - Processing /usr/local/lib/python3.9/dist-packages/airflow/example_dags/example_params_trigger_ui.py took 0.171 seconds
[2025-02-10T15:51:06.408+0000] {processor.py:186} INFO - Started process (PID=1322) to work on /usr/local/lib/python3.9/dist-packages/airflow/example_dags/example_params_trigger_ui.py
[2025-02-10T15:51:06.409+0000] {processor.py:914} INFO - Processing file /usr/local/lib/python3.9/dist-packages/airflow/example_dags/example_params_trigger_ui.py for tasks to queue
[2025-02-10T15:51:06.412+0000] {logging_mixin.py:190} INFO - [2025-02-10T15:51:06.411+0000] {dagbag.py:588} INFO - Filling up the DagBag from /usr/local/lib/python3.9/dist-packages/airflow/example_dags/example_params_trigger_ui.py
[2025-02-10T15:51:06.424+0000] {processor.py:925} INFO - DAG(s) 'example_params_trigger_ui' retrieved from /usr/local/lib/python3.9/dist-packages/airflow/example_dags/example_params_trigger_ui.py
[2025-02-10T15:51:06.478+0000] {logging_mixin.py:190} INFO - [2025-02-10T15:51:06.478+0000] {dag.py:3239} INFO - Sync 1 DAGs
[2025-02-10T15:51:06.495+0000] {logging_mixin.py:190} INFO - [2025-02-10T15:51:06.495+0000] {dag.py:4180} INFO - Setting next_dagrun for example_params_trigger_ui to None, run_after=None
[2025-02-10T15:51:06.571+0000] {processor.py:208} INFO - Processing /usr/local/lib/python3.9/dist-packages/airflow/example_dags/example_params_trigger_ui.py took 0.168 seconds
[2025-02-10T15:52:21.029+0000] {processor.py:186} INFO - Started process (PID=1385) to work on /usr/local/lib/python3.9/dist-packages/airflow/example_dags/example_params_trigger_ui.py
[2025-02-10T15:52:21.030+0000] {processor.py:914} INFO - Processing file /usr/local/lib/python3.9/dist-packages/airflow/example_dags/example_params_trigger_ui.py for tasks to queue
[2025-02-10T15:52:21.033+0000] {logging_mixin.py:190} INFO - [2025-02-10T15:52:21.032+0000] {dagbag.py:588} INFO - Filling up the DagBag from /usr/local/lib/python3.9/dist-packages/airflow/example_dags/example_params_trigger_ui.py
[2025-02-10T15:52:21.045+0000] {processor.py:925} INFO - DAG(s) 'example_params_trigger_ui' retrieved from /usr/local/lib/python3.9/dist-packages/airflow/example_dags/example_params_trigger_ui.py
[2025-02-10T15:52:21.101+0000] {logging_mixin.py:190} INFO - [2025-02-10T15:52:21.101+0000] {dag.py:3239} INFO - Sync 1 DAGs
[2025-02-10T15:52:21.119+0000] {logging_mixin.py:190} INFO - [2025-02-10T15:52:21.119+0000] {dag.py:4180} INFO - Setting next_dagrun for example_params_trigger_ui to None, run_after=None
[2025-02-10T15:52:21.205+0000] {processor.py:208} INFO - Processing /usr/local/lib/python3.9/dist-packages/airflow/example_dags/example_params_trigger_ui.py took 0.181 seconds
[2025-02-10T15:53:38.982+0000] {processor.py:186} INFO - Started process (PID=1449) to work on /usr/local/lib/python3.9/dist-packages/airflow/example_dags/example_params_trigger_ui.py
[2025-02-10T15:53:38.984+0000] {processor.py:914} INFO - Processing file /usr/local/lib/python3.9/dist-packages/airflow/example_dags/example_params_trigger_ui.py for tasks to queue
[2025-02-10T15:53:38.987+0000] {logging_mixin.py:190} INFO - [2025-02-10T15:53:38.987+0000] {dagbag.py:588} INFO - Filling up the DagBag from /usr/local/lib/python3.9/dist-packages/airflow/example_dags/example_params_trigger_ui.py
[2025-02-10T15:53:38.999+0000] {processor.py:925} INFO - DAG(s) 'example_params_trigger_ui' retrieved from /usr/local/lib/python3.9/dist-packages/airflow/example_dags/example_params_trigger_ui.py
[2025-02-10T15:53:39.054+0000] {logging_mixin.py:190} INFO - [2025-02-10T15:53:39.053+0000] {dag.py:3239} INFO - Sync 1 DAGs
[2025-02-10T15:53:39.072+0000] {logging_mixin.py:190} INFO - [2025-02-10T15:53:39.072+0000] {dag.py:4180} INFO - Setting next_dagrun for example_params_trigger_ui to None, run_after=None
[2025-02-10T15:53:39.145+0000] {processor.py:208} INFO - Processing /usr/local/lib/python3.9/dist-packages/airflow/example_dags/example_params_trigger_ui.py took 0.169 seconds
[2025-02-10T15:54:56.657+0000] {processor.py:186} INFO - Started process (PID=1513) to work on /usr/local/lib/python3.9/dist-packages/airflow/example_dags/example_params_trigger_ui.py
[2025-02-10T15:54:56.659+0000] {processor.py:914} INFO - Processing file /usr/local/lib/python3.9/dist-packages/airflow/example_dags/example_params_trigger_ui.py for tasks to queue
[2025-02-10T15:54:56.661+0000] {logging_mixin.py:190} INFO - [2025-02-10T15:54:56.661+0000] {dagbag.py:588} INFO - Filling up the DagBag from /usr/local/lib/python3.9/dist-packages/airflow/example_dags/example_params_trigger_ui.py
[2025-02-10T15:54:56.672+0000] {processor.py:925} INFO - DAG(s) 'example_params_trigger_ui' retrieved from /usr/local/lib/python3.9/dist-packages/airflow/example_dags/example_params_trigger_ui.py
[2025-02-10T15:54:56.723+0000] {logging_mixin.py:190} INFO - [2025-02-10T15:54:56.723+0000] {dag.py:3239} INFO - Sync 1 DAGs
[2025-02-10T15:54:56.741+0000] {logging_mixin.py:190} INFO - [2025-02-10T15:54:56.741+0000] {dag.py:4180} INFO - Setting next_dagrun for example_params_trigger_ui to None, run_after=None
[2025-02-10T15:54:56.820+0000] {processor.py:208} INFO - Processing /usr/local/lib/python3.9/dist-packages/airflow/example_dags/example_params_trigger_ui.py took 0.167 seconds
[2025-02-10T15:56:17.878+0000] {processor.py:186} INFO - Started process (PID=1579) to work on /usr/local/lib/python3.9/dist-packages/airflow/example_dags/example_params_trigger_ui.py
[2025-02-10T15:56:17.880+0000] {processor.py:914} INFO - Processing file /usr/local/lib/python3.9/dist-packages/airflow/example_dags/example_params_trigger_ui.py for tasks to queue
[2025-02-10T15:56:17.883+0000] {logging_mixin.py:190} INFO - [2025-02-10T15:56:17.882+0000] {dagbag.py:588} INFO - Filling up the DagBag from /usr/local/lib/python3.9/dist-packages/airflow/example_dags/example_params_trigger_ui.py
[2025-02-10T15:56:17.893+0000] {processor.py:925} INFO - DAG(s) 'example_params_trigger_ui' retrieved from /usr/local/lib/python3.9/dist-packages/airflow/example_dags/example_params_trigger_ui.py
[2025-02-10T15:56:17.947+0000] {logging_mixin.py:190} INFO - [2025-02-10T15:56:17.947+0000] {dag.py:3239} INFO - Sync 1 DAGs
[2025-02-10T15:56:17.965+0000] {logging_mixin.py:190} INFO - [2025-02-10T15:56:17.964+0000] {dag.py:4180} INFO - Setting next_dagrun for example_params_trigger_ui to None, run_after=None
[2025-02-10T15:56:18.047+0000] {processor.py:208} INFO - Processing /usr/local/lib/python3.9/dist-packages/airflow/example_dags/example_params_trigger_ui.py took 0.174 seconds
[2025-02-10T15:57:34.794+0000] {processor.py:186} INFO - Started process (PID=1644) to work on /usr/local/lib/python3.9/dist-packages/airflow/example_dags/example_params_trigger_ui.py
[2025-02-10T15:57:34.795+0000] {processor.py:914} INFO - Processing file /usr/local/lib/python3.9/dist-packages/airflow/example_dags/example_params_trigger_ui.py for tasks to queue
[2025-02-10T15:57:34.798+0000] {logging_mixin.py:190} INFO - [2025-02-10T15:57:34.798+0000] {dagbag.py:588} INFO - Filling up the DagBag from /usr/local/lib/python3.9/dist-packages/airflow/example_dags/example_params_trigger_ui.py
[2025-02-10T15:57:34.808+0000] {processor.py:925} INFO - DAG(s) 'example_params_trigger_ui' retrieved from /usr/local/lib/python3.9/dist-packages/airflow/example_dags/example_params_trigger_ui.py
[2025-02-10T15:57:34.863+0000] {logging_mixin.py:190} INFO - [2025-02-10T15:57:34.862+0000] {dag.py:3239} INFO - Sync 1 DAGs
[2025-02-10T15:57:34.879+0000] {logging_mixin.py:190} INFO - [2025-02-10T15:57:34.879+0000] {dag.py:4180} INFO - Setting next_dagrun for example_params_trigger_ui to None, run_after=None
[2025-02-10T15:57:34.947+0000] {processor.py:208} INFO - Processing /usr/local/lib/python3.9/dist-packages/airflow/example_dags/example_params_trigger_ui.py took 0.159 seconds
[2025-02-10T15:58:56.593+0000] {processor.py:186} INFO - Started process (PID=1709) to work on /usr/local/lib/python3.9/dist-packages/airflow/example_dags/example_params_trigger_ui.py
[2025-02-10T15:58:56.595+0000] {processor.py:914} INFO - Processing file /usr/local/lib/python3.9/dist-packages/airflow/example_dags/example_params_trigger_ui.py for tasks to queue
[2025-02-10T15:58:56.598+0000] {logging_mixin.py:190} INFO - [2025-02-10T15:58:56.597+0000] {dagbag.py:588} INFO - Filling up the DagBag from /usr/local/lib/python3.9/dist-packages/airflow/example_dags/example_params_trigger_ui.py
[2025-02-10T15:58:56.609+0000] {processor.py:925} INFO - DAG(s) 'example_params_trigger_ui' retrieved from /usr/local/lib/python3.9/dist-packages/airflow/example_dags/example_params_trigger_ui.py
[2025-02-10T15:58:56.659+0000] {logging_mixin.py:190} INFO - [2025-02-10T15:58:56.659+0000] {dag.py:3239} INFO - Sync 1 DAGs
[2025-02-10T15:58:56.675+0000] {logging_mixin.py:190} INFO - [2025-02-10T15:58:56.675+0000] {dag.py:4180} INFO - Setting next_dagrun for example_params_trigger_ui to None, run_after=None
[2025-02-10T15:58:56.755+0000] {processor.py:208} INFO - Processing /usr/local/lib/python3.9/dist-packages/airflow/example_dags/example_params_trigger_ui.py took 0.170 seconds
[2025-02-10T16:00:14.496+0000] {processor.py:186} INFO - Started process (PID=1774) to work on /usr/local/lib/python3.9/dist-packages/airflow/example_dags/example_params_trigger_ui.py
[2025-02-10T16:00:14.498+0000] {processor.py:914} INFO - Processing file /usr/local/lib/python3.9/dist-packages/airflow/example_dags/example_params_trigger_ui.py for tasks to queue
[2025-02-10T16:00:14.501+0000] {logging_mixin.py:190} INFO - [2025-02-10T16:00:14.500+0000] {dagbag.py:588} INFO - Filling up the DagBag from /usr/local/lib/python3.9/dist-packages/airflow/example_dags/example_params_trigger_ui.py
[2025-02-10T16:00:14.511+0000] {processor.py:925} INFO - DAG(s) 'example_params_trigger_ui' retrieved from /usr/local/lib/python3.9/dist-packages/airflow/example_dags/example_params_trigger_ui.py
[2025-02-10T16:00:14.567+0000] {logging_mixin.py:190} INFO - [2025-02-10T16:00:14.566+0000] {dag.py:3239} INFO - Sync 1 DAGs
[2025-02-10T16:00:14.585+0000] {logging_mixin.py:190} INFO - [2025-02-10T16:00:14.584+0000] {dag.py:4180} INFO - Setting next_dagrun for example_params_trigger_ui to None, run_after=None
[2025-02-10T16:00:14.661+0000] {processor.py:208} INFO - Processing /usr/local/lib/python3.9/dist-packages/airflow/example_dags/example_params_trigger_ui.py took 0.170 seconds
[2025-02-10T16:01:32.962+0000] {processor.py:186} INFO - Started process (PID=1840) to work on /usr/local/lib/python3.9/dist-packages/airflow/example_dags/example_params_trigger_ui.py
[2025-02-10T16:01:32.964+0000] {processor.py:914} INFO - Processing file /usr/local/lib/python3.9/dist-packages/airflow/example_dags/example_params_trigger_ui.py for tasks to queue
[2025-02-10T16:01:32.967+0000] {logging_mixin.py:190} INFO - [2025-02-10T16:01:32.967+0000] {dagbag.py:588} INFO - Filling up the DagBag from /usr/local/lib/python3.9/dist-packages/airflow/example_dags/example_params_trigger_ui.py
[2025-02-10T16:01:32.979+0000] {processor.py:925} INFO - DAG(s) 'example_params_trigger_ui' retrieved from /usr/local/lib/python3.9/dist-packages/airflow/example_dags/example_params_trigger_ui.py
[2025-02-10T16:01:33.035+0000] {logging_mixin.py:190} INFO - [2025-02-10T16:01:33.034+0000] {dag.py:3239} INFO - Sync 1 DAGs
[2025-02-10T16:01:33.052+0000] {logging_mixin.py:190} INFO - [2025-02-10T16:01:33.052+0000] {dag.py:4180} INFO - Setting next_dagrun for example_params_trigger_ui to None, run_after=None
[2025-02-10T16:01:33.131+0000] {processor.py:208} INFO - Processing /usr/local/lib/python3.9/dist-packages/airflow/example_dags/example_params_trigger_ui.py took 0.175 seconds
[2025-02-10T16:04:17.780+0000] {processor.py:186} INFO - Started process (PID=81) to work on /usr/local/lib/python3.9/dist-packages/airflow/example_dags/example_params_trigger_ui.py
[2025-02-10T16:04:17.781+0000] {processor.py:914} INFO - Processing file /usr/local/lib/python3.9/dist-packages/airflow/example_dags/example_params_trigger_ui.py for tasks to queue
[2025-02-10T16:04:17.784+0000] {logging_mixin.py:190} INFO - [2025-02-10T16:04:17.784+0000] {dagbag.py:588} INFO - Filling up the DagBag from /usr/local/lib/python3.9/dist-packages/airflow/example_dags/example_params_trigger_ui.py
[2025-02-10T16:04:17.794+0000] {processor.py:925} INFO - DAG(s) 'example_params_trigger_ui' retrieved from /usr/local/lib/python3.9/dist-packages/airflow/example_dags/example_params_trigger_ui.py
[2025-02-10T16:04:17.852+0000] {logging_mixin.py:190} INFO - [2025-02-10T16:04:17.852+0000] {dag.py:3239} INFO - Sync 1 DAGs
[2025-02-10T16:04:17.871+0000] {logging_mixin.py:190} INFO - [2025-02-10T16:04:17.871+0000] {dag.py:4180} INFO - Setting next_dagrun for example_params_trigger_ui to None, run_after=None
[2025-02-10T16:04:17.952+0000] {processor.py:208} INFO - Processing /usr/local/lib/python3.9/dist-packages/airflow/example_dags/example_params_trigger_ui.py took 0.177 seconds
[2025-02-10T16:05:34.090+0000] {processor.py:186} INFO - Started process (PID=146) to work on /usr/local/lib/python3.9/dist-packages/airflow/example_dags/example_params_trigger_ui.py
[2025-02-10T16:05:34.092+0000] {processor.py:914} INFO - Processing file /usr/local/lib/python3.9/dist-packages/airflow/example_dags/example_params_trigger_ui.py for tasks to queue
[2025-02-10T16:05:34.095+0000] {logging_mixin.py:190} INFO - [2025-02-10T16:05:34.094+0000] {dagbag.py:588} INFO - Filling up the DagBag from /usr/local/lib/python3.9/dist-packages/airflow/example_dags/example_params_trigger_ui.py
[2025-02-10T16:05:34.105+0000] {processor.py:925} INFO - DAG(s) 'example_params_trigger_ui' retrieved from /usr/local/lib/python3.9/dist-packages/airflow/example_dags/example_params_trigger_ui.py
[2025-02-10T16:05:34.157+0000] {logging_mixin.py:190} INFO - [2025-02-10T16:05:34.157+0000] {dag.py:3239} INFO - Sync 1 DAGs
[2025-02-10T16:05:34.176+0000] {logging_mixin.py:190} INFO - [2025-02-10T16:05:34.176+0000] {dag.py:4180} INFO - Setting next_dagrun for example_params_trigger_ui to None, run_after=None
[2025-02-10T16:05:34.258+0000] {processor.py:208} INFO - Processing /usr/local/lib/python3.9/dist-packages/airflow/example_dags/example_params_trigger_ui.py took 0.174 seconds
[2025-02-10T16:06:49.879+0000] {processor.py:186} INFO - Started process (PID=209) to work on /usr/local/lib/python3.9/dist-packages/airflow/example_dags/example_params_trigger_ui.py
[2025-02-10T16:06:49.881+0000] {processor.py:914} INFO - Processing file /usr/local/lib/python3.9/dist-packages/airflow/example_dags/example_params_trigger_ui.py for tasks to queue
[2025-02-10T16:06:49.884+0000] {logging_mixin.py:190} INFO - [2025-02-10T16:06:49.884+0000] {dagbag.py:588} INFO - Filling up the DagBag from /usr/local/lib/python3.9/dist-packages/airflow/example_dags/example_params_trigger_ui.py
[2025-02-10T16:06:49.895+0000] {processor.py:925} INFO - DAG(s) 'example_params_trigger_ui' retrieved from /usr/local/lib/python3.9/dist-packages/airflow/example_dags/example_params_trigger_ui.py
[2025-02-10T16:06:49.949+0000] {logging_mixin.py:190} INFO - [2025-02-10T16:06:49.949+0000] {dag.py:3239} INFO - Sync 1 DAGs
[2025-02-10T16:06:49.967+0000] {logging_mixin.py:190} INFO - [2025-02-10T16:06:49.966+0000] {dag.py:4180} INFO - Setting next_dagrun for example_params_trigger_ui to None, run_after=None
[2025-02-10T16:06:50.037+0000] {processor.py:208} INFO - Processing /usr/local/lib/python3.9/dist-packages/airflow/example_dags/example_params_trigger_ui.py took 0.164 seconds
[2025-02-10T16:08:07.370+0000] {processor.py:186} INFO - Started process (PID=273) to work on /usr/local/lib/python3.9/dist-packages/airflow/example_dags/example_params_trigger_ui.py
[2025-02-10T16:08:07.371+0000] {processor.py:914} INFO - Processing file /usr/local/lib/python3.9/dist-packages/airflow/example_dags/example_params_trigger_ui.py for tasks to queue
[2025-02-10T16:08:07.374+0000] {logging_mixin.py:190} INFO - [2025-02-10T16:08:07.374+0000] {dagbag.py:588} INFO - Filling up the DagBag from /usr/local/lib/python3.9/dist-packages/airflow/example_dags/example_params_trigger_ui.py
[2025-02-10T16:08:07.390+0000] {processor.py:925} INFO - DAG(s) 'example_params_trigger_ui' retrieved from /usr/local/lib/python3.9/dist-packages/airflow/example_dags/example_params_trigger_ui.py
[2025-02-10T16:08:07.487+0000] {logging_mixin.py:190} INFO - [2025-02-10T16:08:07.487+0000] {dag.py:3239} INFO - Sync 1 DAGs
[2025-02-10T16:08:07.524+0000] {logging_mixin.py:190} INFO - [2025-02-10T16:08:07.524+0000] {dag.py:4180} INFO - Setting next_dagrun for example_params_trigger_ui to None, run_after=None
[2025-02-10T16:08:07.648+0000] {processor.py:208} INFO - Processing /usr/local/lib/python3.9/dist-packages/airflow/example_dags/example_params_trigger_ui.py took 0.285 seconds
[2025-02-10T16:09:27.248+0000] {processor.py:186} INFO - Started process (PID=338) to work on /usr/local/lib/python3.9/dist-packages/airflow/example_dags/example_params_trigger_ui.py
[2025-02-10T16:09:27.249+0000] {processor.py:914} INFO - Processing file /usr/local/lib/python3.9/dist-packages/airflow/example_dags/example_params_trigger_ui.py for tasks to queue
[2025-02-10T16:09:27.252+0000] {logging_mixin.py:190} INFO - [2025-02-10T16:09:27.252+0000] {dagbag.py:588} INFO - Filling up the DagBag from /usr/local/lib/python3.9/dist-packages/airflow/example_dags/example_params_trigger_ui.py
[2025-02-10T16:09:27.263+0000] {processor.py:925} INFO - DAG(s) 'example_params_trigger_ui' retrieved from /usr/local/lib/python3.9/dist-packages/airflow/example_dags/example_params_trigger_ui.py
[2025-02-10T16:09:27.318+0000] {logging_mixin.py:190} INFO - [2025-02-10T16:09:27.318+0000] {dag.py:3239} INFO - Sync 1 DAGs
[2025-02-10T16:09:27.336+0000] {logging_mixin.py:190} INFO - [2025-02-10T16:09:27.336+0000] {dag.py:4180} INFO - Setting next_dagrun for example_params_trigger_ui to None, run_after=None
[2025-02-10T16:09:27.410+0000] {processor.py:208} INFO - Processing /usr/local/lib/python3.9/dist-packages/airflow/example_dags/example_params_trigger_ui.py took 0.167 seconds
[2025-02-10T16:10:43.650+0000] {processor.py:186} INFO - Started process (PID=402) to work on /usr/local/lib/python3.9/dist-packages/airflow/example_dags/example_params_trigger_ui.py
[2025-02-10T16:10:43.652+0000] {processor.py:914} INFO - Processing file /usr/local/lib/python3.9/dist-packages/airflow/example_dags/example_params_trigger_ui.py for tasks to queue
[2025-02-10T16:10:43.655+0000] {logging_mixin.py:190} INFO - [2025-02-10T16:10:43.654+0000] {dagbag.py:588} INFO - Filling up the DagBag from /usr/local/lib/python3.9/dist-packages/airflow/example_dags/example_params_trigger_ui.py
[2025-02-10T16:10:43.665+0000] {processor.py:925} INFO - DAG(s) 'example_params_trigger_ui' retrieved from /usr/local/lib/python3.9/dist-packages/airflow/example_dags/example_params_trigger_ui.py
[2025-02-10T16:10:43.722+0000] {logging_mixin.py:190} INFO - [2025-02-10T16:10:43.722+0000] {dag.py:3239} INFO - Sync 1 DAGs
[2025-02-10T16:10:43.740+0000] {logging_mixin.py:190} INFO - [2025-02-10T16:10:43.739+0000] {dag.py:4180} INFO - Setting next_dagrun for example_params_trigger_ui to None, run_after=None
[2025-02-10T16:10:43.815+0000] {processor.py:208} INFO - Processing /usr/local/lib/python3.9/dist-packages/airflow/example_dags/example_params_trigger_ui.py took 0.170 seconds
[2025-02-10T16:11:59.402+0000] {processor.py:186} INFO - Started process (PID=466) to work on /usr/local/lib/python3.9/dist-packages/airflow/example_dags/example_params_trigger_ui.py
[2025-02-10T16:11:59.403+0000] {processor.py:914} INFO - Processing file /usr/local/lib/python3.9/dist-packages/airflow/example_dags/example_params_trigger_ui.py for tasks to queue
[2025-02-10T16:11:59.406+0000] {logging_mixin.py:190} INFO - [2025-02-10T16:11:59.406+0000] {dagbag.py:588} INFO - Filling up the DagBag from /usr/local/lib/python3.9/dist-packages/airflow/example_dags/example_params_trigger_ui.py
[2025-02-10T16:11:59.417+0000] {processor.py:925} INFO - DAG(s) 'example_params_trigger_ui' retrieved from /usr/local/lib/python3.9/dist-packages/airflow/example_dags/example_params_trigger_ui.py
[2025-02-10T16:11:59.471+0000] {logging_mixin.py:190} INFO - [2025-02-10T16:11:59.471+0000] {dag.py:3239} INFO - Sync 1 DAGs
[2025-02-10T16:11:59.488+0000] {logging_mixin.py:190} INFO - [2025-02-10T16:11:59.487+0000] {dag.py:4180} INFO - Setting next_dagrun for example_params_trigger_ui to None, run_after=None
[2025-02-10T16:11:59.565+0000] {processor.py:208} INFO - Processing /usr/local/lib/python3.9/dist-packages/airflow/example_dags/example_params_trigger_ui.py took 0.169 seconds
[2025-02-10T16:13:13.299+0000] {processor.py:186} INFO - Started process (PID=530) to work on /usr/local/lib/python3.9/dist-packages/airflow/example_dags/example_params_trigger_ui.py
[2025-02-10T16:13:13.301+0000] {processor.py:914} INFO - Processing file /usr/local/lib/python3.9/dist-packages/airflow/example_dags/example_params_trigger_ui.py for tasks to queue
[2025-02-10T16:13:13.303+0000] {logging_mixin.py:190} INFO - [2025-02-10T16:13:13.303+0000] {dagbag.py:588} INFO - Filling up the DagBag from /usr/local/lib/python3.9/dist-packages/airflow/example_dags/example_params_trigger_ui.py
[2025-02-10T16:13:13.314+0000] {processor.py:925} INFO - DAG(s) 'example_params_trigger_ui' retrieved from /usr/local/lib/python3.9/dist-packages/airflow/example_dags/example_params_trigger_ui.py
[2025-02-10T16:13:13.373+0000] {logging_mixin.py:190} INFO - [2025-02-10T16:13:13.373+0000] {dag.py:3239} INFO - Sync 1 DAGs
[2025-02-10T16:13:13.393+0000] {logging_mixin.py:190} INFO - [2025-02-10T16:13:13.393+0000] {dag.py:4180} INFO - Setting next_dagrun for example_params_trigger_ui to None, run_after=None
[2025-02-10T16:13:13.460+0000] {processor.py:208} INFO - Processing /usr/local/lib/python3.9/dist-packages/airflow/example_dags/example_params_trigger_ui.py took 0.166 seconds
[2025-02-10T16:14:25.629+0000] {processor.py:186} INFO - Started process (PID=592) to work on /usr/local/lib/python3.9/dist-packages/airflow/example_dags/example_params_trigger_ui.py
[2025-02-10T16:14:25.631+0000] {processor.py:914} INFO - Processing file /usr/local/lib/python3.9/dist-packages/airflow/example_dags/example_params_trigger_ui.py for tasks to queue
[2025-02-10T16:14:25.634+0000] {logging_mixin.py:190} INFO - [2025-02-10T16:14:25.633+0000] {dagbag.py:588} INFO - Filling up the DagBag from /usr/local/lib/python3.9/dist-packages/airflow/example_dags/example_params_trigger_ui.py
[2025-02-10T16:14:25.644+0000] {processor.py:925} INFO - DAG(s) 'example_params_trigger_ui' retrieved from /usr/local/lib/python3.9/dist-packages/airflow/example_dags/example_params_trigger_ui.py
[2025-02-10T16:14:25.697+0000] {logging_mixin.py:190} INFO - [2025-02-10T16:14:25.697+0000] {dag.py:3239} INFO - Sync 1 DAGs
[2025-02-10T16:14:25.715+0000] {logging_mixin.py:190} INFO - [2025-02-10T16:14:25.715+0000] {dag.py:4180} INFO - Setting next_dagrun for example_params_trigger_ui to None, run_after=None
[2025-02-10T16:14:25.790+0000] {processor.py:208} INFO - Processing /usr/local/lib/python3.9/dist-packages/airflow/example_dags/example_params_trigger_ui.py took 0.166 seconds
[2025-02-10T16:15:44.074+0000] {processor.py:186} INFO - Started process (PID=656) to work on /usr/local/lib/python3.9/dist-packages/airflow/example_dags/example_params_trigger_ui.py
[2025-02-10T16:15:44.076+0000] {processor.py:914} INFO - Processing file /usr/local/lib/python3.9/dist-packages/airflow/example_dags/example_params_trigger_ui.py for tasks to queue
[2025-02-10T16:15:44.079+0000] {logging_mixin.py:190} INFO - [2025-02-10T16:15:44.078+0000] {dagbag.py:588} INFO - Filling up the DagBag from /usr/local/lib/python3.9/dist-packages/airflow/example_dags/example_params_trigger_ui.py
[2025-02-10T16:15:44.090+0000] {processor.py:925} INFO - DAG(s) 'example_params_trigger_ui' retrieved from /usr/local/lib/python3.9/dist-packages/airflow/example_dags/example_params_trigger_ui.py
[2025-02-10T16:15:44.144+0000] {logging_mixin.py:190} INFO - [2025-02-10T16:15:44.144+0000] {dag.py:3239} INFO - Sync 1 DAGs
[2025-02-10T16:15:44.162+0000] {logging_mixin.py:190} INFO - [2025-02-10T16:15:44.162+0000] {dag.py:4180} INFO - Setting next_dagrun for example_params_trigger_ui to None, run_after=None
[2025-02-10T16:15:44.240+0000] {processor.py:208} INFO - Processing /usr/local/lib/python3.9/dist-packages/airflow/example_dags/example_params_trigger_ui.py took 0.172 seconds
[2025-02-10T16:17:05.535+0000] {processor.py:186} INFO - Started process (PID=723) to work on /usr/local/lib/python3.9/dist-packages/airflow/example_dags/example_params_trigger_ui.py
[2025-02-10T16:17:05.537+0000] {processor.py:914} INFO - Processing file /usr/local/lib/python3.9/dist-packages/airflow/example_dags/example_params_trigger_ui.py for tasks to queue
[2025-02-10T16:17:05.540+0000] {logging_mixin.py:190} INFO - [2025-02-10T16:17:05.539+0000] {dagbag.py:588} INFO - Filling up the DagBag from /usr/local/lib/python3.9/dist-packages/airflow/example_dags/example_params_trigger_ui.py
[2025-02-10T16:17:05.551+0000] {processor.py:925} INFO - DAG(s) 'example_params_trigger_ui' retrieved from /usr/local/lib/python3.9/dist-packages/airflow/example_dags/example_params_trigger_ui.py
[2025-02-10T16:17:05.612+0000] {logging_mixin.py:190} INFO - [2025-02-10T16:17:05.612+0000] {dag.py:3239} INFO - Sync 1 DAGs
[2025-02-10T16:17:05.633+0000] {logging_mixin.py:190} INFO - [2025-02-10T16:17:05.632+0000] {dag.py:4180} INFO - Setting next_dagrun for example_params_trigger_ui to None, run_after=None
[2025-02-10T16:17:05.715+0000] {processor.py:208} INFO - Processing /usr/local/lib/python3.9/dist-packages/airflow/example_dags/example_params_trigger_ui.py took 0.185 seconds
[2025-02-10T16:18:16.807+0000] {processor.py:186} INFO - Started process (PID=786) to work on /usr/local/lib/python3.9/dist-packages/airflow/example_dags/example_params_trigger_ui.py
[2025-02-10T16:18:16.809+0000] {processor.py:914} INFO - Processing file /usr/local/lib/python3.9/dist-packages/airflow/example_dags/example_params_trigger_ui.py for tasks to queue
[2025-02-10T16:18:16.811+0000] {logging_mixin.py:190} INFO - [2025-02-10T16:18:16.811+0000] {dagbag.py:588} INFO - Filling up the DagBag from /usr/local/lib/python3.9/dist-packages/airflow/example_dags/example_params_trigger_ui.py
[2025-02-10T16:18:16.821+0000] {processor.py:925} INFO - DAG(s) 'example_params_trigger_ui' retrieved from /usr/local/lib/python3.9/dist-packages/airflow/example_dags/example_params_trigger_ui.py
[2025-02-10T16:18:16.877+0000] {logging_mixin.py:190} INFO - [2025-02-10T16:18:16.877+0000] {dag.py:3239} INFO - Sync 1 DAGs
[2025-02-10T16:18:16.895+0000] {logging_mixin.py:190} INFO - [2025-02-10T16:18:16.894+0000] {dag.py:4180} INFO - Setting next_dagrun for example_params_trigger_ui to None, run_after=None
[2025-02-10T16:18:16.970+0000] {processor.py:208} INFO - Processing /usr/local/lib/python3.9/dist-packages/airflow/example_dags/example_params_trigger_ui.py took 0.168 seconds
[2025-02-10T16:19:36.403+0000] {processor.py:186} INFO - Started process (PID=851) to work on /usr/local/lib/python3.9/dist-packages/airflow/example_dags/example_params_trigger_ui.py
[2025-02-10T16:19:36.404+0000] {processor.py:914} INFO - Processing file /usr/local/lib/python3.9/dist-packages/airflow/example_dags/example_params_trigger_ui.py for tasks to queue
[2025-02-10T16:19:36.407+0000] {logging_mixin.py:190} INFO - [2025-02-10T16:19:36.406+0000] {dagbag.py:588} INFO - Filling up the DagBag from /usr/local/lib/python3.9/dist-packages/airflow/example_dags/example_params_trigger_ui.py
[2025-02-10T16:19:36.417+0000] {processor.py:925} INFO - DAG(s) 'example_params_trigger_ui' retrieved from /usr/local/lib/python3.9/dist-packages/airflow/example_dags/example_params_trigger_ui.py
[2025-02-10T16:19:36.468+0000] {logging_mixin.py:190} INFO - [2025-02-10T16:19:36.467+0000] {dag.py:3239} INFO - Sync 1 DAGs
[2025-02-10T16:19:36.484+0000] {logging_mixin.py:190} INFO - [2025-02-10T16:19:36.484+0000] {dag.py:4180} INFO - Setting next_dagrun for example_params_trigger_ui to None, run_after=None
[2025-02-10T16:19:36.559+0000] {processor.py:208} INFO - Processing /usr/local/lib/python3.9/dist-packages/airflow/example_dags/example_params_trigger_ui.py took 0.162 seconds
[2025-02-10T16:20:55.218+0000] {processor.py:186} INFO - Started process (PID=915) to work on /usr/local/lib/python3.9/dist-packages/airflow/example_dags/example_params_trigger_ui.py
[2025-02-10T16:20:55.220+0000] {processor.py:914} INFO - Processing file /usr/local/lib/python3.9/dist-packages/airflow/example_dags/example_params_trigger_ui.py for tasks to queue
[2025-02-10T16:20:55.222+0000] {logging_mixin.py:190} INFO - [2025-02-10T16:20:55.222+0000] {dagbag.py:588} INFO - Filling up the DagBag from /usr/local/lib/python3.9/dist-packages/airflow/example_dags/example_params_trigger_ui.py
[2025-02-10T16:20:55.235+0000] {processor.py:925} INFO - DAG(s) 'example_params_trigger_ui' retrieved from /usr/local/lib/python3.9/dist-packages/airflow/example_dags/example_params_trigger_ui.py
[2025-02-10T16:20:55.290+0000] {logging_mixin.py:190} INFO - [2025-02-10T16:20:55.290+0000] {dag.py:3239} INFO - Sync 1 DAGs
[2025-02-10T16:20:55.307+0000] {logging_mixin.py:190} INFO - [2025-02-10T16:20:55.307+0000] {dag.py:4180} INFO - Setting next_dagrun for example_params_trigger_ui to None, run_after=None
[2025-02-10T16:20:55.386+0000] {processor.py:208} INFO - Processing /usr/local/lib/python3.9/dist-packages/airflow/example_dags/example_params_trigger_ui.py took 0.174 seconds
[2025-02-10T16:22:15.899+0000] {processor.py:186} INFO - Started process (PID=985) to work on /usr/local/lib/python3.9/dist-packages/airflow/example_dags/example_params_trigger_ui.py
[2025-02-10T16:22:15.901+0000] {processor.py:914} INFO - Processing file /usr/local/lib/python3.9/dist-packages/airflow/example_dags/example_params_trigger_ui.py for tasks to queue
[2025-02-10T16:22:15.904+0000] {logging_mixin.py:190} INFO - [2025-02-10T16:22:15.904+0000] {dagbag.py:588} INFO - Filling up the DagBag from /usr/local/lib/python3.9/dist-packages/airflow/example_dags/example_params_trigger_ui.py
[2025-02-10T16:22:15.917+0000] {processor.py:925} INFO - DAG(s) 'example_params_trigger_ui' retrieved from /usr/local/lib/python3.9/dist-packages/airflow/example_dags/example_params_trigger_ui.py
[2025-02-10T16:22:15.972+0000] {logging_mixin.py:190} INFO - [2025-02-10T16:22:15.972+0000] {dag.py:3239} INFO - Sync 1 DAGs
[2025-02-10T16:22:15.992+0000] {logging_mixin.py:190} INFO - [2025-02-10T16:22:15.992+0000] {dag.py:4180} INFO - Setting next_dagrun for example_params_trigger_ui to None, run_after=None
[2025-02-10T16:22:16.065+0000] {processor.py:208} INFO - Processing /usr/local/lib/python3.9/dist-packages/airflow/example_dags/example_params_trigger_ui.py took 0.172 seconds
[2025-02-10T16:23:33.727+0000] {processor.py:186} INFO - Started process (PID=1050) to work on /usr/local/lib/python3.9/dist-packages/airflow/example_dags/example_params_trigger_ui.py
[2025-02-10T16:23:33.729+0000] {processor.py:914} INFO - Processing file /usr/local/lib/python3.9/dist-packages/airflow/example_dags/example_params_trigger_ui.py for tasks to queue
[2025-02-10T16:23:33.731+0000] {logging_mixin.py:190} INFO - [2025-02-10T16:23:33.731+0000] {dagbag.py:588} INFO - Filling up the DagBag from /usr/local/lib/python3.9/dist-packages/airflow/example_dags/example_params_trigger_ui.py
[2025-02-10T16:23:33.741+0000] {processor.py:925} INFO - DAG(s) 'example_params_trigger_ui' retrieved from /usr/local/lib/python3.9/dist-packages/airflow/example_dags/example_params_trigger_ui.py
[2025-02-10T16:23:33.798+0000] {logging_mixin.py:190} INFO - [2025-02-10T16:23:33.798+0000] {dag.py:3239} INFO - Sync 1 DAGs
[2025-02-10T16:23:33.819+0000] {logging_mixin.py:190} INFO - [2025-02-10T16:23:33.819+0000] {dag.py:4180} INFO - Setting next_dagrun for example_params_trigger_ui to None, run_after=None
[2025-02-10T16:23:33.896+0000] {processor.py:208} INFO - Processing /usr/local/lib/python3.9/dist-packages/airflow/example_dags/example_params_trigger_ui.py took 0.174 seconds
[2025-02-10T16:24:52.464+0000] {processor.py:186} INFO - Started process (PID=1114) to work on /usr/local/lib/python3.9/dist-packages/airflow/example_dags/example_params_trigger_ui.py
[2025-02-10T16:24:52.466+0000] {processor.py:914} INFO - Processing file /usr/local/lib/python3.9/dist-packages/airflow/example_dags/example_params_trigger_ui.py for tasks to queue
[2025-02-10T16:24:52.469+0000] {logging_mixin.py:190} INFO - [2025-02-10T16:24:52.468+0000] {dagbag.py:588} INFO - Filling up the DagBag from /usr/local/lib/python3.9/dist-packages/airflow/example_dags/example_params_trigger_ui.py
[2025-02-10T16:24:52.479+0000] {processor.py:925} INFO - DAG(s) 'example_params_trigger_ui' retrieved from /usr/local/lib/python3.9/dist-packages/airflow/example_dags/example_params_trigger_ui.py
[2025-02-10T16:24:52.531+0000] {logging_mixin.py:190} INFO - [2025-02-10T16:24:52.531+0000] {dag.py:3239} INFO - Sync 1 DAGs
[2025-02-10T16:24:52.548+0000] {logging_mixin.py:190} INFO - [2025-02-10T16:24:52.547+0000] {dag.py:4180} INFO - Setting next_dagrun for example_params_trigger_ui to None, run_after=None
[2025-02-10T16:24:52.626+0000] {processor.py:208} INFO - Processing /usr/local/lib/python3.9/dist-packages/airflow/example_dags/example_params_trigger_ui.py took 0.168 seconds
[2025-02-10T16:26:15.930+0000] {processor.py:186} INFO - Started process (PID=1182) to work on /usr/local/lib/python3.9/dist-packages/airflow/example_dags/example_params_trigger_ui.py
[2025-02-10T16:26:15.932+0000] {processor.py:914} INFO - Processing file /usr/local/lib/python3.9/dist-packages/airflow/example_dags/example_params_trigger_ui.py for tasks to queue
[2025-02-10T16:26:15.935+0000] {logging_mixin.py:190} INFO - [2025-02-10T16:26:15.935+0000] {dagbag.py:588} INFO - Filling up the DagBag from /usr/local/lib/python3.9/dist-packages/airflow/example_dags/example_params_trigger_ui.py
[2025-02-10T16:26:15.946+0000] {processor.py:925} INFO - DAG(s) 'example_params_trigger_ui' retrieved from /usr/local/lib/python3.9/dist-packages/airflow/example_dags/example_params_trigger_ui.py
[2025-02-10T16:26:15.999+0000] {logging_mixin.py:190} INFO - [2025-02-10T16:26:15.999+0000] {dag.py:3239} INFO - Sync 1 DAGs
[2025-02-10T16:26:16.016+0000] {logging_mixin.py:190} INFO - [2025-02-10T16:26:16.016+0000] {dag.py:4180} INFO - Setting next_dagrun for example_params_trigger_ui to None, run_after=None
[2025-02-10T16:26:16.091+0000] {processor.py:208} INFO - Processing /usr/local/lib/python3.9/dist-packages/airflow/example_dags/example_params_trigger_ui.py took 0.167 seconds
[2025-02-10T16:27:35.909+0000] {processor.py:186} INFO - Started process (PID=1248) to work on /usr/local/lib/python3.9/dist-packages/airflow/example_dags/example_params_trigger_ui.py
[2025-02-10T16:27:35.911+0000] {processor.py:914} INFO - Processing file /usr/local/lib/python3.9/dist-packages/airflow/example_dags/example_params_trigger_ui.py for tasks to queue
[2025-02-10T16:27:35.913+0000] {logging_mixin.py:190} INFO - [2025-02-10T16:27:35.913+0000] {dagbag.py:588} INFO - Filling up the DagBag from /usr/local/lib/python3.9/dist-packages/airflow/example_dags/example_params_trigger_ui.py
[2025-02-10T16:27:35.923+0000] {processor.py:925} INFO - DAG(s) 'example_params_trigger_ui' retrieved from /usr/local/lib/python3.9/dist-packages/airflow/example_dags/example_params_trigger_ui.py
[2025-02-10T16:27:35.981+0000] {logging_mixin.py:190} INFO - [2025-02-10T16:27:35.980+0000] {dag.py:3239} INFO - Sync 1 DAGs
[2025-02-10T16:27:35.999+0000] {logging_mixin.py:190} INFO - [2025-02-10T16:27:35.999+0000] {dag.py:4180} INFO - Setting next_dagrun for example_params_trigger_ui to None, run_after=None
[2025-02-10T16:27:36.073+0000] {processor.py:208} INFO - Processing /usr/local/lib/python3.9/dist-packages/airflow/example_dags/example_params_trigger_ui.py took 0.169 seconds
[2025-02-10T16:28:53.527+0000] {processor.py:186} INFO - Started process (PID=1312) to work on /usr/local/lib/python3.9/dist-packages/airflow/example_dags/example_params_trigger_ui.py
[2025-02-10T16:28:53.529+0000] {processor.py:914} INFO - Processing file /usr/local/lib/python3.9/dist-packages/airflow/example_dags/example_params_trigger_ui.py for tasks to queue
[2025-02-10T16:28:53.532+0000] {logging_mixin.py:190} INFO - [2025-02-10T16:28:53.531+0000] {dagbag.py:588} INFO - Filling up the DagBag from /usr/local/lib/python3.9/dist-packages/airflow/example_dags/example_params_trigger_ui.py
[2025-02-10T16:28:53.542+0000] {processor.py:925} INFO - DAG(s) 'example_params_trigger_ui' retrieved from /usr/local/lib/python3.9/dist-packages/airflow/example_dags/example_params_trigger_ui.py
[2025-02-10T16:28:53.595+0000] {logging_mixin.py:190} INFO - [2025-02-10T16:28:53.595+0000] {dag.py:3239} INFO - Sync 1 DAGs
[2025-02-10T16:28:53.613+0000] {logging_mixin.py:190} INFO - [2025-02-10T16:28:53.612+0000] {dag.py:4180} INFO - Setting next_dagrun for example_params_trigger_ui to None, run_after=None
[2025-02-10T16:28:53.689+0000] {processor.py:208} INFO - Processing /usr/local/lib/python3.9/dist-packages/airflow/example_dags/example_params_trigger_ui.py took 0.167 seconds
[2025-02-10T16:30:10.552+0000] {processor.py:186} INFO - Started process (PID=1377) to work on /usr/local/lib/python3.9/dist-packages/airflow/example_dags/example_params_trigger_ui.py
[2025-02-10T16:30:10.554+0000] {processor.py:914} INFO - Processing file /usr/local/lib/python3.9/dist-packages/airflow/example_dags/example_params_trigger_ui.py for tasks to queue
[2025-02-10T16:30:10.557+0000] {logging_mixin.py:190} INFO - [2025-02-10T16:30:10.556+0000] {dagbag.py:588} INFO - Filling up the DagBag from /usr/local/lib/python3.9/dist-packages/airflow/example_dags/example_params_trigger_ui.py
[2025-02-10T16:30:10.567+0000] {processor.py:925} INFO - DAG(s) 'example_params_trigger_ui' retrieved from /usr/local/lib/python3.9/dist-packages/airflow/example_dags/example_params_trigger_ui.py
[2025-02-10T16:30:10.621+0000] {logging_mixin.py:190} INFO - [2025-02-10T16:30:10.621+0000] {dag.py:3239} INFO - Sync 1 DAGs
[2025-02-10T16:30:10.638+0000] {logging_mixin.py:190} INFO - [2025-02-10T16:30:10.637+0000] {dag.py:4180} INFO - Setting next_dagrun for example_params_trigger_ui to None, run_after=None
[2025-02-10T16:30:10.712+0000] {processor.py:208} INFO - Processing /usr/local/lib/python3.9/dist-packages/airflow/example_dags/example_params_trigger_ui.py took 0.165 seconds
[2025-02-10T16:31:24.670+0000] {processor.py:186} INFO - Started process (PID=1440) to work on /usr/local/lib/python3.9/dist-packages/airflow/example_dags/example_params_trigger_ui.py
[2025-02-10T16:31:24.672+0000] {processor.py:914} INFO - Processing file /usr/local/lib/python3.9/dist-packages/airflow/example_dags/example_params_trigger_ui.py for tasks to queue
[2025-02-10T16:31:24.675+0000] {logging_mixin.py:190} INFO - [2025-02-10T16:31:24.674+0000] {dagbag.py:588} INFO - Filling up the DagBag from /usr/local/lib/python3.9/dist-packages/airflow/example_dags/example_params_trigger_ui.py
[2025-02-10T16:31:24.686+0000] {processor.py:925} INFO - DAG(s) 'example_params_trigger_ui' retrieved from /usr/local/lib/python3.9/dist-packages/airflow/example_dags/example_params_trigger_ui.py
[2025-02-10T16:31:24.738+0000] {logging_mixin.py:190} INFO - [2025-02-10T16:31:24.738+0000] {dag.py:3239} INFO - Sync 1 DAGs
[2025-02-10T16:31:24.756+0000] {logging_mixin.py:190} INFO - [2025-02-10T16:31:24.755+0000] {dag.py:4180} INFO - Setting next_dagrun for example_params_trigger_ui to None, run_after=None
[2025-02-10T16:31:24.828+0000] {processor.py:208} INFO - Processing /usr/local/lib/python3.9/dist-packages/airflow/example_dags/example_params_trigger_ui.py took 0.163 seconds
[2025-02-10T16:32:43.793+0000] {processor.py:186} INFO - Started process (PID=1504) to work on /usr/local/lib/python3.9/dist-packages/airflow/example_dags/example_params_trigger_ui.py
[2025-02-10T16:32:43.795+0000] {processor.py:914} INFO - Processing file /usr/local/lib/python3.9/dist-packages/airflow/example_dags/example_params_trigger_ui.py for tasks to queue
[2025-02-10T16:32:43.799+0000] {logging_mixin.py:190} INFO - [2025-02-10T16:32:43.798+0000] {dagbag.py:588} INFO - Filling up the DagBag from /usr/local/lib/python3.9/dist-packages/airflow/example_dags/example_params_trigger_ui.py
[2025-02-10T16:32:43.812+0000] {processor.py:925} INFO - DAG(s) 'example_params_trigger_ui' retrieved from /usr/local/lib/python3.9/dist-packages/airflow/example_dags/example_params_trigger_ui.py
[2025-02-10T16:32:43.866+0000] {logging_mixin.py:190} INFO - [2025-02-10T16:32:43.866+0000] {dag.py:3239} INFO - Sync 1 DAGs
[2025-02-10T16:32:43.884+0000] {logging_mixin.py:190} INFO - [2025-02-10T16:32:43.884+0000] {dag.py:4180} INFO - Setting next_dagrun for example_params_trigger_ui to None, run_after=None
[2025-02-10T16:32:43.965+0000] {processor.py:208} INFO - Processing /usr/local/lib/python3.9/dist-packages/airflow/example_dags/example_params_trigger_ui.py took 0.179 seconds
[2025-02-10T16:33:59.087+0000] {processor.py:186} INFO - Started process (PID=1568) to work on /usr/local/lib/python3.9/dist-packages/airflow/example_dags/example_params_trigger_ui.py
[2025-02-10T16:33:59.088+0000] {processor.py:914} INFO - Processing file /usr/local/lib/python3.9/dist-packages/airflow/example_dags/example_params_trigger_ui.py for tasks to queue
[2025-02-10T16:33:59.091+0000] {logging_mixin.py:190} INFO - [2025-02-10T16:33:59.090+0000] {dagbag.py:588} INFO - Filling up the DagBag from /usr/local/lib/python3.9/dist-packages/airflow/example_dags/example_params_trigger_ui.py
[2025-02-10T16:33:59.101+0000] {processor.py:925} INFO - DAG(s) 'example_params_trigger_ui' retrieved from /usr/local/lib/python3.9/dist-packages/airflow/example_dags/example_params_trigger_ui.py
[2025-02-10T16:33:59.155+0000] {logging_mixin.py:190} INFO - [2025-02-10T16:33:59.154+0000] {dag.py:3239} INFO - Sync 1 DAGs
[2025-02-10T16:33:59.173+0000] {logging_mixin.py:190} INFO - [2025-02-10T16:33:59.172+0000] {dag.py:4180} INFO - Setting next_dagrun for example_params_trigger_ui to None, run_after=None
[2025-02-10T16:33:59.257+0000] {processor.py:208} INFO - Processing /usr/local/lib/python3.9/dist-packages/airflow/example_dags/example_params_trigger_ui.py took 0.175 seconds
[2025-02-10T16:35:12.631+0000] {processor.py:186} INFO - Started process (PID=1631) to work on /usr/local/lib/python3.9/dist-packages/airflow/example_dags/example_params_trigger_ui.py
[2025-02-10T16:35:12.632+0000] {processor.py:914} INFO - Processing file /usr/local/lib/python3.9/dist-packages/airflow/example_dags/example_params_trigger_ui.py for tasks to queue
[2025-02-10T16:35:12.635+0000] {logging_mixin.py:190} INFO - [2025-02-10T16:35:12.634+0000] {dagbag.py:588} INFO - Filling up the DagBag from /usr/local/lib/python3.9/dist-packages/airflow/example_dags/example_params_trigger_ui.py
[2025-02-10T16:35:12.645+0000] {processor.py:925} INFO - DAG(s) 'example_params_trigger_ui' retrieved from /usr/local/lib/python3.9/dist-packages/airflow/example_dags/example_params_trigger_ui.py
[2025-02-10T16:35:12.698+0000] {logging_mixin.py:190} INFO - [2025-02-10T16:35:12.697+0000] {dag.py:3239} INFO - Sync 1 DAGs
[2025-02-10T16:35:12.714+0000] {logging_mixin.py:190} INFO - [2025-02-10T16:35:12.713+0000] {dag.py:4180} INFO - Setting next_dagrun for example_params_trigger_ui to None, run_after=None
[2025-02-10T16:35:12.787+0000] {processor.py:208} INFO - Processing /usr/local/lib/python3.9/dist-packages/airflow/example_dags/example_params_trigger_ui.py took 0.162 seconds
[2025-02-10T16:36:30.144+0000] {processor.py:186} INFO - Started process (PID=1695) to work on /usr/local/lib/python3.9/dist-packages/airflow/example_dags/example_params_trigger_ui.py
[2025-02-10T16:36:30.146+0000] {processor.py:914} INFO - Processing file /usr/local/lib/python3.9/dist-packages/airflow/example_dags/example_params_trigger_ui.py for tasks to queue
[2025-02-10T16:36:30.148+0000] {logging_mixin.py:190} INFO - [2025-02-10T16:36:30.148+0000] {dagbag.py:588} INFO - Filling up the DagBag from /usr/local/lib/python3.9/dist-packages/airflow/example_dags/example_params_trigger_ui.py
[2025-02-10T16:36:30.160+0000] {processor.py:925} INFO - DAG(s) 'example_params_trigger_ui' retrieved from /usr/local/lib/python3.9/dist-packages/airflow/example_dags/example_params_trigger_ui.py
[2025-02-10T16:36:30.216+0000] {logging_mixin.py:190} INFO - [2025-02-10T16:36:30.216+0000] {dag.py:3239} INFO - Sync 1 DAGs
[2025-02-10T16:36:30.234+0000] {logging_mixin.py:190} INFO - [2025-02-10T16:36:30.233+0000] {dag.py:4180} INFO - Setting next_dagrun for example_params_trigger_ui to None, run_after=None
[2025-02-10T16:36:30.314+0000] {processor.py:208} INFO - Processing /usr/local/lib/python3.9/dist-packages/airflow/example_dags/example_params_trigger_ui.py took 0.176 seconds
[2025-02-10T16:37:53.169+0000] {processor.py:186} INFO - Started process (PID=1761) to work on /usr/local/lib/python3.9/dist-packages/airflow/example_dags/example_params_trigger_ui.py
[2025-02-10T16:37:53.171+0000] {processor.py:914} INFO - Processing file /usr/local/lib/python3.9/dist-packages/airflow/example_dags/example_params_trigger_ui.py for tasks to queue
[2025-02-10T16:37:53.174+0000] {logging_mixin.py:190} INFO - [2025-02-10T16:37:53.174+0000] {dagbag.py:588} INFO - Filling up the DagBag from /usr/local/lib/python3.9/dist-packages/airflow/example_dags/example_params_trigger_ui.py
[2025-02-10T16:37:53.187+0000] {processor.py:925} INFO - DAG(s) 'example_params_trigger_ui' retrieved from /usr/local/lib/python3.9/dist-packages/airflow/example_dags/example_params_trigger_ui.py
[2025-02-10T16:37:53.246+0000] {logging_mixin.py:190} INFO - [2025-02-10T16:37:53.245+0000] {dag.py:3239} INFO - Sync 1 DAGs
[2025-02-10T16:37:53.264+0000] {logging_mixin.py:190} INFO - [2025-02-10T16:37:53.264+0000] {dag.py:4180} INFO - Setting next_dagrun for example_params_trigger_ui to None, run_after=None
[2025-02-10T16:37:53.345+0000] {processor.py:208} INFO - Processing /usr/local/lib/python3.9/dist-packages/airflow/example_dags/example_params_trigger_ui.py took 0.188 seconds
