[2025-02-10T14:49:08.029+0000] {processor.py:186} INFO - Started process (PID=74) to work on /usr/local/lib/python3.9/dist-packages/airflow/example_dags/example_complex.py
[2025-02-10T14:49:08.030+0000] {processor.py:914} INFO - Processing file /usr/local/lib/python3.9/dist-packages/airflow/example_dags/example_complex.py for tasks to queue
[2025-02-10T14:49:08.033+0000] {logging_mixin.py:190} INFO - [2025-02-10T14:49:08.033+0000] {dagbag.py:588} INFO - Filling up the DagBag from /usr/local/lib/python3.9/dist-packages/airflow/example_dags/example_complex.py
[2025-02-10T14:49:08.047+0000] {processor.py:925} INFO - DAG(s) 'example_complex' retrieved from /usr/local/lib/python3.9/dist-packages/airflow/example_dags/example_complex.py
[2025-02-10T14:49:08.241+0000] {logging_mixin.py:190} INFO - [2025-02-10T14:49:08.239+0000] {override.py:1930} INFO - Created Permission View: can delete on DAG:example_complex
[2025-02-10T14:49:08.291+0000] {logging_mixin.py:190} INFO - [2025-02-10T14:49:08.290+0000] {override.py:1930} INFO - Created Permission View: can read on DAG:example_complex
[2025-02-10T14:49:08.341+0000] {logging_mixin.py:190} INFO - [2025-02-10T14:49:08.341+0000] {override.py:1930} INFO - Created Permission View: can edit on DAG:example_complex
[2025-02-10T14:49:08.422+0000] {logging_mixin.py:190} INFO - [2025-02-10T14:49:08.421+0000] {override.py:1930} INFO - Created Permission View: can create on DAG Run:example_complex
[2025-02-10T14:49:08.473+0000] {logging_mixin.py:190} INFO - [2025-02-10T14:49:08.473+0000] {override.py:1930} INFO - Created Permission View: can delete on DAG Run:example_complex
[2025-02-10T14:49:08.523+0000] {logging_mixin.py:190} INFO - [2025-02-10T14:49:08.523+0000] {override.py:1930} INFO - Created Permission View: can read on DAG Run:example_complex
[2025-02-10T14:49:08.577+0000] {logging_mixin.py:190} INFO - [2025-02-10T14:49:08.577+0000] {override.py:1930} INFO - Created Permission View: menu access on DAG Run:example_complex
[2025-02-10T14:49:08.579+0000] {logging_mixin.py:190} INFO - [2025-02-10T14:49:08.578+0000] {dag.py:3239} INFO - Sync 1 DAGs
[2025-02-10T14:49:08.606+0000] {logging_mixin.py:190} INFO - [2025-02-10T14:49:08.605+0000] {dag.py:3262} INFO - Creating ORM DAG for example_complex
[2025-02-10T14:49:08.608+0000] {logging_mixin.py:190} INFO - [2025-02-10T14:49:08.608+0000] {dag.py:4180} INFO - Setting next_dagrun for example_complex to None, run_after=None
[2025-02-10T14:49:08.693+0000] {processor.py:208} INFO - Processing /usr/local/lib/python3.9/dist-packages/airflow/example_dags/example_complex.py took 0.670 seconds
[2025-02-10T14:50:33.801+0000] {processor.py:186} INFO - Started process (PID=131) to work on /usr/local/lib/python3.9/dist-packages/airflow/example_dags/example_complex.py
[2025-02-10T14:50:33.805+0000] {processor.py:914} INFO - Processing file /usr/local/lib/python3.9/dist-packages/airflow/example_dags/example_complex.py for tasks to queue
[2025-02-10T14:50:33.809+0000] {logging_mixin.py:190} INFO - [2025-02-10T14:50:33.808+0000] {dagbag.py:588} INFO - Filling up the DagBag from /usr/local/lib/python3.9/dist-packages/airflow/example_dags/example_complex.py
[2025-02-10T14:50:33.832+0000] {processor.py:925} INFO - DAG(s) 'example_complex' retrieved from /usr/local/lib/python3.9/dist-packages/airflow/example_dags/example_complex.py
[2025-02-10T14:50:33.905+0000] {logging_mixin.py:190} INFO - [2025-02-10T14:50:33.905+0000] {dag.py:3239} INFO - Sync 1 DAGs
[2025-02-10T14:50:33.927+0000] {logging_mixin.py:190} INFO - [2025-02-10T14:50:33.926+0000] {dag.py:4180} INFO - Setting next_dagrun for example_complex to None, run_after=None
[2025-02-10T14:50:33.999+0000] {processor.py:208} INFO - Processing /usr/local/lib/python3.9/dist-packages/airflow/example_dags/example_complex.py took 0.207 seconds
[2025-02-10T14:51:49.766+0000] {processor.py:186} INFO - Started process (PID=194) to work on /usr/local/lib/python3.9/dist-packages/airflow/example_dags/example_complex.py
[2025-02-10T14:51:49.768+0000] {processor.py:914} INFO - Processing file /usr/local/lib/python3.9/dist-packages/airflow/example_dags/example_complex.py for tasks to queue
[2025-02-10T14:51:49.771+0000] {logging_mixin.py:190} INFO - [2025-02-10T14:51:49.770+0000] {dagbag.py:588} INFO - Filling up the DagBag from /usr/local/lib/python3.9/dist-packages/airflow/example_dags/example_complex.py
[2025-02-10T14:51:49.783+0000] {processor.py:925} INFO - DAG(s) 'example_complex' retrieved from /usr/local/lib/python3.9/dist-packages/airflow/example_dags/example_complex.py
[2025-02-10T14:51:49.826+0000] {logging_mixin.py:190} INFO - [2025-02-10T14:51:49.826+0000] {dag.py:3239} INFO - Sync 1 DAGs
[2025-02-10T14:51:49.843+0000] {logging_mixin.py:190} INFO - [2025-02-10T14:51:49.843+0000] {dag.py:4180} INFO - Setting next_dagrun for example_complex to None, run_after=None
[2025-02-10T14:51:49.916+0000] {processor.py:208} INFO - Processing /usr/local/lib/python3.9/dist-packages/airflow/example_dags/example_complex.py took 0.155 seconds
[2025-02-10T14:53:11.008+0000] {processor.py:186} INFO - Started process (PID=261) to work on /usr/local/lib/python3.9/dist-packages/airflow/example_dags/example_complex.py
[2025-02-10T14:53:11.010+0000] {processor.py:914} INFO - Processing file /usr/local/lib/python3.9/dist-packages/airflow/example_dags/example_complex.py for tasks to queue
[2025-02-10T14:53:11.012+0000] {logging_mixin.py:190} INFO - [2025-02-10T14:53:11.012+0000] {dagbag.py:588} INFO - Filling up the DagBag from /usr/local/lib/python3.9/dist-packages/airflow/example_dags/example_complex.py
[2025-02-10T14:53:11.023+0000] {processor.py:925} INFO - DAG(s) 'example_complex' retrieved from /usr/local/lib/python3.9/dist-packages/airflow/example_dags/example_complex.py
[2025-02-10T14:53:11.063+0000] {logging_mixin.py:190} INFO - [2025-02-10T14:53:11.063+0000] {dag.py:3239} INFO - Sync 1 DAGs
[2025-02-10T14:53:11.081+0000] {logging_mixin.py:190} INFO - [2025-02-10T14:53:11.080+0000] {dag.py:4180} INFO - Setting next_dagrun for example_complex to None, run_after=None
[2025-02-10T14:53:11.159+0000] {processor.py:208} INFO - Processing /usr/local/lib/python3.9/dist-packages/airflow/example_dags/example_complex.py took 0.157 seconds
[2025-02-10T14:54:28.946+0000] {processor.py:186} INFO - Started process (PID=326) to work on /usr/local/lib/python3.9/dist-packages/airflow/example_dags/example_complex.py
[2025-02-10T14:54:28.949+0000] {processor.py:914} INFO - Processing file /usr/local/lib/python3.9/dist-packages/airflow/example_dags/example_complex.py for tasks to queue
[2025-02-10T14:54:28.951+0000] {logging_mixin.py:190} INFO - [2025-02-10T14:54:28.951+0000] {dagbag.py:588} INFO - Filling up the DagBag from /usr/local/lib/python3.9/dist-packages/airflow/example_dags/example_complex.py
[2025-02-10T14:54:28.963+0000] {processor.py:925} INFO - DAG(s) 'example_complex' retrieved from /usr/local/lib/python3.9/dist-packages/airflow/example_dags/example_complex.py
[2025-02-10T14:54:29.008+0000] {logging_mixin.py:190} INFO - [2025-02-10T14:54:29.007+0000] {dag.py:3239} INFO - Sync 1 DAGs
[2025-02-10T14:54:29.025+0000] {logging_mixin.py:190} INFO - [2025-02-10T14:54:29.024+0000] {dag.py:4180} INFO - Setting next_dagrun for example_complex to None, run_after=None
[2025-02-10T14:54:29.102+0000] {processor.py:208} INFO - Processing /usr/local/lib/python3.9/dist-packages/airflow/example_dags/example_complex.py took 0.161 seconds
[2025-02-10T14:55:47.361+0000] {processor.py:186} INFO - Started process (PID=391) to work on /usr/local/lib/python3.9/dist-packages/airflow/example_dags/example_complex.py
[2025-02-10T14:55:47.363+0000] {processor.py:914} INFO - Processing file /usr/local/lib/python3.9/dist-packages/airflow/example_dags/example_complex.py for tasks to queue
[2025-02-10T14:55:47.366+0000] {logging_mixin.py:190} INFO - [2025-02-10T14:55:47.365+0000] {dagbag.py:588} INFO - Filling up the DagBag from /usr/local/lib/python3.9/dist-packages/airflow/example_dags/example_complex.py
[2025-02-10T14:55:47.377+0000] {processor.py:925} INFO - DAG(s) 'example_complex' retrieved from /usr/local/lib/python3.9/dist-packages/airflow/example_dags/example_complex.py
[2025-02-10T14:55:47.418+0000] {logging_mixin.py:190} INFO - [2025-02-10T14:55:47.418+0000] {dag.py:3239} INFO - Sync 1 DAGs
[2025-02-10T14:55:47.436+0000] {logging_mixin.py:190} INFO - [2025-02-10T14:55:47.435+0000] {dag.py:4180} INFO - Setting next_dagrun for example_complex to None, run_after=None
[2025-02-10T14:55:47.511+0000] {processor.py:208} INFO - Processing /usr/local/lib/python3.9/dist-packages/airflow/example_dags/example_complex.py took 0.155 seconds
[2025-02-10T14:57:10.510+0000] {processor.py:186} INFO - Started process (PID=459) to work on /usr/local/lib/python3.9/dist-packages/airflow/example_dags/example_complex.py
[2025-02-10T14:57:10.511+0000] {processor.py:914} INFO - Processing file /usr/local/lib/python3.9/dist-packages/airflow/example_dags/example_complex.py for tasks to queue
[2025-02-10T14:57:10.514+0000] {logging_mixin.py:190} INFO - [2025-02-10T14:57:10.514+0000] {dagbag.py:588} INFO - Filling up the DagBag from /usr/local/lib/python3.9/dist-packages/airflow/example_dags/example_complex.py
[2025-02-10T14:57:10.526+0000] {processor.py:925} INFO - DAG(s) 'example_complex' retrieved from /usr/local/lib/python3.9/dist-packages/airflow/example_dags/example_complex.py
[2025-02-10T14:57:10.570+0000] {logging_mixin.py:190} INFO - [2025-02-10T14:57:10.570+0000] {dag.py:3239} INFO - Sync 1 DAGs
[2025-02-10T14:57:10.587+0000] {logging_mixin.py:190} INFO - [2025-02-10T14:57:10.587+0000] {dag.py:4180} INFO - Setting next_dagrun for example_complex to None, run_after=None
[2025-02-10T14:57:10.666+0000] {processor.py:208} INFO - Processing /usr/local/lib/python3.9/dist-packages/airflow/example_dags/example_complex.py took 0.161 seconds
[2025-02-10T14:58:26.590+0000] {processor.py:186} INFO - Started process (PID=524) to work on /usr/local/lib/python3.9/dist-packages/airflow/example_dags/example_complex.py
[2025-02-10T14:58:26.592+0000] {processor.py:914} INFO - Processing file /usr/local/lib/python3.9/dist-packages/airflow/example_dags/example_complex.py for tasks to queue
[2025-02-10T14:58:26.596+0000] {logging_mixin.py:190} INFO - [2025-02-10T14:58:26.595+0000] {dagbag.py:588} INFO - Filling up the DagBag from /usr/local/lib/python3.9/dist-packages/airflow/example_dags/example_complex.py
[2025-02-10T14:58:26.609+0000] {processor.py:925} INFO - DAG(s) 'example_complex' retrieved from /usr/local/lib/python3.9/dist-packages/airflow/example_dags/example_complex.py
[2025-02-10T14:58:26.653+0000] {logging_mixin.py:190} INFO - [2025-02-10T14:58:26.653+0000] {dag.py:3239} INFO - Sync 1 DAGs
[2025-02-10T14:58:26.672+0000] {logging_mixin.py:190} INFO - [2025-02-10T14:58:26.672+0000] {dag.py:4180} INFO - Setting next_dagrun for example_complex to None, run_after=None
[2025-02-10T14:58:26.746+0000] {processor.py:208} INFO - Processing /usr/local/lib/python3.9/dist-packages/airflow/example_dags/example_complex.py took 0.162 seconds
[2025-02-10T14:59:41.740+0000] {processor.py:186} INFO - Started process (PID=589) to work on /usr/local/lib/python3.9/dist-packages/airflow/example_dags/example_complex.py
[2025-02-10T14:59:41.742+0000] {processor.py:914} INFO - Processing file /usr/local/lib/python3.9/dist-packages/airflow/example_dags/example_complex.py for tasks to queue
[2025-02-10T14:59:41.745+0000] {logging_mixin.py:190} INFO - [2025-02-10T14:59:41.744+0000] {dagbag.py:588} INFO - Filling up the DagBag from /usr/local/lib/python3.9/dist-packages/airflow/example_dags/example_complex.py
[2025-02-10T14:59:41.760+0000] {processor.py:925} INFO - DAG(s) 'example_complex' retrieved from /usr/local/lib/python3.9/dist-packages/airflow/example_dags/example_complex.py
[2025-02-10T14:59:41.807+0000] {logging_mixin.py:190} INFO - [2025-02-10T14:59:41.806+0000] {dag.py:3239} INFO - Sync 1 DAGs
[2025-02-10T14:59:41.826+0000] {logging_mixin.py:190} INFO - [2025-02-10T14:59:41.826+0000] {dag.py:4180} INFO - Setting next_dagrun for example_complex to None, run_after=None
[2025-02-10T14:59:41.905+0000] {processor.py:208} INFO - Processing /usr/local/lib/python3.9/dist-packages/airflow/example_dags/example_complex.py took 0.173 seconds
[2025-02-10T15:00:53.769+0000] {processor.py:186} INFO - Started process (PID=651) to work on /usr/local/lib/python3.9/dist-packages/airflow/example_dags/example_complex.py
[2025-02-10T15:00:53.772+0000] {processor.py:914} INFO - Processing file /usr/local/lib/python3.9/dist-packages/airflow/example_dags/example_complex.py for tasks to queue
[2025-02-10T15:00:53.775+0000] {logging_mixin.py:190} INFO - [2025-02-10T15:00:53.775+0000] {dagbag.py:588} INFO - Filling up the DagBag from /usr/local/lib/python3.9/dist-packages/airflow/example_dags/example_complex.py
[2025-02-10T15:00:53.787+0000] {processor.py:925} INFO - DAG(s) 'example_complex' retrieved from /usr/local/lib/python3.9/dist-packages/airflow/example_dags/example_complex.py
[2025-02-10T15:00:53.832+0000] {logging_mixin.py:190} INFO - [2025-02-10T15:00:53.832+0000] {dag.py:3239} INFO - Sync 1 DAGs
[2025-02-10T15:00:53.849+0000] {logging_mixin.py:190} INFO - [2025-02-10T15:00:53.849+0000] {dag.py:4180} INFO - Setting next_dagrun for example_complex to None, run_after=None
[2025-02-10T15:00:53.923+0000] {processor.py:208} INFO - Processing /usr/local/lib/python3.9/dist-packages/airflow/example_dags/example_complex.py took 0.160 seconds
[2025-02-10T15:02:14.361+0000] {processor.py:186} INFO - Started process (PID=721) to work on /usr/local/lib/python3.9/dist-packages/airflow/example_dags/example_complex.py
[2025-02-10T15:02:14.362+0000] {processor.py:914} INFO - Processing file /usr/local/lib/python3.9/dist-packages/airflow/example_dags/example_complex.py for tasks to queue
[2025-02-10T15:02:14.366+0000] {logging_mixin.py:190} INFO - [2025-02-10T15:02:14.365+0000] {dagbag.py:588} INFO - Filling up the DagBag from /usr/local/lib/python3.9/dist-packages/airflow/example_dags/example_complex.py
[2025-02-10T15:02:14.378+0000] {processor.py:925} INFO - DAG(s) 'example_complex' retrieved from /usr/local/lib/python3.9/dist-packages/airflow/example_dags/example_complex.py
[2025-02-10T15:02:14.420+0000] {logging_mixin.py:190} INFO - [2025-02-10T15:02:14.420+0000] {dag.py:3239} INFO - Sync 1 DAGs
[2025-02-10T15:02:14.437+0000] {logging_mixin.py:190} INFO - [2025-02-10T15:02:14.437+0000] {dag.py:4180} INFO - Setting next_dagrun for example_complex to None, run_after=None
[2025-02-10T15:02:14.516+0000] {processor.py:208} INFO - Processing /usr/local/lib/python3.9/dist-packages/airflow/example_dags/example_complex.py took 0.160 seconds
[2025-02-10T15:03:34.292+0000] {processor.py:186} INFO - Started process (PID=786) to work on /usr/local/lib/python3.9/dist-packages/airflow/example_dags/example_complex.py
[2025-02-10T15:03:34.294+0000] {processor.py:914} INFO - Processing file /usr/local/lib/python3.9/dist-packages/airflow/example_dags/example_complex.py for tasks to queue
[2025-02-10T15:03:34.297+0000] {logging_mixin.py:190} INFO - [2025-02-10T15:03:34.296+0000] {dagbag.py:588} INFO - Filling up the DagBag from /usr/local/lib/python3.9/dist-packages/airflow/example_dags/example_complex.py
[2025-02-10T15:03:34.308+0000] {processor.py:925} INFO - DAG(s) 'example_complex' retrieved from /usr/local/lib/python3.9/dist-packages/airflow/example_dags/example_complex.py
[2025-02-10T15:03:34.348+0000] {logging_mixin.py:190} INFO - [2025-02-10T15:03:34.348+0000] {dag.py:3239} INFO - Sync 1 DAGs
[2025-02-10T15:03:34.367+0000] {logging_mixin.py:190} INFO - [2025-02-10T15:03:34.367+0000] {dag.py:4180} INFO - Setting next_dagrun for example_complex to None, run_after=None
[2025-02-10T15:03:34.445+0000] {processor.py:208} INFO - Processing /usr/local/lib/python3.9/dist-packages/airflow/example_dags/example_complex.py took 0.159 seconds
[2025-02-10T15:04:51.533+0000] {processor.py:186} INFO - Started process (PID=850) to work on /usr/local/lib/python3.9/dist-packages/airflow/example_dags/example_complex.py
[2025-02-10T15:04:51.535+0000] {processor.py:914} INFO - Processing file /usr/local/lib/python3.9/dist-packages/airflow/example_dags/example_complex.py for tasks to queue
[2025-02-10T15:04:51.537+0000] {logging_mixin.py:190} INFO - [2025-02-10T15:04:51.537+0000] {dagbag.py:588} INFO - Filling up the DagBag from /usr/local/lib/python3.9/dist-packages/airflow/example_dags/example_complex.py
[2025-02-10T15:04:51.549+0000] {processor.py:925} INFO - DAG(s) 'example_complex' retrieved from /usr/local/lib/python3.9/dist-packages/airflow/example_dags/example_complex.py
[2025-02-10T15:04:51.593+0000] {logging_mixin.py:190} INFO - [2025-02-10T15:04:51.592+0000] {dag.py:3239} INFO - Sync 1 DAGs
[2025-02-10T15:04:51.610+0000] {logging_mixin.py:190} INFO - [2025-02-10T15:04:51.609+0000] {dag.py:4180} INFO - Setting next_dagrun for example_complex to None, run_after=None
[2025-02-10T15:04:51.687+0000] {processor.py:208} INFO - Processing /usr/local/lib/python3.9/dist-packages/airflow/example_dags/example_complex.py took 0.159 seconds
[2025-02-10T15:06:12.961+0000] {processor.py:186} INFO - Started process (PID=917) to work on /usr/local/lib/python3.9/dist-packages/airflow/example_dags/example_complex.py
[2025-02-10T15:06:12.963+0000] {processor.py:914} INFO - Processing file /usr/local/lib/python3.9/dist-packages/airflow/example_dags/example_complex.py for tasks to queue
[2025-02-10T15:06:12.966+0000] {logging_mixin.py:190} INFO - [2025-02-10T15:06:12.965+0000] {dagbag.py:588} INFO - Filling up the DagBag from /usr/local/lib/python3.9/dist-packages/airflow/example_dags/example_complex.py
[2025-02-10T15:06:12.979+0000] {processor.py:925} INFO - DAG(s) 'example_complex' retrieved from /usr/local/lib/python3.9/dist-packages/airflow/example_dags/example_complex.py
[2025-02-10T15:06:13.019+0000] {logging_mixin.py:190} INFO - [2025-02-10T15:06:13.018+0000] {dag.py:3239} INFO - Sync 1 DAGs
[2025-02-10T15:06:13.035+0000] {logging_mixin.py:190} INFO - [2025-02-10T15:06:13.035+0000] {dag.py:4180} INFO - Setting next_dagrun for example_complex to None, run_after=None
[2025-02-10T15:06:13.105+0000] {processor.py:208} INFO - Processing /usr/local/lib/python3.9/dist-packages/airflow/example_dags/example_complex.py took 0.150 seconds
[2025-02-10T15:07:30.755+0000] {processor.py:186} INFO - Started process (PID=982) to work on /usr/local/lib/python3.9/dist-packages/airflow/example_dags/example_complex.py
[2025-02-10T15:07:30.758+0000] {processor.py:914} INFO - Processing file /usr/local/lib/python3.9/dist-packages/airflow/example_dags/example_complex.py for tasks to queue
[2025-02-10T15:07:30.760+0000] {logging_mixin.py:190} INFO - [2025-02-10T15:07:30.760+0000] {dagbag.py:588} INFO - Filling up the DagBag from /usr/local/lib/python3.9/dist-packages/airflow/example_dags/example_complex.py
[2025-02-10T15:07:30.772+0000] {processor.py:925} INFO - DAG(s) 'example_complex' retrieved from /usr/local/lib/python3.9/dist-packages/airflow/example_dags/example_complex.py
[2025-02-10T15:07:30.816+0000] {logging_mixin.py:190} INFO - [2025-02-10T15:07:30.816+0000] {dag.py:3239} INFO - Sync 1 DAGs
[2025-02-10T15:07:30.834+0000] {logging_mixin.py:190} INFO - [2025-02-10T15:07:30.834+0000] {dag.py:4180} INFO - Setting next_dagrun for example_complex to None, run_after=None
[2025-02-10T15:07:30.909+0000] {processor.py:208} INFO - Processing /usr/local/lib/python3.9/dist-packages/airflow/example_dags/example_complex.py took 0.160 seconds
[2025-02-10T15:08:47.407+0000] {processor.py:186} INFO - Started process (PID=1047) to work on /usr/local/lib/python3.9/dist-packages/airflow/example_dags/example_complex.py
[2025-02-10T15:08:47.409+0000] {processor.py:914} INFO - Processing file /usr/local/lib/python3.9/dist-packages/airflow/example_dags/example_complex.py for tasks to queue
[2025-02-10T15:08:47.411+0000] {logging_mixin.py:190} INFO - [2025-02-10T15:08:47.411+0000] {dagbag.py:588} INFO - Filling up the DagBag from /usr/local/lib/python3.9/dist-packages/airflow/example_dags/example_complex.py
[2025-02-10T15:08:47.424+0000] {processor.py:925} INFO - DAG(s) 'example_complex' retrieved from /usr/local/lib/python3.9/dist-packages/airflow/example_dags/example_complex.py
[2025-02-10T15:08:47.463+0000] {logging_mixin.py:190} INFO - [2025-02-10T15:08:47.463+0000] {dag.py:3239} INFO - Sync 1 DAGs
[2025-02-10T15:08:47.480+0000] {logging_mixin.py:190} INFO - [2025-02-10T15:08:47.479+0000] {dag.py:4180} INFO - Setting next_dagrun for example_complex to None, run_after=None
[2025-02-10T15:08:47.553+0000] {processor.py:208} INFO - Processing /usr/local/lib/python3.9/dist-packages/airflow/example_dags/example_complex.py took 0.155 seconds
[2025-02-10T15:10:06.979+0000] {processor.py:186} INFO - Started process (PID=1112) to work on /usr/local/lib/python3.9/dist-packages/airflow/example_dags/example_complex.py
[2025-02-10T15:10:06.981+0000] {processor.py:914} INFO - Processing file /usr/local/lib/python3.9/dist-packages/airflow/example_dags/example_complex.py for tasks to queue
[2025-02-10T15:10:06.984+0000] {logging_mixin.py:190} INFO - [2025-02-10T15:10:06.983+0000] {dagbag.py:588} INFO - Filling up the DagBag from /usr/local/lib/python3.9/dist-packages/airflow/example_dags/example_complex.py
[2025-02-10T15:10:06.995+0000] {processor.py:925} INFO - DAG(s) 'example_complex' retrieved from /usr/local/lib/python3.9/dist-packages/airflow/example_dags/example_complex.py
[2025-02-10T15:10:07.038+0000] {logging_mixin.py:190} INFO - [2025-02-10T15:10:07.037+0000] {dag.py:3239} INFO - Sync 1 DAGs
[2025-02-10T15:10:07.054+0000] {logging_mixin.py:190} INFO - [2025-02-10T15:10:07.054+0000] {dag.py:4180} INFO - Setting next_dagrun for example_complex to None, run_after=None
[2025-02-10T15:10:07.127+0000] {processor.py:208} INFO - Processing /usr/local/lib/python3.9/dist-packages/airflow/example_dags/example_complex.py took 0.153 seconds
[2025-02-10T15:11:28.265+0000] {processor.py:186} INFO - Started process (PID=1179) to work on /usr/local/lib/python3.9/dist-packages/airflow/example_dags/example_complex.py
[2025-02-10T15:11:28.267+0000] {processor.py:914} INFO - Processing file /usr/local/lib/python3.9/dist-packages/airflow/example_dags/example_complex.py for tasks to queue
[2025-02-10T15:11:28.270+0000] {logging_mixin.py:190} INFO - [2025-02-10T15:11:28.269+0000] {dagbag.py:588} INFO - Filling up the DagBag from /usr/local/lib/python3.9/dist-packages/airflow/example_dags/example_complex.py
[2025-02-10T15:11:28.281+0000] {processor.py:925} INFO - DAG(s) 'example_complex' retrieved from /usr/local/lib/python3.9/dist-packages/airflow/example_dags/example_complex.py
[2025-02-10T15:11:28.323+0000] {logging_mixin.py:190} INFO - [2025-02-10T15:11:28.323+0000] {dag.py:3239} INFO - Sync 1 DAGs
[2025-02-10T15:11:28.341+0000] {logging_mixin.py:190} INFO - [2025-02-10T15:11:28.341+0000] {dag.py:4180} INFO - Setting next_dagrun for example_complex to None, run_after=None
[2025-02-10T15:11:28.420+0000] {processor.py:208} INFO - Processing /usr/local/lib/python3.9/dist-packages/airflow/example_dags/example_complex.py took 0.161 seconds
[2025-02-10T15:12:46.767+0000] {processor.py:186} INFO - Started process (PID=1245) to work on /usr/local/lib/python3.9/dist-packages/airflow/example_dags/example_complex.py
[2025-02-10T15:12:46.768+0000] {processor.py:914} INFO - Processing file /usr/local/lib/python3.9/dist-packages/airflow/example_dags/example_complex.py for tasks to queue
[2025-02-10T15:12:46.771+0000] {logging_mixin.py:190} INFO - [2025-02-10T15:12:46.770+0000] {dagbag.py:588} INFO - Filling up the DagBag from /usr/local/lib/python3.9/dist-packages/airflow/example_dags/example_complex.py
[2025-02-10T15:12:46.782+0000] {processor.py:925} INFO - DAG(s) 'example_complex' retrieved from /usr/local/lib/python3.9/dist-packages/airflow/example_dags/example_complex.py
[2025-02-10T15:12:46.823+0000] {logging_mixin.py:190} INFO - [2025-02-10T15:12:46.823+0000] {dag.py:3239} INFO - Sync 1 DAGs
[2025-02-10T15:12:46.840+0000] {logging_mixin.py:190} INFO - [2025-02-10T15:12:46.840+0000] {dag.py:4180} INFO - Setting next_dagrun for example_complex to None, run_after=None
[2025-02-10T15:12:46.915+0000] {processor.py:208} INFO - Processing /usr/local/lib/python3.9/dist-packages/airflow/example_dags/example_complex.py took 0.153 seconds
[2025-02-10T15:14:03.341+0000] {processor.py:186} INFO - Started process (PID=1309) to work on /usr/local/lib/python3.9/dist-packages/airflow/example_dags/example_complex.py
[2025-02-10T15:14:03.345+0000] {processor.py:914} INFO - Processing file /usr/local/lib/python3.9/dist-packages/airflow/example_dags/example_complex.py for tasks to queue
[2025-02-10T15:14:03.348+0000] {logging_mixin.py:190} INFO - [2025-02-10T15:14:03.348+0000] {dagbag.py:588} INFO - Filling up the DagBag from /usr/local/lib/python3.9/dist-packages/airflow/example_dags/example_complex.py
[2025-02-10T15:14:03.360+0000] {processor.py:925} INFO - DAG(s) 'example_complex' retrieved from /usr/local/lib/python3.9/dist-packages/airflow/example_dags/example_complex.py
[2025-02-10T15:14:03.404+0000] {logging_mixin.py:190} INFO - [2025-02-10T15:14:03.404+0000] {dag.py:3239} INFO - Sync 1 DAGs
[2025-02-10T15:14:03.422+0000] {logging_mixin.py:190} INFO - [2025-02-10T15:14:03.422+0000] {dag.py:4180} INFO - Setting next_dagrun for example_complex to None, run_after=None
[2025-02-10T15:14:03.497+0000] {processor.py:208} INFO - Processing /usr/local/lib/python3.9/dist-packages/airflow/example_dags/example_complex.py took 0.160 seconds
[2025-02-10T15:25:42.093+0000] {processor.py:186} INFO - Started process (PID=65) to work on /usr/local/lib/python3.9/dist-packages/airflow/example_dags/example_complex.py
[2025-02-10T15:25:42.095+0000] {processor.py:914} INFO - Processing file /usr/local/lib/python3.9/dist-packages/airflow/example_dags/example_complex.py for tasks to queue
[2025-02-10T15:25:42.097+0000] {logging_mixin.py:190} INFO - [2025-02-10T15:25:42.097+0000] {dagbag.py:588} INFO - Filling up the DagBag from /usr/local/lib/python3.9/dist-packages/airflow/example_dags/example_complex.py
[2025-02-10T15:25:42.110+0000] {processor.py:925} INFO - DAG(s) 'example_complex' retrieved from /usr/local/lib/python3.9/dist-packages/airflow/example_dags/example_complex.py
[2025-02-10T15:25:42.162+0000] {logging_mixin.py:190} INFO - [2025-02-10T15:25:42.162+0000] {dag.py:3239} INFO - Sync 1 DAGs
[2025-02-10T15:25:42.182+0000] {logging_mixin.py:190} INFO - [2025-02-10T15:25:42.182+0000] {dag.py:4180} INFO - Setting next_dagrun for example_complex to None, run_after=None
[2025-02-10T15:25:42.266+0000] {processor.py:208} INFO - Processing /usr/local/lib/python3.9/dist-packages/airflow/example_dags/example_complex.py took 0.179 seconds
[2025-02-10T15:27:00.852+0000] {processor.py:186} INFO - Started process (PID=130) to work on /usr/local/lib/python3.9/dist-packages/airflow/example_dags/example_complex.py
[2025-02-10T15:27:00.853+0000] {processor.py:914} INFO - Processing file /usr/local/lib/python3.9/dist-packages/airflow/example_dags/example_complex.py for tasks to queue
[2025-02-10T15:27:00.856+0000] {logging_mixin.py:190} INFO - [2025-02-10T15:27:00.855+0000] {dagbag.py:588} INFO - Filling up the DagBag from /usr/local/lib/python3.9/dist-packages/airflow/example_dags/example_complex.py
[2025-02-10T15:27:00.870+0000] {processor.py:925} INFO - DAG(s) 'example_complex' retrieved from /usr/local/lib/python3.9/dist-packages/airflow/example_dags/example_complex.py
[2025-02-10T15:27:00.914+0000] {logging_mixin.py:190} INFO - [2025-02-10T15:27:00.914+0000] {dag.py:3239} INFO - Sync 1 DAGs
[2025-02-10T15:27:00.935+0000] {logging_mixin.py:190} INFO - [2025-02-10T15:27:00.935+0000] {dag.py:4180} INFO - Setting next_dagrun for example_complex to None, run_after=None
[2025-02-10T15:27:01.015+0000] {processor.py:208} INFO - Processing /usr/local/lib/python3.9/dist-packages/airflow/example_dags/example_complex.py took 0.170 seconds
[2025-02-10T15:28:19.222+0000] {processor.py:186} INFO - Started process (PID=195) to work on /usr/local/lib/python3.9/dist-packages/airflow/example_dags/example_complex.py
[2025-02-10T15:28:19.224+0000] {processor.py:914} INFO - Processing file /usr/local/lib/python3.9/dist-packages/airflow/example_dags/example_complex.py for tasks to queue
[2025-02-10T15:28:19.227+0000] {logging_mixin.py:190} INFO - [2025-02-10T15:28:19.227+0000] {dagbag.py:588} INFO - Filling up the DagBag from /usr/local/lib/python3.9/dist-packages/airflow/example_dags/example_complex.py
[2025-02-10T15:28:19.239+0000] {processor.py:925} INFO - DAG(s) 'example_complex' retrieved from /usr/local/lib/python3.9/dist-packages/airflow/example_dags/example_complex.py
[2025-02-10T15:28:19.282+0000] {logging_mixin.py:190} INFO - [2025-02-10T15:28:19.282+0000] {dag.py:3239} INFO - Sync 1 DAGs
[2025-02-10T15:28:19.300+0000] {logging_mixin.py:190} INFO - [2025-02-10T15:28:19.300+0000] {dag.py:4180} INFO - Setting next_dagrun for example_complex to None, run_after=None
[2025-02-10T15:28:19.380+0000] {processor.py:208} INFO - Processing /usr/local/lib/python3.9/dist-packages/airflow/example_dags/example_complex.py took 0.164 seconds
[2025-02-10T15:29:39.598+0000] {processor.py:186} INFO - Started process (PID=261) to work on /usr/local/lib/python3.9/dist-packages/airflow/example_dags/example_complex.py
[2025-02-10T15:29:39.600+0000] {processor.py:914} INFO - Processing file /usr/local/lib/python3.9/dist-packages/airflow/example_dags/example_complex.py for tasks to queue
[2025-02-10T15:29:39.603+0000] {logging_mixin.py:190} INFO - [2025-02-10T15:29:39.602+0000] {dagbag.py:588} INFO - Filling up the DagBag from /usr/local/lib/python3.9/dist-packages/airflow/example_dags/example_complex.py
[2025-02-10T15:29:39.614+0000] {processor.py:925} INFO - DAG(s) 'example_complex' retrieved from /usr/local/lib/python3.9/dist-packages/airflow/example_dags/example_complex.py
[2025-02-10T15:29:39.658+0000] {logging_mixin.py:190} INFO - [2025-02-10T15:29:39.657+0000] {dag.py:3239} INFO - Sync 1 DAGs
[2025-02-10T15:29:39.674+0000] {logging_mixin.py:190} INFO - [2025-02-10T15:29:39.674+0000] {dag.py:4180} INFO - Setting next_dagrun for example_complex to None, run_after=None
[2025-02-10T15:29:39.753+0000] {processor.py:208} INFO - Processing /usr/local/lib/python3.9/dist-packages/airflow/example_dags/example_complex.py took 0.160 seconds
[2025-02-10T15:30:54.240+0000] {processor.py:186} INFO - Started process (PID=324) to work on /usr/local/lib/python3.9/dist-packages/airflow/example_dags/example_complex.py
[2025-02-10T15:30:54.242+0000] {processor.py:914} INFO - Processing file /usr/local/lib/python3.9/dist-packages/airflow/example_dags/example_complex.py for tasks to queue
[2025-02-10T15:30:54.244+0000] {logging_mixin.py:190} INFO - [2025-02-10T15:30:54.244+0000] {dagbag.py:588} INFO - Filling up the DagBag from /usr/local/lib/python3.9/dist-packages/airflow/example_dags/example_complex.py
[2025-02-10T15:30:54.256+0000] {processor.py:925} INFO - DAG(s) 'example_complex' retrieved from /usr/local/lib/python3.9/dist-packages/airflow/example_dags/example_complex.py
[2025-02-10T15:30:54.300+0000] {logging_mixin.py:190} INFO - [2025-02-10T15:30:54.299+0000] {dag.py:3239} INFO - Sync 1 DAGs
[2025-02-10T15:30:54.319+0000] {logging_mixin.py:190} INFO - [2025-02-10T15:30:54.318+0000] {dag.py:4180} INFO - Setting next_dagrun for example_complex to None, run_after=None
[2025-02-10T15:30:54.397+0000] {processor.py:208} INFO - Processing /usr/local/lib/python3.9/dist-packages/airflow/example_dags/example_complex.py took 0.162 seconds
[2025-02-10T15:32:09.539+0000] {processor.py:186} INFO - Started process (PID=388) to work on /usr/local/lib/python3.9/dist-packages/airflow/example_dags/example_complex.py
[2025-02-10T15:32:09.540+0000] {processor.py:914} INFO - Processing file /usr/local/lib/python3.9/dist-packages/airflow/example_dags/example_complex.py for tasks to queue
[2025-02-10T15:32:09.542+0000] {logging_mixin.py:190} INFO - [2025-02-10T15:32:09.542+0000] {dagbag.py:588} INFO - Filling up the DagBag from /usr/local/lib/python3.9/dist-packages/airflow/example_dags/example_complex.py
[2025-02-10T15:32:09.554+0000] {processor.py:925} INFO - DAG(s) 'example_complex' retrieved from /usr/local/lib/python3.9/dist-packages/airflow/example_dags/example_complex.py
[2025-02-10T15:32:09.596+0000] {logging_mixin.py:190} INFO - [2025-02-10T15:32:09.596+0000] {dag.py:3239} INFO - Sync 1 DAGs
[2025-02-10T15:32:09.614+0000] {logging_mixin.py:190} INFO - [2025-02-10T15:32:09.613+0000] {dag.py:4180} INFO - Setting next_dagrun for example_complex to None, run_after=None
[2025-02-10T15:32:09.690+0000] {processor.py:208} INFO - Processing /usr/local/lib/python3.9/dist-packages/airflow/example_dags/example_complex.py took 0.157 seconds
[2025-02-10T15:33:30.954+0000] {processor.py:186} INFO - Started process (PID=454) to work on /usr/local/lib/python3.9/dist-packages/airflow/example_dags/example_complex.py
[2025-02-10T15:33:30.956+0000] {processor.py:914} INFO - Processing file /usr/local/lib/python3.9/dist-packages/airflow/example_dags/example_complex.py for tasks to queue
[2025-02-10T15:33:30.958+0000] {logging_mixin.py:190} INFO - [2025-02-10T15:33:30.957+0000] {dagbag.py:588} INFO - Filling up the DagBag from /usr/local/lib/python3.9/dist-packages/airflow/example_dags/example_complex.py
[2025-02-10T15:33:30.969+0000] {processor.py:925} INFO - DAG(s) 'example_complex' retrieved from /usr/local/lib/python3.9/dist-packages/airflow/example_dags/example_complex.py
[2025-02-10T15:33:31.011+0000] {logging_mixin.py:190} INFO - [2025-02-10T15:33:31.011+0000] {dag.py:3239} INFO - Sync 1 DAGs
[2025-02-10T15:33:31.029+0000] {logging_mixin.py:190} INFO - [2025-02-10T15:33:31.029+0000] {dag.py:4180} INFO - Setting next_dagrun for example_complex to None, run_after=None
[2025-02-10T15:33:31.103+0000] {processor.py:208} INFO - Processing /usr/local/lib/python3.9/dist-packages/airflow/example_dags/example_complex.py took 0.154 seconds
[2025-02-10T15:34:55.592+0000] {processor.py:186} INFO - Started process (PID=522) to work on /usr/local/lib/python3.9/dist-packages/airflow/example_dags/example_complex.py
[2025-02-10T15:34:55.594+0000] {processor.py:914} INFO - Processing file /usr/local/lib/python3.9/dist-packages/airflow/example_dags/example_complex.py for tasks to queue
[2025-02-10T15:34:55.597+0000] {logging_mixin.py:190} INFO - [2025-02-10T15:34:55.596+0000] {dagbag.py:588} INFO - Filling up the DagBag from /usr/local/lib/python3.9/dist-packages/airflow/example_dags/example_complex.py
[2025-02-10T15:34:55.608+0000] {processor.py:925} INFO - DAG(s) 'example_complex' retrieved from /usr/local/lib/python3.9/dist-packages/airflow/example_dags/example_complex.py
[2025-02-10T15:34:55.678+0000] {logging_mixin.py:190} INFO - [2025-02-10T15:34:55.677+0000] {dag.py:3239} INFO - Sync 1 DAGs
[2025-02-10T15:34:55.708+0000] {logging_mixin.py:190} INFO - [2025-02-10T15:34:55.707+0000] {dag.py:4180} INFO - Setting next_dagrun for example_complex to None, run_after=None
[2025-02-10T15:34:55.797+0000] {processor.py:208} INFO - Processing /usr/local/lib/python3.9/dist-packages/airflow/example_dags/example_complex.py took 0.210 seconds
[2025-02-10T15:36:13.554+0000] {processor.py:186} INFO - Started process (PID=586) to work on /usr/local/lib/python3.9/dist-packages/airflow/example_dags/example_complex.py
[2025-02-10T15:36:13.555+0000] {processor.py:914} INFO - Processing file /usr/local/lib/python3.9/dist-packages/airflow/example_dags/example_complex.py for tasks to queue
[2025-02-10T15:36:13.558+0000] {logging_mixin.py:190} INFO - [2025-02-10T15:36:13.558+0000] {dagbag.py:588} INFO - Filling up the DagBag from /usr/local/lib/python3.9/dist-packages/airflow/example_dags/example_complex.py
[2025-02-10T15:36:13.571+0000] {processor.py:925} INFO - DAG(s) 'example_complex' retrieved from /usr/local/lib/python3.9/dist-packages/airflow/example_dags/example_complex.py
[2025-02-10T15:36:13.616+0000] {logging_mixin.py:190} INFO - [2025-02-10T15:36:13.615+0000] {dag.py:3239} INFO - Sync 1 DAGs
[2025-02-10T15:36:13.634+0000] {logging_mixin.py:190} INFO - [2025-02-10T15:36:13.633+0000] {dag.py:4180} INFO - Setting next_dagrun for example_complex to None, run_after=None
[2025-02-10T15:36:13.714+0000] {processor.py:208} INFO - Processing /usr/local/lib/python3.9/dist-packages/airflow/example_dags/example_complex.py took 0.166 seconds
[2025-02-10T15:37:33.724+0000] {processor.py:186} INFO - Started process (PID=652) to work on /usr/local/lib/python3.9/dist-packages/airflow/example_dags/example_complex.py
[2025-02-10T15:37:33.726+0000] {processor.py:914} INFO - Processing file /usr/local/lib/python3.9/dist-packages/airflow/example_dags/example_complex.py for tasks to queue
[2025-02-10T15:37:33.728+0000] {logging_mixin.py:190} INFO - [2025-02-10T15:37:33.728+0000] {dagbag.py:588} INFO - Filling up the DagBag from /usr/local/lib/python3.9/dist-packages/airflow/example_dags/example_complex.py
[2025-02-10T15:37:33.740+0000] {processor.py:925} INFO - DAG(s) 'example_complex' retrieved from /usr/local/lib/python3.9/dist-packages/airflow/example_dags/example_complex.py
[2025-02-10T15:37:33.780+0000] {logging_mixin.py:190} INFO - [2025-02-10T15:37:33.780+0000] {dag.py:3239} INFO - Sync 1 DAGs
[2025-02-10T15:37:33.798+0000] {logging_mixin.py:190} INFO - [2025-02-10T15:37:33.798+0000] {dag.py:4180} INFO - Setting next_dagrun for example_complex to None, run_after=None
[2025-02-10T15:37:33.876+0000] {processor.py:208} INFO - Processing /usr/local/lib/python3.9/dist-packages/airflow/example_dags/example_complex.py took 0.157 seconds
[2025-02-10T15:38:58.529+0000] {processor.py:186} INFO - Started process (PID=719) to work on /usr/local/lib/python3.9/dist-packages/airflow/example_dags/example_complex.py
[2025-02-10T15:38:58.531+0000] {processor.py:914} INFO - Processing file /usr/local/lib/python3.9/dist-packages/airflow/example_dags/example_complex.py for tasks to queue
[2025-02-10T15:38:58.534+0000] {logging_mixin.py:190} INFO - [2025-02-10T15:38:58.533+0000] {dagbag.py:588} INFO - Filling up the DagBag from /usr/local/lib/python3.9/dist-packages/airflow/example_dags/example_complex.py
[2025-02-10T15:38:58.547+0000] {processor.py:925} INFO - DAG(s) 'example_complex' retrieved from /usr/local/lib/python3.9/dist-packages/airflow/example_dags/example_complex.py
[2025-02-10T15:38:58.590+0000] {logging_mixin.py:190} INFO - [2025-02-10T15:38:58.590+0000] {dag.py:3239} INFO - Sync 1 DAGs
[2025-02-10T15:38:58.608+0000] {logging_mixin.py:190} INFO - [2025-02-10T15:38:58.608+0000] {dag.py:4180} INFO - Setting next_dagrun for example_complex to None, run_after=None
[2025-02-10T15:38:58.681+0000] {processor.py:208} INFO - Processing /usr/local/lib/python3.9/dist-packages/airflow/example_dags/example_complex.py took 0.158 seconds
[2025-02-10T15:40:18.631+0000] {processor.py:186} INFO - Started process (PID=785) to work on /usr/local/lib/python3.9/dist-packages/airflow/example_dags/example_complex.py
[2025-02-10T15:40:18.633+0000] {processor.py:914} INFO - Processing file /usr/local/lib/python3.9/dist-packages/airflow/example_dags/example_complex.py for tasks to queue
[2025-02-10T15:40:18.636+0000] {logging_mixin.py:190} INFO - [2025-02-10T15:40:18.636+0000] {dagbag.py:588} INFO - Filling up the DagBag from /usr/local/lib/python3.9/dist-packages/airflow/example_dags/example_complex.py
[2025-02-10T15:40:18.649+0000] {processor.py:925} INFO - DAG(s) 'example_complex' retrieved from /usr/local/lib/python3.9/dist-packages/airflow/example_dags/example_complex.py
[2025-02-10T15:40:18.689+0000] {logging_mixin.py:190} INFO - [2025-02-10T15:40:18.689+0000] {dag.py:3239} INFO - Sync 1 DAGs
[2025-02-10T15:40:18.706+0000] {logging_mixin.py:190} INFO - [2025-02-10T15:40:18.706+0000] {dag.py:4180} INFO - Setting next_dagrun for example_complex to None, run_after=None
[2025-02-10T15:40:18.779+0000] {processor.py:208} INFO - Processing /usr/local/lib/python3.9/dist-packages/airflow/example_dags/example_complex.py took 0.153 seconds
[2025-02-10T15:41:36.624+0000] {processor.py:186} INFO - Started process (PID=850) to work on /usr/local/lib/python3.9/dist-packages/airflow/example_dags/example_complex.py
[2025-02-10T15:41:36.626+0000] {processor.py:914} INFO - Processing file /usr/local/lib/python3.9/dist-packages/airflow/example_dags/example_complex.py for tasks to queue
[2025-02-10T15:41:36.628+0000] {logging_mixin.py:190} INFO - [2025-02-10T15:41:36.628+0000] {dagbag.py:588} INFO - Filling up the DagBag from /usr/local/lib/python3.9/dist-packages/airflow/example_dags/example_complex.py
[2025-02-10T15:41:36.641+0000] {processor.py:925} INFO - DAG(s) 'example_complex' retrieved from /usr/local/lib/python3.9/dist-packages/airflow/example_dags/example_complex.py
[2025-02-10T15:41:36.684+0000] {logging_mixin.py:190} INFO - [2025-02-10T15:41:36.684+0000] {dag.py:3239} INFO - Sync 1 DAGs
[2025-02-10T15:41:36.703+0000] {logging_mixin.py:190} INFO - [2025-02-10T15:41:36.702+0000] {dag.py:4180} INFO - Setting next_dagrun for example_complex to None, run_after=None
[2025-02-10T15:41:36.780+0000] {processor.py:208} INFO - Processing /usr/local/lib/python3.9/dist-packages/airflow/example_dags/example_complex.py took 0.161 seconds
[2025-02-10T15:42:56.135+0000] {processor.py:186} INFO - Started process (PID=916) to work on /usr/local/lib/python3.9/dist-packages/airflow/example_dags/example_complex.py
[2025-02-10T15:42:56.136+0000] {processor.py:914} INFO - Processing file /usr/local/lib/python3.9/dist-packages/airflow/example_dags/example_complex.py for tasks to queue
[2025-02-10T15:42:56.139+0000] {logging_mixin.py:190} INFO - [2025-02-10T15:42:56.139+0000] {dagbag.py:588} INFO - Filling up the DagBag from /usr/local/lib/python3.9/dist-packages/airflow/example_dags/example_complex.py
[2025-02-10T15:42:56.151+0000] {processor.py:925} INFO - DAG(s) 'example_complex' retrieved from /usr/local/lib/python3.9/dist-packages/airflow/example_dags/example_complex.py
[2025-02-10T15:42:56.192+0000] {logging_mixin.py:190} INFO - [2025-02-10T15:42:56.191+0000] {dag.py:3239} INFO - Sync 1 DAGs
[2025-02-10T15:42:56.208+0000] {logging_mixin.py:190} INFO - [2025-02-10T15:42:56.208+0000] {dag.py:4180} INFO - Setting next_dagrun for example_complex to None, run_after=None
[2025-02-10T15:42:56.281+0000] {processor.py:208} INFO - Processing /usr/local/lib/python3.9/dist-packages/airflow/example_dags/example_complex.py took 0.152 seconds
[2025-02-10T15:44:22.563+0000] {processor.py:186} INFO - Started process (PID=984) to work on /usr/local/lib/python3.9/dist-packages/airflow/example_dags/example_complex.py
[2025-02-10T15:44:22.565+0000] {processor.py:914} INFO - Processing file /usr/local/lib/python3.9/dist-packages/airflow/example_dags/example_complex.py for tasks to queue
[2025-02-10T15:44:22.568+0000] {logging_mixin.py:190} INFO - [2025-02-10T15:44:22.567+0000] {dagbag.py:588} INFO - Filling up the DagBag from /usr/local/lib/python3.9/dist-packages/airflow/example_dags/example_complex.py
[2025-02-10T15:44:22.579+0000] {processor.py:925} INFO - DAG(s) 'example_complex' retrieved from /usr/local/lib/python3.9/dist-packages/airflow/example_dags/example_complex.py
[2025-02-10T15:44:22.622+0000] {logging_mixin.py:190} INFO - [2025-02-10T15:44:22.622+0000] {dag.py:3239} INFO - Sync 1 DAGs
[2025-02-10T15:44:22.639+0000] {logging_mixin.py:190} INFO - [2025-02-10T15:44:22.639+0000] {dag.py:4180} INFO - Setting next_dagrun for example_complex to None, run_after=None
[2025-02-10T15:44:22.714+0000] {processor.py:208} INFO - Processing /usr/local/lib/python3.9/dist-packages/airflow/example_dags/example_complex.py took 0.156 seconds
[2025-02-10T15:45:46.427+0000] {processor.py:186} INFO - Started process (PID=1051) to work on /usr/local/lib/python3.9/dist-packages/airflow/example_dags/example_complex.py
[2025-02-10T15:45:46.429+0000] {processor.py:914} INFO - Processing file /usr/local/lib/python3.9/dist-packages/airflow/example_dags/example_complex.py for tasks to queue
[2025-02-10T15:45:46.431+0000] {logging_mixin.py:190} INFO - [2025-02-10T15:45:46.431+0000] {dagbag.py:588} INFO - Filling up the DagBag from /usr/local/lib/python3.9/dist-packages/airflow/example_dags/example_complex.py
[2025-02-10T15:45:46.444+0000] {processor.py:925} INFO - DAG(s) 'example_complex' retrieved from /usr/local/lib/python3.9/dist-packages/airflow/example_dags/example_complex.py
[2025-02-10T15:45:46.487+0000] {logging_mixin.py:190} INFO - [2025-02-10T15:45:46.486+0000] {dag.py:3239} INFO - Sync 1 DAGs
[2025-02-10T15:45:46.504+0000] {logging_mixin.py:190} INFO - [2025-02-10T15:45:46.504+0000] {dag.py:4180} INFO - Setting next_dagrun for example_complex to None, run_after=None
[2025-02-10T15:45:46.577+0000] {processor.py:208} INFO - Processing /usr/local/lib/python3.9/dist-packages/airflow/example_dags/example_complex.py took 0.156 seconds
[2025-02-10T15:47:01.811+0000] {processor.py:186} INFO - Started process (PID=1115) to work on /usr/local/lib/python3.9/dist-packages/airflow/example_dags/example_complex.py
[2025-02-10T15:47:01.812+0000] {processor.py:914} INFO - Processing file /usr/local/lib/python3.9/dist-packages/airflow/example_dags/example_complex.py for tasks to queue
[2025-02-10T15:47:01.815+0000] {logging_mixin.py:190} INFO - [2025-02-10T15:47:01.814+0000] {dagbag.py:588} INFO - Filling up the DagBag from /usr/local/lib/python3.9/dist-packages/airflow/example_dags/example_complex.py
[2025-02-10T15:47:01.827+0000] {processor.py:925} INFO - DAG(s) 'example_complex' retrieved from /usr/local/lib/python3.9/dist-packages/airflow/example_dags/example_complex.py
[2025-02-10T15:47:01.869+0000] {logging_mixin.py:190} INFO - [2025-02-10T15:47:01.869+0000] {dag.py:3239} INFO - Sync 1 DAGs
[2025-02-10T15:47:01.886+0000] {logging_mixin.py:190} INFO - [2025-02-10T15:47:01.886+0000] {dag.py:4180} INFO - Setting next_dagrun for example_complex to None, run_after=None
[2025-02-10T15:47:01.963+0000] {processor.py:208} INFO - Processing /usr/local/lib/python3.9/dist-packages/airflow/example_dags/example_complex.py took 0.158 seconds
[2025-02-10T15:48:17.621+0000] {processor.py:186} INFO - Started process (PID=1179) to work on /usr/local/lib/python3.9/dist-packages/airflow/example_dags/example_complex.py
[2025-02-10T15:48:17.622+0000] {processor.py:914} INFO - Processing file /usr/local/lib/python3.9/dist-packages/airflow/example_dags/example_complex.py for tasks to queue
[2025-02-10T15:48:17.625+0000] {logging_mixin.py:190} INFO - [2025-02-10T15:48:17.625+0000] {dagbag.py:588} INFO - Filling up the DagBag from /usr/local/lib/python3.9/dist-packages/airflow/example_dags/example_complex.py
[2025-02-10T15:48:17.637+0000] {processor.py:925} INFO - DAG(s) 'example_complex' retrieved from /usr/local/lib/python3.9/dist-packages/airflow/example_dags/example_complex.py
[2025-02-10T15:48:17.679+0000] {logging_mixin.py:190} INFO - [2025-02-10T15:48:17.678+0000] {dag.py:3239} INFO - Sync 1 DAGs
[2025-02-10T15:48:17.696+0000] {logging_mixin.py:190} INFO - [2025-02-10T15:48:17.695+0000] {dag.py:4180} INFO - Setting next_dagrun for example_complex to None, run_after=None
[2025-02-10T15:48:17.773+0000] {processor.py:208} INFO - Processing /usr/local/lib/python3.9/dist-packages/airflow/example_dags/example_complex.py took 0.158 seconds
[2025-02-10T15:49:27.789+0000] {processor.py:186} INFO - Started process (PID=1240) to work on /usr/local/lib/python3.9/dist-packages/airflow/example_dags/example_complex.py
[2025-02-10T15:49:27.791+0000] {processor.py:914} INFO - Processing file /usr/local/lib/python3.9/dist-packages/airflow/example_dags/example_complex.py for tasks to queue
[2025-02-10T15:49:27.793+0000] {logging_mixin.py:190} INFO - [2025-02-10T15:49:27.793+0000] {dagbag.py:588} INFO - Filling up the DagBag from /usr/local/lib/python3.9/dist-packages/airflow/example_dags/example_complex.py
[2025-02-10T15:49:27.804+0000] {processor.py:925} INFO - DAG(s) 'example_complex' retrieved from /usr/local/lib/python3.9/dist-packages/airflow/example_dags/example_complex.py
[2025-02-10T15:49:27.845+0000] {logging_mixin.py:190} INFO - [2025-02-10T15:49:27.845+0000] {dag.py:3239} INFO - Sync 1 DAGs
[2025-02-10T15:49:27.863+0000] {logging_mixin.py:190} INFO - [2025-02-10T15:49:27.863+0000] {dag.py:4180} INFO - Setting next_dagrun for example_complex to None, run_after=None
[2025-02-10T15:49:27.940+0000] {processor.py:208} INFO - Processing /usr/local/lib/python3.9/dist-packages/airflow/example_dags/example_complex.py took 0.156 seconds
[2025-02-10T15:50:47.924+0000] {processor.py:186} INFO - Started process (PID=1306) to work on /usr/local/lib/python3.9/dist-packages/airflow/example_dags/example_complex.py
[2025-02-10T15:50:47.925+0000] {processor.py:914} INFO - Processing file /usr/local/lib/python3.9/dist-packages/airflow/example_dags/example_complex.py for tasks to queue
[2025-02-10T15:50:47.928+0000] {logging_mixin.py:190} INFO - [2025-02-10T15:50:47.927+0000] {dagbag.py:588} INFO - Filling up the DagBag from /usr/local/lib/python3.9/dist-packages/airflow/example_dags/example_complex.py
[2025-02-10T15:50:47.939+0000] {processor.py:925} INFO - DAG(s) 'example_complex' retrieved from /usr/local/lib/python3.9/dist-packages/airflow/example_dags/example_complex.py
[2025-02-10T15:50:47.980+0000] {logging_mixin.py:190} INFO - [2025-02-10T15:50:47.980+0000] {dag.py:3239} INFO - Sync 1 DAGs
[2025-02-10T15:50:47.999+0000] {logging_mixin.py:190} INFO - [2025-02-10T15:50:47.998+0000] {dag.py:4180} INFO - Setting next_dagrun for example_complex to None, run_after=None
[2025-02-10T15:50:48.070+0000] {processor.py:208} INFO - Processing /usr/local/lib/python3.9/dist-packages/airflow/example_dags/example_complex.py took 0.152 seconds
[2025-02-10T15:52:03.767+0000] {processor.py:186} INFO - Started process (PID=1369) to work on /usr/local/lib/python3.9/dist-packages/airflow/example_dags/example_complex.py
[2025-02-10T15:52:03.768+0000] {processor.py:914} INFO - Processing file /usr/local/lib/python3.9/dist-packages/airflow/example_dags/example_complex.py for tasks to queue
[2025-02-10T15:52:03.771+0000] {logging_mixin.py:190} INFO - [2025-02-10T15:52:03.771+0000] {dagbag.py:588} INFO - Filling up the DagBag from /usr/local/lib/python3.9/dist-packages/airflow/example_dags/example_complex.py
[2025-02-10T15:52:03.783+0000] {processor.py:925} INFO - DAG(s) 'example_complex' retrieved from /usr/local/lib/python3.9/dist-packages/airflow/example_dags/example_complex.py
[2025-02-10T15:52:03.826+0000] {logging_mixin.py:190} INFO - [2025-02-10T15:52:03.825+0000] {dag.py:3239} INFO - Sync 1 DAGs
[2025-02-10T15:52:03.843+0000] {logging_mixin.py:190} INFO - [2025-02-10T15:52:03.843+0000] {dag.py:4180} INFO - Setting next_dagrun for example_complex to None, run_after=None
[2025-02-10T15:52:03.918+0000] {processor.py:208} INFO - Processing /usr/local/lib/python3.9/dist-packages/airflow/example_dags/example_complex.py took 0.157 seconds
[2025-02-10T15:53:19.383+0000] {processor.py:186} INFO - Started process (PID=1433) to work on /usr/local/lib/python3.9/dist-packages/airflow/example_dags/example_complex.py
[2025-02-10T15:53:19.384+0000] {processor.py:914} INFO - Processing file /usr/local/lib/python3.9/dist-packages/airflow/example_dags/example_complex.py for tasks to queue
[2025-02-10T15:53:19.388+0000] {logging_mixin.py:190} INFO - [2025-02-10T15:53:19.387+0000] {dagbag.py:588} INFO - Filling up the DagBag from /usr/local/lib/python3.9/dist-packages/airflow/example_dags/example_complex.py
[2025-02-10T15:53:19.400+0000] {processor.py:925} INFO - DAG(s) 'example_complex' retrieved from /usr/local/lib/python3.9/dist-packages/airflow/example_dags/example_complex.py
[2025-02-10T15:53:19.440+0000] {logging_mixin.py:190} INFO - [2025-02-10T15:53:19.440+0000] {dag.py:3239} INFO - Sync 1 DAGs
[2025-02-10T15:53:19.457+0000] {logging_mixin.py:190} INFO - [2025-02-10T15:53:19.457+0000] {dag.py:4180} INFO - Setting next_dagrun for example_complex to None, run_after=None
[2025-02-10T15:53:19.526+0000] {processor.py:208} INFO - Processing /usr/local/lib/python3.9/dist-packages/airflow/example_dags/example_complex.py took 0.149 seconds
[2025-02-10T15:54:36.989+0000] {processor.py:186} INFO - Started process (PID=1497) to work on /usr/local/lib/python3.9/dist-packages/airflow/example_dags/example_complex.py
[2025-02-10T15:54:36.991+0000] {processor.py:914} INFO - Processing file /usr/local/lib/python3.9/dist-packages/airflow/example_dags/example_complex.py for tasks to queue
[2025-02-10T15:54:36.993+0000] {logging_mixin.py:190} INFO - [2025-02-10T15:54:36.993+0000] {dagbag.py:588} INFO - Filling up the DagBag from /usr/local/lib/python3.9/dist-packages/airflow/example_dags/example_complex.py
[2025-02-10T15:54:37.005+0000] {processor.py:925} INFO - DAG(s) 'example_complex' retrieved from /usr/local/lib/python3.9/dist-packages/airflow/example_dags/example_complex.py
[2025-02-10T15:54:37.046+0000] {logging_mixin.py:190} INFO - [2025-02-10T15:54:37.045+0000] {dag.py:3239} INFO - Sync 1 DAGs
[2025-02-10T15:54:37.062+0000] {logging_mixin.py:190} INFO - [2025-02-10T15:54:37.062+0000] {dag.py:4180} INFO - Setting next_dagrun for example_complex to None, run_after=None
[2025-02-10T15:54:37.140+0000] {processor.py:208} INFO - Processing /usr/local/lib/python3.9/dist-packages/airflow/example_dags/example_complex.py took 0.157 seconds
[2025-02-10T15:55:57.273+0000] {processor.py:186} INFO - Started process (PID=1563) to work on /usr/local/lib/python3.9/dist-packages/airflow/example_dags/example_complex.py
[2025-02-10T15:55:57.274+0000] {processor.py:914} INFO - Processing file /usr/local/lib/python3.9/dist-packages/airflow/example_dags/example_complex.py for tasks to queue
[2025-02-10T15:55:57.277+0000] {logging_mixin.py:190} INFO - [2025-02-10T15:55:57.276+0000] {dagbag.py:588} INFO - Filling up the DagBag from /usr/local/lib/python3.9/dist-packages/airflow/example_dags/example_complex.py
[2025-02-10T15:55:57.288+0000] {processor.py:925} INFO - DAG(s) 'example_complex' retrieved from /usr/local/lib/python3.9/dist-packages/airflow/example_dags/example_complex.py
[2025-02-10T15:55:57.329+0000] {logging_mixin.py:190} INFO - [2025-02-10T15:55:57.329+0000] {dag.py:3239} INFO - Sync 1 DAGs
[2025-02-10T15:55:57.346+0000] {logging_mixin.py:190} INFO - [2025-02-10T15:55:57.346+0000] {dag.py:4180} INFO - Setting next_dagrun for example_complex to None, run_after=None
[2025-02-10T15:55:57.421+0000] {processor.py:208} INFO - Processing /usr/local/lib/python3.9/dist-packages/airflow/example_dags/example_complex.py took 0.153 seconds
[2025-02-10T15:57:16.202+0000] {processor.py:186} INFO - Started process (PID=1628) to work on /usr/local/lib/python3.9/dist-packages/airflow/example_dags/example_complex.py
[2025-02-10T15:57:16.203+0000] {processor.py:914} INFO - Processing file /usr/local/lib/python3.9/dist-packages/airflow/example_dags/example_complex.py for tasks to queue
[2025-02-10T15:57:16.206+0000] {logging_mixin.py:190} INFO - [2025-02-10T15:57:16.205+0000] {dagbag.py:588} INFO - Filling up the DagBag from /usr/local/lib/python3.9/dist-packages/airflow/example_dags/example_complex.py
[2025-02-10T15:57:16.217+0000] {processor.py:925} INFO - DAG(s) 'example_complex' retrieved from /usr/local/lib/python3.9/dist-packages/airflow/example_dags/example_complex.py
[2025-02-10T15:57:16.258+0000] {logging_mixin.py:190} INFO - [2025-02-10T15:57:16.258+0000] {dag.py:3239} INFO - Sync 1 DAGs
[2025-02-10T15:57:16.274+0000] {logging_mixin.py:190} INFO - [2025-02-10T15:57:16.274+0000] {dag.py:4180} INFO - Setting next_dagrun for example_complex to None, run_after=None
[2025-02-10T15:57:16.345+0000] {processor.py:208} INFO - Processing /usr/local/lib/python3.9/dist-packages/airflow/example_dags/example_complex.py took 0.149 seconds
[2025-02-10T15:58:35.206+0000] {processor.py:186} INFO - Started process (PID=1693) to work on /usr/local/lib/python3.9/dist-packages/airflow/example_dags/example_complex.py
[2025-02-10T15:58:35.207+0000] {processor.py:914} INFO - Processing file /usr/local/lib/python3.9/dist-packages/airflow/example_dags/example_complex.py for tasks to queue
[2025-02-10T15:58:35.209+0000] {logging_mixin.py:190} INFO - [2025-02-10T15:58:35.209+0000] {dagbag.py:588} INFO - Filling up the DagBag from /usr/local/lib/python3.9/dist-packages/airflow/example_dags/example_complex.py
[2025-02-10T15:58:35.221+0000] {processor.py:925} INFO - DAG(s) 'example_complex' retrieved from /usr/local/lib/python3.9/dist-packages/airflow/example_dags/example_complex.py
[2025-02-10T15:58:35.261+0000] {logging_mixin.py:190} INFO - [2025-02-10T15:58:35.261+0000] {dag.py:3239} INFO - Sync 1 DAGs
[2025-02-10T15:58:35.279+0000] {logging_mixin.py:190} INFO - [2025-02-10T15:58:35.278+0000] {dag.py:4180} INFO - Setting next_dagrun for example_complex to None, run_after=None
[2025-02-10T15:58:35.356+0000] {processor.py:208} INFO - Processing /usr/local/lib/python3.9/dist-packages/airflow/example_dags/example_complex.py took 0.155 seconds
[2025-02-10T15:59:53.131+0000] {processor.py:186} INFO - Started process (PID=1758) to work on /usr/local/lib/python3.9/dist-packages/airflow/example_dags/example_complex.py
[2025-02-10T15:59:53.133+0000] {processor.py:914} INFO - Processing file /usr/local/lib/python3.9/dist-packages/airflow/example_dags/example_complex.py for tasks to queue
[2025-02-10T15:59:53.136+0000] {logging_mixin.py:190} INFO - [2025-02-10T15:59:53.136+0000] {dagbag.py:588} INFO - Filling up the DagBag from /usr/local/lib/python3.9/dist-packages/airflow/example_dags/example_complex.py
[2025-02-10T15:59:53.155+0000] {processor.py:925} INFO - DAG(s) 'example_complex' retrieved from /usr/local/lib/python3.9/dist-packages/airflow/example_dags/example_complex.py
[2025-02-10T15:59:53.208+0000] {logging_mixin.py:190} INFO - [2025-02-10T15:59:53.207+0000] {dag.py:3239} INFO - Sync 1 DAGs
[2025-02-10T15:59:53.229+0000] {logging_mixin.py:190} INFO - [2025-02-10T15:59:53.229+0000] {dag.py:4180} INFO - Setting next_dagrun for example_complex to None, run_after=None
[2025-02-10T15:59:53.316+0000] {processor.py:208} INFO - Processing /usr/local/lib/python3.9/dist-packages/airflow/example_dags/example_complex.py took 0.194 seconds
[2025-02-10T16:01:14.618+0000] {processor.py:186} INFO - Started process (PID=1824) to work on /usr/local/lib/python3.9/dist-packages/airflow/example_dags/example_complex.py
[2025-02-10T16:01:14.619+0000] {processor.py:914} INFO - Processing file /usr/local/lib/python3.9/dist-packages/airflow/example_dags/example_complex.py for tasks to queue
[2025-02-10T16:01:14.622+0000] {logging_mixin.py:190} INFO - [2025-02-10T16:01:14.621+0000] {dagbag.py:588} INFO - Filling up the DagBag from /usr/local/lib/python3.9/dist-packages/airflow/example_dags/example_complex.py
[2025-02-10T16:01:14.634+0000] {processor.py:925} INFO - DAG(s) 'example_complex' retrieved from /usr/local/lib/python3.9/dist-packages/airflow/example_dags/example_complex.py
[2025-02-10T16:01:14.676+0000] {logging_mixin.py:190} INFO - [2025-02-10T16:01:14.676+0000] {dag.py:3239} INFO - Sync 1 DAGs
[2025-02-10T16:01:14.694+0000] {logging_mixin.py:190} INFO - [2025-02-10T16:01:14.694+0000] {dag.py:4180} INFO - Setting next_dagrun for example_complex to None, run_after=None
[2025-02-10T16:01:14.764+0000] {processor.py:208} INFO - Processing /usr/local/lib/python3.9/dist-packages/airflow/example_dags/example_complex.py took 0.152 seconds
[2025-02-10T16:03:58.099+0000] {processor.py:186} INFO - Started process (PID=65) to work on /usr/local/lib/python3.9/dist-packages/airflow/example_dags/example_complex.py
[2025-02-10T16:03:58.101+0000] {processor.py:914} INFO - Processing file /usr/local/lib/python3.9/dist-packages/airflow/example_dags/example_complex.py for tasks to queue
[2025-02-10T16:03:58.103+0000] {logging_mixin.py:190} INFO - [2025-02-10T16:03:58.103+0000] {dagbag.py:588} INFO - Filling up the DagBag from /usr/local/lib/python3.9/dist-packages/airflow/example_dags/example_complex.py
[2025-02-10T16:03:58.115+0000] {processor.py:925} INFO - DAG(s) 'example_complex' retrieved from /usr/local/lib/python3.9/dist-packages/airflow/example_dags/example_complex.py
[2025-02-10T16:03:58.161+0000] {logging_mixin.py:190} INFO - [2025-02-10T16:03:58.160+0000] {dag.py:3239} INFO - Sync 1 DAGs
[2025-02-10T16:03:58.177+0000] {logging_mixin.py:190} INFO - [2025-02-10T16:03:58.177+0000] {dag.py:4180} INFO - Setting next_dagrun for example_complex to None, run_after=None
[2025-02-10T16:03:58.253+0000] {processor.py:208} INFO - Processing /usr/local/lib/python3.9/dist-packages/airflow/example_dags/example_complex.py took 0.159 seconds
[2025-02-10T16:05:14.873+0000] {processor.py:186} INFO - Started process (PID=130) to work on /usr/local/lib/python3.9/dist-packages/airflow/example_dags/example_complex.py
[2025-02-10T16:05:14.874+0000] {processor.py:914} INFO - Processing file /usr/local/lib/python3.9/dist-packages/airflow/example_dags/example_complex.py for tasks to queue
[2025-02-10T16:05:14.877+0000] {logging_mixin.py:190} INFO - [2025-02-10T16:05:14.877+0000] {dagbag.py:588} INFO - Filling up the DagBag from /usr/local/lib/python3.9/dist-packages/airflow/example_dags/example_complex.py
[2025-02-10T16:05:14.889+0000] {processor.py:925} INFO - DAG(s) 'example_complex' retrieved from /usr/local/lib/python3.9/dist-packages/airflow/example_dags/example_complex.py
[2025-02-10T16:05:14.932+0000] {logging_mixin.py:190} INFO - [2025-02-10T16:05:14.931+0000] {dag.py:3239} INFO - Sync 1 DAGs
[2025-02-10T16:05:14.950+0000] {logging_mixin.py:190} INFO - [2025-02-10T16:05:14.949+0000] {dag.py:4180} INFO - Setting next_dagrun for example_complex to None, run_after=None
[2025-02-10T16:05:15.026+0000] {processor.py:208} INFO - Processing /usr/local/lib/python3.9/dist-packages/airflow/example_dags/example_complex.py took 0.158 seconds
[2025-02-10T16:06:29.810+0000] {processor.py:186} INFO - Started process (PID=193) to work on /usr/local/lib/python3.9/dist-packages/airflow/example_dags/example_complex.py
[2025-02-10T16:06:29.812+0000] {processor.py:914} INFO - Processing file /usr/local/lib/python3.9/dist-packages/airflow/example_dags/example_complex.py for tasks to queue
[2025-02-10T16:06:29.814+0000] {logging_mixin.py:190} INFO - [2025-02-10T16:06:29.814+0000] {dagbag.py:588} INFO - Filling up the DagBag from /usr/local/lib/python3.9/dist-packages/airflow/example_dags/example_complex.py
[2025-02-10T16:06:29.828+0000] {processor.py:925} INFO - DAG(s) 'example_complex' retrieved from /usr/local/lib/python3.9/dist-packages/airflow/example_dags/example_complex.py
[2025-02-10T16:06:29.872+0000] {logging_mixin.py:190} INFO - [2025-02-10T16:06:29.872+0000] {dag.py:3239} INFO - Sync 1 DAGs
[2025-02-10T16:06:29.890+0000] {logging_mixin.py:190} INFO - [2025-02-10T16:06:29.890+0000] {dag.py:4180} INFO - Setting next_dagrun for example_complex to None, run_after=None
[2025-02-10T16:06:29.962+0000] {processor.py:208} INFO - Processing /usr/local/lib/python3.9/dist-packages/airflow/example_dags/example_complex.py took 0.159 seconds
[2025-02-10T16:07:46.375+0000] {processor.py:186} INFO - Started process (PID=257) to work on /usr/local/lib/python3.9/dist-packages/airflow/example_dags/example_complex.py
[2025-02-10T16:07:46.376+0000] {processor.py:914} INFO - Processing file /usr/local/lib/python3.9/dist-packages/airflow/example_dags/example_complex.py for tasks to queue
[2025-02-10T16:07:46.378+0000] {logging_mixin.py:190} INFO - [2025-02-10T16:07:46.378+0000] {dagbag.py:588} INFO - Filling up the DagBag from /usr/local/lib/python3.9/dist-packages/airflow/example_dags/example_complex.py
[2025-02-10T16:07:46.390+0000] {processor.py:925} INFO - DAG(s) 'example_complex' retrieved from /usr/local/lib/python3.9/dist-packages/airflow/example_dags/example_complex.py
[2025-02-10T16:07:46.431+0000] {logging_mixin.py:190} INFO - [2025-02-10T16:07:46.431+0000] {dag.py:3239} INFO - Sync 1 DAGs
[2025-02-10T16:07:46.448+0000] {logging_mixin.py:190} INFO - [2025-02-10T16:07:46.447+0000] {dag.py:4180} INFO - Setting next_dagrun for example_complex to None, run_after=None
[2025-02-10T16:07:46.521+0000] {processor.py:208} INFO - Processing /usr/local/lib/python3.9/dist-packages/airflow/example_dags/example_complex.py took 0.152 seconds
[2025-02-10T16:09:06.949+0000] {processor.py:186} INFO - Started process (PID=322) to work on /usr/local/lib/python3.9/dist-packages/airflow/example_dags/example_complex.py
[2025-02-10T16:09:06.951+0000] {processor.py:914} INFO - Processing file /usr/local/lib/python3.9/dist-packages/airflow/example_dags/example_complex.py for tasks to queue
[2025-02-10T16:09:06.954+0000] {logging_mixin.py:190} INFO - [2025-02-10T16:09:06.953+0000] {dagbag.py:588} INFO - Filling up the DagBag from /usr/local/lib/python3.9/dist-packages/airflow/example_dags/example_complex.py
[2025-02-10T16:09:06.967+0000] {processor.py:925} INFO - DAG(s) 'example_complex' retrieved from /usr/local/lib/python3.9/dist-packages/airflow/example_dags/example_complex.py
[2025-02-10T16:09:07.014+0000] {logging_mixin.py:190} INFO - [2025-02-10T16:09:07.014+0000] {dag.py:3239} INFO - Sync 1 DAGs
[2025-02-10T16:09:07.032+0000] {logging_mixin.py:190} INFO - [2025-02-10T16:09:07.031+0000] {dag.py:4180} INFO - Setting next_dagrun for example_complex to None, run_after=None
[2025-02-10T16:09:07.119+0000] {processor.py:208} INFO - Processing /usr/local/lib/python3.9/dist-packages/airflow/example_dags/example_complex.py took 0.175 seconds
[2025-02-10T16:10:24.427+0000] {processor.py:186} INFO - Started process (PID=386) to work on /usr/local/lib/python3.9/dist-packages/airflow/example_dags/example_complex.py
[2025-02-10T16:10:24.429+0000] {processor.py:914} INFO - Processing file /usr/local/lib/python3.9/dist-packages/airflow/example_dags/example_complex.py for tasks to queue
[2025-02-10T16:10:24.431+0000] {logging_mixin.py:190} INFO - [2025-02-10T16:10:24.431+0000] {dagbag.py:588} INFO - Filling up the DagBag from /usr/local/lib/python3.9/dist-packages/airflow/example_dags/example_complex.py
[2025-02-10T16:10:24.442+0000] {processor.py:925} INFO - DAG(s) 'example_complex' retrieved from /usr/local/lib/python3.9/dist-packages/airflow/example_dags/example_complex.py
[2025-02-10T16:10:24.484+0000] {logging_mixin.py:190} INFO - [2025-02-10T16:10:24.484+0000] {dag.py:3239} INFO - Sync 1 DAGs
[2025-02-10T16:10:24.500+0000] {logging_mixin.py:190} INFO - [2025-02-10T16:10:24.500+0000] {dag.py:4180} INFO - Setting next_dagrun for example_complex to None, run_after=None
[2025-02-10T16:10:24.579+0000] {processor.py:208} INFO - Processing /usr/local/lib/python3.9/dist-packages/airflow/example_dags/example_complex.py took 0.157 seconds
[2025-02-10T16:11:39.509+0000] {processor.py:186} INFO - Started process (PID=450) to work on /usr/local/lib/python3.9/dist-packages/airflow/example_dags/example_complex.py
[2025-02-10T16:11:39.511+0000] {processor.py:914} INFO - Processing file /usr/local/lib/python3.9/dist-packages/airflow/example_dags/example_complex.py for tasks to queue
[2025-02-10T16:11:39.514+0000] {logging_mixin.py:190} INFO - [2025-02-10T16:11:39.513+0000] {dagbag.py:588} INFO - Filling up the DagBag from /usr/local/lib/python3.9/dist-packages/airflow/example_dags/example_complex.py
[2025-02-10T16:11:39.525+0000] {processor.py:925} INFO - DAG(s) 'example_complex' retrieved from /usr/local/lib/python3.9/dist-packages/airflow/example_dags/example_complex.py
[2025-02-10T16:11:39.566+0000] {logging_mixin.py:190} INFO - [2025-02-10T16:11:39.565+0000] {dag.py:3239} INFO - Sync 1 DAGs
[2025-02-10T16:11:39.585+0000] {logging_mixin.py:190} INFO - [2025-02-10T16:11:39.584+0000] {dag.py:4180} INFO - Setting next_dagrun for example_complex to None, run_after=None
[2025-02-10T16:11:39.665+0000] {processor.py:208} INFO - Processing /usr/local/lib/python3.9/dist-packages/airflow/example_dags/example_complex.py took 0.161 seconds
[2025-02-10T16:12:54.992+0000] {processor.py:186} INFO - Started process (PID=514) to work on /usr/local/lib/python3.9/dist-packages/airflow/example_dags/example_complex.py
[2025-02-10T16:12:54.994+0000] {processor.py:914} INFO - Processing file /usr/local/lib/python3.9/dist-packages/airflow/example_dags/example_complex.py for tasks to queue
[2025-02-10T16:12:54.997+0000] {logging_mixin.py:190} INFO - [2025-02-10T16:12:54.996+0000] {dagbag.py:588} INFO - Filling up the DagBag from /usr/local/lib/python3.9/dist-packages/airflow/example_dags/example_complex.py
[2025-02-10T16:12:55.010+0000] {processor.py:925} INFO - DAG(s) 'example_complex' retrieved from /usr/local/lib/python3.9/dist-packages/airflow/example_dags/example_complex.py
[2025-02-10T16:12:55.054+0000] {logging_mixin.py:190} INFO - [2025-02-10T16:12:55.054+0000] {dag.py:3239} INFO - Sync 1 DAGs
[2025-02-10T16:12:55.072+0000] {logging_mixin.py:190} INFO - [2025-02-10T16:12:55.071+0000] {dag.py:4180} INFO - Setting next_dagrun for example_complex to None, run_after=None
[2025-02-10T16:12:55.147+0000] {processor.py:208} INFO - Processing /usr/local/lib/python3.9/dist-packages/airflow/example_dags/example_complex.py took 0.161 seconds
[2025-02-10T16:14:06.675+0000] {processor.py:186} INFO - Started process (PID=576) to work on /usr/local/lib/python3.9/dist-packages/airflow/example_dags/example_complex.py
[2025-02-10T16:14:06.677+0000] {processor.py:914} INFO - Processing file /usr/local/lib/python3.9/dist-packages/airflow/example_dags/example_complex.py for tasks to queue
[2025-02-10T16:14:06.681+0000] {logging_mixin.py:190} INFO - [2025-02-10T16:14:06.680+0000] {dagbag.py:588} INFO - Filling up the DagBag from /usr/local/lib/python3.9/dist-packages/airflow/example_dags/example_complex.py
[2025-02-10T16:14:06.692+0000] {processor.py:925} INFO - DAG(s) 'example_complex' retrieved from /usr/local/lib/python3.9/dist-packages/airflow/example_dags/example_complex.py
[2025-02-10T16:14:06.735+0000] {logging_mixin.py:190} INFO - [2025-02-10T16:14:06.735+0000] {dag.py:3239} INFO - Sync 1 DAGs
[2025-02-10T16:14:06.752+0000] {logging_mixin.py:190} INFO - [2025-02-10T16:14:06.751+0000] {dag.py:4180} INFO - Setting next_dagrun for example_complex to None, run_after=None
[2025-02-10T16:14:06.831+0000] {processor.py:208} INFO - Processing /usr/local/lib/python3.9/dist-packages/airflow/example_dags/example_complex.py took 0.161 seconds
[2025-02-10T16:15:24.158+0000] {processor.py:186} INFO - Started process (PID=640) to work on /usr/local/lib/python3.9/dist-packages/airflow/example_dags/example_complex.py
[2025-02-10T16:15:24.159+0000] {processor.py:914} INFO - Processing file /usr/local/lib/python3.9/dist-packages/airflow/example_dags/example_complex.py for tasks to queue
[2025-02-10T16:15:24.162+0000] {logging_mixin.py:190} INFO - [2025-02-10T16:15:24.161+0000] {dagbag.py:588} INFO - Filling up the DagBag from /usr/local/lib/python3.9/dist-packages/airflow/example_dags/example_complex.py
[2025-02-10T16:15:24.174+0000] {processor.py:925} INFO - DAG(s) 'example_complex' retrieved from /usr/local/lib/python3.9/dist-packages/airflow/example_dags/example_complex.py
[2025-02-10T16:15:24.214+0000] {logging_mixin.py:190} INFO - [2025-02-10T16:15:24.214+0000] {dag.py:3239} INFO - Sync 1 DAGs
[2025-02-10T16:15:24.231+0000] {logging_mixin.py:190} INFO - [2025-02-10T16:15:24.230+0000] {dag.py:4180} INFO - Setting next_dagrun for example_complex to None, run_after=None
[2025-02-10T16:15:24.309+0000] {processor.py:208} INFO - Processing /usr/local/lib/python3.9/dist-packages/airflow/example_dags/example_complex.py took 0.157 seconds
[2025-02-10T16:16:46.865+0000] {processor.py:186} INFO - Started process (PID=707) to work on /usr/local/lib/python3.9/dist-packages/airflow/example_dags/example_complex.py
[2025-02-10T16:16:46.867+0000] {processor.py:914} INFO - Processing file /usr/local/lib/python3.9/dist-packages/airflow/example_dags/example_complex.py for tasks to queue
[2025-02-10T16:16:46.870+0000] {logging_mixin.py:190} INFO - [2025-02-10T16:16:46.869+0000] {dagbag.py:588} INFO - Filling up the DagBag from /usr/local/lib/python3.9/dist-packages/airflow/example_dags/example_complex.py
[2025-02-10T16:16:46.882+0000] {processor.py:925} INFO - DAG(s) 'example_complex' retrieved from /usr/local/lib/python3.9/dist-packages/airflow/example_dags/example_complex.py
[2025-02-10T16:16:46.926+0000] {logging_mixin.py:190} INFO - [2025-02-10T16:16:46.925+0000] {dag.py:3239} INFO - Sync 1 DAGs
[2025-02-10T16:16:46.944+0000] {logging_mixin.py:190} INFO - [2025-02-10T16:16:46.943+0000] {dag.py:4180} INFO - Setting next_dagrun for example_complex to None, run_after=None
[2025-02-10T16:16:47.020+0000] {processor.py:208} INFO - Processing /usr/local/lib/python3.9/dist-packages/airflow/example_dags/example_complex.py took 0.160 seconds
[2025-02-10T16:17:59.205+0000] {processor.py:186} INFO - Started process (PID=770) to work on /usr/local/lib/python3.9/dist-packages/airflow/example_dags/example_complex.py
[2025-02-10T16:17:59.206+0000] {processor.py:914} INFO - Processing file /usr/local/lib/python3.9/dist-packages/airflow/example_dags/example_complex.py for tasks to queue
[2025-02-10T16:17:59.210+0000] {logging_mixin.py:190} INFO - [2025-02-10T16:17:59.209+0000] {dagbag.py:588} INFO - Filling up the DagBag from /usr/local/lib/python3.9/dist-packages/airflow/example_dags/example_complex.py
[2025-02-10T16:17:59.222+0000] {processor.py:925} INFO - DAG(s) 'example_complex' retrieved from /usr/local/lib/python3.9/dist-packages/airflow/example_dags/example_complex.py
[2025-02-10T16:17:59.267+0000] {logging_mixin.py:190} INFO - [2025-02-10T16:17:59.267+0000] {dag.py:3239} INFO - Sync 1 DAGs
[2025-02-10T16:17:59.285+0000] {logging_mixin.py:190} INFO - [2025-02-10T16:17:59.284+0000] {dag.py:4180} INFO - Setting next_dagrun for example_complex to None, run_after=None
[2025-02-10T16:17:59.358+0000] {processor.py:208} INFO - Processing /usr/local/lib/python3.9/dist-packages/airflow/example_dags/example_complex.py took 0.159 seconds
[2025-02-10T16:19:17.197+0000] {processor.py:186} INFO - Started process (PID=835) to work on /usr/local/lib/python3.9/dist-packages/airflow/example_dags/example_complex.py
[2025-02-10T16:19:17.199+0000] {processor.py:914} INFO - Processing file /usr/local/lib/python3.9/dist-packages/airflow/example_dags/example_complex.py for tasks to queue
[2025-02-10T16:19:17.202+0000] {logging_mixin.py:190} INFO - [2025-02-10T16:19:17.202+0000] {dagbag.py:588} INFO - Filling up the DagBag from /usr/local/lib/python3.9/dist-packages/airflow/example_dags/example_complex.py
[2025-02-10T16:19:17.214+0000] {processor.py:925} INFO - DAG(s) 'example_complex' retrieved from /usr/local/lib/python3.9/dist-packages/airflow/example_dags/example_complex.py
[2025-02-10T16:19:17.255+0000] {logging_mixin.py:190} INFO - [2025-02-10T16:19:17.255+0000] {dag.py:3239} INFO - Sync 1 DAGs
[2025-02-10T16:19:17.271+0000] {logging_mixin.py:190} INFO - [2025-02-10T16:19:17.270+0000] {dag.py:4180} INFO - Setting next_dagrun for example_complex to None, run_after=None
[2025-02-10T16:19:17.339+0000] {processor.py:208} INFO - Processing /usr/local/lib/python3.9/dist-packages/airflow/example_dags/example_complex.py took 0.147 seconds
[2025-02-10T16:20:34.884+0000] {processor.py:186} INFO - Started process (PID=899) to work on /usr/local/lib/python3.9/dist-packages/airflow/example_dags/example_complex.py
[2025-02-10T16:20:34.886+0000] {processor.py:914} INFO - Processing file /usr/local/lib/python3.9/dist-packages/airflow/example_dags/example_complex.py for tasks to queue
[2025-02-10T16:20:34.889+0000] {logging_mixin.py:190} INFO - [2025-02-10T16:20:34.888+0000] {dagbag.py:588} INFO - Filling up the DagBag from /usr/local/lib/python3.9/dist-packages/airflow/example_dags/example_complex.py
[2025-02-10T16:20:34.905+0000] {processor.py:925} INFO - DAG(s) 'example_complex' retrieved from /usr/local/lib/python3.9/dist-packages/airflow/example_dags/example_complex.py
[2025-02-10T16:20:34.950+0000] {logging_mixin.py:190} INFO - [2025-02-10T16:20:34.949+0000] {dag.py:3239} INFO - Sync 1 DAGs
[2025-02-10T16:20:34.968+0000] {logging_mixin.py:190} INFO - [2025-02-10T16:20:34.967+0000] {dag.py:4180} INFO - Setting next_dagrun for example_complex to None, run_after=None
[2025-02-10T16:20:35.045+0000] {processor.py:208} INFO - Processing /usr/local/lib/python3.9/dist-packages/airflow/example_dags/example_complex.py took 0.169 seconds
[2025-02-10T16:21:55.377+0000] {processor.py:186} INFO - Started process (PID=969) to work on /usr/local/lib/python3.9/dist-packages/airflow/example_dags/example_complex.py
[2025-02-10T16:21:55.379+0000] {processor.py:914} INFO - Processing file /usr/local/lib/python3.9/dist-packages/airflow/example_dags/example_complex.py for tasks to queue
[2025-02-10T16:21:55.381+0000] {logging_mixin.py:190} INFO - [2025-02-10T16:21:55.381+0000] {dagbag.py:588} INFO - Filling up the DagBag from /usr/local/lib/python3.9/dist-packages/airflow/example_dags/example_complex.py
[2025-02-10T16:21:55.394+0000] {processor.py:925} INFO - DAG(s) 'example_complex' retrieved from /usr/local/lib/python3.9/dist-packages/airflow/example_dags/example_complex.py
[2025-02-10T16:21:55.439+0000] {logging_mixin.py:190} INFO - [2025-02-10T16:21:55.438+0000] {dag.py:3239} INFO - Sync 1 DAGs
[2025-02-10T16:21:55.457+0000] {logging_mixin.py:190} INFO - [2025-02-10T16:21:55.457+0000] {dag.py:4180} INFO - Setting next_dagrun for example_complex to None, run_after=None
[2025-02-10T16:21:55.530+0000] {processor.py:208} INFO - Processing /usr/local/lib/python3.9/dist-packages/airflow/example_dags/example_complex.py took 0.157 seconds
[2025-02-10T16:23:14.866+0000] {processor.py:186} INFO - Started process (PID=1034) to work on /usr/local/lib/python3.9/dist-packages/airflow/example_dags/example_complex.py
[2025-02-10T16:23:14.868+0000] {processor.py:914} INFO - Processing file /usr/local/lib/python3.9/dist-packages/airflow/example_dags/example_complex.py for tasks to queue
[2025-02-10T16:23:14.870+0000] {logging_mixin.py:190} INFO - [2025-02-10T16:23:14.870+0000] {dagbag.py:588} INFO - Filling up the DagBag from /usr/local/lib/python3.9/dist-packages/airflow/example_dags/example_complex.py
[2025-02-10T16:23:14.883+0000] {processor.py:925} INFO - DAG(s) 'example_complex' retrieved from /usr/local/lib/python3.9/dist-packages/airflow/example_dags/example_complex.py
[2025-02-10T16:23:14.928+0000] {logging_mixin.py:190} INFO - [2025-02-10T16:23:14.927+0000] {dag.py:3239} INFO - Sync 1 DAGs
[2025-02-10T16:23:14.945+0000] {logging_mixin.py:190} INFO - [2025-02-10T16:23:14.945+0000] {dag.py:4180} INFO - Setting next_dagrun for example_complex to None, run_after=None
[2025-02-10T16:23:15.026+0000] {processor.py:208} INFO - Processing /usr/local/lib/python3.9/dist-packages/airflow/example_dags/example_complex.py took 0.165 seconds
[2025-02-10T16:24:31.230+0000] {processor.py:186} INFO - Started process (PID=1098) to work on /usr/local/lib/python3.9/dist-packages/airflow/example_dags/example_complex.py
[2025-02-10T16:24:31.232+0000] {processor.py:914} INFO - Processing file /usr/local/lib/python3.9/dist-packages/airflow/example_dags/example_complex.py for tasks to queue
[2025-02-10T16:24:31.235+0000] {logging_mixin.py:190} INFO - [2025-02-10T16:24:31.234+0000] {dagbag.py:588} INFO - Filling up the DagBag from /usr/local/lib/python3.9/dist-packages/airflow/example_dags/example_complex.py
[2025-02-10T16:24:31.246+0000] {processor.py:925} INFO - DAG(s) 'example_complex' retrieved from /usr/local/lib/python3.9/dist-packages/airflow/example_dags/example_complex.py
[2025-02-10T16:24:31.289+0000] {logging_mixin.py:190} INFO - [2025-02-10T16:24:31.289+0000] {dag.py:3239} INFO - Sync 1 DAGs
[2025-02-10T16:24:31.306+0000] {logging_mixin.py:190} INFO - [2025-02-10T16:24:31.305+0000] {dag.py:4180} INFO - Setting next_dagrun for example_complex to None, run_after=None
[2025-02-10T16:24:31.381+0000] {processor.py:208} INFO - Processing /usr/local/lib/python3.9/dist-packages/airflow/example_dags/example_complex.py took 0.157 seconds
[2025-02-10T16:25:55.322+0000] {processor.py:186} INFO - Started process (PID=1166) to work on /usr/local/lib/python3.9/dist-packages/airflow/example_dags/example_complex.py
[2025-02-10T16:25:55.323+0000] {processor.py:914} INFO - Processing file /usr/local/lib/python3.9/dist-packages/airflow/example_dags/example_complex.py for tasks to queue
[2025-02-10T16:25:55.327+0000] {logging_mixin.py:190} INFO - [2025-02-10T16:25:55.326+0000] {dagbag.py:588} INFO - Filling up the DagBag from /usr/local/lib/python3.9/dist-packages/airflow/example_dags/example_complex.py
[2025-02-10T16:25:55.341+0000] {processor.py:925} INFO - DAG(s) 'example_complex' retrieved from /usr/local/lib/python3.9/dist-packages/airflow/example_dags/example_complex.py
[2025-02-10T16:25:55.388+0000] {logging_mixin.py:190} INFO - [2025-02-10T16:25:55.387+0000] {dag.py:3239} INFO - Sync 1 DAGs
[2025-02-10T16:25:55.407+0000] {logging_mixin.py:190} INFO - [2025-02-10T16:25:55.406+0000] {dag.py:4180} INFO - Setting next_dagrun for example_complex to None, run_after=None
[2025-02-10T16:25:55.490+0000] {processor.py:208} INFO - Processing /usr/local/lib/python3.9/dist-packages/airflow/example_dags/example_complex.py took 0.176 seconds
[2025-02-10T16:27:15.477+0000] {processor.py:186} INFO - Started process (PID=1232) to work on /usr/local/lib/python3.9/dist-packages/airflow/example_dags/example_complex.py
[2025-02-10T16:27:15.478+0000] {processor.py:914} INFO - Processing file /usr/local/lib/python3.9/dist-packages/airflow/example_dags/example_complex.py for tasks to queue
[2025-02-10T16:27:15.480+0000] {logging_mixin.py:190} INFO - [2025-02-10T16:27:15.480+0000] {dagbag.py:588} INFO - Filling up the DagBag from /usr/local/lib/python3.9/dist-packages/airflow/example_dags/example_complex.py
[2025-02-10T16:27:15.492+0000] {processor.py:925} INFO - DAG(s) 'example_complex' retrieved from /usr/local/lib/python3.9/dist-packages/airflow/example_dags/example_complex.py
[2025-02-10T16:27:15.538+0000] {logging_mixin.py:190} INFO - [2025-02-10T16:27:15.538+0000] {dag.py:3239} INFO - Sync 1 DAGs
[2025-02-10T16:27:15.556+0000] {logging_mixin.py:190} INFO - [2025-02-10T16:27:15.556+0000] {dag.py:4180} INFO - Setting next_dagrun for example_complex to None, run_after=None
[2025-02-10T16:27:15.635+0000] {processor.py:208} INFO - Processing /usr/local/lib/python3.9/dist-packages/airflow/example_dags/example_complex.py took 0.164 seconds
[2025-02-10T16:28:33.895+0000] {processor.py:186} INFO - Started process (PID=1296) to work on /usr/local/lib/python3.9/dist-packages/airflow/example_dags/example_complex.py
[2025-02-10T16:28:33.896+0000] {processor.py:914} INFO - Processing file /usr/local/lib/python3.9/dist-packages/airflow/example_dags/example_complex.py for tasks to queue
[2025-02-10T16:28:33.900+0000] {logging_mixin.py:190} INFO - [2025-02-10T16:28:33.899+0000] {dagbag.py:588} INFO - Filling up the DagBag from /usr/local/lib/python3.9/dist-packages/airflow/example_dags/example_complex.py
[2025-02-10T16:28:33.912+0000] {processor.py:925} INFO - DAG(s) 'example_complex' retrieved from /usr/local/lib/python3.9/dist-packages/airflow/example_dags/example_complex.py
[2025-02-10T16:28:33.956+0000] {logging_mixin.py:190} INFO - [2025-02-10T16:28:33.956+0000] {dag.py:3239} INFO - Sync 1 DAGs
[2025-02-10T16:28:33.976+0000] {logging_mixin.py:190} INFO - [2025-02-10T16:28:33.975+0000] {dag.py:4180} INFO - Setting next_dagrun for example_complex to None, run_after=None
[2025-02-10T16:28:34.058+0000] {processor.py:208} INFO - Processing /usr/local/lib/python3.9/dist-packages/airflow/example_dags/example_complex.py took 0.169 seconds
[2025-02-10T16:29:51.691+0000] {processor.py:186} INFO - Started process (PID=1361) to work on /usr/local/lib/python3.9/dist-packages/airflow/example_dags/example_complex.py
[2025-02-10T16:29:51.692+0000] {processor.py:914} INFO - Processing file /usr/local/lib/python3.9/dist-packages/airflow/example_dags/example_complex.py for tasks to queue
[2025-02-10T16:29:51.695+0000] {logging_mixin.py:190} INFO - [2025-02-10T16:29:51.695+0000] {dagbag.py:588} INFO - Filling up the DagBag from /usr/local/lib/python3.9/dist-packages/airflow/example_dags/example_complex.py
[2025-02-10T16:29:51.707+0000] {processor.py:925} INFO - DAG(s) 'example_complex' retrieved from /usr/local/lib/python3.9/dist-packages/airflow/example_dags/example_complex.py
[2025-02-10T16:29:51.750+0000] {logging_mixin.py:190} INFO - [2025-02-10T16:29:51.750+0000] {dag.py:3239} INFO - Sync 1 DAGs
[2025-02-10T16:29:51.768+0000] {logging_mixin.py:190} INFO - [2025-02-10T16:29:51.767+0000] {dag.py:4180} INFO - Setting next_dagrun for example_complex to None, run_after=None
[2025-02-10T16:29:51.848+0000] {processor.py:208} INFO - Processing /usr/local/lib/python3.9/dist-packages/airflow/example_dags/example_complex.py took 0.163 seconds
[2025-02-10T16:31:05.912+0000] {processor.py:186} INFO - Started process (PID=1424) to work on /usr/local/lib/python3.9/dist-packages/airflow/example_dags/example_complex.py
[2025-02-10T16:31:05.914+0000] {processor.py:914} INFO - Processing file /usr/local/lib/python3.9/dist-packages/airflow/example_dags/example_complex.py for tasks to queue
[2025-02-10T16:31:05.917+0000] {logging_mixin.py:190} INFO - [2025-02-10T16:31:05.916+0000] {dagbag.py:588} INFO - Filling up the DagBag from /usr/local/lib/python3.9/dist-packages/airflow/example_dags/example_complex.py
[2025-02-10T16:31:05.928+0000] {processor.py:925} INFO - DAG(s) 'example_complex' retrieved from /usr/local/lib/python3.9/dist-packages/airflow/example_dags/example_complex.py
[2025-02-10T16:31:05.973+0000] {logging_mixin.py:190} INFO - [2025-02-10T16:31:05.972+0000] {dag.py:3239} INFO - Sync 1 DAGs
[2025-02-10T16:31:05.990+0000] {logging_mixin.py:190} INFO - [2025-02-10T16:31:05.990+0000] {dag.py:4180} INFO - Setting next_dagrun for example_complex to None, run_after=None
[2025-02-10T16:31:06.071+0000] {processor.py:208} INFO - Processing /usr/local/lib/python3.9/dist-packages/airflow/example_dags/example_complex.py took 0.164 seconds
[2025-02-10T16:32:23.241+0000] {processor.py:186} INFO - Started process (PID=1488) to work on /usr/local/lib/python3.9/dist-packages/airflow/example_dags/example_complex.py
[2025-02-10T16:32:23.243+0000] {processor.py:914} INFO - Processing file /usr/local/lib/python3.9/dist-packages/airflow/example_dags/example_complex.py for tasks to queue
[2025-02-10T16:32:23.246+0000] {logging_mixin.py:190} INFO - [2025-02-10T16:32:23.246+0000] {dagbag.py:588} INFO - Filling up the DagBag from /usr/local/lib/python3.9/dist-packages/airflow/example_dags/example_complex.py
[2025-02-10T16:32:23.259+0000] {processor.py:925} INFO - DAG(s) 'example_complex' retrieved from /usr/local/lib/python3.9/dist-packages/airflow/example_dags/example_complex.py
[2025-02-10T16:32:23.304+0000] {logging_mixin.py:190} INFO - [2025-02-10T16:32:23.303+0000] {dag.py:3239} INFO - Sync 1 DAGs
[2025-02-10T16:32:23.323+0000] {logging_mixin.py:190} INFO - [2025-02-10T16:32:23.323+0000] {dag.py:4180} INFO - Setting next_dagrun for example_complex to None, run_after=None
[2025-02-10T16:32:23.407+0000] {processor.py:208} INFO - Processing /usr/local/lib/python3.9/dist-packages/airflow/example_dags/example_complex.py took 0.172 seconds
[2025-02-10T16:33:39.689+0000] {processor.py:186} INFO - Started process (PID=1552) to work on /usr/local/lib/python3.9/dist-packages/airflow/example_dags/example_complex.py
[2025-02-10T16:33:39.691+0000] {processor.py:914} INFO - Processing file /usr/local/lib/python3.9/dist-packages/airflow/example_dags/example_complex.py for tasks to queue
[2025-02-10T16:33:39.694+0000] {logging_mixin.py:190} INFO - [2025-02-10T16:33:39.693+0000] {dagbag.py:588} INFO - Filling up the DagBag from /usr/local/lib/python3.9/dist-packages/airflow/example_dags/example_complex.py
[2025-02-10T16:33:39.705+0000] {processor.py:925} INFO - DAG(s) 'example_complex' retrieved from /usr/local/lib/python3.9/dist-packages/airflow/example_dags/example_complex.py
[2025-02-10T16:33:39.745+0000] {logging_mixin.py:190} INFO - [2025-02-10T16:33:39.745+0000] {dag.py:3239} INFO - Sync 1 DAGs
[2025-02-10T16:33:39.762+0000] {logging_mixin.py:190} INFO - [2025-02-10T16:33:39.762+0000] {dag.py:4180} INFO - Setting next_dagrun for example_complex to None, run_after=None
[2025-02-10T16:33:39.844+0000] {processor.py:208} INFO - Processing /usr/local/lib/python3.9/dist-packages/airflow/example_dags/example_complex.py took 0.160 seconds
[2025-02-10T16:34:52.300+0000] {processor.py:186} INFO - Started process (PID=1615) to work on /usr/local/lib/python3.9/dist-packages/airflow/example_dags/example_complex.py
[2025-02-10T16:34:52.302+0000] {processor.py:914} INFO - Processing file /usr/local/lib/python3.9/dist-packages/airflow/example_dags/example_complex.py for tasks to queue
[2025-02-10T16:34:52.305+0000] {logging_mixin.py:190} INFO - [2025-02-10T16:34:52.304+0000] {dagbag.py:588} INFO - Filling up the DagBag from /usr/local/lib/python3.9/dist-packages/airflow/example_dags/example_complex.py
[2025-02-10T16:34:52.316+0000] {processor.py:925} INFO - DAG(s) 'example_complex' retrieved from /usr/local/lib/python3.9/dist-packages/airflow/example_dags/example_complex.py
[2025-02-10T16:34:52.358+0000] {logging_mixin.py:190} INFO - [2025-02-10T16:34:52.358+0000] {dag.py:3239} INFO - Sync 1 DAGs
[2025-02-10T16:34:52.376+0000] {logging_mixin.py:190} INFO - [2025-02-10T16:34:52.375+0000] {dag.py:4180} INFO - Setting next_dagrun for example_complex to None, run_after=None
[2025-02-10T16:34:52.449+0000] {processor.py:208} INFO - Processing /usr/local/lib/python3.9/dist-packages/airflow/example_dags/example_complex.py took 0.155 seconds
[2025-02-10T16:36:11.374+0000] {processor.py:186} INFO - Started process (PID=1679) to work on /usr/local/lib/python3.9/dist-packages/airflow/example_dags/example_complex.py
[2025-02-10T16:36:11.376+0000] {processor.py:914} INFO - Processing file /usr/local/lib/python3.9/dist-packages/airflow/example_dags/example_complex.py for tasks to queue
[2025-02-10T16:36:11.379+0000] {logging_mixin.py:190} INFO - [2025-02-10T16:36:11.378+0000] {dagbag.py:588} INFO - Filling up the DagBag from /usr/local/lib/python3.9/dist-packages/airflow/example_dags/example_complex.py
[2025-02-10T16:36:11.391+0000] {processor.py:925} INFO - DAG(s) 'example_complex' retrieved from /usr/local/lib/python3.9/dist-packages/airflow/example_dags/example_complex.py
[2025-02-10T16:36:11.435+0000] {logging_mixin.py:190} INFO - [2025-02-10T16:36:11.434+0000] {dag.py:3239} INFO - Sync 1 DAGs
[2025-02-10T16:36:11.452+0000] {logging_mixin.py:190} INFO - [2025-02-10T16:36:11.451+0000] {dag.py:4180} INFO - Setting next_dagrun for example_complex to None, run_after=None
[2025-02-10T16:36:11.523+0000] {processor.py:208} INFO - Processing /usr/local/lib/python3.9/dist-packages/airflow/example_dags/example_complex.py took 0.155 seconds
[2025-02-10T16:37:32.820+0000] {processor.py:186} INFO - Started process (PID=1745) to work on /usr/local/lib/python3.9/dist-packages/airflow/example_dags/example_complex.py
[2025-02-10T16:37:32.822+0000] {processor.py:914} INFO - Processing file /usr/local/lib/python3.9/dist-packages/airflow/example_dags/example_complex.py for tasks to queue
[2025-02-10T16:37:32.824+0000] {logging_mixin.py:190} INFO - [2025-02-10T16:37:32.824+0000] {dagbag.py:588} INFO - Filling up the DagBag from /usr/local/lib/python3.9/dist-packages/airflow/example_dags/example_complex.py
[2025-02-10T16:37:32.839+0000] {processor.py:925} INFO - DAG(s) 'example_complex' retrieved from /usr/local/lib/python3.9/dist-packages/airflow/example_dags/example_complex.py
[2025-02-10T16:37:32.902+0000] {logging_mixin.py:190} INFO - [2025-02-10T16:37:32.902+0000] {dag.py:3239} INFO - Sync 1 DAGs
[2025-02-10T16:37:32.920+0000] {logging_mixin.py:190} INFO - [2025-02-10T16:37:32.920+0000] {dag.py:4180} INFO - Setting next_dagrun for example_complex to None, run_after=None
[2025-02-10T16:37:33.002+0000] {processor.py:208} INFO - Processing /usr/local/lib/python3.9/dist-packages/airflow/example_dags/example_complex.py took 0.188 seconds
