[2025-02-10T14:48:45.161+0000] {processor.py:186} INFO - Started process (PID=58) to work on /usr/local/lib/python3.9/dist-packages/airflow/example_dags/example_kubernetes_executor.py
[2025-02-10T14:48:45.162+0000] {processor.py:914} INFO - Processing file /usr/local/lib/python3.9/dist-packages/airflow/example_dags/example_kubernetes_executor.py for tasks to queue
[2025-02-10T14:48:45.165+0000] {logging_mixin.py:190} INFO - [2025-02-10T14:48:45.165+0000] {dagbag.py:588} INFO - Filling up the DagBag from /usr/local/lib/python3.9/dist-packages/airflow/example_dags/example_kubernetes_executor.py
[2025-02-10T14:48:45.170+0000] {logging_mixin.py:190} INFO - [2025-02-10T14:48:45.169+0000] {example_kubernetes_executor.py:39} WARNING - The example_kubernetes_executor example DAG requires the kubernetes provider. Please install it with: pip install apache-airflow[cncf.kubernetes]
[2025-02-10T14:48:45.171+0000] {processor.py:927} WARNING - No viable dags retrieved from /usr/local/lib/python3.9/dist-packages/airflow/example_dags/example_kubernetes_executor.py
[2025-02-10T14:48:45.199+0000] {processor.py:208} INFO - Processing /usr/local/lib/python3.9/dist-packages/airflow/example_dags/example_kubernetes_executor.py took 0.044 seconds
[2025-02-10T14:50:18.881+0000] {processor.py:186} INFO - Started process (PID=118) to work on /usr/local/lib/python3.9/dist-packages/airflow/example_dags/example_kubernetes_executor.py
[2025-02-10T14:50:18.885+0000] {processor.py:914} INFO - Processing file /usr/local/lib/python3.9/dist-packages/airflow/example_dags/example_kubernetes_executor.py for tasks to queue
[2025-02-10T14:50:18.887+0000] {logging_mixin.py:190} INFO - [2025-02-10T14:50:18.886+0000] {dagbag.py:588} INFO - Filling up the DagBag from /usr/local/lib/python3.9/dist-packages/airflow/example_dags/example_kubernetes_executor.py
[2025-02-10T14:50:18.891+0000] {logging_mixin.py:190} INFO - [2025-02-10T14:50:18.891+0000] {example_kubernetes_executor.py:39} WARNING - The example_kubernetes_executor example DAG requires the kubernetes provider. Please install it with: pip install apache-airflow[cncf.kubernetes]
[2025-02-10T14:50:18.892+0000] {processor.py:927} WARNING - No viable dags retrieved from /usr/local/lib/python3.9/dist-packages/airflow/example_dags/example_kubernetes_executor.py
[2025-02-10T14:50:18.919+0000] {processor.py:208} INFO - Processing /usr/local/lib/python3.9/dist-packages/airflow/example_dags/example_kubernetes_executor.py took 0.043 seconds
[2025-02-10T14:51:33.743+0000] {processor.py:186} INFO - Started process (PID=181) to work on /usr/local/lib/python3.9/dist-packages/airflow/example_dags/example_kubernetes_executor.py
[2025-02-10T14:51:33.745+0000] {processor.py:914} INFO - Processing file /usr/local/lib/python3.9/dist-packages/airflow/example_dags/example_kubernetes_executor.py for tasks to queue
[2025-02-10T14:51:33.748+0000] {logging_mixin.py:190} INFO - [2025-02-10T14:51:33.747+0000] {dagbag.py:588} INFO - Filling up the DagBag from /usr/local/lib/python3.9/dist-packages/airflow/example_dags/example_kubernetes_executor.py
[2025-02-10T14:51:33.751+0000] {logging_mixin.py:190} INFO - [2025-02-10T14:51:33.751+0000] {example_kubernetes_executor.py:39} WARNING - The example_kubernetes_executor example DAG requires the kubernetes provider. Please install it with: pip install apache-airflow[cncf.kubernetes]
[2025-02-10T14:51:33.752+0000] {processor.py:927} WARNING - No viable dags retrieved from /usr/local/lib/python3.9/dist-packages/airflow/example_dags/example_kubernetes_executor.py
[2025-02-10T14:51:33.781+0000] {processor.py:208} INFO - Processing /usr/local/lib/python3.9/dist-packages/airflow/example_dags/example_kubernetes_executor.py took 0.044 seconds
[2025-02-10T14:52:55.607+0000] {processor.py:186} INFO - Started process (PID=248) to work on /usr/local/lib/python3.9/dist-packages/airflow/example_dags/example_kubernetes_executor.py
[2025-02-10T14:52:55.608+0000] {processor.py:914} INFO - Processing file /usr/local/lib/python3.9/dist-packages/airflow/example_dags/example_kubernetes_executor.py for tasks to queue
[2025-02-10T14:52:55.611+0000] {logging_mixin.py:190} INFO - [2025-02-10T14:52:55.611+0000] {dagbag.py:588} INFO - Filling up the DagBag from /usr/local/lib/python3.9/dist-packages/airflow/example_dags/example_kubernetes_executor.py
[2025-02-10T14:52:55.615+0000] {logging_mixin.py:190} INFO - [2025-02-10T14:52:55.615+0000] {example_kubernetes_executor.py:39} WARNING - The example_kubernetes_executor example DAG requires the kubernetes provider. Please install it with: pip install apache-airflow[cncf.kubernetes]
[2025-02-10T14:52:55.616+0000] {processor.py:927} WARNING - No viable dags retrieved from /usr/local/lib/python3.9/dist-packages/airflow/example_dags/example_kubernetes_executor.py
[2025-02-10T14:52:55.645+0000] {processor.py:208} INFO - Processing /usr/local/lib/python3.9/dist-packages/airflow/example_dags/example_kubernetes_executor.py took 0.044 seconds
[2025-02-10T14:54:12.868+0000] {processor.py:186} INFO - Started process (PID=313) to work on /usr/local/lib/python3.9/dist-packages/airflow/example_dags/example_kubernetes_executor.py
[2025-02-10T14:54:12.871+0000] {processor.py:914} INFO - Processing file /usr/local/lib/python3.9/dist-packages/airflow/example_dags/example_kubernetes_executor.py for tasks to queue
[2025-02-10T14:54:12.873+0000] {logging_mixin.py:190} INFO - [2025-02-10T14:54:12.873+0000] {dagbag.py:588} INFO - Filling up the DagBag from /usr/local/lib/python3.9/dist-packages/airflow/example_dags/example_kubernetes_executor.py
[2025-02-10T14:54:12.877+0000] {logging_mixin.py:190} INFO - [2025-02-10T14:54:12.877+0000] {example_kubernetes_executor.py:39} WARNING - The example_kubernetes_executor example DAG requires the kubernetes provider. Please install it with: pip install apache-airflow[cncf.kubernetes]
[2025-02-10T14:54:12.878+0000] {processor.py:927} WARNING - No viable dags retrieved from /usr/local/lib/python3.9/dist-packages/airflow/example_dags/example_kubernetes_executor.py
[2025-02-10T14:54:12.906+0000] {processor.py:208} INFO - Processing /usr/local/lib/python3.9/dist-packages/airflow/example_dags/example_kubernetes_executor.py took 0.044 seconds
[2025-02-10T14:55:30.257+0000] {processor.py:186} INFO - Started process (PID=378) to work on /usr/local/lib/python3.9/dist-packages/airflow/example_dags/example_kubernetes_executor.py
[2025-02-10T14:55:30.259+0000] {processor.py:914} INFO - Processing file /usr/local/lib/python3.9/dist-packages/airflow/example_dags/example_kubernetes_executor.py for tasks to queue
[2025-02-10T14:55:30.261+0000] {logging_mixin.py:190} INFO - [2025-02-10T14:55:30.261+0000] {dagbag.py:588} INFO - Filling up the DagBag from /usr/local/lib/python3.9/dist-packages/airflow/example_dags/example_kubernetes_executor.py
[2025-02-10T14:55:30.264+0000] {logging_mixin.py:190} INFO - [2025-02-10T14:55:30.264+0000] {example_kubernetes_executor.py:39} WARNING - The example_kubernetes_executor example DAG requires the kubernetes provider. Please install it with: pip install apache-airflow[cncf.kubernetes]
[2025-02-10T14:55:30.265+0000] {processor.py:927} WARNING - No viable dags retrieved from /usr/local/lib/python3.9/dist-packages/airflow/example_dags/example_kubernetes_executor.py
[2025-02-10T14:55:30.293+0000] {processor.py:208} INFO - Processing /usr/local/lib/python3.9/dist-packages/airflow/example_dags/example_kubernetes_executor.py took 0.041 seconds
[2025-02-10T14:56:55.465+0000] {processor.py:186} INFO - Started process (PID=446) to work on /usr/local/lib/python3.9/dist-packages/airflow/example_dags/example_kubernetes_executor.py
[2025-02-10T14:56:55.466+0000] {processor.py:914} INFO - Processing file /usr/local/lib/python3.9/dist-packages/airflow/example_dags/example_kubernetes_executor.py for tasks to queue
[2025-02-10T14:56:55.469+0000] {logging_mixin.py:190} INFO - [2025-02-10T14:56:55.468+0000] {dagbag.py:588} INFO - Filling up the DagBag from /usr/local/lib/python3.9/dist-packages/airflow/example_dags/example_kubernetes_executor.py
[2025-02-10T14:56:55.472+0000] {logging_mixin.py:190} INFO - [2025-02-10T14:56:55.472+0000] {example_kubernetes_executor.py:39} WARNING - The example_kubernetes_executor example DAG requires the kubernetes provider. Please install it with: pip install apache-airflow[cncf.kubernetes]
[2025-02-10T14:56:55.473+0000] {processor.py:927} WARNING - No viable dags retrieved from /usr/local/lib/python3.9/dist-packages/airflow/example_dags/example_kubernetes_executor.py
[2025-02-10T14:56:55.498+0000] {processor.py:208} INFO - Processing /usr/local/lib/python3.9/dist-packages/airflow/example_dags/example_kubernetes_executor.py took 0.039 seconds
[2025-02-10T14:58:11.800+0000] {processor.py:186} INFO - Started process (PID=511) to work on /usr/local/lib/python3.9/dist-packages/airflow/example_dags/example_kubernetes_executor.py
[2025-02-10T14:58:11.802+0000] {processor.py:914} INFO - Processing file /usr/local/lib/python3.9/dist-packages/airflow/example_dags/example_kubernetes_executor.py for tasks to queue
[2025-02-10T14:58:11.805+0000] {logging_mixin.py:190} INFO - [2025-02-10T14:58:11.805+0000] {dagbag.py:588} INFO - Filling up the DagBag from /usr/local/lib/python3.9/dist-packages/airflow/example_dags/example_kubernetes_executor.py
[2025-02-10T14:58:11.808+0000] {logging_mixin.py:190} INFO - [2025-02-10T14:58:11.808+0000] {example_kubernetes_executor.py:39} WARNING - The example_kubernetes_executor example DAG requires the kubernetes provider. Please install it with: pip install apache-airflow[cncf.kubernetes]
[2025-02-10T14:58:11.809+0000] {processor.py:927} WARNING - No viable dags retrieved from /usr/local/lib/python3.9/dist-packages/airflow/example_dags/example_kubernetes_executor.py
[2025-02-10T14:58:11.839+0000] {processor.py:208} INFO - Processing /usr/local/lib/python3.9/dist-packages/airflow/example_dags/example_kubernetes_executor.py took 0.045 seconds
[2025-02-10T14:59:25.603+0000] {processor.py:186} INFO - Started process (PID=576) to work on /usr/local/lib/python3.9/dist-packages/airflow/example_dags/example_kubernetes_executor.py
[2025-02-10T14:59:25.604+0000] {processor.py:914} INFO - Processing file /usr/local/lib/python3.9/dist-packages/airflow/example_dags/example_kubernetes_executor.py for tasks to queue
[2025-02-10T14:59:25.607+0000] {logging_mixin.py:190} INFO - [2025-02-10T14:59:25.606+0000] {dagbag.py:588} INFO - Filling up the DagBag from /usr/local/lib/python3.9/dist-packages/airflow/example_dags/example_kubernetes_executor.py
[2025-02-10T14:59:25.611+0000] {logging_mixin.py:190} INFO - [2025-02-10T14:59:25.610+0000] {example_kubernetes_executor.py:39} WARNING - The example_kubernetes_executor example DAG requires the kubernetes provider. Please install it with: pip install apache-airflow[cncf.kubernetes]
[2025-02-10T14:59:25.611+0000] {processor.py:927} WARNING - No viable dags retrieved from /usr/local/lib/python3.9/dist-packages/airflow/example_dags/example_kubernetes_executor.py
[2025-02-10T14:59:25.640+0000] {processor.py:208} INFO - Processing /usr/local/lib/python3.9/dist-packages/airflow/example_dags/example_kubernetes_executor.py took 0.043 seconds
[2025-02-10T15:00:39.123+0000] {processor.py:186} INFO - Started process (PID=638) to work on /usr/local/lib/python3.9/dist-packages/airflow/example_dags/example_kubernetes_executor.py
[2025-02-10T15:00:39.126+0000] {processor.py:914} INFO - Processing file /usr/local/lib/python3.9/dist-packages/airflow/example_dags/example_kubernetes_executor.py for tasks to queue
[2025-02-10T15:00:39.128+0000] {logging_mixin.py:190} INFO - [2025-02-10T15:00:39.128+0000] {dagbag.py:588} INFO - Filling up the DagBag from /usr/local/lib/python3.9/dist-packages/airflow/example_dags/example_kubernetes_executor.py
[2025-02-10T15:00:39.132+0000] {logging_mixin.py:190} INFO - [2025-02-10T15:00:39.132+0000] {example_kubernetes_executor.py:39} WARNING - The example_kubernetes_executor example DAG requires the kubernetes provider. Please install it with: pip install apache-airflow[cncf.kubernetes]
[2025-02-10T15:00:39.133+0000] {processor.py:927} WARNING - No viable dags retrieved from /usr/local/lib/python3.9/dist-packages/airflow/example_dags/example_kubernetes_executor.py
[2025-02-10T15:00:39.161+0000] {processor.py:208} INFO - Processing /usr/local/lib/python3.9/dist-packages/airflow/example_dags/example_kubernetes_executor.py took 0.046 seconds
[2025-02-10T15:01:59.559+0000] {processor.py:186} INFO - Started process (PID=707) to work on /usr/local/lib/python3.9/dist-packages/airflow/example_dags/example_kubernetes_executor.py
[2025-02-10T15:01:59.560+0000] {processor.py:914} INFO - Processing file /usr/local/lib/python3.9/dist-packages/airflow/example_dags/example_kubernetes_executor.py for tasks to queue
[2025-02-10T15:01:59.564+0000] {logging_mixin.py:190} INFO - [2025-02-10T15:01:59.564+0000] {dagbag.py:588} INFO - Filling up the DagBag from /usr/local/lib/python3.9/dist-packages/airflow/example_dags/example_kubernetes_executor.py
[2025-02-10T15:01:59.568+0000] {logging_mixin.py:190} INFO - [2025-02-10T15:01:59.567+0000] {example_kubernetes_executor.py:39} WARNING - The example_kubernetes_executor example DAG requires the kubernetes provider. Please install it with: pip install apache-airflow[cncf.kubernetes]
[2025-02-10T15:01:59.569+0000] {processor.py:927} WARNING - No viable dags retrieved from /usr/local/lib/python3.9/dist-packages/airflow/example_dags/example_kubernetes_executor.py
[2025-02-10T15:01:59.596+0000] {processor.py:208} INFO - Processing /usr/local/lib/python3.9/dist-packages/airflow/example_dags/example_kubernetes_executor.py took 0.043 seconds
[2025-02-10T15:03:19.092+0000] {processor.py:186} INFO - Started process (PID=773) to work on /usr/local/lib/python3.9/dist-packages/airflow/example_dags/example_kubernetes_executor.py
[2025-02-10T15:03:19.094+0000] {processor.py:914} INFO - Processing file /usr/local/lib/python3.9/dist-packages/airflow/example_dags/example_kubernetes_executor.py for tasks to queue
[2025-02-10T15:03:19.096+0000] {logging_mixin.py:190} INFO - [2025-02-10T15:03:19.096+0000] {dagbag.py:588} INFO - Filling up the DagBag from /usr/local/lib/python3.9/dist-packages/airflow/example_dags/example_kubernetes_executor.py
[2025-02-10T15:03:19.099+0000] {logging_mixin.py:190} INFO - [2025-02-10T15:03:19.099+0000] {example_kubernetes_executor.py:39} WARNING - The example_kubernetes_executor example DAG requires the kubernetes provider. Please install it with: pip install apache-airflow[cncf.kubernetes]
[2025-02-10T15:03:19.100+0000] {processor.py:927} WARNING - No viable dags retrieved from /usr/local/lib/python3.9/dist-packages/airflow/example_dags/example_kubernetes_executor.py
[2025-02-10T15:03:19.128+0000] {processor.py:208} INFO - Processing /usr/local/lib/python3.9/dist-packages/airflow/example_dags/example_kubernetes_executor.py took 0.041 seconds
[2025-02-10T15:04:34.650+0000] {processor.py:186} INFO - Started process (PID=837) to work on /usr/local/lib/python3.9/dist-packages/airflow/example_dags/example_kubernetes_executor.py
[2025-02-10T15:04:34.652+0000] {processor.py:914} INFO - Processing file /usr/local/lib/python3.9/dist-packages/airflow/example_dags/example_kubernetes_executor.py for tasks to queue
[2025-02-10T15:04:34.655+0000] {logging_mixin.py:190} INFO - [2025-02-10T15:04:34.655+0000] {dagbag.py:588} INFO - Filling up the DagBag from /usr/local/lib/python3.9/dist-packages/airflow/example_dags/example_kubernetes_executor.py
[2025-02-10T15:04:34.659+0000] {logging_mixin.py:190} INFO - [2025-02-10T15:04:34.658+0000] {example_kubernetes_executor.py:39} WARNING - The example_kubernetes_executor example DAG requires the kubernetes provider. Please install it with: pip install apache-airflow[cncf.kubernetes]
[2025-02-10T15:04:34.660+0000] {processor.py:927} WARNING - No viable dags retrieved from /usr/local/lib/python3.9/dist-packages/airflow/example_dags/example_kubernetes_executor.py
[2025-02-10T15:04:34.689+0000] {processor.py:208} INFO - Processing /usr/local/lib/python3.9/dist-packages/airflow/example_dags/example_kubernetes_executor.py took 0.044 seconds
[2025-02-10T15:05:57.370+0000] {processor.py:186} INFO - Started process (PID=904) to work on /usr/local/lib/python3.9/dist-packages/airflow/example_dags/example_kubernetes_executor.py
[2025-02-10T15:05:57.371+0000] {processor.py:914} INFO - Processing file /usr/local/lib/python3.9/dist-packages/airflow/example_dags/example_kubernetes_executor.py for tasks to queue
[2025-02-10T15:05:57.374+0000] {logging_mixin.py:190} INFO - [2025-02-10T15:05:57.374+0000] {dagbag.py:588} INFO - Filling up the DagBag from /usr/local/lib/python3.9/dist-packages/airflow/example_dags/example_kubernetes_executor.py
[2025-02-10T15:05:57.378+0000] {logging_mixin.py:190} INFO - [2025-02-10T15:05:57.377+0000] {example_kubernetes_executor.py:39} WARNING - The example_kubernetes_executor example DAG requires the kubernetes provider. Please install it with: pip install apache-airflow[cncf.kubernetes]
[2025-02-10T15:05:57.379+0000] {processor.py:927} WARNING - No viable dags retrieved from /usr/local/lib/python3.9/dist-packages/airflow/example_dags/example_kubernetes_executor.py
[2025-02-10T15:05:57.405+0000] {processor.py:208} INFO - Processing /usr/local/lib/python3.9/dist-packages/airflow/example_dags/example_kubernetes_executor.py took 0.041 seconds
[2025-02-10T15:07:14.669+0000] {processor.py:186} INFO - Started process (PID=969) to work on /usr/local/lib/python3.9/dist-packages/airflow/example_dags/example_kubernetes_executor.py
[2025-02-10T15:07:14.673+0000] {processor.py:914} INFO - Processing file /usr/local/lib/python3.9/dist-packages/airflow/example_dags/example_kubernetes_executor.py for tasks to queue
[2025-02-10T15:07:14.676+0000] {logging_mixin.py:190} INFO - [2025-02-10T15:07:14.675+0000] {dagbag.py:588} INFO - Filling up the DagBag from /usr/local/lib/python3.9/dist-packages/airflow/example_dags/example_kubernetes_executor.py
[2025-02-10T15:07:14.679+0000] {logging_mixin.py:190} INFO - [2025-02-10T15:07:14.679+0000] {example_kubernetes_executor.py:39} WARNING - The example_kubernetes_executor example DAG requires the kubernetes provider. Please install it with: pip install apache-airflow[cncf.kubernetes]
[2025-02-10T15:07:14.680+0000] {processor.py:927} WARNING - No viable dags retrieved from /usr/local/lib/python3.9/dist-packages/airflow/example_dags/example_kubernetes_executor.py
[2025-02-10T15:07:14.707+0000] {processor.py:208} INFO - Processing /usr/local/lib/python3.9/dist-packages/airflow/example_dags/example_kubernetes_executor.py took 0.043 seconds
[2025-02-10T15:08:32.020+0000] {processor.py:186} INFO - Started process (PID=1034) to work on /usr/local/lib/python3.9/dist-packages/airflow/example_dags/example_kubernetes_executor.py
[2025-02-10T15:08:32.021+0000] {processor.py:914} INFO - Processing file /usr/local/lib/python3.9/dist-packages/airflow/example_dags/example_kubernetes_executor.py for tasks to queue
[2025-02-10T15:08:32.024+0000] {logging_mixin.py:190} INFO - [2025-02-10T15:08:32.023+0000] {dagbag.py:588} INFO - Filling up the DagBag from /usr/local/lib/python3.9/dist-packages/airflow/example_dags/example_kubernetes_executor.py
[2025-02-10T15:08:32.027+0000] {logging_mixin.py:190} INFO - [2025-02-10T15:08:32.027+0000] {example_kubernetes_executor.py:39} WARNING - The example_kubernetes_executor example DAG requires the kubernetes provider. Please install it with: pip install apache-airflow[cncf.kubernetes]
[2025-02-10T15:08:32.028+0000] {processor.py:927} WARNING - No viable dags retrieved from /usr/local/lib/python3.9/dist-packages/airflow/example_dags/example_kubernetes_executor.py
[2025-02-10T15:08:32.058+0000] {processor.py:208} INFO - Processing /usr/local/lib/python3.9/dist-packages/airflow/example_dags/example_kubernetes_executor.py took 0.043 seconds
[2025-02-10T15:09:51.181+0000] {processor.py:186} INFO - Started process (PID=1099) to work on /usr/local/lib/python3.9/dist-packages/airflow/example_dags/example_kubernetes_executor.py
[2025-02-10T15:09:51.182+0000] {processor.py:914} INFO - Processing file /usr/local/lib/python3.9/dist-packages/airflow/example_dags/example_kubernetes_executor.py for tasks to queue
[2025-02-10T15:09:51.185+0000] {logging_mixin.py:190} INFO - [2025-02-10T15:09:51.185+0000] {dagbag.py:588} INFO - Filling up the DagBag from /usr/local/lib/python3.9/dist-packages/airflow/example_dags/example_kubernetes_executor.py
[2025-02-10T15:09:51.189+0000] {logging_mixin.py:190} INFO - [2025-02-10T15:09:51.189+0000] {example_kubernetes_executor.py:39} WARNING - The example_kubernetes_executor example DAG requires the kubernetes provider. Please install it with: pip install apache-airflow[cncf.kubernetes]
[2025-02-10T15:09:51.190+0000] {processor.py:927} WARNING - No viable dags retrieved from /usr/local/lib/python3.9/dist-packages/airflow/example_dags/example_kubernetes_executor.py
[2025-02-10T15:09:51.218+0000] {processor.py:208} INFO - Processing /usr/local/lib/python3.9/dist-packages/airflow/example_dags/example_kubernetes_executor.py took 0.043 seconds
[2025-02-10T15:11:11.233+0000] {processor.py:186} INFO - Started process (PID=1166) to work on /usr/local/lib/python3.9/dist-packages/airflow/example_dags/example_kubernetes_executor.py
[2025-02-10T15:11:11.234+0000] {processor.py:914} INFO - Processing file /usr/local/lib/python3.9/dist-packages/airflow/example_dags/example_kubernetes_executor.py for tasks to queue
[2025-02-10T15:11:11.237+0000] {logging_mixin.py:190} INFO - [2025-02-10T15:11:11.236+0000] {dagbag.py:588} INFO - Filling up the DagBag from /usr/local/lib/python3.9/dist-packages/airflow/example_dags/example_kubernetes_executor.py
[2025-02-10T15:11:11.240+0000] {logging_mixin.py:190} INFO - [2025-02-10T15:11:11.240+0000] {example_kubernetes_executor.py:39} WARNING - The example_kubernetes_executor example DAG requires the kubernetes provider. Please install it with: pip install apache-airflow[cncf.kubernetes]
[2025-02-10T15:11:11.241+0000] {processor.py:927} WARNING - No viable dags retrieved from /usr/local/lib/python3.9/dist-packages/airflow/example_dags/example_kubernetes_executor.py
[2025-02-10T15:11:11.269+0000] {processor.py:208} INFO - Processing /usr/local/lib/python3.9/dist-packages/airflow/example_dags/example_kubernetes_executor.py took 0.042 seconds
[2025-02-10T15:12:32.886+0000] {processor.py:186} INFO - Started process (PID=1232) to work on /usr/local/lib/python3.9/dist-packages/airflow/example_dags/example_kubernetes_executor.py
[2025-02-10T15:12:32.888+0000] {processor.py:914} INFO - Processing file /usr/local/lib/python3.9/dist-packages/airflow/example_dags/example_kubernetes_executor.py for tasks to queue
[2025-02-10T15:12:32.891+0000] {logging_mixin.py:190} INFO - [2025-02-10T15:12:32.890+0000] {dagbag.py:588} INFO - Filling up the DagBag from /usr/local/lib/python3.9/dist-packages/airflow/example_dags/example_kubernetes_executor.py
[2025-02-10T15:12:32.894+0000] {logging_mixin.py:190} INFO - [2025-02-10T15:12:32.894+0000] {example_kubernetes_executor.py:39} WARNING - The example_kubernetes_executor example DAG requires the kubernetes provider. Please install it with: pip install apache-airflow[cncf.kubernetes]
[2025-02-10T15:12:32.895+0000] {processor.py:927} WARNING - No viable dags retrieved from /usr/local/lib/python3.9/dist-packages/airflow/example_dags/example_kubernetes_executor.py
[2025-02-10T15:12:32.924+0000] {processor.py:208} INFO - Processing /usr/local/lib/python3.9/dist-packages/airflow/example_dags/example_kubernetes_executor.py took 0.043 seconds
[2025-02-10T15:13:47.674+0000] {processor.py:186} INFO - Started process (PID=1296) to work on /usr/local/lib/python3.9/dist-packages/airflow/example_dags/example_kubernetes_executor.py
[2025-02-10T15:13:47.677+0000] {processor.py:914} INFO - Processing file /usr/local/lib/python3.9/dist-packages/airflow/example_dags/example_kubernetes_executor.py for tasks to queue
[2025-02-10T15:13:47.680+0000] {logging_mixin.py:190} INFO - [2025-02-10T15:13:47.680+0000] {dagbag.py:588} INFO - Filling up the DagBag from /usr/local/lib/python3.9/dist-packages/airflow/example_dags/example_kubernetes_executor.py
[2025-02-10T15:13:47.685+0000] {logging_mixin.py:190} INFO - [2025-02-10T15:13:47.685+0000] {example_kubernetes_executor.py:39} WARNING - The example_kubernetes_executor example DAG requires the kubernetes provider. Please install it with: pip install apache-airflow[cncf.kubernetes]
[2025-02-10T15:13:47.686+0000] {processor.py:927} WARNING - No viable dags retrieved from /usr/local/lib/python3.9/dist-packages/airflow/example_dags/example_kubernetes_executor.py
[2025-02-10T15:13:47.710+0000] {processor.py:208} INFO - Processing /usr/local/lib/python3.9/dist-packages/airflow/example_dags/example_kubernetes_executor.py took 0.041 seconds
[2025-02-10T15:25:28.173+0000] {processor.py:186} INFO - Started process (PID=52) to work on /usr/local/lib/python3.9/dist-packages/airflow/example_dags/example_kubernetes_executor.py
[2025-02-10T15:25:28.174+0000] {processor.py:914} INFO - Processing file /usr/local/lib/python3.9/dist-packages/airflow/example_dags/example_kubernetes_executor.py for tasks to queue
[2025-02-10T15:25:28.177+0000] {logging_mixin.py:190} INFO - [2025-02-10T15:25:28.176+0000] {dagbag.py:588} INFO - Filling up the DagBag from /usr/local/lib/python3.9/dist-packages/airflow/example_dags/example_kubernetes_executor.py
[2025-02-10T15:25:28.181+0000] {logging_mixin.py:190} INFO - [2025-02-10T15:25:28.180+0000] {example_kubernetes_executor.py:39} WARNING - The example_kubernetes_executor example DAG requires the kubernetes provider. Please install it with: pip install apache-airflow[cncf.kubernetes]
[2025-02-10T15:25:28.182+0000] {processor.py:927} WARNING - No viable dags retrieved from /usr/local/lib/python3.9/dist-packages/airflow/example_dags/example_kubernetes_executor.py
[2025-02-10T15:25:28.211+0000] {processor.py:208} INFO - Processing /usr/local/lib/python3.9/dist-packages/airflow/example_dags/example_kubernetes_executor.py took 0.043 seconds
[2025-02-10T15:26:35.180+0000] {processor.py:186} INFO - Started process (PID=109) to work on /usr/local/lib/python3.9/dist-packages/airflow/example_dags/example_kubernetes_executor.py
[2025-02-10T15:26:35.182+0000] {processor.py:914} INFO - Processing file /usr/local/lib/python3.9/dist-packages/airflow/example_dags/example_kubernetes_executor.py for tasks to queue
[2025-02-10T15:26:35.185+0000] {logging_mixin.py:190} INFO - [2025-02-10T15:26:35.185+0000] {dagbag.py:588} INFO - Filling up the DagBag from /usr/local/lib/python3.9/dist-packages/airflow/example_dags/example_kubernetes_executor.py
[2025-02-10T15:26:35.189+0000] {logging_mixin.py:190} INFO - [2025-02-10T15:26:35.189+0000] {example_kubernetes_executor.py:39} WARNING - The example_kubernetes_executor example DAG requires the kubernetes provider. Please install it with: pip install apache-airflow[cncf.kubernetes]
[2025-02-10T15:26:35.190+0000] {processor.py:927} WARNING - No viable dags retrieved from /usr/local/lib/python3.9/dist-packages/airflow/example_dags/example_kubernetes_executor.py
[2025-02-10T15:26:35.219+0000] {processor.py:208} INFO - Processing /usr/local/lib/python3.9/dist-packages/airflow/example_dags/example_kubernetes_executor.py took 0.044 seconds
[2025-02-10T15:27:51.205+0000] {processor.py:186} INFO - Started process (PID=173) to work on /usr/local/lib/python3.9/dist-packages/airflow/example_dags/example_kubernetes_executor.py
[2025-02-10T15:27:51.206+0000] {processor.py:914} INFO - Processing file /usr/local/lib/python3.9/dist-packages/airflow/example_dags/example_kubernetes_executor.py for tasks to queue
[2025-02-10T15:27:51.209+0000] {logging_mixin.py:190} INFO - [2025-02-10T15:27:51.208+0000] {dagbag.py:588} INFO - Filling up the DagBag from /usr/local/lib/python3.9/dist-packages/airflow/example_dags/example_kubernetes_executor.py
[2025-02-10T15:27:51.212+0000] {logging_mixin.py:190} INFO - [2025-02-10T15:27:51.211+0000] {example_kubernetes_executor.py:39} WARNING - The example_kubernetes_executor example DAG requires the kubernetes provider. Please install it with: pip install apache-airflow[cncf.kubernetes]
[2025-02-10T15:27:51.212+0000] {processor.py:927} WARNING - No viable dags retrieved from /usr/local/lib/python3.9/dist-packages/airflow/example_dags/example_kubernetes_executor.py
[2025-02-10T15:27:51.241+0000] {processor.py:208} INFO - Processing /usr/local/lib/python3.9/dist-packages/airflow/example_dags/example_kubernetes_executor.py took 0.042 seconds
[2025-02-10T15:29:12.140+0000] {processor.py:186} INFO - Started process (PID=239) to work on /usr/local/lib/python3.9/dist-packages/airflow/example_dags/example_kubernetes_executor.py
[2025-02-10T15:29:12.142+0000] {processor.py:914} INFO - Processing file /usr/local/lib/python3.9/dist-packages/airflow/example_dags/example_kubernetes_executor.py for tasks to queue
[2025-02-10T15:29:12.145+0000] {logging_mixin.py:190} INFO - [2025-02-10T15:29:12.144+0000] {dagbag.py:588} INFO - Filling up the DagBag from /usr/local/lib/python3.9/dist-packages/airflow/example_dags/example_kubernetes_executor.py
[2025-02-10T15:29:12.149+0000] {logging_mixin.py:190} INFO - [2025-02-10T15:29:12.148+0000] {example_kubernetes_executor.py:39} WARNING - The example_kubernetes_executor example DAG requires the kubernetes provider. Please install it with: pip install apache-airflow[cncf.kubernetes]
[2025-02-10T15:29:12.150+0000] {processor.py:927} WARNING - No viable dags retrieved from /usr/local/lib/python3.9/dist-packages/airflow/example_dags/example_kubernetes_executor.py
[2025-02-10T15:29:12.180+0000] {processor.py:208} INFO - Processing /usr/local/lib/python3.9/dist-packages/airflow/example_dags/example_kubernetes_executor.py took 0.046 seconds
[2025-02-10T15:30:26.909+0000] {processor.py:186} INFO - Started process (PID=302) to work on /usr/local/lib/python3.9/dist-packages/airflow/example_dags/example_kubernetes_executor.py
[2025-02-10T15:30:26.910+0000] {processor.py:914} INFO - Processing file /usr/local/lib/python3.9/dist-packages/airflow/example_dags/example_kubernetes_executor.py for tasks to queue
[2025-02-10T15:30:26.913+0000] {logging_mixin.py:190} INFO - [2025-02-10T15:30:26.912+0000] {dagbag.py:588} INFO - Filling up the DagBag from /usr/local/lib/python3.9/dist-packages/airflow/example_dags/example_kubernetes_executor.py
[2025-02-10T15:30:26.916+0000] {logging_mixin.py:190} INFO - [2025-02-10T15:30:26.916+0000] {example_kubernetes_executor.py:39} WARNING - The example_kubernetes_executor example DAG requires the kubernetes provider. Please install it with: pip install apache-airflow[cncf.kubernetes]
[2025-02-10T15:30:26.917+0000] {processor.py:927} WARNING - No viable dags retrieved from /usr/local/lib/python3.9/dist-packages/airflow/example_dags/example_kubernetes_executor.py
[2025-02-10T15:30:26.944+0000] {processor.py:208} INFO - Processing /usr/local/lib/python3.9/dist-packages/airflow/example_dags/example_kubernetes_executor.py took 0.040 seconds
[2025-02-10T15:31:42.613+0000] {processor.py:186} INFO - Started process (PID=366) to work on /usr/local/lib/python3.9/dist-packages/airflow/example_dags/example_kubernetes_executor.py
[2025-02-10T15:31:42.614+0000] {processor.py:914} INFO - Processing file /usr/local/lib/python3.9/dist-packages/airflow/example_dags/example_kubernetes_executor.py for tasks to queue
[2025-02-10T15:31:42.617+0000] {logging_mixin.py:190} INFO - [2025-02-10T15:31:42.617+0000] {dagbag.py:588} INFO - Filling up the DagBag from /usr/local/lib/python3.9/dist-packages/airflow/example_dags/example_kubernetes_executor.py
[2025-02-10T15:31:42.620+0000] {logging_mixin.py:190} INFO - [2025-02-10T15:31:42.620+0000] {example_kubernetes_executor.py:39} WARNING - The example_kubernetes_executor example DAG requires the kubernetes provider. Please install it with: pip install apache-airflow[cncf.kubernetes]
[2025-02-10T15:31:42.621+0000] {processor.py:927} WARNING - No viable dags retrieved from /usr/local/lib/python3.9/dist-packages/airflow/example_dags/example_kubernetes_executor.py
[2025-02-10T15:31:42.648+0000] {processor.py:208} INFO - Processing /usr/local/lib/python3.9/dist-packages/airflow/example_dags/example_kubernetes_executor.py took 0.041 seconds
[2025-02-10T15:33:03.211+0000] {processor.py:186} INFO - Started process (PID=432) to work on /usr/local/lib/python3.9/dist-packages/airflow/example_dags/example_kubernetes_executor.py
[2025-02-10T15:33:03.212+0000] {processor.py:914} INFO - Processing file /usr/local/lib/python3.9/dist-packages/airflow/example_dags/example_kubernetes_executor.py for tasks to queue
[2025-02-10T15:33:03.215+0000] {logging_mixin.py:190} INFO - [2025-02-10T15:33:03.215+0000] {dagbag.py:588} INFO - Filling up the DagBag from /usr/local/lib/python3.9/dist-packages/airflow/example_dags/example_kubernetes_executor.py
[2025-02-10T15:33:03.218+0000] {logging_mixin.py:190} INFO - [2025-02-10T15:33:03.218+0000] {example_kubernetes_executor.py:39} WARNING - The example_kubernetes_executor example DAG requires the kubernetes provider. Please install it with: pip install apache-airflow[cncf.kubernetes]
[2025-02-10T15:33:03.219+0000] {processor.py:927} WARNING - No viable dags retrieved from /usr/local/lib/python3.9/dist-packages/airflow/example_dags/example_kubernetes_executor.py
[2025-02-10T15:33:03.246+0000] {processor.py:208} INFO - Processing /usr/local/lib/python3.9/dist-packages/airflow/example_dags/example_kubernetes_executor.py took 0.041 seconds
[2025-02-10T15:34:26.561+0000] {processor.py:186} INFO - Started process (PID=498) to work on /usr/local/lib/python3.9/dist-packages/airflow/example_dags/example_kubernetes_executor.py
[2025-02-10T15:34:26.563+0000] {processor.py:914} INFO - Processing file /usr/local/lib/python3.9/dist-packages/airflow/example_dags/example_kubernetes_executor.py for tasks to queue
[2025-02-10T15:34:26.565+0000] {logging_mixin.py:190} INFO - [2025-02-10T15:34:26.565+0000] {dagbag.py:588} INFO - Filling up the DagBag from /usr/local/lib/python3.9/dist-packages/airflow/example_dags/example_kubernetes_executor.py
[2025-02-10T15:34:26.569+0000] {logging_mixin.py:190} INFO - [2025-02-10T15:34:26.568+0000] {example_kubernetes_executor.py:39} WARNING - The example_kubernetes_executor example DAG requires the kubernetes provider. Please install it with: pip install apache-airflow[cncf.kubernetes]
[2025-02-10T15:34:26.570+0000] {processor.py:927} WARNING - No viable dags retrieved from /usr/local/lib/python3.9/dist-packages/airflow/example_dags/example_kubernetes_executor.py
[2025-02-10T15:34:26.597+0000] {processor.py:208} INFO - Processing /usr/local/lib/python3.9/dist-packages/airflow/example_dags/example_kubernetes_executor.py took 0.043 seconds
[2025-02-10T15:35:44.264+0000] {processor.py:186} INFO - Started process (PID=563) to work on /usr/local/lib/python3.9/dist-packages/airflow/example_dags/example_kubernetes_executor.py
[2025-02-10T15:35:44.266+0000] {processor.py:914} INFO - Processing file /usr/local/lib/python3.9/dist-packages/airflow/example_dags/example_kubernetes_executor.py for tasks to queue
[2025-02-10T15:35:44.268+0000] {logging_mixin.py:190} INFO - [2025-02-10T15:35:44.268+0000] {dagbag.py:588} INFO - Filling up the DagBag from /usr/local/lib/python3.9/dist-packages/airflow/example_dags/example_kubernetes_executor.py
[2025-02-10T15:35:44.271+0000] {logging_mixin.py:190} INFO - [2025-02-10T15:35:44.271+0000] {example_kubernetes_executor.py:39} WARNING - The example_kubernetes_executor example DAG requires the kubernetes provider. Please install it with: pip install apache-airflow[cncf.kubernetes]
[2025-02-10T15:35:44.272+0000] {processor.py:927} WARNING - No viable dags retrieved from /usr/local/lib/python3.9/dist-packages/airflow/example_dags/example_kubernetes_executor.py
[2025-02-10T15:35:44.300+0000] {processor.py:208} INFO - Processing /usr/local/lib/python3.9/dist-packages/airflow/example_dags/example_kubernetes_executor.py took 0.040 seconds
[2025-02-10T15:37:08.421+0000] {processor.py:186} INFO - Started process (PID=630) to work on /usr/local/lib/python3.9/dist-packages/airflow/example_dags/example_kubernetes_executor.py
[2025-02-10T15:37:08.423+0000] {processor.py:914} INFO - Processing file /usr/local/lib/python3.9/dist-packages/airflow/example_dags/example_kubernetes_executor.py for tasks to queue
[2025-02-10T15:37:08.425+0000] {logging_mixin.py:190} INFO - [2025-02-10T15:37:08.425+0000] {dagbag.py:588} INFO - Filling up the DagBag from /usr/local/lib/python3.9/dist-packages/airflow/example_dags/example_kubernetes_executor.py
[2025-02-10T15:37:08.429+0000] {logging_mixin.py:190} INFO - [2025-02-10T15:37:08.429+0000] {example_kubernetes_executor.py:39} WARNING - The example_kubernetes_executor example DAG requires the kubernetes provider. Please install it with: pip install apache-airflow[cncf.kubernetes]
[2025-02-10T15:37:08.430+0000] {processor.py:927} WARNING - No viable dags retrieved from /usr/local/lib/python3.9/dist-packages/airflow/example_dags/example_kubernetes_executor.py
[2025-02-10T15:37:08.460+0000] {processor.py:208} INFO - Processing /usr/local/lib/python3.9/dist-packages/airflow/example_dags/example_kubernetes_executor.py took 0.044 seconds
[2025-02-10T15:38:30.333+0000] {processor.py:186} INFO - Started process (PID=696) to work on /usr/local/lib/python3.9/dist-packages/airflow/example_dags/example_kubernetes_executor.py
[2025-02-10T15:38:30.335+0000] {processor.py:914} INFO - Processing file /usr/local/lib/python3.9/dist-packages/airflow/example_dags/example_kubernetes_executor.py for tasks to queue
[2025-02-10T15:38:30.338+0000] {logging_mixin.py:190} INFO - [2025-02-10T15:38:30.337+0000] {dagbag.py:588} INFO - Filling up the DagBag from /usr/local/lib/python3.9/dist-packages/airflow/example_dags/example_kubernetes_executor.py
[2025-02-10T15:38:30.341+0000] {logging_mixin.py:190} INFO - [2025-02-10T15:38:30.341+0000] {example_kubernetes_executor.py:39} WARNING - The example_kubernetes_executor example DAG requires the kubernetes provider. Please install it with: pip install apache-airflow[cncf.kubernetes]
[2025-02-10T15:38:30.342+0000] {processor.py:927} WARNING - No viable dags retrieved from /usr/local/lib/python3.9/dist-packages/airflow/example_dags/example_kubernetes_executor.py
[2025-02-10T15:38:30.369+0000] {processor.py:208} INFO - Processing /usr/local/lib/python3.9/dist-packages/airflow/example_dags/example_kubernetes_executor.py took 0.041 seconds
[2025-02-10T15:39:51.523+0000] {processor.py:186} INFO - Started process (PID=763) to work on /usr/local/lib/python3.9/dist-packages/airflow/example_dags/example_kubernetes_executor.py
[2025-02-10T15:39:51.524+0000] {processor.py:914} INFO - Processing file /usr/local/lib/python3.9/dist-packages/airflow/example_dags/example_kubernetes_executor.py for tasks to queue
[2025-02-10T15:39:51.527+0000] {logging_mixin.py:190} INFO - [2025-02-10T15:39:51.526+0000] {dagbag.py:588} INFO - Filling up the DagBag from /usr/local/lib/python3.9/dist-packages/airflow/example_dags/example_kubernetes_executor.py
[2025-02-10T15:39:51.531+0000] {logging_mixin.py:190} INFO - [2025-02-10T15:39:51.530+0000] {example_kubernetes_executor.py:39} WARNING - The example_kubernetes_executor example DAG requires the kubernetes provider. Please install it with: pip install apache-airflow[cncf.kubernetes]
[2025-02-10T15:39:51.532+0000] {processor.py:927} WARNING - No viable dags retrieved from /usr/local/lib/python3.9/dist-packages/airflow/example_dags/example_kubernetes_executor.py
[2025-02-10T15:39:51.561+0000] {processor.py:208} INFO - Processing /usr/local/lib/python3.9/dist-packages/airflow/example_dags/example_kubernetes_executor.py took 0.044 seconds
[2025-02-10T15:41:08.766+0000] {processor.py:186} INFO - Started process (PID=827) to work on /usr/local/lib/python3.9/dist-packages/airflow/example_dags/example_kubernetes_executor.py
[2025-02-10T15:41:08.768+0000] {processor.py:914} INFO - Processing file /usr/local/lib/python3.9/dist-packages/airflow/example_dags/example_kubernetes_executor.py for tasks to queue
[2025-02-10T15:41:08.770+0000] {logging_mixin.py:190} INFO - [2025-02-10T15:41:08.770+0000] {dagbag.py:588} INFO - Filling up the DagBag from /usr/local/lib/python3.9/dist-packages/airflow/example_dags/example_kubernetes_executor.py
[2025-02-10T15:41:08.774+0000] {logging_mixin.py:190} INFO - [2025-02-10T15:41:08.774+0000] {example_kubernetes_executor.py:39} WARNING - The example_kubernetes_executor example DAG requires the kubernetes provider. Please install it with: pip install apache-airflow[cncf.kubernetes]
[2025-02-10T15:41:08.775+0000] {processor.py:927} WARNING - No viable dags retrieved from /usr/local/lib/python3.9/dist-packages/airflow/example_dags/example_kubernetes_executor.py
[2025-02-10T15:41:08.804+0000] {processor.py:208} INFO - Processing /usr/local/lib/python3.9/dist-packages/airflow/example_dags/example_kubernetes_executor.py took 0.043 seconds
[2025-02-10T15:42:29.022+0000] {processor.py:186} INFO - Started process (PID=893) to work on /usr/local/lib/python3.9/dist-packages/airflow/example_dags/example_kubernetes_executor.py
[2025-02-10T15:42:29.023+0000] {processor.py:914} INFO - Processing file /usr/local/lib/python3.9/dist-packages/airflow/example_dags/example_kubernetes_executor.py for tasks to queue
[2025-02-10T15:42:29.026+0000] {logging_mixin.py:190} INFO - [2025-02-10T15:42:29.026+0000] {dagbag.py:588} INFO - Filling up the DagBag from /usr/local/lib/python3.9/dist-packages/airflow/example_dags/example_kubernetes_executor.py
[2025-02-10T15:42:29.030+0000] {logging_mixin.py:190} INFO - [2025-02-10T15:42:29.029+0000] {example_kubernetes_executor.py:39} WARNING - The example_kubernetes_executor example DAG requires the kubernetes provider. Please install it with: pip install apache-airflow[cncf.kubernetes]
[2025-02-10T15:42:29.031+0000] {processor.py:927} WARNING - No viable dags retrieved from /usr/local/lib/python3.9/dist-packages/airflow/example_dags/example_kubernetes_executor.py
[2025-02-10T15:42:29.059+0000] {processor.py:208} INFO - Processing /usr/local/lib/python3.9/dist-packages/airflow/example_dags/example_kubernetes_executor.py took 0.043 seconds
[2025-02-10T15:43:52.089+0000] {processor.py:186} INFO - Started process (PID=960) to work on /usr/local/lib/python3.9/dist-packages/airflow/example_dags/example_kubernetes_executor.py
[2025-02-10T15:43:52.091+0000] {processor.py:914} INFO - Processing file /usr/local/lib/python3.9/dist-packages/airflow/example_dags/example_kubernetes_executor.py for tasks to queue
[2025-02-10T15:43:52.094+0000] {logging_mixin.py:190} INFO - [2025-02-10T15:43:52.094+0000] {dagbag.py:588} INFO - Filling up the DagBag from /usr/local/lib/python3.9/dist-packages/airflow/example_dags/example_kubernetes_executor.py
[2025-02-10T15:43:52.098+0000] {logging_mixin.py:190} INFO - [2025-02-10T15:43:52.097+0000] {example_kubernetes_executor.py:39} WARNING - The example_kubernetes_executor example DAG requires the kubernetes provider. Please install it with: pip install apache-airflow[cncf.kubernetes]
[2025-02-10T15:43:52.099+0000] {processor.py:927} WARNING - No viable dags retrieved from /usr/local/lib/python3.9/dist-packages/airflow/example_dags/example_kubernetes_executor.py
[2025-02-10T15:43:52.126+0000] {processor.py:208} INFO - Processing /usr/local/lib/python3.9/dist-packages/airflow/example_dags/example_kubernetes_executor.py took 0.042 seconds
[2025-02-10T15:45:16.221+0000] {processor.py:186} INFO - Started process (PID=1027) to work on /usr/local/lib/python3.9/dist-packages/airflow/example_dags/example_kubernetes_executor.py
[2025-02-10T15:45:16.223+0000] {processor.py:914} INFO - Processing file /usr/local/lib/python3.9/dist-packages/airflow/example_dags/example_kubernetes_executor.py for tasks to queue
[2025-02-10T15:45:16.226+0000] {logging_mixin.py:190} INFO - [2025-02-10T15:45:16.225+0000] {dagbag.py:588} INFO - Filling up the DagBag from /usr/local/lib/python3.9/dist-packages/airflow/example_dags/example_kubernetes_executor.py
[2025-02-10T15:45:16.230+0000] {logging_mixin.py:190} INFO - [2025-02-10T15:45:16.230+0000] {example_kubernetes_executor.py:39} WARNING - The example_kubernetes_executor example DAG requires the kubernetes provider. Please install it with: pip install apache-airflow[cncf.kubernetes]
[2025-02-10T15:45:16.231+0000] {processor.py:927} WARNING - No viable dags retrieved from /usr/local/lib/python3.9/dist-packages/airflow/example_dags/example_kubernetes_executor.py
[2025-02-10T15:45:16.256+0000] {processor.py:208} INFO - Processing /usr/local/lib/python3.9/dist-packages/airflow/example_dags/example_kubernetes_executor.py took 0.041 seconds
[2025-02-10T15:46:34.749+0000] {processor.py:186} INFO - Started process (PID=1092) to work on /usr/local/lib/python3.9/dist-packages/airflow/example_dags/example_kubernetes_executor.py
[2025-02-10T15:46:34.751+0000] {processor.py:914} INFO - Processing file /usr/local/lib/python3.9/dist-packages/airflow/example_dags/example_kubernetes_executor.py for tasks to queue
[2025-02-10T15:46:34.754+0000] {logging_mixin.py:190} INFO - [2025-02-10T15:46:34.754+0000] {dagbag.py:588} INFO - Filling up the DagBag from /usr/local/lib/python3.9/dist-packages/airflow/example_dags/example_kubernetes_executor.py
[2025-02-10T15:46:34.757+0000] {logging_mixin.py:190} INFO - [2025-02-10T15:46:34.757+0000] {example_kubernetes_executor.py:39} WARNING - The example_kubernetes_executor example DAG requires the kubernetes provider. Please install it with: pip install apache-airflow[cncf.kubernetes]
[2025-02-10T15:46:34.758+0000] {processor.py:927} WARNING - No viable dags retrieved from /usr/local/lib/python3.9/dist-packages/airflow/example_dags/example_kubernetes_executor.py
[2025-02-10T15:46:34.789+0000] {processor.py:208} INFO - Processing /usr/local/lib/python3.9/dist-packages/airflow/example_dags/example_kubernetes_executor.py took 0.045 seconds
[2025-02-10T15:47:52.206+0000] {processor.py:186} INFO - Started process (PID=1157) to work on /usr/local/lib/python3.9/dist-packages/airflow/example_dags/example_kubernetes_executor.py
[2025-02-10T15:47:52.208+0000] {processor.py:914} INFO - Processing file /usr/local/lib/python3.9/dist-packages/airflow/example_dags/example_kubernetes_executor.py for tasks to queue
[2025-02-10T15:47:52.211+0000] {logging_mixin.py:190} INFO - [2025-02-10T15:47:52.211+0000] {dagbag.py:588} INFO - Filling up the DagBag from /usr/local/lib/python3.9/dist-packages/airflow/example_dags/example_kubernetes_executor.py
[2025-02-10T15:47:52.215+0000] {logging_mixin.py:190} INFO - [2025-02-10T15:47:52.215+0000] {example_kubernetes_executor.py:39} WARNING - The example_kubernetes_executor example DAG requires the kubernetes provider. Please install it with: pip install apache-airflow[cncf.kubernetes]
[2025-02-10T15:47:52.216+0000] {processor.py:927} WARNING - No viable dags retrieved from /usr/local/lib/python3.9/dist-packages/airflow/example_dags/example_kubernetes_executor.py
[2025-02-10T15:47:52.243+0000] {processor.py:208} INFO - Processing /usr/local/lib/python3.9/dist-packages/airflow/example_dags/example_kubernetes_executor.py took 0.042 seconds
[2025-02-10T15:49:06.342+0000] {processor.py:186} INFO - Started process (PID=1221) to work on /usr/local/lib/python3.9/dist-packages/airflow/example_dags/example_kubernetes_executor.py
[2025-02-10T15:49:06.343+0000] {processor.py:914} INFO - Processing file /usr/local/lib/python3.9/dist-packages/airflow/example_dags/example_kubernetes_executor.py for tasks to queue
[2025-02-10T15:49:06.347+0000] {logging_mixin.py:190} INFO - [2025-02-10T15:49:06.346+0000] {dagbag.py:588} INFO - Filling up the DagBag from /usr/local/lib/python3.9/dist-packages/airflow/example_dags/example_kubernetes_executor.py
[2025-02-10T15:49:06.350+0000] {logging_mixin.py:190} INFO - [2025-02-10T15:49:06.350+0000] {example_kubernetes_executor.py:39} WARNING - The example_kubernetes_executor example DAG requires the kubernetes provider. Please install it with: pip install apache-airflow[cncf.kubernetes]
[2025-02-10T15:49:06.351+0000] {processor.py:927} WARNING - No viable dags retrieved from /usr/local/lib/python3.9/dist-packages/airflow/example_dags/example_kubernetes_executor.py
[2025-02-10T15:49:06.380+0000] {processor.py:208} INFO - Processing /usr/local/lib/python3.9/dist-packages/airflow/example_dags/example_kubernetes_executor.py took 0.044 seconds
[2025-02-10T15:50:19.490+0000] {processor.py:186} INFO - Started process (PID=1283) to work on /usr/local/lib/python3.9/dist-packages/airflow/example_dags/example_kubernetes_executor.py
[2025-02-10T15:50:19.492+0000] {processor.py:914} INFO - Processing file /usr/local/lib/python3.9/dist-packages/airflow/example_dags/example_kubernetes_executor.py for tasks to queue
[2025-02-10T15:50:19.494+0000] {logging_mixin.py:190} INFO - [2025-02-10T15:50:19.494+0000] {dagbag.py:588} INFO - Filling up the DagBag from /usr/local/lib/python3.9/dist-packages/airflow/example_dags/example_kubernetes_executor.py
[2025-02-10T15:50:19.497+0000] {logging_mixin.py:190} INFO - [2025-02-10T15:50:19.497+0000] {example_kubernetes_executor.py:39} WARNING - The example_kubernetes_executor example DAG requires the kubernetes provider. Please install it with: pip install apache-airflow[cncf.kubernetes]
[2025-02-10T15:50:19.498+0000] {processor.py:927} WARNING - No viable dags retrieved from /usr/local/lib/python3.9/dist-packages/airflow/example_dags/example_kubernetes_executor.py
[2025-02-10T15:50:19.523+0000] {processor.py:208} INFO - Processing /usr/local/lib/python3.9/dist-packages/airflow/example_dags/example_kubernetes_executor.py took 0.038 seconds
[2025-02-10T15:51:36.899+0000] {processor.py:186} INFO - Started process (PID=1347) to work on /usr/local/lib/python3.9/dist-packages/airflow/example_dags/example_kubernetes_executor.py
[2025-02-10T15:51:36.901+0000] {processor.py:914} INFO - Processing file /usr/local/lib/python3.9/dist-packages/airflow/example_dags/example_kubernetes_executor.py for tasks to queue
[2025-02-10T15:51:36.904+0000] {logging_mixin.py:190} INFO - [2025-02-10T15:51:36.904+0000] {dagbag.py:588} INFO - Filling up the DagBag from /usr/local/lib/python3.9/dist-packages/airflow/example_dags/example_kubernetes_executor.py
[2025-02-10T15:51:36.908+0000] {logging_mixin.py:190} INFO - [2025-02-10T15:51:36.908+0000] {example_kubernetes_executor.py:39} WARNING - The example_kubernetes_executor example DAG requires the kubernetes provider. Please install it with: pip install apache-airflow[cncf.kubernetes]
[2025-02-10T15:51:36.909+0000] {processor.py:927} WARNING - No viable dags retrieved from /usr/local/lib/python3.9/dist-packages/airflow/example_dags/example_kubernetes_executor.py
[2025-02-10T15:51:36.932+0000] {processor.py:208} INFO - Processing /usr/local/lib/python3.9/dist-packages/airflow/example_dags/example_kubernetes_executor.py took 0.039 seconds
[2025-02-10T15:52:51.496+0000] {processor.py:186} INFO - Started process (PID=1410) to work on /usr/local/lib/python3.9/dist-packages/airflow/example_dags/example_kubernetes_executor.py
[2025-02-10T15:52:51.497+0000] {processor.py:914} INFO - Processing file /usr/local/lib/python3.9/dist-packages/airflow/example_dags/example_kubernetes_executor.py for tasks to queue
[2025-02-10T15:52:51.500+0000] {logging_mixin.py:190} INFO - [2025-02-10T15:52:51.499+0000] {dagbag.py:588} INFO - Filling up the DagBag from /usr/local/lib/python3.9/dist-packages/airflow/example_dags/example_kubernetes_executor.py
[2025-02-10T15:52:51.503+0000] {logging_mixin.py:190} INFO - [2025-02-10T15:52:51.503+0000] {example_kubernetes_executor.py:39} WARNING - The example_kubernetes_executor example DAG requires the kubernetes provider. Please install it with: pip install apache-airflow[cncf.kubernetes]
[2025-02-10T15:52:51.504+0000] {processor.py:927} WARNING - No viable dags retrieved from /usr/local/lib/python3.9/dist-packages/airflow/example_dags/example_kubernetes_executor.py
[2025-02-10T15:52:51.533+0000] {processor.py:208} INFO - Processing /usr/local/lib/python3.9/dist-packages/airflow/example_dags/example_kubernetes_executor.py took 0.043 seconds
[2025-02-10T15:54:10.918+0000] {processor.py:186} INFO - Started process (PID=1475) to work on /usr/local/lib/python3.9/dist-packages/airflow/example_dags/example_kubernetes_executor.py
[2025-02-10T15:54:10.920+0000] {processor.py:914} INFO - Processing file /usr/local/lib/python3.9/dist-packages/airflow/example_dags/example_kubernetes_executor.py for tasks to queue
[2025-02-10T15:54:10.923+0000] {logging_mixin.py:190} INFO - [2025-02-10T15:54:10.922+0000] {dagbag.py:588} INFO - Filling up the DagBag from /usr/local/lib/python3.9/dist-packages/airflow/example_dags/example_kubernetes_executor.py
[2025-02-10T15:54:10.926+0000] {logging_mixin.py:190} INFO - [2025-02-10T15:54:10.926+0000] {example_kubernetes_executor.py:39} WARNING - The example_kubernetes_executor example DAG requires the kubernetes provider. Please install it with: pip install apache-airflow[cncf.kubernetes]
[2025-02-10T15:54:10.927+0000] {processor.py:927} WARNING - No viable dags retrieved from /usr/local/lib/python3.9/dist-packages/airflow/example_dags/example_kubernetes_executor.py
[2025-02-10T15:54:10.955+0000] {processor.py:208} INFO - Processing /usr/local/lib/python3.9/dist-packages/airflow/example_dags/example_kubernetes_executor.py took 0.042 seconds
[2025-02-10T15:55:29.625+0000] {processor.py:186} INFO - Started process (PID=1540) to work on /usr/local/lib/python3.9/dist-packages/airflow/example_dags/example_kubernetes_executor.py
[2025-02-10T15:55:29.627+0000] {processor.py:914} INFO - Processing file /usr/local/lib/python3.9/dist-packages/airflow/example_dags/example_kubernetes_executor.py for tasks to queue
[2025-02-10T15:55:29.630+0000] {logging_mixin.py:190} INFO - [2025-02-10T15:55:29.629+0000] {dagbag.py:588} INFO - Filling up the DagBag from /usr/local/lib/python3.9/dist-packages/airflow/example_dags/example_kubernetes_executor.py
[2025-02-10T15:55:29.634+0000] {logging_mixin.py:190} INFO - [2025-02-10T15:55:29.634+0000] {example_kubernetes_executor.py:39} WARNING - The example_kubernetes_executor example DAG requires the kubernetes provider. Please install it with: pip install apache-airflow[cncf.kubernetes]
[2025-02-10T15:55:29.635+0000] {processor.py:927} WARNING - No viable dags retrieved from /usr/local/lib/python3.9/dist-packages/airflow/example_dags/example_kubernetes_executor.py
[2025-02-10T15:55:29.659+0000] {processor.py:208} INFO - Processing /usr/local/lib/python3.9/dist-packages/airflow/example_dags/example_kubernetes_executor.py took 0.039 seconds
[2025-02-10T15:56:51.829+0000] {processor.py:186} INFO - Started process (PID=1606) to work on /usr/local/lib/python3.9/dist-packages/airflow/example_dags/example_kubernetes_executor.py
[2025-02-10T15:56:51.830+0000] {processor.py:914} INFO - Processing file /usr/local/lib/python3.9/dist-packages/airflow/example_dags/example_kubernetes_executor.py for tasks to queue
[2025-02-10T15:56:51.833+0000] {logging_mixin.py:190} INFO - [2025-02-10T15:56:51.832+0000] {dagbag.py:588} INFO - Filling up the DagBag from /usr/local/lib/python3.9/dist-packages/airflow/example_dags/example_kubernetes_executor.py
[2025-02-10T15:56:51.836+0000] {logging_mixin.py:190} INFO - [2025-02-10T15:56:51.835+0000] {example_kubernetes_executor.py:39} WARNING - The example_kubernetes_executor example DAG requires the kubernetes provider. Please install it with: pip install apache-airflow[cncf.kubernetes]
[2025-02-10T15:56:51.837+0000] {processor.py:927} WARNING - No viable dags retrieved from /usr/local/lib/python3.9/dist-packages/airflow/example_dags/example_kubernetes_executor.py
[2025-02-10T15:56:51.867+0000] {processor.py:208} INFO - Processing /usr/local/lib/python3.9/dist-packages/airflow/example_dags/example_kubernetes_executor.py took 0.044 seconds
[2025-02-10T15:58:06.888+0000] {processor.py:186} INFO - Started process (PID=1670) to work on /usr/local/lib/python3.9/dist-packages/airflow/example_dags/example_kubernetes_executor.py
[2025-02-10T15:58:06.889+0000] {processor.py:914} INFO - Processing file /usr/local/lib/python3.9/dist-packages/airflow/example_dags/example_kubernetes_executor.py for tasks to queue
[2025-02-10T15:58:06.894+0000] {logging_mixin.py:190} INFO - [2025-02-10T15:58:06.893+0000] {dagbag.py:588} INFO - Filling up the DagBag from /usr/local/lib/python3.9/dist-packages/airflow/example_dags/example_kubernetes_executor.py
[2025-02-10T15:58:06.898+0000] {logging_mixin.py:190} INFO - [2025-02-10T15:58:06.898+0000] {example_kubernetes_executor.py:39} WARNING - The example_kubernetes_executor example DAG requires the kubernetes provider. Please install it with: pip install apache-airflow[cncf.kubernetes]
[2025-02-10T15:58:06.899+0000] {processor.py:927} WARNING - No viable dags retrieved from /usr/local/lib/python3.9/dist-packages/airflow/example_dags/example_kubernetes_executor.py
[2025-02-10T15:58:06.933+0000] {processor.py:208} INFO - Processing /usr/local/lib/python3.9/dist-packages/airflow/example_dags/example_kubernetes_executor.py took 0.056 seconds
[2025-02-10T15:59:25.965+0000] {processor.py:186} INFO - Started process (PID=1736) to work on /usr/local/lib/python3.9/dist-packages/airflow/example_dags/example_kubernetes_executor.py
[2025-02-10T15:59:25.967+0000] {processor.py:914} INFO - Processing file /usr/local/lib/python3.9/dist-packages/airflow/example_dags/example_kubernetes_executor.py for tasks to queue
[2025-02-10T15:59:25.969+0000] {logging_mixin.py:190} INFO - [2025-02-10T15:59:25.969+0000] {dagbag.py:588} INFO - Filling up the DagBag from /usr/local/lib/python3.9/dist-packages/airflow/example_dags/example_kubernetes_executor.py
[2025-02-10T15:59:25.972+0000] {logging_mixin.py:190} INFO - [2025-02-10T15:59:25.972+0000] {example_kubernetes_executor.py:39} WARNING - The example_kubernetes_executor example DAG requires the kubernetes provider. Please install it with: pip install apache-airflow[cncf.kubernetes]
[2025-02-10T15:59:25.973+0000] {processor.py:927} WARNING - No viable dags retrieved from /usr/local/lib/python3.9/dist-packages/airflow/example_dags/example_kubernetes_executor.py
[2025-02-10T15:59:26.001+0000] {processor.py:208} INFO - Processing /usr/local/lib/python3.9/dist-packages/airflow/example_dags/example_kubernetes_executor.py took 0.042 seconds
[2025-02-10T16:00:45.902+0000] {processor.py:186} INFO - Started process (PID=1801) to work on /usr/local/lib/python3.9/dist-packages/airflow/example_dags/example_kubernetes_executor.py
[2025-02-10T16:00:45.904+0000] {processor.py:914} INFO - Processing file /usr/local/lib/python3.9/dist-packages/airflow/example_dags/example_kubernetes_executor.py for tasks to queue
[2025-02-10T16:00:45.907+0000] {logging_mixin.py:190} INFO - [2025-02-10T16:00:45.907+0000] {dagbag.py:588} INFO - Filling up the DagBag from /usr/local/lib/python3.9/dist-packages/airflow/example_dags/example_kubernetes_executor.py
[2025-02-10T16:00:45.910+0000] {logging_mixin.py:190} INFO - [2025-02-10T16:00:45.910+0000] {example_kubernetes_executor.py:39} WARNING - The example_kubernetes_executor example DAG requires the kubernetes provider. Please install it with: pip install apache-airflow[cncf.kubernetes]
[2025-02-10T16:00:45.911+0000] {processor.py:927} WARNING - No viable dags retrieved from /usr/local/lib/python3.9/dist-packages/airflow/example_dags/example_kubernetes_executor.py
[2025-02-10T16:00:45.939+0000] {processor.py:208} INFO - Processing /usr/local/lib/python3.9/dist-packages/airflow/example_dags/example_kubernetes_executor.py took 0.042 seconds
[2025-02-10T16:03:42.839+0000] {processor.py:186} INFO - Started process (PID=52) to work on /usr/local/lib/python3.9/dist-packages/airflow/example_dags/example_kubernetes_executor.py
[2025-02-10T16:03:42.841+0000] {processor.py:914} INFO - Processing file /usr/local/lib/python3.9/dist-packages/airflow/example_dags/example_kubernetes_executor.py for tasks to queue
[2025-02-10T16:03:42.846+0000] {logging_mixin.py:190} INFO - [2025-02-10T16:03:42.846+0000] {dagbag.py:588} INFO - Filling up the DagBag from /usr/local/lib/python3.9/dist-packages/airflow/example_dags/example_kubernetes_executor.py
[2025-02-10T16:03:42.849+0000] {logging_mixin.py:190} INFO - [2025-02-10T16:03:42.849+0000] {example_kubernetes_executor.py:39} WARNING - The example_kubernetes_executor example DAG requires the kubernetes provider. Please install it with: pip install apache-airflow[cncf.kubernetes]
[2025-02-10T16:03:42.850+0000] {processor.py:927} WARNING - No viable dags retrieved from /usr/local/lib/python3.9/dist-packages/airflow/example_dags/example_kubernetes_executor.py
[2025-02-10T16:03:42.881+0000] {processor.py:208} INFO - Processing /usr/local/lib/python3.9/dist-packages/airflow/example_dags/example_kubernetes_executor.py took 0.047 seconds
[2025-02-10T16:04:50.948+0000] {processor.py:186} INFO - Started process (PID=109) to work on /usr/local/lib/python3.9/dist-packages/airflow/example_dags/example_kubernetes_executor.py
[2025-02-10T16:04:50.950+0000] {processor.py:914} INFO - Processing file /usr/local/lib/python3.9/dist-packages/airflow/example_dags/example_kubernetes_executor.py for tasks to queue
[2025-02-10T16:04:50.953+0000] {logging_mixin.py:190} INFO - [2025-02-10T16:04:50.952+0000] {dagbag.py:588} INFO - Filling up the DagBag from /usr/local/lib/python3.9/dist-packages/airflow/example_dags/example_kubernetes_executor.py
[2025-02-10T16:04:50.956+0000] {logging_mixin.py:190} INFO - [2025-02-10T16:04:50.956+0000] {example_kubernetes_executor.py:39} WARNING - The example_kubernetes_executor example DAG requires the kubernetes provider. Please install it with: pip install apache-airflow[cncf.kubernetes]
[2025-02-10T16:04:50.957+0000] {processor.py:927} WARNING - No viable dags retrieved from /usr/local/lib/python3.9/dist-packages/airflow/example_dags/example_kubernetes_executor.py
[2025-02-10T16:04:50.986+0000] {processor.py:208} INFO - Processing /usr/local/lib/python3.9/dist-packages/airflow/example_dags/example_kubernetes_executor.py took 0.044 seconds
[2025-02-10T16:06:06.021+0000] {processor.py:186} INFO - Started process (PID=173) to work on /usr/local/lib/python3.9/dist-packages/airflow/example_dags/example_kubernetes_executor.py
[2025-02-10T16:06:06.023+0000] {processor.py:914} INFO - Processing file /usr/local/lib/python3.9/dist-packages/airflow/example_dags/example_kubernetes_executor.py for tasks to queue
[2025-02-10T16:06:06.025+0000] {logging_mixin.py:190} INFO - [2025-02-10T16:06:06.025+0000] {dagbag.py:588} INFO - Filling up the DagBag from /usr/local/lib/python3.9/dist-packages/airflow/example_dags/example_kubernetes_executor.py
[2025-02-10T16:06:06.029+0000] {logging_mixin.py:190} INFO - [2025-02-10T16:06:06.028+0000] {example_kubernetes_executor.py:39} WARNING - The example_kubernetes_executor example DAG requires the kubernetes provider. Please install it with: pip install apache-airflow[cncf.kubernetes]
[2025-02-10T16:06:06.030+0000] {processor.py:927} WARNING - No viable dags retrieved from /usr/local/lib/python3.9/dist-packages/airflow/example_dags/example_kubernetes_executor.py
[2025-02-10T16:06:06.059+0000] {processor.py:208} INFO - Processing /usr/local/lib/python3.9/dist-packages/airflow/example_dags/example_kubernetes_executor.py took 0.043 seconds
[2025-02-10T16:07:22.478+0000] {processor.py:186} INFO - Started process (PID=237) to work on /usr/local/lib/python3.9/dist-packages/airflow/example_dags/example_kubernetes_executor.py
[2025-02-10T16:07:22.480+0000] {processor.py:914} INFO - Processing file /usr/local/lib/python3.9/dist-packages/airflow/example_dags/example_kubernetes_executor.py for tasks to queue
[2025-02-10T16:07:22.483+0000] {logging_mixin.py:190} INFO - [2025-02-10T16:07:22.482+0000] {dagbag.py:588} INFO - Filling up the DagBag from /usr/local/lib/python3.9/dist-packages/airflow/example_dags/example_kubernetes_executor.py
[2025-02-10T16:07:22.487+0000] {logging_mixin.py:190} INFO - [2025-02-10T16:07:22.486+0000] {example_kubernetes_executor.py:39} WARNING - The example_kubernetes_executor example DAG requires the kubernetes provider. Please install it with: pip install apache-airflow[cncf.kubernetes]
[2025-02-10T16:07:22.487+0000] {processor.py:927} WARNING - No viable dags retrieved from /usr/local/lib/python3.9/dist-packages/airflow/example_dags/example_kubernetes_executor.py
[2025-02-10T16:07:22.518+0000] {processor.py:208} INFO - Processing /usr/local/lib/python3.9/dist-packages/airflow/example_dags/example_kubernetes_executor.py took 0.045 seconds
[2025-02-10T16:08:41.081+0000] {processor.py:186} INFO - Started process (PID=301) to work on /usr/local/lib/python3.9/dist-packages/airflow/example_dags/example_kubernetes_executor.py
[2025-02-10T16:08:41.082+0000] {processor.py:914} INFO - Processing file /usr/local/lib/python3.9/dist-packages/airflow/example_dags/example_kubernetes_executor.py for tasks to queue
[2025-02-10T16:08:41.085+0000] {logging_mixin.py:190} INFO - [2025-02-10T16:08:41.085+0000] {dagbag.py:588} INFO - Filling up the DagBag from /usr/local/lib/python3.9/dist-packages/airflow/example_dags/example_kubernetes_executor.py
[2025-02-10T16:08:41.090+0000] {logging_mixin.py:190} INFO - [2025-02-10T16:08:41.090+0000] {example_kubernetes_executor.py:39} WARNING - The example_kubernetes_executor example DAG requires the kubernetes provider. Please install it with: pip install apache-airflow[cncf.kubernetes]
[2025-02-10T16:08:41.091+0000] {processor.py:927} WARNING - No viable dags retrieved from /usr/local/lib/python3.9/dist-packages/airflow/example_dags/example_kubernetes_executor.py
[2025-02-10T16:08:41.119+0000] {processor.py:208} INFO - Processing /usr/local/lib/python3.9/dist-packages/airflow/example_dags/example_kubernetes_executor.py took 0.043 seconds
[2025-02-10T16:10:00.532+0000] {processor.py:186} INFO - Started process (PID=366) to work on /usr/local/lib/python3.9/dist-packages/airflow/example_dags/example_kubernetes_executor.py
[2025-02-10T16:10:00.534+0000] {processor.py:914} INFO - Processing file /usr/local/lib/python3.9/dist-packages/airflow/example_dags/example_kubernetes_executor.py for tasks to queue
[2025-02-10T16:10:00.536+0000] {logging_mixin.py:190} INFO - [2025-02-10T16:10:00.536+0000] {dagbag.py:588} INFO - Filling up the DagBag from /usr/local/lib/python3.9/dist-packages/airflow/example_dags/example_kubernetes_executor.py
[2025-02-10T16:10:00.540+0000] {logging_mixin.py:190} INFO - [2025-02-10T16:10:00.539+0000] {example_kubernetes_executor.py:39} WARNING - The example_kubernetes_executor example DAG requires the kubernetes provider. Please install it with: pip install apache-airflow[cncf.kubernetes]
[2025-02-10T16:10:00.541+0000] {processor.py:927} WARNING - No viable dags retrieved from /usr/local/lib/python3.9/dist-packages/airflow/example_dags/example_kubernetes_executor.py
[2025-02-10T16:10:00.567+0000] {processor.py:208} INFO - Processing /usr/local/lib/python3.9/dist-packages/airflow/example_dags/example_kubernetes_executor.py took 0.040 seconds
[2025-02-10T16:11:17.440+0000] {processor.py:186} INFO - Started process (PID=430) to work on /usr/local/lib/python3.9/dist-packages/airflow/example_dags/example_kubernetes_executor.py
[2025-02-10T16:11:17.442+0000] {processor.py:914} INFO - Processing file /usr/local/lib/python3.9/dist-packages/airflow/example_dags/example_kubernetes_executor.py for tasks to queue
[2025-02-10T16:11:17.444+0000] {logging_mixin.py:190} INFO - [2025-02-10T16:11:17.444+0000] {dagbag.py:588} INFO - Filling up the DagBag from /usr/local/lib/python3.9/dist-packages/airflow/example_dags/example_kubernetes_executor.py
[2025-02-10T16:11:17.449+0000] {logging_mixin.py:190} INFO - [2025-02-10T16:11:17.448+0000] {example_kubernetes_executor.py:39} WARNING - The example_kubernetes_executor example DAG requires the kubernetes provider. Please install it with: pip install apache-airflow[cncf.kubernetes]
[2025-02-10T16:11:17.450+0000] {processor.py:927} WARNING - No viable dags retrieved from /usr/local/lib/python3.9/dist-packages/airflow/example_dags/example_kubernetes_executor.py
[2025-02-10T16:11:17.490+0000] {processor.py:208} INFO - Processing /usr/local/lib/python3.9/dist-packages/airflow/example_dags/example_kubernetes_executor.py took 0.056 seconds
[2025-02-10T16:12:29.280+0000] {processor.py:186} INFO - Started process (PID=493) to work on /usr/local/lib/python3.9/dist-packages/airflow/example_dags/example_kubernetes_executor.py
[2025-02-10T16:12:29.281+0000] {processor.py:914} INFO - Processing file /usr/local/lib/python3.9/dist-packages/airflow/example_dags/example_kubernetes_executor.py for tasks to queue
[2025-02-10T16:12:29.284+0000] {logging_mixin.py:190} INFO - [2025-02-10T16:12:29.284+0000] {dagbag.py:588} INFO - Filling up the DagBag from /usr/local/lib/python3.9/dist-packages/airflow/example_dags/example_kubernetes_executor.py
[2025-02-10T16:12:29.287+0000] {logging_mixin.py:190} INFO - [2025-02-10T16:12:29.287+0000] {example_kubernetes_executor.py:39} WARNING - The example_kubernetes_executor example DAG requires the kubernetes provider. Please install it with: pip install apache-airflow[cncf.kubernetes]
[2025-02-10T16:12:29.288+0000] {processor.py:927} WARNING - No viable dags retrieved from /usr/local/lib/python3.9/dist-packages/airflow/example_dags/example_kubernetes_executor.py
[2025-02-10T16:12:29.313+0000] {processor.py:208} INFO - Processing /usr/local/lib/python3.9/dist-packages/airflow/example_dags/example_kubernetes_executor.py took 0.039 seconds
[2025-02-10T16:13:42.413+0000] {processor.py:186} INFO - Started process (PID=555) to work on /usr/local/lib/python3.9/dist-packages/airflow/example_dags/example_kubernetes_executor.py
[2025-02-10T16:13:42.414+0000] {processor.py:914} INFO - Processing file /usr/local/lib/python3.9/dist-packages/airflow/example_dags/example_kubernetes_executor.py for tasks to queue
[2025-02-10T16:13:42.416+0000] {logging_mixin.py:190} INFO - [2025-02-10T16:13:42.416+0000] {dagbag.py:588} INFO - Filling up the DagBag from /usr/local/lib/python3.9/dist-packages/airflow/example_dags/example_kubernetes_executor.py
[2025-02-10T16:13:42.419+0000] {logging_mixin.py:190} INFO - [2025-02-10T16:13:42.419+0000] {example_kubernetes_executor.py:39} WARNING - The example_kubernetes_executor example DAG requires the kubernetes provider. Please install it with: pip install apache-airflow[cncf.kubernetes]
[2025-02-10T16:13:42.420+0000] {processor.py:927} WARNING - No viable dags retrieved from /usr/local/lib/python3.9/dist-packages/airflow/example_dags/example_kubernetes_executor.py
[2025-02-10T16:13:42.445+0000] {processor.py:208} INFO - Processing /usr/local/lib/python3.9/dist-packages/airflow/example_dags/example_kubernetes_executor.py took 0.038 seconds
[2025-02-10T16:14:57.003+0000] {processor.py:186} INFO - Started process (PID=618) to work on /usr/local/lib/python3.9/dist-packages/airflow/example_dags/example_kubernetes_executor.py
[2025-02-10T16:14:57.005+0000] {processor.py:914} INFO - Processing file /usr/local/lib/python3.9/dist-packages/airflow/example_dags/example_kubernetes_executor.py for tasks to queue
[2025-02-10T16:14:57.008+0000] {logging_mixin.py:190} INFO - [2025-02-10T16:14:57.007+0000] {dagbag.py:588} INFO - Filling up the DagBag from /usr/local/lib/python3.9/dist-packages/airflow/example_dags/example_kubernetes_executor.py
[2025-02-10T16:14:57.011+0000] {logging_mixin.py:190} INFO - [2025-02-10T16:14:57.011+0000] {example_kubernetes_executor.py:39} WARNING - The example_kubernetes_executor example DAG requires the kubernetes provider. Please install it with: pip install apache-airflow[cncf.kubernetes]
[2025-02-10T16:14:57.012+0000] {processor.py:927} WARNING - No viable dags retrieved from /usr/local/lib/python3.9/dist-packages/airflow/example_dags/example_kubernetes_executor.py
[2025-02-10T16:14:57.041+0000] {processor.py:208} INFO - Processing /usr/local/lib/python3.9/dist-packages/airflow/example_dags/example_kubernetes_executor.py took 0.043 seconds
[2025-02-10T16:16:17.617+0000] {processor.py:186} INFO - Started process (PID=684) to work on /usr/local/lib/python3.9/dist-packages/airflow/example_dags/example_kubernetes_executor.py
[2025-02-10T16:16:17.619+0000] {processor.py:914} INFO - Processing file /usr/local/lib/python3.9/dist-packages/airflow/example_dags/example_kubernetes_executor.py for tasks to queue
[2025-02-10T16:16:17.623+0000] {logging_mixin.py:190} INFO - [2025-02-10T16:16:17.622+0000] {dagbag.py:588} INFO - Filling up the DagBag from /usr/local/lib/python3.9/dist-packages/airflow/example_dags/example_kubernetes_executor.py
[2025-02-10T16:16:17.630+0000] {logging_mixin.py:190} INFO - [2025-02-10T16:16:17.629+0000] {example_kubernetes_executor.py:39} WARNING - The example_kubernetes_executor example DAG requires the kubernetes provider. Please install it with: pip install apache-airflow[cncf.kubernetes]
[2025-02-10T16:16:17.631+0000] {processor.py:927} WARNING - No viable dags retrieved from /usr/local/lib/python3.9/dist-packages/airflow/example_dags/example_kubernetes_executor.py
[2025-02-10T16:16:17.667+0000] {processor.py:208} INFO - Processing /usr/local/lib/python3.9/dist-packages/airflow/example_dags/example_kubernetes_executor.py took 0.058 seconds
[2025-02-10T16:17:33.530+0000] {processor.py:186} INFO - Started process (PID=749) to work on /usr/local/lib/python3.9/dist-packages/airflow/example_dags/example_kubernetes_executor.py
[2025-02-10T16:17:33.532+0000] {processor.py:914} INFO - Processing file /usr/local/lib/python3.9/dist-packages/airflow/example_dags/example_kubernetes_executor.py for tasks to queue
[2025-02-10T16:17:33.534+0000] {logging_mixin.py:190} INFO - [2025-02-10T16:17:33.534+0000] {dagbag.py:588} INFO - Filling up the DagBag from /usr/local/lib/python3.9/dist-packages/airflow/example_dags/example_kubernetes_executor.py
[2025-02-10T16:17:33.538+0000] {logging_mixin.py:190} INFO - [2025-02-10T16:17:33.537+0000] {example_kubernetes_executor.py:39} WARNING - The example_kubernetes_executor example DAG requires the kubernetes provider. Please install it with: pip install apache-airflow[cncf.kubernetes]
[2025-02-10T16:17:33.538+0000] {processor.py:927} WARNING - No viable dags retrieved from /usr/local/lib/python3.9/dist-packages/airflow/example_dags/example_kubernetes_executor.py
[2025-02-10T16:17:33.569+0000] {processor.py:208} INFO - Processing /usr/local/lib/python3.9/dist-packages/airflow/example_dags/example_kubernetes_executor.py took 0.044 seconds
[2025-02-10T16:18:49.686+0000] {processor.py:186} INFO - Started process (PID=812) to work on /usr/local/lib/python3.9/dist-packages/airflow/example_dags/example_kubernetes_executor.py
[2025-02-10T16:18:49.688+0000] {processor.py:914} INFO - Processing file /usr/local/lib/python3.9/dist-packages/airflow/example_dags/example_kubernetes_executor.py for tasks to queue
[2025-02-10T16:18:49.690+0000] {logging_mixin.py:190} INFO - [2025-02-10T16:18:49.690+0000] {dagbag.py:588} INFO - Filling up the DagBag from /usr/local/lib/python3.9/dist-packages/airflow/example_dags/example_kubernetes_executor.py
[2025-02-10T16:18:49.694+0000] {logging_mixin.py:190} INFO - [2025-02-10T16:18:49.693+0000] {example_kubernetes_executor.py:39} WARNING - The example_kubernetes_executor example DAG requires the kubernetes provider. Please install it with: pip install apache-airflow[cncf.kubernetes]
[2025-02-10T16:18:49.695+0000] {processor.py:927} WARNING - No viable dags retrieved from /usr/local/lib/python3.9/dist-packages/airflow/example_dags/example_kubernetes_executor.py
[2025-02-10T16:18:49.727+0000] {processor.py:208} INFO - Processing /usr/local/lib/python3.9/dist-packages/airflow/example_dags/example_kubernetes_executor.py took 0.047 seconds
[2025-02-10T16:20:08.564+0000] {processor.py:186} INFO - Started process (PID=878) to work on /usr/local/lib/python3.9/dist-packages/airflow/example_dags/example_kubernetes_executor.py
[2025-02-10T16:20:08.565+0000] {processor.py:914} INFO - Processing file /usr/local/lib/python3.9/dist-packages/airflow/example_dags/example_kubernetes_executor.py for tasks to queue
[2025-02-10T16:20:08.568+0000] {logging_mixin.py:190} INFO - [2025-02-10T16:20:08.567+0000] {dagbag.py:588} INFO - Filling up the DagBag from /usr/local/lib/python3.9/dist-packages/airflow/example_dags/example_kubernetes_executor.py
[2025-02-10T16:20:08.571+0000] {logging_mixin.py:190} INFO - [2025-02-10T16:20:08.571+0000] {example_kubernetes_executor.py:39} WARNING - The example_kubernetes_executor example DAG requires the kubernetes provider. Please install it with: pip install apache-airflow[cncf.kubernetes]
[2025-02-10T16:20:08.572+0000] {processor.py:927} WARNING - No viable dags retrieved from /usr/local/lib/python3.9/dist-packages/airflow/example_dags/example_kubernetes_executor.py
[2025-02-10T16:20:08.600+0000] {processor.py:208} INFO - Processing /usr/local/lib/python3.9/dist-packages/airflow/example_dags/example_kubernetes_executor.py took 0.042 seconds
[2025-02-10T16:21:31.130+0000] {processor.py:186} INFO - Started process (PID=947) to work on /usr/local/lib/python3.9/dist-packages/airflow/example_dags/example_kubernetes_executor.py
[2025-02-10T16:21:31.131+0000] {processor.py:914} INFO - Processing file /usr/local/lib/python3.9/dist-packages/airflow/example_dags/example_kubernetes_executor.py for tasks to queue
[2025-02-10T16:21:31.134+0000] {logging_mixin.py:190} INFO - [2025-02-10T16:21:31.133+0000] {dagbag.py:588} INFO - Filling up the DagBag from /usr/local/lib/python3.9/dist-packages/airflow/example_dags/example_kubernetes_executor.py
[2025-02-10T16:21:31.138+0000] {logging_mixin.py:190} INFO - [2025-02-10T16:21:31.137+0000] {example_kubernetes_executor.py:39} WARNING - The example_kubernetes_executor example DAG requires the kubernetes provider. Please install it with: pip install apache-airflow[cncf.kubernetes]
[2025-02-10T16:21:31.139+0000] {processor.py:927} WARNING - No viable dags retrieved from /usr/local/lib/python3.9/dist-packages/airflow/example_dags/example_kubernetes_executor.py
[2025-02-10T16:21:31.167+0000] {processor.py:208} INFO - Processing /usr/local/lib/python3.9/dist-packages/airflow/example_dags/example_kubernetes_executor.py took 0.043 seconds
[2025-02-10T16:22:46.648+0000] {processor.py:186} INFO - Started process (PID=1011) to work on /usr/local/lib/python3.9/dist-packages/airflow/example_dags/example_kubernetes_executor.py
[2025-02-10T16:22:46.650+0000] {processor.py:914} INFO - Processing file /usr/local/lib/python3.9/dist-packages/airflow/example_dags/example_kubernetes_executor.py for tasks to queue
[2025-02-10T16:22:46.653+0000] {logging_mixin.py:190} INFO - [2025-02-10T16:22:46.653+0000] {dagbag.py:588} INFO - Filling up the DagBag from /usr/local/lib/python3.9/dist-packages/airflow/example_dags/example_kubernetes_executor.py
[2025-02-10T16:22:46.658+0000] {logging_mixin.py:190} INFO - [2025-02-10T16:22:46.657+0000] {example_kubernetes_executor.py:39} WARNING - The example_kubernetes_executor example DAG requires the kubernetes provider. Please install it with: pip install apache-airflow[cncf.kubernetes]
[2025-02-10T16:22:46.659+0000] {processor.py:927} WARNING - No viable dags retrieved from /usr/local/lib/python3.9/dist-packages/airflow/example_dags/example_kubernetes_executor.py
[2025-02-10T16:22:46.689+0000] {processor.py:208} INFO - Processing /usr/local/lib/python3.9/dist-packages/airflow/example_dags/example_kubernetes_executor.py took 0.048 seconds
[2025-02-10T16:24:05.735+0000] {processor.py:186} INFO - Started process (PID=1076) to work on /usr/local/lib/python3.9/dist-packages/airflow/example_dags/example_kubernetes_executor.py
[2025-02-10T16:24:05.737+0000] {processor.py:914} INFO - Processing file /usr/local/lib/python3.9/dist-packages/airflow/example_dags/example_kubernetes_executor.py for tasks to queue
[2025-02-10T16:24:05.739+0000] {logging_mixin.py:190} INFO - [2025-02-10T16:24:05.738+0000] {dagbag.py:588} INFO - Filling up the DagBag from /usr/local/lib/python3.9/dist-packages/airflow/example_dags/example_kubernetes_executor.py
[2025-02-10T16:24:05.742+0000] {logging_mixin.py:190} INFO - [2025-02-10T16:24:05.742+0000] {example_kubernetes_executor.py:39} WARNING - The example_kubernetes_executor example DAG requires the kubernetes provider. Please install it with: pip install apache-airflow[cncf.kubernetes]
[2025-02-10T16:24:05.743+0000] {processor.py:927} WARNING - No viable dags retrieved from /usr/local/lib/python3.9/dist-packages/airflow/example_dags/example_kubernetes_executor.py
[2025-02-10T16:24:05.769+0000] {processor.py:208} INFO - Processing /usr/local/lib/python3.9/dist-packages/airflow/example_dags/example_kubernetes_executor.py took 0.039 seconds
[2025-02-10T16:25:25.931+0000] {processor.py:186} INFO - Started process (PID=1142) to work on /usr/local/lib/python3.9/dist-packages/airflow/example_dags/example_kubernetes_executor.py
[2025-02-10T16:25:25.933+0000] {processor.py:914} INFO - Processing file /usr/local/lib/python3.9/dist-packages/airflow/example_dags/example_kubernetes_executor.py for tasks to queue
[2025-02-10T16:25:25.936+0000] {logging_mixin.py:190} INFO - [2025-02-10T16:25:25.935+0000] {dagbag.py:588} INFO - Filling up the DagBag from /usr/local/lib/python3.9/dist-packages/airflow/example_dags/example_kubernetes_executor.py
[2025-02-10T16:25:25.939+0000] {logging_mixin.py:190} INFO - [2025-02-10T16:25:25.938+0000] {example_kubernetes_executor.py:39} WARNING - The example_kubernetes_executor example DAG requires the kubernetes provider. Please install it with: pip install apache-airflow[cncf.kubernetes]
[2025-02-10T16:25:25.939+0000] {processor.py:927} WARNING - No viable dags retrieved from /usr/local/lib/python3.9/dist-packages/airflow/example_dags/example_kubernetes_executor.py
[2025-02-10T16:25:25.969+0000] {processor.py:208} INFO - Processing /usr/local/lib/python3.9/dist-packages/airflow/example_dags/example_kubernetes_executor.py took 0.043 seconds
[2025-02-10T16:26:48.437+0000] {processor.py:186} INFO - Started process (PID=1209) to work on /usr/local/lib/python3.9/dist-packages/airflow/example_dags/example_kubernetes_executor.py
[2025-02-10T16:26:48.439+0000] {processor.py:914} INFO - Processing file /usr/local/lib/python3.9/dist-packages/airflow/example_dags/example_kubernetes_executor.py for tasks to queue
[2025-02-10T16:26:48.441+0000] {logging_mixin.py:190} INFO - [2025-02-10T16:26:48.441+0000] {dagbag.py:588} INFO - Filling up the DagBag from /usr/local/lib/python3.9/dist-packages/airflow/example_dags/example_kubernetes_executor.py
[2025-02-10T16:26:48.445+0000] {logging_mixin.py:190} INFO - [2025-02-10T16:26:48.445+0000] {example_kubernetes_executor.py:39} WARNING - The example_kubernetes_executor example DAG requires the kubernetes provider. Please install it with: pip install apache-airflow[cncf.kubernetes]
[2025-02-10T16:26:48.446+0000] {processor.py:927} WARNING - No viable dags retrieved from /usr/local/lib/python3.9/dist-packages/airflow/example_dags/example_kubernetes_executor.py
[2025-02-10T16:26:48.475+0000] {processor.py:208} INFO - Processing /usr/local/lib/python3.9/dist-packages/airflow/example_dags/example_kubernetes_executor.py took 0.042 seconds
[2025-02-10T16:28:06.859+0000] {processor.py:186} INFO - Started process (PID=1274) to work on /usr/local/lib/python3.9/dist-packages/airflow/example_dags/example_kubernetes_executor.py
[2025-02-10T16:28:06.860+0000] {processor.py:914} INFO - Processing file /usr/local/lib/python3.9/dist-packages/airflow/example_dags/example_kubernetes_executor.py for tasks to queue
[2025-02-10T16:28:06.862+0000] {logging_mixin.py:190} INFO - [2025-02-10T16:28:06.862+0000] {dagbag.py:588} INFO - Filling up the DagBag from /usr/local/lib/python3.9/dist-packages/airflow/example_dags/example_kubernetes_executor.py
[2025-02-10T16:28:06.867+0000] {logging_mixin.py:190} INFO - [2025-02-10T16:28:06.866+0000] {example_kubernetes_executor.py:39} WARNING - The example_kubernetes_executor example DAG requires the kubernetes provider. Please install it with: pip install apache-airflow[cncf.kubernetes]
[2025-02-10T16:28:06.868+0000] {processor.py:927} WARNING - No viable dags retrieved from /usr/local/lib/python3.9/dist-packages/airflow/example_dags/example_kubernetes_executor.py
[2025-02-10T16:28:06.897+0000] {processor.py:208} INFO - Processing /usr/local/lib/python3.9/dist-packages/airflow/example_dags/example_kubernetes_executor.py took 0.044 seconds
[2025-02-10T16:29:25.508+0000] {processor.py:186} INFO - Started process (PID=1339) to work on /usr/local/lib/python3.9/dist-packages/airflow/example_dags/example_kubernetes_executor.py
[2025-02-10T16:29:25.509+0000] {processor.py:914} INFO - Processing file /usr/local/lib/python3.9/dist-packages/airflow/example_dags/example_kubernetes_executor.py for tasks to queue
[2025-02-10T16:29:25.512+0000] {logging_mixin.py:190} INFO - [2025-02-10T16:29:25.512+0000] {dagbag.py:588} INFO - Filling up the DagBag from /usr/local/lib/python3.9/dist-packages/airflow/example_dags/example_kubernetes_executor.py
[2025-02-10T16:29:25.516+0000] {logging_mixin.py:190} INFO - [2025-02-10T16:29:25.516+0000] {example_kubernetes_executor.py:39} WARNING - The example_kubernetes_executor example DAG requires the kubernetes provider. Please install it with: pip install apache-airflow[cncf.kubernetes]
[2025-02-10T16:29:25.517+0000] {processor.py:927} WARNING - No viable dags retrieved from /usr/local/lib/python3.9/dist-packages/airflow/example_dags/example_kubernetes_executor.py
[2025-02-10T16:29:25.547+0000] {processor.py:208} INFO - Processing /usr/local/lib/python3.9/dist-packages/airflow/example_dags/example_kubernetes_executor.py took 0.045 seconds
[2025-02-10T16:30:39.932+0000] {processor.py:186} INFO - Started process (PID=1402) to work on /usr/local/lib/python3.9/dist-packages/airflow/example_dags/example_kubernetes_executor.py
[2025-02-10T16:30:39.934+0000] {processor.py:914} INFO - Processing file /usr/local/lib/python3.9/dist-packages/airflow/example_dags/example_kubernetes_executor.py for tasks to queue
[2025-02-10T16:30:39.936+0000] {logging_mixin.py:190} INFO - [2025-02-10T16:30:39.936+0000] {dagbag.py:588} INFO - Filling up the DagBag from /usr/local/lib/python3.9/dist-packages/airflow/example_dags/example_kubernetes_executor.py
[2025-02-10T16:30:39.940+0000] {logging_mixin.py:190} INFO - [2025-02-10T16:30:39.940+0000] {example_kubernetes_executor.py:39} WARNING - The example_kubernetes_executor example DAG requires the kubernetes provider. Please install it with: pip install apache-airflow[cncf.kubernetes]
[2025-02-10T16:30:39.941+0000] {processor.py:927} WARNING - No viable dags retrieved from /usr/local/lib/python3.9/dist-packages/airflow/example_dags/example_kubernetes_executor.py
[2025-02-10T16:30:39.970+0000] {processor.py:208} INFO - Processing /usr/local/lib/python3.9/dist-packages/airflow/example_dags/example_kubernetes_executor.py took 0.044 seconds
[2025-02-10T16:31:55.780+0000] {processor.py:186} INFO - Started process (PID=1466) to work on /usr/local/lib/python3.9/dist-packages/airflow/example_dags/example_kubernetes_executor.py
[2025-02-10T16:31:55.782+0000] {processor.py:914} INFO - Processing file /usr/local/lib/python3.9/dist-packages/airflow/example_dags/example_kubernetes_executor.py for tasks to queue
[2025-02-10T16:31:55.786+0000] {logging_mixin.py:190} INFO - [2025-02-10T16:31:55.785+0000] {dagbag.py:588} INFO - Filling up the DagBag from /usr/local/lib/python3.9/dist-packages/airflow/example_dags/example_kubernetes_executor.py
[2025-02-10T16:31:55.790+0000] {logging_mixin.py:190} INFO - [2025-02-10T16:31:55.790+0000] {example_kubernetes_executor.py:39} WARNING - The example_kubernetes_executor example DAG requires the kubernetes provider. Please install it with: pip install apache-airflow[cncf.kubernetes]
[2025-02-10T16:31:55.791+0000] {processor.py:927} WARNING - No viable dags retrieved from /usr/local/lib/python3.9/dist-packages/airflow/example_dags/example_kubernetes_executor.py
[2025-02-10T16:31:55.818+0000] {processor.py:208} INFO - Processing /usr/local/lib/python3.9/dist-packages/airflow/example_dags/example_kubernetes_executor.py took 0.045 seconds
[2025-02-10T16:33:15.593+0000] {processor.py:186} INFO - Started process (PID=1530) to work on /usr/local/lib/python3.9/dist-packages/airflow/example_dags/example_kubernetes_executor.py
[2025-02-10T16:33:15.595+0000] {processor.py:914} INFO - Processing file /usr/local/lib/python3.9/dist-packages/airflow/example_dags/example_kubernetes_executor.py for tasks to queue
[2025-02-10T16:33:15.598+0000] {logging_mixin.py:190} INFO - [2025-02-10T16:33:15.598+0000] {dagbag.py:588} INFO - Filling up the DagBag from /usr/local/lib/python3.9/dist-packages/airflow/example_dags/example_kubernetes_executor.py
[2025-02-10T16:33:15.602+0000] {logging_mixin.py:190} INFO - [2025-02-10T16:33:15.601+0000] {example_kubernetes_executor.py:39} WARNING - The example_kubernetes_executor example DAG requires the kubernetes provider. Please install it with: pip install apache-airflow[cncf.kubernetes]
[2025-02-10T16:33:15.603+0000] {processor.py:927} WARNING - No viable dags retrieved from /usr/local/lib/python3.9/dist-packages/airflow/example_dags/example_kubernetes_executor.py
[2025-02-10T16:33:15.630+0000] {processor.py:208} INFO - Processing /usr/local/lib/python3.9/dist-packages/airflow/example_dags/example_kubernetes_executor.py took 0.042 seconds
[2025-02-10T16:34:27.203+0000] {processor.py:186} INFO - Started process (PID=1594) to work on /usr/local/lib/python3.9/dist-packages/airflow/example_dags/example_kubernetes_executor.py
[2025-02-10T16:34:27.204+0000] {processor.py:914} INFO - Processing file /usr/local/lib/python3.9/dist-packages/airflow/example_dags/example_kubernetes_executor.py for tasks to queue
[2025-02-10T16:34:27.207+0000] {logging_mixin.py:190} INFO - [2025-02-10T16:34:27.207+0000] {dagbag.py:588} INFO - Filling up the DagBag from /usr/local/lib/python3.9/dist-packages/airflow/example_dags/example_kubernetes_executor.py
[2025-02-10T16:34:27.212+0000] {logging_mixin.py:190} INFO - [2025-02-10T16:34:27.211+0000] {example_kubernetes_executor.py:39} WARNING - The example_kubernetes_executor example DAG requires the kubernetes provider. Please install it with: pip install apache-airflow[cncf.kubernetes]
[2025-02-10T16:34:27.213+0000] {processor.py:927} WARNING - No viable dags retrieved from /usr/local/lib/python3.9/dist-packages/airflow/example_dags/example_kubernetes_executor.py
[2025-02-10T16:34:27.241+0000] {processor.py:208} INFO - Processing /usr/local/lib/python3.9/dist-packages/airflow/example_dags/example_kubernetes_executor.py took 0.043 seconds
[2025-02-10T16:35:43.804+0000] {processor.py:186} INFO - Started process (PID=1657) to work on /usr/local/lib/python3.9/dist-packages/airflow/example_dags/example_kubernetes_executor.py
[2025-02-10T16:35:43.805+0000] {processor.py:914} INFO - Processing file /usr/local/lib/python3.9/dist-packages/airflow/example_dags/example_kubernetes_executor.py for tasks to queue
[2025-02-10T16:35:43.808+0000] {logging_mixin.py:190} INFO - [2025-02-10T16:35:43.807+0000] {dagbag.py:588} INFO - Filling up the DagBag from /usr/local/lib/python3.9/dist-packages/airflow/example_dags/example_kubernetes_executor.py
[2025-02-10T16:35:43.812+0000] {logging_mixin.py:190} INFO - [2025-02-10T16:35:43.812+0000] {example_kubernetes_executor.py:39} WARNING - The example_kubernetes_executor example DAG requires the kubernetes provider. Please install it with: pip install apache-airflow[cncf.kubernetes]
[2025-02-10T16:35:43.813+0000] {processor.py:927} WARNING - No viable dags retrieved from /usr/local/lib/python3.9/dist-packages/airflow/example_dags/example_kubernetes_executor.py
[2025-02-10T16:35:43.841+0000] {processor.py:208} INFO - Processing /usr/local/lib/python3.9/dist-packages/airflow/example_dags/example_kubernetes_executor.py took 0.043 seconds
[2025-02-10T16:37:03.462+0000] {processor.py:186} INFO - Started process (PID=1722) to work on /usr/local/lib/python3.9/dist-packages/airflow/example_dags/example_kubernetes_executor.py
[2025-02-10T16:37:03.463+0000] {processor.py:914} INFO - Processing file /usr/local/lib/python3.9/dist-packages/airflow/example_dags/example_kubernetes_executor.py for tasks to queue
[2025-02-10T16:37:03.465+0000] {logging_mixin.py:190} INFO - [2025-02-10T16:37:03.465+0000] {dagbag.py:588} INFO - Filling up the DagBag from /usr/local/lib/python3.9/dist-packages/airflow/example_dags/example_kubernetes_executor.py
[2025-02-10T16:37:03.468+0000] {logging_mixin.py:190} INFO - [2025-02-10T16:37:03.468+0000] {example_kubernetes_executor.py:39} WARNING - The example_kubernetes_executor example DAG requires the kubernetes provider. Please install it with: pip install apache-airflow[cncf.kubernetes]
[2025-02-10T16:37:03.469+0000] {processor.py:927} WARNING - No viable dags retrieved from /usr/local/lib/python3.9/dist-packages/airflow/example_dags/example_kubernetes_executor.py
[2025-02-10T16:37:03.497+0000] {processor.py:208} INFO - Processing /usr/local/lib/python3.9/dist-packages/airflow/example_dags/example_kubernetes_executor.py took 0.041 seconds
