[2025-02-10T14:49:42.975+0000] {processor.py:186} INFO - Started process (PID=89) to work on /usr/local/lib/python3.9/dist-packages/airflow/example_dags/example_dag_decorator.py
[2025-02-10T14:49:42.977+0000] {processor.py:914} INFO - Processing file /usr/local/lib/python3.9/dist-packages/airflow/example_dags/example_dag_decorator.py for tasks to queue
[2025-02-10T14:49:42.979+0000] {logging_mixin.py:190} INFO - [2025-02-10T14:49:42.978+0000] {dagbag.py:588} INFO - Filling up the DagBag from /usr/local/lib/python3.9/dist-packages/airflow/example_dags/example_dag_decorator.py
[2025-02-10T14:49:43.015+0000] {processor.py:925} INFO - DAG(s) 'example_dag_decorator' retrieved from /usr/local/lib/python3.9/dist-packages/airflow/example_dags/example_dag_decorator.py
[2025-02-10T14:49:43.175+0000] {logging_mixin.py:190} INFO - [2025-02-10T14:49:43.174+0000] {override.py:1930} INFO - Created Permission View: can delete on DAG:example_dag_decorator
[2025-02-10T14:49:43.228+0000] {logging_mixin.py:190} INFO - [2025-02-10T14:49:43.227+0000] {override.py:1930} INFO - Created Permission View: can read on DAG:example_dag_decorator
[2025-02-10T14:49:43.275+0000] {logging_mixin.py:190} INFO - [2025-02-10T14:49:43.274+0000] {override.py:1930} INFO - Created Permission View: can edit on DAG:example_dag_decorator
[2025-02-10T14:49:43.343+0000] {logging_mixin.py:190} INFO - [2025-02-10T14:49:43.343+0000] {override.py:1930} INFO - Created Permission View: can create on DAG Run:example_dag_decorator
[2025-02-10T14:49:43.387+0000] {logging_mixin.py:190} INFO - [2025-02-10T14:49:43.386+0000] {override.py:1930} INFO - Created Permission View: can delete on DAG Run:example_dag_decorator
[2025-02-10T14:49:43.430+0000] {logging_mixin.py:190} INFO - [2025-02-10T14:49:43.430+0000] {override.py:1930} INFO - Created Permission View: can read on DAG Run:example_dag_decorator
[2025-02-10T14:49:43.473+0000] {logging_mixin.py:190} INFO - [2025-02-10T14:49:43.472+0000] {override.py:1930} INFO - Created Permission View: menu access on DAG Run:example_dag_decorator
[2025-02-10T14:49:43.474+0000] {logging_mixin.py:190} INFO - [2025-02-10T14:49:43.473+0000] {dag.py:3239} INFO - Sync 1 DAGs
[2025-02-10T14:49:43.496+0000] {logging_mixin.py:190} INFO - [2025-02-10T14:49:43.496+0000] {dag.py:3262} INFO - Creating ORM DAG for example_dag_decorator
[2025-02-10T14:49:43.498+0000] {logging_mixin.py:190} INFO - [2025-02-10T14:49:43.497+0000] {dag.py:4180} INFO - Setting next_dagrun for example_dag_decorator to None, run_after=None
[2025-02-10T14:49:43.573+0000] {processor.py:208} INFO - Processing /usr/local/lib/python3.9/dist-packages/airflow/example_dags/example_dag_decorator.py took 0.603 seconds
[2025-02-10T14:51:09.910+0000] {processor.py:186} INFO - Started process (PID=162) to work on /usr/local/lib/python3.9/dist-packages/airflow/example_dags/example_dag_decorator.py
[2025-02-10T14:51:09.912+0000] {processor.py:914} INFO - Processing file /usr/local/lib/python3.9/dist-packages/airflow/example_dags/example_dag_decorator.py for tasks to queue
[2025-02-10T14:51:09.914+0000] {logging_mixin.py:190} INFO - [2025-02-10T14:51:09.914+0000] {dagbag.py:588} INFO - Filling up the DagBag from /usr/local/lib/python3.9/dist-packages/airflow/example_dags/example_dag_decorator.py
[2025-02-10T14:51:09.943+0000] {processor.py:925} INFO - DAG(s) 'example_dag_decorator' retrieved from /usr/local/lib/python3.9/dist-packages/airflow/example_dags/example_dag_decorator.py
[2025-02-10T14:51:10.094+0000] {logging_mixin.py:190} INFO - [2025-02-10T14:51:10.094+0000] {dag.py:3239} INFO - Sync 1 DAGs
[2025-02-10T14:51:10.109+0000] {logging_mixin.py:190} INFO - [2025-02-10T14:51:10.109+0000] {dag.py:4180} INFO - Setting next_dagrun for example_dag_decorator to None, run_after=None
[2025-02-10T14:51:10.184+0000] {processor.py:208} INFO - Processing /usr/local/lib/python3.9/dist-packages/airflow/example_dags/example_dag_decorator.py took 0.280 seconds
[2025-02-10T14:52:30.881+0000] {processor.py:186} INFO - Started process (PID=227) to work on /usr/local/lib/python3.9/dist-packages/airflow/example_dags/example_dag_decorator.py
[2025-02-10T14:52:30.882+0000] {processor.py:914} INFO - Processing file /usr/local/lib/python3.9/dist-packages/airflow/example_dags/example_dag_decorator.py for tasks to queue
[2025-02-10T14:52:30.885+0000] {logging_mixin.py:190} INFO - [2025-02-10T14:52:30.885+0000] {dagbag.py:588} INFO - Filling up the DagBag from /usr/local/lib/python3.9/dist-packages/airflow/example_dags/example_dag_decorator.py
[2025-02-10T14:52:30.914+0000] {processor.py:925} INFO - DAG(s) 'example_dag_decorator' retrieved from /usr/local/lib/python3.9/dist-packages/airflow/example_dags/example_dag_decorator.py
[2025-02-10T14:52:31.073+0000] {logging_mixin.py:190} INFO - [2025-02-10T14:52:31.072+0000] {dag.py:3239} INFO - Sync 1 DAGs
[2025-02-10T14:52:31.089+0000] {logging_mixin.py:190} INFO - [2025-02-10T14:52:31.089+0000] {dag.py:4180} INFO - Setting next_dagrun for example_dag_decorator to None, run_after=None
[2025-02-10T14:52:31.164+0000] {processor.py:208} INFO - Processing /usr/local/lib/python3.9/dist-packages/airflow/example_dags/example_dag_decorator.py took 0.289 seconds
[2025-02-10T14:53:48.724+0000] {processor.py:186} INFO - Started process (PID=292) to work on /usr/local/lib/python3.9/dist-packages/airflow/example_dags/example_dag_decorator.py
[2025-02-10T14:53:48.728+0000] {processor.py:914} INFO - Processing file /usr/local/lib/python3.9/dist-packages/airflow/example_dags/example_dag_decorator.py for tasks to queue
[2025-02-10T14:53:48.731+0000] {logging_mixin.py:190} INFO - [2025-02-10T14:53:48.731+0000] {dagbag.py:588} INFO - Filling up the DagBag from /usr/local/lib/python3.9/dist-packages/airflow/example_dags/example_dag_decorator.py
[2025-02-10T14:53:48.764+0000] {processor.py:925} INFO - DAG(s) 'example_dag_decorator' retrieved from /usr/local/lib/python3.9/dist-packages/airflow/example_dags/example_dag_decorator.py
[2025-02-10T14:53:48.939+0000] {logging_mixin.py:190} INFO - [2025-02-10T14:53:48.938+0000] {dag.py:3239} INFO - Sync 1 DAGs
[2025-02-10T14:53:48.958+0000] {logging_mixin.py:190} INFO - [2025-02-10T14:53:48.957+0000] {dag.py:4180} INFO - Setting next_dagrun for example_dag_decorator to None, run_after=None
[2025-02-10T14:53:49.042+0000] {processor.py:208} INFO - Processing /usr/local/lib/python3.9/dist-packages/airflow/example_dags/example_dag_decorator.py took 0.324 seconds
[2025-02-10T14:55:07.256+0000] {processor.py:186} INFO - Started process (PID=358) to work on /usr/local/lib/python3.9/dist-packages/airflow/example_dags/example_dag_decorator.py
[2025-02-10T14:55:07.258+0000] {processor.py:914} INFO - Processing file /usr/local/lib/python3.9/dist-packages/airflow/example_dags/example_dag_decorator.py for tasks to queue
[2025-02-10T14:55:07.261+0000] {logging_mixin.py:190} INFO - [2025-02-10T14:55:07.260+0000] {dagbag.py:588} INFO - Filling up the DagBag from /usr/local/lib/python3.9/dist-packages/airflow/example_dags/example_dag_decorator.py
[2025-02-10T14:55:07.290+0000] {processor.py:925} INFO - DAG(s) 'example_dag_decorator' retrieved from /usr/local/lib/python3.9/dist-packages/airflow/example_dags/example_dag_decorator.py
[2025-02-10T14:55:07.451+0000] {logging_mixin.py:190} INFO - [2025-02-10T14:55:07.451+0000] {dag.py:3239} INFO - Sync 1 DAGs
[2025-02-10T14:55:07.467+0000] {logging_mixin.py:190} INFO - [2025-02-10T14:55:07.467+0000] {dag.py:4180} INFO - Setting next_dagrun for example_dag_decorator to None, run_after=None
[2025-02-10T14:55:07.546+0000] {processor.py:208} INFO - Processing /usr/local/lib/python3.9/dist-packages/airflow/example_dags/example_dag_decorator.py took 0.295 seconds
[2025-02-10T14:56:28.234+0000] {processor.py:186} INFO - Started process (PID=424) to work on /usr/local/lib/python3.9/dist-packages/airflow/example_dags/example_dag_decorator.py
[2025-02-10T14:56:28.235+0000] {processor.py:914} INFO - Processing file /usr/local/lib/python3.9/dist-packages/airflow/example_dags/example_dag_decorator.py for tasks to queue
[2025-02-10T14:56:28.238+0000] {logging_mixin.py:190} INFO - [2025-02-10T14:56:28.238+0000] {dagbag.py:588} INFO - Filling up the DagBag from /usr/local/lib/python3.9/dist-packages/airflow/example_dags/example_dag_decorator.py
[2025-02-10T14:56:28.268+0000] {processor.py:925} INFO - DAG(s) 'example_dag_decorator' retrieved from /usr/local/lib/python3.9/dist-packages/airflow/example_dags/example_dag_decorator.py
[2025-02-10T14:56:28.428+0000] {logging_mixin.py:190} INFO - [2025-02-10T14:56:28.428+0000] {dag.py:3239} INFO - Sync 1 DAGs
[2025-02-10T14:56:28.448+0000] {logging_mixin.py:190} INFO - [2025-02-10T14:56:28.448+0000] {dag.py:4180} INFO - Setting next_dagrun for example_dag_decorator to None, run_after=None
[2025-02-10T14:56:28.530+0000] {processor.py:208} INFO - Processing /usr/local/lib/python3.9/dist-packages/airflow/example_dags/example_dag_decorator.py took 0.302 seconds
[2025-02-10T14:57:48.862+0000] {processor.py:186} INFO - Started process (PID=491) to work on /usr/local/lib/python3.9/dist-packages/airflow/example_dags/example_dag_decorator.py
[2025-02-10T14:57:48.864+0000] {processor.py:914} INFO - Processing file /usr/local/lib/python3.9/dist-packages/airflow/example_dags/example_dag_decorator.py for tasks to queue
[2025-02-10T14:57:48.866+0000] {logging_mixin.py:190} INFO - [2025-02-10T14:57:48.866+0000] {dagbag.py:588} INFO - Filling up the DagBag from /usr/local/lib/python3.9/dist-packages/airflow/example_dags/example_dag_decorator.py
[2025-02-10T14:57:48.895+0000] {processor.py:925} INFO - DAG(s) 'example_dag_decorator' retrieved from /usr/local/lib/python3.9/dist-packages/airflow/example_dags/example_dag_decorator.py
[2025-02-10T14:57:49.052+0000] {logging_mixin.py:190} INFO - [2025-02-10T14:57:49.051+0000] {dag.py:3239} INFO - Sync 1 DAGs
[2025-02-10T14:57:49.069+0000] {logging_mixin.py:190} INFO - [2025-02-10T14:57:49.069+0000] {dag.py:4180} INFO - Setting next_dagrun for example_dag_decorator to None, run_after=None
[2025-02-10T14:57:49.144+0000] {processor.py:208} INFO - Processing /usr/local/lib/python3.9/dist-packages/airflow/example_dags/example_dag_decorator.py took 0.288 seconds
[2025-02-10T14:59:03.141+0000] {processor.py:186} INFO - Started process (PID=557) to work on /usr/local/lib/python3.9/dist-packages/airflow/example_dags/example_dag_decorator.py
[2025-02-10T14:59:03.143+0000] {processor.py:914} INFO - Processing file /usr/local/lib/python3.9/dist-packages/airflow/example_dags/example_dag_decorator.py for tasks to queue
[2025-02-10T14:59:03.146+0000] {logging_mixin.py:190} INFO - [2025-02-10T14:59:03.145+0000] {dagbag.py:588} INFO - Filling up the DagBag from /usr/local/lib/python3.9/dist-packages/airflow/example_dags/example_dag_decorator.py
[2025-02-10T14:59:03.176+0000] {processor.py:925} INFO - DAG(s) 'example_dag_decorator' retrieved from /usr/local/lib/python3.9/dist-packages/airflow/example_dags/example_dag_decorator.py
[2025-02-10T14:59:03.344+0000] {logging_mixin.py:190} INFO - [2025-02-10T14:59:03.344+0000] {dag.py:3239} INFO - Sync 1 DAGs
[2025-02-10T14:59:03.361+0000] {logging_mixin.py:190} INFO - [2025-02-10T14:59:03.361+0000] {dag.py:4180} INFO - Setting next_dagrun for example_dag_decorator to None, run_after=None
[2025-02-10T14:59:03.437+0000] {processor.py:208} INFO - Processing /usr/local/lib/python3.9/dist-packages/airflow/example_dags/example_dag_decorator.py took 0.301 seconds
[2025-02-10T15:00:15.722+0000] {processor.py:186} INFO - Started process (PID=619) to work on /usr/local/lib/python3.9/dist-packages/airflow/example_dags/example_dag_decorator.py
[2025-02-10T15:00:15.724+0000] {processor.py:914} INFO - Processing file /usr/local/lib/python3.9/dist-packages/airflow/example_dags/example_dag_decorator.py for tasks to queue
[2025-02-10T15:00:15.727+0000] {logging_mixin.py:190} INFO - [2025-02-10T15:00:15.727+0000] {dagbag.py:588} INFO - Filling up the DagBag from /usr/local/lib/python3.9/dist-packages/airflow/example_dags/example_dag_decorator.py
[2025-02-10T15:00:15.757+0000] {processor.py:925} INFO - DAG(s) 'example_dag_decorator' retrieved from /usr/local/lib/python3.9/dist-packages/airflow/example_dags/example_dag_decorator.py
[2025-02-10T15:00:15.914+0000] {logging_mixin.py:190} INFO - [2025-02-10T15:00:15.914+0000] {dag.py:3239} INFO - Sync 1 DAGs
[2025-02-10T15:00:15.930+0000] {logging_mixin.py:190} INFO - [2025-02-10T15:00:15.930+0000] {dag.py:4180} INFO - Setting next_dagrun for example_dag_decorator to None, run_after=None
[2025-02-10T15:00:16.007+0000] {processor.py:208} INFO - Processing /usr/local/lib/python3.9/dist-packages/airflow/example_dags/example_dag_decorator.py took 0.290 seconds
[2025-02-10T15:01:33.579+0000] {processor.py:186} INFO - Started process (PID=682) to work on /usr/local/lib/python3.9/dist-packages/airflow/example_dags/example_dag_decorator.py
[2025-02-10T15:01:33.583+0000] {processor.py:914} INFO - Processing file /usr/local/lib/python3.9/dist-packages/airflow/example_dags/example_dag_decorator.py for tasks to queue
[2025-02-10T15:01:33.586+0000] {logging_mixin.py:190} INFO - [2025-02-10T15:01:33.585+0000] {dagbag.py:588} INFO - Filling up the DagBag from /usr/local/lib/python3.9/dist-packages/airflow/example_dags/example_dag_decorator.py
[2025-02-10T15:01:33.618+0000] {processor.py:925} INFO - DAG(s) 'example_dag_decorator' retrieved from /usr/local/lib/python3.9/dist-packages/airflow/example_dags/example_dag_decorator.py
[2025-02-10T15:01:33.797+0000] {logging_mixin.py:190} INFO - [2025-02-10T15:01:33.797+0000] {dag.py:3239} INFO - Sync 1 DAGs
[2025-02-10T15:01:33.813+0000] {logging_mixin.py:190} INFO - [2025-02-10T15:01:33.812+0000] {dag.py:4180} INFO - Setting next_dagrun for example_dag_decorator to None, run_after=None
[2025-02-10T15:01:33.899+0000] {processor.py:208} INFO - Processing /usr/local/lib/python3.9/dist-packages/airflow/example_dags/example_dag_decorator.py took 0.325 seconds
[2025-02-10T15:02:53.311+0000] {processor.py:186} INFO - Started process (PID=752) to work on /usr/local/lib/python3.9/dist-packages/airflow/example_dags/example_dag_decorator.py
[2025-02-10T15:02:53.313+0000] {processor.py:914} INFO - Processing file /usr/local/lib/python3.9/dist-packages/airflow/example_dags/example_dag_decorator.py for tasks to queue
[2025-02-10T15:02:53.317+0000] {logging_mixin.py:190} INFO - [2025-02-10T15:02:53.316+0000] {dagbag.py:588} INFO - Filling up the DagBag from /usr/local/lib/python3.9/dist-packages/airflow/example_dags/example_dag_decorator.py
[2025-02-10T15:02:53.348+0000] {processor.py:925} INFO - DAG(s) 'example_dag_decorator' retrieved from /usr/local/lib/python3.9/dist-packages/airflow/example_dags/example_dag_decorator.py
[2025-02-10T15:02:53.518+0000] {logging_mixin.py:190} INFO - [2025-02-10T15:02:53.517+0000] {dag.py:3239} INFO - Sync 1 DAGs
[2025-02-10T15:02:53.534+0000] {logging_mixin.py:190} INFO - [2025-02-10T15:02:53.534+0000] {dag.py:4180} INFO - Setting next_dagrun for example_dag_decorator to None, run_after=None
[2025-02-10T15:02:53.616+0000] {processor.py:208} INFO - Processing /usr/local/lib/python3.9/dist-packages/airflow/example_dags/example_dag_decorator.py took 0.311 seconds
[2025-02-10T15:04:10.949+0000] {processor.py:186} INFO - Started process (PID=817) to work on /usr/local/lib/python3.9/dist-packages/airflow/example_dags/example_dag_decorator.py
[2025-02-10T15:04:10.951+0000] {processor.py:914} INFO - Processing file /usr/local/lib/python3.9/dist-packages/airflow/example_dags/example_dag_decorator.py for tasks to queue
[2025-02-10T15:04:10.954+0000] {logging_mixin.py:190} INFO - [2025-02-10T15:04:10.953+0000] {dagbag.py:588} INFO - Filling up the DagBag from /usr/local/lib/python3.9/dist-packages/airflow/example_dags/example_dag_decorator.py
[2025-02-10T15:04:10.984+0000] {processor.py:925} INFO - DAG(s) 'example_dag_decorator' retrieved from /usr/local/lib/python3.9/dist-packages/airflow/example_dags/example_dag_decorator.py
[2025-02-10T15:04:11.158+0000] {logging_mixin.py:190} INFO - [2025-02-10T15:04:11.157+0000] {dag.py:3239} INFO - Sync 1 DAGs
[2025-02-10T15:04:11.175+0000] {logging_mixin.py:190} INFO - [2025-02-10T15:04:11.175+0000] {dag.py:4180} INFO - Setting next_dagrun for example_dag_decorator to None, run_after=None
[2025-02-10T15:04:11.258+0000] {processor.py:208} INFO - Processing /usr/local/lib/python3.9/dist-packages/airflow/example_dags/example_dag_decorator.py took 0.314 seconds
[2025-02-10T15:05:30.589+0000] {processor.py:186} INFO - Started process (PID=882) to work on /usr/local/lib/python3.9/dist-packages/airflow/example_dags/example_dag_decorator.py
[2025-02-10T15:05:30.590+0000] {processor.py:914} INFO - Processing file /usr/local/lib/python3.9/dist-packages/airflow/example_dags/example_dag_decorator.py for tasks to queue
[2025-02-10T15:05:30.593+0000] {logging_mixin.py:190} INFO - [2025-02-10T15:05:30.592+0000] {dagbag.py:588} INFO - Filling up the DagBag from /usr/local/lib/python3.9/dist-packages/airflow/example_dags/example_dag_decorator.py
[2025-02-10T15:05:30.623+0000] {processor.py:925} INFO - DAG(s) 'example_dag_decorator' retrieved from /usr/local/lib/python3.9/dist-packages/airflow/example_dags/example_dag_decorator.py
[2025-02-10T15:05:30.785+0000] {logging_mixin.py:190} INFO - [2025-02-10T15:05:30.785+0000] {dag.py:3239} INFO - Sync 1 DAGs
[2025-02-10T15:05:30.801+0000] {logging_mixin.py:190} INFO - [2025-02-10T15:05:30.800+0000] {dag.py:4180} INFO - Setting next_dagrun for example_dag_decorator to None, run_after=None
[2025-02-10T15:05:30.880+0000] {processor.py:208} INFO - Processing /usr/local/lib/python3.9/dist-packages/airflow/example_dags/example_dag_decorator.py took 0.297 seconds
[2025-02-10T15:06:50.373+0000] {processor.py:186} INFO - Started process (PID=948) to work on /usr/local/lib/python3.9/dist-packages/airflow/example_dags/example_dag_decorator.py
[2025-02-10T15:06:50.375+0000] {processor.py:914} INFO - Processing file /usr/local/lib/python3.9/dist-packages/airflow/example_dags/example_dag_decorator.py for tasks to queue
[2025-02-10T15:06:50.379+0000] {logging_mixin.py:190} INFO - [2025-02-10T15:06:50.378+0000] {dagbag.py:588} INFO - Filling up the DagBag from /usr/local/lib/python3.9/dist-packages/airflow/example_dags/example_dag_decorator.py
[2025-02-10T15:06:50.415+0000] {processor.py:925} INFO - DAG(s) 'example_dag_decorator' retrieved from /usr/local/lib/python3.9/dist-packages/airflow/example_dags/example_dag_decorator.py
[2025-02-10T15:06:50.587+0000] {logging_mixin.py:190} INFO - [2025-02-10T15:06:50.586+0000] {dag.py:3239} INFO - Sync 1 DAGs
[2025-02-10T15:06:50.603+0000] {logging_mixin.py:190} INFO - [2025-02-10T15:06:50.603+0000] {dag.py:4180} INFO - Setting next_dagrun for example_dag_decorator to None, run_after=None
[2025-02-10T15:06:50.683+0000] {processor.py:208} INFO - Processing /usr/local/lib/python3.9/dist-packages/airflow/example_dags/example_dag_decorator.py took 0.316 seconds
[2025-02-10T15:08:07.967+0000] {processor.py:186} INFO - Started process (PID=1014) to work on /usr/local/lib/python3.9/dist-packages/airflow/example_dags/example_dag_decorator.py
[2025-02-10T15:08:07.970+0000] {processor.py:914} INFO - Processing file /usr/local/lib/python3.9/dist-packages/airflow/example_dags/example_dag_decorator.py for tasks to queue
[2025-02-10T15:08:07.973+0000] {logging_mixin.py:190} INFO - [2025-02-10T15:08:07.972+0000] {dagbag.py:588} INFO - Filling up the DagBag from /usr/local/lib/python3.9/dist-packages/airflow/example_dags/example_dag_decorator.py
[2025-02-10T15:08:08.002+0000] {processor.py:925} INFO - DAG(s) 'example_dag_decorator' retrieved from /usr/local/lib/python3.9/dist-packages/airflow/example_dags/example_dag_decorator.py
[2025-02-10T15:08:08.164+0000] {logging_mixin.py:190} INFO - [2025-02-10T15:08:08.164+0000] {dag.py:3239} INFO - Sync 1 DAGs
[2025-02-10T15:08:08.181+0000] {logging_mixin.py:190} INFO - [2025-02-10T15:08:08.181+0000] {dag.py:4180} INFO - Setting next_dagrun for example_dag_decorator to None, run_after=None
[2025-02-10T15:08:08.256+0000] {processor.py:208} INFO - Processing /usr/local/lib/python3.9/dist-packages/airflow/example_dags/example_dag_decorator.py took 0.295 seconds
[2025-02-10T15:09:27.189+0000] {processor.py:186} INFO - Started process (PID=1078) to work on /usr/local/lib/python3.9/dist-packages/airflow/example_dags/example_dag_decorator.py
[2025-02-10T15:09:27.191+0000] {processor.py:914} INFO - Processing file /usr/local/lib/python3.9/dist-packages/airflow/example_dags/example_dag_decorator.py for tasks to queue
[2025-02-10T15:09:27.194+0000] {logging_mixin.py:190} INFO - [2025-02-10T15:09:27.194+0000] {dagbag.py:588} INFO - Filling up the DagBag from /usr/local/lib/python3.9/dist-packages/airflow/example_dags/example_dag_decorator.py
[2025-02-10T15:09:27.224+0000] {processor.py:925} INFO - DAG(s) 'example_dag_decorator' retrieved from /usr/local/lib/python3.9/dist-packages/airflow/example_dags/example_dag_decorator.py
[2025-02-10T15:09:27.407+0000] {logging_mixin.py:190} INFO - [2025-02-10T15:09:27.406+0000] {dag.py:3239} INFO - Sync 1 DAGs
[2025-02-10T15:09:27.439+0000] {logging_mixin.py:190} INFO - [2025-02-10T15:09:27.439+0000] {dag.py:4180} INFO - Setting next_dagrun for example_dag_decorator to None, run_after=None
[2025-02-10T15:09:27.521+0000] {processor.py:208} INFO - Processing /usr/local/lib/python3.9/dist-packages/airflow/example_dags/example_dag_decorator.py took 0.337 seconds
[2025-02-10T15:10:45.603+0000] {processor.py:186} INFO - Started process (PID=1144) to work on /usr/local/lib/python3.9/dist-packages/airflow/example_dags/example_dag_decorator.py
[2025-02-10T15:10:45.605+0000] {processor.py:914} INFO - Processing file /usr/local/lib/python3.9/dist-packages/airflow/example_dags/example_dag_decorator.py for tasks to queue
[2025-02-10T15:10:45.608+0000] {logging_mixin.py:190} INFO - [2025-02-10T15:10:45.608+0000] {dagbag.py:588} INFO - Filling up the DagBag from /usr/local/lib/python3.9/dist-packages/airflow/example_dags/example_dag_decorator.py
[2025-02-10T15:10:45.640+0000] {processor.py:925} INFO - DAG(s) 'example_dag_decorator' retrieved from /usr/local/lib/python3.9/dist-packages/airflow/example_dags/example_dag_decorator.py
[2025-02-10T15:10:45.808+0000] {logging_mixin.py:190} INFO - [2025-02-10T15:10:45.808+0000] {dag.py:3239} INFO - Sync 1 DAGs
[2025-02-10T15:10:45.825+0000] {logging_mixin.py:190} INFO - [2025-02-10T15:10:45.824+0000] {dag.py:4180} INFO - Setting next_dagrun for example_dag_decorator to None, run_after=None
[2025-02-10T15:10:45.902+0000] {processor.py:208} INFO - Processing /usr/local/lib/python3.9/dist-packages/airflow/example_dags/example_dag_decorator.py took 0.304 seconds
[2025-02-10T15:12:06.036+0000] {processor.py:186} INFO - Started process (PID=1211) to work on /usr/local/lib/python3.9/dist-packages/airflow/example_dags/example_dag_decorator.py
[2025-02-10T15:12:06.038+0000] {processor.py:914} INFO - Processing file /usr/local/lib/python3.9/dist-packages/airflow/example_dags/example_dag_decorator.py for tasks to queue
[2025-02-10T15:12:06.041+0000] {logging_mixin.py:190} INFO - [2025-02-10T15:12:06.041+0000] {dagbag.py:588} INFO - Filling up the DagBag from /usr/local/lib/python3.9/dist-packages/airflow/example_dags/example_dag_decorator.py
[2025-02-10T15:12:06.075+0000] {processor.py:925} INFO - DAG(s) 'example_dag_decorator' retrieved from /usr/local/lib/python3.9/dist-packages/airflow/example_dags/example_dag_decorator.py
[2025-02-10T15:12:06.251+0000] {logging_mixin.py:190} INFO - [2025-02-10T15:12:06.251+0000] {dag.py:3239} INFO - Sync 1 DAGs
[2025-02-10T15:12:06.268+0000] {logging_mixin.py:190} INFO - [2025-02-10T15:12:06.267+0000] {dag.py:4180} INFO - Setting next_dagrun for example_dag_decorator to None, run_after=None
[2025-02-10T15:12:06.347+0000] {processor.py:208} INFO - Processing /usr/local/lib/python3.9/dist-packages/airflow/example_dags/example_dag_decorator.py took 0.317 seconds
[2025-02-10T15:13:23.309+0000] {processor.py:186} INFO - Started process (PID=1276) to work on /usr/local/lib/python3.9/dist-packages/airflow/example_dags/example_dag_decorator.py
[2025-02-10T15:13:23.311+0000] {processor.py:914} INFO - Processing file /usr/local/lib/python3.9/dist-packages/airflow/example_dags/example_dag_decorator.py for tasks to queue
[2025-02-10T15:13:23.315+0000] {logging_mixin.py:190} INFO - [2025-02-10T15:13:23.314+0000] {dagbag.py:588} INFO - Filling up the DagBag from /usr/local/lib/python3.9/dist-packages/airflow/example_dags/example_dag_decorator.py
[2025-02-10T15:13:23.352+0000] {processor.py:925} INFO - DAG(s) 'example_dag_decorator' retrieved from /usr/local/lib/python3.9/dist-packages/airflow/example_dags/example_dag_decorator.py
[2025-02-10T15:13:23.535+0000] {logging_mixin.py:190} INFO - [2025-02-10T15:13:23.534+0000] {dag.py:3239} INFO - Sync 1 DAGs
[2025-02-10T15:13:23.551+0000] {logging_mixin.py:190} INFO - [2025-02-10T15:13:23.550+0000] {dag.py:4180} INFO - Setting next_dagrun for example_dag_decorator to None, run_after=None
[2025-02-10T15:13:23.638+0000] {processor.py:208} INFO - Processing /usr/local/lib/python3.9/dist-packages/airflow/example_dags/example_dag_decorator.py took 0.334 seconds
[2025-02-10T15:14:40.244+0000] {processor.py:186} INFO - Started process (PID=1340) to work on /usr/local/lib/python3.9/dist-packages/airflow/example_dags/example_dag_decorator.py
[2025-02-10T15:14:40.247+0000] {processor.py:914} INFO - Processing file /usr/local/lib/python3.9/dist-packages/airflow/example_dags/example_dag_decorator.py for tasks to queue
[2025-02-10T15:14:40.251+0000] {logging_mixin.py:190} INFO - [2025-02-10T15:14:40.250+0000] {dagbag.py:588} INFO - Filling up the DagBag from /usr/local/lib/python3.9/dist-packages/airflow/example_dags/example_dag_decorator.py
[2025-02-10T15:14:40.282+0000] {processor.py:925} INFO - DAG(s) 'example_dag_decorator' retrieved from /usr/local/lib/python3.9/dist-packages/airflow/example_dags/example_dag_decorator.py
[2025-02-10T15:14:40.467+0000] {logging_mixin.py:190} INFO - [2025-02-10T15:14:40.466+0000] {dag.py:3239} INFO - Sync 1 DAGs
[2025-02-10T15:14:40.489+0000] {logging_mixin.py:190} INFO - [2025-02-10T15:14:40.488+0000] {dag.py:4180} INFO - Setting next_dagrun for example_dag_decorator to None, run_after=None
[2025-02-10T15:14:40.568+0000] {processor.py:208} INFO - Processing /usr/local/lib/python3.9/dist-packages/airflow/example_dags/example_dag_decorator.py took 0.330 seconds
[2025-02-10T15:26:00.673+0000] {processor.py:186} INFO - Started process (PID=80) to work on /usr/local/lib/python3.9/dist-packages/airflow/example_dags/example_dag_decorator.py
[2025-02-10T15:26:00.675+0000] {processor.py:914} INFO - Processing file /usr/local/lib/python3.9/dist-packages/airflow/example_dags/example_dag_decorator.py for tasks to queue
[2025-02-10T15:26:00.678+0000] {logging_mixin.py:190} INFO - [2025-02-10T15:26:00.677+0000] {dagbag.py:588} INFO - Filling up the DagBag from /usr/local/lib/python3.9/dist-packages/airflow/example_dags/example_dag_decorator.py
[2025-02-10T15:26:00.708+0000] {processor.py:925} INFO - DAG(s) 'example_dag_decorator' retrieved from /usr/local/lib/python3.9/dist-packages/airflow/example_dags/example_dag_decorator.py
[2025-02-10T15:26:00.885+0000] {logging_mixin.py:190} INFO - [2025-02-10T15:26:00.884+0000] {dag.py:3239} INFO - Sync 1 DAGs
[2025-02-10T15:26:00.900+0000] {logging_mixin.py:190} INFO - [2025-02-10T15:26:00.900+0000] {dag.py:4180} INFO - Setting next_dagrun for example_dag_decorator to None, run_after=None
[2025-02-10T15:26:00.980+0000] {processor.py:208} INFO - Processing /usr/local/lib/python3.9/dist-packages/airflow/example_dags/example_dag_decorator.py took 0.312 seconds
[2025-02-10T15:27:17.606+0000] {processor.py:186} INFO - Started process (PID=145) to work on /usr/local/lib/python3.9/dist-packages/airflow/example_dags/example_dag_decorator.py
[2025-02-10T15:27:17.608+0000] {processor.py:914} INFO - Processing file /usr/local/lib/python3.9/dist-packages/airflow/example_dags/example_dag_decorator.py for tasks to queue
[2025-02-10T15:27:17.611+0000] {logging_mixin.py:190} INFO - [2025-02-10T15:27:17.611+0000] {dagbag.py:588} INFO - Filling up the DagBag from /usr/local/lib/python3.9/dist-packages/airflow/example_dags/example_dag_decorator.py
[2025-02-10T15:27:17.642+0000] {processor.py:925} INFO - DAG(s) 'example_dag_decorator' retrieved from /usr/local/lib/python3.9/dist-packages/airflow/example_dags/example_dag_decorator.py
[2025-02-10T15:27:17.814+0000] {logging_mixin.py:190} INFO - [2025-02-10T15:27:17.814+0000] {dag.py:3239} INFO - Sync 1 DAGs
[2025-02-10T15:27:17.832+0000] {logging_mixin.py:190} INFO - [2025-02-10T15:27:17.832+0000] {dag.py:4180} INFO - Setting next_dagrun for example_dag_decorator to None, run_after=None
[2025-02-10T15:27:17.910+0000] {processor.py:208} INFO - Processing /usr/local/lib/python3.9/dist-packages/airflow/example_dags/example_dag_decorator.py took 0.309 seconds
[2025-02-10T15:28:37.578+0000] {processor.py:186} INFO - Started process (PID=210) to work on /usr/local/lib/python3.9/dist-packages/airflow/example_dags/example_dag_decorator.py
[2025-02-10T15:28:37.579+0000] {processor.py:914} INFO - Processing file /usr/local/lib/python3.9/dist-packages/airflow/example_dags/example_dag_decorator.py for tasks to queue
[2025-02-10T15:28:37.583+0000] {logging_mixin.py:190} INFO - [2025-02-10T15:28:37.582+0000] {dagbag.py:588} INFO - Filling up the DagBag from /usr/local/lib/python3.9/dist-packages/airflow/example_dags/example_dag_decorator.py
[2025-02-10T15:28:37.615+0000] {processor.py:925} INFO - DAG(s) 'example_dag_decorator' retrieved from /usr/local/lib/python3.9/dist-packages/airflow/example_dags/example_dag_decorator.py
[2025-02-10T15:28:37.777+0000] {logging_mixin.py:190} INFO - [2025-02-10T15:28:37.777+0000] {dag.py:3239} INFO - Sync 1 DAGs
[2025-02-10T15:28:37.794+0000] {logging_mixin.py:190} INFO - [2025-02-10T15:28:37.794+0000] {dag.py:4180} INFO - Setting next_dagrun for example_dag_decorator to None, run_after=None
[2025-02-10T15:28:37.874+0000] {processor.py:208} INFO - Processing /usr/local/lib/python3.9/dist-packages/airflow/example_dags/example_dag_decorator.py took 0.302 seconds
[2025-02-10T15:29:57.297+0000] {processor.py:186} INFO - Started process (PID=276) to work on /usr/local/lib/python3.9/dist-packages/airflow/example_dags/example_dag_decorator.py
[2025-02-10T15:29:57.299+0000] {processor.py:914} INFO - Processing file /usr/local/lib/python3.9/dist-packages/airflow/example_dags/example_dag_decorator.py for tasks to queue
[2025-02-10T15:29:57.302+0000] {logging_mixin.py:190} INFO - [2025-02-10T15:29:57.302+0000] {dagbag.py:588} INFO - Filling up the DagBag from /usr/local/lib/python3.9/dist-packages/airflow/example_dags/example_dag_decorator.py
[2025-02-10T15:29:57.331+0000] {processor.py:925} INFO - DAG(s) 'example_dag_decorator' retrieved from /usr/local/lib/python3.9/dist-packages/airflow/example_dags/example_dag_decorator.py
[2025-02-10T15:29:57.603+0000] {logging_mixin.py:190} INFO - [2025-02-10T15:29:57.603+0000] {dag.py:3239} INFO - Sync 1 DAGs
[2025-02-10T15:29:57.629+0000] {logging_mixin.py:190} INFO - [2025-02-10T15:29:57.629+0000] {dag.py:4180} INFO - Setting next_dagrun for example_dag_decorator to None, run_after=None
[2025-02-10T15:29:57.701+0000] {processor.py:208} INFO - Processing /usr/local/lib/python3.9/dist-packages/airflow/example_dags/example_dag_decorator.py took 0.409 seconds
[2025-02-10T15:31:11.629+0000] {processor.py:186} INFO - Started process (PID=339) to work on /usr/local/lib/python3.9/dist-packages/airflow/example_dags/example_dag_decorator.py
[2025-02-10T15:31:11.631+0000] {processor.py:914} INFO - Processing file /usr/local/lib/python3.9/dist-packages/airflow/example_dags/example_dag_decorator.py for tasks to queue
[2025-02-10T15:31:11.633+0000] {logging_mixin.py:190} INFO - [2025-02-10T15:31:11.633+0000] {dagbag.py:588} INFO - Filling up the DagBag from /usr/local/lib/python3.9/dist-packages/airflow/example_dags/example_dag_decorator.py
[2025-02-10T15:31:11.664+0000] {processor.py:925} INFO - DAG(s) 'example_dag_decorator' retrieved from /usr/local/lib/python3.9/dist-packages/airflow/example_dags/example_dag_decorator.py
[2025-02-10T15:31:11.814+0000] {logging_mixin.py:190} INFO - [2025-02-10T15:31:11.814+0000] {dag.py:3239} INFO - Sync 1 DAGs
[2025-02-10T15:31:11.831+0000] {logging_mixin.py:190} INFO - [2025-02-10T15:31:11.831+0000] {dag.py:4180} INFO - Setting next_dagrun for example_dag_decorator to None, run_after=None
[2025-02-10T15:31:11.905+0000] {processor.py:208} INFO - Processing /usr/local/lib/python3.9/dist-packages/airflow/example_dags/example_dag_decorator.py took 0.280 seconds
[2025-02-10T15:32:29.045+0000] {processor.py:186} INFO - Started process (PID=403) to work on /usr/local/lib/python3.9/dist-packages/airflow/example_dags/example_dag_decorator.py
[2025-02-10T15:32:29.046+0000] {processor.py:914} INFO - Processing file /usr/local/lib/python3.9/dist-packages/airflow/example_dags/example_dag_decorator.py for tasks to queue
[2025-02-10T15:32:29.049+0000] {logging_mixin.py:190} INFO - [2025-02-10T15:32:29.048+0000] {dagbag.py:588} INFO - Filling up the DagBag from /usr/local/lib/python3.9/dist-packages/airflow/example_dags/example_dag_decorator.py
[2025-02-10T15:32:29.079+0000] {processor.py:925} INFO - DAG(s) 'example_dag_decorator' retrieved from /usr/local/lib/python3.9/dist-packages/airflow/example_dags/example_dag_decorator.py
[2025-02-10T15:32:29.239+0000] {logging_mixin.py:190} INFO - [2025-02-10T15:32:29.239+0000] {dag.py:3239} INFO - Sync 1 DAGs
[2025-02-10T15:32:29.258+0000] {logging_mixin.py:190} INFO - [2025-02-10T15:32:29.257+0000] {dag.py:4180} INFO - Setting next_dagrun for example_dag_decorator to None, run_after=None
[2025-02-10T15:32:29.341+0000] {processor.py:208} INFO - Processing /usr/local/lib/python3.9/dist-packages/airflow/example_dags/example_dag_decorator.py took 0.302 seconds
[2025-02-10T15:33:50.783+0000] {processor.py:186} INFO - Started process (PID=469) to work on /usr/local/lib/python3.9/dist-packages/airflow/example_dags/example_dag_decorator.py
[2025-02-10T15:33:50.785+0000] {processor.py:914} INFO - Processing file /usr/local/lib/python3.9/dist-packages/airflow/example_dags/example_dag_decorator.py for tasks to queue
[2025-02-10T15:33:50.788+0000] {logging_mixin.py:190} INFO - [2025-02-10T15:33:50.788+0000] {dagbag.py:588} INFO - Filling up the DagBag from /usr/local/lib/python3.9/dist-packages/airflow/example_dags/example_dag_decorator.py
[2025-02-10T15:33:50.818+0000] {processor.py:925} INFO - DAG(s) 'example_dag_decorator' retrieved from /usr/local/lib/python3.9/dist-packages/airflow/example_dags/example_dag_decorator.py
[2025-02-10T15:33:50.988+0000] {logging_mixin.py:190} INFO - [2025-02-10T15:33:50.988+0000] {dag.py:3239} INFO - Sync 1 DAGs
[2025-02-10T15:33:51.006+0000] {logging_mixin.py:190} INFO - [2025-02-10T15:33:51.006+0000] {dag.py:4180} INFO - Setting next_dagrun for example_dag_decorator to None, run_after=None
[2025-02-10T15:33:51.091+0000] {processor.py:208} INFO - Processing /usr/local/lib/python3.9/dist-packages/airflow/example_dags/example_dag_decorator.py took 0.313 seconds
[2025-02-10T15:35:13.544+0000] {processor.py:186} INFO - Started process (PID=537) to work on /usr/local/lib/python3.9/dist-packages/airflow/example_dags/example_dag_decorator.py
[2025-02-10T15:35:13.546+0000] {processor.py:914} INFO - Processing file /usr/local/lib/python3.9/dist-packages/airflow/example_dags/example_dag_decorator.py for tasks to queue
[2025-02-10T15:35:13.550+0000] {logging_mixin.py:190} INFO - [2025-02-10T15:35:13.549+0000] {dagbag.py:588} INFO - Filling up the DagBag from /usr/local/lib/python3.9/dist-packages/airflow/example_dags/example_dag_decorator.py
[2025-02-10T15:35:13.579+0000] {processor.py:925} INFO - DAG(s) 'example_dag_decorator' retrieved from /usr/local/lib/python3.9/dist-packages/airflow/example_dags/example_dag_decorator.py
[2025-02-10T15:35:13.736+0000] {logging_mixin.py:190} INFO - [2025-02-10T15:35:13.736+0000] {dag.py:3239} INFO - Sync 1 DAGs
[2025-02-10T15:35:13.752+0000] {logging_mixin.py:190} INFO - [2025-02-10T15:35:13.751+0000] {dag.py:4180} INFO - Setting next_dagrun for example_dag_decorator to None, run_after=None
[2025-02-10T15:35:13.828+0000] {processor.py:208} INFO - Processing /usr/local/lib/python3.9/dist-packages/airflow/example_dags/example_dag_decorator.py took 0.289 seconds
[2025-02-10T15:36:32.848+0000] {processor.py:186} INFO - Started process (PID=601) to work on /usr/local/lib/python3.9/dist-packages/airflow/example_dags/example_dag_decorator.py
[2025-02-10T15:36:32.850+0000] {processor.py:914} INFO - Processing file /usr/local/lib/python3.9/dist-packages/airflow/example_dags/example_dag_decorator.py for tasks to queue
[2025-02-10T15:36:32.853+0000] {logging_mixin.py:190} INFO - [2025-02-10T15:36:32.853+0000] {dagbag.py:588} INFO - Filling up the DagBag from /usr/local/lib/python3.9/dist-packages/airflow/example_dags/example_dag_decorator.py
[2025-02-10T15:36:32.887+0000] {processor.py:925} INFO - DAG(s) 'example_dag_decorator' retrieved from /usr/local/lib/python3.9/dist-packages/airflow/example_dags/example_dag_decorator.py
[2025-02-10T15:36:33.064+0000] {logging_mixin.py:190} INFO - [2025-02-10T15:36:33.064+0000] {dag.py:3239} INFO - Sync 1 DAGs
[2025-02-10T15:36:33.084+0000] {logging_mixin.py:190} INFO - [2025-02-10T15:36:33.083+0000] {dag.py:4180} INFO - Setting next_dagrun for example_dag_decorator to None, run_after=None
[2025-02-10T15:36:33.168+0000] {processor.py:208} INFO - Processing /usr/local/lib/python3.9/dist-packages/airflow/example_dags/example_dag_decorator.py took 0.325 seconds
[2025-02-10T15:37:52.568+0000] {processor.py:186} INFO - Started process (PID=667) to work on /usr/local/lib/python3.9/dist-packages/airflow/example_dags/example_dag_decorator.py
[2025-02-10T15:37:52.569+0000] {processor.py:914} INFO - Processing file /usr/local/lib/python3.9/dist-packages/airflow/example_dags/example_dag_decorator.py for tasks to queue
[2025-02-10T15:37:52.572+0000] {logging_mixin.py:190} INFO - [2025-02-10T15:37:52.572+0000] {dagbag.py:588} INFO - Filling up the DagBag from /usr/local/lib/python3.9/dist-packages/airflow/example_dags/example_dag_decorator.py
[2025-02-10T15:37:52.602+0000] {processor.py:925} INFO - DAG(s) 'example_dag_decorator' retrieved from /usr/local/lib/python3.9/dist-packages/airflow/example_dags/example_dag_decorator.py
[2025-02-10T15:37:52.757+0000] {logging_mixin.py:190} INFO - [2025-02-10T15:37:52.756+0000] {dag.py:3239} INFO - Sync 1 DAGs
[2025-02-10T15:37:52.772+0000] {logging_mixin.py:190} INFO - [2025-02-10T15:37:52.772+0000] {dag.py:4180} INFO - Setting next_dagrun for example_dag_decorator to None, run_after=None
[2025-02-10T15:37:52.848+0000] {processor.py:208} INFO - Processing /usr/local/lib/python3.9/dist-packages/airflow/example_dags/example_dag_decorator.py took 0.285 seconds
[2025-02-10T15:39:17.905+0000] {processor.py:186} INFO - Started process (PID=734) to work on /usr/local/lib/python3.9/dist-packages/airflow/example_dags/example_dag_decorator.py
[2025-02-10T15:39:17.909+0000] {processor.py:914} INFO - Processing file /usr/local/lib/python3.9/dist-packages/airflow/example_dags/example_dag_decorator.py for tasks to queue
[2025-02-10T15:39:17.915+0000] {logging_mixin.py:190} INFO - [2025-02-10T15:39:17.914+0000] {dagbag.py:588} INFO - Filling up the DagBag from /usr/local/lib/python3.9/dist-packages/airflow/example_dags/example_dag_decorator.py
[2025-02-10T15:39:17.966+0000] {processor.py:925} INFO - DAG(s) 'example_dag_decorator' retrieved from /usr/local/lib/python3.9/dist-packages/airflow/example_dags/example_dag_decorator.py
[2025-02-10T15:39:18.169+0000] {logging_mixin.py:190} INFO - [2025-02-10T15:39:18.169+0000] {dag.py:3239} INFO - Sync 1 DAGs
[2025-02-10T15:39:18.186+0000] {logging_mixin.py:190} INFO - [2025-02-10T15:39:18.186+0000] {dag.py:4180} INFO - Setting next_dagrun for example_dag_decorator to None, run_after=None
[2025-02-10T15:39:18.265+0000] {processor.py:208} INFO - Processing /usr/local/lib/python3.9/dist-packages/airflow/example_dags/example_dag_decorator.py took 0.370 seconds
[2025-02-10T15:40:36.476+0000] {processor.py:186} INFO - Started process (PID=800) to work on /usr/local/lib/python3.9/dist-packages/airflow/example_dags/example_dag_decorator.py
[2025-02-10T15:40:36.478+0000] {processor.py:914} INFO - Processing file /usr/local/lib/python3.9/dist-packages/airflow/example_dags/example_dag_decorator.py for tasks to queue
[2025-02-10T15:40:36.481+0000] {logging_mixin.py:190} INFO - [2025-02-10T15:40:36.480+0000] {dagbag.py:588} INFO - Filling up the DagBag from /usr/local/lib/python3.9/dist-packages/airflow/example_dags/example_dag_decorator.py
[2025-02-10T15:40:36.510+0000] {processor.py:925} INFO - DAG(s) 'example_dag_decorator' retrieved from /usr/local/lib/python3.9/dist-packages/airflow/example_dags/example_dag_decorator.py
[2025-02-10T15:40:36.660+0000] {logging_mixin.py:190} INFO - [2025-02-10T15:40:36.660+0000] {dag.py:3239} INFO - Sync 1 DAGs
[2025-02-10T15:40:36.675+0000] {logging_mixin.py:190} INFO - [2025-02-10T15:40:36.675+0000] {dag.py:4180} INFO - Setting next_dagrun for example_dag_decorator to None, run_after=None
[2025-02-10T15:40:36.743+0000] {processor.py:208} INFO - Processing /usr/local/lib/python3.9/dist-packages/airflow/example_dags/example_dag_decorator.py took 0.272 seconds
[2025-02-10T15:41:54.287+0000] {processor.py:186} INFO - Started process (PID=865) to work on /usr/local/lib/python3.9/dist-packages/airflow/example_dags/example_dag_decorator.py
[2025-02-10T15:41:54.288+0000] {processor.py:914} INFO - Processing file /usr/local/lib/python3.9/dist-packages/airflow/example_dags/example_dag_decorator.py for tasks to queue
[2025-02-10T15:41:54.291+0000] {logging_mixin.py:190} INFO - [2025-02-10T15:41:54.291+0000] {dagbag.py:588} INFO - Filling up the DagBag from /usr/local/lib/python3.9/dist-packages/airflow/example_dags/example_dag_decorator.py
[2025-02-10T15:41:54.321+0000] {processor.py:925} INFO - DAG(s) 'example_dag_decorator' retrieved from /usr/local/lib/python3.9/dist-packages/airflow/example_dags/example_dag_decorator.py
[2025-02-10T15:41:54.470+0000] {logging_mixin.py:190} INFO - [2025-02-10T15:41:54.469+0000] {dag.py:3239} INFO - Sync 1 DAGs
[2025-02-10T15:41:54.485+0000] {logging_mixin.py:190} INFO - [2025-02-10T15:41:54.485+0000] {dag.py:4180} INFO - Setting next_dagrun for example_dag_decorator to None, run_after=None
[2025-02-10T15:41:54.560+0000] {processor.py:208} INFO - Processing /usr/local/lib/python3.9/dist-packages/airflow/example_dags/example_dag_decorator.py took 0.279 seconds
[2025-02-10T15:43:15.672+0000] {processor.py:186} INFO - Started process (PID=931) to work on /usr/local/lib/python3.9/dist-packages/airflow/example_dags/example_dag_decorator.py
[2025-02-10T15:43:15.674+0000] {processor.py:914} INFO - Processing file /usr/local/lib/python3.9/dist-packages/airflow/example_dags/example_dag_decorator.py for tasks to queue
[2025-02-10T15:43:15.677+0000] {logging_mixin.py:190} INFO - [2025-02-10T15:43:15.677+0000] {dagbag.py:588} INFO - Filling up the DagBag from /usr/local/lib/python3.9/dist-packages/airflow/example_dags/example_dag_decorator.py
[2025-02-10T15:43:15.706+0000] {processor.py:925} INFO - DAG(s) 'example_dag_decorator' retrieved from /usr/local/lib/python3.9/dist-packages/airflow/example_dags/example_dag_decorator.py
[2025-02-10T15:43:15.870+0000] {logging_mixin.py:190} INFO - [2025-02-10T15:43:15.870+0000] {dag.py:3239} INFO - Sync 1 DAGs
[2025-02-10T15:43:15.887+0000] {logging_mixin.py:190} INFO - [2025-02-10T15:43:15.887+0000] {dag.py:4180} INFO - Setting next_dagrun for example_dag_decorator to None, run_after=None
[2025-02-10T15:43:15.966+0000] {processor.py:208} INFO - Processing /usr/local/lib/python3.9/dist-packages/airflow/example_dags/example_dag_decorator.py took 0.299 seconds
[2025-02-10T15:44:41.336+0000] {processor.py:186} INFO - Started process (PID=999) to work on /usr/local/lib/python3.9/dist-packages/airflow/example_dags/example_dag_decorator.py
[2025-02-10T15:44:41.337+0000] {processor.py:914} INFO - Processing file /usr/local/lib/python3.9/dist-packages/airflow/example_dags/example_dag_decorator.py for tasks to queue
[2025-02-10T15:44:41.340+0000] {logging_mixin.py:190} INFO - [2025-02-10T15:44:41.340+0000] {dagbag.py:588} INFO - Filling up the DagBag from /usr/local/lib/python3.9/dist-packages/airflow/example_dags/example_dag_decorator.py
[2025-02-10T15:44:41.369+0000] {processor.py:925} INFO - DAG(s) 'example_dag_decorator' retrieved from /usr/local/lib/python3.9/dist-packages/airflow/example_dags/example_dag_decorator.py
[2025-02-10T15:44:41.529+0000] {logging_mixin.py:190} INFO - [2025-02-10T15:44:41.529+0000] {dag.py:3239} INFO - Sync 1 DAGs
[2025-02-10T15:44:41.546+0000] {logging_mixin.py:190} INFO - [2025-02-10T15:44:41.545+0000] {dag.py:4180} INFO - Setting next_dagrun for example_dag_decorator to None, run_after=None
[2025-02-10T15:44:41.629+0000] {processor.py:208} INFO - Processing /usr/local/lib/python3.9/dist-packages/airflow/example_dags/example_dag_decorator.py took 0.298 seconds
[2025-02-10T15:46:05.295+0000] {processor.py:186} INFO - Started process (PID=1066) to work on /usr/local/lib/python3.9/dist-packages/airflow/example_dags/example_dag_decorator.py
[2025-02-10T15:46:05.297+0000] {processor.py:914} INFO - Processing file /usr/local/lib/python3.9/dist-packages/airflow/example_dags/example_dag_decorator.py for tasks to queue
[2025-02-10T15:46:05.300+0000] {logging_mixin.py:190} INFO - [2025-02-10T15:46:05.300+0000] {dagbag.py:588} INFO - Filling up the DagBag from /usr/local/lib/python3.9/dist-packages/airflow/example_dags/example_dag_decorator.py
[2025-02-10T15:46:05.329+0000] {processor.py:925} INFO - DAG(s) 'example_dag_decorator' retrieved from /usr/local/lib/python3.9/dist-packages/airflow/example_dags/example_dag_decorator.py
[2025-02-10T15:46:05.491+0000] {logging_mixin.py:190} INFO - [2025-02-10T15:46:05.490+0000] {dag.py:3239} INFO - Sync 1 DAGs
[2025-02-10T15:46:05.508+0000] {logging_mixin.py:190} INFO - [2025-02-10T15:46:05.507+0000] {dag.py:4180} INFO - Setting next_dagrun for example_dag_decorator to None, run_after=None
[2025-02-10T15:46:05.588+0000] {processor.py:208} INFO - Processing /usr/local/lib/python3.9/dist-packages/airflow/example_dags/example_dag_decorator.py took 0.298 seconds
[2025-02-10T15:47:20.418+0000] {processor.py:186} INFO - Started process (PID=1130) to work on /usr/local/lib/python3.9/dist-packages/airflow/example_dags/example_dag_decorator.py
[2025-02-10T15:47:20.420+0000] {processor.py:914} INFO - Processing file /usr/local/lib/python3.9/dist-packages/airflow/example_dags/example_dag_decorator.py for tasks to queue
[2025-02-10T15:47:20.423+0000] {logging_mixin.py:190} INFO - [2025-02-10T15:47:20.423+0000] {dagbag.py:588} INFO - Filling up the DagBag from /usr/local/lib/python3.9/dist-packages/airflow/example_dags/example_dag_decorator.py
[2025-02-10T15:47:20.453+0000] {processor.py:925} INFO - DAG(s) 'example_dag_decorator' retrieved from /usr/local/lib/python3.9/dist-packages/airflow/example_dags/example_dag_decorator.py
[2025-02-10T15:47:20.618+0000] {logging_mixin.py:190} INFO - [2025-02-10T15:47:20.617+0000] {dag.py:3239} INFO - Sync 1 DAGs
[2025-02-10T15:47:20.636+0000] {logging_mixin.py:190} INFO - [2025-02-10T15:47:20.636+0000] {dag.py:4180} INFO - Setting next_dagrun for example_dag_decorator to None, run_after=None
[2025-02-10T15:47:20.708+0000] {processor.py:208} INFO - Processing /usr/local/lib/python3.9/dist-packages/airflow/example_dags/example_dag_decorator.py took 0.296 seconds
[2025-02-10T15:48:34.612+0000] {processor.py:186} INFO - Started process (PID=1194) to work on /usr/local/lib/python3.9/dist-packages/airflow/example_dags/example_dag_decorator.py
[2025-02-10T15:48:34.614+0000] {processor.py:914} INFO - Processing file /usr/local/lib/python3.9/dist-packages/airflow/example_dags/example_dag_decorator.py for tasks to queue
[2025-02-10T15:48:34.616+0000] {logging_mixin.py:190} INFO - [2025-02-10T15:48:34.616+0000] {dagbag.py:588} INFO - Filling up the DagBag from /usr/local/lib/python3.9/dist-packages/airflow/example_dags/example_dag_decorator.py
[2025-02-10T15:48:34.646+0000] {processor.py:925} INFO - DAG(s) 'example_dag_decorator' retrieved from /usr/local/lib/python3.9/dist-packages/airflow/example_dags/example_dag_decorator.py
[2025-02-10T15:48:34.807+0000] {logging_mixin.py:190} INFO - [2025-02-10T15:48:34.807+0000] {dag.py:3239} INFO - Sync 1 DAGs
[2025-02-10T15:48:34.826+0000] {logging_mixin.py:190} INFO - [2025-02-10T15:48:34.826+0000] {dag.py:4180} INFO - Setting next_dagrun for example_dag_decorator to None, run_after=None
[2025-02-10T15:48:34.908+0000] {processor.py:208} INFO - Processing /usr/local/lib/python3.9/dist-packages/airflow/example_dags/example_dag_decorator.py took 0.301 seconds
[2025-02-10T15:49:47.090+0000] {processor.py:186} INFO - Started process (PID=1255) to work on /usr/local/lib/python3.9/dist-packages/airflow/example_dags/example_dag_decorator.py
[2025-02-10T15:49:47.091+0000] {processor.py:914} INFO - Processing file /usr/local/lib/python3.9/dist-packages/airflow/example_dags/example_dag_decorator.py for tasks to queue
[2025-02-10T15:49:47.095+0000] {logging_mixin.py:190} INFO - [2025-02-10T15:49:47.094+0000] {dagbag.py:588} INFO - Filling up the DagBag from /usr/local/lib/python3.9/dist-packages/airflow/example_dags/example_dag_decorator.py
[2025-02-10T15:49:47.124+0000] {processor.py:925} INFO - DAG(s) 'example_dag_decorator' retrieved from /usr/local/lib/python3.9/dist-packages/airflow/example_dags/example_dag_decorator.py
[2025-02-10T15:49:47.287+0000] {logging_mixin.py:190} INFO - [2025-02-10T15:49:47.286+0000] {dag.py:3239} INFO - Sync 1 DAGs
[2025-02-10T15:49:47.304+0000] {logging_mixin.py:190} INFO - [2025-02-10T15:49:47.304+0000] {dag.py:4180} INFO - Setting next_dagrun for example_dag_decorator to None, run_after=None
[2025-02-10T15:49:47.382+0000] {processor.py:208} INFO - Processing /usr/local/lib/python3.9/dist-packages/airflow/example_dags/example_dag_decorator.py took 0.298 seconds
[2025-02-10T15:51:04.795+0000] {processor.py:186} INFO - Started process (PID=1321) to work on /usr/local/lib/python3.9/dist-packages/airflow/example_dags/example_dag_decorator.py
[2025-02-10T15:51:04.797+0000] {processor.py:914} INFO - Processing file /usr/local/lib/python3.9/dist-packages/airflow/example_dags/example_dag_decorator.py for tasks to queue
[2025-02-10T15:51:04.800+0000] {logging_mixin.py:190} INFO - [2025-02-10T15:51:04.800+0000] {dagbag.py:588} INFO - Filling up the DagBag from /usr/local/lib/python3.9/dist-packages/airflow/example_dags/example_dag_decorator.py
[2025-02-10T15:51:04.831+0000] {processor.py:925} INFO - DAG(s) 'example_dag_decorator' retrieved from /usr/local/lib/python3.9/dist-packages/airflow/example_dags/example_dag_decorator.py
[2025-02-10T15:51:05.003+0000] {logging_mixin.py:190} INFO - [2025-02-10T15:51:05.002+0000] {dag.py:3239} INFO - Sync 1 DAGs
[2025-02-10T15:51:05.021+0000] {logging_mixin.py:190} INFO - [2025-02-10T15:51:05.020+0000] {dag.py:4180} INFO - Setting next_dagrun for example_dag_decorator to None, run_after=None
[2025-02-10T15:51:05.100+0000] {processor.py:208} INFO - Processing /usr/local/lib/python3.9/dist-packages/airflow/example_dags/example_dag_decorator.py took 0.310 seconds
[2025-02-10T15:52:20.143+0000] {processor.py:186} INFO - Started process (PID=1384) to work on /usr/local/lib/python3.9/dist-packages/airflow/example_dags/example_dag_decorator.py
[2025-02-10T15:52:20.145+0000] {processor.py:914} INFO - Processing file /usr/local/lib/python3.9/dist-packages/airflow/example_dags/example_dag_decorator.py for tasks to queue
[2025-02-10T15:52:20.148+0000] {logging_mixin.py:190} INFO - [2025-02-10T15:52:20.148+0000] {dagbag.py:588} INFO - Filling up the DagBag from /usr/local/lib/python3.9/dist-packages/airflow/example_dags/example_dag_decorator.py
[2025-02-10T15:52:20.179+0000] {processor.py:925} INFO - DAG(s) 'example_dag_decorator' retrieved from /usr/local/lib/python3.9/dist-packages/airflow/example_dags/example_dag_decorator.py
[2025-02-10T15:52:20.339+0000] {logging_mixin.py:190} INFO - [2025-02-10T15:52:20.338+0000] {dag.py:3239} INFO - Sync 1 DAGs
[2025-02-10T15:52:20.354+0000] {logging_mixin.py:190} INFO - [2025-02-10T15:52:20.353+0000] {dag.py:4180} INFO - Setting next_dagrun for example_dag_decorator to None, run_after=None
[2025-02-10T15:52:20.433+0000] {processor.py:208} INFO - Processing /usr/local/lib/python3.9/dist-packages/airflow/example_dags/example_dag_decorator.py took 0.296 seconds
[2025-02-10T15:53:37.430+0000] {processor.py:186} INFO - Started process (PID=1448) to work on /usr/local/lib/python3.9/dist-packages/airflow/example_dags/example_dag_decorator.py
[2025-02-10T15:53:37.431+0000] {processor.py:914} INFO - Processing file /usr/local/lib/python3.9/dist-packages/airflow/example_dags/example_dag_decorator.py for tasks to queue
[2025-02-10T15:53:37.435+0000] {logging_mixin.py:190} INFO - [2025-02-10T15:53:37.435+0000] {dagbag.py:588} INFO - Filling up the DagBag from /usr/local/lib/python3.9/dist-packages/airflow/example_dags/example_dag_decorator.py
[2025-02-10T15:53:37.470+0000] {processor.py:925} INFO - DAG(s) 'example_dag_decorator' retrieved from /usr/local/lib/python3.9/dist-packages/airflow/example_dags/example_dag_decorator.py
[2025-02-10T15:53:37.645+0000] {logging_mixin.py:190} INFO - [2025-02-10T15:53:37.644+0000] {dag.py:3239} INFO - Sync 1 DAGs
[2025-02-10T15:53:37.661+0000] {logging_mixin.py:190} INFO - [2025-02-10T15:53:37.661+0000] {dag.py:4180} INFO - Setting next_dagrun for example_dag_decorator to None, run_after=None
[2025-02-10T15:53:37.748+0000] {processor.py:208} INFO - Processing /usr/local/lib/python3.9/dist-packages/airflow/example_dags/example_dag_decorator.py took 0.324 seconds
[2025-02-10T15:54:55.041+0000] {processor.py:186} INFO - Started process (PID=1512) to work on /usr/local/lib/python3.9/dist-packages/airflow/example_dags/example_dag_decorator.py
[2025-02-10T15:54:55.043+0000] {processor.py:914} INFO - Processing file /usr/local/lib/python3.9/dist-packages/airflow/example_dags/example_dag_decorator.py for tasks to queue
[2025-02-10T15:54:55.046+0000] {logging_mixin.py:190} INFO - [2025-02-10T15:54:55.046+0000] {dagbag.py:588} INFO - Filling up the DagBag from /usr/local/lib/python3.9/dist-packages/airflow/example_dags/example_dag_decorator.py
[2025-02-10T15:54:55.077+0000] {processor.py:925} INFO - DAG(s) 'example_dag_decorator' retrieved from /usr/local/lib/python3.9/dist-packages/airflow/example_dags/example_dag_decorator.py
[2025-02-10T15:54:55.240+0000] {logging_mixin.py:190} INFO - [2025-02-10T15:54:55.240+0000] {dag.py:3239} INFO - Sync 1 DAGs
[2025-02-10T15:54:55.256+0000] {logging_mixin.py:190} INFO - [2025-02-10T15:54:55.256+0000] {dag.py:4180} INFO - Setting next_dagrun for example_dag_decorator to None, run_after=None
[2025-02-10T15:54:55.338+0000] {processor.py:208} INFO - Processing /usr/local/lib/python3.9/dist-packages/airflow/example_dags/example_dag_decorator.py took 0.303 seconds
[2025-02-10T15:56:16.330+0000] {processor.py:186} INFO - Started process (PID=1578) to work on /usr/local/lib/python3.9/dist-packages/airflow/example_dags/example_dag_decorator.py
[2025-02-10T15:56:16.332+0000] {processor.py:914} INFO - Processing file /usr/local/lib/python3.9/dist-packages/airflow/example_dags/example_dag_decorator.py for tasks to queue
[2025-02-10T15:56:16.335+0000] {logging_mixin.py:190} INFO - [2025-02-10T15:56:16.334+0000] {dagbag.py:588} INFO - Filling up the DagBag from /usr/local/lib/python3.9/dist-packages/airflow/example_dags/example_dag_decorator.py
[2025-02-10T15:56:16.366+0000] {processor.py:925} INFO - DAG(s) 'example_dag_decorator' retrieved from /usr/local/lib/python3.9/dist-packages/airflow/example_dags/example_dag_decorator.py
[2025-02-10T15:56:16.530+0000] {logging_mixin.py:190} INFO - [2025-02-10T15:56:16.529+0000] {dag.py:3239} INFO - Sync 1 DAGs
[2025-02-10T15:56:16.547+0000] {logging_mixin.py:190} INFO - [2025-02-10T15:56:16.546+0000] {dag.py:4180} INFO - Setting next_dagrun for example_dag_decorator to None, run_after=None
[2025-02-10T15:56:16.632+0000] {processor.py:208} INFO - Processing /usr/local/lib/python3.9/dist-packages/airflow/example_dags/example_dag_decorator.py took 0.307 seconds
[2025-02-10T15:57:34.071+0000] {processor.py:186} INFO - Started process (PID=1643) to work on /usr/local/lib/python3.9/dist-packages/airflow/example_dags/example_dag_decorator.py
[2025-02-10T15:57:34.072+0000] {processor.py:914} INFO - Processing file /usr/local/lib/python3.9/dist-packages/airflow/example_dags/example_dag_decorator.py for tasks to queue
[2025-02-10T15:57:34.075+0000] {logging_mixin.py:190} INFO - [2025-02-10T15:57:34.075+0000] {dagbag.py:588} INFO - Filling up the DagBag from /usr/local/lib/python3.9/dist-packages/airflow/example_dags/example_dag_decorator.py
[2025-02-10T15:57:34.105+0000] {processor.py:925} INFO - DAG(s) 'example_dag_decorator' retrieved from /usr/local/lib/python3.9/dist-packages/airflow/example_dags/example_dag_decorator.py
[2025-02-10T15:57:34.258+0000] {logging_mixin.py:190} INFO - [2025-02-10T15:57:34.258+0000] {dag.py:3239} INFO - Sync 1 DAGs
[2025-02-10T15:57:34.274+0000] {logging_mixin.py:190} INFO - [2025-02-10T15:57:34.273+0000] {dag.py:4180} INFO - Setting next_dagrun for example_dag_decorator to None, run_after=None
[2025-02-10T15:57:34.350+0000] {processor.py:208} INFO - Processing /usr/local/lib/python3.9/dist-packages/airflow/example_dags/example_dag_decorator.py took 0.284 seconds
[2025-02-10T15:58:54.981+0000] {processor.py:186} INFO - Started process (PID=1708) to work on /usr/local/lib/python3.9/dist-packages/airflow/example_dags/example_dag_decorator.py
[2025-02-10T15:58:54.982+0000] {processor.py:914} INFO - Processing file /usr/local/lib/python3.9/dist-packages/airflow/example_dags/example_dag_decorator.py for tasks to queue
[2025-02-10T15:58:54.986+0000] {logging_mixin.py:190} INFO - [2025-02-10T15:58:54.986+0000] {dagbag.py:588} INFO - Filling up the DagBag from /usr/local/lib/python3.9/dist-packages/airflow/example_dags/example_dag_decorator.py
[2025-02-10T15:58:55.015+0000] {processor.py:925} INFO - DAG(s) 'example_dag_decorator' retrieved from /usr/local/lib/python3.9/dist-packages/airflow/example_dags/example_dag_decorator.py
[2025-02-10T15:58:55.179+0000] {logging_mixin.py:190} INFO - [2025-02-10T15:58:55.179+0000] {dag.py:3239} INFO - Sync 1 DAGs
[2025-02-10T15:58:55.195+0000] {logging_mixin.py:190} INFO - [2025-02-10T15:58:55.194+0000] {dag.py:4180} INFO - Setting next_dagrun for example_dag_decorator to None, run_after=None
[2025-02-10T15:58:55.279+0000] {processor.py:208} INFO - Processing /usr/local/lib/python3.9/dist-packages/airflow/example_dags/example_dag_decorator.py took 0.303 seconds
[2025-02-10T16:00:12.959+0000] {processor.py:186} INFO - Started process (PID=1773) to work on /usr/local/lib/python3.9/dist-packages/airflow/example_dags/example_dag_decorator.py
[2025-02-10T16:00:12.961+0000] {processor.py:914} INFO - Processing file /usr/local/lib/python3.9/dist-packages/airflow/example_dags/example_dag_decorator.py for tasks to queue
[2025-02-10T16:00:12.964+0000] {logging_mixin.py:190} INFO - [2025-02-10T16:00:12.964+0000] {dagbag.py:588} INFO - Filling up the DagBag from /usr/local/lib/python3.9/dist-packages/airflow/example_dags/example_dag_decorator.py
[2025-02-10T16:00:12.993+0000] {processor.py:925} INFO - DAG(s) 'example_dag_decorator' retrieved from /usr/local/lib/python3.9/dist-packages/airflow/example_dags/example_dag_decorator.py
[2025-02-10T16:00:13.168+0000] {logging_mixin.py:190} INFO - [2025-02-10T16:00:13.168+0000] {dag.py:3239} INFO - Sync 1 DAGs
[2025-02-10T16:00:13.186+0000] {logging_mixin.py:190} INFO - [2025-02-10T16:00:13.186+0000] {dag.py:4180} INFO - Setting next_dagrun for example_dag_decorator to None, run_after=None
[2025-02-10T16:00:13.273+0000] {processor.py:208} INFO - Processing /usr/local/lib/python3.9/dist-packages/airflow/example_dags/example_dag_decorator.py took 0.319 seconds
[2025-02-10T16:01:32.275+0000] {processor.py:186} INFO - Started process (PID=1839) to work on /usr/local/lib/python3.9/dist-packages/airflow/example_dags/example_dag_decorator.py
[2025-02-10T16:01:32.276+0000] {processor.py:914} INFO - Processing file /usr/local/lib/python3.9/dist-packages/airflow/example_dags/example_dag_decorator.py for tasks to queue
[2025-02-10T16:01:32.280+0000] {logging_mixin.py:190} INFO - [2025-02-10T16:01:32.279+0000] {dagbag.py:588} INFO - Filling up the DagBag from /usr/local/lib/python3.9/dist-packages/airflow/example_dags/example_dag_decorator.py
[2025-02-10T16:01:32.312+0000] {processor.py:925} INFO - DAG(s) 'example_dag_decorator' retrieved from /usr/local/lib/python3.9/dist-packages/airflow/example_dags/example_dag_decorator.py
[2025-02-10T16:01:32.487+0000] {logging_mixin.py:190} INFO - [2025-02-10T16:01:32.487+0000] {dag.py:3239} INFO - Sync 1 DAGs
[2025-02-10T16:01:32.504+0000] {logging_mixin.py:190} INFO - [2025-02-10T16:01:32.503+0000] {dag.py:4180} INFO - Setting next_dagrun for example_dag_decorator to None, run_after=None
[2025-02-10T16:01:32.580+0000] {processor.py:208} INFO - Processing /usr/local/lib/python3.9/dist-packages/airflow/example_dags/example_dag_decorator.py took 0.310 seconds
[2025-02-10T16:04:16.190+0000] {processor.py:186} INFO - Started process (PID=80) to work on /usr/local/lib/python3.9/dist-packages/airflow/example_dags/example_dag_decorator.py
[2025-02-10T16:04:16.191+0000] {processor.py:914} INFO - Processing file /usr/local/lib/python3.9/dist-packages/airflow/example_dags/example_dag_decorator.py for tasks to queue
[2025-02-10T16:04:16.194+0000] {logging_mixin.py:190} INFO - [2025-02-10T16:04:16.194+0000] {dagbag.py:588} INFO - Filling up the DagBag from /usr/local/lib/python3.9/dist-packages/airflow/example_dags/example_dag_decorator.py
[2025-02-10T16:04:16.226+0000] {processor.py:925} INFO - DAG(s) 'example_dag_decorator' retrieved from /usr/local/lib/python3.9/dist-packages/airflow/example_dags/example_dag_decorator.py
[2025-02-10T16:04:16.386+0000] {logging_mixin.py:190} INFO - [2025-02-10T16:04:16.386+0000] {dag.py:3239} INFO - Sync 1 DAGs
[2025-02-10T16:04:16.402+0000] {logging_mixin.py:190} INFO - [2025-02-10T16:04:16.402+0000] {dag.py:4180} INFO - Setting next_dagrun for example_dag_decorator to None, run_after=None
[2025-02-10T16:04:16.483+0000] {processor.py:208} INFO - Processing /usr/local/lib/python3.9/dist-packages/airflow/example_dags/example_dag_decorator.py took 0.298 seconds
[2025-02-10T16:05:32.545+0000] {processor.py:186} INFO - Started process (PID=145) to work on /usr/local/lib/python3.9/dist-packages/airflow/example_dags/example_dag_decorator.py
[2025-02-10T16:05:32.546+0000] {processor.py:914} INFO - Processing file /usr/local/lib/python3.9/dist-packages/airflow/example_dags/example_dag_decorator.py for tasks to queue
[2025-02-10T16:05:32.549+0000] {logging_mixin.py:190} INFO - [2025-02-10T16:05:32.548+0000] {dagbag.py:588} INFO - Filling up the DagBag from /usr/local/lib/python3.9/dist-packages/airflow/example_dags/example_dag_decorator.py
[2025-02-10T16:05:32.580+0000] {processor.py:925} INFO - DAG(s) 'example_dag_decorator' retrieved from /usr/local/lib/python3.9/dist-packages/airflow/example_dags/example_dag_decorator.py
[2025-02-10T16:05:32.738+0000] {logging_mixin.py:190} INFO - [2025-02-10T16:05:32.738+0000] {dag.py:3239} INFO - Sync 1 DAGs
[2025-02-10T16:05:32.753+0000] {logging_mixin.py:190} INFO - [2025-02-10T16:05:32.753+0000] {dag.py:4180} INFO - Setting next_dagrun for example_dag_decorator to None, run_after=None
[2025-02-10T16:05:32.837+0000] {processor.py:208} INFO - Processing /usr/local/lib/python3.9/dist-packages/airflow/example_dags/example_dag_decorator.py took 0.298 seconds
[2025-02-10T16:06:48.334+0000] {processor.py:186} INFO - Started process (PID=208) to work on /usr/local/lib/python3.9/dist-packages/airflow/example_dags/example_dag_decorator.py
[2025-02-10T16:06:48.335+0000] {processor.py:914} INFO - Processing file /usr/local/lib/python3.9/dist-packages/airflow/example_dags/example_dag_decorator.py for tasks to queue
[2025-02-10T16:06:48.338+0000] {logging_mixin.py:190} INFO - [2025-02-10T16:06:48.338+0000] {dagbag.py:588} INFO - Filling up the DagBag from /usr/local/lib/python3.9/dist-packages/airflow/example_dags/example_dag_decorator.py
[2025-02-10T16:06:48.377+0000] {processor.py:925} INFO - DAG(s) 'example_dag_decorator' retrieved from /usr/local/lib/python3.9/dist-packages/airflow/example_dags/example_dag_decorator.py
[2025-02-10T16:06:48.536+0000] {logging_mixin.py:190} INFO - [2025-02-10T16:06:48.535+0000] {dag.py:3239} INFO - Sync 1 DAGs
[2025-02-10T16:06:48.554+0000] {logging_mixin.py:190} INFO - [2025-02-10T16:06:48.554+0000] {dag.py:4180} INFO - Setting next_dagrun for example_dag_decorator to None, run_after=None
[2025-02-10T16:06:48.636+0000] {processor.py:208} INFO - Processing /usr/local/lib/python3.9/dist-packages/airflow/example_dags/example_dag_decorator.py took 0.308 seconds
[2025-02-10T16:08:05.640+0000] {processor.py:186} INFO - Started process (PID=272) to work on /usr/local/lib/python3.9/dist-packages/airflow/example_dags/example_dag_decorator.py
[2025-02-10T16:08:05.643+0000] {processor.py:914} INFO - Processing file /usr/local/lib/python3.9/dist-packages/airflow/example_dags/example_dag_decorator.py for tasks to queue
[2025-02-10T16:08:05.648+0000] {logging_mixin.py:190} INFO - [2025-02-10T16:08:05.647+0000] {dagbag.py:588} INFO - Filling up the DagBag from /usr/local/lib/python3.9/dist-packages/airflow/example_dags/example_dag_decorator.py
[2025-02-10T16:08:05.719+0000] {processor.py:925} INFO - DAG(s) 'example_dag_decorator' retrieved from /usr/local/lib/python3.9/dist-packages/airflow/example_dags/example_dag_decorator.py
[2025-02-10T16:08:05.904+0000] {logging_mixin.py:190} INFO - [2025-02-10T16:08:05.904+0000] {dag.py:3239} INFO - Sync 1 DAGs
[2025-02-10T16:08:05.931+0000] {logging_mixin.py:190} INFO - [2025-02-10T16:08:05.930+0000] {dag.py:4180} INFO - Setting next_dagrun for example_dag_decorator to None, run_after=None
[2025-02-10T16:08:06.028+0000] {processor.py:208} INFO - Processing /usr/local/lib/python3.9/dist-packages/airflow/example_dags/example_dag_decorator.py took 0.398 seconds
[2025-02-10T16:09:25.644+0000] {processor.py:186} INFO - Started process (PID=337) to work on /usr/local/lib/python3.9/dist-packages/airflow/example_dags/example_dag_decorator.py
[2025-02-10T16:09:25.646+0000] {processor.py:914} INFO - Processing file /usr/local/lib/python3.9/dist-packages/airflow/example_dags/example_dag_decorator.py for tasks to queue
[2025-02-10T16:09:25.649+0000] {logging_mixin.py:190} INFO - [2025-02-10T16:09:25.649+0000] {dagbag.py:588} INFO - Filling up the DagBag from /usr/local/lib/python3.9/dist-packages/airflow/example_dags/example_dag_decorator.py
[2025-02-10T16:09:25.680+0000] {processor.py:925} INFO - DAG(s) 'example_dag_decorator' retrieved from /usr/local/lib/python3.9/dist-packages/airflow/example_dags/example_dag_decorator.py
[2025-02-10T16:09:25.837+0000] {logging_mixin.py:190} INFO - [2025-02-10T16:09:25.837+0000] {dag.py:3239} INFO - Sync 1 DAGs
[2025-02-10T16:09:25.856+0000] {logging_mixin.py:190} INFO - [2025-02-10T16:09:25.855+0000] {dag.py:4180} INFO - Setting next_dagrun for example_dag_decorator to None, run_after=None
[2025-02-10T16:09:25.940+0000] {processor.py:208} INFO - Processing /usr/local/lib/python3.9/dist-packages/airflow/example_dags/example_dag_decorator.py took 0.301 seconds
[2025-02-10T16:10:42.111+0000] {processor.py:186} INFO - Started process (PID=401) to work on /usr/local/lib/python3.9/dist-packages/airflow/example_dags/example_dag_decorator.py
[2025-02-10T16:10:42.112+0000] {processor.py:914} INFO - Processing file /usr/local/lib/python3.9/dist-packages/airflow/example_dags/example_dag_decorator.py for tasks to queue
[2025-02-10T16:10:42.116+0000] {logging_mixin.py:190} INFO - [2025-02-10T16:10:42.115+0000] {dagbag.py:588} INFO - Filling up the DagBag from /usr/local/lib/python3.9/dist-packages/airflow/example_dags/example_dag_decorator.py
[2025-02-10T16:10:42.149+0000] {processor.py:925} INFO - DAG(s) 'example_dag_decorator' retrieved from /usr/local/lib/python3.9/dist-packages/airflow/example_dags/example_dag_decorator.py
[2025-02-10T16:10:42.305+0000] {logging_mixin.py:190} INFO - [2025-02-10T16:10:42.305+0000] {dag.py:3239} INFO - Sync 1 DAGs
[2025-02-10T16:10:42.321+0000] {logging_mixin.py:190} INFO - [2025-02-10T16:10:42.321+0000] {dag.py:4180} INFO - Setting next_dagrun for example_dag_decorator to None, run_after=None
[2025-02-10T16:10:42.399+0000] {processor.py:208} INFO - Processing /usr/local/lib/python3.9/dist-packages/airflow/example_dags/example_dag_decorator.py took 0.294 seconds
[2025-02-10T16:11:58.457+0000] {processor.py:186} INFO - Started process (PID=465) to work on /usr/local/lib/python3.9/dist-packages/airflow/example_dags/example_dag_decorator.py
[2025-02-10T16:11:58.458+0000] {processor.py:914} INFO - Processing file /usr/local/lib/python3.9/dist-packages/airflow/example_dags/example_dag_decorator.py for tasks to queue
[2025-02-10T16:11:58.461+0000] {logging_mixin.py:190} INFO - [2025-02-10T16:11:58.460+0000] {dagbag.py:588} INFO - Filling up the DagBag from /usr/local/lib/python3.9/dist-packages/airflow/example_dags/example_dag_decorator.py
[2025-02-10T16:11:58.490+0000] {processor.py:925} INFO - DAG(s) 'example_dag_decorator' retrieved from /usr/local/lib/python3.9/dist-packages/airflow/example_dags/example_dag_decorator.py
[2025-02-10T16:11:58.657+0000] {logging_mixin.py:190} INFO - [2025-02-10T16:11:58.656+0000] {dag.py:3239} INFO - Sync 1 DAGs
[2025-02-10T16:11:58.673+0000] {logging_mixin.py:190} INFO - [2025-02-10T16:11:58.673+0000] {dag.py:4180} INFO - Setting next_dagrun for example_dag_decorator to None, run_after=None
[2025-02-10T16:11:58.751+0000] {processor.py:208} INFO - Processing /usr/local/lib/python3.9/dist-packages/airflow/example_dags/example_dag_decorator.py took 0.300 seconds
[2025-02-10T16:13:12.843+0000] {processor.py:186} INFO - Started process (PID=529) to work on /usr/local/lib/python3.9/dist-packages/airflow/example_dags/example_dag_decorator.py
[2025-02-10T16:13:12.845+0000] {processor.py:914} INFO - Processing file /usr/local/lib/python3.9/dist-packages/airflow/example_dags/example_dag_decorator.py for tasks to queue
[2025-02-10T16:13:12.848+0000] {logging_mixin.py:190} INFO - [2025-02-10T16:13:12.847+0000] {dagbag.py:588} INFO - Filling up the DagBag from /usr/local/lib/python3.9/dist-packages/airflow/example_dags/example_dag_decorator.py
[2025-02-10T16:13:12.879+0000] {processor.py:925} INFO - DAG(s) 'example_dag_decorator' retrieved from /usr/local/lib/python3.9/dist-packages/airflow/example_dags/example_dag_decorator.py
[2025-02-10T16:13:13.020+0000] {logging_mixin.py:190} INFO - [2025-02-10T16:13:13.020+0000] {dag.py:3239} INFO - Sync 1 DAGs
[2025-02-10T16:13:13.036+0000] {logging_mixin.py:190} INFO - [2025-02-10T16:13:13.035+0000] {dag.py:4180} INFO - Setting next_dagrun for example_dag_decorator to None, run_after=None
[2025-02-10T16:13:13.111+0000] {processor.py:208} INFO - Processing /usr/local/lib/python3.9/dist-packages/airflow/example_dags/example_dag_decorator.py took 0.274 seconds
[2025-02-10T16:14:24.296+0000] {processor.py:186} INFO - Started process (PID=591) to work on /usr/local/lib/python3.9/dist-packages/airflow/example_dags/example_dag_decorator.py
[2025-02-10T16:14:24.297+0000] {processor.py:914} INFO - Processing file /usr/local/lib/python3.9/dist-packages/airflow/example_dags/example_dag_decorator.py for tasks to queue
[2025-02-10T16:14:24.300+0000] {logging_mixin.py:190} INFO - [2025-02-10T16:14:24.300+0000] {dagbag.py:588} INFO - Filling up the DagBag from /usr/local/lib/python3.9/dist-packages/airflow/example_dags/example_dag_decorator.py
[2025-02-10T16:14:24.330+0000] {processor.py:925} INFO - DAG(s) 'example_dag_decorator' retrieved from /usr/local/lib/python3.9/dist-packages/airflow/example_dags/example_dag_decorator.py
[2025-02-10T16:14:24.483+0000] {logging_mixin.py:190} INFO - [2025-02-10T16:14:24.483+0000] {dag.py:3239} INFO - Sync 1 DAGs
[2025-02-10T16:14:24.500+0000] {logging_mixin.py:190} INFO - [2025-02-10T16:14:24.500+0000] {dag.py:4180} INFO - Setting next_dagrun for example_dag_decorator to None, run_after=None
[2025-02-10T16:14:24.579+0000] {processor.py:208} INFO - Processing /usr/local/lib/python3.9/dist-packages/airflow/example_dags/example_dag_decorator.py took 0.289 seconds
[2025-02-10T16:15:43.164+0000] {processor.py:186} INFO - Started process (PID=655) to work on /usr/local/lib/python3.9/dist-packages/airflow/example_dags/example_dag_decorator.py
[2025-02-10T16:15:43.165+0000] {processor.py:914} INFO - Processing file /usr/local/lib/python3.9/dist-packages/airflow/example_dags/example_dag_decorator.py for tasks to queue
[2025-02-10T16:15:43.169+0000] {logging_mixin.py:190} INFO - [2025-02-10T16:15:43.168+0000] {dagbag.py:588} INFO - Filling up the DagBag from /usr/local/lib/python3.9/dist-packages/airflow/example_dags/example_dag_decorator.py
[2025-02-10T16:15:43.199+0000] {processor.py:925} INFO - DAG(s) 'example_dag_decorator' retrieved from /usr/local/lib/python3.9/dist-packages/airflow/example_dags/example_dag_decorator.py
[2025-02-10T16:15:43.356+0000] {logging_mixin.py:190} INFO - [2025-02-10T16:15:43.356+0000] {dag.py:3239} INFO - Sync 1 DAGs
[2025-02-10T16:15:43.373+0000] {logging_mixin.py:190} INFO - [2025-02-10T16:15:43.373+0000] {dag.py:4180} INFO - Setting next_dagrun for example_dag_decorator to None, run_after=None
[2025-02-10T16:15:43.454+0000] {processor.py:208} INFO - Processing /usr/local/lib/python3.9/dist-packages/airflow/example_dags/example_dag_decorator.py took 0.296 seconds
[2025-02-10T16:17:03.963+0000] {processor.py:186} INFO - Started process (PID=722) to work on /usr/local/lib/python3.9/dist-packages/airflow/example_dags/example_dag_decorator.py
[2025-02-10T16:17:03.964+0000] {processor.py:914} INFO - Processing file /usr/local/lib/python3.9/dist-packages/airflow/example_dags/example_dag_decorator.py for tasks to queue
[2025-02-10T16:17:03.967+0000] {logging_mixin.py:190} INFO - [2025-02-10T16:17:03.967+0000] {dagbag.py:588} INFO - Filling up the DagBag from /usr/local/lib/python3.9/dist-packages/airflow/example_dags/example_dag_decorator.py
[2025-02-10T16:17:03.996+0000] {processor.py:925} INFO - DAG(s) 'example_dag_decorator' retrieved from /usr/local/lib/python3.9/dist-packages/airflow/example_dags/example_dag_decorator.py
[2025-02-10T16:17:04.153+0000] {logging_mixin.py:190} INFO - [2025-02-10T16:17:04.153+0000] {dag.py:3239} INFO - Sync 1 DAGs
[2025-02-10T16:17:04.170+0000] {logging_mixin.py:190} INFO - [2025-02-10T16:17:04.170+0000] {dag.py:4180} INFO - Setting next_dagrun for example_dag_decorator to None, run_after=None
[2025-02-10T16:17:04.247+0000] {processor.py:208} INFO - Processing /usr/local/lib/python3.9/dist-packages/airflow/example_dags/example_dag_decorator.py took 0.290 seconds
[2025-02-10T16:18:15.960+0000] {processor.py:186} INFO - Started process (PID=785) to work on /usr/local/lib/python3.9/dist-packages/airflow/example_dags/example_dag_decorator.py
[2025-02-10T16:18:15.962+0000] {processor.py:914} INFO - Processing file /usr/local/lib/python3.9/dist-packages/airflow/example_dags/example_dag_decorator.py for tasks to queue
[2025-02-10T16:18:15.965+0000] {logging_mixin.py:190} INFO - [2025-02-10T16:18:15.965+0000] {dagbag.py:588} INFO - Filling up the DagBag from /usr/local/lib/python3.9/dist-packages/airflow/example_dags/example_dag_decorator.py
[2025-02-10T16:18:15.996+0000] {processor.py:925} INFO - DAG(s) 'example_dag_decorator' retrieved from /usr/local/lib/python3.9/dist-packages/airflow/example_dags/example_dag_decorator.py
[2025-02-10T16:18:16.155+0000] {logging_mixin.py:190} INFO - [2025-02-10T16:18:16.155+0000] {dag.py:3239} INFO - Sync 1 DAGs
[2025-02-10T16:18:16.171+0000] {logging_mixin.py:190} INFO - [2025-02-10T16:18:16.171+0000] {dag.py:4180} INFO - Setting next_dagrun for example_dag_decorator to None, run_after=None
[2025-02-10T16:18:16.253+0000] {processor.py:208} INFO - Processing /usr/local/lib/python3.9/dist-packages/airflow/example_dags/example_dag_decorator.py took 0.298 seconds
[2025-02-10T16:19:35.692+0000] {processor.py:186} INFO - Started process (PID=850) to work on /usr/local/lib/python3.9/dist-packages/airflow/example_dags/example_dag_decorator.py
[2025-02-10T16:19:35.693+0000] {processor.py:914} INFO - Processing file /usr/local/lib/python3.9/dist-packages/airflow/example_dags/example_dag_decorator.py for tasks to queue
[2025-02-10T16:19:35.696+0000] {logging_mixin.py:190} INFO - [2025-02-10T16:19:35.695+0000] {dagbag.py:588} INFO - Filling up the DagBag from /usr/local/lib/python3.9/dist-packages/airflow/example_dags/example_dag_decorator.py
[2025-02-10T16:19:35.726+0000] {processor.py:925} INFO - DAG(s) 'example_dag_decorator' retrieved from /usr/local/lib/python3.9/dist-packages/airflow/example_dags/example_dag_decorator.py
[2025-02-10T16:19:35.891+0000] {logging_mixin.py:190} INFO - [2025-02-10T16:19:35.891+0000] {dag.py:3239} INFO - Sync 1 DAGs
[2025-02-10T16:19:35.908+0000] {logging_mixin.py:190} INFO - [2025-02-10T16:19:35.907+0000] {dag.py:4180} INFO - Setting next_dagrun for example_dag_decorator to None, run_after=None
[2025-02-10T16:19:35.974+0000] {processor.py:208} INFO - Processing /usr/local/lib/python3.9/dist-packages/airflow/example_dags/example_dag_decorator.py took 0.289 seconds
[2025-02-10T16:20:53.647+0000] {processor.py:186} INFO - Started process (PID=914) to work on /usr/local/lib/python3.9/dist-packages/airflow/example_dags/example_dag_decorator.py
[2025-02-10T16:20:53.648+0000] {processor.py:914} INFO - Processing file /usr/local/lib/python3.9/dist-packages/airflow/example_dags/example_dag_decorator.py for tasks to queue
[2025-02-10T16:20:53.651+0000] {logging_mixin.py:190} INFO - [2025-02-10T16:20:53.651+0000] {dagbag.py:588} INFO - Filling up the DagBag from /usr/local/lib/python3.9/dist-packages/airflow/example_dags/example_dag_decorator.py
[2025-02-10T16:20:53.682+0000] {processor.py:925} INFO - DAG(s) 'example_dag_decorator' retrieved from /usr/local/lib/python3.9/dist-packages/airflow/example_dags/example_dag_decorator.py
[2025-02-10T16:20:53.852+0000] {logging_mixin.py:190} INFO - [2025-02-10T16:20:53.852+0000] {dag.py:3239} INFO - Sync 1 DAGs
[2025-02-10T16:20:53.871+0000] {logging_mixin.py:190} INFO - [2025-02-10T16:20:53.871+0000] {dag.py:4180} INFO - Setting next_dagrun for example_dag_decorator to None, run_after=None
[2025-02-10T16:20:53.998+0000] {processor.py:208} INFO - Processing /usr/local/lib/python3.9/dist-packages/airflow/example_dags/example_dag_decorator.py took 0.357 seconds
[2025-02-10T16:22:14.371+0000] {processor.py:186} INFO - Started process (PID=984) to work on /usr/local/lib/python3.9/dist-packages/airflow/example_dags/example_dag_decorator.py
[2025-02-10T16:22:14.373+0000] {processor.py:914} INFO - Processing file /usr/local/lib/python3.9/dist-packages/airflow/example_dags/example_dag_decorator.py for tasks to queue
[2025-02-10T16:22:14.377+0000] {logging_mixin.py:190} INFO - [2025-02-10T16:22:14.376+0000] {dagbag.py:588} INFO - Filling up the DagBag from /usr/local/lib/python3.9/dist-packages/airflow/example_dags/example_dag_decorator.py
[2025-02-10T16:22:14.413+0000] {processor.py:925} INFO - DAG(s) 'example_dag_decorator' retrieved from /usr/local/lib/python3.9/dist-packages/airflow/example_dags/example_dag_decorator.py
[2025-02-10T16:22:14.580+0000] {logging_mixin.py:190} INFO - [2025-02-10T16:22:14.580+0000] {dag.py:3239} INFO - Sync 1 DAGs
[2025-02-10T16:22:14.597+0000] {logging_mixin.py:190} INFO - [2025-02-10T16:22:14.597+0000] {dag.py:4180} INFO - Setting next_dagrun for example_dag_decorator to None, run_after=None
[2025-02-10T16:22:14.672+0000] {processor.py:208} INFO - Processing /usr/local/lib/python3.9/dist-packages/airflow/example_dags/example_dag_decorator.py took 0.307 seconds
[2025-02-10T16:23:32.131+0000] {processor.py:186} INFO - Started process (PID=1049) to work on /usr/local/lib/python3.9/dist-packages/airflow/example_dags/example_dag_decorator.py
[2025-02-10T16:23:32.133+0000] {processor.py:914} INFO - Processing file /usr/local/lib/python3.9/dist-packages/airflow/example_dags/example_dag_decorator.py for tasks to queue
[2025-02-10T16:23:32.136+0000] {logging_mixin.py:190} INFO - [2025-02-10T16:23:32.136+0000] {dagbag.py:588} INFO - Filling up the DagBag from /usr/local/lib/python3.9/dist-packages/airflow/example_dags/example_dag_decorator.py
[2025-02-10T16:23:32.165+0000] {processor.py:925} INFO - DAG(s) 'example_dag_decorator' retrieved from /usr/local/lib/python3.9/dist-packages/airflow/example_dags/example_dag_decorator.py
[2025-02-10T16:23:32.319+0000] {logging_mixin.py:190} INFO - [2025-02-10T16:23:32.318+0000] {dag.py:3239} INFO - Sync 1 DAGs
[2025-02-10T16:23:32.335+0000] {logging_mixin.py:190} INFO - [2025-02-10T16:23:32.334+0000] {dag.py:4180} INFO - Setting next_dagrun for example_dag_decorator to None, run_after=None
[2025-02-10T16:23:32.412+0000] {processor.py:208} INFO - Processing /usr/local/lib/python3.9/dist-packages/airflow/example_dags/example_dag_decorator.py took 0.286 seconds
[2025-02-10T16:24:51.139+0000] {processor.py:186} INFO - Started process (PID=1113) to work on /usr/local/lib/python3.9/dist-packages/airflow/example_dags/example_dag_decorator.py
[2025-02-10T16:24:51.140+0000] {processor.py:914} INFO - Processing file /usr/local/lib/python3.9/dist-packages/airflow/example_dags/example_dag_decorator.py for tasks to queue
[2025-02-10T16:24:51.144+0000] {logging_mixin.py:190} INFO - [2025-02-10T16:24:51.143+0000] {dagbag.py:588} INFO - Filling up the DagBag from /usr/local/lib/python3.9/dist-packages/airflow/example_dags/example_dag_decorator.py
[2025-02-10T16:24:51.172+0000] {processor.py:925} INFO - DAG(s) 'example_dag_decorator' retrieved from /usr/local/lib/python3.9/dist-packages/airflow/example_dags/example_dag_decorator.py
[2025-02-10T16:24:51.330+0000] {logging_mixin.py:190} INFO - [2025-02-10T16:24:51.330+0000] {dag.py:3239} INFO - Sync 1 DAGs
[2025-02-10T16:24:51.347+0000] {logging_mixin.py:190} INFO - [2025-02-10T16:24:51.347+0000] {dag.py:4180} INFO - Setting next_dagrun for example_dag_decorator to None, run_after=None
[2025-02-10T16:24:51.431+0000] {processor.py:208} INFO - Processing /usr/local/lib/python3.9/dist-packages/airflow/example_dags/example_dag_decorator.py took 0.297 seconds
[2025-02-10T16:26:14.387+0000] {processor.py:186} INFO - Started process (PID=1181) to work on /usr/local/lib/python3.9/dist-packages/airflow/example_dags/example_dag_decorator.py
[2025-02-10T16:26:14.389+0000] {processor.py:914} INFO - Processing file /usr/local/lib/python3.9/dist-packages/airflow/example_dags/example_dag_decorator.py for tasks to queue
[2025-02-10T16:26:14.392+0000] {logging_mixin.py:190} INFO - [2025-02-10T16:26:14.392+0000] {dagbag.py:588} INFO - Filling up the DagBag from /usr/local/lib/python3.9/dist-packages/airflow/example_dags/example_dag_decorator.py
[2025-02-10T16:26:14.422+0000] {processor.py:925} INFO - DAG(s) 'example_dag_decorator' retrieved from /usr/local/lib/python3.9/dist-packages/airflow/example_dags/example_dag_decorator.py
[2025-02-10T16:26:14.577+0000] {logging_mixin.py:190} INFO - [2025-02-10T16:26:14.577+0000] {dag.py:3239} INFO - Sync 1 DAGs
[2025-02-10T16:26:14.594+0000] {logging_mixin.py:190} INFO - [2025-02-10T16:26:14.594+0000] {dag.py:4180} INFO - Setting next_dagrun for example_dag_decorator to None, run_after=None
[2025-02-10T16:26:14.674+0000] {processor.py:208} INFO - Processing /usr/local/lib/python3.9/dist-packages/airflow/example_dags/example_dag_decorator.py took 0.292 seconds
[2025-02-10T16:27:34.374+0000] {processor.py:186} INFO - Started process (PID=1247) to work on /usr/local/lib/python3.9/dist-packages/airflow/example_dags/example_dag_decorator.py
[2025-02-10T16:27:34.375+0000] {processor.py:914} INFO - Processing file /usr/local/lib/python3.9/dist-packages/airflow/example_dags/example_dag_decorator.py for tasks to queue
[2025-02-10T16:27:34.378+0000] {logging_mixin.py:190} INFO - [2025-02-10T16:27:34.378+0000] {dagbag.py:588} INFO - Filling up the DagBag from /usr/local/lib/python3.9/dist-packages/airflow/example_dags/example_dag_decorator.py
[2025-02-10T16:27:34.408+0000] {processor.py:925} INFO - DAG(s) 'example_dag_decorator' retrieved from /usr/local/lib/python3.9/dist-packages/airflow/example_dags/example_dag_decorator.py
[2025-02-10T16:27:34.574+0000] {logging_mixin.py:190} INFO - [2025-02-10T16:27:34.574+0000] {dag.py:3239} INFO - Sync 1 DAGs
[2025-02-10T16:27:34.593+0000] {logging_mixin.py:190} INFO - [2025-02-10T16:27:34.593+0000] {dag.py:4180} INFO - Setting next_dagrun for example_dag_decorator to None, run_after=None
[2025-02-10T16:27:34.668+0000] {processor.py:208} INFO - Processing /usr/local/lib/python3.9/dist-packages/airflow/example_dags/example_dag_decorator.py took 0.300 seconds
[2025-02-10T16:28:51.975+0000] {processor.py:186} INFO - Started process (PID=1311) to work on /usr/local/lib/python3.9/dist-packages/airflow/example_dags/example_dag_decorator.py
[2025-02-10T16:28:51.976+0000] {processor.py:914} INFO - Processing file /usr/local/lib/python3.9/dist-packages/airflow/example_dags/example_dag_decorator.py for tasks to queue
[2025-02-10T16:28:51.980+0000] {logging_mixin.py:190} INFO - [2025-02-10T16:28:51.980+0000] {dagbag.py:588} INFO - Filling up the DagBag from /usr/local/lib/python3.9/dist-packages/airflow/example_dags/example_dag_decorator.py
[2025-02-10T16:28:52.010+0000] {processor.py:925} INFO - DAG(s) 'example_dag_decorator' retrieved from /usr/local/lib/python3.9/dist-packages/airflow/example_dags/example_dag_decorator.py
[2025-02-10T16:28:52.163+0000] {logging_mixin.py:190} INFO - [2025-02-10T16:28:52.163+0000] {dag.py:3239} INFO - Sync 1 DAGs
[2025-02-10T16:28:52.180+0000] {logging_mixin.py:190} INFO - [2025-02-10T16:28:52.179+0000] {dag.py:4180} INFO - Setting next_dagrun for example_dag_decorator to None, run_after=None
[2025-02-10T16:28:52.256+0000] {processor.py:208} INFO - Processing /usr/local/lib/python3.9/dist-packages/airflow/example_dags/example_dag_decorator.py took 0.287 seconds
[2025-02-10T16:30:08.947+0000] {processor.py:186} INFO - Started process (PID=1376) to work on /usr/local/lib/python3.9/dist-packages/airflow/example_dags/example_dag_decorator.py
[2025-02-10T16:30:08.949+0000] {processor.py:914} INFO - Processing file /usr/local/lib/python3.9/dist-packages/airflow/example_dags/example_dag_decorator.py for tasks to queue
[2025-02-10T16:30:08.952+0000] {logging_mixin.py:190} INFO - [2025-02-10T16:30:08.952+0000] {dagbag.py:588} INFO - Filling up the DagBag from /usr/local/lib/python3.9/dist-packages/airflow/example_dags/example_dag_decorator.py
[2025-02-10T16:30:08.983+0000] {processor.py:925} INFO - DAG(s) 'example_dag_decorator' retrieved from /usr/local/lib/python3.9/dist-packages/airflow/example_dags/example_dag_decorator.py
[2025-02-10T16:30:09.148+0000] {logging_mixin.py:190} INFO - [2025-02-10T16:30:09.148+0000] {dag.py:3239} INFO - Sync 1 DAGs
[2025-02-10T16:30:09.165+0000] {logging_mixin.py:190} INFO - [2025-02-10T16:30:09.165+0000] {dag.py:4180} INFO - Setting next_dagrun for example_dag_decorator to None, run_after=None
[2025-02-10T16:30:09.244+0000] {processor.py:208} INFO - Processing /usr/local/lib/python3.9/dist-packages/airflow/example_dags/example_dag_decorator.py took 0.303 seconds
[2025-02-10T16:31:23.232+0000] {processor.py:186} INFO - Started process (PID=1439) to work on /usr/local/lib/python3.9/dist-packages/airflow/example_dags/example_dag_decorator.py
[2025-02-10T16:31:23.234+0000] {processor.py:914} INFO - Processing file /usr/local/lib/python3.9/dist-packages/airflow/example_dags/example_dag_decorator.py for tasks to queue
[2025-02-10T16:31:23.237+0000] {logging_mixin.py:190} INFO - [2025-02-10T16:31:23.236+0000] {dagbag.py:588} INFO - Filling up the DagBag from /usr/local/lib/python3.9/dist-packages/airflow/example_dags/example_dag_decorator.py
[2025-02-10T16:31:23.266+0000] {processor.py:925} INFO - DAG(s) 'example_dag_decorator' retrieved from /usr/local/lib/python3.9/dist-packages/airflow/example_dags/example_dag_decorator.py
[2025-02-10T16:31:23.424+0000] {logging_mixin.py:190} INFO - [2025-02-10T16:31:23.424+0000] {dag.py:3239} INFO - Sync 1 DAGs
[2025-02-10T16:31:23.441+0000] {logging_mixin.py:190} INFO - [2025-02-10T16:31:23.440+0000] {dag.py:4180} INFO - Setting next_dagrun for example_dag_decorator to None, run_after=None
[2025-02-10T16:31:23.520+0000] {processor.py:208} INFO - Processing /usr/local/lib/python3.9/dist-packages/airflow/example_dags/example_dag_decorator.py took 0.293 seconds
[2025-02-10T16:32:42.247+0000] {processor.py:186} INFO - Started process (PID=1503) to work on /usr/local/lib/python3.9/dist-packages/airflow/example_dags/example_dag_decorator.py
[2025-02-10T16:32:42.249+0000] {processor.py:914} INFO - Processing file /usr/local/lib/python3.9/dist-packages/airflow/example_dags/example_dag_decorator.py for tasks to queue
[2025-02-10T16:32:42.252+0000] {logging_mixin.py:190} INFO - [2025-02-10T16:32:42.251+0000] {dagbag.py:588} INFO - Filling up the DagBag from /usr/local/lib/python3.9/dist-packages/airflow/example_dags/example_dag_decorator.py
[2025-02-10T16:32:42.286+0000] {processor.py:925} INFO - DAG(s) 'example_dag_decorator' retrieved from /usr/local/lib/python3.9/dist-packages/airflow/example_dags/example_dag_decorator.py
[2025-02-10T16:32:42.457+0000] {logging_mixin.py:190} INFO - [2025-02-10T16:32:42.457+0000] {dag.py:3239} INFO - Sync 1 DAGs
[2025-02-10T16:32:42.477+0000] {logging_mixin.py:190} INFO - [2025-02-10T16:32:42.477+0000] {dag.py:4180} INFO - Setting next_dagrun for example_dag_decorator to None, run_after=None
[2025-02-10T16:32:42.559+0000] {processor.py:208} INFO - Processing /usr/local/lib/python3.9/dist-packages/airflow/example_dags/example_dag_decorator.py took 0.317 seconds
[2025-02-10T16:33:58.169+0000] {processor.py:186} INFO - Started process (PID=1567) to work on /usr/local/lib/python3.9/dist-packages/airflow/example_dags/example_dag_decorator.py
[2025-02-10T16:33:58.170+0000] {processor.py:914} INFO - Processing file /usr/local/lib/python3.9/dist-packages/airflow/example_dags/example_dag_decorator.py for tasks to queue
[2025-02-10T16:33:58.174+0000] {logging_mixin.py:190} INFO - [2025-02-10T16:33:58.174+0000] {dagbag.py:588} INFO - Filling up the DagBag from /usr/local/lib/python3.9/dist-packages/airflow/example_dags/example_dag_decorator.py
[2025-02-10T16:33:58.229+0000] {processor.py:925} INFO - DAG(s) 'example_dag_decorator' retrieved from /usr/local/lib/python3.9/dist-packages/airflow/example_dags/example_dag_decorator.py
[2025-02-10T16:33:58.458+0000] {logging_mixin.py:190} INFO - [2025-02-10T16:33:58.457+0000] {dag.py:3239} INFO - Sync 1 DAGs
[2025-02-10T16:33:58.476+0000] {logging_mixin.py:190} INFO - [2025-02-10T16:33:58.476+0000] {dag.py:4180} INFO - Setting next_dagrun for example_dag_decorator to None, run_after=None
[2025-02-10T16:33:58.568+0000] {processor.py:208} INFO - Processing /usr/local/lib/python3.9/dist-packages/airflow/example_dags/example_dag_decorator.py took 0.405 seconds
[2025-02-10T16:35:11.087+0000] {processor.py:186} INFO - Started process (PID=1630) to work on /usr/local/lib/python3.9/dist-packages/airflow/example_dags/example_dag_decorator.py
[2025-02-10T16:35:11.089+0000] {processor.py:914} INFO - Processing file /usr/local/lib/python3.9/dist-packages/airflow/example_dags/example_dag_decorator.py for tasks to queue
[2025-02-10T16:35:11.093+0000] {logging_mixin.py:190} INFO - [2025-02-10T16:35:11.093+0000] {dagbag.py:588} INFO - Filling up the DagBag from /usr/local/lib/python3.9/dist-packages/airflow/example_dags/example_dag_decorator.py
[2025-02-10T16:35:11.140+0000] {processor.py:925} INFO - DAG(s) 'example_dag_decorator' retrieved from /usr/local/lib/python3.9/dist-packages/airflow/example_dags/example_dag_decorator.py
[2025-02-10T16:35:11.290+0000] {logging_mixin.py:190} INFO - [2025-02-10T16:35:11.289+0000] {dag.py:3239} INFO - Sync 1 DAGs
[2025-02-10T16:35:11.306+0000] {logging_mixin.py:190} INFO - [2025-02-10T16:35:11.306+0000] {dag.py:4180} INFO - Setting next_dagrun for example_dag_decorator to None, run_after=None
[2025-02-10T16:35:11.386+0000] {processor.py:208} INFO - Processing /usr/local/lib/python3.9/dist-packages/airflow/example_dags/example_dag_decorator.py took 0.309 seconds
[2025-02-10T16:36:28.542+0000] {processor.py:186} INFO - Started process (PID=1694) to work on /usr/local/lib/python3.9/dist-packages/airflow/example_dags/example_dag_decorator.py
[2025-02-10T16:36:28.543+0000] {processor.py:914} INFO - Processing file /usr/local/lib/python3.9/dist-packages/airflow/example_dags/example_dag_decorator.py for tasks to queue
[2025-02-10T16:36:28.547+0000] {logging_mixin.py:190} INFO - [2025-02-10T16:36:28.546+0000] {dagbag.py:588} INFO - Filling up the DagBag from /usr/local/lib/python3.9/dist-packages/airflow/example_dags/example_dag_decorator.py
[2025-02-10T16:36:28.584+0000] {processor.py:925} INFO - DAG(s) 'example_dag_decorator' retrieved from /usr/local/lib/python3.9/dist-packages/airflow/example_dags/example_dag_decorator.py
[2025-02-10T16:36:28.812+0000] {logging_mixin.py:190} INFO - [2025-02-10T16:36:28.811+0000] {dag.py:3239} INFO - Sync 1 DAGs
[2025-02-10T16:36:28.829+0000] {logging_mixin.py:190} INFO - [2025-02-10T16:36:28.829+0000] {dag.py:4180} INFO - Setting next_dagrun for example_dag_decorator to None, run_after=None
[2025-02-10T16:36:28.910+0000] {processor.py:208} INFO - Processing /usr/local/lib/python3.9/dist-packages/airflow/example_dags/example_dag_decorator.py took 0.375 seconds
[2025-02-10T16:37:51.620+0000] {processor.py:186} INFO - Started process (PID=1760) to work on /usr/local/lib/python3.9/dist-packages/airflow/example_dags/example_dag_decorator.py
[2025-02-10T16:37:51.622+0000] {processor.py:914} INFO - Processing file /usr/local/lib/python3.9/dist-packages/airflow/example_dags/example_dag_decorator.py for tasks to queue
[2025-02-10T16:37:51.625+0000] {logging_mixin.py:190} INFO - [2025-02-10T16:37:51.625+0000] {dagbag.py:588} INFO - Filling up the DagBag from /usr/local/lib/python3.9/dist-packages/airflow/example_dags/example_dag_decorator.py
[2025-02-10T16:37:51.656+0000] {processor.py:925} INFO - DAG(s) 'example_dag_decorator' retrieved from /usr/local/lib/python3.9/dist-packages/airflow/example_dags/example_dag_decorator.py
[2025-02-10T16:37:51.823+0000] {logging_mixin.py:190} INFO - [2025-02-10T16:37:51.823+0000] {dag.py:3239} INFO - Sync 1 DAGs
[2025-02-10T16:37:51.844+0000] {logging_mixin.py:190} INFO - [2025-02-10T16:37:51.843+0000] {dag.py:4180} INFO - Setting next_dagrun for example_dag_decorator to None, run_after=None
[2025-02-10T16:37:51.928+0000] {processor.py:208} INFO - Processing /usr/local/lib/python3.9/dist-packages/airflow/example_dags/example_dag_decorator.py took 0.313 seconds
