[2025-02-10T14:48:52.608+0000] {processor.py:186} INFO - Started process (PID=62) to work on /usr/local/lib/python3.9/dist-packages/airflow/example_dags/example_branch_labels.py
[2025-02-10T14:48:52.609+0000] {processor.py:914} INFO - Processing file /usr/local/lib/python3.9/dist-packages/airflow/example_dags/example_branch_labels.py for tasks to queue
[2025-02-10T14:48:52.613+0000] {logging_mixin.py:190} INFO - [2025-02-10T14:48:52.612+0000] {dagbag.py:588} INFO - Filling up the DagBag from /usr/local/lib/python3.9/dist-packages/airflow/example_dags/example_branch_labels.py
[2025-02-10T14:48:52.623+0000] {processor.py:925} INFO - DAG(s) 'example_branch_labels' retrieved from /usr/local/lib/python3.9/dist-packages/airflow/example_dags/example_branch_labels.py
[2025-02-10T14:48:52.791+0000] {logging_mixin.py:190} INFO - [2025-02-10T14:48:52.790+0000] {override.py:1930} INFO - Created Permission View: can delete on DAG:example_branch_labels
[2025-02-10T14:48:52.837+0000] {logging_mixin.py:190} INFO - [2025-02-10T14:48:52.837+0000] {override.py:1930} INFO - Created Permission View: can read on DAG:example_branch_labels
[2025-02-10T14:48:52.881+0000] {logging_mixin.py:190} INFO - [2025-02-10T14:48:52.880+0000] {override.py:1930} INFO - Created Permission View: can edit on DAG:example_branch_labels
[2025-02-10T14:48:52.947+0000] {logging_mixin.py:190} INFO - [2025-02-10T14:48:52.946+0000] {override.py:1930} INFO - Created Permission View: can create on DAG Run:example_branch_labels
[2025-02-10T14:48:52.990+0000] {logging_mixin.py:190} INFO - [2025-02-10T14:48:52.990+0000] {override.py:1930} INFO - Created Permission View: can delete on DAG Run:example_branch_labels
[2025-02-10T14:48:53.040+0000] {logging_mixin.py:190} INFO - [2025-02-10T14:48:53.040+0000] {override.py:1930} INFO - Created Permission View: can read on DAG Run:example_branch_labels
[2025-02-10T14:48:53.087+0000] {logging_mixin.py:190} INFO - [2025-02-10T14:48:53.087+0000] {override.py:1930} INFO - Created Permission View: menu access on DAG Run:example_branch_labels
[2025-02-10T14:48:53.088+0000] {logging_mixin.py:190} INFO - [2025-02-10T14:48:53.088+0000] {dag.py:3239} INFO - Sync 1 DAGs
[2025-02-10T14:48:53.109+0000] {logging_mixin.py:190} INFO - [2025-02-10T14:48:53.109+0000] {dag.py:3262} INFO - Creating ORM DAG for example_branch_labels
[2025-02-10T14:48:53.124+0000] {logging_mixin.py:190} INFO - [2025-02-10T14:48:53.124+0000] {dag.py:4180} INFO - Setting next_dagrun for example_branch_labels to 2025-02-09 00:00:00+00:00, run_after=2025-02-10 00:00:00+00:00
[2025-02-10T14:48:53.213+0000] {processor.py:208} INFO - Processing /usr/local/lib/python3.9/dist-packages/airflow/example_dags/example_branch_labels.py took 0.610 seconds
[2025-02-10T14:50:23.007+0000] {processor.py:186} INFO - Started process (PID=122) to work on /usr/local/lib/python3.9/dist-packages/airflow/example_dags/example_branch_labels.py
[2025-02-10T14:50:23.009+0000] {processor.py:914} INFO - Processing file /usr/local/lib/python3.9/dist-packages/airflow/example_dags/example_branch_labels.py for tasks to queue
[2025-02-10T14:50:23.012+0000] {logging_mixin.py:190} INFO - [2025-02-10T14:50:23.012+0000] {dagbag.py:588} INFO - Filling up the DagBag from /usr/local/lib/python3.9/dist-packages/airflow/example_dags/example_branch_labels.py
[2025-02-10T14:50:23.021+0000] {processor.py:925} INFO - DAG(s) 'example_branch_labels' retrieved from /usr/local/lib/python3.9/dist-packages/airflow/example_dags/example_branch_labels.py
[2025-02-10T14:50:23.052+0000] {logging_mixin.py:190} INFO - [2025-02-10T14:50:23.052+0000] {dag.py:3239} INFO - Sync 1 DAGs
[2025-02-10T14:50:23.084+0000] {logging_mixin.py:190} INFO - [2025-02-10T14:50:23.084+0000] {dag.py:4180} INFO - Setting next_dagrun for example_branch_labels to 2025-02-09 00:00:00+00:00, run_after=2025-02-10 00:00:00+00:00
[2025-02-10T14:50:23.159+0000] {processor.py:208} INFO - Processing /usr/local/lib/python3.9/dist-packages/airflow/example_dags/example_branch_labels.py took 0.157 seconds
[2025-02-10T14:51:38.367+0000] {processor.py:186} INFO - Started process (PID=185) to work on /usr/local/lib/python3.9/dist-packages/airflow/example_dags/example_branch_labels.py
[2025-02-10T14:51:38.368+0000] {processor.py:914} INFO - Processing file /usr/local/lib/python3.9/dist-packages/airflow/example_dags/example_branch_labels.py for tasks to queue
[2025-02-10T14:51:38.372+0000] {logging_mixin.py:190} INFO - [2025-02-10T14:51:38.371+0000] {dagbag.py:588} INFO - Filling up the DagBag from /usr/local/lib/python3.9/dist-packages/airflow/example_dags/example_branch_labels.py
[2025-02-10T14:51:38.381+0000] {processor.py:925} INFO - DAG(s) 'example_branch_labels' retrieved from /usr/local/lib/python3.9/dist-packages/airflow/example_dags/example_branch_labels.py
[2025-02-10T14:51:38.410+0000] {logging_mixin.py:190} INFO - [2025-02-10T14:51:38.410+0000] {dag.py:3239} INFO - Sync 1 DAGs
[2025-02-10T14:51:38.443+0000] {logging_mixin.py:190} INFO - [2025-02-10T14:51:38.443+0000] {dag.py:4180} INFO - Setting next_dagrun for example_branch_labels to 2025-02-09 00:00:00+00:00, run_after=2025-02-10 00:00:00+00:00
[2025-02-10T14:51:38.526+0000] {processor.py:208} INFO - Processing /usr/local/lib/python3.9/dist-packages/airflow/example_dags/example_branch_labels.py took 0.164 seconds
[2025-02-10T14:53:00.272+0000] {processor.py:186} INFO - Started process (PID=252) to work on /usr/local/lib/python3.9/dist-packages/airflow/example_dags/example_branch_labels.py
[2025-02-10T14:53:00.273+0000] {processor.py:914} INFO - Processing file /usr/local/lib/python3.9/dist-packages/airflow/example_dags/example_branch_labels.py for tasks to queue
[2025-02-10T14:53:00.276+0000] {logging_mixin.py:190} INFO - [2025-02-10T14:53:00.276+0000] {dagbag.py:588} INFO - Filling up the DagBag from /usr/local/lib/python3.9/dist-packages/airflow/example_dags/example_branch_labels.py
[2025-02-10T14:53:00.286+0000] {processor.py:925} INFO - DAG(s) 'example_branch_labels' retrieved from /usr/local/lib/python3.9/dist-packages/airflow/example_dags/example_branch_labels.py
[2025-02-10T14:53:00.318+0000] {logging_mixin.py:190} INFO - [2025-02-10T14:53:00.317+0000] {dag.py:3239} INFO - Sync 1 DAGs
[2025-02-10T14:53:00.348+0000] {logging_mixin.py:190} INFO - [2025-02-10T14:53:00.348+0000] {dag.py:4180} INFO - Setting next_dagrun for example_branch_labels to 2025-02-09 00:00:00+00:00, run_after=2025-02-10 00:00:00+00:00
[2025-02-10T14:53:00.424+0000] {processor.py:208} INFO - Processing /usr/local/lib/python3.9/dist-packages/airflow/example_dags/example_branch_labels.py took 0.157 seconds
[2025-02-10T14:54:18.277+0000] {processor.py:186} INFO - Started process (PID=317) to work on /usr/local/lib/python3.9/dist-packages/airflow/example_dags/example_branch_labels.py
[2025-02-10T14:54:18.279+0000] {processor.py:914} INFO - Processing file /usr/local/lib/python3.9/dist-packages/airflow/example_dags/example_branch_labels.py for tasks to queue
[2025-02-10T14:54:18.282+0000] {logging_mixin.py:190} INFO - [2025-02-10T14:54:18.281+0000] {dagbag.py:588} INFO - Filling up the DagBag from /usr/local/lib/python3.9/dist-packages/airflow/example_dags/example_branch_labels.py
[2025-02-10T14:54:18.291+0000] {processor.py:925} INFO - DAG(s) 'example_branch_labels' retrieved from /usr/local/lib/python3.9/dist-packages/airflow/example_dags/example_branch_labels.py
[2025-02-10T14:54:18.325+0000] {logging_mixin.py:190} INFO - [2025-02-10T14:54:18.324+0000] {dag.py:3239} INFO - Sync 1 DAGs
[2025-02-10T14:54:18.355+0000] {logging_mixin.py:190} INFO - [2025-02-10T14:54:18.355+0000] {dag.py:4180} INFO - Setting next_dagrun for example_branch_labels to 2025-02-09 00:00:00+00:00, run_after=2025-02-10 00:00:00+00:00
[2025-02-10T14:54:18.428+0000] {processor.py:208} INFO - Processing /usr/local/lib/python3.9/dist-packages/airflow/example_dags/example_branch_labels.py took 0.157 seconds
[2025-02-10T14:55:35.557+0000] {processor.py:186} INFO - Started process (PID=382) to work on /usr/local/lib/python3.9/dist-packages/airflow/example_dags/example_branch_labels.py
[2025-02-10T14:55:35.559+0000] {processor.py:914} INFO - Processing file /usr/local/lib/python3.9/dist-packages/airflow/example_dags/example_branch_labels.py for tasks to queue
[2025-02-10T14:55:35.563+0000] {logging_mixin.py:190} INFO - [2025-02-10T14:55:35.562+0000] {dagbag.py:588} INFO - Filling up the DagBag from /usr/local/lib/python3.9/dist-packages/airflow/example_dags/example_branch_labels.py
[2025-02-10T14:55:35.571+0000] {processor.py:925} INFO - DAG(s) 'example_branch_labels' retrieved from /usr/local/lib/python3.9/dist-packages/airflow/example_dags/example_branch_labels.py
[2025-02-10T14:55:35.602+0000] {logging_mixin.py:190} INFO - [2025-02-10T14:55:35.602+0000] {dag.py:3239} INFO - Sync 1 DAGs
[2025-02-10T14:55:35.631+0000] {logging_mixin.py:190} INFO - [2025-02-10T14:55:35.631+0000] {dag.py:4180} INFO - Setting next_dagrun for example_branch_labels to 2025-02-09 00:00:00+00:00, run_after=2025-02-10 00:00:00+00:00
[2025-02-10T14:55:35.707+0000] {processor.py:208} INFO - Processing /usr/local/lib/python3.9/dist-packages/airflow/example_dags/example_branch_labels.py took 0.155 seconds
[2025-02-10T14:57:00.161+0000] {processor.py:186} INFO - Started process (PID=450) to work on /usr/local/lib/python3.9/dist-packages/airflow/example_dags/example_branch_labels.py
[2025-02-10T14:57:00.163+0000] {processor.py:914} INFO - Processing file /usr/local/lib/python3.9/dist-packages/airflow/example_dags/example_branch_labels.py for tasks to queue
[2025-02-10T14:57:00.166+0000] {logging_mixin.py:190} INFO - [2025-02-10T14:57:00.166+0000] {dagbag.py:588} INFO - Filling up the DagBag from /usr/local/lib/python3.9/dist-packages/airflow/example_dags/example_branch_labels.py
[2025-02-10T14:57:00.177+0000] {processor.py:925} INFO - DAG(s) 'example_branch_labels' retrieved from /usr/local/lib/python3.9/dist-packages/airflow/example_dags/example_branch_labels.py
[2025-02-10T14:57:00.210+0000] {logging_mixin.py:190} INFO - [2025-02-10T14:57:00.210+0000] {dag.py:3239} INFO - Sync 1 DAGs
[2025-02-10T14:57:00.242+0000] {logging_mixin.py:190} INFO - [2025-02-10T14:57:00.242+0000] {dag.py:4180} INFO - Setting next_dagrun for example_branch_labels to 2025-02-09 00:00:00+00:00, run_after=2025-02-10 00:00:00+00:00
[2025-02-10T14:57:00.319+0000] {processor.py:208} INFO - Processing /usr/local/lib/python3.9/dist-packages/airflow/example_dags/example_branch_labels.py took 0.165 seconds
[2025-02-10T14:58:15.798+0000] {processor.py:186} INFO - Started process (PID=515) to work on /usr/local/lib/python3.9/dist-packages/airflow/example_dags/example_branch_labels.py
[2025-02-10T14:58:15.800+0000] {processor.py:914} INFO - Processing file /usr/local/lib/python3.9/dist-packages/airflow/example_dags/example_branch_labels.py for tasks to queue
[2025-02-10T14:58:15.802+0000] {logging_mixin.py:190} INFO - [2025-02-10T14:58:15.802+0000] {dagbag.py:588} INFO - Filling up the DagBag from /usr/local/lib/python3.9/dist-packages/airflow/example_dags/example_branch_labels.py
[2025-02-10T14:58:15.811+0000] {processor.py:925} INFO - DAG(s) 'example_branch_labels' retrieved from /usr/local/lib/python3.9/dist-packages/airflow/example_dags/example_branch_labels.py
[2025-02-10T14:58:15.842+0000] {logging_mixin.py:190} INFO - [2025-02-10T14:58:15.842+0000] {dag.py:3239} INFO - Sync 1 DAGs
[2025-02-10T14:58:15.873+0000] {logging_mixin.py:190} INFO - [2025-02-10T14:58:15.873+0000] {dag.py:4180} INFO - Setting next_dagrun for example_branch_labels to 2025-02-09 00:00:00+00:00, run_after=2025-02-10 00:00:00+00:00
[2025-02-10T14:58:15.952+0000] {processor.py:208} INFO - Processing /usr/local/lib/python3.9/dist-packages/airflow/example_dags/example_branch_labels.py took 0.160 seconds
[2025-02-10T14:59:30.821+0000] {processor.py:186} INFO - Started process (PID=580) to work on /usr/local/lib/python3.9/dist-packages/airflow/example_dags/example_branch_labels.py
[2025-02-10T14:59:30.823+0000] {processor.py:914} INFO - Processing file /usr/local/lib/python3.9/dist-packages/airflow/example_dags/example_branch_labels.py for tasks to queue
[2025-02-10T14:59:30.826+0000] {logging_mixin.py:190} INFO - [2025-02-10T14:59:30.825+0000] {dagbag.py:588} INFO - Filling up the DagBag from /usr/local/lib/python3.9/dist-packages/airflow/example_dags/example_branch_labels.py
[2025-02-10T14:59:30.835+0000] {processor.py:925} INFO - DAG(s) 'example_branch_labels' retrieved from /usr/local/lib/python3.9/dist-packages/airflow/example_dags/example_branch_labels.py
[2025-02-10T14:59:30.865+0000] {logging_mixin.py:190} INFO - [2025-02-10T14:59:30.865+0000] {dag.py:3239} INFO - Sync 1 DAGs
[2025-02-10T14:59:30.896+0000] {logging_mixin.py:190} INFO - [2025-02-10T14:59:30.896+0000] {dag.py:4180} INFO - Setting next_dagrun for example_branch_labels to 2025-02-09 00:00:00+00:00, run_after=2025-02-10 00:00:00+00:00
[2025-02-10T14:59:30.972+0000] {processor.py:208} INFO - Processing /usr/local/lib/python3.9/dist-packages/airflow/example_dags/example_branch_labels.py took 0.156 seconds
[2025-02-10T15:00:44.398+0000] {processor.py:186} INFO - Started process (PID=642) to work on /usr/local/lib/python3.9/dist-packages/airflow/example_dags/example_branch_labels.py
[2025-02-10T15:00:44.401+0000] {processor.py:914} INFO - Processing file /usr/local/lib/python3.9/dist-packages/airflow/example_dags/example_branch_labels.py for tasks to queue
[2025-02-10T15:00:44.403+0000] {logging_mixin.py:190} INFO - [2025-02-10T15:00:44.403+0000] {dagbag.py:588} INFO - Filling up the DagBag from /usr/local/lib/python3.9/dist-packages/airflow/example_dags/example_branch_labels.py
[2025-02-10T15:00:44.415+0000] {processor.py:925} INFO - DAG(s) 'example_branch_labels' retrieved from /usr/local/lib/python3.9/dist-packages/airflow/example_dags/example_branch_labels.py
[2025-02-10T15:00:44.447+0000] {logging_mixin.py:190} INFO - [2025-02-10T15:00:44.447+0000] {dag.py:3239} INFO - Sync 1 DAGs
[2025-02-10T15:00:44.478+0000] {logging_mixin.py:190} INFO - [2025-02-10T15:00:44.478+0000] {dag.py:4180} INFO - Setting next_dagrun for example_branch_labels to 2025-02-09 00:00:00+00:00, run_after=2025-02-10 00:00:00+00:00
[2025-02-10T15:00:44.555+0000] {processor.py:208} INFO - Processing /usr/local/lib/python3.9/dist-packages/airflow/example_dags/example_branch_labels.py took 0.163 seconds
[2025-02-10T15:02:03.494+0000] {processor.py:186} INFO - Started process (PID=711) to work on /usr/local/lib/python3.9/dist-packages/airflow/example_dags/example_branch_labels.py
[2025-02-10T15:02:03.496+0000] {processor.py:914} INFO - Processing file /usr/local/lib/python3.9/dist-packages/airflow/example_dags/example_branch_labels.py for tasks to queue
[2025-02-10T15:02:03.499+0000] {logging_mixin.py:190} INFO - [2025-02-10T15:02:03.499+0000] {dagbag.py:588} INFO - Filling up the DagBag from /usr/local/lib/python3.9/dist-packages/airflow/example_dags/example_branch_labels.py
[2025-02-10T15:02:03.509+0000] {processor.py:925} INFO - DAG(s) 'example_branch_labels' retrieved from /usr/local/lib/python3.9/dist-packages/airflow/example_dags/example_branch_labels.py
[2025-02-10T15:02:03.545+0000] {logging_mixin.py:190} INFO - [2025-02-10T15:02:03.544+0000] {dag.py:3239} INFO - Sync 1 DAGs
[2025-02-10T15:02:03.578+0000] {logging_mixin.py:190} INFO - [2025-02-10T15:02:03.578+0000] {dag.py:4180} INFO - Setting next_dagrun for example_branch_labels to 2025-02-09 00:00:00+00:00, run_after=2025-02-10 00:00:00+00:00
[2025-02-10T15:02:03.667+0000] {processor.py:208} INFO - Processing /usr/local/lib/python3.9/dist-packages/airflow/example_dags/example_branch_labels.py took 0.179 seconds
[2025-02-10T15:03:23.612+0000] {processor.py:186} INFO - Started process (PID=777) to work on /usr/local/lib/python3.9/dist-packages/airflow/example_dags/example_branch_labels.py
[2025-02-10T15:03:23.613+0000] {processor.py:914} INFO - Processing file /usr/local/lib/python3.9/dist-packages/airflow/example_dags/example_branch_labels.py for tasks to queue
[2025-02-10T15:03:23.616+0000] {logging_mixin.py:190} INFO - [2025-02-10T15:03:23.616+0000] {dagbag.py:588} INFO - Filling up the DagBag from /usr/local/lib/python3.9/dist-packages/airflow/example_dags/example_branch_labels.py
[2025-02-10T15:03:23.625+0000] {processor.py:925} INFO - DAG(s) 'example_branch_labels' retrieved from /usr/local/lib/python3.9/dist-packages/airflow/example_dags/example_branch_labels.py
[2025-02-10T15:03:23.656+0000] {logging_mixin.py:190} INFO - [2025-02-10T15:03:23.656+0000] {dag.py:3239} INFO - Sync 1 DAGs
[2025-02-10T15:03:23.690+0000] {logging_mixin.py:190} INFO - [2025-02-10T15:03:23.690+0000] {dag.py:4180} INFO - Setting next_dagrun for example_branch_labels to 2025-02-09 00:00:00+00:00, run_after=2025-02-10 00:00:00+00:00
[2025-02-10T15:03:23.765+0000] {processor.py:208} INFO - Processing /usr/local/lib/python3.9/dist-packages/airflow/example_dags/example_branch_labels.py took 0.158 seconds
[2025-02-10T15:04:39.499+0000] {processor.py:186} INFO - Started process (PID=841) to work on /usr/local/lib/python3.9/dist-packages/airflow/example_dags/example_branch_labels.py
[2025-02-10T15:04:39.501+0000] {processor.py:914} INFO - Processing file /usr/local/lib/python3.9/dist-packages/airflow/example_dags/example_branch_labels.py for tasks to queue
[2025-02-10T15:04:39.505+0000] {logging_mixin.py:190} INFO - [2025-02-10T15:04:39.504+0000] {dagbag.py:588} INFO - Filling up the DagBag from /usr/local/lib/python3.9/dist-packages/airflow/example_dags/example_branch_labels.py
[2025-02-10T15:04:39.515+0000] {processor.py:925} INFO - DAG(s) 'example_branch_labels' retrieved from /usr/local/lib/python3.9/dist-packages/airflow/example_dags/example_branch_labels.py
[2025-02-10T15:04:39.547+0000] {logging_mixin.py:190} INFO - [2025-02-10T15:04:39.547+0000] {dag.py:3239} INFO - Sync 1 DAGs
[2025-02-10T15:04:39.576+0000] {logging_mixin.py:190} INFO - [2025-02-10T15:04:39.576+0000] {dag.py:4180} INFO - Setting next_dagrun for example_branch_labels to 2025-02-09 00:00:00+00:00, run_after=2025-02-10 00:00:00+00:00
[2025-02-10T15:04:39.654+0000] {processor.py:208} INFO - Processing /usr/local/lib/python3.9/dist-packages/airflow/example_dags/example_branch_labels.py took 0.160 seconds
[2025-02-10T15:06:02.300+0000] {processor.py:186} INFO - Started process (PID=908) to work on /usr/local/lib/python3.9/dist-packages/airflow/example_dags/example_branch_labels.py
[2025-02-10T15:06:02.302+0000] {processor.py:914} INFO - Processing file /usr/local/lib/python3.9/dist-packages/airflow/example_dags/example_branch_labels.py for tasks to queue
[2025-02-10T15:06:02.304+0000] {logging_mixin.py:190} INFO - [2025-02-10T15:06:02.304+0000] {dagbag.py:588} INFO - Filling up the DagBag from /usr/local/lib/python3.9/dist-packages/airflow/example_dags/example_branch_labels.py
[2025-02-10T15:06:02.313+0000] {processor.py:925} INFO - DAG(s) 'example_branch_labels' retrieved from /usr/local/lib/python3.9/dist-packages/airflow/example_dags/example_branch_labels.py
[2025-02-10T15:06:02.344+0000] {logging_mixin.py:190} INFO - [2025-02-10T15:06:02.344+0000] {dag.py:3239} INFO - Sync 1 DAGs
[2025-02-10T15:06:02.376+0000] {logging_mixin.py:190} INFO - [2025-02-10T15:06:02.375+0000] {dag.py:4180} INFO - Setting next_dagrun for example_branch_labels to 2025-02-09 00:00:00+00:00, run_after=2025-02-10 00:00:00+00:00
[2025-02-10T15:06:02.456+0000] {processor.py:208} INFO - Processing /usr/local/lib/python3.9/dist-packages/airflow/example_dags/example_branch_labels.py took 0.161 seconds
[2025-02-10T15:07:18.725+0000] {processor.py:186} INFO - Started process (PID=973) to work on /usr/local/lib/python3.9/dist-packages/airflow/example_dags/example_branch_labels.py
[2025-02-10T15:07:18.729+0000] {processor.py:914} INFO - Processing file /usr/local/lib/python3.9/dist-packages/airflow/example_dags/example_branch_labels.py for tasks to queue
[2025-02-10T15:07:18.732+0000] {logging_mixin.py:190} INFO - [2025-02-10T15:07:18.731+0000] {dagbag.py:588} INFO - Filling up the DagBag from /usr/local/lib/python3.9/dist-packages/airflow/example_dags/example_branch_labels.py
[2025-02-10T15:07:18.741+0000] {processor.py:925} INFO - DAG(s) 'example_branch_labels' retrieved from /usr/local/lib/python3.9/dist-packages/airflow/example_dags/example_branch_labels.py
[2025-02-10T15:07:18.774+0000] {logging_mixin.py:190} INFO - [2025-02-10T15:07:18.774+0000] {dag.py:3239} INFO - Sync 1 DAGs
[2025-02-10T15:07:18.804+0000] {logging_mixin.py:190} INFO - [2025-02-10T15:07:18.804+0000] {dag.py:4180} INFO - Setting next_dagrun for example_branch_labels to 2025-02-09 00:00:00+00:00, run_after=2025-02-10 00:00:00+00:00
[2025-02-10T15:07:18.878+0000] {processor.py:208} INFO - Processing /usr/local/lib/python3.9/dist-packages/airflow/example_dags/example_branch_labels.py took 0.158 seconds
[2025-02-10T15:08:37.321+0000] {processor.py:186} INFO - Started process (PID=1038) to work on /usr/local/lib/python3.9/dist-packages/airflow/example_dags/example_branch_labels.py
[2025-02-10T15:08:37.322+0000] {processor.py:914} INFO - Processing file /usr/local/lib/python3.9/dist-packages/airflow/example_dags/example_branch_labels.py for tasks to queue
[2025-02-10T15:08:37.325+0000] {logging_mixin.py:190} INFO - [2025-02-10T15:08:37.324+0000] {dagbag.py:588} INFO - Filling up the DagBag from /usr/local/lib/python3.9/dist-packages/airflow/example_dags/example_branch_labels.py
[2025-02-10T15:08:37.338+0000] {processor.py:925} INFO - DAG(s) 'example_branch_labels' retrieved from /usr/local/lib/python3.9/dist-packages/airflow/example_dags/example_branch_labels.py
[2025-02-10T15:08:37.376+0000] {logging_mixin.py:190} INFO - [2025-02-10T15:08:37.375+0000] {dag.py:3239} INFO - Sync 1 DAGs
[2025-02-10T15:08:37.418+0000] {logging_mixin.py:190} INFO - [2025-02-10T15:08:37.418+0000] {dag.py:4180} INFO - Setting next_dagrun for example_branch_labels to 2025-02-09 00:00:00+00:00, run_after=2025-02-10 00:00:00+00:00
[2025-02-10T15:08:37.486+0000] {processor.py:208} INFO - Processing /usr/local/lib/python3.9/dist-packages/airflow/example_dags/example_branch_labels.py took 0.172 seconds
[2025-02-10T15:09:55.137+0000] {processor.py:186} INFO - Started process (PID=1103) to work on /usr/local/lib/python3.9/dist-packages/airflow/example_dags/example_branch_labels.py
[2025-02-10T15:09:55.139+0000] {processor.py:914} INFO - Processing file /usr/local/lib/python3.9/dist-packages/airflow/example_dags/example_branch_labels.py for tasks to queue
[2025-02-10T15:09:55.141+0000] {logging_mixin.py:190} INFO - [2025-02-10T15:09:55.141+0000] {dagbag.py:588} INFO - Filling up the DagBag from /usr/local/lib/python3.9/dist-packages/airflow/example_dags/example_branch_labels.py
[2025-02-10T15:09:55.151+0000] {processor.py:925} INFO - DAG(s) 'example_branch_labels' retrieved from /usr/local/lib/python3.9/dist-packages/airflow/example_dags/example_branch_labels.py
[2025-02-10T15:09:55.183+0000] {logging_mixin.py:190} INFO - [2025-02-10T15:09:55.183+0000] {dag.py:3239} INFO - Sync 1 DAGs
[2025-02-10T15:09:55.214+0000] {logging_mixin.py:190} INFO - [2025-02-10T15:09:55.214+0000] {dag.py:4180} INFO - Setting next_dagrun for example_branch_labels to 2025-02-09 00:00:00+00:00, run_after=2025-02-10 00:00:00+00:00
[2025-02-10T15:09:55.287+0000] {processor.py:208} INFO - Processing /usr/local/lib/python3.9/dist-packages/airflow/example_dags/example_branch_labels.py took 0.156 seconds
[2025-02-10T15:11:16.555+0000] {processor.py:186} INFO - Started process (PID=1170) to work on /usr/local/lib/python3.9/dist-packages/airflow/example_dags/example_branch_labels.py
[2025-02-10T15:11:16.557+0000] {processor.py:914} INFO - Processing file /usr/local/lib/python3.9/dist-packages/airflow/example_dags/example_branch_labels.py for tasks to queue
[2025-02-10T15:11:16.560+0000] {logging_mixin.py:190} INFO - [2025-02-10T15:11:16.559+0000] {dagbag.py:588} INFO - Filling up the DagBag from /usr/local/lib/python3.9/dist-packages/airflow/example_dags/example_branch_labels.py
[2025-02-10T15:11:16.570+0000] {processor.py:925} INFO - DAG(s) 'example_branch_labels' retrieved from /usr/local/lib/python3.9/dist-packages/airflow/example_dags/example_branch_labels.py
[2025-02-10T15:11:16.605+0000] {logging_mixin.py:190} INFO - [2025-02-10T15:11:16.605+0000] {dag.py:3239} INFO - Sync 1 DAGs
[2025-02-10T15:11:16.637+0000] {logging_mixin.py:190} INFO - [2025-02-10T15:11:16.637+0000] {dag.py:4180} INFO - Setting next_dagrun for example_branch_labels to 2025-02-09 00:00:00+00:00, run_after=2025-02-10 00:00:00+00:00
[2025-02-10T15:11:16.715+0000] {processor.py:208} INFO - Processing /usr/local/lib/python3.9/dist-packages/airflow/example_dags/example_branch_labels.py took 0.165 seconds
[2025-02-10T15:12:36.419+0000] {processor.py:186} INFO - Started process (PID=1236) to work on /usr/local/lib/python3.9/dist-packages/airflow/example_dags/example_branch_labels.py
[2025-02-10T15:12:36.420+0000] {processor.py:914} INFO - Processing file /usr/local/lib/python3.9/dist-packages/airflow/example_dags/example_branch_labels.py for tasks to queue
[2025-02-10T15:12:36.423+0000] {logging_mixin.py:190} INFO - [2025-02-10T15:12:36.423+0000] {dagbag.py:588} INFO - Filling up the DagBag from /usr/local/lib/python3.9/dist-packages/airflow/example_dags/example_branch_labels.py
[2025-02-10T15:12:36.433+0000] {processor.py:925} INFO - DAG(s) 'example_branch_labels' retrieved from /usr/local/lib/python3.9/dist-packages/airflow/example_dags/example_branch_labels.py
[2025-02-10T15:12:36.462+0000] {logging_mixin.py:190} INFO - [2025-02-10T15:12:36.461+0000] {dag.py:3239} INFO - Sync 1 DAGs
[2025-02-10T15:12:36.492+0000] {logging_mixin.py:190} INFO - [2025-02-10T15:12:36.492+0000] {dag.py:4180} INFO - Setting next_dagrun for example_branch_labels to 2025-02-09 00:00:00+00:00, run_after=2025-02-10 00:00:00+00:00
[2025-02-10T15:12:36.569+0000] {processor.py:208} INFO - Processing /usr/local/lib/python3.9/dist-packages/airflow/example_dags/example_branch_labels.py took 0.155 seconds
[2025-02-10T15:13:52.625+0000] {processor.py:186} INFO - Started process (PID=1300) to work on /usr/local/lib/python3.9/dist-packages/airflow/example_dags/example_branch_labels.py
[2025-02-10T15:13:52.629+0000] {processor.py:914} INFO - Processing file /usr/local/lib/python3.9/dist-packages/airflow/example_dags/example_branch_labels.py for tasks to queue
[2025-02-10T15:13:52.632+0000] {logging_mixin.py:190} INFO - [2025-02-10T15:13:52.631+0000] {dagbag.py:588} INFO - Filling up the DagBag from /usr/local/lib/python3.9/dist-packages/airflow/example_dags/example_branch_labels.py
[2025-02-10T15:13:52.641+0000] {processor.py:925} INFO - DAG(s) 'example_branch_labels' retrieved from /usr/local/lib/python3.9/dist-packages/airflow/example_dags/example_branch_labels.py
[2025-02-10T15:13:52.672+0000] {logging_mixin.py:190} INFO - [2025-02-10T15:13:52.671+0000] {dag.py:3239} INFO - Sync 1 DAGs
[2025-02-10T15:13:52.702+0000] {logging_mixin.py:190} INFO - [2025-02-10T15:13:52.702+0000] {dag.py:4180} INFO - Setting next_dagrun for example_branch_labels to 2025-02-09 00:00:00+00:00, run_after=2025-02-10 00:00:00+00:00
[2025-02-10T15:13:52.776+0000] {processor.py:208} INFO - Processing /usr/local/lib/python3.9/dist-packages/airflow/example_dags/example_branch_labels.py took 0.156 seconds
[2025-02-10T15:25:31.733+0000] {processor.py:186} INFO - Started process (PID=56) to work on /usr/local/lib/python3.9/dist-packages/airflow/example_dags/example_branch_labels.py
[2025-02-10T15:25:31.734+0000] {processor.py:914} INFO - Processing file /usr/local/lib/python3.9/dist-packages/airflow/example_dags/example_branch_labels.py for tasks to queue
[2025-02-10T15:25:31.737+0000] {logging_mixin.py:190} INFO - [2025-02-10T15:25:31.737+0000] {dagbag.py:588} INFO - Filling up the DagBag from /usr/local/lib/python3.9/dist-packages/airflow/example_dags/example_branch_labels.py
[2025-02-10T15:25:31.747+0000] {processor.py:925} INFO - DAG(s) 'example_branch_labels' retrieved from /usr/local/lib/python3.9/dist-packages/airflow/example_dags/example_branch_labels.py
[2025-02-10T15:25:31.784+0000] {logging_mixin.py:190} INFO - [2025-02-10T15:25:31.784+0000] {dag.py:3239} INFO - Sync 1 DAGs
[2025-02-10T15:25:31.819+0000] {logging_mixin.py:190} INFO - [2025-02-10T15:25:31.819+0000] {dag.py:4180} INFO - Setting next_dagrun for example_branch_labels to 2025-02-09 00:00:00+00:00, run_after=2025-02-10 00:00:00+00:00
[2025-02-10T15:25:31.903+0000] {processor.py:208} INFO - Processing /usr/local/lib/python3.9/dist-packages/airflow/example_dags/example_branch_labels.py took 0.175 seconds
[2025-02-10T15:26:40.513+0000] {processor.py:186} INFO - Started process (PID=113) to work on /usr/local/lib/python3.9/dist-packages/airflow/example_dags/example_branch_labels.py
[2025-02-10T15:26:40.515+0000] {processor.py:914} INFO - Processing file /usr/local/lib/python3.9/dist-packages/airflow/example_dags/example_branch_labels.py for tasks to queue
[2025-02-10T15:26:40.517+0000] {logging_mixin.py:190} INFO - [2025-02-10T15:26:40.517+0000] {dagbag.py:588} INFO - Filling up the DagBag from /usr/local/lib/python3.9/dist-packages/airflow/example_dags/example_branch_labels.py
[2025-02-10T15:26:40.527+0000] {processor.py:925} INFO - DAG(s) 'example_branch_labels' retrieved from /usr/local/lib/python3.9/dist-packages/airflow/example_dags/example_branch_labels.py
[2025-02-10T15:26:40.558+0000] {logging_mixin.py:190} INFO - [2025-02-10T15:26:40.558+0000] {dag.py:3239} INFO - Sync 1 DAGs
[2025-02-10T15:26:40.592+0000] {logging_mixin.py:190} INFO - [2025-02-10T15:26:40.592+0000] {dag.py:4180} INFO - Setting next_dagrun for example_branch_labels to 2025-02-09 00:00:00+00:00, run_after=2025-02-10 00:00:00+00:00
[2025-02-10T15:26:40.668+0000] {processor.py:208} INFO - Processing /usr/local/lib/python3.9/dist-packages/airflow/example_dags/example_branch_labels.py took 0.161 seconds
[2025-02-10T15:27:56.186+0000] {processor.py:186} INFO - Started process (PID=177) to work on /usr/local/lib/python3.9/dist-packages/airflow/example_dags/example_branch_labels.py
[2025-02-10T15:27:56.187+0000] {processor.py:914} INFO - Processing file /usr/local/lib/python3.9/dist-packages/airflow/example_dags/example_branch_labels.py for tasks to queue
[2025-02-10T15:27:56.189+0000] {logging_mixin.py:190} INFO - [2025-02-10T15:27:56.189+0000] {dagbag.py:588} INFO - Filling up the DagBag from /usr/local/lib/python3.9/dist-packages/airflow/example_dags/example_branch_labels.py
[2025-02-10T15:27:56.199+0000] {processor.py:925} INFO - DAG(s) 'example_branch_labels' retrieved from /usr/local/lib/python3.9/dist-packages/airflow/example_dags/example_branch_labels.py
[2025-02-10T15:27:56.232+0000] {logging_mixin.py:190} INFO - [2025-02-10T15:27:56.232+0000] {dag.py:3239} INFO - Sync 1 DAGs
[2025-02-10T15:27:56.271+0000] {logging_mixin.py:190} INFO - [2025-02-10T15:27:56.271+0000] {dag.py:4180} INFO - Setting next_dagrun for example_branch_labels to 2025-02-09 00:00:00+00:00, run_after=2025-02-10 00:00:00+00:00
[2025-02-10T15:27:56.362+0000] {processor.py:208} INFO - Processing /usr/local/lib/python3.9/dist-packages/airflow/example_dags/example_branch_labels.py took 0.182 seconds
[2025-02-10T15:29:17.463+0000] {processor.py:186} INFO - Started process (PID=243) to work on /usr/local/lib/python3.9/dist-packages/airflow/example_dags/example_branch_labels.py
[2025-02-10T15:29:17.465+0000] {processor.py:914} INFO - Processing file /usr/local/lib/python3.9/dist-packages/airflow/example_dags/example_branch_labels.py for tasks to queue
[2025-02-10T15:29:17.468+0000] {logging_mixin.py:190} INFO - [2025-02-10T15:29:17.467+0000] {dagbag.py:588} INFO - Filling up the DagBag from /usr/local/lib/python3.9/dist-packages/airflow/example_dags/example_branch_labels.py
[2025-02-10T15:29:17.483+0000] {processor.py:925} INFO - DAG(s) 'example_branch_labels' retrieved from /usr/local/lib/python3.9/dist-packages/airflow/example_dags/example_branch_labels.py
[2025-02-10T15:29:17.524+0000] {logging_mixin.py:190} INFO - [2025-02-10T15:29:17.523+0000] {dag.py:3239} INFO - Sync 1 DAGs
[2025-02-10T15:29:17.587+0000] {logging_mixin.py:190} INFO - [2025-02-10T15:29:17.586+0000] {dag.py:4180} INFO - Setting next_dagrun for example_branch_labels to 2025-02-09 00:00:00+00:00, run_after=2025-02-10 00:00:00+00:00
[2025-02-10T15:29:17.669+0000] {processor.py:208} INFO - Processing /usr/local/lib/python3.9/dist-packages/airflow/example_dags/example_branch_labels.py took 0.215 seconds
[2025-02-10T15:30:31.421+0000] {processor.py:186} INFO - Started process (PID=306) to work on /usr/local/lib/python3.9/dist-packages/airflow/example_dags/example_branch_labels.py
[2025-02-10T15:30:31.423+0000] {processor.py:914} INFO - Processing file /usr/local/lib/python3.9/dist-packages/airflow/example_dags/example_branch_labels.py for tasks to queue
[2025-02-10T15:30:31.426+0000] {logging_mixin.py:190} INFO - [2025-02-10T15:30:31.425+0000] {dagbag.py:588} INFO - Filling up the DagBag from /usr/local/lib/python3.9/dist-packages/airflow/example_dags/example_branch_labels.py
[2025-02-10T15:30:31.435+0000] {processor.py:925} INFO - DAG(s) 'example_branch_labels' retrieved from /usr/local/lib/python3.9/dist-packages/airflow/example_dags/example_branch_labels.py
[2025-02-10T15:30:31.467+0000] {logging_mixin.py:190} INFO - [2025-02-10T15:30:31.467+0000] {dag.py:3239} INFO - Sync 1 DAGs
[2025-02-10T15:30:31.497+0000] {logging_mixin.py:190} INFO - [2025-02-10T15:30:31.497+0000] {dag.py:4180} INFO - Setting next_dagrun for example_branch_labels to 2025-02-09 00:00:00+00:00, run_after=2025-02-10 00:00:00+00:00
[2025-02-10T15:30:31.572+0000] {processor.py:208} INFO - Processing /usr/local/lib/python3.9/dist-packages/airflow/example_dags/example_branch_labels.py took 0.156 seconds
[2025-02-10T15:31:47.941+0000] {processor.py:186} INFO - Started process (PID=370) to work on /usr/local/lib/python3.9/dist-packages/airflow/example_dags/example_branch_labels.py
[2025-02-10T15:31:47.942+0000] {processor.py:914} INFO - Processing file /usr/local/lib/python3.9/dist-packages/airflow/example_dags/example_branch_labels.py for tasks to queue
[2025-02-10T15:31:47.944+0000] {logging_mixin.py:190} INFO - [2025-02-10T15:31:47.944+0000] {dagbag.py:588} INFO - Filling up the DagBag from /usr/local/lib/python3.9/dist-packages/airflow/example_dags/example_branch_labels.py
[2025-02-10T15:31:47.954+0000] {processor.py:925} INFO - DAG(s) 'example_branch_labels' retrieved from /usr/local/lib/python3.9/dist-packages/airflow/example_dags/example_branch_labels.py
[2025-02-10T15:31:47.984+0000] {logging_mixin.py:190} INFO - [2025-02-10T15:31:47.984+0000] {dag.py:3239} INFO - Sync 1 DAGs
[2025-02-10T15:31:48.015+0000] {logging_mixin.py:190} INFO - [2025-02-10T15:31:48.015+0000] {dag.py:4180} INFO - Setting next_dagrun for example_branch_labels to 2025-02-09 00:00:00+00:00, run_after=2025-02-10 00:00:00+00:00
[2025-02-10T15:31:48.087+0000] {processor.py:208} INFO - Processing /usr/local/lib/python3.9/dist-packages/airflow/example_dags/example_branch_labels.py took 0.151 seconds
[2025-02-10T15:33:08.108+0000] {processor.py:186} INFO - Started process (PID=436) to work on /usr/local/lib/python3.9/dist-packages/airflow/example_dags/example_branch_labels.py
[2025-02-10T15:33:08.109+0000] {processor.py:914} INFO - Processing file /usr/local/lib/python3.9/dist-packages/airflow/example_dags/example_branch_labels.py for tasks to queue
[2025-02-10T15:33:08.112+0000] {logging_mixin.py:190} INFO - [2025-02-10T15:33:08.111+0000] {dagbag.py:588} INFO - Filling up the DagBag from /usr/local/lib/python3.9/dist-packages/airflow/example_dags/example_branch_labels.py
[2025-02-10T15:33:08.121+0000] {processor.py:925} INFO - DAG(s) 'example_branch_labels' retrieved from /usr/local/lib/python3.9/dist-packages/airflow/example_dags/example_branch_labels.py
[2025-02-10T15:33:08.153+0000] {logging_mixin.py:190} INFO - [2025-02-10T15:33:08.153+0000] {dag.py:3239} INFO - Sync 1 DAGs
[2025-02-10T15:33:08.184+0000] {logging_mixin.py:190} INFO - [2025-02-10T15:33:08.183+0000] {dag.py:4180} INFO - Setting next_dagrun for example_branch_labels to 2025-02-09 00:00:00+00:00, run_after=2025-02-10 00:00:00+00:00
[2025-02-10T15:33:08.255+0000] {processor.py:208} INFO - Processing /usr/local/lib/python3.9/dist-packages/airflow/example_dags/example_branch_labels.py took 0.153 seconds
[2025-02-10T15:34:31.488+0000] {processor.py:186} INFO - Started process (PID=502) to work on /usr/local/lib/python3.9/dist-packages/airflow/example_dags/example_branch_labels.py
[2025-02-10T15:34:31.489+0000] {processor.py:914} INFO - Processing file /usr/local/lib/python3.9/dist-packages/airflow/example_dags/example_branch_labels.py for tasks to queue
[2025-02-10T15:34:31.492+0000] {logging_mixin.py:190} INFO - [2025-02-10T15:34:31.492+0000] {dagbag.py:588} INFO - Filling up the DagBag from /usr/local/lib/python3.9/dist-packages/airflow/example_dags/example_branch_labels.py
[2025-02-10T15:34:31.503+0000] {processor.py:925} INFO - DAG(s) 'example_branch_labels' retrieved from /usr/local/lib/python3.9/dist-packages/airflow/example_dags/example_branch_labels.py
[2025-02-10T15:34:31.533+0000] {logging_mixin.py:190} INFO - [2025-02-10T15:34:31.532+0000] {dag.py:3239} INFO - Sync 1 DAGs
[2025-02-10T15:34:31.565+0000] {logging_mixin.py:190} INFO - [2025-02-10T15:34:31.564+0000] {dag.py:4180} INFO - Setting next_dagrun for example_branch_labels to 2025-02-09 00:00:00+00:00, run_after=2025-02-10 00:00:00+00:00
[2025-02-10T15:34:31.653+0000] {processor.py:208} INFO - Processing /usr/local/lib/python3.9/dist-packages/airflow/example_dags/example_branch_labels.py took 0.171 seconds
[2025-02-10T15:35:48.888+0000] {processor.py:186} INFO - Started process (PID=567) to work on /usr/local/lib/python3.9/dist-packages/airflow/example_dags/example_branch_labels.py
[2025-02-10T15:35:48.889+0000] {processor.py:914} INFO - Processing file /usr/local/lib/python3.9/dist-packages/airflow/example_dags/example_branch_labels.py for tasks to queue
[2025-02-10T15:35:48.891+0000] {logging_mixin.py:190} INFO - [2025-02-10T15:35:48.891+0000] {dagbag.py:588} INFO - Filling up the DagBag from /usr/local/lib/python3.9/dist-packages/airflow/example_dags/example_branch_labels.py
[2025-02-10T15:35:48.901+0000] {processor.py:925} INFO - DAG(s) 'example_branch_labels' retrieved from /usr/local/lib/python3.9/dist-packages/airflow/example_dags/example_branch_labels.py
[2025-02-10T15:35:48.930+0000] {logging_mixin.py:190} INFO - [2025-02-10T15:35:48.930+0000] {dag.py:3239} INFO - Sync 1 DAGs
[2025-02-10T15:35:48.962+0000] {logging_mixin.py:190} INFO - [2025-02-10T15:35:48.962+0000] {dag.py:4180} INFO - Setting next_dagrun for example_branch_labels to 2025-02-09 00:00:00+00:00, run_after=2025-02-10 00:00:00+00:00
[2025-02-10T15:35:49.037+0000] {processor.py:208} INFO - Processing /usr/local/lib/python3.9/dist-packages/airflow/example_dags/example_branch_labels.py took 0.156 seconds
[2025-02-10T15:37:13.011+0000] {processor.py:186} INFO - Started process (PID=634) to work on /usr/local/lib/python3.9/dist-packages/airflow/example_dags/example_branch_labels.py
[2025-02-10T15:37:13.013+0000] {processor.py:914} INFO - Processing file /usr/local/lib/python3.9/dist-packages/airflow/example_dags/example_branch_labels.py for tasks to queue
[2025-02-10T15:37:13.016+0000] {logging_mixin.py:190} INFO - [2025-02-10T15:37:13.015+0000] {dagbag.py:588} INFO - Filling up the DagBag from /usr/local/lib/python3.9/dist-packages/airflow/example_dags/example_branch_labels.py
[2025-02-10T15:37:13.025+0000] {processor.py:925} INFO - DAG(s) 'example_branch_labels' retrieved from /usr/local/lib/python3.9/dist-packages/airflow/example_dags/example_branch_labels.py
[2025-02-10T15:37:13.059+0000] {logging_mixin.py:190} INFO - [2025-02-10T15:37:13.058+0000] {dag.py:3239} INFO - Sync 1 DAGs
[2025-02-10T15:37:13.091+0000] {logging_mixin.py:190} INFO - [2025-02-10T15:37:13.091+0000] {dag.py:4180} INFO - Setting next_dagrun for example_branch_labels to 2025-02-09 00:00:00+00:00, run_after=2025-02-10 00:00:00+00:00
[2025-02-10T15:37:13.168+0000] {processor.py:208} INFO - Processing /usr/local/lib/python3.9/dist-packages/airflow/example_dags/example_branch_labels.py took 0.162 seconds
[2025-02-10T15:38:35.212+0000] {processor.py:186} INFO - Started process (PID=700) to work on /usr/local/lib/python3.9/dist-packages/airflow/example_dags/example_branch_labels.py
[2025-02-10T15:38:35.213+0000] {processor.py:914} INFO - Processing file /usr/local/lib/python3.9/dist-packages/airflow/example_dags/example_branch_labels.py for tasks to queue
[2025-02-10T15:38:35.215+0000] {logging_mixin.py:190} INFO - [2025-02-10T15:38:35.215+0000] {dagbag.py:588} INFO - Filling up the DagBag from /usr/local/lib/python3.9/dist-packages/airflow/example_dags/example_branch_labels.py
[2025-02-10T15:38:35.225+0000] {processor.py:925} INFO - DAG(s) 'example_branch_labels' retrieved from /usr/local/lib/python3.9/dist-packages/airflow/example_dags/example_branch_labels.py
[2025-02-10T15:38:35.258+0000] {logging_mixin.py:190} INFO - [2025-02-10T15:38:35.257+0000] {dag.py:3239} INFO - Sync 1 DAGs
[2025-02-10T15:38:35.292+0000] {logging_mixin.py:190} INFO - [2025-02-10T15:38:35.291+0000] {dag.py:4180} INFO - Setting next_dagrun for example_branch_labels to 2025-02-09 00:00:00+00:00, run_after=2025-02-10 00:00:00+00:00
[2025-02-10T15:38:35.370+0000] {processor.py:208} INFO - Processing /usr/local/lib/python3.9/dist-packages/airflow/example_dags/example_branch_labels.py took 0.164 seconds
[2025-02-10T15:39:56.876+0000] {processor.py:186} INFO - Started process (PID=767) to work on /usr/local/lib/python3.9/dist-packages/airflow/example_dags/example_branch_labels.py
[2025-02-10T15:39:56.878+0000] {processor.py:914} INFO - Processing file /usr/local/lib/python3.9/dist-packages/airflow/example_dags/example_branch_labels.py for tasks to queue
[2025-02-10T15:39:56.880+0000] {logging_mixin.py:190} INFO - [2025-02-10T15:39:56.880+0000] {dagbag.py:588} INFO - Filling up the DagBag from /usr/local/lib/python3.9/dist-packages/airflow/example_dags/example_branch_labels.py
[2025-02-10T15:39:56.890+0000] {processor.py:925} INFO - DAG(s) 'example_branch_labels' retrieved from /usr/local/lib/python3.9/dist-packages/airflow/example_dags/example_branch_labels.py
[2025-02-10T15:39:56.923+0000] {logging_mixin.py:190} INFO - [2025-02-10T15:39:56.923+0000] {dag.py:3239} INFO - Sync 1 DAGs
[2025-02-10T15:39:56.955+0000] {logging_mixin.py:190} INFO - [2025-02-10T15:39:56.955+0000] {dag.py:4180} INFO - Setting next_dagrun for example_branch_labels to 2025-02-09 00:00:00+00:00, run_after=2025-02-10 00:00:00+00:00
[2025-02-10T15:39:57.030+0000] {processor.py:208} INFO - Processing /usr/local/lib/python3.9/dist-packages/airflow/example_dags/example_branch_labels.py took 0.159 seconds
[2025-02-10T15:41:14.106+0000] {processor.py:186} INFO - Started process (PID=831) to work on /usr/local/lib/python3.9/dist-packages/airflow/example_dags/example_branch_labels.py
[2025-02-10T15:41:14.107+0000] {processor.py:914} INFO - Processing file /usr/local/lib/python3.9/dist-packages/airflow/example_dags/example_branch_labels.py for tasks to queue
[2025-02-10T15:41:14.110+0000] {logging_mixin.py:190} INFO - [2025-02-10T15:41:14.110+0000] {dagbag.py:588} INFO - Filling up the DagBag from /usr/local/lib/python3.9/dist-packages/airflow/example_dags/example_branch_labels.py
[2025-02-10T15:41:14.120+0000] {processor.py:925} INFO - DAG(s) 'example_branch_labels' retrieved from /usr/local/lib/python3.9/dist-packages/airflow/example_dags/example_branch_labels.py
[2025-02-10T15:41:14.152+0000] {logging_mixin.py:190} INFO - [2025-02-10T15:41:14.152+0000] {dag.py:3239} INFO - Sync 1 DAGs
[2025-02-10T15:41:14.184+0000] {logging_mixin.py:190} INFO - [2025-02-10T15:41:14.183+0000] {dag.py:4180} INFO - Setting next_dagrun for example_branch_labels to 2025-02-09 00:00:00+00:00, run_after=2025-02-10 00:00:00+00:00
[2025-02-10T15:41:14.261+0000] {processor.py:208} INFO - Processing /usr/local/lib/python3.9/dist-packages/airflow/example_dags/example_branch_labels.py took 0.160 seconds
[2025-02-10T15:42:34.095+0000] {processor.py:186} INFO - Started process (PID=897) to work on /usr/local/lib/python3.9/dist-packages/airflow/example_dags/example_branch_labels.py
[2025-02-10T15:42:34.096+0000] {processor.py:914} INFO - Processing file /usr/local/lib/python3.9/dist-packages/airflow/example_dags/example_branch_labels.py for tasks to queue
[2025-02-10T15:42:34.099+0000] {logging_mixin.py:190} INFO - [2025-02-10T15:42:34.098+0000] {dagbag.py:588} INFO - Filling up the DagBag from /usr/local/lib/python3.9/dist-packages/airflow/example_dags/example_branch_labels.py
[2025-02-10T15:42:34.108+0000] {processor.py:925} INFO - DAG(s) 'example_branch_labels' retrieved from /usr/local/lib/python3.9/dist-packages/airflow/example_dags/example_branch_labels.py
[2025-02-10T15:42:34.139+0000] {logging_mixin.py:190} INFO - [2025-02-10T15:42:34.139+0000] {dag.py:3239} INFO - Sync 1 DAGs
[2025-02-10T15:42:34.169+0000] {logging_mixin.py:190} INFO - [2025-02-10T15:42:34.169+0000] {dag.py:4180} INFO - Setting next_dagrun for example_branch_labels to 2025-02-09 00:00:00+00:00, run_after=2025-02-10 00:00:00+00:00
[2025-02-10T15:42:34.246+0000] {processor.py:208} INFO - Processing /usr/local/lib/python3.9/dist-packages/airflow/example_dags/example_branch_labels.py took 0.156 seconds
[2025-02-10T15:43:56.088+0000] {processor.py:186} INFO - Started process (PID=964) to work on /usr/local/lib/python3.9/dist-packages/airflow/example_dags/example_branch_labels.py
[2025-02-10T15:43:56.089+0000] {processor.py:914} INFO - Processing file /usr/local/lib/python3.9/dist-packages/airflow/example_dags/example_branch_labels.py for tasks to queue
[2025-02-10T15:43:56.092+0000] {logging_mixin.py:190} INFO - [2025-02-10T15:43:56.092+0000] {dagbag.py:588} INFO - Filling up the DagBag from /usr/local/lib/python3.9/dist-packages/airflow/example_dags/example_branch_labels.py
[2025-02-10T15:43:56.102+0000] {processor.py:925} INFO - DAG(s) 'example_branch_labels' retrieved from /usr/local/lib/python3.9/dist-packages/airflow/example_dags/example_branch_labels.py
[2025-02-10T15:43:56.132+0000] {logging_mixin.py:190} INFO - [2025-02-10T15:43:56.132+0000] {dag.py:3239} INFO - Sync 1 DAGs
[2025-02-10T15:43:56.163+0000] {logging_mixin.py:190} INFO - [2025-02-10T15:43:56.163+0000] {dag.py:4180} INFO - Setting next_dagrun for example_branch_labels to 2025-02-09 00:00:00+00:00, run_after=2025-02-10 00:00:00+00:00
[2025-02-10T15:43:56.235+0000] {processor.py:208} INFO - Processing /usr/local/lib/python3.9/dist-packages/airflow/example_dags/example_branch_labels.py took 0.153 seconds
[2025-02-10T15:45:21.213+0000] {processor.py:186} INFO - Started process (PID=1031) to work on /usr/local/lib/python3.9/dist-packages/airflow/example_dags/example_branch_labels.py
[2025-02-10T15:45:21.214+0000] {processor.py:914} INFO - Processing file /usr/local/lib/python3.9/dist-packages/airflow/example_dags/example_branch_labels.py for tasks to queue
[2025-02-10T15:45:21.217+0000] {logging_mixin.py:190} INFO - [2025-02-10T15:45:21.217+0000] {dagbag.py:588} INFO - Filling up the DagBag from /usr/local/lib/python3.9/dist-packages/airflow/example_dags/example_branch_labels.py
[2025-02-10T15:45:21.227+0000] {processor.py:925} INFO - DAG(s) 'example_branch_labels' retrieved from /usr/local/lib/python3.9/dist-packages/airflow/example_dags/example_branch_labels.py
[2025-02-10T15:45:21.259+0000] {logging_mixin.py:190} INFO - [2025-02-10T15:45:21.258+0000] {dag.py:3239} INFO - Sync 1 DAGs
[2025-02-10T15:45:21.290+0000] {logging_mixin.py:190} INFO - [2025-02-10T15:45:21.290+0000] {dag.py:4180} INFO - Setting next_dagrun for example_branch_labels to 2025-02-09 00:00:00+00:00, run_after=2025-02-10 00:00:00+00:00
[2025-02-10T15:45:21.364+0000] {processor.py:208} INFO - Processing /usr/local/lib/python3.9/dist-packages/airflow/example_dags/example_branch_labels.py took 0.157 seconds
[2025-02-10T15:46:39.764+0000] {processor.py:186} INFO - Started process (PID=1096) to work on /usr/local/lib/python3.9/dist-packages/airflow/example_dags/example_branch_labels.py
[2025-02-10T15:46:39.765+0000] {processor.py:914} INFO - Processing file /usr/local/lib/python3.9/dist-packages/airflow/example_dags/example_branch_labels.py for tasks to queue
[2025-02-10T15:46:39.768+0000] {logging_mixin.py:190} INFO - [2025-02-10T15:46:39.768+0000] {dagbag.py:588} INFO - Filling up the DagBag from /usr/local/lib/python3.9/dist-packages/airflow/example_dags/example_branch_labels.py
[2025-02-10T15:46:39.778+0000] {processor.py:925} INFO - DAG(s) 'example_branch_labels' retrieved from /usr/local/lib/python3.9/dist-packages/airflow/example_dags/example_branch_labels.py
[2025-02-10T15:46:39.810+0000] {logging_mixin.py:190} INFO - [2025-02-10T15:46:39.810+0000] {dag.py:3239} INFO - Sync 1 DAGs
[2025-02-10T15:46:39.841+0000] {logging_mixin.py:190} INFO - [2025-02-10T15:46:39.841+0000] {dag.py:4180} INFO - Setting next_dagrun for example_branch_labels to 2025-02-09 00:00:00+00:00, run_after=2025-02-10 00:00:00+00:00
[2025-02-10T15:46:39.919+0000] {processor.py:208} INFO - Processing /usr/local/lib/python3.9/dist-packages/airflow/example_dags/example_branch_labels.py took 0.161 seconds
[2025-02-10T15:47:56.612+0000] {processor.py:186} INFO - Started process (PID=1161) to work on /usr/local/lib/python3.9/dist-packages/airflow/example_dags/example_branch_labels.py
[2025-02-10T15:47:56.613+0000] {processor.py:914} INFO - Processing file /usr/local/lib/python3.9/dist-packages/airflow/example_dags/example_branch_labels.py for tasks to queue
[2025-02-10T15:47:56.616+0000] {logging_mixin.py:190} INFO - [2025-02-10T15:47:56.616+0000] {dagbag.py:588} INFO - Filling up the DagBag from /usr/local/lib/python3.9/dist-packages/airflow/example_dags/example_branch_labels.py
[2025-02-10T15:47:56.625+0000] {processor.py:925} INFO - DAG(s) 'example_branch_labels' retrieved from /usr/local/lib/python3.9/dist-packages/airflow/example_dags/example_branch_labels.py
[2025-02-10T15:47:56.657+0000] {logging_mixin.py:190} INFO - [2025-02-10T15:47:56.656+0000] {dag.py:3239} INFO - Sync 1 DAGs
[2025-02-10T15:47:56.689+0000] {logging_mixin.py:190} INFO - [2025-02-10T15:47:56.689+0000] {dag.py:4180} INFO - Setting next_dagrun for example_branch_labels to 2025-02-09 00:00:00+00:00, run_after=2025-02-10 00:00:00+00:00
[2025-02-10T15:47:56.765+0000] {processor.py:208} INFO - Processing /usr/local/lib/python3.9/dist-packages/airflow/example_dags/example_branch_labels.py took 0.159 seconds
[2025-02-10T15:49:10.708+0000] {processor.py:186} INFO - Started process (PID=1225) to work on /usr/local/lib/python3.9/dist-packages/airflow/example_dags/example_branch_labels.py
[2025-02-10T15:49:10.710+0000] {processor.py:914} INFO - Processing file /usr/local/lib/python3.9/dist-packages/airflow/example_dags/example_branch_labels.py for tasks to queue
[2025-02-10T15:49:10.712+0000] {logging_mixin.py:190} INFO - [2025-02-10T15:49:10.712+0000] {dagbag.py:588} INFO - Filling up the DagBag from /usr/local/lib/python3.9/dist-packages/airflow/example_dags/example_branch_labels.py
[2025-02-10T15:49:10.722+0000] {processor.py:925} INFO - DAG(s) 'example_branch_labels' retrieved from /usr/local/lib/python3.9/dist-packages/airflow/example_dags/example_branch_labels.py
[2025-02-10T15:49:10.753+0000] {logging_mixin.py:190} INFO - [2025-02-10T15:49:10.752+0000] {dag.py:3239} INFO - Sync 1 DAGs
[2025-02-10T15:49:10.783+0000] {logging_mixin.py:190} INFO - [2025-02-10T15:49:10.782+0000] {dag.py:4180} INFO - Setting next_dagrun for example_branch_labels to 2025-02-09 00:00:00+00:00, run_after=2025-02-10 00:00:00+00:00
[2025-02-10T15:49:10.863+0000] {processor.py:208} INFO - Processing /usr/local/lib/python3.9/dist-packages/airflow/example_dags/example_branch_labels.py took 0.160 seconds
[2025-02-10T15:50:24.076+0000] {processor.py:186} INFO - Started process (PID=1287) to work on /usr/local/lib/python3.9/dist-packages/airflow/example_dags/example_branch_labels.py
[2025-02-10T15:50:24.078+0000] {processor.py:914} INFO - Processing file /usr/local/lib/python3.9/dist-packages/airflow/example_dags/example_branch_labels.py for tasks to queue
[2025-02-10T15:50:24.081+0000] {logging_mixin.py:190} INFO - [2025-02-10T15:50:24.080+0000] {dagbag.py:588} INFO - Filling up the DagBag from /usr/local/lib/python3.9/dist-packages/airflow/example_dags/example_branch_labels.py
[2025-02-10T15:50:24.089+0000] {processor.py:925} INFO - DAG(s) 'example_branch_labels' retrieved from /usr/local/lib/python3.9/dist-packages/airflow/example_dags/example_branch_labels.py
[2025-02-10T15:50:24.120+0000] {logging_mixin.py:190} INFO - [2025-02-10T15:50:24.120+0000] {dag.py:3239} INFO - Sync 1 DAGs
[2025-02-10T15:50:24.152+0000] {logging_mixin.py:190} INFO - [2025-02-10T15:50:24.152+0000] {dag.py:4180} INFO - Setting next_dagrun for example_branch_labels to 2025-02-09 00:00:00+00:00, run_after=2025-02-10 00:00:00+00:00
[2025-02-10T15:50:24.225+0000] {processor.py:208} INFO - Processing /usr/local/lib/python3.9/dist-packages/airflow/example_dags/example_branch_labels.py took 0.154 seconds
[2025-02-10T15:51:41.722+0000] {processor.py:186} INFO - Started process (PID=1351) to work on /usr/local/lib/python3.9/dist-packages/airflow/example_dags/example_branch_labels.py
[2025-02-10T15:51:41.724+0000] {processor.py:914} INFO - Processing file /usr/local/lib/python3.9/dist-packages/airflow/example_dags/example_branch_labels.py for tasks to queue
[2025-02-10T15:51:41.726+0000] {logging_mixin.py:190} INFO - [2025-02-10T15:51:41.726+0000] {dagbag.py:588} INFO - Filling up the DagBag from /usr/local/lib/python3.9/dist-packages/airflow/example_dags/example_branch_labels.py
[2025-02-10T15:51:41.735+0000] {processor.py:925} INFO - DAG(s) 'example_branch_labels' retrieved from /usr/local/lib/python3.9/dist-packages/airflow/example_dags/example_branch_labels.py
[2025-02-10T15:51:41.765+0000] {logging_mixin.py:190} INFO - [2025-02-10T15:51:41.765+0000] {dag.py:3239} INFO - Sync 1 DAGs
[2025-02-10T15:51:41.795+0000] {logging_mixin.py:190} INFO - [2025-02-10T15:51:41.795+0000] {dag.py:4180} INFO - Setting next_dagrun for example_branch_labels to 2025-02-09 00:00:00+00:00, run_after=2025-02-10 00:00:00+00:00
[2025-02-10T15:51:41.869+0000] {processor.py:208} INFO - Processing /usr/local/lib/python3.9/dist-packages/airflow/example_dags/example_branch_labels.py took 0.152 seconds
[2025-02-10T15:52:56.445+0000] {processor.py:186} INFO - Started process (PID=1414) to work on /usr/local/lib/python3.9/dist-packages/airflow/example_dags/example_branch_labels.py
[2025-02-10T15:52:56.446+0000] {processor.py:914} INFO - Processing file /usr/local/lib/python3.9/dist-packages/airflow/example_dags/example_branch_labels.py for tasks to queue
[2025-02-10T15:52:56.449+0000] {logging_mixin.py:190} INFO - [2025-02-10T15:52:56.448+0000] {dagbag.py:588} INFO - Filling up the DagBag from /usr/local/lib/python3.9/dist-packages/airflow/example_dags/example_branch_labels.py
[2025-02-10T15:52:56.462+0000] {processor.py:925} INFO - DAG(s) 'example_branch_labels' retrieved from /usr/local/lib/python3.9/dist-packages/airflow/example_dags/example_branch_labels.py
[2025-02-10T15:52:56.499+0000] {logging_mixin.py:190} INFO - [2025-02-10T15:52:56.498+0000] {dag.py:3239} INFO - Sync 1 DAGs
[2025-02-10T15:52:56.534+0000] {logging_mixin.py:190} INFO - [2025-02-10T15:52:56.534+0000] {dag.py:4180} INFO - Setting next_dagrun for example_branch_labels to 2025-02-09 00:00:00+00:00, run_after=2025-02-10 00:00:00+00:00
[2025-02-10T15:52:56.611+0000] {processor.py:208} INFO - Processing /usr/local/lib/python3.9/dist-packages/airflow/example_dags/example_branch_labels.py took 0.174 seconds
[2025-02-10T15:54:15.046+0000] {processor.py:186} INFO - Started process (PID=1479) to work on /usr/local/lib/python3.9/dist-packages/airflow/example_dags/example_branch_labels.py
[2025-02-10T15:54:15.048+0000] {processor.py:914} INFO - Processing file /usr/local/lib/python3.9/dist-packages/airflow/example_dags/example_branch_labels.py for tasks to queue
[2025-02-10T15:54:15.051+0000] {logging_mixin.py:190} INFO - [2025-02-10T15:54:15.051+0000] {dagbag.py:588} INFO - Filling up the DagBag from /usr/local/lib/python3.9/dist-packages/airflow/example_dags/example_branch_labels.py
[2025-02-10T15:54:15.060+0000] {processor.py:925} INFO - DAG(s) 'example_branch_labels' retrieved from /usr/local/lib/python3.9/dist-packages/airflow/example_dags/example_branch_labels.py
[2025-02-10T15:54:15.091+0000] {logging_mixin.py:190} INFO - [2025-02-10T15:54:15.091+0000] {dag.py:3239} INFO - Sync 1 DAGs
[2025-02-10T15:54:15.123+0000] {logging_mixin.py:190} INFO - [2025-02-10T15:54:15.122+0000] {dag.py:4180} INFO - Setting next_dagrun for example_branch_labels to 2025-02-09 00:00:00+00:00, run_after=2025-02-10 00:00:00+00:00
[2025-02-10T15:54:15.196+0000] {processor.py:208} INFO - Processing /usr/local/lib/python3.9/dist-packages/airflow/example_dags/example_branch_labels.py took 0.156 seconds
[2025-02-10T15:55:34.885+0000] {processor.py:186} INFO - Started process (PID=1544) to work on /usr/local/lib/python3.9/dist-packages/airflow/example_dags/example_branch_labels.py
[2025-02-10T15:55:34.887+0000] {processor.py:914} INFO - Processing file /usr/local/lib/python3.9/dist-packages/airflow/example_dags/example_branch_labels.py for tasks to queue
[2025-02-10T15:55:34.890+0000] {logging_mixin.py:190} INFO - [2025-02-10T15:55:34.889+0000] {dagbag.py:588} INFO - Filling up the DagBag from /usr/local/lib/python3.9/dist-packages/airflow/example_dags/example_branch_labels.py
[2025-02-10T15:55:34.899+0000] {processor.py:925} INFO - DAG(s) 'example_branch_labels' retrieved from /usr/local/lib/python3.9/dist-packages/airflow/example_dags/example_branch_labels.py
[2025-02-10T15:55:34.931+0000] {logging_mixin.py:190} INFO - [2025-02-10T15:55:34.931+0000] {dag.py:3239} INFO - Sync 1 DAGs
[2025-02-10T15:55:34.963+0000] {logging_mixin.py:190} INFO - [2025-02-10T15:55:34.962+0000] {dag.py:4180} INFO - Setting next_dagrun for example_branch_labels to 2025-02-09 00:00:00+00:00, run_after=2025-02-10 00:00:00+00:00
[2025-02-10T15:55:35.045+0000] {processor.py:208} INFO - Processing /usr/local/lib/python3.9/dist-packages/airflow/example_dags/example_branch_labels.py took 0.165 seconds
[2025-02-10T15:56:56.135+0000] {processor.py:186} INFO - Started process (PID=1610) to work on /usr/local/lib/python3.9/dist-packages/airflow/example_dags/example_branch_labels.py
[2025-02-10T15:56:56.136+0000] {processor.py:914} INFO - Processing file /usr/local/lib/python3.9/dist-packages/airflow/example_dags/example_branch_labels.py for tasks to queue
[2025-02-10T15:56:56.139+0000] {logging_mixin.py:190} INFO - [2025-02-10T15:56:56.138+0000] {dagbag.py:588} INFO - Filling up the DagBag from /usr/local/lib/python3.9/dist-packages/airflow/example_dags/example_branch_labels.py
[2025-02-10T15:56:56.149+0000] {processor.py:925} INFO - DAG(s) 'example_branch_labels' retrieved from /usr/local/lib/python3.9/dist-packages/airflow/example_dags/example_branch_labels.py
[2025-02-10T15:56:56.179+0000] {logging_mixin.py:190} INFO - [2025-02-10T15:56:56.179+0000] {dag.py:3239} INFO - Sync 1 DAGs
[2025-02-10T15:56:56.211+0000] {logging_mixin.py:190} INFO - [2025-02-10T15:56:56.211+0000] {dag.py:4180} INFO - Setting next_dagrun for example_branch_labels to 2025-02-09 00:00:00+00:00, run_after=2025-02-10 00:00:00+00:00
[2025-02-10T15:56:56.284+0000] {processor.py:208} INFO - Processing /usr/local/lib/python3.9/dist-packages/airflow/example_dags/example_branch_labels.py took 0.155 seconds
[2025-02-10T15:58:11.309+0000] {processor.py:186} INFO - Started process (PID=1674) to work on /usr/local/lib/python3.9/dist-packages/airflow/example_dags/example_branch_labels.py
[2025-02-10T15:58:11.310+0000] {processor.py:914} INFO - Processing file /usr/local/lib/python3.9/dist-packages/airflow/example_dags/example_branch_labels.py for tasks to queue
[2025-02-10T15:58:11.313+0000] {logging_mixin.py:190} INFO - [2025-02-10T15:58:11.313+0000] {dagbag.py:588} INFO - Filling up the DagBag from /usr/local/lib/python3.9/dist-packages/airflow/example_dags/example_branch_labels.py
[2025-02-10T15:58:11.324+0000] {processor.py:925} INFO - DAG(s) 'example_branch_labels' retrieved from /usr/local/lib/python3.9/dist-packages/airflow/example_dags/example_branch_labels.py
[2025-02-10T15:58:11.362+0000] {logging_mixin.py:190} INFO - [2025-02-10T15:58:11.362+0000] {dag.py:3239} INFO - Sync 1 DAGs
[2025-02-10T15:58:11.399+0000] {logging_mixin.py:190} INFO - [2025-02-10T15:58:11.399+0000] {dag.py:4180} INFO - Setting next_dagrun for example_branch_labels to 2025-02-09 00:00:00+00:00, run_after=2025-02-10 00:00:00+00:00
[2025-02-10T15:58:11.473+0000] {processor.py:208} INFO - Processing /usr/local/lib/python3.9/dist-packages/airflow/example_dags/example_branch_labels.py took 0.170 seconds
[2025-02-10T15:59:31.418+0000] {processor.py:186} INFO - Started process (PID=1740) to work on /usr/local/lib/python3.9/dist-packages/airflow/example_dags/example_branch_labels.py
[2025-02-10T15:59:31.420+0000] {processor.py:914} INFO - Processing file /usr/local/lib/python3.9/dist-packages/airflow/example_dags/example_branch_labels.py for tasks to queue
[2025-02-10T15:59:31.423+0000] {logging_mixin.py:190} INFO - [2025-02-10T15:59:31.422+0000] {dagbag.py:588} INFO - Filling up the DagBag from /usr/local/lib/python3.9/dist-packages/airflow/example_dags/example_branch_labels.py
[2025-02-10T15:59:31.438+0000] {processor.py:925} INFO - DAG(s) 'example_branch_labels' retrieved from /usr/local/lib/python3.9/dist-packages/airflow/example_dags/example_branch_labels.py
[2025-02-10T15:59:31.472+0000] {logging_mixin.py:190} INFO - [2025-02-10T15:59:31.472+0000] {dag.py:3239} INFO - Sync 1 DAGs
[2025-02-10T15:59:31.508+0000] {logging_mixin.py:190} INFO - [2025-02-10T15:59:31.508+0000] {dag.py:4180} INFO - Setting next_dagrun for example_branch_labels to 2025-02-09 00:00:00+00:00, run_after=2025-02-10 00:00:00+00:00
[2025-02-10T15:59:31.598+0000] {processor.py:208} INFO - Processing /usr/local/lib/python3.9/dist-packages/airflow/example_dags/example_branch_labels.py took 0.187 seconds
[2025-02-10T16:00:50.330+0000] {processor.py:186} INFO - Started process (PID=1805) to work on /usr/local/lib/python3.9/dist-packages/airflow/example_dags/example_branch_labels.py
[2025-02-10T16:00:50.332+0000] {processor.py:914} INFO - Processing file /usr/local/lib/python3.9/dist-packages/airflow/example_dags/example_branch_labels.py for tasks to queue
[2025-02-10T16:00:50.335+0000] {logging_mixin.py:190} INFO - [2025-02-10T16:00:50.334+0000] {dagbag.py:588} INFO - Filling up the DagBag from /usr/local/lib/python3.9/dist-packages/airflow/example_dags/example_branch_labels.py
[2025-02-10T16:00:50.345+0000] {processor.py:925} INFO - DAG(s) 'example_branch_labels' retrieved from /usr/local/lib/python3.9/dist-packages/airflow/example_dags/example_branch_labels.py
[2025-02-10T16:00:50.380+0000] {logging_mixin.py:190} INFO - [2025-02-10T16:00:50.379+0000] {dag.py:3239} INFO - Sync 1 DAGs
[2025-02-10T16:00:50.412+0000] {logging_mixin.py:190} INFO - [2025-02-10T16:00:50.412+0000] {dag.py:4180} INFO - Setting next_dagrun for example_branch_labels to 2025-02-09 00:00:00+00:00, run_after=2025-02-10 00:00:00+00:00
[2025-02-10T16:00:50.491+0000] {processor.py:208} INFO - Processing /usr/local/lib/python3.9/dist-packages/airflow/example_dags/example_branch_labels.py took 0.166 seconds
[2025-02-10T16:03:48.168+0000] {processor.py:186} INFO - Started process (PID=56) to work on /usr/local/lib/python3.9/dist-packages/airflow/example_dags/example_branch_labels.py
[2025-02-10T16:03:48.170+0000] {processor.py:914} INFO - Processing file /usr/local/lib/python3.9/dist-packages/airflow/example_dags/example_branch_labels.py for tasks to queue
[2025-02-10T16:03:48.173+0000] {logging_mixin.py:190} INFO - [2025-02-10T16:03:48.173+0000] {dagbag.py:588} INFO - Filling up the DagBag from /usr/local/lib/python3.9/dist-packages/airflow/example_dags/example_branch_labels.py
[2025-02-10T16:03:48.186+0000] {processor.py:925} INFO - DAG(s) 'example_branch_labels' retrieved from /usr/local/lib/python3.9/dist-packages/airflow/example_dags/example_branch_labels.py
[2025-02-10T16:03:48.223+0000] {logging_mixin.py:190} INFO - [2025-02-10T16:03:48.222+0000] {dag.py:3239} INFO - Sync 1 DAGs
[2025-02-10T16:03:48.255+0000] {logging_mixin.py:190} INFO - [2025-02-10T16:03:48.255+0000] {dag.py:4180} INFO - Setting next_dagrun for example_branch_labels to 2025-02-09 00:00:00+00:00, run_after=2025-02-10 00:00:00+00:00
[2025-02-10T16:03:48.331+0000] {processor.py:208} INFO - Processing /usr/local/lib/python3.9/dist-packages/airflow/example_dags/example_branch_labels.py took 0.168 seconds
[2025-02-10T16:04:55.956+0000] {processor.py:186} INFO - Started process (PID=113) to work on /usr/local/lib/python3.9/dist-packages/airflow/example_dags/example_branch_labels.py
[2025-02-10T16:04:55.958+0000] {processor.py:914} INFO - Processing file /usr/local/lib/python3.9/dist-packages/airflow/example_dags/example_branch_labels.py for tasks to queue
[2025-02-10T16:04:55.960+0000] {logging_mixin.py:190} INFO - [2025-02-10T16:04:55.960+0000] {dagbag.py:588} INFO - Filling up the DagBag from /usr/local/lib/python3.9/dist-packages/airflow/example_dags/example_branch_labels.py
[2025-02-10T16:04:55.971+0000] {processor.py:925} INFO - DAG(s) 'example_branch_labels' retrieved from /usr/local/lib/python3.9/dist-packages/airflow/example_dags/example_branch_labels.py
[2025-02-10T16:04:56.003+0000] {logging_mixin.py:190} INFO - [2025-02-10T16:04:56.003+0000] {dag.py:3239} INFO - Sync 1 DAGs
[2025-02-10T16:04:56.036+0000] {logging_mixin.py:190} INFO - [2025-02-10T16:04:56.035+0000] {dag.py:4180} INFO - Setting next_dagrun for example_branch_labels to 2025-02-09 00:00:00+00:00, run_after=2025-02-10 00:00:00+00:00
[2025-02-10T16:04:56.110+0000] {processor.py:208} INFO - Processing /usr/local/lib/python3.9/dist-packages/airflow/example_dags/example_branch_labels.py took 0.160 seconds
[2025-02-10T16:06:10.995+0000] {processor.py:186} INFO - Started process (PID=177) to work on /usr/local/lib/python3.9/dist-packages/airflow/example_dags/example_branch_labels.py
[2025-02-10T16:06:10.996+0000] {processor.py:914} INFO - Processing file /usr/local/lib/python3.9/dist-packages/airflow/example_dags/example_branch_labels.py for tasks to queue
[2025-02-10T16:06:10.999+0000] {logging_mixin.py:190} INFO - [2025-02-10T16:06:10.999+0000] {dagbag.py:588} INFO - Filling up the DagBag from /usr/local/lib/python3.9/dist-packages/airflow/example_dags/example_branch_labels.py
[2025-02-10T16:06:11.008+0000] {processor.py:925} INFO - DAG(s) 'example_branch_labels' retrieved from /usr/local/lib/python3.9/dist-packages/airflow/example_dags/example_branch_labels.py
[2025-02-10T16:06:11.041+0000] {logging_mixin.py:190} INFO - [2025-02-10T16:06:11.040+0000] {dag.py:3239} INFO - Sync 1 DAGs
[2025-02-10T16:06:11.072+0000] {logging_mixin.py:190} INFO - [2025-02-10T16:06:11.072+0000] {dag.py:4180} INFO - Setting next_dagrun for example_branch_labels to 2025-02-09 00:00:00+00:00, run_after=2025-02-10 00:00:00+00:00
[2025-02-10T16:06:11.152+0000] {processor.py:208} INFO - Processing /usr/local/lib/python3.9/dist-packages/airflow/example_dags/example_branch_labels.py took 0.163 seconds
[2025-02-10T16:07:27.505+0000] {processor.py:186} INFO - Started process (PID=241) to work on /usr/local/lib/python3.9/dist-packages/airflow/example_dags/example_branch_labels.py
[2025-02-10T16:07:27.507+0000] {processor.py:914} INFO - Processing file /usr/local/lib/python3.9/dist-packages/airflow/example_dags/example_branch_labels.py for tasks to queue
[2025-02-10T16:07:27.511+0000] {logging_mixin.py:190} INFO - [2025-02-10T16:07:27.510+0000] {dagbag.py:588} INFO - Filling up the DagBag from /usr/local/lib/python3.9/dist-packages/airflow/example_dags/example_branch_labels.py
[2025-02-10T16:07:27.527+0000] {processor.py:925} INFO - DAG(s) 'example_branch_labels' retrieved from /usr/local/lib/python3.9/dist-packages/airflow/example_dags/example_branch_labels.py
[2025-02-10T16:07:27.569+0000] {logging_mixin.py:190} INFO - [2025-02-10T16:07:27.568+0000] {dag.py:3239} INFO - Sync 1 DAGs
[2025-02-10T16:07:27.625+0000] {logging_mixin.py:190} INFO - [2025-02-10T16:07:27.624+0000] {dag.py:4180} INFO - Setting next_dagrun for example_branch_labels to 2025-02-09 00:00:00+00:00, run_after=2025-02-10 00:00:00+00:00
[2025-02-10T16:07:27.742+0000] {processor.py:208} INFO - Processing /usr/local/lib/python3.9/dist-packages/airflow/example_dags/example_branch_labels.py took 0.246 seconds
[2025-02-10T16:08:44.947+0000] {processor.py:186} INFO - Started process (PID=305) to work on /usr/local/lib/python3.9/dist-packages/airflow/example_dags/example_branch_labels.py
[2025-02-10T16:08:44.949+0000] {processor.py:914} INFO - Processing file /usr/local/lib/python3.9/dist-packages/airflow/example_dags/example_branch_labels.py for tasks to queue
[2025-02-10T16:08:44.952+0000] {logging_mixin.py:190} INFO - [2025-02-10T16:08:44.951+0000] {dagbag.py:588} INFO - Filling up the DagBag from /usr/local/lib/python3.9/dist-packages/airflow/example_dags/example_branch_labels.py
[2025-02-10T16:08:44.963+0000] {processor.py:925} INFO - DAG(s) 'example_branch_labels' retrieved from /usr/local/lib/python3.9/dist-packages/airflow/example_dags/example_branch_labels.py
[2025-02-10T16:08:44.999+0000] {logging_mixin.py:190} INFO - [2025-02-10T16:08:44.999+0000] {dag.py:3239} INFO - Sync 1 DAGs
[2025-02-10T16:08:45.033+0000] {logging_mixin.py:190} INFO - [2025-02-10T16:08:45.033+0000] {dag.py:4180} INFO - Setting next_dagrun for example_branch_labels to 2025-02-09 00:00:00+00:00, run_after=2025-02-10 00:00:00+00:00
[2025-02-10T16:08:45.111+0000] {processor.py:208} INFO - Processing /usr/local/lib/python3.9/dist-packages/airflow/example_dags/example_branch_labels.py took 0.171 seconds
[2025-02-10T16:10:05.708+0000] {processor.py:186} INFO - Started process (PID=370) to work on /usr/local/lib/python3.9/dist-packages/airflow/example_dags/example_branch_labels.py
[2025-02-10T16:10:05.710+0000] {processor.py:914} INFO - Processing file /usr/local/lib/python3.9/dist-packages/airflow/example_dags/example_branch_labels.py for tasks to queue
[2025-02-10T16:10:05.713+0000] {logging_mixin.py:190} INFO - [2025-02-10T16:10:05.712+0000] {dagbag.py:588} INFO - Filling up the DagBag from /usr/local/lib/python3.9/dist-packages/airflow/example_dags/example_branch_labels.py
[2025-02-10T16:10:05.722+0000] {processor.py:925} INFO - DAG(s) 'example_branch_labels' retrieved from /usr/local/lib/python3.9/dist-packages/airflow/example_dags/example_branch_labels.py
[2025-02-10T16:10:05.752+0000] {logging_mixin.py:190} INFO - [2025-02-10T16:10:05.752+0000] {dag.py:3239} INFO - Sync 1 DAGs
[2025-02-10T16:10:05.784+0000] {logging_mixin.py:190} INFO - [2025-02-10T16:10:05.784+0000] {dag.py:4180} INFO - Setting next_dagrun for example_branch_labels to 2025-02-09 00:00:00+00:00, run_after=2025-02-10 00:00:00+00:00
[2025-02-10T16:10:05.858+0000] {processor.py:208} INFO - Processing /usr/local/lib/python3.9/dist-packages/airflow/example_dags/example_branch_labels.py took 0.155 seconds
[2025-02-10T16:11:22.034+0000] {processor.py:186} INFO - Started process (PID=434) to work on /usr/local/lib/python3.9/dist-packages/airflow/example_dags/example_branch_labels.py
[2025-02-10T16:11:22.035+0000] {processor.py:914} INFO - Processing file /usr/local/lib/python3.9/dist-packages/airflow/example_dags/example_branch_labels.py for tasks to queue
[2025-02-10T16:11:22.038+0000] {logging_mixin.py:190} INFO - [2025-02-10T16:11:22.037+0000] {dagbag.py:588} INFO - Filling up the DagBag from /usr/local/lib/python3.9/dist-packages/airflow/example_dags/example_branch_labels.py
[2025-02-10T16:11:22.047+0000] {processor.py:925} INFO - DAG(s) 'example_branch_labels' retrieved from /usr/local/lib/python3.9/dist-packages/airflow/example_dags/example_branch_labels.py
[2025-02-10T16:11:22.078+0000] {logging_mixin.py:190} INFO - [2025-02-10T16:11:22.077+0000] {dag.py:3239} INFO - Sync 1 DAGs
[2025-02-10T16:11:22.109+0000] {logging_mixin.py:190} INFO - [2025-02-10T16:11:22.108+0000] {dag.py:4180} INFO - Setting next_dagrun for example_branch_labels to 2025-02-09 00:00:00+00:00, run_after=2025-02-10 00:00:00+00:00
[2025-02-10T16:11:22.187+0000] {processor.py:208} INFO - Processing /usr/local/lib/python3.9/dist-packages/airflow/example_dags/example_branch_labels.py took 0.159 seconds
[2025-02-10T16:12:34.531+0000] {processor.py:186} INFO - Started process (PID=497) to work on /usr/local/lib/python3.9/dist-packages/airflow/example_dags/example_branch_labels.py
[2025-02-10T16:12:34.532+0000] {processor.py:914} INFO - Processing file /usr/local/lib/python3.9/dist-packages/airflow/example_dags/example_branch_labels.py for tasks to queue
[2025-02-10T16:12:34.534+0000] {logging_mixin.py:190} INFO - [2025-02-10T16:12:34.534+0000] {dagbag.py:588} INFO - Filling up the DagBag from /usr/local/lib/python3.9/dist-packages/airflow/example_dags/example_branch_labels.py
[2025-02-10T16:12:34.544+0000] {processor.py:925} INFO - DAG(s) 'example_branch_labels' retrieved from /usr/local/lib/python3.9/dist-packages/airflow/example_dags/example_branch_labels.py
[2025-02-10T16:12:34.575+0000] {logging_mixin.py:190} INFO - [2025-02-10T16:12:34.575+0000] {dag.py:3239} INFO - Sync 1 DAGs
[2025-02-10T16:12:34.605+0000] {logging_mixin.py:190} INFO - [2025-02-10T16:12:34.605+0000] {dag.py:4180} INFO - Setting next_dagrun for example_branch_labels to 2025-02-09 00:00:00+00:00, run_after=2025-02-10 00:00:00+00:00
[2025-02-10T16:12:34.681+0000] {processor.py:208} INFO - Processing /usr/local/lib/python3.9/dist-packages/airflow/example_dags/example_branch_labels.py took 0.156 seconds
[2025-02-10T16:13:46.810+0000] {processor.py:186} INFO - Started process (PID=559) to work on /usr/local/lib/python3.9/dist-packages/airflow/example_dags/example_branch_labels.py
[2025-02-10T16:13:46.812+0000] {processor.py:914} INFO - Processing file /usr/local/lib/python3.9/dist-packages/airflow/example_dags/example_branch_labels.py for tasks to queue
[2025-02-10T16:13:46.815+0000] {logging_mixin.py:190} INFO - [2025-02-10T16:13:46.814+0000] {dagbag.py:588} INFO - Filling up the DagBag from /usr/local/lib/python3.9/dist-packages/airflow/example_dags/example_branch_labels.py
[2025-02-10T16:13:46.824+0000] {processor.py:925} INFO - DAG(s) 'example_branch_labels' retrieved from /usr/local/lib/python3.9/dist-packages/airflow/example_dags/example_branch_labels.py
[2025-02-10T16:13:46.855+0000] {logging_mixin.py:190} INFO - [2025-02-10T16:13:46.855+0000] {dag.py:3239} INFO - Sync 1 DAGs
[2025-02-10T16:13:46.888+0000] {logging_mixin.py:190} INFO - [2025-02-10T16:13:46.887+0000] {dag.py:4180} INFO - Setting next_dagrun for example_branch_labels to 2025-02-09 00:00:00+00:00, run_after=2025-02-10 00:00:00+00:00
[2025-02-10T16:13:46.966+0000] {processor.py:208} INFO - Processing /usr/local/lib/python3.9/dist-packages/airflow/example_dags/example_branch_labels.py took 0.162 seconds
[2025-02-10T16:15:01.941+0000] {processor.py:186} INFO - Started process (PID=622) to work on /usr/local/lib/python3.9/dist-packages/airflow/example_dags/example_branch_labels.py
[2025-02-10T16:15:01.943+0000] {processor.py:914} INFO - Processing file /usr/local/lib/python3.9/dist-packages/airflow/example_dags/example_branch_labels.py for tasks to queue
[2025-02-10T16:15:01.946+0000] {logging_mixin.py:190} INFO - [2025-02-10T16:15:01.945+0000] {dagbag.py:588} INFO - Filling up the DagBag from /usr/local/lib/python3.9/dist-packages/airflow/example_dags/example_branch_labels.py
[2025-02-10T16:15:01.955+0000] {processor.py:925} INFO - DAG(s) 'example_branch_labels' retrieved from /usr/local/lib/python3.9/dist-packages/airflow/example_dags/example_branch_labels.py
[2025-02-10T16:15:01.986+0000] {logging_mixin.py:190} INFO - [2025-02-10T16:15:01.986+0000] {dag.py:3239} INFO - Sync 1 DAGs
[2025-02-10T16:15:02.018+0000] {logging_mixin.py:190} INFO - [2025-02-10T16:15:02.018+0000] {dag.py:4180} INFO - Setting next_dagrun for example_branch_labels to 2025-02-09 00:00:00+00:00, run_after=2025-02-10 00:00:00+00:00
[2025-02-10T16:15:02.094+0000] {processor.py:208} INFO - Processing /usr/local/lib/python3.9/dist-packages/airflow/example_dags/example_branch_labels.py took 0.158 seconds
[2025-02-10T16:16:22.327+0000] {processor.py:186} INFO - Started process (PID=688) to work on /usr/local/lib/python3.9/dist-packages/airflow/example_dags/example_branch_labels.py
[2025-02-10T16:16:22.329+0000] {processor.py:914} INFO - Processing file /usr/local/lib/python3.9/dist-packages/airflow/example_dags/example_branch_labels.py for tasks to queue
[2025-02-10T16:16:22.331+0000] {logging_mixin.py:190} INFO - [2025-02-10T16:16:22.331+0000] {dagbag.py:588} INFO - Filling up the DagBag from /usr/local/lib/python3.9/dist-packages/airflow/example_dags/example_branch_labels.py
[2025-02-10T16:16:22.340+0000] {processor.py:925} INFO - DAG(s) 'example_branch_labels' retrieved from /usr/local/lib/python3.9/dist-packages/airflow/example_dags/example_branch_labels.py
[2025-02-10T16:16:22.373+0000] {logging_mixin.py:190} INFO - [2025-02-10T16:16:22.372+0000] {dag.py:3239} INFO - Sync 1 DAGs
[2025-02-10T16:16:22.406+0000] {logging_mixin.py:190} INFO - [2025-02-10T16:16:22.406+0000] {dag.py:4180} INFO - Setting next_dagrun for example_branch_labels to 2025-02-09 00:00:00+00:00, run_after=2025-02-10 00:00:00+00:00
[2025-02-10T16:16:22.487+0000] {processor.py:208} INFO - Processing /usr/local/lib/python3.9/dist-packages/airflow/example_dags/example_branch_labels.py took 0.166 seconds
[2025-02-10T16:17:38.827+0000] {processor.py:186} INFO - Started process (PID=753) to work on /usr/local/lib/python3.9/dist-packages/airflow/example_dags/example_branch_labels.py
[2025-02-10T16:17:38.828+0000] {processor.py:914} INFO - Processing file /usr/local/lib/python3.9/dist-packages/airflow/example_dags/example_branch_labels.py for tasks to queue
[2025-02-10T16:17:38.831+0000] {logging_mixin.py:190} INFO - [2025-02-10T16:17:38.831+0000] {dagbag.py:588} INFO - Filling up the DagBag from /usr/local/lib/python3.9/dist-packages/airflow/example_dags/example_branch_labels.py
[2025-02-10T16:17:38.841+0000] {processor.py:925} INFO - DAG(s) 'example_branch_labels' retrieved from /usr/local/lib/python3.9/dist-packages/airflow/example_dags/example_branch_labels.py
[2025-02-10T16:17:38.869+0000] {logging_mixin.py:190} INFO - [2025-02-10T16:17:38.868+0000] {dag.py:3239} INFO - Sync 1 DAGs
[2025-02-10T16:17:38.896+0000] {logging_mixin.py:190} INFO - [2025-02-10T16:17:38.896+0000] {dag.py:4180} INFO - Setting next_dagrun for example_branch_labels to 2025-02-09 00:00:00+00:00, run_after=2025-02-10 00:00:00+00:00
[2025-02-10T16:17:38.969+0000] {processor.py:208} INFO - Processing /usr/local/lib/python3.9/dist-packages/airflow/example_dags/example_branch_labels.py took 0.147 seconds
[2025-02-10T16:18:54.903+0000] {processor.py:186} INFO - Started process (PID=816) to work on /usr/local/lib/python3.9/dist-packages/airflow/example_dags/example_branch_labels.py
[2025-02-10T16:18:54.904+0000] {processor.py:914} INFO - Processing file /usr/local/lib/python3.9/dist-packages/airflow/example_dags/example_branch_labels.py for tasks to queue
[2025-02-10T16:18:54.907+0000] {logging_mixin.py:190} INFO - [2025-02-10T16:18:54.906+0000] {dagbag.py:588} INFO - Filling up the DagBag from /usr/local/lib/python3.9/dist-packages/airflow/example_dags/example_branch_labels.py
[2025-02-10T16:18:54.916+0000] {processor.py:925} INFO - DAG(s) 'example_branch_labels' retrieved from /usr/local/lib/python3.9/dist-packages/airflow/example_dags/example_branch_labels.py
[2025-02-10T16:18:54.947+0000] {logging_mixin.py:190} INFO - [2025-02-10T16:18:54.946+0000] {dag.py:3239} INFO - Sync 1 DAGs
[2025-02-10T16:18:54.978+0000] {logging_mixin.py:190} INFO - [2025-02-10T16:18:54.977+0000] {dag.py:4180} INFO - Setting next_dagrun for example_branch_labels to 2025-02-09 00:00:00+00:00, run_after=2025-02-10 00:00:00+00:00
[2025-02-10T16:18:55.051+0000] {processor.py:208} INFO - Processing /usr/local/lib/python3.9/dist-packages/airflow/example_dags/example_branch_labels.py took 0.154 seconds
[2025-02-10T16:20:13.851+0000] {processor.py:186} INFO - Started process (PID=882) to work on /usr/local/lib/python3.9/dist-packages/airflow/example_dags/example_branch_labels.py
[2025-02-10T16:20:13.853+0000] {processor.py:914} INFO - Processing file /usr/local/lib/python3.9/dist-packages/airflow/example_dags/example_branch_labels.py for tasks to queue
[2025-02-10T16:20:13.856+0000] {logging_mixin.py:190} INFO - [2025-02-10T16:20:13.855+0000] {dagbag.py:588} INFO - Filling up the DagBag from /usr/local/lib/python3.9/dist-packages/airflow/example_dags/example_branch_labels.py
[2025-02-10T16:20:13.865+0000] {processor.py:925} INFO - DAG(s) 'example_branch_labels' retrieved from /usr/local/lib/python3.9/dist-packages/airflow/example_dags/example_branch_labels.py
[2025-02-10T16:20:13.896+0000] {logging_mixin.py:190} INFO - [2025-02-10T16:20:13.896+0000] {dag.py:3239} INFO - Sync 1 DAGs
[2025-02-10T16:20:13.928+0000] {logging_mixin.py:190} INFO - [2025-02-10T16:20:13.928+0000] {dag.py:4180} INFO - Setting next_dagrun for example_branch_labels to 2025-02-09 00:00:00+00:00, run_after=2025-02-10 00:00:00+00:00
[2025-02-10T16:20:14.004+0000] {processor.py:208} INFO - Processing /usr/local/lib/python3.9/dist-packages/airflow/example_dags/example_branch_labels.py took 0.158 seconds
[2025-02-10T16:21:36.409+0000] {processor.py:186} INFO - Started process (PID=951) to work on /usr/local/lib/python3.9/dist-packages/airflow/example_dags/example_branch_labels.py
[2025-02-10T16:21:36.410+0000] {processor.py:914} INFO - Processing file /usr/local/lib/python3.9/dist-packages/airflow/example_dags/example_branch_labels.py for tasks to queue
[2025-02-10T16:21:36.412+0000] {logging_mixin.py:190} INFO - [2025-02-10T16:21:36.412+0000] {dagbag.py:588} INFO - Filling up the DagBag from /usr/local/lib/python3.9/dist-packages/airflow/example_dags/example_branch_labels.py
[2025-02-10T16:21:36.423+0000] {processor.py:925} INFO - DAG(s) 'example_branch_labels' retrieved from /usr/local/lib/python3.9/dist-packages/airflow/example_dags/example_branch_labels.py
[2025-02-10T16:21:36.454+0000] {logging_mixin.py:190} INFO - [2025-02-10T16:21:36.454+0000] {dag.py:3239} INFO - Sync 1 DAGs
[2025-02-10T16:21:36.487+0000] {logging_mixin.py:190} INFO - [2025-02-10T16:21:36.487+0000] {dag.py:4180} INFO - Setting next_dagrun for example_branch_labels to 2025-02-09 00:00:00+00:00, run_after=2025-02-10 00:00:00+00:00
[2025-02-10T16:21:36.561+0000] {processor.py:208} INFO - Processing /usr/local/lib/python3.9/dist-packages/airflow/example_dags/example_branch_labels.py took 0.158 seconds
[2025-02-10T16:22:51.125+0000] {processor.py:186} INFO - Started process (PID=1015) to work on /usr/local/lib/python3.9/dist-packages/airflow/example_dags/example_branch_labels.py
[2025-02-10T16:22:51.127+0000] {processor.py:914} INFO - Processing file /usr/local/lib/python3.9/dist-packages/airflow/example_dags/example_branch_labels.py for tasks to queue
[2025-02-10T16:22:51.129+0000] {logging_mixin.py:190} INFO - [2025-02-10T16:22:51.129+0000] {dagbag.py:588} INFO - Filling up the DagBag from /usr/local/lib/python3.9/dist-packages/airflow/example_dags/example_branch_labels.py
[2025-02-10T16:22:51.139+0000] {processor.py:925} INFO - DAG(s) 'example_branch_labels' retrieved from /usr/local/lib/python3.9/dist-packages/airflow/example_dags/example_branch_labels.py
[2025-02-10T16:22:51.168+0000] {logging_mixin.py:190} INFO - [2025-02-10T16:22:51.168+0000] {dag.py:3239} INFO - Sync 1 DAGs
[2025-02-10T16:22:51.201+0000] {logging_mixin.py:190} INFO - [2025-02-10T16:22:51.201+0000] {dag.py:4180} INFO - Setting next_dagrun for example_branch_labels to 2025-02-09 00:00:00+00:00, run_after=2025-02-10 00:00:00+00:00
[2025-02-10T16:22:51.282+0000] {processor.py:208} INFO - Processing /usr/local/lib/python3.9/dist-packages/airflow/example_dags/example_branch_labels.py took 0.163 seconds
[2025-02-10T16:24:10.536+0000] {processor.py:186} INFO - Started process (PID=1080) to work on /usr/local/lib/python3.9/dist-packages/airflow/example_dags/example_branch_labels.py
[2025-02-10T16:24:10.538+0000] {processor.py:914} INFO - Processing file /usr/local/lib/python3.9/dist-packages/airflow/example_dags/example_branch_labels.py for tasks to queue
[2025-02-10T16:24:10.540+0000] {logging_mixin.py:190} INFO - [2025-02-10T16:24:10.540+0000] {dagbag.py:588} INFO - Filling up the DagBag from /usr/local/lib/python3.9/dist-packages/airflow/example_dags/example_branch_labels.py
[2025-02-10T16:24:10.550+0000] {processor.py:925} INFO - DAG(s) 'example_branch_labels' retrieved from /usr/local/lib/python3.9/dist-packages/airflow/example_dags/example_branch_labels.py
[2025-02-10T16:24:10.585+0000] {logging_mixin.py:190} INFO - [2025-02-10T16:24:10.585+0000] {dag.py:3239} INFO - Sync 1 DAGs
[2025-02-10T16:24:10.623+0000] {logging_mixin.py:190} INFO - [2025-02-10T16:24:10.623+0000] {dag.py:4180} INFO - Setting next_dagrun for example_branch_labels to 2025-02-09 00:00:00+00:00, run_after=2025-02-10 00:00:00+00:00
[2025-02-10T16:24:10.699+0000] {processor.py:208} INFO - Processing /usr/local/lib/python3.9/dist-packages/airflow/example_dags/example_branch_labels.py took 0.168 seconds
[2025-02-10T16:25:31.027+0000] {processor.py:186} INFO - Started process (PID=1146) to work on /usr/local/lib/python3.9/dist-packages/airflow/example_dags/example_branch_labels.py
[2025-02-10T16:25:31.029+0000] {processor.py:914} INFO - Processing file /usr/local/lib/python3.9/dist-packages/airflow/example_dags/example_branch_labels.py for tasks to queue
[2025-02-10T16:25:31.032+0000] {logging_mixin.py:190} INFO - [2025-02-10T16:25:31.031+0000] {dagbag.py:588} INFO - Filling up the DagBag from /usr/local/lib/python3.9/dist-packages/airflow/example_dags/example_branch_labels.py
[2025-02-10T16:25:31.041+0000] {processor.py:925} INFO - DAG(s) 'example_branch_labels' retrieved from /usr/local/lib/python3.9/dist-packages/airflow/example_dags/example_branch_labels.py
[2025-02-10T16:25:31.071+0000] {logging_mixin.py:190} INFO - [2025-02-10T16:25:31.071+0000] {dag.py:3239} INFO - Sync 1 DAGs
[2025-02-10T16:25:31.102+0000] {logging_mixin.py:190} INFO - [2025-02-10T16:25:31.102+0000] {dag.py:4180} INFO - Setting next_dagrun for example_branch_labels to 2025-02-09 00:00:00+00:00, run_after=2025-02-10 00:00:00+00:00
[2025-02-10T16:25:31.181+0000] {processor.py:208} INFO - Processing /usr/local/lib/python3.9/dist-packages/airflow/example_dags/example_branch_labels.py took 0.159 seconds
[2025-02-10T16:26:53.732+0000] {processor.py:186} INFO - Started process (PID=1213) to work on /usr/local/lib/python3.9/dist-packages/airflow/example_dags/example_branch_labels.py
[2025-02-10T16:26:53.734+0000] {processor.py:914} INFO - Processing file /usr/local/lib/python3.9/dist-packages/airflow/example_dags/example_branch_labels.py for tasks to queue
[2025-02-10T16:26:53.737+0000] {logging_mixin.py:190} INFO - [2025-02-10T16:26:53.736+0000] {dagbag.py:588} INFO - Filling up the DagBag from /usr/local/lib/python3.9/dist-packages/airflow/example_dags/example_branch_labels.py
[2025-02-10T16:26:53.747+0000] {processor.py:925} INFO - DAG(s) 'example_branch_labels' retrieved from /usr/local/lib/python3.9/dist-packages/airflow/example_dags/example_branch_labels.py
[2025-02-10T16:26:53.779+0000] {logging_mixin.py:190} INFO - [2025-02-10T16:26:53.779+0000] {dag.py:3239} INFO - Sync 1 DAGs
[2025-02-10T16:26:53.810+0000] {logging_mixin.py:190} INFO - [2025-02-10T16:26:53.810+0000] {dag.py:4180} INFO - Setting next_dagrun for example_branch_labels to 2025-02-09 00:00:00+00:00, run_after=2025-02-10 00:00:00+00:00
[2025-02-10T16:26:53.889+0000] {processor.py:208} INFO - Processing /usr/local/lib/python3.9/dist-packages/airflow/example_dags/example_branch_labels.py took 0.162 seconds
[2025-02-10T16:28:12.237+0000] {processor.py:186} INFO - Started process (PID=1278) to work on /usr/local/lib/python3.9/dist-packages/airflow/example_dags/example_branch_labels.py
[2025-02-10T16:28:12.239+0000] {processor.py:914} INFO - Processing file /usr/local/lib/python3.9/dist-packages/airflow/example_dags/example_branch_labels.py for tasks to queue
[2025-02-10T16:28:12.242+0000] {logging_mixin.py:190} INFO - [2025-02-10T16:28:12.241+0000] {dagbag.py:588} INFO - Filling up the DagBag from /usr/local/lib/python3.9/dist-packages/airflow/example_dags/example_branch_labels.py
[2025-02-10T16:28:12.252+0000] {processor.py:925} INFO - DAG(s) 'example_branch_labels' retrieved from /usr/local/lib/python3.9/dist-packages/airflow/example_dags/example_branch_labels.py
[2025-02-10T16:28:12.284+0000] {logging_mixin.py:190} INFO - [2025-02-10T16:28:12.283+0000] {dag.py:3239} INFO - Sync 1 DAGs
[2025-02-10T16:28:12.314+0000] {logging_mixin.py:190} INFO - [2025-02-10T16:28:12.314+0000] {dag.py:4180} INFO - Setting next_dagrun for example_branch_labels to 2025-02-09 00:00:00+00:00, run_after=2025-02-10 00:00:00+00:00
[2025-02-10T16:28:12.389+0000] {processor.py:208} INFO - Processing /usr/local/lib/python3.9/dist-packages/airflow/example_dags/example_branch_labels.py took 0.157 seconds
[2025-02-10T16:29:29.976+0000] {processor.py:186} INFO - Started process (PID=1343) to work on /usr/local/lib/python3.9/dist-packages/airflow/example_dags/example_branch_labels.py
[2025-02-10T16:29:29.978+0000] {processor.py:914} INFO - Processing file /usr/local/lib/python3.9/dist-packages/airflow/example_dags/example_branch_labels.py for tasks to queue
[2025-02-10T16:29:29.981+0000] {logging_mixin.py:190} INFO - [2025-02-10T16:29:29.980+0000] {dagbag.py:588} INFO - Filling up the DagBag from /usr/local/lib/python3.9/dist-packages/airflow/example_dags/example_branch_labels.py
[2025-02-10T16:29:29.991+0000] {processor.py:925} INFO - DAG(s) 'example_branch_labels' retrieved from /usr/local/lib/python3.9/dist-packages/airflow/example_dags/example_branch_labels.py
[2025-02-10T16:29:30.021+0000] {logging_mixin.py:190} INFO - [2025-02-10T16:29:30.020+0000] {dag.py:3239} INFO - Sync 1 DAGs
[2025-02-10T16:29:30.051+0000] {logging_mixin.py:190} INFO - [2025-02-10T16:29:30.051+0000] {dag.py:4180} INFO - Setting next_dagrun for example_branch_labels to 2025-02-09 00:00:00+00:00, run_after=2025-02-10 00:00:00+00:00
[2025-02-10T16:29:30.126+0000] {processor.py:208} INFO - Processing /usr/local/lib/python3.9/dist-packages/airflow/example_dags/example_branch_labels.py took 0.156 seconds
[2025-02-10T16:30:44.824+0000] {processor.py:186} INFO - Started process (PID=1406) to work on /usr/local/lib/python3.9/dist-packages/airflow/example_dags/example_branch_labels.py
[2025-02-10T16:30:44.826+0000] {processor.py:914} INFO - Processing file /usr/local/lib/python3.9/dist-packages/airflow/example_dags/example_branch_labels.py for tasks to queue
[2025-02-10T16:30:44.829+0000] {logging_mixin.py:190} INFO - [2025-02-10T16:30:44.828+0000] {dagbag.py:588} INFO - Filling up the DagBag from /usr/local/lib/python3.9/dist-packages/airflow/example_dags/example_branch_labels.py
[2025-02-10T16:30:44.838+0000] {processor.py:925} INFO - DAG(s) 'example_branch_labels' retrieved from /usr/local/lib/python3.9/dist-packages/airflow/example_dags/example_branch_labels.py
[2025-02-10T16:30:44.869+0000] {logging_mixin.py:190} INFO - [2025-02-10T16:30:44.868+0000] {dag.py:3239} INFO - Sync 1 DAGs
[2025-02-10T16:30:44.898+0000] {logging_mixin.py:190} INFO - [2025-02-10T16:30:44.897+0000] {dag.py:4180} INFO - Setting next_dagrun for example_branch_labels to 2025-02-09 00:00:00+00:00, run_after=2025-02-10 00:00:00+00:00
[2025-02-10T16:30:44.971+0000] {processor.py:208} INFO - Processing /usr/local/lib/python3.9/dist-packages/airflow/example_dags/example_branch_labels.py took 0.152 seconds
[2025-02-10T16:32:00.669+0000] {processor.py:186} INFO - Started process (PID=1470) to work on /usr/local/lib/python3.9/dist-packages/airflow/example_dags/example_branch_labels.py
[2025-02-10T16:32:00.671+0000] {processor.py:914} INFO - Processing file /usr/local/lib/python3.9/dist-packages/airflow/example_dags/example_branch_labels.py for tasks to queue
[2025-02-10T16:32:00.674+0000] {logging_mixin.py:190} INFO - [2025-02-10T16:32:00.673+0000] {dagbag.py:588} INFO - Filling up the DagBag from /usr/local/lib/python3.9/dist-packages/airflow/example_dags/example_branch_labels.py
[2025-02-10T16:32:00.683+0000] {processor.py:925} INFO - DAG(s) 'example_branch_labels' retrieved from /usr/local/lib/python3.9/dist-packages/airflow/example_dags/example_branch_labels.py
[2025-02-10T16:32:00.714+0000] {logging_mixin.py:190} INFO - [2025-02-10T16:32:00.713+0000] {dag.py:3239} INFO - Sync 1 DAGs
[2025-02-10T16:32:00.742+0000] {logging_mixin.py:190} INFO - [2025-02-10T16:32:00.742+0000] {dag.py:4180} INFO - Setting next_dagrun for example_branch_labels to 2025-02-09 00:00:00+00:00, run_after=2025-02-10 00:00:00+00:00
[2025-02-10T16:32:00.810+0000] {processor.py:208} INFO - Processing /usr/local/lib/python3.9/dist-packages/airflow/example_dags/example_branch_labels.py took 0.146 seconds
[2025-02-10T16:33:19.159+0000] {processor.py:186} INFO - Started process (PID=1534) to work on /usr/local/lib/python3.9/dist-packages/airflow/example_dags/example_branch_labels.py
[2025-02-10T16:33:19.161+0000] {processor.py:914} INFO - Processing file /usr/local/lib/python3.9/dist-packages/airflow/example_dags/example_branch_labels.py for tasks to queue
[2025-02-10T16:33:19.164+0000] {logging_mixin.py:190} INFO - [2025-02-10T16:33:19.163+0000] {dagbag.py:588} INFO - Filling up the DagBag from /usr/local/lib/python3.9/dist-packages/airflow/example_dags/example_branch_labels.py
[2025-02-10T16:33:19.173+0000] {processor.py:925} INFO - DAG(s) 'example_branch_labels' retrieved from /usr/local/lib/python3.9/dist-packages/airflow/example_dags/example_branch_labels.py
[2025-02-10T16:33:19.202+0000] {logging_mixin.py:190} INFO - [2025-02-10T16:33:19.202+0000] {dag.py:3239} INFO - Sync 1 DAGs
[2025-02-10T16:33:19.233+0000] {logging_mixin.py:190} INFO - [2025-02-10T16:33:19.233+0000] {dag.py:4180} INFO - Setting next_dagrun for example_branch_labels to 2025-02-09 00:00:00+00:00, run_after=2025-02-10 00:00:00+00:00
[2025-02-10T16:33:19.306+0000] {processor.py:208} INFO - Processing /usr/local/lib/python3.9/dist-packages/airflow/example_dags/example_branch_labels.py took 0.153 seconds
[2025-02-10T16:34:32.560+0000] {processor.py:186} INFO - Started process (PID=1598) to work on /usr/local/lib/python3.9/dist-packages/airflow/example_dags/example_branch_labels.py
[2025-02-10T16:34:32.562+0000] {processor.py:914} INFO - Processing file /usr/local/lib/python3.9/dist-packages/airflow/example_dags/example_branch_labels.py for tasks to queue
[2025-02-10T16:34:32.565+0000] {logging_mixin.py:190} INFO - [2025-02-10T16:34:32.564+0000] {dagbag.py:588} INFO - Filling up the DagBag from /usr/local/lib/python3.9/dist-packages/airflow/example_dags/example_branch_labels.py
[2025-02-10T16:34:32.575+0000] {processor.py:925} INFO - DAG(s) 'example_branch_labels' retrieved from /usr/local/lib/python3.9/dist-packages/airflow/example_dags/example_branch_labels.py
[2025-02-10T16:34:32.606+0000] {logging_mixin.py:190} INFO - [2025-02-10T16:34:32.606+0000] {dag.py:3239} INFO - Sync 1 DAGs
[2025-02-10T16:34:32.638+0000] {logging_mixin.py:190} INFO - [2025-02-10T16:34:32.638+0000] {dag.py:4180} INFO - Setting next_dagrun for example_branch_labels to 2025-02-09 00:00:00+00:00, run_after=2025-02-10 00:00:00+00:00
[2025-02-10T16:34:32.717+0000] {processor.py:208} INFO - Processing /usr/local/lib/python3.9/dist-packages/airflow/example_dags/example_branch_labels.py took 0.163 seconds
[2025-02-10T16:35:48.485+0000] {processor.py:186} INFO - Started process (PID=1661) to work on /usr/local/lib/python3.9/dist-packages/airflow/example_dags/example_branch_labels.py
[2025-02-10T16:35:48.487+0000] {processor.py:914} INFO - Processing file /usr/local/lib/python3.9/dist-packages/airflow/example_dags/example_branch_labels.py for tasks to queue
[2025-02-10T16:35:48.491+0000] {logging_mixin.py:190} INFO - [2025-02-10T16:35:48.490+0000] {dagbag.py:588} INFO - Filling up the DagBag from /usr/local/lib/python3.9/dist-packages/airflow/example_dags/example_branch_labels.py
[2025-02-10T16:35:48.515+0000] {processor.py:925} INFO - DAG(s) 'example_branch_labels' retrieved from /usr/local/lib/python3.9/dist-packages/airflow/example_dags/example_branch_labels.py
[2025-02-10T16:35:48.547+0000] {logging_mixin.py:190} INFO - [2025-02-10T16:35:48.546+0000] {dag.py:3239} INFO - Sync 1 DAGs
[2025-02-10T16:35:48.585+0000] {logging_mixin.py:190} INFO - [2025-02-10T16:35:48.584+0000] {dag.py:4180} INFO - Setting next_dagrun for example_branch_labels to 2025-02-09 00:00:00+00:00, run_after=2025-02-10 00:00:00+00:00
[2025-02-10T16:35:48.674+0000] {processor.py:208} INFO - Processing /usr/local/lib/python3.9/dist-packages/airflow/example_dags/example_branch_labels.py took 0.202 seconds
[2025-02-10T16:37:08.791+0000] {processor.py:186} INFO - Started process (PID=1726) to work on /usr/local/lib/python3.9/dist-packages/airflow/example_dags/example_branch_labels.py
[2025-02-10T16:37:08.794+0000] {processor.py:914} INFO - Processing file /usr/local/lib/python3.9/dist-packages/airflow/example_dags/example_branch_labels.py for tasks to queue
[2025-02-10T16:37:08.797+0000] {logging_mixin.py:190} INFO - [2025-02-10T16:37:08.796+0000] {dagbag.py:588} INFO - Filling up the DagBag from /usr/local/lib/python3.9/dist-packages/airflow/example_dags/example_branch_labels.py
[2025-02-10T16:37:08.806+0000] {processor.py:925} INFO - DAG(s) 'example_branch_labels' retrieved from /usr/local/lib/python3.9/dist-packages/airflow/example_dags/example_branch_labels.py
[2025-02-10T16:37:08.837+0000] {logging_mixin.py:190} INFO - [2025-02-10T16:37:08.836+0000] {dag.py:3239} INFO - Sync 1 DAGs
[2025-02-10T16:37:08.869+0000] {logging_mixin.py:190} INFO - [2025-02-10T16:37:08.869+0000] {dag.py:4180} INFO - Setting next_dagrun for example_branch_labels to 2025-02-09 00:00:00+00:00, run_after=2025-02-10 00:00:00+00:00
[2025-02-10T16:37:08.947+0000] {processor.py:208} INFO - Processing /usr/local/lib/python3.9/dist-packages/airflow/example_dags/example_branch_labels.py took 0.163 seconds
