[2025-02-10T14:49:26.438+0000] {processor.py:186} INFO - Started process (PID=81) to work on /usr/local/lib/python3.9/dist-packages/airflow/example_dags/example_dynamic_task_mapping.py
[2025-02-10T14:49:26.439+0000] {processor.py:914} INFO - Processing file /usr/local/lib/python3.9/dist-packages/airflow/example_dags/example_dynamic_task_mapping.py for tasks to queue
[2025-02-10T14:49:26.441+0000] {logging_mixin.py:190} INFO - [2025-02-10T14:49:26.441+0000] {dagbag.py:588} INFO - Filling up the DagBag from /usr/local/lib/python3.9/dist-packages/airflow/example_dags/example_dynamic_task_mapping.py
[2025-02-10T14:49:26.451+0000] {processor.py:925} INFO - DAG(s) 'example_dynamic_task_mapping' retrieved from /usr/local/lib/python3.9/dist-packages/airflow/example_dags/example_dynamic_task_mapping.py
[2025-02-10T14:49:26.665+0000] {logging_mixin.py:190} INFO - [2025-02-10T14:49:26.663+0000] {override.py:1930} INFO - Created Permission View: can delete on DAG:example_dynamic_task_mapping
[2025-02-10T14:49:26.737+0000] {logging_mixin.py:190} INFO - [2025-02-10T14:49:26.736+0000] {override.py:1930} INFO - Created Permission View: can read on DAG:example_dynamic_task_mapping
[2025-02-10T14:49:26.820+0000] {logging_mixin.py:190} INFO - [2025-02-10T14:49:26.819+0000] {override.py:1930} INFO - Created Permission View: can edit on DAG:example_dynamic_task_mapping
[2025-02-10T14:49:26.895+0000] {logging_mixin.py:190} INFO - [2025-02-10T14:49:26.894+0000] {override.py:1930} INFO - Created Permission View: can create on DAG Run:example_dynamic_task_mapping
[2025-02-10T14:49:26.937+0000] {logging_mixin.py:190} INFO - [2025-02-10T14:49:26.937+0000] {override.py:1930} INFO - Created Permission View: can delete on DAG Run:example_dynamic_task_mapping
[2025-02-10T14:49:26.981+0000] {logging_mixin.py:190} INFO - [2025-02-10T14:49:26.980+0000] {override.py:1930} INFO - Created Permission View: can read on DAG Run:example_dynamic_task_mapping
[2025-02-10T14:49:27.029+0000] {logging_mixin.py:190} INFO - [2025-02-10T14:49:27.028+0000] {override.py:1930} INFO - Created Permission View: menu access on DAG Run:example_dynamic_task_mapping
[2025-02-10T14:49:27.030+0000] {logging_mixin.py:190} INFO - [2025-02-10T14:49:27.030+0000] {dag.py:3239} INFO - Sync 1 DAGs
[2025-02-10T14:49:27.054+0000] {logging_mixin.py:190} INFO - [2025-02-10T14:49:27.054+0000] {dag.py:3262} INFO - Creating ORM DAG for example_dynamic_task_mapping
[2025-02-10T14:49:27.056+0000] {logging_mixin.py:190} INFO - [2025-02-10T14:49:27.056+0000] {dag.py:4180} INFO - Setting next_dagrun for example_dynamic_task_mapping to None, run_after=None
[2025-02-10T14:49:27.136+0000] {processor.py:208} INFO - Processing /usr/local/lib/python3.9/dist-packages/airflow/example_dags/example_dynamic_task_mapping.py took 0.704 seconds
[2025-02-10T14:51:01.246+0000] {processor.py:186} INFO - Started process (PID=154) to work on /usr/local/lib/python3.9/dist-packages/airflow/example_dags/example_dynamic_task_mapping.py
[2025-02-10T14:51:01.249+0000] {processor.py:914} INFO - Processing file /usr/local/lib/python3.9/dist-packages/airflow/example_dags/example_dynamic_task_mapping.py for tasks to queue
[2025-02-10T14:51:01.252+0000] {logging_mixin.py:190} INFO - [2025-02-10T14:51:01.252+0000] {dagbag.py:588} INFO - Filling up the DagBag from /usr/local/lib/python3.9/dist-packages/airflow/example_dags/example_dynamic_task_mapping.py
[2025-02-10T14:51:01.260+0000] {processor.py:925} INFO - DAG(s) 'example_dynamic_task_mapping' retrieved from /usr/local/lib/python3.9/dist-packages/airflow/example_dags/example_dynamic_task_mapping.py
[2025-02-10T14:51:01.289+0000] {logging_mixin.py:190} INFO - [2025-02-10T14:51:01.288+0000] {dag.py:3239} INFO - Sync 1 DAGs
[2025-02-10T14:51:01.307+0000] {logging_mixin.py:190} INFO - [2025-02-10T14:51:01.306+0000] {dag.py:4180} INFO - Setting next_dagrun for example_dynamic_task_mapping to None, run_after=None
[2025-02-10T14:51:01.379+0000] {processor.py:208} INFO - Processing /usr/local/lib/python3.9/dist-packages/airflow/example_dags/example_dynamic_task_mapping.py took 0.139 seconds
[2025-02-10T14:52:21.450+0000] {processor.py:186} INFO - Started process (PID=219) to work on /usr/local/lib/python3.9/dist-packages/airflow/example_dags/example_dynamic_task_mapping.py
[2025-02-10T14:52:21.451+0000] {processor.py:914} INFO - Processing file /usr/local/lib/python3.9/dist-packages/airflow/example_dags/example_dynamic_task_mapping.py for tasks to queue
[2025-02-10T14:52:21.454+0000] {logging_mixin.py:190} INFO - [2025-02-10T14:52:21.453+0000] {dagbag.py:588} INFO - Filling up the DagBag from /usr/local/lib/python3.9/dist-packages/airflow/example_dags/example_dynamic_task_mapping.py
[2025-02-10T14:52:21.462+0000] {processor.py:925} INFO - DAG(s) 'example_dynamic_task_mapping' retrieved from /usr/local/lib/python3.9/dist-packages/airflow/example_dags/example_dynamic_task_mapping.py
[2025-02-10T14:52:21.494+0000] {logging_mixin.py:190} INFO - [2025-02-10T14:52:21.493+0000] {dag.py:3239} INFO - Sync 1 DAGs
[2025-02-10T14:52:21.511+0000] {logging_mixin.py:190} INFO - [2025-02-10T14:52:21.511+0000] {dag.py:4180} INFO - Setting next_dagrun for example_dynamic_task_mapping to None, run_after=None
[2025-02-10T14:52:21.584+0000] {processor.py:208} INFO - Processing /usr/local/lib/python3.9/dist-packages/airflow/example_dags/example_dynamic_task_mapping.py took 0.140 seconds
[2025-02-10T14:53:38.131+0000] {processor.py:186} INFO - Started process (PID=284) to work on /usr/local/lib/python3.9/dist-packages/airflow/example_dags/example_dynamic_task_mapping.py
[2025-02-10T14:53:38.132+0000] {processor.py:914} INFO - Processing file /usr/local/lib/python3.9/dist-packages/airflow/example_dags/example_dynamic_task_mapping.py for tasks to queue
[2025-02-10T14:53:38.135+0000] {logging_mixin.py:190} INFO - [2025-02-10T14:53:38.135+0000] {dagbag.py:588} INFO - Filling up the DagBag from /usr/local/lib/python3.9/dist-packages/airflow/example_dags/example_dynamic_task_mapping.py
[2025-02-10T14:53:38.145+0000] {processor.py:925} INFO - DAG(s) 'example_dynamic_task_mapping' retrieved from /usr/local/lib/python3.9/dist-packages/airflow/example_dags/example_dynamic_task_mapping.py
[2025-02-10T14:53:38.177+0000] {logging_mixin.py:190} INFO - [2025-02-10T14:53:38.176+0000] {dag.py:3239} INFO - Sync 1 DAGs
[2025-02-10T14:53:38.194+0000] {logging_mixin.py:190} INFO - [2025-02-10T14:53:38.194+0000] {dag.py:4180} INFO - Setting next_dagrun for example_dynamic_task_mapping to None, run_after=None
[2025-02-10T14:53:38.272+0000] {processor.py:208} INFO - Processing /usr/local/lib/python3.9/dist-packages/airflow/example_dags/example_dynamic_task_mapping.py took 0.148 seconds
[2025-02-10T14:54:57.720+0000] {processor.py:186} INFO - Started process (PID=350) to work on /usr/local/lib/python3.9/dist-packages/airflow/example_dags/example_dynamic_task_mapping.py
[2025-02-10T14:54:57.723+0000] {processor.py:914} INFO - Processing file /usr/local/lib/python3.9/dist-packages/airflow/example_dags/example_dynamic_task_mapping.py for tasks to queue
[2025-02-10T14:54:57.725+0000] {logging_mixin.py:190} INFO - [2025-02-10T14:54:57.725+0000] {dagbag.py:588} INFO - Filling up the DagBag from /usr/local/lib/python3.9/dist-packages/airflow/example_dags/example_dynamic_task_mapping.py
[2025-02-10T14:54:57.733+0000] {processor.py:925} INFO - DAG(s) 'example_dynamic_task_mapping' retrieved from /usr/local/lib/python3.9/dist-packages/airflow/example_dags/example_dynamic_task_mapping.py
[2025-02-10T14:54:57.763+0000] {logging_mixin.py:190} INFO - [2025-02-10T14:54:57.763+0000] {dag.py:3239} INFO - Sync 1 DAGs
[2025-02-10T14:54:57.782+0000] {logging_mixin.py:190} INFO - [2025-02-10T14:54:57.781+0000] {dag.py:4180} INFO - Setting next_dagrun for example_dynamic_task_mapping to None, run_after=None
[2025-02-10T14:54:57.853+0000] {processor.py:208} INFO - Processing /usr/local/lib/python3.9/dist-packages/airflow/example_dags/example_dynamic_task_mapping.py took 0.137 seconds
[2025-02-10T14:56:18.066+0000] {processor.py:186} INFO - Started process (PID=416) to work on /usr/local/lib/python3.9/dist-packages/airflow/example_dags/example_dynamic_task_mapping.py
[2025-02-10T14:56:18.068+0000] {processor.py:914} INFO - Processing file /usr/local/lib/python3.9/dist-packages/airflow/example_dags/example_dynamic_task_mapping.py for tasks to queue
[2025-02-10T14:56:18.070+0000] {logging_mixin.py:190} INFO - [2025-02-10T14:56:18.070+0000] {dagbag.py:588} INFO - Filling up the DagBag from /usr/local/lib/python3.9/dist-packages/airflow/example_dags/example_dynamic_task_mapping.py
[2025-02-10T14:56:18.079+0000] {processor.py:925} INFO - DAG(s) 'example_dynamic_task_mapping' retrieved from /usr/local/lib/python3.9/dist-packages/airflow/example_dags/example_dynamic_task_mapping.py
[2025-02-10T14:56:18.109+0000] {logging_mixin.py:190} INFO - [2025-02-10T14:56:18.109+0000] {dag.py:3239} INFO - Sync 1 DAGs
[2025-02-10T14:56:18.127+0000] {logging_mixin.py:190} INFO - [2025-02-10T14:56:18.126+0000] {dag.py:4180} INFO - Setting next_dagrun for example_dynamic_task_mapping to None, run_after=None
[2025-02-10T14:56:18.205+0000] {processor.py:208} INFO - Processing /usr/local/lib/python3.9/dist-packages/airflow/example_dags/example_dynamic_task_mapping.py took 0.144 seconds
[2025-02-10T14:57:39.859+0000] {processor.py:186} INFO - Started process (PID=483) to work on /usr/local/lib/python3.9/dist-packages/airflow/example_dags/example_dynamic_task_mapping.py
[2025-02-10T14:57:39.860+0000] {processor.py:914} INFO - Processing file /usr/local/lib/python3.9/dist-packages/airflow/example_dags/example_dynamic_task_mapping.py for tasks to queue
[2025-02-10T14:57:39.862+0000] {logging_mixin.py:190} INFO - [2025-02-10T14:57:39.862+0000] {dagbag.py:588} INFO - Filling up the DagBag from /usr/local/lib/python3.9/dist-packages/airflow/example_dags/example_dynamic_task_mapping.py
[2025-02-10T14:57:39.870+0000] {processor.py:925} INFO - DAG(s) 'example_dynamic_task_mapping' retrieved from /usr/local/lib/python3.9/dist-packages/airflow/example_dags/example_dynamic_task_mapping.py
[2025-02-10T14:57:39.898+0000] {logging_mixin.py:190} INFO - [2025-02-10T14:57:39.898+0000] {dag.py:3239} INFO - Sync 1 DAGs
[2025-02-10T14:57:39.916+0000] {logging_mixin.py:190} INFO - [2025-02-10T14:57:39.915+0000] {dag.py:4180} INFO - Setting next_dagrun for example_dynamic_task_mapping to None, run_after=None
[2025-02-10T14:57:39.992+0000] {processor.py:208} INFO - Processing /usr/local/lib/python3.9/dist-packages/airflow/example_dags/example_dynamic_task_mapping.py took 0.139 seconds
[2025-02-10T14:58:53.507+0000] {processor.py:186} INFO - Started process (PID=548) to work on /usr/local/lib/python3.9/dist-packages/airflow/example_dags/example_dynamic_task_mapping.py
[2025-02-10T14:58:53.509+0000] {processor.py:914} INFO - Processing file /usr/local/lib/python3.9/dist-packages/airflow/example_dags/example_dynamic_task_mapping.py for tasks to queue
[2025-02-10T14:58:53.511+0000] {logging_mixin.py:190} INFO - [2025-02-10T14:58:53.511+0000] {dagbag.py:588} INFO - Filling up the DagBag from /usr/local/lib/python3.9/dist-packages/airflow/example_dags/example_dynamic_task_mapping.py
[2025-02-10T14:58:53.519+0000] {processor.py:925} INFO - DAG(s) 'example_dynamic_task_mapping' retrieved from /usr/local/lib/python3.9/dist-packages/airflow/example_dags/example_dynamic_task_mapping.py
[2025-02-10T14:58:53.550+0000] {logging_mixin.py:190} INFO - [2025-02-10T14:58:53.550+0000] {dag.py:3239} INFO - Sync 1 DAGs
[2025-02-10T14:58:53.567+0000] {logging_mixin.py:190} INFO - [2025-02-10T14:58:53.567+0000] {dag.py:4180} INFO - Setting next_dagrun for example_dynamic_task_mapping to None, run_after=None
[2025-02-10T14:58:53.640+0000] {processor.py:208} INFO - Processing /usr/local/lib/python3.9/dist-packages/airflow/example_dags/example_dynamic_task_mapping.py took 0.139 seconds
[2025-02-10T15:00:06.365+0000] {processor.py:186} INFO - Started process (PID=611) to work on /usr/local/lib/python3.9/dist-packages/airflow/example_dags/example_dynamic_task_mapping.py
[2025-02-10T15:00:06.366+0000] {processor.py:914} INFO - Processing file /usr/local/lib/python3.9/dist-packages/airflow/example_dags/example_dynamic_task_mapping.py for tasks to queue
[2025-02-10T15:00:06.369+0000] {logging_mixin.py:190} INFO - [2025-02-10T15:00:06.369+0000] {dagbag.py:588} INFO - Filling up the DagBag from /usr/local/lib/python3.9/dist-packages/airflow/example_dags/example_dynamic_task_mapping.py
[2025-02-10T15:00:06.377+0000] {processor.py:925} INFO - DAG(s) 'example_dynamic_task_mapping' retrieved from /usr/local/lib/python3.9/dist-packages/airflow/example_dags/example_dynamic_task_mapping.py
[2025-02-10T15:00:06.408+0000] {logging_mixin.py:190} INFO - [2025-02-10T15:00:06.407+0000] {dag.py:3239} INFO - Sync 1 DAGs
[2025-02-10T15:00:06.425+0000] {logging_mixin.py:190} INFO - [2025-02-10T15:00:06.425+0000] {dag.py:4180} INFO - Setting next_dagrun for example_dynamic_task_mapping to None, run_after=None
[2025-02-10T15:00:06.508+0000] {processor.py:208} INFO - Processing /usr/local/lib/python3.9/dist-packages/airflow/example_dags/example_dynamic_task_mapping.py took 0.149 seconds
[2025-02-10T15:01:23.366+0000] {processor.py:186} INFO - Started process (PID=674) to work on /usr/local/lib/python3.9/dist-packages/airflow/example_dags/example_dynamic_task_mapping.py
[2025-02-10T15:01:23.368+0000] {processor.py:914} INFO - Processing file /usr/local/lib/python3.9/dist-packages/airflow/example_dags/example_dynamic_task_mapping.py for tasks to queue
[2025-02-10T15:01:23.372+0000] {logging_mixin.py:190} INFO - [2025-02-10T15:01:23.371+0000] {dagbag.py:588} INFO - Filling up the DagBag from /usr/local/lib/python3.9/dist-packages/airflow/example_dags/example_dynamic_task_mapping.py
[2025-02-10T15:01:23.380+0000] {processor.py:925} INFO - DAG(s) 'example_dynamic_task_mapping' retrieved from /usr/local/lib/python3.9/dist-packages/airflow/example_dags/example_dynamic_task_mapping.py
[2025-02-10T15:01:23.410+0000] {logging_mixin.py:190} INFO - [2025-02-10T15:01:23.410+0000] {dag.py:3239} INFO - Sync 1 DAGs
[2025-02-10T15:01:23.427+0000] {logging_mixin.py:190} INFO - [2025-02-10T15:01:23.427+0000] {dag.py:4180} INFO - Setting next_dagrun for example_dynamic_task_mapping to None, run_after=None
[2025-02-10T15:01:23.496+0000] {processor.py:208} INFO - Processing /usr/local/lib/python3.9/dist-packages/airflow/example_dags/example_dynamic_task_mapping.py took 0.135 seconds
[2025-02-10T15:02:42.904+0000] {processor.py:186} INFO - Started process (PID=744) to work on /usr/local/lib/python3.9/dist-packages/airflow/example_dags/example_dynamic_task_mapping.py
[2025-02-10T15:02:42.906+0000] {processor.py:914} INFO - Processing file /usr/local/lib/python3.9/dist-packages/airflow/example_dags/example_dynamic_task_mapping.py for tasks to queue
[2025-02-10T15:02:42.909+0000] {logging_mixin.py:190} INFO - [2025-02-10T15:02:42.909+0000] {dagbag.py:588} INFO - Filling up the DagBag from /usr/local/lib/python3.9/dist-packages/airflow/example_dags/example_dynamic_task_mapping.py
[2025-02-10T15:02:42.918+0000] {processor.py:925} INFO - DAG(s) 'example_dynamic_task_mapping' retrieved from /usr/local/lib/python3.9/dist-packages/airflow/example_dags/example_dynamic_task_mapping.py
[2025-02-10T15:02:42.947+0000] {logging_mixin.py:190} INFO - [2025-02-10T15:02:42.947+0000] {dag.py:3239} INFO - Sync 1 DAGs
[2025-02-10T15:02:42.962+0000] {logging_mixin.py:190} INFO - [2025-02-10T15:02:42.962+0000] {dag.py:4180} INFO - Setting next_dagrun for example_dynamic_task_mapping to None, run_after=None
[2025-02-10T15:02:43.034+0000] {processor.py:208} INFO - Processing /usr/local/lib/python3.9/dist-packages/airflow/example_dags/example_dynamic_task_mapping.py took 0.135 seconds
[2025-02-10T15:04:01.963+0000] {processor.py:186} INFO - Started process (PID=809) to work on /usr/local/lib/python3.9/dist-packages/airflow/example_dags/example_dynamic_task_mapping.py
[2025-02-10T15:04:01.964+0000] {processor.py:914} INFO - Processing file /usr/local/lib/python3.9/dist-packages/airflow/example_dags/example_dynamic_task_mapping.py for tasks to queue
[2025-02-10T15:04:01.966+0000] {logging_mixin.py:190} INFO - [2025-02-10T15:04:01.966+0000] {dagbag.py:588} INFO - Filling up the DagBag from /usr/local/lib/python3.9/dist-packages/airflow/example_dags/example_dynamic_task_mapping.py
[2025-02-10T15:04:01.975+0000] {processor.py:925} INFO - DAG(s) 'example_dynamic_task_mapping' retrieved from /usr/local/lib/python3.9/dist-packages/airflow/example_dags/example_dynamic_task_mapping.py
[2025-02-10T15:04:02.007+0000] {logging_mixin.py:190} INFO - [2025-02-10T15:04:02.006+0000] {dag.py:3239} INFO - Sync 1 DAGs
[2025-02-10T15:04:02.023+0000] {logging_mixin.py:190} INFO - [2025-02-10T15:04:02.023+0000] {dag.py:4180} INFO - Setting next_dagrun for example_dynamic_task_mapping to None, run_after=None
[2025-02-10T15:04:02.103+0000] {processor.py:208} INFO - Processing /usr/local/lib/python3.9/dist-packages/airflow/example_dags/example_dynamic_task_mapping.py took 0.146 seconds
[2025-02-10T15:05:21.190+0000] {processor.py:186} INFO - Started process (PID=874) to work on /usr/local/lib/python3.9/dist-packages/airflow/example_dags/example_dynamic_task_mapping.py
[2025-02-10T15:05:21.192+0000] {processor.py:914} INFO - Processing file /usr/local/lib/python3.9/dist-packages/airflow/example_dags/example_dynamic_task_mapping.py for tasks to queue
[2025-02-10T15:05:21.195+0000] {logging_mixin.py:190} INFO - [2025-02-10T15:05:21.194+0000] {dagbag.py:588} INFO - Filling up the DagBag from /usr/local/lib/python3.9/dist-packages/airflow/example_dags/example_dynamic_task_mapping.py
[2025-02-10T15:05:21.204+0000] {processor.py:925} INFO - DAG(s) 'example_dynamic_task_mapping' retrieved from /usr/local/lib/python3.9/dist-packages/airflow/example_dags/example_dynamic_task_mapping.py
[2025-02-10T15:05:21.238+0000] {logging_mixin.py:190} INFO - [2025-02-10T15:05:21.238+0000] {dag.py:3239} INFO - Sync 1 DAGs
[2025-02-10T15:05:21.254+0000] {logging_mixin.py:190} INFO - [2025-02-10T15:05:21.254+0000] {dag.py:4180} INFO - Setting next_dagrun for example_dynamic_task_mapping to None, run_after=None
[2025-02-10T15:05:21.329+0000] {processor.py:208} INFO - Processing /usr/local/lib/python3.9/dist-packages/airflow/example_dags/example_dynamic_task_mapping.py took 0.144 seconds
[2025-02-10T15:06:40.961+0000] {processor.py:186} INFO - Started process (PID=940) to work on /usr/local/lib/python3.9/dist-packages/airflow/example_dags/example_dynamic_task_mapping.py
[2025-02-10T15:06:40.963+0000] {processor.py:914} INFO - Processing file /usr/local/lib/python3.9/dist-packages/airflow/example_dags/example_dynamic_task_mapping.py for tasks to queue
[2025-02-10T15:06:40.966+0000] {logging_mixin.py:190} INFO - [2025-02-10T15:06:40.966+0000] {dagbag.py:588} INFO - Filling up the DagBag from /usr/local/lib/python3.9/dist-packages/airflow/example_dags/example_dynamic_task_mapping.py
[2025-02-10T15:06:40.975+0000] {processor.py:925} INFO - DAG(s) 'example_dynamic_task_mapping' retrieved from /usr/local/lib/python3.9/dist-packages/airflow/example_dags/example_dynamic_task_mapping.py
[2025-02-10T15:06:41.004+0000] {logging_mixin.py:190} INFO - [2025-02-10T15:06:41.004+0000] {dag.py:3239} INFO - Sync 1 DAGs
[2025-02-10T15:06:41.029+0000] {logging_mixin.py:190} INFO - [2025-02-10T15:06:41.029+0000] {dag.py:4180} INFO - Setting next_dagrun for example_dynamic_task_mapping to None, run_after=None
[2025-02-10T15:06:41.120+0000] {processor.py:208} INFO - Processing /usr/local/lib/python3.9/dist-packages/airflow/example_dags/example_dynamic_task_mapping.py took 0.164 seconds
[2025-02-10T15:07:58.742+0000] {processor.py:186} INFO - Started process (PID=1006) to work on /usr/local/lib/python3.9/dist-packages/airflow/example_dags/example_dynamic_task_mapping.py
[2025-02-10T15:07:58.745+0000] {processor.py:914} INFO - Processing file /usr/local/lib/python3.9/dist-packages/airflow/example_dags/example_dynamic_task_mapping.py for tasks to queue
[2025-02-10T15:07:58.748+0000] {logging_mixin.py:190} INFO - [2025-02-10T15:07:58.747+0000] {dagbag.py:588} INFO - Filling up the DagBag from /usr/local/lib/python3.9/dist-packages/airflow/example_dags/example_dynamic_task_mapping.py
[2025-02-10T15:07:58.760+0000] {processor.py:925} INFO - DAG(s) 'example_dynamic_task_mapping' retrieved from /usr/local/lib/python3.9/dist-packages/airflow/example_dags/example_dynamic_task_mapping.py
[2025-02-10T15:07:58.794+0000] {logging_mixin.py:190} INFO - [2025-02-10T15:07:58.793+0000] {dag.py:3239} INFO - Sync 1 DAGs
[2025-02-10T15:07:58.810+0000] {logging_mixin.py:190} INFO - [2025-02-10T15:07:58.810+0000] {dag.py:4180} INFO - Setting next_dagrun for example_dynamic_task_mapping to None, run_after=None
[2025-02-10T15:07:58.882+0000] {processor.py:208} INFO - Processing /usr/local/lib/python3.9/dist-packages/airflow/example_dags/example_dynamic_task_mapping.py took 0.147 seconds
[2025-02-10T15:09:16.372+0000] {processor.py:186} INFO - Started process (PID=1070) to work on /usr/local/lib/python3.9/dist-packages/airflow/example_dags/example_dynamic_task_mapping.py
[2025-02-10T15:09:16.374+0000] {processor.py:914} INFO - Processing file /usr/local/lib/python3.9/dist-packages/airflow/example_dags/example_dynamic_task_mapping.py for tasks to queue
[2025-02-10T15:09:16.376+0000] {logging_mixin.py:190} INFO - [2025-02-10T15:09:16.376+0000] {dagbag.py:588} INFO - Filling up the DagBag from /usr/local/lib/python3.9/dist-packages/airflow/example_dags/example_dynamic_task_mapping.py
[2025-02-10T15:09:16.385+0000] {processor.py:925} INFO - DAG(s) 'example_dynamic_task_mapping' retrieved from /usr/local/lib/python3.9/dist-packages/airflow/example_dags/example_dynamic_task_mapping.py
[2025-02-10T15:09:16.413+0000] {logging_mixin.py:190} INFO - [2025-02-10T15:09:16.412+0000] {dag.py:3239} INFO - Sync 1 DAGs
[2025-02-10T15:09:16.430+0000] {logging_mixin.py:190} INFO - [2025-02-10T15:09:16.430+0000] {dag.py:4180} INFO - Setting next_dagrun for example_dynamic_task_mapping to None, run_after=None
[2025-02-10T15:09:16.504+0000] {processor.py:208} INFO - Processing /usr/local/lib/python3.9/dist-packages/airflow/example_dags/example_dynamic_task_mapping.py took 0.137 seconds
[2025-02-10T15:10:34.851+0000] {processor.py:186} INFO - Started process (PID=1136) to work on /usr/local/lib/python3.9/dist-packages/airflow/example_dags/example_dynamic_task_mapping.py
[2025-02-10T15:10:34.852+0000] {processor.py:914} INFO - Processing file /usr/local/lib/python3.9/dist-packages/airflow/example_dags/example_dynamic_task_mapping.py for tasks to queue
[2025-02-10T15:10:34.856+0000] {logging_mixin.py:190} INFO - [2025-02-10T15:10:34.855+0000] {dagbag.py:588} INFO - Filling up the DagBag from /usr/local/lib/python3.9/dist-packages/airflow/example_dags/example_dynamic_task_mapping.py
[2025-02-10T15:10:34.866+0000] {processor.py:925} INFO - DAG(s) 'example_dynamic_task_mapping' retrieved from /usr/local/lib/python3.9/dist-packages/airflow/example_dags/example_dynamic_task_mapping.py
[2025-02-10T15:10:34.899+0000] {logging_mixin.py:190} INFO - [2025-02-10T15:10:34.899+0000] {dag.py:3239} INFO - Sync 1 DAGs
[2025-02-10T15:10:34.921+0000] {logging_mixin.py:190} INFO - [2025-02-10T15:10:34.921+0000] {dag.py:4180} INFO - Setting next_dagrun for example_dynamic_task_mapping to None, run_after=None
[2025-02-10T15:10:35.005+0000] {processor.py:208} INFO - Processing /usr/local/lib/python3.9/dist-packages/airflow/example_dags/example_dynamic_task_mapping.py took 0.161 seconds
[2025-02-10T15:11:58.065+0000] {processor.py:186} INFO - Started process (PID=1203) to work on /usr/local/lib/python3.9/dist-packages/airflow/example_dags/example_dynamic_task_mapping.py
[2025-02-10T15:11:58.067+0000] {processor.py:914} INFO - Processing file /usr/local/lib/python3.9/dist-packages/airflow/example_dags/example_dynamic_task_mapping.py for tasks to queue
[2025-02-10T15:11:58.071+0000] {logging_mixin.py:190} INFO - [2025-02-10T15:11:58.070+0000] {dagbag.py:588} INFO - Filling up the DagBag from /usr/local/lib/python3.9/dist-packages/airflow/example_dags/example_dynamic_task_mapping.py
[2025-02-10T15:11:58.079+0000] {processor.py:925} INFO - DAG(s) 'example_dynamic_task_mapping' retrieved from /usr/local/lib/python3.9/dist-packages/airflow/example_dags/example_dynamic_task_mapping.py
[2025-02-10T15:11:58.112+0000] {logging_mixin.py:190} INFO - [2025-02-10T15:11:58.111+0000] {dag.py:3239} INFO - Sync 1 DAGs
[2025-02-10T15:11:58.129+0000] {logging_mixin.py:190} INFO - [2025-02-10T15:11:58.128+0000] {dag.py:4180} INFO - Setting next_dagrun for example_dynamic_task_mapping to None, run_after=None
[2025-02-10T15:11:58.202+0000] {processor.py:208} INFO - Processing /usr/local/lib/python3.9/dist-packages/airflow/example_dags/example_dynamic_task_mapping.py took 0.143 seconds
[2025-02-10T15:13:12.981+0000] {processor.py:186} INFO - Started process (PID=1268) to work on /usr/local/lib/python3.9/dist-packages/airflow/example_dags/example_dynamic_task_mapping.py
[2025-02-10T15:13:12.982+0000] {processor.py:914} INFO - Processing file /usr/local/lib/python3.9/dist-packages/airflow/example_dags/example_dynamic_task_mapping.py for tasks to queue
[2025-02-10T15:13:12.985+0000] {logging_mixin.py:190} INFO - [2025-02-10T15:13:12.985+0000] {dagbag.py:588} INFO - Filling up the DagBag from /usr/local/lib/python3.9/dist-packages/airflow/example_dags/example_dynamic_task_mapping.py
[2025-02-10T15:13:12.994+0000] {processor.py:925} INFO - DAG(s) 'example_dynamic_task_mapping' retrieved from /usr/local/lib/python3.9/dist-packages/airflow/example_dags/example_dynamic_task_mapping.py
[2025-02-10T15:13:13.024+0000] {logging_mixin.py:190} INFO - [2025-02-10T15:13:13.023+0000] {dag.py:3239} INFO - Sync 1 DAGs
[2025-02-10T15:13:13.042+0000] {logging_mixin.py:190} INFO - [2025-02-10T15:13:13.042+0000] {dag.py:4180} INFO - Setting next_dagrun for example_dynamic_task_mapping to None, run_after=None
[2025-02-10T15:13:13.125+0000] {processor.py:208} INFO - Processing /usr/local/lib/python3.9/dist-packages/airflow/example_dags/example_dynamic_task_mapping.py took 0.150 seconds
[2025-02-10T15:14:29.863+0000] {processor.py:186} INFO - Started process (PID=1332) to work on /usr/local/lib/python3.9/dist-packages/airflow/example_dags/example_dynamic_task_mapping.py
[2025-02-10T15:14:29.866+0000] {processor.py:914} INFO - Processing file /usr/local/lib/python3.9/dist-packages/airflow/example_dags/example_dynamic_task_mapping.py for tasks to queue
[2025-02-10T15:14:29.869+0000] {logging_mixin.py:190} INFO - [2025-02-10T15:14:29.868+0000] {dagbag.py:588} INFO - Filling up the DagBag from /usr/local/lib/python3.9/dist-packages/airflow/example_dags/example_dynamic_task_mapping.py
[2025-02-10T15:14:29.880+0000] {processor.py:925} INFO - DAG(s) 'example_dynamic_task_mapping' retrieved from /usr/local/lib/python3.9/dist-packages/airflow/example_dags/example_dynamic_task_mapping.py
[2025-02-10T15:14:29.914+0000] {logging_mixin.py:190} INFO - [2025-02-10T15:14:29.913+0000] {dag.py:3239} INFO - Sync 1 DAGs
[2025-02-10T15:14:29.932+0000] {logging_mixin.py:190} INFO - [2025-02-10T15:14:29.931+0000] {dag.py:4180} INFO - Setting next_dagrun for example_dynamic_task_mapping to None, run_after=None
[2025-02-10T15:14:30.008+0000] {processor.py:208} INFO - Processing /usr/local/lib/python3.9/dist-packages/airflow/example_dags/example_dynamic_task_mapping.py took 0.152 seconds
[2025-02-10T15:25:49.946+0000] {processor.py:186} INFO - Started process (PID=72) to work on /usr/local/lib/python3.9/dist-packages/airflow/example_dags/example_dynamic_task_mapping.py
[2025-02-10T15:25:49.948+0000] {processor.py:914} INFO - Processing file /usr/local/lib/python3.9/dist-packages/airflow/example_dags/example_dynamic_task_mapping.py for tasks to queue
[2025-02-10T15:25:49.950+0000] {logging_mixin.py:190} INFO - [2025-02-10T15:25:49.950+0000] {dagbag.py:588} INFO - Filling up the DagBag from /usr/local/lib/python3.9/dist-packages/airflow/example_dags/example_dynamic_task_mapping.py
[2025-02-10T15:25:49.959+0000] {processor.py:925} INFO - DAG(s) 'example_dynamic_task_mapping' retrieved from /usr/local/lib/python3.9/dist-packages/airflow/example_dags/example_dynamic_task_mapping.py
[2025-02-10T15:25:49.991+0000] {logging_mixin.py:190} INFO - [2025-02-10T15:25:49.990+0000] {dag.py:3239} INFO - Sync 1 DAGs
[2025-02-10T15:25:50.019+0000] {logging_mixin.py:190} INFO - [2025-02-10T15:25:50.019+0000] {dag.py:4180} INFO - Setting next_dagrun for example_dynamic_task_mapping to None, run_after=None
[2025-02-10T15:25:50.108+0000] {processor.py:208} INFO - Processing /usr/local/lib/python3.9/dist-packages/airflow/example_dags/example_dynamic_task_mapping.py took 0.167 seconds
[2025-02-10T15:27:07.484+0000] {processor.py:186} INFO - Started process (PID=137) to work on /usr/local/lib/python3.9/dist-packages/airflow/example_dags/example_dynamic_task_mapping.py
[2025-02-10T15:27:07.486+0000] {processor.py:914} INFO - Processing file /usr/local/lib/python3.9/dist-packages/airflow/example_dags/example_dynamic_task_mapping.py for tasks to queue
[2025-02-10T15:27:07.489+0000] {logging_mixin.py:190} INFO - [2025-02-10T15:27:07.488+0000] {dagbag.py:588} INFO - Filling up the DagBag from /usr/local/lib/python3.9/dist-packages/airflow/example_dags/example_dynamic_task_mapping.py
[2025-02-10T15:27:07.497+0000] {processor.py:925} INFO - DAG(s) 'example_dynamic_task_mapping' retrieved from /usr/local/lib/python3.9/dist-packages/airflow/example_dags/example_dynamic_task_mapping.py
[2025-02-10T15:27:07.525+0000] {logging_mixin.py:190} INFO - [2025-02-10T15:27:07.525+0000] {dag.py:3239} INFO - Sync 1 DAGs
[2025-02-10T15:27:07.543+0000] {logging_mixin.py:190} INFO - [2025-02-10T15:27:07.542+0000] {dag.py:4180} INFO - Setting next_dagrun for example_dynamic_task_mapping to None, run_after=None
[2025-02-10T15:27:07.613+0000] {processor.py:208} INFO - Processing /usr/local/lib/python3.9/dist-packages/airflow/example_dags/example_dynamic_task_mapping.py took 0.138 seconds
[2025-02-10T15:28:27.178+0000] {processor.py:186} INFO - Started process (PID=202) to work on /usr/local/lib/python3.9/dist-packages/airflow/example_dags/example_dynamic_task_mapping.py
[2025-02-10T15:28:27.179+0000] {processor.py:914} INFO - Processing file /usr/local/lib/python3.9/dist-packages/airflow/example_dags/example_dynamic_task_mapping.py for tasks to queue
[2025-02-10T15:28:27.182+0000] {logging_mixin.py:190} INFO - [2025-02-10T15:28:27.182+0000] {dagbag.py:588} INFO - Filling up the DagBag from /usr/local/lib/python3.9/dist-packages/airflow/example_dags/example_dynamic_task_mapping.py
[2025-02-10T15:28:27.190+0000] {processor.py:925} INFO - DAG(s) 'example_dynamic_task_mapping' retrieved from /usr/local/lib/python3.9/dist-packages/airflow/example_dags/example_dynamic_task_mapping.py
[2025-02-10T15:28:27.220+0000] {logging_mixin.py:190} INFO - [2025-02-10T15:28:27.220+0000] {dag.py:3239} INFO - Sync 1 DAGs
[2025-02-10T15:28:27.237+0000] {logging_mixin.py:190} INFO - [2025-02-10T15:28:27.236+0000] {dag.py:4180} INFO - Setting next_dagrun for example_dynamic_task_mapping to None, run_after=None
[2025-02-10T15:28:27.327+0000] {processor.py:208} INFO - Processing /usr/local/lib/python3.9/dist-packages/airflow/example_dags/example_dynamic_task_mapping.py took 0.154 seconds
[2025-02-10T15:29:48.100+0000] {processor.py:186} INFO - Started process (PID=268) to work on /usr/local/lib/python3.9/dist-packages/airflow/example_dags/example_dynamic_task_mapping.py
[2025-02-10T15:29:48.101+0000] {processor.py:914} INFO - Processing file /usr/local/lib/python3.9/dist-packages/airflow/example_dags/example_dynamic_task_mapping.py for tasks to queue
[2025-02-10T15:29:48.105+0000] {logging_mixin.py:190} INFO - [2025-02-10T15:29:48.104+0000] {dagbag.py:588} INFO - Filling up the DagBag from /usr/local/lib/python3.9/dist-packages/airflow/example_dags/example_dynamic_task_mapping.py
[2025-02-10T15:29:48.112+0000] {processor.py:925} INFO - DAG(s) 'example_dynamic_task_mapping' retrieved from /usr/local/lib/python3.9/dist-packages/airflow/example_dags/example_dynamic_task_mapping.py
[2025-02-10T15:29:48.142+0000] {logging_mixin.py:190} INFO - [2025-02-10T15:29:48.142+0000] {dag.py:3239} INFO - Sync 1 DAGs
[2025-02-10T15:29:48.159+0000] {logging_mixin.py:190} INFO - [2025-02-10T15:29:48.159+0000] {dag.py:4180} INFO - Setting next_dagrun for example_dynamic_task_mapping to None, run_after=None
[2025-02-10T15:29:48.239+0000] {processor.py:208} INFO - Processing /usr/local/lib/python3.9/dist-packages/airflow/example_dags/example_dynamic_task_mapping.py took 0.145 seconds
[2025-02-10T15:31:02.403+0000] {processor.py:186} INFO - Started process (PID=331) to work on /usr/local/lib/python3.9/dist-packages/airflow/example_dags/example_dynamic_task_mapping.py
[2025-02-10T15:31:02.405+0000] {processor.py:914} INFO - Processing file /usr/local/lib/python3.9/dist-packages/airflow/example_dags/example_dynamic_task_mapping.py for tasks to queue
[2025-02-10T15:31:02.408+0000] {logging_mixin.py:190} INFO - [2025-02-10T15:31:02.407+0000] {dagbag.py:588} INFO - Filling up the DagBag from /usr/local/lib/python3.9/dist-packages/airflow/example_dags/example_dynamic_task_mapping.py
[2025-02-10T15:31:02.415+0000] {processor.py:925} INFO - DAG(s) 'example_dynamic_task_mapping' retrieved from /usr/local/lib/python3.9/dist-packages/airflow/example_dags/example_dynamic_task_mapping.py
[2025-02-10T15:31:02.447+0000] {logging_mixin.py:190} INFO - [2025-02-10T15:31:02.446+0000] {dag.py:3239} INFO - Sync 1 DAGs
[2025-02-10T15:31:02.463+0000] {logging_mixin.py:190} INFO - [2025-02-10T15:31:02.463+0000] {dag.py:4180} INFO - Setting next_dagrun for example_dynamic_task_mapping to None, run_after=None
[2025-02-10T15:31:02.540+0000] {processor.py:208} INFO - Processing /usr/local/lib/python3.9/dist-packages/airflow/example_dags/example_dynamic_task_mapping.py took 0.142 seconds
[2025-02-10T15:32:18.457+0000] {processor.py:186} INFO - Started process (PID=395) to work on /usr/local/lib/python3.9/dist-packages/airflow/example_dags/example_dynamic_task_mapping.py
[2025-02-10T15:32:18.459+0000] {processor.py:914} INFO - Processing file /usr/local/lib/python3.9/dist-packages/airflow/example_dags/example_dynamic_task_mapping.py for tasks to queue
[2025-02-10T15:32:18.461+0000] {logging_mixin.py:190} INFO - [2025-02-10T15:32:18.461+0000] {dagbag.py:588} INFO - Filling up the DagBag from /usr/local/lib/python3.9/dist-packages/airflow/example_dags/example_dynamic_task_mapping.py
[2025-02-10T15:32:18.470+0000] {processor.py:925} INFO - DAG(s) 'example_dynamic_task_mapping' retrieved from /usr/local/lib/python3.9/dist-packages/airflow/example_dags/example_dynamic_task_mapping.py
[2025-02-10T15:32:18.500+0000] {logging_mixin.py:190} INFO - [2025-02-10T15:32:18.500+0000] {dag.py:3239} INFO - Sync 1 DAGs
[2025-02-10T15:32:18.519+0000] {logging_mixin.py:190} INFO - [2025-02-10T15:32:18.518+0000] {dag.py:4180} INFO - Setting next_dagrun for example_dynamic_task_mapping to None, run_after=None
[2025-02-10T15:32:18.599+0000] {processor.py:208} INFO - Processing /usr/local/lib/python3.9/dist-packages/airflow/example_dags/example_dynamic_task_mapping.py took 0.147 seconds
[2025-02-10T15:33:40.602+0000] {processor.py:186} INFO - Started process (PID=461) to work on /usr/local/lib/python3.9/dist-packages/airflow/example_dags/example_dynamic_task_mapping.py
[2025-02-10T15:33:40.604+0000] {processor.py:914} INFO - Processing file /usr/local/lib/python3.9/dist-packages/airflow/example_dags/example_dynamic_task_mapping.py for tasks to queue
[2025-02-10T15:33:40.607+0000] {logging_mixin.py:190} INFO - [2025-02-10T15:33:40.606+0000] {dagbag.py:588} INFO - Filling up the DagBag from /usr/local/lib/python3.9/dist-packages/airflow/example_dags/example_dynamic_task_mapping.py
[2025-02-10T15:33:40.614+0000] {processor.py:925} INFO - DAG(s) 'example_dynamic_task_mapping' retrieved from /usr/local/lib/python3.9/dist-packages/airflow/example_dags/example_dynamic_task_mapping.py
[2025-02-10T15:33:40.643+0000] {logging_mixin.py:190} INFO - [2025-02-10T15:33:40.643+0000] {dag.py:3239} INFO - Sync 1 DAGs
[2025-02-10T15:33:40.660+0000] {logging_mixin.py:190} INFO - [2025-02-10T15:33:40.660+0000] {dag.py:4180} INFO - Setting next_dagrun for example_dynamic_task_mapping to None, run_after=None
[2025-02-10T15:33:40.739+0000] {processor.py:208} INFO - Processing /usr/local/lib/python3.9/dist-packages/airflow/example_dags/example_dynamic_task_mapping.py took 0.142 seconds
[2025-02-10T15:35:03.558+0000] {processor.py:186} INFO - Started process (PID=529) to work on /usr/local/lib/python3.9/dist-packages/airflow/example_dags/example_dynamic_task_mapping.py
[2025-02-10T15:35:03.560+0000] {processor.py:914} INFO - Processing file /usr/local/lib/python3.9/dist-packages/airflow/example_dags/example_dynamic_task_mapping.py for tasks to queue
[2025-02-10T15:35:03.563+0000] {logging_mixin.py:190} INFO - [2025-02-10T15:35:03.562+0000] {dagbag.py:588} INFO - Filling up the DagBag from /usr/local/lib/python3.9/dist-packages/airflow/example_dags/example_dynamic_task_mapping.py
[2025-02-10T15:35:03.570+0000] {processor.py:925} INFO - DAG(s) 'example_dynamic_task_mapping' retrieved from /usr/local/lib/python3.9/dist-packages/airflow/example_dags/example_dynamic_task_mapping.py
[2025-02-10T15:35:03.600+0000] {logging_mixin.py:190} INFO - [2025-02-10T15:35:03.600+0000] {dag.py:3239} INFO - Sync 1 DAGs
[2025-02-10T15:35:03.617+0000] {logging_mixin.py:190} INFO - [2025-02-10T15:35:03.617+0000] {dag.py:4180} INFO - Setting next_dagrun for example_dynamic_task_mapping to None, run_after=None
[2025-02-10T15:35:03.685+0000] {processor.py:208} INFO - Processing /usr/local/lib/python3.9/dist-packages/airflow/example_dags/example_dynamic_task_mapping.py took 0.132 seconds
[2025-02-10T15:36:22.549+0000] {processor.py:186} INFO - Started process (PID=593) to work on /usr/local/lib/python3.9/dist-packages/airflow/example_dags/example_dynamic_task_mapping.py
[2025-02-10T15:36:22.551+0000] {processor.py:914} INFO - Processing file /usr/local/lib/python3.9/dist-packages/airflow/example_dags/example_dynamic_task_mapping.py for tasks to queue
[2025-02-10T15:36:22.554+0000] {logging_mixin.py:190} INFO - [2025-02-10T15:36:22.553+0000] {dagbag.py:588} INFO - Filling up the DagBag from /usr/local/lib/python3.9/dist-packages/airflow/example_dags/example_dynamic_task_mapping.py
[2025-02-10T15:36:22.562+0000] {processor.py:925} INFO - DAG(s) 'example_dynamic_task_mapping' retrieved from /usr/local/lib/python3.9/dist-packages/airflow/example_dags/example_dynamic_task_mapping.py
[2025-02-10T15:36:22.594+0000] {logging_mixin.py:190} INFO - [2025-02-10T15:36:22.593+0000] {dag.py:3239} INFO - Sync 1 DAGs
[2025-02-10T15:36:22.611+0000] {logging_mixin.py:190} INFO - [2025-02-10T15:36:22.610+0000] {dag.py:4180} INFO - Setting next_dagrun for example_dynamic_task_mapping to None, run_after=None
[2025-02-10T15:36:22.687+0000] {processor.py:208} INFO - Processing /usr/local/lib/python3.9/dist-packages/airflow/example_dags/example_dynamic_task_mapping.py took 0.144 seconds
[2025-02-10T15:37:43.205+0000] {processor.py:186} INFO - Started process (PID=659) to work on /usr/local/lib/python3.9/dist-packages/airflow/example_dags/example_dynamic_task_mapping.py
[2025-02-10T15:37:43.207+0000] {processor.py:914} INFO - Processing file /usr/local/lib/python3.9/dist-packages/airflow/example_dags/example_dynamic_task_mapping.py for tasks to queue
[2025-02-10T15:37:43.209+0000] {logging_mixin.py:190} INFO - [2025-02-10T15:37:43.209+0000] {dagbag.py:588} INFO - Filling up the DagBag from /usr/local/lib/python3.9/dist-packages/airflow/example_dags/example_dynamic_task_mapping.py
[2025-02-10T15:37:43.216+0000] {processor.py:925} INFO - DAG(s) 'example_dynamic_task_mapping' retrieved from /usr/local/lib/python3.9/dist-packages/airflow/example_dags/example_dynamic_task_mapping.py
[2025-02-10T15:37:43.245+0000] {logging_mixin.py:190} INFO - [2025-02-10T15:37:43.245+0000] {dag.py:3239} INFO - Sync 1 DAGs
[2025-02-10T15:37:43.261+0000] {logging_mixin.py:190} INFO - [2025-02-10T15:37:43.261+0000] {dag.py:4180} INFO - Setting next_dagrun for example_dynamic_task_mapping to None, run_after=None
[2025-02-10T15:37:43.330+0000] {processor.py:208} INFO - Processing /usr/local/lib/python3.9/dist-packages/airflow/example_dags/example_dynamic_task_mapping.py took 0.130 seconds
[2025-02-10T15:39:07.534+0000] {processor.py:186} INFO - Started process (PID=726) to work on /usr/local/lib/python3.9/dist-packages/airflow/example_dags/example_dynamic_task_mapping.py
[2025-02-10T15:39:07.536+0000] {processor.py:914} INFO - Processing file /usr/local/lib/python3.9/dist-packages/airflow/example_dags/example_dynamic_task_mapping.py for tasks to queue
[2025-02-10T15:39:07.538+0000] {logging_mixin.py:190} INFO - [2025-02-10T15:39:07.538+0000] {dagbag.py:588} INFO - Filling up the DagBag from /usr/local/lib/python3.9/dist-packages/airflow/example_dags/example_dynamic_task_mapping.py
[2025-02-10T15:39:07.546+0000] {processor.py:925} INFO - DAG(s) 'example_dynamic_task_mapping' retrieved from /usr/local/lib/python3.9/dist-packages/airflow/example_dags/example_dynamic_task_mapping.py
[2025-02-10T15:39:07.577+0000] {logging_mixin.py:190} INFO - [2025-02-10T15:39:07.576+0000] {dag.py:3239} INFO - Sync 1 DAGs
[2025-02-10T15:39:07.594+0000] {logging_mixin.py:190} INFO - [2025-02-10T15:39:07.593+0000] {dag.py:4180} INFO - Setting next_dagrun for example_dynamic_task_mapping to None, run_after=None
[2025-02-10T15:39:07.669+0000] {processor.py:208} INFO - Processing /usr/local/lib/python3.9/dist-packages/airflow/example_dags/example_dynamic_task_mapping.py took 0.140 seconds
[2025-02-10T15:40:27.047+0000] {processor.py:186} INFO - Started process (PID=792) to work on /usr/local/lib/python3.9/dist-packages/airflow/example_dags/example_dynamic_task_mapping.py
[2025-02-10T15:40:27.049+0000] {processor.py:914} INFO - Processing file /usr/local/lib/python3.9/dist-packages/airflow/example_dags/example_dynamic_task_mapping.py for tasks to queue
[2025-02-10T15:40:27.051+0000] {logging_mixin.py:190} INFO - [2025-02-10T15:40:27.051+0000] {dagbag.py:588} INFO - Filling up the DagBag from /usr/local/lib/python3.9/dist-packages/airflow/example_dags/example_dynamic_task_mapping.py
[2025-02-10T15:40:27.060+0000] {processor.py:925} INFO - DAG(s) 'example_dynamic_task_mapping' retrieved from /usr/local/lib/python3.9/dist-packages/airflow/example_dags/example_dynamic_task_mapping.py
[2025-02-10T15:40:27.091+0000] {logging_mixin.py:190} INFO - [2025-02-10T15:40:27.090+0000] {dag.py:3239} INFO - Sync 1 DAGs
[2025-02-10T15:40:27.108+0000] {logging_mixin.py:190} INFO - [2025-02-10T15:40:27.108+0000] {dag.py:4180} INFO - Setting next_dagrun for example_dynamic_task_mapping to None, run_after=None
[2025-02-10T15:40:27.181+0000] {processor.py:208} INFO - Processing /usr/local/lib/python3.9/dist-packages/airflow/example_dags/example_dynamic_task_mapping.py took 0.139 seconds
[2025-02-10T15:41:44.951+0000] {processor.py:186} INFO - Started process (PID=857) to work on /usr/local/lib/python3.9/dist-packages/airflow/example_dags/example_dynamic_task_mapping.py
[2025-02-10T15:41:44.953+0000] {processor.py:914} INFO - Processing file /usr/local/lib/python3.9/dist-packages/airflow/example_dags/example_dynamic_task_mapping.py for tasks to queue
[2025-02-10T15:41:44.956+0000] {logging_mixin.py:190} INFO - [2025-02-10T15:41:44.955+0000] {dagbag.py:588} INFO - Filling up the DagBag from /usr/local/lib/python3.9/dist-packages/airflow/example_dags/example_dynamic_task_mapping.py
[2025-02-10T15:41:44.963+0000] {processor.py:925} INFO - DAG(s) 'example_dynamic_task_mapping' retrieved from /usr/local/lib/python3.9/dist-packages/airflow/example_dags/example_dynamic_task_mapping.py
[2025-02-10T15:41:44.990+0000] {logging_mixin.py:190} INFO - [2025-02-10T15:41:44.990+0000] {dag.py:3239} INFO - Sync 1 DAGs
[2025-02-10T15:41:45.007+0000] {logging_mixin.py:190} INFO - [2025-02-10T15:41:45.006+0000] {dag.py:4180} INFO - Setting next_dagrun for example_dynamic_task_mapping to None, run_after=None
[2025-02-10T15:41:45.080+0000] {processor.py:208} INFO - Processing /usr/local/lib/python3.9/dist-packages/airflow/example_dags/example_dynamic_task_mapping.py took 0.134 seconds
[2025-02-10T15:43:05.312+0000] {processor.py:186} INFO - Started process (PID=923) to work on /usr/local/lib/python3.9/dist-packages/airflow/example_dags/example_dynamic_task_mapping.py
[2025-02-10T15:43:05.313+0000] {processor.py:914} INFO - Processing file /usr/local/lib/python3.9/dist-packages/airflow/example_dags/example_dynamic_task_mapping.py for tasks to queue
[2025-02-10T15:43:05.316+0000] {logging_mixin.py:190} INFO - [2025-02-10T15:43:05.315+0000] {dagbag.py:588} INFO - Filling up the DagBag from /usr/local/lib/python3.9/dist-packages/airflow/example_dags/example_dynamic_task_mapping.py
[2025-02-10T15:43:05.323+0000] {processor.py:925} INFO - DAG(s) 'example_dynamic_task_mapping' retrieved from /usr/local/lib/python3.9/dist-packages/airflow/example_dags/example_dynamic_task_mapping.py
[2025-02-10T15:43:05.353+0000] {logging_mixin.py:190} INFO - [2025-02-10T15:43:05.352+0000] {dag.py:3239} INFO - Sync 1 DAGs
[2025-02-10T15:43:05.370+0000] {logging_mixin.py:190} INFO - [2025-02-10T15:43:05.369+0000] {dag.py:4180} INFO - Setting next_dagrun for example_dynamic_task_mapping to None, run_after=None
[2025-02-10T15:43:05.439+0000] {processor.py:208} INFO - Processing /usr/local/lib/python3.9/dist-packages/airflow/example_dags/example_dynamic_task_mapping.py took 0.133 seconds
[2025-02-10T15:44:30.958+0000] {processor.py:186} INFO - Started process (PID=991) to work on /usr/local/lib/python3.9/dist-packages/airflow/example_dags/example_dynamic_task_mapping.py
[2025-02-10T15:44:30.960+0000] {processor.py:914} INFO - Processing file /usr/local/lib/python3.9/dist-packages/airflow/example_dags/example_dynamic_task_mapping.py for tasks to queue
[2025-02-10T15:44:30.963+0000] {logging_mixin.py:190} INFO - [2025-02-10T15:44:30.963+0000] {dagbag.py:588} INFO - Filling up the DagBag from /usr/local/lib/python3.9/dist-packages/airflow/example_dags/example_dynamic_task_mapping.py
[2025-02-10T15:44:30.972+0000] {processor.py:925} INFO - DAG(s) 'example_dynamic_task_mapping' retrieved from /usr/local/lib/python3.9/dist-packages/airflow/example_dags/example_dynamic_task_mapping.py
[2025-02-10T15:44:31.005+0000] {logging_mixin.py:190} INFO - [2025-02-10T15:44:31.004+0000] {dag.py:3239} INFO - Sync 1 DAGs
[2025-02-10T15:44:31.020+0000] {logging_mixin.py:190} INFO - [2025-02-10T15:44:31.020+0000] {dag.py:4180} INFO - Setting next_dagrun for example_dynamic_task_mapping to None, run_after=None
[2025-02-10T15:44:31.089+0000] {processor.py:208} INFO - Processing /usr/local/lib/python3.9/dist-packages/airflow/example_dags/example_dynamic_task_mapping.py took 0.137 seconds
[2025-02-10T15:45:54.739+0000] {processor.py:186} INFO - Started process (PID=1058) to work on /usr/local/lib/python3.9/dist-packages/airflow/example_dags/example_dynamic_task_mapping.py
[2025-02-10T15:45:54.741+0000] {processor.py:914} INFO - Processing file /usr/local/lib/python3.9/dist-packages/airflow/example_dags/example_dynamic_task_mapping.py for tasks to queue
[2025-02-10T15:45:54.744+0000] {logging_mixin.py:190} INFO - [2025-02-10T15:45:54.743+0000] {dagbag.py:588} INFO - Filling up the DagBag from /usr/local/lib/python3.9/dist-packages/airflow/example_dags/example_dynamic_task_mapping.py
[2025-02-10T15:45:54.752+0000] {processor.py:925} INFO - DAG(s) 'example_dynamic_task_mapping' retrieved from /usr/local/lib/python3.9/dist-packages/airflow/example_dags/example_dynamic_task_mapping.py
[2025-02-10T15:45:54.782+0000] {logging_mixin.py:190} INFO - [2025-02-10T15:45:54.782+0000] {dag.py:3239} INFO - Sync 1 DAGs
[2025-02-10T15:45:54.799+0000] {logging_mixin.py:190} INFO - [2025-02-10T15:45:54.799+0000] {dag.py:4180} INFO - Setting next_dagrun for example_dynamic_task_mapping to None, run_after=None
[2025-02-10T15:45:54.881+0000] {processor.py:208} INFO - Processing /usr/local/lib/python3.9/dist-packages/airflow/example_dags/example_dynamic_task_mapping.py took 0.147 seconds
[2025-02-10T15:47:09.730+0000] {processor.py:186} INFO - Started process (PID=1122) to work on /usr/local/lib/python3.9/dist-packages/airflow/example_dags/example_dynamic_task_mapping.py
[2025-02-10T15:47:09.731+0000] {processor.py:914} INFO - Processing file /usr/local/lib/python3.9/dist-packages/airflow/example_dags/example_dynamic_task_mapping.py for tasks to queue
[2025-02-10T15:47:09.734+0000] {logging_mixin.py:190} INFO - [2025-02-10T15:47:09.733+0000] {dagbag.py:588} INFO - Filling up the DagBag from /usr/local/lib/python3.9/dist-packages/airflow/example_dags/example_dynamic_task_mapping.py
[2025-02-10T15:47:09.741+0000] {processor.py:925} INFO - DAG(s) 'example_dynamic_task_mapping' retrieved from /usr/local/lib/python3.9/dist-packages/airflow/example_dags/example_dynamic_task_mapping.py
[2025-02-10T15:47:09.770+0000] {logging_mixin.py:190} INFO - [2025-02-10T15:47:09.770+0000] {dag.py:3239} INFO - Sync 1 DAGs
[2025-02-10T15:47:09.789+0000] {logging_mixin.py:190} INFO - [2025-02-10T15:47:09.788+0000] {dag.py:4180} INFO - Setting next_dagrun for example_dynamic_task_mapping to None, run_after=None
[2025-02-10T15:47:09.865+0000] {processor.py:208} INFO - Processing /usr/local/lib/python3.9/dist-packages/airflow/example_dags/example_dynamic_task_mapping.py took 0.140 seconds
[2025-02-10T15:48:25.229+0000] {processor.py:186} INFO - Started process (PID=1186) to work on /usr/local/lib/python3.9/dist-packages/airflow/example_dags/example_dynamic_task_mapping.py
[2025-02-10T15:48:25.231+0000] {processor.py:914} INFO - Processing file /usr/local/lib/python3.9/dist-packages/airflow/example_dags/example_dynamic_task_mapping.py for tasks to queue
[2025-02-10T15:48:25.233+0000] {logging_mixin.py:190} INFO - [2025-02-10T15:48:25.233+0000] {dagbag.py:588} INFO - Filling up the DagBag from /usr/local/lib/python3.9/dist-packages/airflow/example_dags/example_dynamic_task_mapping.py
[2025-02-10T15:48:25.241+0000] {processor.py:925} INFO - DAG(s) 'example_dynamic_task_mapping' retrieved from /usr/local/lib/python3.9/dist-packages/airflow/example_dags/example_dynamic_task_mapping.py
[2025-02-10T15:48:25.271+0000] {logging_mixin.py:190} INFO - [2025-02-10T15:48:25.271+0000] {dag.py:3239} INFO - Sync 1 DAGs
[2025-02-10T15:48:25.288+0000] {logging_mixin.py:190} INFO - [2025-02-10T15:48:25.288+0000] {dag.py:4180} INFO - Setting next_dagrun for example_dynamic_task_mapping to None, run_after=None
[2025-02-10T15:48:25.362+0000] {processor.py:208} INFO - Processing /usr/local/lib/python3.9/dist-packages/airflow/example_dags/example_dynamic_task_mapping.py took 0.138 seconds
[2025-02-10T15:49:37.016+0000] {processor.py:186} INFO - Started process (PID=1247) to work on /usr/local/lib/python3.9/dist-packages/airflow/example_dags/example_dynamic_task_mapping.py
[2025-02-10T15:49:37.018+0000] {processor.py:914} INFO - Processing file /usr/local/lib/python3.9/dist-packages/airflow/example_dags/example_dynamic_task_mapping.py for tasks to queue
[2025-02-10T15:49:37.021+0000] {logging_mixin.py:190} INFO - [2025-02-10T15:49:37.020+0000] {dagbag.py:588} INFO - Filling up the DagBag from /usr/local/lib/python3.9/dist-packages/airflow/example_dags/example_dynamic_task_mapping.py
[2025-02-10T15:49:37.029+0000] {processor.py:925} INFO - DAG(s) 'example_dynamic_task_mapping' retrieved from /usr/local/lib/python3.9/dist-packages/airflow/example_dags/example_dynamic_task_mapping.py
[2025-02-10T15:49:37.061+0000] {logging_mixin.py:190} INFO - [2025-02-10T15:49:37.060+0000] {dag.py:3239} INFO - Sync 1 DAGs
[2025-02-10T15:49:37.078+0000] {logging_mixin.py:190} INFO - [2025-02-10T15:49:37.078+0000] {dag.py:4180} INFO - Setting next_dagrun for example_dynamic_task_mapping to None, run_after=None
[2025-02-10T15:49:37.160+0000] {processor.py:208} INFO - Processing /usr/local/lib/python3.9/dist-packages/airflow/example_dags/example_dynamic_task_mapping.py took 0.150 seconds
[2025-02-10T15:50:55.397+0000] {processor.py:186} INFO - Started process (PID=1313) to work on /usr/local/lib/python3.9/dist-packages/airflow/example_dags/example_dynamic_task_mapping.py
[2025-02-10T15:50:55.399+0000] {processor.py:914} INFO - Processing file /usr/local/lib/python3.9/dist-packages/airflow/example_dags/example_dynamic_task_mapping.py for tasks to queue
[2025-02-10T15:50:55.402+0000] {logging_mixin.py:190} INFO - [2025-02-10T15:50:55.401+0000] {dagbag.py:588} INFO - Filling up the DagBag from /usr/local/lib/python3.9/dist-packages/airflow/example_dags/example_dynamic_task_mapping.py
[2025-02-10T15:50:55.410+0000] {processor.py:925} INFO - DAG(s) 'example_dynamic_task_mapping' retrieved from /usr/local/lib/python3.9/dist-packages/airflow/example_dags/example_dynamic_task_mapping.py
[2025-02-10T15:50:55.438+0000] {logging_mixin.py:190} INFO - [2025-02-10T15:50:55.438+0000] {dag.py:3239} INFO - Sync 1 DAGs
[2025-02-10T15:50:55.455+0000] {logging_mixin.py:190} INFO - [2025-02-10T15:50:55.455+0000] {dag.py:4180} INFO - Setting next_dagrun for example_dynamic_task_mapping to None, run_after=None
[2025-02-10T15:50:55.528+0000] {processor.py:208} INFO - Processing /usr/local/lib/python3.9/dist-packages/airflow/example_dags/example_dynamic_task_mapping.py took 0.137 seconds
[2025-02-10T15:52:10.091+0000] {processor.py:186} INFO - Started process (PID=1376) to work on /usr/local/lib/python3.9/dist-packages/airflow/example_dags/example_dynamic_task_mapping.py
[2025-02-10T15:52:10.092+0000] {processor.py:914} INFO - Processing file /usr/local/lib/python3.9/dist-packages/airflow/example_dags/example_dynamic_task_mapping.py for tasks to queue
[2025-02-10T15:52:10.095+0000] {logging_mixin.py:190} INFO - [2025-02-10T15:52:10.095+0000] {dagbag.py:588} INFO - Filling up the DagBag from /usr/local/lib/python3.9/dist-packages/airflow/example_dags/example_dynamic_task_mapping.py
[2025-02-10T15:52:10.103+0000] {processor.py:925} INFO - DAG(s) 'example_dynamic_task_mapping' retrieved from /usr/local/lib/python3.9/dist-packages/airflow/example_dags/example_dynamic_task_mapping.py
[2025-02-10T15:52:10.131+0000] {logging_mixin.py:190} INFO - [2025-02-10T15:52:10.131+0000] {dag.py:3239} INFO - Sync 1 DAGs
[2025-02-10T15:52:10.150+0000] {logging_mixin.py:190} INFO - [2025-02-10T15:52:10.149+0000] {dag.py:4180} INFO - Setting next_dagrun for example_dynamic_task_mapping to None, run_after=None
[2025-02-10T15:52:10.225+0000] {processor.py:208} INFO - Processing /usr/local/lib/python3.9/dist-packages/airflow/example_dags/example_dynamic_task_mapping.py took 0.139 seconds
[2025-02-10T15:53:27.679+0000] {processor.py:186} INFO - Started process (PID=1440) to work on /usr/local/lib/python3.9/dist-packages/airflow/example_dags/example_dynamic_task_mapping.py
[2025-02-10T15:53:27.680+0000] {processor.py:914} INFO - Processing file /usr/local/lib/python3.9/dist-packages/airflow/example_dags/example_dynamic_task_mapping.py for tasks to queue
[2025-02-10T15:53:27.684+0000] {logging_mixin.py:190} INFO - [2025-02-10T15:53:27.683+0000] {dagbag.py:588} INFO - Filling up the DagBag from /usr/local/lib/python3.9/dist-packages/airflow/example_dags/example_dynamic_task_mapping.py
[2025-02-10T15:53:27.692+0000] {processor.py:925} INFO - DAG(s) 'example_dynamic_task_mapping' retrieved from /usr/local/lib/python3.9/dist-packages/airflow/example_dags/example_dynamic_task_mapping.py
[2025-02-10T15:53:27.724+0000] {logging_mixin.py:190} INFO - [2025-02-10T15:53:27.723+0000] {dag.py:3239} INFO - Sync 1 DAGs
[2025-02-10T15:53:27.741+0000] {logging_mixin.py:190} INFO - [2025-02-10T15:53:27.741+0000] {dag.py:4180} INFO - Setting next_dagrun for example_dynamic_task_mapping to None, run_after=None
[2025-02-10T15:53:27.820+0000] {processor.py:208} INFO - Processing /usr/local/lib/python3.9/dist-packages/airflow/example_dags/example_dynamic_task_mapping.py took 0.147 seconds
[2025-02-10T15:54:44.649+0000] {processor.py:186} INFO - Started process (PID=1504) to work on /usr/local/lib/python3.9/dist-packages/airflow/example_dags/example_dynamic_task_mapping.py
[2025-02-10T15:54:44.651+0000] {processor.py:914} INFO - Processing file /usr/local/lib/python3.9/dist-packages/airflow/example_dags/example_dynamic_task_mapping.py for tasks to queue
[2025-02-10T15:54:44.654+0000] {logging_mixin.py:190} INFO - [2025-02-10T15:54:44.653+0000] {dagbag.py:588} INFO - Filling up the DagBag from /usr/local/lib/python3.9/dist-packages/airflow/example_dags/example_dynamic_task_mapping.py
[2025-02-10T15:54:44.661+0000] {processor.py:925} INFO - DAG(s) 'example_dynamic_task_mapping' retrieved from /usr/local/lib/python3.9/dist-packages/airflow/example_dags/example_dynamic_task_mapping.py
[2025-02-10T15:54:44.693+0000] {logging_mixin.py:190} INFO - [2025-02-10T15:54:44.693+0000] {dag.py:3239} INFO - Sync 1 DAGs
[2025-02-10T15:54:44.710+0000] {logging_mixin.py:190} INFO - [2025-02-10T15:54:44.710+0000] {dag.py:4180} INFO - Setting next_dagrun for example_dynamic_task_mapping to None, run_after=None
[2025-02-10T15:54:44.787+0000] {processor.py:208} INFO - Processing /usr/local/lib/python3.9/dist-packages/airflow/example_dags/example_dynamic_task_mapping.py took 0.144 seconds
[2025-02-10T15:56:07.069+0000] {processor.py:186} INFO - Started process (PID=1570) to work on /usr/local/lib/python3.9/dist-packages/airflow/example_dags/example_dynamic_task_mapping.py
[2025-02-10T15:56:07.071+0000] {processor.py:914} INFO - Processing file /usr/local/lib/python3.9/dist-packages/airflow/example_dags/example_dynamic_task_mapping.py for tasks to queue
[2025-02-10T15:56:07.074+0000] {logging_mixin.py:190} INFO - [2025-02-10T15:56:07.073+0000] {dagbag.py:588} INFO - Filling up the DagBag from /usr/local/lib/python3.9/dist-packages/airflow/example_dags/example_dynamic_task_mapping.py
[2025-02-10T15:56:07.082+0000] {processor.py:925} INFO - DAG(s) 'example_dynamic_task_mapping' retrieved from /usr/local/lib/python3.9/dist-packages/airflow/example_dags/example_dynamic_task_mapping.py
[2025-02-10T15:56:07.112+0000] {logging_mixin.py:190} INFO - [2025-02-10T15:56:07.112+0000] {dag.py:3239} INFO - Sync 1 DAGs
[2025-02-10T15:56:07.129+0000] {logging_mixin.py:190} INFO - [2025-02-10T15:56:07.128+0000] {dag.py:4180} INFO - Setting next_dagrun for example_dynamic_task_mapping to None, run_after=None
[2025-02-10T15:56:07.205+0000] {processor.py:208} INFO - Processing /usr/local/lib/python3.9/dist-packages/airflow/example_dags/example_dynamic_task_mapping.py took 0.141 seconds
[2025-02-10T15:57:25.417+0000] {processor.py:186} INFO - Started process (PID=1635) to work on /usr/local/lib/python3.9/dist-packages/airflow/example_dags/example_dynamic_task_mapping.py
[2025-02-10T15:57:25.419+0000] {processor.py:914} INFO - Processing file /usr/local/lib/python3.9/dist-packages/airflow/example_dags/example_dynamic_task_mapping.py for tasks to queue
[2025-02-10T15:57:25.422+0000] {logging_mixin.py:190} INFO - [2025-02-10T15:57:25.422+0000] {dagbag.py:588} INFO - Filling up the DagBag from /usr/local/lib/python3.9/dist-packages/airflow/example_dags/example_dynamic_task_mapping.py
[2025-02-10T15:57:25.430+0000] {processor.py:925} INFO - DAG(s) 'example_dynamic_task_mapping' retrieved from /usr/local/lib/python3.9/dist-packages/airflow/example_dags/example_dynamic_task_mapping.py
[2025-02-10T15:57:25.461+0000] {logging_mixin.py:190} INFO - [2025-02-10T15:57:25.461+0000] {dag.py:3239} INFO - Sync 1 DAGs
[2025-02-10T15:57:25.478+0000] {logging_mixin.py:190} INFO - [2025-02-10T15:57:25.478+0000] {dag.py:4180} INFO - Setting next_dagrun for example_dynamic_task_mapping to None, run_after=None
[2025-02-10T15:57:25.551+0000] {processor.py:208} INFO - Processing /usr/local/lib/python3.9/dist-packages/airflow/example_dags/example_dynamic_task_mapping.py took 0.140 seconds
[2025-02-10T15:58:44.245+0000] {processor.py:186} INFO - Started process (PID=1700) to work on /usr/local/lib/python3.9/dist-packages/airflow/example_dags/example_dynamic_task_mapping.py
[2025-02-10T15:58:44.246+0000] {processor.py:914} INFO - Processing file /usr/local/lib/python3.9/dist-packages/airflow/example_dags/example_dynamic_task_mapping.py for tasks to queue
[2025-02-10T15:58:44.249+0000] {logging_mixin.py:190} INFO - [2025-02-10T15:58:44.248+0000] {dagbag.py:588} INFO - Filling up the DagBag from /usr/local/lib/python3.9/dist-packages/airflow/example_dags/example_dynamic_task_mapping.py
[2025-02-10T15:58:44.258+0000] {processor.py:925} INFO - DAG(s) 'example_dynamic_task_mapping' retrieved from /usr/local/lib/python3.9/dist-packages/airflow/example_dags/example_dynamic_task_mapping.py
[2025-02-10T15:58:44.289+0000] {logging_mixin.py:190} INFO - [2025-02-10T15:58:44.289+0000] {dag.py:3239} INFO - Sync 1 DAGs
[2025-02-10T15:58:44.307+0000] {logging_mixin.py:190} INFO - [2025-02-10T15:58:44.307+0000] {dag.py:4180} INFO - Setting next_dagrun for example_dynamic_task_mapping to None, run_after=None
[2025-02-10T15:58:44.387+0000] {processor.py:208} INFO - Processing /usr/local/lib/python3.9/dist-packages/airflow/example_dags/example_dynamic_task_mapping.py took 0.147 seconds
[2025-02-10T16:00:02.186+0000] {processor.py:186} INFO - Started process (PID=1765) to work on /usr/local/lib/python3.9/dist-packages/airflow/example_dags/example_dynamic_task_mapping.py
[2025-02-10T16:00:02.189+0000] {processor.py:914} INFO - Processing file /usr/local/lib/python3.9/dist-packages/airflow/example_dags/example_dynamic_task_mapping.py for tasks to queue
[2025-02-10T16:00:02.191+0000] {logging_mixin.py:190} INFO - [2025-02-10T16:00:02.191+0000] {dagbag.py:588} INFO - Filling up the DagBag from /usr/local/lib/python3.9/dist-packages/airflow/example_dags/example_dynamic_task_mapping.py
[2025-02-10T16:00:02.200+0000] {processor.py:925} INFO - DAG(s) 'example_dynamic_task_mapping' retrieved from /usr/local/lib/python3.9/dist-packages/airflow/example_dags/example_dynamic_task_mapping.py
[2025-02-10T16:00:02.231+0000] {logging_mixin.py:190} INFO - [2025-02-10T16:00:02.230+0000] {dag.py:3239} INFO - Sync 1 DAGs
[2025-02-10T16:00:02.248+0000] {logging_mixin.py:190} INFO - [2025-02-10T16:00:02.247+0000] {dag.py:4180} INFO - Setting next_dagrun for example_dynamic_task_mapping to None, run_after=None
[2025-02-10T16:00:02.323+0000] {processor.py:208} INFO - Processing /usr/local/lib/python3.9/dist-packages/airflow/example_dags/example_dynamic_task_mapping.py took 0.142 seconds
[2025-02-10T16:01:22.945+0000] {processor.py:186} INFO - Started process (PID=1831) to work on /usr/local/lib/python3.9/dist-packages/airflow/example_dags/example_dynamic_task_mapping.py
[2025-02-10T16:01:22.946+0000] {processor.py:914} INFO - Processing file /usr/local/lib/python3.9/dist-packages/airflow/example_dags/example_dynamic_task_mapping.py for tasks to queue
[2025-02-10T16:01:22.949+0000] {logging_mixin.py:190} INFO - [2025-02-10T16:01:22.949+0000] {dagbag.py:588} INFO - Filling up the DagBag from /usr/local/lib/python3.9/dist-packages/airflow/example_dags/example_dynamic_task_mapping.py
[2025-02-10T16:01:22.957+0000] {processor.py:925} INFO - DAG(s) 'example_dynamic_task_mapping' retrieved from /usr/local/lib/python3.9/dist-packages/airflow/example_dags/example_dynamic_task_mapping.py
[2025-02-10T16:01:22.985+0000] {logging_mixin.py:190} INFO - [2025-02-10T16:01:22.985+0000] {dag.py:3239} INFO - Sync 1 DAGs
[2025-02-10T16:01:23.002+0000] {logging_mixin.py:190} INFO - [2025-02-10T16:01:23.001+0000] {dag.py:4180} INFO - Setting next_dagrun for example_dynamic_task_mapping to None, run_after=None
[2025-02-10T16:01:23.079+0000] {processor.py:208} INFO - Processing /usr/local/lib/python3.9/dist-packages/airflow/example_dags/example_dynamic_task_mapping.py took 0.139 seconds
[2025-02-10T16:04:05.660+0000] {processor.py:186} INFO - Started process (PID=72) to work on /usr/local/lib/python3.9/dist-packages/airflow/example_dags/example_dynamic_task_mapping.py
[2025-02-10T16:04:05.662+0000] {processor.py:914} INFO - Processing file /usr/local/lib/python3.9/dist-packages/airflow/example_dags/example_dynamic_task_mapping.py for tasks to queue
[2025-02-10T16:04:05.665+0000] {logging_mixin.py:190} INFO - [2025-02-10T16:04:05.664+0000] {dagbag.py:588} INFO - Filling up the DagBag from /usr/local/lib/python3.9/dist-packages/airflow/example_dags/example_dynamic_task_mapping.py
[2025-02-10T16:04:05.673+0000] {processor.py:925} INFO - DAG(s) 'example_dynamic_task_mapping' retrieved from /usr/local/lib/python3.9/dist-packages/airflow/example_dags/example_dynamic_task_mapping.py
[2025-02-10T16:04:05.703+0000] {logging_mixin.py:190} INFO - [2025-02-10T16:04:05.702+0000] {dag.py:3239} INFO - Sync 1 DAGs
[2025-02-10T16:04:05.719+0000] {logging_mixin.py:190} INFO - [2025-02-10T16:04:05.719+0000] {dag.py:4180} INFO - Setting next_dagrun for example_dynamic_task_mapping to None, run_after=None
[2025-02-10T16:04:05.792+0000] {processor.py:208} INFO - Processing /usr/local/lib/python3.9/dist-packages/airflow/example_dags/example_dynamic_task_mapping.py took 0.138 seconds
[2025-02-10T16:05:23.212+0000] {processor.py:186} INFO - Started process (PID=137) to work on /usr/local/lib/python3.9/dist-packages/airflow/example_dags/example_dynamic_task_mapping.py
[2025-02-10T16:05:23.213+0000] {processor.py:914} INFO - Processing file /usr/local/lib/python3.9/dist-packages/airflow/example_dags/example_dynamic_task_mapping.py for tasks to queue
[2025-02-10T16:05:23.216+0000] {logging_mixin.py:190} INFO - [2025-02-10T16:05:23.216+0000] {dagbag.py:588} INFO - Filling up the DagBag from /usr/local/lib/python3.9/dist-packages/airflow/example_dags/example_dynamic_task_mapping.py
[2025-02-10T16:05:23.224+0000] {processor.py:925} INFO - DAG(s) 'example_dynamic_task_mapping' retrieved from /usr/local/lib/python3.9/dist-packages/airflow/example_dags/example_dynamic_task_mapping.py
[2025-02-10T16:05:23.254+0000] {logging_mixin.py:190} INFO - [2025-02-10T16:05:23.253+0000] {dag.py:3239} INFO - Sync 1 DAGs
[2025-02-10T16:05:23.271+0000] {logging_mixin.py:190} INFO - [2025-02-10T16:05:23.271+0000] {dag.py:4180} INFO - Setting next_dagrun for example_dynamic_task_mapping to None, run_after=None
[2025-02-10T16:05:23.344+0000] {processor.py:208} INFO - Processing /usr/local/lib/python3.9/dist-packages/airflow/example_dags/example_dynamic_task_mapping.py took 0.137 seconds
[2025-02-10T16:06:38.132+0000] {processor.py:186} INFO - Started process (PID=200) to work on /usr/local/lib/python3.9/dist-packages/airflow/example_dags/example_dynamic_task_mapping.py
[2025-02-10T16:06:38.134+0000] {processor.py:914} INFO - Processing file /usr/local/lib/python3.9/dist-packages/airflow/example_dags/example_dynamic_task_mapping.py for tasks to queue
[2025-02-10T16:06:38.138+0000] {logging_mixin.py:190} INFO - [2025-02-10T16:06:38.137+0000] {dagbag.py:588} INFO - Filling up the DagBag from /usr/local/lib/python3.9/dist-packages/airflow/example_dags/example_dynamic_task_mapping.py
[2025-02-10T16:06:38.147+0000] {processor.py:925} INFO - DAG(s) 'example_dynamic_task_mapping' retrieved from /usr/local/lib/python3.9/dist-packages/airflow/example_dags/example_dynamic_task_mapping.py
[2025-02-10T16:06:38.176+0000] {logging_mixin.py:190} INFO - [2025-02-10T16:06:38.176+0000] {dag.py:3239} INFO - Sync 1 DAGs
[2025-02-10T16:06:38.195+0000] {logging_mixin.py:190} INFO - [2025-02-10T16:06:38.194+0000] {dag.py:4180} INFO - Setting next_dagrun for example_dynamic_task_mapping to None, run_after=None
[2025-02-10T16:06:38.266+0000] {processor.py:208} INFO - Processing /usr/local/lib/python3.9/dist-packages/airflow/example_dags/example_dynamic_task_mapping.py took 0.141 seconds
[2025-02-10T16:07:55.210+0000] {processor.py:186} INFO - Started process (PID=264) to work on /usr/local/lib/python3.9/dist-packages/airflow/example_dags/example_dynamic_task_mapping.py
[2025-02-10T16:07:55.211+0000] {processor.py:914} INFO - Processing file /usr/local/lib/python3.9/dist-packages/airflow/example_dags/example_dynamic_task_mapping.py for tasks to queue
[2025-02-10T16:07:55.213+0000] {logging_mixin.py:190} INFO - [2025-02-10T16:07:55.213+0000] {dagbag.py:588} INFO - Filling up the DagBag from /usr/local/lib/python3.9/dist-packages/airflow/example_dags/example_dynamic_task_mapping.py
[2025-02-10T16:07:55.222+0000] {processor.py:925} INFO - DAG(s) 'example_dynamic_task_mapping' retrieved from /usr/local/lib/python3.9/dist-packages/airflow/example_dags/example_dynamic_task_mapping.py
[2025-02-10T16:07:55.250+0000] {logging_mixin.py:190} INFO - [2025-02-10T16:07:55.250+0000] {dag.py:3239} INFO - Sync 1 DAGs
[2025-02-10T16:07:55.269+0000] {logging_mixin.py:190} INFO - [2025-02-10T16:07:55.269+0000] {dag.py:4180} INFO - Setting next_dagrun for example_dynamic_task_mapping to None, run_after=None
[2025-02-10T16:07:55.340+0000] {processor.py:208} INFO - Processing /usr/local/lib/python3.9/dist-packages/airflow/example_dags/example_dynamic_task_mapping.py took 0.136 seconds
[2025-02-10T16:09:15.323+0000] {processor.py:186} INFO - Started process (PID=329) to work on /usr/local/lib/python3.9/dist-packages/airflow/example_dags/example_dynamic_task_mapping.py
[2025-02-10T16:09:15.325+0000] {processor.py:914} INFO - Processing file /usr/local/lib/python3.9/dist-packages/airflow/example_dags/example_dynamic_task_mapping.py for tasks to queue
[2025-02-10T16:09:15.328+0000] {logging_mixin.py:190} INFO - [2025-02-10T16:09:15.328+0000] {dagbag.py:588} INFO - Filling up the DagBag from /usr/local/lib/python3.9/dist-packages/airflow/example_dags/example_dynamic_task_mapping.py
[2025-02-10T16:09:15.337+0000] {processor.py:925} INFO - DAG(s) 'example_dynamic_task_mapping' retrieved from /usr/local/lib/python3.9/dist-packages/airflow/example_dags/example_dynamic_task_mapping.py
[2025-02-10T16:09:15.365+0000] {logging_mixin.py:190} INFO - [2025-02-10T16:09:15.365+0000] {dag.py:3239} INFO - Sync 1 DAGs
[2025-02-10T16:09:15.382+0000] {logging_mixin.py:190} INFO - [2025-02-10T16:09:15.382+0000] {dag.py:4180} INFO - Setting next_dagrun for example_dynamic_task_mapping to None, run_after=None
[2025-02-10T16:09:15.459+0000] {processor.py:208} INFO - Processing /usr/local/lib/python3.9/dist-packages/airflow/example_dags/example_dynamic_task_mapping.py took 0.142 seconds
[2025-02-10T16:10:32.774+0000] {processor.py:186} INFO - Started process (PID=393) to work on /usr/local/lib/python3.9/dist-packages/airflow/example_dags/example_dynamic_task_mapping.py
[2025-02-10T16:10:32.775+0000] {processor.py:914} INFO - Processing file /usr/local/lib/python3.9/dist-packages/airflow/example_dags/example_dynamic_task_mapping.py for tasks to queue
[2025-02-10T16:10:32.778+0000] {logging_mixin.py:190} INFO - [2025-02-10T16:10:32.778+0000] {dagbag.py:588} INFO - Filling up the DagBag from /usr/local/lib/python3.9/dist-packages/airflow/example_dags/example_dynamic_task_mapping.py
[2025-02-10T16:10:32.786+0000] {processor.py:925} INFO - DAG(s) 'example_dynamic_task_mapping' retrieved from /usr/local/lib/python3.9/dist-packages/airflow/example_dags/example_dynamic_task_mapping.py
[2025-02-10T16:10:32.816+0000] {logging_mixin.py:190} INFO - [2025-02-10T16:10:32.815+0000] {dag.py:3239} INFO - Sync 1 DAGs
[2025-02-10T16:10:32.835+0000] {logging_mixin.py:190} INFO - [2025-02-10T16:10:32.834+0000] {dag.py:4180} INFO - Setting next_dagrun for example_dynamic_task_mapping to None, run_after=None
[2025-02-10T16:10:32.913+0000] {processor.py:208} INFO - Processing /usr/local/lib/python3.9/dist-packages/airflow/example_dags/example_dynamic_task_mapping.py took 0.144 seconds
[2025-02-10T16:11:49.045+0000] {processor.py:186} INFO - Started process (PID=457) to work on /usr/local/lib/python3.9/dist-packages/airflow/example_dags/example_dynamic_task_mapping.py
[2025-02-10T16:11:49.046+0000] {processor.py:914} INFO - Processing file /usr/local/lib/python3.9/dist-packages/airflow/example_dags/example_dynamic_task_mapping.py for tasks to queue
[2025-02-10T16:11:49.049+0000] {logging_mixin.py:190} INFO - [2025-02-10T16:11:49.049+0000] {dagbag.py:588} INFO - Filling up the DagBag from /usr/local/lib/python3.9/dist-packages/airflow/example_dags/example_dynamic_task_mapping.py
[2025-02-10T16:11:49.058+0000] {processor.py:925} INFO - DAG(s) 'example_dynamic_task_mapping' retrieved from /usr/local/lib/python3.9/dist-packages/airflow/example_dags/example_dynamic_task_mapping.py
[2025-02-10T16:11:49.086+0000] {logging_mixin.py:190} INFO - [2025-02-10T16:11:49.086+0000] {dag.py:3239} INFO - Sync 1 DAGs
[2025-02-10T16:11:49.104+0000] {logging_mixin.py:190} INFO - [2025-02-10T16:11:49.104+0000] {dag.py:4180} INFO - Setting next_dagrun for example_dynamic_task_mapping to None, run_after=None
[2025-02-10T16:11:49.178+0000] {processor.py:208} INFO - Processing /usr/local/lib/python3.9/dist-packages/airflow/example_dags/example_dynamic_task_mapping.py took 0.139 seconds
[2025-02-10T16:13:03.061+0000] {processor.py:186} INFO - Started process (PID=521) to work on /usr/local/lib/python3.9/dist-packages/airflow/example_dags/example_dynamic_task_mapping.py
[2025-02-10T16:13:03.064+0000] {processor.py:914} INFO - Processing file /usr/local/lib/python3.9/dist-packages/airflow/example_dags/example_dynamic_task_mapping.py for tasks to queue
[2025-02-10T16:13:03.066+0000] {logging_mixin.py:190} INFO - [2025-02-10T16:13:03.066+0000] {dagbag.py:588} INFO - Filling up the DagBag from /usr/local/lib/python3.9/dist-packages/airflow/example_dags/example_dynamic_task_mapping.py
[2025-02-10T16:13:03.075+0000] {processor.py:925} INFO - DAG(s) 'example_dynamic_task_mapping' retrieved from /usr/local/lib/python3.9/dist-packages/airflow/example_dags/example_dynamic_task_mapping.py
[2025-02-10T16:13:03.108+0000] {logging_mixin.py:190} INFO - [2025-02-10T16:13:03.107+0000] {dag.py:3239} INFO - Sync 1 DAGs
[2025-02-10T16:13:03.129+0000] {logging_mixin.py:190} INFO - [2025-02-10T16:13:03.129+0000] {dag.py:4180} INFO - Setting next_dagrun for example_dynamic_task_mapping to None, run_after=None
[2025-02-10T16:13:03.209+0000] {processor.py:208} INFO - Processing /usr/local/lib/python3.9/dist-packages/airflow/example_dags/example_dynamic_task_mapping.py took 0.156 seconds
[2025-02-10T16:14:14.747+0000] {processor.py:186} INFO - Started process (PID=583) to work on /usr/local/lib/python3.9/dist-packages/airflow/example_dags/example_dynamic_task_mapping.py
[2025-02-10T16:14:14.749+0000] {processor.py:914} INFO - Processing file /usr/local/lib/python3.9/dist-packages/airflow/example_dags/example_dynamic_task_mapping.py for tasks to queue
[2025-02-10T16:14:14.752+0000] {logging_mixin.py:190} INFO - [2025-02-10T16:14:14.752+0000] {dagbag.py:588} INFO - Filling up the DagBag from /usr/local/lib/python3.9/dist-packages/airflow/example_dags/example_dynamic_task_mapping.py
[2025-02-10T16:14:14.763+0000] {processor.py:925} INFO - DAG(s) 'example_dynamic_task_mapping' retrieved from /usr/local/lib/python3.9/dist-packages/airflow/example_dags/example_dynamic_task_mapping.py
[2025-02-10T16:14:14.791+0000] {logging_mixin.py:190} INFO - [2025-02-10T16:14:14.790+0000] {dag.py:3239} INFO - Sync 1 DAGs
[2025-02-10T16:14:14.807+0000] {logging_mixin.py:190} INFO - [2025-02-10T16:14:14.807+0000] {dag.py:4180} INFO - Setting next_dagrun for example_dynamic_task_mapping to None, run_after=None
[2025-02-10T16:14:14.880+0000] {processor.py:208} INFO - Processing /usr/local/lib/python3.9/dist-packages/airflow/example_dags/example_dynamic_task_mapping.py took 0.139 seconds
[2025-02-10T16:15:32.485+0000] {processor.py:186} INFO - Started process (PID=647) to work on /usr/local/lib/python3.9/dist-packages/airflow/example_dags/example_dynamic_task_mapping.py
[2025-02-10T16:15:32.487+0000] {processor.py:914} INFO - Processing file /usr/local/lib/python3.9/dist-packages/airflow/example_dags/example_dynamic_task_mapping.py for tasks to queue
[2025-02-10T16:15:32.491+0000] {logging_mixin.py:190} INFO - [2025-02-10T16:15:32.490+0000] {dagbag.py:588} INFO - Filling up the DagBag from /usr/local/lib/python3.9/dist-packages/airflow/example_dags/example_dynamic_task_mapping.py
[2025-02-10T16:15:32.498+0000] {processor.py:925} INFO - DAG(s) 'example_dynamic_task_mapping' retrieved from /usr/local/lib/python3.9/dist-packages/airflow/example_dags/example_dynamic_task_mapping.py
[2025-02-10T16:15:32.529+0000] {logging_mixin.py:190} INFO - [2025-02-10T16:15:32.528+0000] {dag.py:3239} INFO - Sync 1 DAGs
[2025-02-10T16:15:32.545+0000] {logging_mixin.py:190} INFO - [2025-02-10T16:15:32.545+0000] {dag.py:4180} INFO - Setting next_dagrun for example_dynamic_task_mapping to None, run_after=None
[2025-02-10T16:15:32.615+0000] {processor.py:208} INFO - Processing /usr/local/lib/python3.9/dist-packages/airflow/example_dags/example_dynamic_task_mapping.py took 0.135 seconds
[2025-02-10T16:16:54.717+0000] {processor.py:186} INFO - Started process (PID=714) to work on /usr/local/lib/python3.9/dist-packages/airflow/example_dags/example_dynamic_task_mapping.py
[2025-02-10T16:16:54.719+0000] {processor.py:914} INFO - Processing file /usr/local/lib/python3.9/dist-packages/airflow/example_dags/example_dynamic_task_mapping.py for tasks to queue
[2025-02-10T16:16:54.721+0000] {logging_mixin.py:190} INFO - [2025-02-10T16:16:54.720+0000] {dagbag.py:588} INFO - Filling up the DagBag from /usr/local/lib/python3.9/dist-packages/airflow/example_dags/example_dynamic_task_mapping.py
[2025-02-10T16:16:54.729+0000] {processor.py:925} INFO - DAG(s) 'example_dynamic_task_mapping' retrieved from /usr/local/lib/python3.9/dist-packages/airflow/example_dags/example_dynamic_task_mapping.py
[2025-02-10T16:16:54.760+0000] {logging_mixin.py:190} INFO - [2025-02-10T16:16:54.759+0000] {dag.py:3239} INFO - Sync 1 DAGs
[2025-02-10T16:16:54.777+0000] {logging_mixin.py:190} INFO - [2025-02-10T16:16:54.777+0000] {dag.py:4180} INFO - Setting next_dagrun for example_dynamic_task_mapping to None, run_after=None
[2025-02-10T16:16:54.850+0000] {processor.py:208} INFO - Processing /usr/local/lib/python3.9/dist-packages/airflow/example_dags/example_dynamic_task_mapping.py took 0.138 seconds
[2025-02-10T16:18:07.397+0000] {processor.py:186} INFO - Started process (PID=777) to work on /usr/local/lib/python3.9/dist-packages/airflow/example_dags/example_dynamic_task_mapping.py
[2025-02-10T16:18:07.399+0000] {processor.py:914} INFO - Processing file /usr/local/lib/python3.9/dist-packages/airflow/example_dags/example_dynamic_task_mapping.py for tasks to queue
[2025-02-10T16:18:07.401+0000] {logging_mixin.py:190} INFO - [2025-02-10T16:18:07.401+0000] {dagbag.py:588} INFO - Filling up the DagBag from /usr/local/lib/python3.9/dist-packages/airflow/example_dags/example_dynamic_task_mapping.py
[2025-02-10T16:18:07.410+0000] {processor.py:925} INFO - DAG(s) 'example_dynamic_task_mapping' retrieved from /usr/local/lib/python3.9/dist-packages/airflow/example_dags/example_dynamic_task_mapping.py
[2025-02-10T16:18:07.440+0000] {logging_mixin.py:190} INFO - [2025-02-10T16:18:07.440+0000] {dag.py:3239} INFO - Sync 1 DAGs
[2025-02-10T16:18:07.458+0000] {logging_mixin.py:190} INFO - [2025-02-10T16:18:07.458+0000] {dag.py:4180} INFO - Setting next_dagrun for example_dynamic_task_mapping to None, run_after=None
[2025-02-10T16:18:07.538+0000] {processor.py:208} INFO - Processing /usr/local/lib/python3.9/dist-packages/airflow/example_dags/example_dynamic_task_mapping.py took 0.146 seconds
[2025-02-10T16:19:25.640+0000] {processor.py:186} INFO - Started process (PID=842) to work on /usr/local/lib/python3.9/dist-packages/airflow/example_dags/example_dynamic_task_mapping.py
[2025-02-10T16:19:25.642+0000] {processor.py:914} INFO - Processing file /usr/local/lib/python3.9/dist-packages/airflow/example_dags/example_dynamic_task_mapping.py for tasks to queue
[2025-02-10T16:19:25.645+0000] {logging_mixin.py:190} INFO - [2025-02-10T16:19:25.645+0000] {dagbag.py:588} INFO - Filling up the DagBag from /usr/local/lib/python3.9/dist-packages/airflow/example_dags/example_dynamic_task_mapping.py
[2025-02-10T16:19:25.653+0000] {processor.py:925} INFO - DAG(s) 'example_dynamic_task_mapping' retrieved from /usr/local/lib/python3.9/dist-packages/airflow/example_dags/example_dynamic_task_mapping.py
[2025-02-10T16:19:25.682+0000] {logging_mixin.py:190} INFO - [2025-02-10T16:19:25.681+0000] {dag.py:3239} INFO - Sync 1 DAGs
[2025-02-10T16:19:25.698+0000] {logging_mixin.py:190} INFO - [2025-02-10T16:19:25.698+0000] {dag.py:4180} INFO - Setting next_dagrun for example_dynamic_task_mapping to None, run_after=None
[2025-02-10T16:19:25.766+0000] {processor.py:208} INFO - Processing /usr/local/lib/python3.9/dist-packages/airflow/example_dags/example_dynamic_task_mapping.py took 0.131 seconds
[2025-02-10T16:20:43.236+0000] {processor.py:186} INFO - Started process (PID=906) to work on /usr/local/lib/python3.9/dist-packages/airflow/example_dags/example_dynamic_task_mapping.py
[2025-02-10T16:20:43.237+0000] {processor.py:914} INFO - Processing file /usr/local/lib/python3.9/dist-packages/airflow/example_dags/example_dynamic_task_mapping.py for tasks to queue
[2025-02-10T16:20:43.240+0000] {logging_mixin.py:190} INFO - [2025-02-10T16:20:43.239+0000] {dagbag.py:588} INFO - Filling up the DagBag from /usr/local/lib/python3.9/dist-packages/airflow/example_dags/example_dynamic_task_mapping.py
[2025-02-10T16:20:43.248+0000] {processor.py:925} INFO - DAG(s) 'example_dynamic_task_mapping' retrieved from /usr/local/lib/python3.9/dist-packages/airflow/example_dags/example_dynamic_task_mapping.py
[2025-02-10T16:20:43.278+0000] {logging_mixin.py:190} INFO - [2025-02-10T16:20:43.278+0000] {dag.py:3239} INFO - Sync 1 DAGs
[2025-02-10T16:20:43.296+0000] {logging_mixin.py:190} INFO - [2025-02-10T16:20:43.296+0000] {dag.py:4180} INFO - Setting next_dagrun for example_dynamic_task_mapping to None, run_after=None
[2025-02-10T16:20:43.375+0000] {processor.py:208} INFO - Processing /usr/local/lib/python3.9/dist-packages/airflow/example_dags/example_dynamic_task_mapping.py took 0.145 seconds
[2025-02-10T16:22:05.116+0000] {processor.py:186} INFO - Started process (PID=976) to work on /usr/local/lib/python3.9/dist-packages/airflow/example_dags/example_dynamic_task_mapping.py
[2025-02-10T16:22:05.118+0000] {processor.py:914} INFO - Processing file /usr/local/lib/python3.9/dist-packages/airflow/example_dags/example_dynamic_task_mapping.py for tasks to queue
[2025-02-10T16:22:05.121+0000] {logging_mixin.py:190} INFO - [2025-02-10T16:22:05.121+0000] {dagbag.py:588} INFO - Filling up the DagBag from /usr/local/lib/python3.9/dist-packages/airflow/example_dags/example_dynamic_task_mapping.py
[2025-02-10T16:22:05.129+0000] {processor.py:925} INFO - DAG(s) 'example_dynamic_task_mapping' retrieved from /usr/local/lib/python3.9/dist-packages/airflow/example_dags/example_dynamic_task_mapping.py
[2025-02-10T16:22:05.157+0000] {logging_mixin.py:190} INFO - [2025-02-10T16:22:05.156+0000] {dag.py:3239} INFO - Sync 1 DAGs
[2025-02-10T16:22:05.175+0000] {logging_mixin.py:190} INFO - [2025-02-10T16:22:05.174+0000] {dag.py:4180} INFO - Setting next_dagrun for example_dynamic_task_mapping to None, run_after=None
[2025-02-10T16:22:05.258+0000] {processor.py:208} INFO - Processing /usr/local/lib/python3.9/dist-packages/airflow/example_dags/example_dynamic_task_mapping.py took 0.147 seconds
[2025-02-10T16:23:22.743+0000] {processor.py:186} INFO - Started process (PID=1041) to work on /usr/local/lib/python3.9/dist-packages/airflow/example_dags/example_dynamic_task_mapping.py
[2025-02-10T16:23:22.745+0000] {processor.py:914} INFO - Processing file /usr/local/lib/python3.9/dist-packages/airflow/example_dags/example_dynamic_task_mapping.py for tasks to queue
[2025-02-10T16:23:22.747+0000] {logging_mixin.py:190} INFO - [2025-02-10T16:23:22.747+0000] {dagbag.py:588} INFO - Filling up the DagBag from /usr/local/lib/python3.9/dist-packages/airflow/example_dags/example_dynamic_task_mapping.py
[2025-02-10T16:23:22.756+0000] {processor.py:925} INFO - DAG(s) 'example_dynamic_task_mapping' retrieved from /usr/local/lib/python3.9/dist-packages/airflow/example_dags/example_dynamic_task_mapping.py
[2025-02-10T16:23:22.784+0000] {logging_mixin.py:190} INFO - [2025-02-10T16:23:22.784+0000] {dag.py:3239} INFO - Sync 1 DAGs
[2025-02-10T16:23:22.801+0000] {logging_mixin.py:190} INFO - [2025-02-10T16:23:22.801+0000] {dag.py:4180} INFO - Setting next_dagrun for example_dynamic_task_mapping to None, run_after=None
[2025-02-10T16:23:22.876+0000] {processor.py:208} INFO - Processing /usr/local/lib/python3.9/dist-packages/airflow/example_dags/example_dynamic_task_mapping.py took 0.139 seconds
[2025-02-10T16:24:41.018+0000] {processor.py:186} INFO - Started process (PID=1105) to work on /usr/local/lib/python3.9/dist-packages/airflow/example_dags/example_dynamic_task_mapping.py
[2025-02-10T16:24:41.020+0000] {processor.py:914} INFO - Processing file /usr/local/lib/python3.9/dist-packages/airflow/example_dags/example_dynamic_task_mapping.py for tasks to queue
[2025-02-10T16:24:41.023+0000] {logging_mixin.py:190} INFO - [2025-02-10T16:24:41.023+0000] {dagbag.py:588} INFO - Filling up the DagBag from /usr/local/lib/python3.9/dist-packages/airflow/example_dags/example_dynamic_task_mapping.py
[2025-02-10T16:24:41.031+0000] {processor.py:925} INFO - DAG(s) 'example_dynamic_task_mapping' retrieved from /usr/local/lib/python3.9/dist-packages/airflow/example_dags/example_dynamic_task_mapping.py
[2025-02-10T16:24:41.062+0000] {logging_mixin.py:190} INFO - [2025-02-10T16:24:41.061+0000] {dag.py:3239} INFO - Sync 1 DAGs
[2025-02-10T16:24:41.079+0000] {logging_mixin.py:190} INFO - [2025-02-10T16:24:41.079+0000] {dag.py:4180} INFO - Setting next_dagrun for example_dynamic_task_mapping to None, run_after=None
[2025-02-10T16:24:41.160+0000] {processor.py:208} INFO - Processing /usr/local/lib/python3.9/dist-packages/airflow/example_dags/example_dynamic_task_mapping.py took 0.147 seconds
[2025-02-10T16:26:04.638+0000] {processor.py:186} INFO - Started process (PID=1173) to work on /usr/local/lib/python3.9/dist-packages/airflow/example_dags/example_dynamic_task_mapping.py
[2025-02-10T16:26:04.640+0000] {processor.py:914} INFO - Processing file /usr/local/lib/python3.9/dist-packages/airflow/example_dags/example_dynamic_task_mapping.py for tasks to queue
[2025-02-10T16:26:04.643+0000] {logging_mixin.py:190} INFO - [2025-02-10T16:26:04.642+0000] {dagbag.py:588} INFO - Filling up the DagBag from /usr/local/lib/python3.9/dist-packages/airflow/example_dags/example_dynamic_task_mapping.py
[2025-02-10T16:26:04.651+0000] {processor.py:925} INFO - DAG(s) 'example_dynamic_task_mapping' retrieved from /usr/local/lib/python3.9/dist-packages/airflow/example_dags/example_dynamic_task_mapping.py
[2025-02-10T16:26:04.679+0000] {logging_mixin.py:190} INFO - [2025-02-10T16:26:04.679+0000] {dag.py:3239} INFO - Sync 1 DAGs
[2025-02-10T16:26:04.696+0000] {logging_mixin.py:190} INFO - [2025-02-10T16:26:04.696+0000] {dag.py:4180} INFO - Setting next_dagrun for example_dynamic_task_mapping to None, run_after=None
[2025-02-10T16:26:04.779+0000] {processor.py:208} INFO - Processing /usr/local/lib/python3.9/dist-packages/airflow/example_dags/example_dynamic_task_mapping.py took 0.146 seconds
[2025-02-10T16:27:25.014+0000] {processor.py:186} INFO - Started process (PID=1239) to work on /usr/local/lib/python3.9/dist-packages/airflow/example_dags/example_dynamic_task_mapping.py
[2025-02-10T16:27:25.016+0000] {processor.py:914} INFO - Processing file /usr/local/lib/python3.9/dist-packages/airflow/example_dags/example_dynamic_task_mapping.py for tasks to queue
[2025-02-10T16:27:25.019+0000] {logging_mixin.py:190} INFO - [2025-02-10T16:27:25.019+0000] {dagbag.py:588} INFO - Filling up the DagBag from /usr/local/lib/python3.9/dist-packages/airflow/example_dags/example_dynamic_task_mapping.py
[2025-02-10T16:27:25.027+0000] {processor.py:925} INFO - DAG(s) 'example_dynamic_task_mapping' retrieved from /usr/local/lib/python3.9/dist-packages/airflow/example_dags/example_dynamic_task_mapping.py
[2025-02-10T16:27:25.058+0000] {logging_mixin.py:190} INFO - [2025-02-10T16:27:25.058+0000] {dag.py:3239} INFO - Sync 1 DAGs
[2025-02-10T16:27:25.077+0000] {logging_mixin.py:190} INFO - [2025-02-10T16:27:25.076+0000] {dag.py:4180} INFO - Setting next_dagrun for example_dynamic_task_mapping to None, run_after=None
[2025-02-10T16:27:25.154+0000] {processor.py:208} INFO - Processing /usr/local/lib/python3.9/dist-packages/airflow/example_dags/example_dynamic_task_mapping.py took 0.145 seconds
[2025-02-10T16:28:43.162+0000] {processor.py:186} INFO - Started process (PID=1303) to work on /usr/local/lib/python3.9/dist-packages/airflow/example_dags/example_dynamic_task_mapping.py
[2025-02-10T16:28:43.163+0000] {processor.py:914} INFO - Processing file /usr/local/lib/python3.9/dist-packages/airflow/example_dags/example_dynamic_task_mapping.py for tasks to queue
[2025-02-10T16:28:43.167+0000] {logging_mixin.py:190} INFO - [2025-02-10T16:28:43.166+0000] {dagbag.py:588} INFO - Filling up the DagBag from /usr/local/lib/python3.9/dist-packages/airflow/example_dags/example_dynamic_task_mapping.py
[2025-02-10T16:28:43.175+0000] {processor.py:925} INFO - DAG(s) 'example_dynamic_task_mapping' retrieved from /usr/local/lib/python3.9/dist-packages/airflow/example_dags/example_dynamic_task_mapping.py
[2025-02-10T16:28:43.204+0000] {logging_mixin.py:190} INFO - [2025-02-10T16:28:43.204+0000] {dag.py:3239} INFO - Sync 1 DAGs
[2025-02-10T16:28:43.221+0000] {logging_mixin.py:190} INFO - [2025-02-10T16:28:43.221+0000] {dag.py:4180} INFO - Setting next_dagrun for example_dynamic_task_mapping to None, run_after=None
[2025-02-10T16:28:43.299+0000] {processor.py:208} INFO - Processing /usr/local/lib/python3.9/dist-packages/airflow/example_dags/example_dynamic_task_mapping.py took 0.143 seconds
[2025-02-10T16:29:59.555+0000] {processor.py:186} INFO - Started process (PID=1368) to work on /usr/local/lib/python3.9/dist-packages/airflow/example_dags/example_dynamic_task_mapping.py
[2025-02-10T16:29:59.556+0000] {processor.py:914} INFO - Processing file /usr/local/lib/python3.9/dist-packages/airflow/example_dags/example_dynamic_task_mapping.py for tasks to queue
[2025-02-10T16:29:59.559+0000] {logging_mixin.py:190} INFO - [2025-02-10T16:29:59.558+0000] {dagbag.py:588} INFO - Filling up the DagBag from /usr/local/lib/python3.9/dist-packages/airflow/example_dags/example_dynamic_task_mapping.py
[2025-02-10T16:29:59.567+0000] {processor.py:925} INFO - DAG(s) 'example_dynamic_task_mapping' retrieved from /usr/local/lib/python3.9/dist-packages/airflow/example_dags/example_dynamic_task_mapping.py
[2025-02-10T16:29:59.595+0000] {logging_mixin.py:190} INFO - [2025-02-10T16:29:59.595+0000] {dag.py:3239} INFO - Sync 1 DAGs
[2025-02-10T16:29:59.614+0000] {logging_mixin.py:190} INFO - [2025-02-10T16:29:59.614+0000] {dag.py:4180} INFO - Setting next_dagrun for example_dynamic_task_mapping to None, run_after=None
[2025-02-10T16:29:59.691+0000] {processor.py:208} INFO - Processing /usr/local/lib/python3.9/dist-packages/airflow/example_dags/example_dynamic_task_mapping.py took 0.142 seconds
[2025-02-10T16:31:14.496+0000] {processor.py:186} INFO - Started process (PID=1431) to work on /usr/local/lib/python3.9/dist-packages/airflow/example_dags/example_dynamic_task_mapping.py
[2025-02-10T16:31:14.497+0000] {processor.py:914} INFO - Processing file /usr/local/lib/python3.9/dist-packages/airflow/example_dags/example_dynamic_task_mapping.py for tasks to queue
[2025-02-10T16:31:14.500+0000] {logging_mixin.py:190} INFO - [2025-02-10T16:31:14.500+0000] {dagbag.py:588} INFO - Filling up the DagBag from /usr/local/lib/python3.9/dist-packages/airflow/example_dags/example_dynamic_task_mapping.py
[2025-02-10T16:31:14.507+0000] {processor.py:925} INFO - DAG(s) 'example_dynamic_task_mapping' retrieved from /usr/local/lib/python3.9/dist-packages/airflow/example_dags/example_dynamic_task_mapping.py
[2025-02-10T16:31:14.538+0000] {logging_mixin.py:190} INFO - [2025-02-10T16:31:14.537+0000] {dag.py:3239} INFO - Sync 1 DAGs
[2025-02-10T16:31:14.555+0000] {logging_mixin.py:190} INFO - [2025-02-10T16:31:14.555+0000] {dag.py:4180} INFO - Setting next_dagrun for example_dynamic_task_mapping to None, run_after=None
[2025-02-10T16:31:14.636+0000] {processor.py:208} INFO - Processing /usr/local/lib/python3.9/dist-packages/airflow/example_dags/example_dynamic_task_mapping.py took 0.145 seconds
[2025-02-10T16:32:31.565+0000] {processor.py:186} INFO - Started process (PID=1495) to work on /usr/local/lib/python3.9/dist-packages/airflow/example_dags/example_dynamic_task_mapping.py
[2025-02-10T16:32:31.566+0000] {processor.py:914} INFO - Processing file /usr/local/lib/python3.9/dist-packages/airflow/example_dags/example_dynamic_task_mapping.py for tasks to queue
[2025-02-10T16:32:31.569+0000] {logging_mixin.py:190} INFO - [2025-02-10T16:32:31.568+0000] {dagbag.py:588} INFO - Filling up the DagBag from /usr/local/lib/python3.9/dist-packages/airflow/example_dags/example_dynamic_task_mapping.py
[2025-02-10T16:32:31.577+0000] {processor.py:925} INFO - DAG(s) 'example_dynamic_task_mapping' retrieved from /usr/local/lib/python3.9/dist-packages/airflow/example_dags/example_dynamic_task_mapping.py
[2025-02-10T16:32:31.606+0000] {logging_mixin.py:190} INFO - [2025-02-10T16:32:31.606+0000] {dag.py:3239} INFO - Sync 1 DAGs
[2025-02-10T16:32:31.622+0000] {logging_mixin.py:190} INFO - [2025-02-10T16:32:31.622+0000] {dag.py:4180} INFO - Setting next_dagrun for example_dynamic_task_mapping to None, run_after=None
[2025-02-10T16:32:31.698+0000] {processor.py:208} INFO - Processing /usr/local/lib/python3.9/dist-packages/airflow/example_dags/example_dynamic_task_mapping.py took 0.139 seconds
[2025-02-10T16:33:48.687+0000] {processor.py:186} INFO - Started process (PID=1559) to work on /usr/local/lib/python3.9/dist-packages/airflow/example_dags/example_dynamic_task_mapping.py
[2025-02-10T16:33:48.689+0000] {processor.py:914} INFO - Processing file /usr/local/lib/python3.9/dist-packages/airflow/example_dags/example_dynamic_task_mapping.py for tasks to queue
[2025-02-10T16:33:48.692+0000] {logging_mixin.py:190} INFO - [2025-02-10T16:33:48.692+0000] {dagbag.py:588} INFO - Filling up the DagBag from /usr/local/lib/python3.9/dist-packages/airflow/example_dags/example_dynamic_task_mapping.py
[2025-02-10T16:33:48.702+0000] {processor.py:925} INFO - DAG(s) 'example_dynamic_task_mapping' retrieved from /usr/local/lib/python3.9/dist-packages/airflow/example_dags/example_dynamic_task_mapping.py
[2025-02-10T16:33:48.736+0000] {logging_mixin.py:190} INFO - [2025-02-10T16:33:48.735+0000] {dag.py:3239} INFO - Sync 1 DAGs
[2025-02-10T16:33:48.753+0000] {logging_mixin.py:190} INFO - [2025-02-10T16:33:48.753+0000] {dag.py:4180} INFO - Setting next_dagrun for example_dynamic_task_mapping to None, run_after=None
[2025-02-10T16:33:48.832+0000] {processor.py:208} INFO - Processing /usr/local/lib/python3.9/dist-packages/airflow/example_dags/example_dynamic_task_mapping.py took 0.152 seconds
[2025-02-10T16:35:02.071+0000] {processor.py:186} INFO - Started process (PID=1622) to work on /usr/local/lib/python3.9/dist-packages/airflow/example_dags/example_dynamic_task_mapping.py
[2025-02-10T16:35:02.073+0000] {processor.py:914} INFO - Processing file /usr/local/lib/python3.9/dist-packages/airflow/example_dags/example_dynamic_task_mapping.py for tasks to queue
[2025-02-10T16:35:02.076+0000] {logging_mixin.py:190} INFO - [2025-02-10T16:35:02.075+0000] {dagbag.py:588} INFO - Filling up the DagBag from /usr/local/lib/python3.9/dist-packages/airflow/example_dags/example_dynamic_task_mapping.py
[2025-02-10T16:35:02.085+0000] {processor.py:925} INFO - DAG(s) 'example_dynamic_task_mapping' retrieved from /usr/local/lib/python3.9/dist-packages/airflow/example_dags/example_dynamic_task_mapping.py
[2025-02-10T16:35:02.115+0000] {logging_mixin.py:190} INFO - [2025-02-10T16:35:02.115+0000] {dag.py:3239} INFO - Sync 1 DAGs
[2025-02-10T16:35:02.133+0000] {logging_mixin.py:190} INFO - [2025-02-10T16:35:02.133+0000] {dag.py:4180} INFO - Setting next_dagrun for example_dynamic_task_mapping to None, run_after=None
[2025-02-10T16:35:02.208+0000] {processor.py:208} INFO - Processing /usr/local/lib/python3.9/dist-packages/airflow/example_dags/example_dynamic_task_mapping.py took 0.143 seconds
[2025-02-10T16:36:19.139+0000] {processor.py:186} INFO - Started process (PID=1686) to work on /usr/local/lib/python3.9/dist-packages/airflow/example_dags/example_dynamic_task_mapping.py
[2025-02-10T16:36:19.140+0000] {processor.py:914} INFO - Processing file /usr/local/lib/python3.9/dist-packages/airflow/example_dags/example_dynamic_task_mapping.py for tasks to queue
[2025-02-10T16:36:19.143+0000] {logging_mixin.py:190} INFO - [2025-02-10T16:36:19.142+0000] {dagbag.py:588} INFO - Filling up the DagBag from /usr/local/lib/python3.9/dist-packages/airflow/example_dags/example_dynamic_task_mapping.py
[2025-02-10T16:36:19.151+0000] {processor.py:925} INFO - DAG(s) 'example_dynamic_task_mapping' retrieved from /usr/local/lib/python3.9/dist-packages/airflow/example_dags/example_dynamic_task_mapping.py
[2025-02-10T16:36:19.180+0000] {logging_mixin.py:190} INFO - [2025-02-10T16:36:19.179+0000] {dag.py:3239} INFO - Sync 1 DAGs
[2025-02-10T16:36:19.196+0000] {logging_mixin.py:190} INFO - [2025-02-10T16:36:19.196+0000] {dag.py:4180} INFO - Setting next_dagrun for example_dynamic_task_mapping to None, run_after=None
[2025-02-10T16:36:19.275+0000] {processor.py:208} INFO - Processing /usr/local/lib/python3.9/dist-packages/airflow/example_dags/example_dynamic_task_mapping.py took 0.142 seconds
[2025-02-10T16:37:42.379+0000] {processor.py:186} INFO - Started process (PID=1752) to work on /usr/local/lib/python3.9/dist-packages/airflow/example_dags/example_dynamic_task_mapping.py
[2025-02-10T16:37:42.381+0000] {processor.py:914} INFO - Processing file /usr/local/lib/python3.9/dist-packages/airflow/example_dags/example_dynamic_task_mapping.py for tasks to queue
[2025-02-10T16:37:42.383+0000] {logging_mixin.py:190} INFO - [2025-02-10T16:37:42.383+0000] {dagbag.py:588} INFO - Filling up the DagBag from /usr/local/lib/python3.9/dist-packages/airflow/example_dags/example_dynamic_task_mapping.py
[2025-02-10T16:37:42.390+0000] {processor.py:925} INFO - DAG(s) 'example_dynamic_task_mapping' retrieved from /usr/local/lib/python3.9/dist-packages/airflow/example_dags/example_dynamic_task_mapping.py
[2025-02-10T16:37:42.422+0000] {logging_mixin.py:190} INFO - [2025-02-10T16:37:42.421+0000] {dag.py:3239} INFO - Sync 1 DAGs
[2025-02-10T16:37:42.438+0000] {logging_mixin.py:190} INFO - [2025-02-10T16:37:42.438+0000] {dag.py:4180} INFO - Setting next_dagrun for example_dynamic_task_mapping to None, run_after=None
[2025-02-10T16:37:42.508+0000] {processor.py:208} INFO - Processing /usr/local/lib/python3.9/dist-packages/airflow/example_dags/example_dynamic_task_mapping.py took 0.135 seconds
