[2025-02-10T14:48:48.456+0000] {processor.py:186} INFO - Started process (PID=60) to work on /usr/local/lib/python3.9/dist-packages/airflow/example_dags/example_sensor_decorator.py
[2025-02-10T14:48:48.457+0000] {processor.py:914} INFO - Processing file /usr/local/lib/python3.9/dist-packages/airflow/example_dags/example_sensor_decorator.py for tasks to queue
[2025-02-10T14:48:48.460+0000] {logging_mixin.py:190} INFO - [2025-02-10T14:48:48.460+0000] {dagbag.py:588} INFO - Filling up the DagBag from /usr/local/lib/python3.9/dist-packages/airflow/example_dags/example_sensor_decorator.py
[2025-02-10T14:48:48.471+0000] {processor.py:925} INFO - DAG(s) 'example_sensor_decorator' retrieved from /usr/local/lib/python3.9/dist-packages/airflow/example_dags/example_sensor_decorator.py
[2025-02-10T14:48:48.638+0000] {logging_mixin.py:190} INFO - [2025-02-10T14:48:48.637+0000] {override.py:1930} INFO - Created Permission View: can delete on DAG:example_sensor_decorator
[2025-02-10T14:48:48.689+0000] {logging_mixin.py:190} INFO - [2025-02-10T14:48:48.688+0000] {override.py:1930} INFO - Created Permission View: can read on DAG:example_sensor_decorator
[2025-02-10T14:48:48.756+0000] {logging_mixin.py:190} INFO - [2025-02-10T14:48:48.755+0000] {override.py:1930} INFO - Created Permission View: can edit on DAG:example_sensor_decorator
[2025-02-10T14:48:48.857+0000] {logging_mixin.py:190} INFO - [2025-02-10T14:48:48.857+0000] {override.py:1930} INFO - Created Permission View: can create on DAG Run:example_sensor_decorator
[2025-02-10T14:48:48.906+0000] {logging_mixin.py:190} INFO - [2025-02-10T14:48:48.905+0000] {override.py:1930} INFO - Created Permission View: can delete on DAG Run:example_sensor_decorator
[2025-02-10T14:48:48.955+0000] {logging_mixin.py:190} INFO - [2025-02-10T14:48:48.954+0000] {override.py:1930} INFO - Created Permission View: can read on DAG Run:example_sensor_decorator
[2025-02-10T14:48:49.001+0000] {logging_mixin.py:190} INFO - [2025-02-10T14:48:49.000+0000] {override.py:1930} INFO - Created Permission View: menu access on DAG Run:example_sensor_decorator
[2025-02-10T14:48:49.001+0000] {logging_mixin.py:190} INFO - [2025-02-10T14:48:49.001+0000] {dag.py:3239} INFO - Sync 1 DAGs
[2025-02-10T14:48:49.024+0000] {logging_mixin.py:190} INFO - [2025-02-10T14:48:49.024+0000] {dag.py:3262} INFO - Creating ORM DAG for example_sensor_decorator
[2025-02-10T14:48:49.025+0000] {logging_mixin.py:190} INFO - [2025-02-10T14:48:49.025+0000] {dag.py:4180} INFO - Setting next_dagrun for example_sensor_decorator to None, run_after=None
[2025-02-10T14:48:49.105+0000] {processor.py:208} INFO - Processing /usr/local/lib/python3.9/dist-packages/airflow/example_dags/example_sensor_decorator.py took 0.654 seconds
[2025-02-10T14:50:20.280+0000] {processor.py:186} INFO - Started process (PID=120) to work on /usr/local/lib/python3.9/dist-packages/airflow/example_dags/example_sensor_decorator.py
[2025-02-10T14:50:20.283+0000] {processor.py:914} INFO - Processing file /usr/local/lib/python3.9/dist-packages/airflow/example_dags/example_sensor_decorator.py for tasks to queue
[2025-02-10T14:50:20.286+0000] {logging_mixin.py:190} INFO - [2025-02-10T14:50:20.286+0000] {dagbag.py:588} INFO - Filling up the DagBag from /usr/local/lib/python3.9/dist-packages/airflow/example_dags/example_sensor_decorator.py
[2025-02-10T14:50:20.295+0000] {processor.py:925} INFO - DAG(s) 'example_sensor_decorator' retrieved from /usr/local/lib/python3.9/dist-packages/airflow/example_dags/example_sensor_decorator.py
[2025-02-10T14:50:20.327+0000] {logging_mixin.py:190} INFO - [2025-02-10T14:50:20.326+0000] {dag.py:3239} INFO - Sync 1 DAGs
[2025-02-10T14:50:20.344+0000] {logging_mixin.py:190} INFO - [2025-02-10T14:50:20.344+0000] {dag.py:4180} INFO - Setting next_dagrun for example_sensor_decorator to None, run_after=None
[2025-02-10T14:50:20.422+0000] {processor.py:208} INFO - Processing /usr/local/lib/python3.9/dist-packages/airflow/example_dags/example_sensor_decorator.py took 0.147 seconds
[2025-02-10T14:51:35.689+0000] {processor.py:186} INFO - Started process (PID=183) to work on /usr/local/lib/python3.9/dist-packages/airflow/example_dags/example_sensor_decorator.py
[2025-02-10T14:51:35.690+0000] {processor.py:914} INFO - Processing file /usr/local/lib/python3.9/dist-packages/airflow/example_dags/example_sensor_decorator.py for tasks to queue
[2025-02-10T14:51:35.693+0000] {logging_mixin.py:190} INFO - [2025-02-10T14:51:35.692+0000] {dagbag.py:588} INFO - Filling up the DagBag from /usr/local/lib/python3.9/dist-packages/airflow/example_dags/example_sensor_decorator.py
[2025-02-10T14:51:35.701+0000] {processor.py:925} INFO - DAG(s) 'example_sensor_decorator' retrieved from /usr/local/lib/python3.9/dist-packages/airflow/example_dags/example_sensor_decorator.py
[2025-02-10T14:51:35.729+0000] {logging_mixin.py:190} INFO - [2025-02-10T14:51:35.729+0000] {dag.py:3239} INFO - Sync 1 DAGs
[2025-02-10T14:51:35.746+0000] {logging_mixin.py:190} INFO - [2025-02-10T14:51:35.745+0000] {dag.py:4180} INFO - Setting next_dagrun for example_sensor_decorator to None, run_after=None
[2025-02-10T14:51:35.822+0000] {processor.py:208} INFO - Processing /usr/local/lib/python3.9/dist-packages/airflow/example_dags/example_sensor_decorator.py took 0.138 seconds
[2025-02-10T14:52:57.995+0000] {processor.py:186} INFO - Started process (PID=250) to work on /usr/local/lib/python3.9/dist-packages/airflow/example_dags/example_sensor_decorator.py
[2025-02-10T14:52:57.997+0000] {processor.py:914} INFO - Processing file /usr/local/lib/python3.9/dist-packages/airflow/example_dags/example_sensor_decorator.py for tasks to queue
[2025-02-10T14:52:58.000+0000] {logging_mixin.py:190} INFO - [2025-02-10T14:52:57.999+0000] {dagbag.py:588} INFO - Filling up the DagBag from /usr/local/lib/python3.9/dist-packages/airflow/example_dags/example_sensor_decorator.py
[2025-02-10T14:52:58.008+0000] {processor.py:925} INFO - DAG(s) 'example_sensor_decorator' retrieved from /usr/local/lib/python3.9/dist-packages/airflow/example_dags/example_sensor_decorator.py
[2025-02-10T14:52:58.039+0000] {logging_mixin.py:190} INFO - [2025-02-10T14:52:58.038+0000] {dag.py:3239} INFO - Sync 1 DAGs
[2025-02-10T14:52:58.054+0000] {logging_mixin.py:190} INFO - [2025-02-10T14:52:58.054+0000] {dag.py:4180} INFO - Setting next_dagrun for example_sensor_decorator to None, run_after=None
[2025-02-10T14:52:58.127+0000] {processor.py:208} INFO - Processing /usr/local/lib/python3.9/dist-packages/airflow/example_dags/example_sensor_decorator.py took 0.137 seconds
[2025-02-10T14:54:15.425+0000] {processor.py:186} INFO - Started process (PID=315) to work on /usr/local/lib/python3.9/dist-packages/airflow/example_dags/example_sensor_decorator.py
[2025-02-10T14:54:15.427+0000] {processor.py:914} INFO - Processing file /usr/local/lib/python3.9/dist-packages/airflow/example_dags/example_sensor_decorator.py for tasks to queue
[2025-02-10T14:54:15.431+0000] {logging_mixin.py:190} INFO - [2025-02-10T14:54:15.430+0000] {dagbag.py:588} INFO - Filling up the DagBag from /usr/local/lib/python3.9/dist-packages/airflow/example_dags/example_sensor_decorator.py
[2025-02-10T14:54:15.439+0000] {processor.py:925} INFO - DAG(s) 'example_sensor_decorator' retrieved from /usr/local/lib/python3.9/dist-packages/airflow/example_dags/example_sensor_decorator.py
[2025-02-10T14:54:15.473+0000] {logging_mixin.py:190} INFO - [2025-02-10T14:54:15.473+0000] {dag.py:3239} INFO - Sync 1 DAGs
[2025-02-10T14:54:15.491+0000] {logging_mixin.py:190} INFO - [2025-02-10T14:54:15.491+0000] {dag.py:4180} INFO - Setting next_dagrun for example_sensor_decorator to None, run_after=None
[2025-02-10T14:54:15.566+0000] {processor.py:208} INFO - Processing /usr/local/lib/python3.9/dist-packages/airflow/example_dags/example_sensor_decorator.py took 0.146 seconds
[2025-02-10T14:55:32.896+0000] {processor.py:186} INFO - Started process (PID=380) to work on /usr/local/lib/python3.9/dist-packages/airflow/example_dags/example_sensor_decorator.py
[2025-02-10T14:55:32.898+0000] {processor.py:914} INFO - Processing file /usr/local/lib/python3.9/dist-packages/airflow/example_dags/example_sensor_decorator.py for tasks to queue
[2025-02-10T14:55:32.901+0000] {logging_mixin.py:190} INFO - [2025-02-10T14:55:32.900+0000] {dagbag.py:588} INFO - Filling up the DagBag from /usr/local/lib/python3.9/dist-packages/airflow/example_dags/example_sensor_decorator.py
[2025-02-10T14:55:32.909+0000] {processor.py:925} INFO - DAG(s) 'example_sensor_decorator' retrieved from /usr/local/lib/python3.9/dist-packages/airflow/example_dags/example_sensor_decorator.py
[2025-02-10T14:55:32.940+0000] {logging_mixin.py:190} INFO - [2025-02-10T14:55:32.939+0000] {dag.py:3239} INFO - Sync 1 DAGs
[2025-02-10T14:55:32.957+0000] {logging_mixin.py:190} INFO - [2025-02-10T14:55:32.957+0000] {dag.py:4180} INFO - Setting next_dagrun for example_sensor_decorator to None, run_after=None
[2025-02-10T14:55:33.034+0000] {processor.py:208} INFO - Processing /usr/local/lib/python3.9/dist-packages/airflow/example_dags/example_sensor_decorator.py took 0.143 seconds
[2025-02-10T14:56:57.454+0000] {processor.py:186} INFO - Started process (PID=448) to work on /usr/local/lib/python3.9/dist-packages/airflow/example_dags/example_sensor_decorator.py
[2025-02-10T14:56:57.456+0000] {processor.py:914} INFO - Processing file /usr/local/lib/python3.9/dist-packages/airflow/example_dags/example_sensor_decorator.py for tasks to queue
[2025-02-10T14:56:57.458+0000] {logging_mixin.py:190} INFO - [2025-02-10T14:56:57.458+0000] {dagbag.py:588} INFO - Filling up the DagBag from /usr/local/lib/python3.9/dist-packages/airflow/example_dags/example_sensor_decorator.py
[2025-02-10T14:56:57.467+0000] {processor.py:925} INFO - DAG(s) 'example_sensor_decorator' retrieved from /usr/local/lib/python3.9/dist-packages/airflow/example_dags/example_sensor_decorator.py
[2025-02-10T14:56:57.495+0000] {logging_mixin.py:190} INFO - [2025-02-10T14:56:57.495+0000] {dag.py:3239} INFO - Sync 1 DAGs
[2025-02-10T14:56:57.511+0000] {logging_mixin.py:190} INFO - [2025-02-10T14:56:57.511+0000] {dag.py:4180} INFO - Setting next_dagrun for example_sensor_decorator to None, run_after=None
[2025-02-10T14:56:57.588+0000] {processor.py:208} INFO - Processing /usr/local/lib/python3.9/dist-packages/airflow/example_dags/example_sensor_decorator.py took 0.139 seconds
[2025-02-10T14:58:14.038+0000] {processor.py:186} INFO - Started process (PID=513) to work on /usr/local/lib/python3.9/dist-packages/airflow/example_dags/example_sensor_decorator.py
[2025-02-10T14:58:14.040+0000] {processor.py:914} INFO - Processing file /usr/local/lib/python3.9/dist-packages/airflow/example_dags/example_sensor_decorator.py for tasks to queue
[2025-02-10T14:58:14.042+0000] {logging_mixin.py:190} INFO - [2025-02-10T14:58:14.042+0000] {dagbag.py:588} INFO - Filling up the DagBag from /usr/local/lib/python3.9/dist-packages/airflow/example_dags/example_sensor_decorator.py
[2025-02-10T14:58:14.050+0000] {processor.py:925} INFO - DAG(s) 'example_sensor_decorator' retrieved from /usr/local/lib/python3.9/dist-packages/airflow/example_dags/example_sensor_decorator.py
[2025-02-10T14:58:14.081+0000] {logging_mixin.py:190} INFO - [2025-02-10T14:58:14.081+0000] {dag.py:3239} INFO - Sync 1 DAGs
[2025-02-10T14:58:14.098+0000] {logging_mixin.py:190} INFO - [2025-02-10T14:58:14.097+0000] {dag.py:4180} INFO - Setting next_dagrun for example_sensor_decorator to None, run_after=None
[2025-02-10T14:58:14.174+0000] {processor.py:208} INFO - Processing /usr/local/lib/python3.9/dist-packages/airflow/example_dags/example_sensor_decorator.py took 0.141 seconds
[2025-02-10T14:59:28.360+0000] {processor.py:186} INFO - Started process (PID=578) to work on /usr/local/lib/python3.9/dist-packages/airflow/example_dags/example_sensor_decorator.py
[2025-02-10T14:59:28.362+0000] {processor.py:914} INFO - Processing file /usr/local/lib/python3.9/dist-packages/airflow/example_dags/example_sensor_decorator.py for tasks to queue
[2025-02-10T14:59:28.369+0000] {logging_mixin.py:190} INFO - [2025-02-10T14:59:28.368+0000] {dagbag.py:588} INFO - Filling up the DagBag from /usr/local/lib/python3.9/dist-packages/airflow/example_dags/example_sensor_decorator.py
[2025-02-10T14:59:28.388+0000] {processor.py:925} INFO - DAG(s) 'example_sensor_decorator' retrieved from /usr/local/lib/python3.9/dist-packages/airflow/example_dags/example_sensor_decorator.py
[2025-02-10T14:59:28.429+0000] {logging_mixin.py:190} INFO - [2025-02-10T14:59:28.429+0000] {dag.py:3239} INFO - Sync 1 DAGs
[2025-02-10T14:59:28.448+0000] {logging_mixin.py:190} INFO - [2025-02-10T14:59:28.447+0000] {dag.py:4180} INFO - Setting next_dagrun for example_sensor_decorator to None, run_after=None
[2025-02-10T14:59:28.563+0000] {processor.py:208} INFO - Processing /usr/local/lib/python3.9/dist-packages/airflow/example_dags/example_sensor_decorator.py took 0.213 seconds
[2025-02-10T15:00:41.666+0000] {processor.py:186} INFO - Started process (PID=640) to work on /usr/local/lib/python3.9/dist-packages/airflow/example_dags/example_sensor_decorator.py
[2025-02-10T15:00:41.669+0000] {processor.py:914} INFO - Processing file /usr/local/lib/python3.9/dist-packages/airflow/example_dags/example_sensor_decorator.py for tasks to queue
[2025-02-10T15:00:41.671+0000] {logging_mixin.py:190} INFO - [2025-02-10T15:00:41.671+0000] {dagbag.py:588} INFO - Filling up the DagBag from /usr/local/lib/python3.9/dist-packages/airflow/example_dags/example_sensor_decorator.py
[2025-02-10T15:00:41.680+0000] {processor.py:925} INFO - DAG(s) 'example_sensor_decorator' retrieved from /usr/local/lib/python3.9/dist-packages/airflow/example_dags/example_sensor_decorator.py
[2025-02-10T15:00:41.709+0000] {logging_mixin.py:190} INFO - [2025-02-10T15:00:41.708+0000] {dag.py:3239} INFO - Sync 1 DAGs
[2025-02-10T15:00:41.727+0000] {logging_mixin.py:190} INFO - [2025-02-10T15:00:41.726+0000] {dag.py:4180} INFO - Setting next_dagrun for example_sensor_decorator to None, run_after=None
[2025-02-10T15:00:41.800+0000] {processor.py:208} INFO - Processing /usr/local/lib/python3.9/dist-packages/airflow/example_dags/example_sensor_decorator.py took 0.139 seconds
[2025-02-10T15:02:01.616+0000] {processor.py:186} INFO - Started process (PID=709) to work on /usr/local/lib/python3.9/dist-packages/airflow/example_dags/example_sensor_decorator.py
[2025-02-10T15:02:01.618+0000] {processor.py:914} INFO - Processing file /usr/local/lib/python3.9/dist-packages/airflow/example_dags/example_sensor_decorator.py for tasks to queue
[2025-02-10T15:02:01.621+0000] {logging_mixin.py:190} INFO - [2025-02-10T15:02:01.620+0000] {dagbag.py:588} INFO - Filling up the DagBag from /usr/local/lib/python3.9/dist-packages/airflow/example_dags/example_sensor_decorator.py
[2025-02-10T15:02:01.628+0000] {processor.py:925} INFO - DAG(s) 'example_sensor_decorator' retrieved from /usr/local/lib/python3.9/dist-packages/airflow/example_dags/example_sensor_decorator.py
[2025-02-10T15:02:01.659+0000] {logging_mixin.py:190} INFO - [2025-02-10T15:02:01.659+0000] {dag.py:3239} INFO - Sync 1 DAGs
[2025-02-10T15:02:01.678+0000] {logging_mixin.py:190} INFO - [2025-02-10T15:02:01.677+0000] {dag.py:4180} INFO - Setting next_dagrun for example_sensor_decorator to None, run_after=None
[2025-02-10T15:02:01.764+0000] {processor.py:208} INFO - Processing /usr/local/lib/python3.9/dist-packages/airflow/example_dags/example_sensor_decorator.py took 0.155 seconds
[2025-02-10T15:03:21.299+0000] {processor.py:186} INFO - Started process (PID=775) to work on /usr/local/lib/python3.9/dist-packages/airflow/example_dags/example_sensor_decorator.py
[2025-02-10T15:03:21.301+0000] {processor.py:914} INFO - Processing file /usr/local/lib/python3.9/dist-packages/airflow/example_dags/example_sensor_decorator.py for tasks to queue
[2025-02-10T15:03:21.303+0000] {logging_mixin.py:190} INFO - [2025-02-10T15:03:21.303+0000] {dagbag.py:588} INFO - Filling up the DagBag from /usr/local/lib/python3.9/dist-packages/airflow/example_dags/example_sensor_decorator.py
[2025-02-10T15:03:21.312+0000] {processor.py:925} INFO - DAG(s) 'example_sensor_decorator' retrieved from /usr/local/lib/python3.9/dist-packages/airflow/example_dags/example_sensor_decorator.py
[2025-02-10T15:03:21.339+0000] {logging_mixin.py:190} INFO - [2025-02-10T15:03:21.338+0000] {dag.py:3239} INFO - Sync 1 DAGs
[2025-02-10T15:03:21.355+0000] {logging_mixin.py:190} INFO - [2025-02-10T15:03:21.355+0000] {dag.py:4180} INFO - Setting next_dagrun for example_sensor_decorator to None, run_after=None
[2025-02-10T15:03:21.431+0000] {processor.py:208} INFO - Processing /usr/local/lib/python3.9/dist-packages/airflow/example_dags/example_sensor_decorator.py took 0.137 seconds
[2025-02-10T15:04:36.762+0000] {processor.py:186} INFO - Started process (PID=839) to work on /usr/local/lib/python3.9/dist-packages/airflow/example_dags/example_sensor_decorator.py
[2025-02-10T15:04:36.764+0000] {processor.py:914} INFO - Processing file /usr/local/lib/python3.9/dist-packages/airflow/example_dags/example_sensor_decorator.py for tasks to queue
[2025-02-10T15:04:36.766+0000] {logging_mixin.py:190} INFO - [2025-02-10T15:04:36.766+0000] {dagbag.py:588} INFO - Filling up the DagBag from /usr/local/lib/python3.9/dist-packages/airflow/example_dags/example_sensor_decorator.py
[2025-02-10T15:04:36.774+0000] {processor.py:925} INFO - DAG(s) 'example_sensor_decorator' retrieved from /usr/local/lib/python3.9/dist-packages/airflow/example_dags/example_sensor_decorator.py
[2025-02-10T15:04:36.805+0000] {logging_mixin.py:190} INFO - [2025-02-10T15:04:36.804+0000] {dag.py:3239} INFO - Sync 1 DAGs
[2025-02-10T15:04:36.821+0000] {logging_mixin.py:190} INFO - [2025-02-10T15:04:36.821+0000] {dag.py:4180} INFO - Setting next_dagrun for example_sensor_decorator to None, run_after=None
[2025-02-10T15:04:36.895+0000] {processor.py:208} INFO - Processing /usr/local/lib/python3.9/dist-packages/airflow/example_dags/example_sensor_decorator.py took 0.138 seconds
[2025-02-10T15:06:00.003+0000] {processor.py:186} INFO - Started process (PID=906) to work on /usr/local/lib/python3.9/dist-packages/airflow/example_dags/example_sensor_decorator.py
[2025-02-10T15:06:00.005+0000] {processor.py:914} INFO - Processing file /usr/local/lib/python3.9/dist-packages/airflow/example_dags/example_sensor_decorator.py for tasks to queue
[2025-02-10T15:06:00.008+0000] {logging_mixin.py:190} INFO - [2025-02-10T15:06:00.007+0000] {dagbag.py:588} INFO - Filling up the DagBag from /usr/local/lib/python3.9/dist-packages/airflow/example_dags/example_sensor_decorator.py
[2025-02-10T15:06:00.017+0000] {processor.py:925} INFO - DAG(s) 'example_sensor_decorator' retrieved from /usr/local/lib/python3.9/dist-packages/airflow/example_dags/example_sensor_decorator.py
[2025-02-10T15:06:00.051+0000] {logging_mixin.py:190} INFO - [2025-02-10T15:06:00.051+0000] {dag.py:3239} INFO - Sync 1 DAGs
[2025-02-10T15:06:00.069+0000] {logging_mixin.py:190} INFO - [2025-02-10T15:06:00.069+0000] {dag.py:4180} INFO - Setting next_dagrun for example_sensor_decorator to None, run_after=None
[2025-02-10T15:06:00.145+0000] {processor.py:208} INFO - Processing /usr/local/lib/python3.9/dist-packages/airflow/example_dags/example_sensor_decorator.py took 0.148 seconds
[2025-02-10T15:07:16.446+0000] {processor.py:186} INFO - Started process (PID=971) to work on /usr/local/lib/python3.9/dist-packages/airflow/example_dags/example_sensor_decorator.py
[2025-02-10T15:07:16.449+0000] {processor.py:914} INFO - Processing file /usr/local/lib/python3.9/dist-packages/airflow/example_dags/example_sensor_decorator.py for tasks to queue
[2025-02-10T15:07:16.452+0000] {logging_mixin.py:190} INFO - [2025-02-10T15:07:16.452+0000] {dagbag.py:588} INFO - Filling up the DagBag from /usr/local/lib/python3.9/dist-packages/airflow/example_dags/example_sensor_decorator.py
[2025-02-10T15:07:16.461+0000] {processor.py:925} INFO - DAG(s) 'example_sensor_decorator' retrieved from /usr/local/lib/python3.9/dist-packages/airflow/example_dags/example_sensor_decorator.py
[2025-02-10T15:07:16.492+0000] {logging_mixin.py:190} INFO - [2025-02-10T15:07:16.491+0000] {dag.py:3239} INFO - Sync 1 DAGs
[2025-02-10T15:07:16.509+0000] {logging_mixin.py:190} INFO - [2025-02-10T15:07:16.508+0000] {dag.py:4180} INFO - Setting next_dagrun for example_sensor_decorator to None, run_after=None
[2025-02-10T15:07:16.580+0000] {processor.py:208} INFO - Processing /usr/local/lib/python3.9/dist-packages/airflow/example_dags/example_sensor_decorator.py took 0.139 seconds
[2025-02-10T15:08:34.651+0000] {processor.py:186} INFO - Started process (PID=1036) to work on /usr/local/lib/python3.9/dist-packages/airflow/example_dags/example_sensor_decorator.py
[2025-02-10T15:08:34.652+0000] {processor.py:914} INFO - Processing file /usr/local/lib/python3.9/dist-packages/airflow/example_dags/example_sensor_decorator.py for tasks to queue
[2025-02-10T15:08:34.655+0000] {logging_mixin.py:190} INFO - [2025-02-10T15:08:34.655+0000] {dagbag.py:588} INFO - Filling up the DagBag from /usr/local/lib/python3.9/dist-packages/airflow/example_dags/example_sensor_decorator.py
[2025-02-10T15:08:34.664+0000] {processor.py:925} INFO - DAG(s) 'example_sensor_decorator' retrieved from /usr/local/lib/python3.9/dist-packages/airflow/example_dags/example_sensor_decorator.py
[2025-02-10T15:08:34.695+0000] {logging_mixin.py:190} INFO - [2025-02-10T15:08:34.695+0000] {dag.py:3239} INFO - Sync 1 DAGs
[2025-02-10T15:08:34.712+0000] {logging_mixin.py:190} INFO - [2025-02-10T15:08:34.712+0000] {dag.py:4180} INFO - Setting next_dagrun for example_sensor_decorator to None, run_after=None
[2025-02-10T15:08:34.790+0000] {processor.py:208} INFO - Processing /usr/local/lib/python3.9/dist-packages/airflow/example_dags/example_sensor_decorator.py took 0.144 seconds
[2025-02-10T15:09:52.398+0000] {processor.py:186} INFO - Started process (PID=1101) to work on /usr/local/lib/python3.9/dist-packages/airflow/example_dags/example_sensor_decorator.py
[2025-02-10T15:09:52.400+0000] {processor.py:914} INFO - Processing file /usr/local/lib/python3.9/dist-packages/airflow/example_dags/example_sensor_decorator.py for tasks to queue
[2025-02-10T15:09:52.403+0000] {logging_mixin.py:190} INFO - [2025-02-10T15:09:52.402+0000] {dagbag.py:588} INFO - Filling up the DagBag from /usr/local/lib/python3.9/dist-packages/airflow/example_dags/example_sensor_decorator.py
[2025-02-10T15:09:52.411+0000] {processor.py:925} INFO - DAG(s) 'example_sensor_decorator' retrieved from /usr/local/lib/python3.9/dist-packages/airflow/example_dags/example_sensor_decorator.py
[2025-02-10T15:09:52.440+0000] {logging_mixin.py:190} INFO - [2025-02-10T15:09:52.440+0000] {dag.py:3239} INFO - Sync 1 DAGs
[2025-02-10T15:09:52.458+0000] {logging_mixin.py:190} INFO - [2025-02-10T15:09:52.458+0000] {dag.py:4180} INFO - Setting next_dagrun for example_sensor_decorator to None, run_after=None
[2025-02-10T15:09:52.537+0000] {processor.py:208} INFO - Processing /usr/local/lib/python3.9/dist-packages/airflow/example_dags/example_sensor_decorator.py took 0.144 seconds
[2025-02-10T15:11:13.870+0000] {processor.py:186} INFO - Started process (PID=1168) to work on /usr/local/lib/python3.9/dist-packages/airflow/example_dags/example_sensor_decorator.py
[2025-02-10T15:11:13.872+0000] {processor.py:914} INFO - Processing file /usr/local/lib/python3.9/dist-packages/airflow/example_dags/example_sensor_decorator.py for tasks to queue
[2025-02-10T15:11:13.876+0000] {logging_mixin.py:190} INFO - [2025-02-10T15:11:13.875+0000] {dagbag.py:588} INFO - Filling up the DagBag from /usr/local/lib/python3.9/dist-packages/airflow/example_dags/example_sensor_decorator.py
[2025-02-10T15:11:13.884+0000] {processor.py:925} INFO - DAG(s) 'example_sensor_decorator' retrieved from /usr/local/lib/python3.9/dist-packages/airflow/example_dags/example_sensor_decorator.py
[2025-02-10T15:11:13.915+0000] {logging_mixin.py:190} INFO - [2025-02-10T15:11:13.915+0000] {dag.py:3239} INFO - Sync 1 DAGs
[2025-02-10T15:11:13.931+0000] {logging_mixin.py:190} INFO - [2025-02-10T15:11:13.931+0000] {dag.py:4180} INFO - Setting next_dagrun for example_sensor_decorator to None, run_after=None
[2025-02-10T15:11:14.011+0000] {processor.py:208} INFO - Processing /usr/local/lib/python3.9/dist-packages/airflow/example_dags/example_sensor_decorator.py took 0.146 seconds
[2025-02-10T15:12:34.576+0000] {processor.py:186} INFO - Started process (PID=1234) to work on /usr/local/lib/python3.9/dist-packages/airflow/example_dags/example_sensor_decorator.py
[2025-02-10T15:12:34.577+0000] {processor.py:914} INFO - Processing file /usr/local/lib/python3.9/dist-packages/airflow/example_dags/example_sensor_decorator.py for tasks to queue
[2025-02-10T15:12:34.580+0000] {logging_mixin.py:190} INFO - [2025-02-10T15:12:34.579+0000] {dagbag.py:588} INFO - Filling up the DagBag from /usr/local/lib/python3.9/dist-packages/airflow/example_dags/example_sensor_decorator.py
[2025-02-10T15:12:34.587+0000] {processor.py:925} INFO - DAG(s) 'example_sensor_decorator' retrieved from /usr/local/lib/python3.9/dist-packages/airflow/example_dags/example_sensor_decorator.py
[2025-02-10T15:12:34.617+0000] {logging_mixin.py:190} INFO - [2025-02-10T15:12:34.617+0000] {dag.py:3239} INFO - Sync 1 DAGs
[2025-02-10T15:12:34.636+0000] {logging_mixin.py:190} INFO - [2025-02-10T15:12:34.636+0000] {dag.py:4180} INFO - Setting next_dagrun for example_sensor_decorator to None, run_after=None
[2025-02-10T15:12:34.714+0000] {processor.py:208} INFO - Processing /usr/local/lib/python3.9/dist-packages/airflow/example_dags/example_sensor_decorator.py took 0.144 seconds
[2025-02-10T15:13:49.931+0000] {processor.py:186} INFO - Started process (PID=1298) to work on /usr/local/lib/python3.9/dist-packages/airflow/example_dags/example_sensor_decorator.py
[2025-02-10T15:13:49.933+0000] {processor.py:914} INFO - Processing file /usr/local/lib/python3.9/dist-packages/airflow/example_dags/example_sensor_decorator.py for tasks to queue
[2025-02-10T15:13:49.937+0000] {logging_mixin.py:190} INFO - [2025-02-10T15:13:49.936+0000] {dagbag.py:588} INFO - Filling up the DagBag from /usr/local/lib/python3.9/dist-packages/airflow/example_dags/example_sensor_decorator.py
[2025-02-10T15:13:49.945+0000] {processor.py:925} INFO - DAG(s) 'example_sensor_decorator' retrieved from /usr/local/lib/python3.9/dist-packages/airflow/example_dags/example_sensor_decorator.py
[2025-02-10T15:13:49.975+0000] {logging_mixin.py:190} INFO - [2025-02-10T15:13:49.974+0000] {dag.py:3239} INFO - Sync 1 DAGs
[2025-02-10T15:13:49.990+0000] {logging_mixin.py:190} INFO - [2025-02-10T15:13:49.990+0000] {dag.py:4180} INFO - Setting next_dagrun for example_sensor_decorator to None, run_after=None
[2025-02-10T15:13:50.069+0000] {processor.py:208} INFO - Processing /usr/local/lib/python3.9/dist-packages/airflow/example_dags/example_sensor_decorator.py took 0.143 seconds
[2025-02-10T15:25:30.755+0000] {processor.py:186} INFO - Started process (PID=54) to work on /usr/local/lib/python3.9/dist-packages/airflow/example_dags/example_sensor_decorator.py
[2025-02-10T15:25:30.757+0000] {processor.py:914} INFO - Processing file /usr/local/lib/python3.9/dist-packages/airflow/example_dags/example_sensor_decorator.py for tasks to queue
[2025-02-10T15:25:30.760+0000] {logging_mixin.py:190} INFO - [2025-02-10T15:25:30.759+0000] {dagbag.py:588} INFO - Filling up the DagBag from /usr/local/lib/python3.9/dist-packages/airflow/example_dags/example_sensor_decorator.py
[2025-02-10T15:25:30.768+0000] {processor.py:925} INFO - DAG(s) 'example_sensor_decorator' retrieved from /usr/local/lib/python3.9/dist-packages/airflow/example_dags/example_sensor_decorator.py
[2025-02-10T15:25:30.806+0000] {logging_mixin.py:190} INFO - [2025-02-10T15:25:30.806+0000] {dag.py:3239} INFO - Sync 1 DAGs
[2025-02-10T15:25:30.827+0000] {logging_mixin.py:190} INFO - [2025-02-10T15:25:30.826+0000] {dag.py:4180} INFO - Setting next_dagrun for example_sensor_decorator to None, run_after=None
[2025-02-10T15:25:30.902+0000] {processor.py:208} INFO - Processing /usr/local/lib/python3.9/dist-packages/airflow/example_dags/example_sensor_decorator.py took 0.152 seconds
[2025-02-10T15:26:37.832+0000] {processor.py:186} INFO - Started process (PID=111) to work on /usr/local/lib/python3.9/dist-packages/airflow/example_dags/example_sensor_decorator.py
[2025-02-10T15:26:37.833+0000] {processor.py:914} INFO - Processing file /usr/local/lib/python3.9/dist-packages/airflow/example_dags/example_sensor_decorator.py for tasks to queue
[2025-02-10T15:26:37.836+0000] {logging_mixin.py:190} INFO - [2025-02-10T15:26:37.835+0000] {dagbag.py:588} INFO - Filling up the DagBag from /usr/local/lib/python3.9/dist-packages/airflow/example_dags/example_sensor_decorator.py
[2025-02-10T15:26:37.844+0000] {processor.py:925} INFO - DAG(s) 'example_sensor_decorator' retrieved from /usr/local/lib/python3.9/dist-packages/airflow/example_dags/example_sensor_decorator.py
[2025-02-10T15:26:37.874+0000] {logging_mixin.py:190} INFO - [2025-02-10T15:26:37.874+0000] {dag.py:3239} INFO - Sync 1 DAGs
[2025-02-10T15:26:37.893+0000] {logging_mixin.py:190} INFO - [2025-02-10T15:26:37.892+0000] {dag.py:4180} INFO - Setting next_dagrun for example_sensor_decorator to None, run_after=None
[2025-02-10T15:26:37.973+0000] {processor.py:208} INFO - Processing /usr/local/lib/python3.9/dist-packages/airflow/example_dags/example_sensor_decorator.py took 0.147 seconds
[2025-02-10T15:27:53.824+0000] {processor.py:186} INFO - Started process (PID=175) to work on /usr/local/lib/python3.9/dist-packages/airflow/example_dags/example_sensor_decorator.py
[2025-02-10T15:27:53.826+0000] {processor.py:914} INFO - Processing file /usr/local/lib/python3.9/dist-packages/airflow/example_dags/example_sensor_decorator.py for tasks to queue
[2025-02-10T15:27:53.829+0000] {logging_mixin.py:190} INFO - [2025-02-10T15:27:53.828+0000] {dagbag.py:588} INFO - Filling up the DagBag from /usr/local/lib/python3.9/dist-packages/airflow/example_dags/example_sensor_decorator.py
[2025-02-10T15:27:53.836+0000] {processor.py:925} INFO - DAG(s) 'example_sensor_decorator' retrieved from /usr/local/lib/python3.9/dist-packages/airflow/example_dags/example_sensor_decorator.py
[2025-02-10T15:27:53.866+0000] {logging_mixin.py:190} INFO - [2025-02-10T15:27:53.866+0000] {dag.py:3239} INFO - Sync 1 DAGs
[2025-02-10T15:27:53.884+0000] {logging_mixin.py:190} INFO - [2025-02-10T15:27:53.884+0000] {dag.py:4180} INFO - Setting next_dagrun for example_sensor_decorator to None, run_after=None
[2025-02-10T15:27:53.959+0000] {processor.py:208} INFO - Processing /usr/local/lib/python3.9/dist-packages/airflow/example_dags/example_sensor_decorator.py took 0.140 seconds
[2025-02-10T15:29:14.704+0000] {processor.py:186} INFO - Started process (PID=241) to work on /usr/local/lib/python3.9/dist-packages/airflow/example_dags/example_sensor_decorator.py
[2025-02-10T15:29:14.706+0000] {processor.py:914} INFO - Processing file /usr/local/lib/python3.9/dist-packages/airflow/example_dags/example_sensor_decorator.py for tasks to queue
[2025-02-10T15:29:14.708+0000] {logging_mixin.py:190} INFO - [2025-02-10T15:29:14.708+0000] {dagbag.py:588} INFO - Filling up the DagBag from /usr/local/lib/python3.9/dist-packages/airflow/example_dags/example_sensor_decorator.py
[2025-02-10T15:29:14.716+0000] {processor.py:925} INFO - DAG(s) 'example_sensor_decorator' retrieved from /usr/local/lib/python3.9/dist-packages/airflow/example_dags/example_sensor_decorator.py
[2025-02-10T15:29:14.745+0000] {logging_mixin.py:190} INFO - [2025-02-10T15:29:14.745+0000] {dag.py:3239} INFO - Sync 1 DAGs
[2025-02-10T15:29:14.762+0000] {logging_mixin.py:190} INFO - [2025-02-10T15:29:14.761+0000] {dag.py:4180} INFO - Setting next_dagrun for example_sensor_decorator to None, run_after=None
[2025-02-10T15:29:14.837+0000] {processor.py:208} INFO - Processing /usr/local/lib/python3.9/dist-packages/airflow/example_dags/example_sensor_decorator.py took 0.138 seconds
[2025-02-10T15:30:29.485+0000] {processor.py:186} INFO - Started process (PID=304) to work on /usr/local/lib/python3.9/dist-packages/airflow/example_dags/example_sensor_decorator.py
[2025-02-10T15:30:29.487+0000] {processor.py:914} INFO - Processing file /usr/local/lib/python3.9/dist-packages/airflow/example_dags/example_sensor_decorator.py for tasks to queue
[2025-02-10T15:30:29.489+0000] {logging_mixin.py:190} INFO - [2025-02-10T15:30:29.489+0000] {dagbag.py:588} INFO - Filling up the DagBag from /usr/local/lib/python3.9/dist-packages/airflow/example_dags/example_sensor_decorator.py
[2025-02-10T15:30:29.497+0000] {processor.py:925} INFO - DAG(s) 'example_sensor_decorator' retrieved from /usr/local/lib/python3.9/dist-packages/airflow/example_dags/example_sensor_decorator.py
[2025-02-10T15:30:29.528+0000] {logging_mixin.py:190} INFO - [2025-02-10T15:30:29.527+0000] {dag.py:3239} INFO - Sync 1 DAGs
[2025-02-10T15:30:29.545+0000] {logging_mixin.py:190} INFO - [2025-02-10T15:30:29.545+0000] {dag.py:4180} INFO - Setting next_dagrun for example_sensor_decorator to None, run_after=None
[2025-02-10T15:30:29.630+0000] {processor.py:208} INFO - Processing /usr/local/lib/python3.9/dist-packages/airflow/example_dags/example_sensor_decorator.py took 0.150 seconds
[2025-02-10T15:31:45.208+0000] {processor.py:186} INFO - Started process (PID=368) to work on /usr/local/lib/python3.9/dist-packages/airflow/example_dags/example_sensor_decorator.py
[2025-02-10T15:31:45.210+0000] {processor.py:914} INFO - Processing file /usr/local/lib/python3.9/dist-packages/airflow/example_dags/example_sensor_decorator.py for tasks to queue
[2025-02-10T15:31:45.212+0000] {logging_mixin.py:190} INFO - [2025-02-10T15:31:45.212+0000] {dagbag.py:588} INFO - Filling up the DagBag from /usr/local/lib/python3.9/dist-packages/airflow/example_dags/example_sensor_decorator.py
[2025-02-10T15:31:45.220+0000] {processor.py:925} INFO - DAG(s) 'example_sensor_decorator' retrieved from /usr/local/lib/python3.9/dist-packages/airflow/example_dags/example_sensor_decorator.py
[2025-02-10T15:31:45.250+0000] {logging_mixin.py:190} INFO - [2025-02-10T15:31:45.250+0000] {dag.py:3239} INFO - Sync 1 DAGs
[2025-02-10T15:31:45.268+0000] {logging_mixin.py:190} INFO - [2025-02-10T15:31:45.267+0000] {dag.py:4180} INFO - Setting next_dagrun for example_sensor_decorator to None, run_after=None
[2025-02-10T15:31:45.340+0000] {processor.py:208} INFO - Processing /usr/local/lib/python3.9/dist-packages/airflow/example_dags/example_sensor_decorator.py took 0.137 seconds
[2025-02-10T15:33:05.833+0000] {processor.py:186} INFO - Started process (PID=434) to work on /usr/local/lib/python3.9/dist-packages/airflow/example_dags/example_sensor_decorator.py
[2025-02-10T15:33:05.834+0000] {processor.py:914} INFO - Processing file /usr/local/lib/python3.9/dist-packages/airflow/example_dags/example_sensor_decorator.py for tasks to queue
[2025-02-10T15:33:05.837+0000] {logging_mixin.py:190} INFO - [2025-02-10T15:33:05.837+0000] {dagbag.py:588} INFO - Filling up the DagBag from /usr/local/lib/python3.9/dist-packages/airflow/example_dags/example_sensor_decorator.py
[2025-02-10T15:33:05.845+0000] {processor.py:925} INFO - DAG(s) 'example_sensor_decorator' retrieved from /usr/local/lib/python3.9/dist-packages/airflow/example_dags/example_sensor_decorator.py
[2025-02-10T15:33:05.874+0000] {logging_mixin.py:190} INFO - [2025-02-10T15:33:05.873+0000] {dag.py:3239} INFO - Sync 1 DAGs
[2025-02-10T15:33:05.891+0000] {logging_mixin.py:190} INFO - [2025-02-10T15:33:05.891+0000] {dag.py:4180} INFO - Setting next_dagrun for example_sensor_decorator to None, run_after=None
[2025-02-10T15:33:05.968+0000] {processor.py:208} INFO - Processing /usr/local/lib/python3.9/dist-packages/airflow/example_dags/example_sensor_decorator.py took 0.141 seconds
[2025-02-10T15:34:28.801+0000] {processor.py:186} INFO - Started process (PID=500) to work on /usr/local/lib/python3.9/dist-packages/airflow/example_dags/example_sensor_decorator.py
[2025-02-10T15:34:28.803+0000] {processor.py:914} INFO - Processing file /usr/local/lib/python3.9/dist-packages/airflow/example_dags/example_sensor_decorator.py for tasks to queue
[2025-02-10T15:34:28.805+0000] {logging_mixin.py:190} INFO - [2025-02-10T15:34:28.805+0000] {dagbag.py:588} INFO - Filling up the DagBag from /usr/local/lib/python3.9/dist-packages/airflow/example_dags/example_sensor_decorator.py
[2025-02-10T15:34:28.812+0000] {processor.py:925} INFO - DAG(s) 'example_sensor_decorator' retrieved from /usr/local/lib/python3.9/dist-packages/airflow/example_dags/example_sensor_decorator.py
[2025-02-10T15:34:28.842+0000] {logging_mixin.py:190} INFO - [2025-02-10T15:34:28.842+0000] {dag.py:3239} INFO - Sync 1 DAGs
[2025-02-10T15:34:28.858+0000] {logging_mixin.py:190} INFO - [2025-02-10T15:34:28.858+0000] {dag.py:4180} INFO - Setting next_dagrun for example_sensor_decorator to None, run_after=None
[2025-02-10T15:34:28.935+0000] {processor.py:208} INFO - Processing /usr/local/lib/python3.9/dist-packages/airflow/example_dags/example_sensor_decorator.py took 0.138 seconds
[2025-02-10T15:35:46.111+0000] {processor.py:186} INFO - Started process (PID=565) to work on /usr/local/lib/python3.9/dist-packages/airflow/example_dags/example_sensor_decorator.py
[2025-02-10T15:35:46.113+0000] {processor.py:914} INFO - Processing file /usr/local/lib/python3.9/dist-packages/airflow/example_dags/example_sensor_decorator.py for tasks to queue
[2025-02-10T15:35:46.115+0000] {logging_mixin.py:190} INFO - [2025-02-10T15:35:46.115+0000] {dagbag.py:588} INFO - Filling up the DagBag from /usr/local/lib/python3.9/dist-packages/airflow/example_dags/example_sensor_decorator.py
[2025-02-10T15:35:46.123+0000] {processor.py:925} INFO - DAG(s) 'example_sensor_decorator' retrieved from /usr/local/lib/python3.9/dist-packages/airflow/example_dags/example_sensor_decorator.py
[2025-02-10T15:35:46.153+0000] {logging_mixin.py:190} INFO - [2025-02-10T15:35:46.152+0000] {dag.py:3239} INFO - Sync 1 DAGs
[2025-02-10T15:35:46.170+0000] {logging_mixin.py:190} INFO - [2025-02-10T15:35:46.170+0000] {dag.py:4180} INFO - Setting next_dagrun for example_sensor_decorator to None, run_after=None
[2025-02-10T15:35:46.243+0000] {processor.py:208} INFO - Processing /usr/local/lib/python3.9/dist-packages/airflow/example_dags/example_sensor_decorator.py took 0.137 seconds
[2025-02-10T15:37:11.026+0000] {processor.py:186} INFO - Started process (PID=632) to work on /usr/local/lib/python3.9/dist-packages/airflow/example_dags/example_sensor_decorator.py
[2025-02-10T15:37:11.028+0000] {processor.py:914} INFO - Processing file /usr/local/lib/python3.9/dist-packages/airflow/example_dags/example_sensor_decorator.py for tasks to queue
[2025-02-10T15:37:11.031+0000] {logging_mixin.py:190} INFO - [2025-02-10T15:37:11.030+0000] {dagbag.py:588} INFO - Filling up the DagBag from /usr/local/lib/python3.9/dist-packages/airflow/example_dags/example_sensor_decorator.py
[2025-02-10T15:37:11.038+0000] {processor.py:925} INFO - DAG(s) 'example_sensor_decorator' retrieved from /usr/local/lib/python3.9/dist-packages/airflow/example_dags/example_sensor_decorator.py
[2025-02-10T15:37:11.067+0000] {logging_mixin.py:190} INFO - [2025-02-10T15:37:11.067+0000] {dag.py:3239} INFO - Sync 1 DAGs
[2025-02-10T15:37:11.086+0000] {logging_mixin.py:190} INFO - [2025-02-10T15:37:11.085+0000] {dag.py:4180} INFO - Setting next_dagrun for example_sensor_decorator to None, run_after=None
[2025-02-10T15:37:11.174+0000] {processor.py:208} INFO - Processing /usr/local/lib/python3.9/dist-packages/airflow/example_dags/example_sensor_decorator.py took 0.153 seconds
[2025-02-10T15:38:32.519+0000] {processor.py:186} INFO - Started process (PID=698) to work on /usr/local/lib/python3.9/dist-packages/airflow/example_dags/example_sensor_decorator.py
[2025-02-10T15:38:32.521+0000] {processor.py:914} INFO - Processing file /usr/local/lib/python3.9/dist-packages/airflow/example_dags/example_sensor_decorator.py for tasks to queue
[2025-02-10T15:38:32.523+0000] {logging_mixin.py:190} INFO - [2025-02-10T15:38:32.523+0000] {dagbag.py:588} INFO - Filling up the DagBag from /usr/local/lib/python3.9/dist-packages/airflow/example_dags/example_sensor_decorator.py
[2025-02-10T15:38:32.531+0000] {processor.py:925} INFO - DAG(s) 'example_sensor_decorator' retrieved from /usr/local/lib/python3.9/dist-packages/airflow/example_dags/example_sensor_decorator.py
[2025-02-10T15:38:32.561+0000] {logging_mixin.py:190} INFO - [2025-02-10T15:38:32.561+0000] {dag.py:3239} INFO - Sync 1 DAGs
[2025-02-10T15:38:32.580+0000] {logging_mixin.py:190} INFO - [2025-02-10T15:38:32.579+0000] {dag.py:4180} INFO - Setting next_dagrun for example_sensor_decorator to None, run_after=None
[2025-02-10T15:38:32.659+0000] {processor.py:208} INFO - Processing /usr/local/lib/python3.9/dist-packages/airflow/example_dags/example_sensor_decorator.py took 0.145 seconds
[2025-02-10T15:39:54.091+0000] {processor.py:186} INFO - Started process (PID=765) to work on /usr/local/lib/python3.9/dist-packages/airflow/example_dags/example_sensor_decorator.py
[2025-02-10T15:39:54.093+0000] {processor.py:914} INFO - Processing file /usr/local/lib/python3.9/dist-packages/airflow/example_dags/example_sensor_decorator.py for tasks to queue
[2025-02-10T15:39:54.095+0000] {logging_mixin.py:190} INFO - [2025-02-10T15:39:54.095+0000] {dagbag.py:588} INFO - Filling up the DagBag from /usr/local/lib/python3.9/dist-packages/airflow/example_dags/example_sensor_decorator.py
[2025-02-10T15:39:54.103+0000] {processor.py:925} INFO - DAG(s) 'example_sensor_decorator' retrieved from /usr/local/lib/python3.9/dist-packages/airflow/example_dags/example_sensor_decorator.py
[2025-02-10T15:39:54.132+0000] {logging_mixin.py:190} INFO - [2025-02-10T15:39:54.131+0000] {dag.py:3239} INFO - Sync 1 DAGs
[2025-02-10T15:39:54.149+0000] {logging_mixin.py:190} INFO - [2025-02-10T15:39:54.149+0000] {dag.py:4180} INFO - Setting next_dagrun for example_sensor_decorator to None, run_after=None
[2025-02-10T15:39:54.229+0000] {processor.py:208} INFO - Processing /usr/local/lib/python3.9/dist-packages/airflow/example_dags/example_sensor_decorator.py took 0.143 seconds
[2025-02-10T15:41:11.427+0000] {processor.py:186} INFO - Started process (PID=829) to work on /usr/local/lib/python3.9/dist-packages/airflow/example_dags/example_sensor_decorator.py
[2025-02-10T15:41:11.429+0000] {processor.py:914} INFO - Processing file /usr/local/lib/python3.9/dist-packages/airflow/example_dags/example_sensor_decorator.py for tasks to queue
[2025-02-10T15:41:11.431+0000] {logging_mixin.py:190} INFO - [2025-02-10T15:41:11.431+0000] {dagbag.py:588} INFO - Filling up the DagBag from /usr/local/lib/python3.9/dist-packages/airflow/example_dags/example_sensor_decorator.py
[2025-02-10T15:41:11.441+0000] {processor.py:925} INFO - DAG(s) 'example_sensor_decorator' retrieved from /usr/local/lib/python3.9/dist-packages/airflow/example_dags/example_sensor_decorator.py
[2025-02-10T15:41:11.471+0000] {logging_mixin.py:190} INFO - [2025-02-10T15:41:11.471+0000] {dag.py:3239} INFO - Sync 1 DAGs
[2025-02-10T15:41:11.489+0000] {logging_mixin.py:190} INFO - [2025-02-10T15:41:11.488+0000] {dag.py:4180} INFO - Setting next_dagrun for example_sensor_decorator to None, run_after=None
[2025-02-10T15:41:11.565+0000] {processor.py:208} INFO - Processing /usr/local/lib/python3.9/dist-packages/airflow/example_dags/example_sensor_decorator.py took 0.143 seconds
[2025-02-10T15:42:31.612+0000] {processor.py:186} INFO - Started process (PID=895) to work on /usr/local/lib/python3.9/dist-packages/airflow/example_dags/example_sensor_decorator.py
[2025-02-10T15:42:31.614+0000] {processor.py:914} INFO - Processing file /usr/local/lib/python3.9/dist-packages/airflow/example_dags/example_sensor_decorator.py for tasks to queue
[2025-02-10T15:42:31.617+0000] {logging_mixin.py:190} INFO - [2025-02-10T15:42:31.617+0000] {dagbag.py:588} INFO - Filling up the DagBag from /usr/local/lib/python3.9/dist-packages/airflow/example_dags/example_sensor_decorator.py
[2025-02-10T15:42:31.625+0000] {processor.py:925} INFO - DAG(s) 'example_sensor_decorator' retrieved from /usr/local/lib/python3.9/dist-packages/airflow/example_dags/example_sensor_decorator.py
[2025-02-10T15:42:31.653+0000] {logging_mixin.py:190} INFO - [2025-02-10T15:42:31.653+0000] {dag.py:3239} INFO - Sync 1 DAGs
[2025-02-10T15:42:31.669+0000] {logging_mixin.py:190} INFO - [2025-02-10T15:42:31.669+0000] {dag.py:4180} INFO - Setting next_dagrun for example_sensor_decorator to None, run_after=None
[2025-02-10T15:42:31.745+0000] {processor.py:208} INFO - Processing /usr/local/lib/python3.9/dist-packages/airflow/example_dags/example_sensor_decorator.py took 0.138 seconds
[2025-02-10T15:43:53.979+0000] {processor.py:186} INFO - Started process (PID=962) to work on /usr/local/lib/python3.9/dist-packages/airflow/example_dags/example_sensor_decorator.py
[2025-02-10T15:43:53.981+0000] {processor.py:914} INFO - Processing file /usr/local/lib/python3.9/dist-packages/airflow/example_dags/example_sensor_decorator.py for tasks to queue
[2025-02-10T15:43:53.984+0000] {logging_mixin.py:190} INFO - [2025-02-10T15:43:53.984+0000] {dagbag.py:588} INFO - Filling up the DagBag from /usr/local/lib/python3.9/dist-packages/airflow/example_dags/example_sensor_decorator.py
[2025-02-10T15:43:53.992+0000] {processor.py:925} INFO - DAG(s) 'example_sensor_decorator' retrieved from /usr/local/lib/python3.9/dist-packages/airflow/example_dags/example_sensor_decorator.py
[2025-02-10T15:43:54.022+0000] {logging_mixin.py:190} INFO - [2025-02-10T15:43:54.021+0000] {dag.py:3239} INFO - Sync 1 DAGs
[2025-02-10T15:43:54.040+0000] {logging_mixin.py:190} INFO - [2025-02-10T15:43:54.040+0000] {dag.py:4180} INFO - Setting next_dagrun for example_sensor_decorator to None, run_after=None
[2025-02-10T15:43:54.110+0000] {processor.py:208} INFO - Processing /usr/local/lib/python3.9/dist-packages/airflow/example_dags/example_sensor_decorator.py took 0.137 seconds
[2025-02-10T15:45:18.541+0000] {processor.py:186} INFO - Started process (PID=1029) to work on /usr/local/lib/python3.9/dist-packages/airflow/example_dags/example_sensor_decorator.py
[2025-02-10T15:45:18.542+0000] {processor.py:914} INFO - Processing file /usr/local/lib/python3.9/dist-packages/airflow/example_dags/example_sensor_decorator.py for tasks to queue
[2025-02-10T15:45:18.545+0000] {logging_mixin.py:190} INFO - [2025-02-10T15:45:18.545+0000] {dagbag.py:588} INFO - Filling up the DagBag from /usr/local/lib/python3.9/dist-packages/airflow/example_dags/example_sensor_decorator.py
[2025-02-10T15:45:18.553+0000] {processor.py:925} INFO - DAG(s) 'example_sensor_decorator' retrieved from /usr/local/lib/python3.9/dist-packages/airflow/example_dags/example_sensor_decorator.py
[2025-02-10T15:45:18.583+0000] {logging_mixin.py:190} INFO - [2025-02-10T15:45:18.582+0000] {dag.py:3239} INFO - Sync 1 DAGs
[2025-02-10T15:45:18.600+0000] {logging_mixin.py:190} INFO - [2025-02-10T15:45:18.600+0000] {dag.py:4180} INFO - Setting next_dagrun for example_sensor_decorator to None, run_after=None
[2025-02-10T15:45:18.672+0000] {processor.py:208} INFO - Processing /usr/local/lib/python3.9/dist-packages/airflow/example_dags/example_sensor_decorator.py took 0.137 seconds
[2025-02-10T15:46:37.371+0000] {processor.py:186} INFO - Started process (PID=1094) to work on /usr/local/lib/python3.9/dist-packages/airflow/example_dags/example_sensor_decorator.py
[2025-02-10T15:46:37.373+0000] {processor.py:914} INFO - Processing file /usr/local/lib/python3.9/dist-packages/airflow/example_dags/example_sensor_decorator.py for tasks to queue
[2025-02-10T15:46:37.375+0000] {logging_mixin.py:190} INFO - [2025-02-10T15:46:37.375+0000] {dagbag.py:588} INFO - Filling up the DagBag from /usr/local/lib/python3.9/dist-packages/airflow/example_dags/example_sensor_decorator.py
[2025-02-10T15:46:37.383+0000] {processor.py:925} INFO - DAG(s) 'example_sensor_decorator' retrieved from /usr/local/lib/python3.9/dist-packages/airflow/example_dags/example_sensor_decorator.py
[2025-02-10T15:46:37.414+0000] {logging_mixin.py:190} INFO - [2025-02-10T15:46:37.413+0000] {dag.py:3239} INFO - Sync 1 DAGs
[2025-02-10T15:46:37.431+0000] {logging_mixin.py:190} INFO - [2025-02-10T15:46:37.431+0000] {dag.py:4180} INFO - Setting next_dagrun for example_sensor_decorator to None, run_after=None
[2025-02-10T15:46:37.513+0000] {processor.py:208} INFO - Processing /usr/local/lib/python3.9/dist-packages/airflow/example_dags/example_sensor_decorator.py took 0.148 seconds
[2025-02-10T15:47:54.801+0000] {processor.py:186} INFO - Started process (PID=1159) to work on /usr/local/lib/python3.9/dist-packages/airflow/example_dags/example_sensor_decorator.py
[2025-02-10T15:47:54.803+0000] {processor.py:914} INFO - Processing file /usr/local/lib/python3.9/dist-packages/airflow/example_dags/example_sensor_decorator.py for tasks to queue
[2025-02-10T15:47:54.805+0000] {logging_mixin.py:190} INFO - [2025-02-10T15:47:54.805+0000] {dagbag.py:588} INFO - Filling up the DagBag from /usr/local/lib/python3.9/dist-packages/airflow/example_dags/example_sensor_decorator.py
[2025-02-10T15:47:54.813+0000] {processor.py:925} INFO - DAG(s) 'example_sensor_decorator' retrieved from /usr/local/lib/python3.9/dist-packages/airflow/example_dags/example_sensor_decorator.py
[2025-02-10T15:47:54.843+0000] {logging_mixin.py:190} INFO - [2025-02-10T15:47:54.843+0000] {dag.py:3239} INFO - Sync 1 DAGs
[2025-02-10T15:47:54.860+0000] {logging_mixin.py:190} INFO - [2025-02-10T15:47:54.860+0000] {dag.py:4180} INFO - Setting next_dagrun for example_sensor_decorator to None, run_after=None
[2025-02-10T15:47:54.937+0000] {processor.py:208} INFO - Processing /usr/local/lib/python3.9/dist-packages/airflow/example_dags/example_sensor_decorator.py took 0.141 seconds
[2025-02-10T15:49:08.018+0000] {processor.py:186} INFO - Started process (PID=1223) to work on /usr/local/lib/python3.9/dist-packages/airflow/example_dags/example_sensor_decorator.py
[2025-02-10T15:49:08.020+0000] {processor.py:914} INFO - Processing file /usr/local/lib/python3.9/dist-packages/airflow/example_dags/example_sensor_decorator.py for tasks to queue
[2025-02-10T15:49:08.022+0000] {logging_mixin.py:190} INFO - [2025-02-10T15:49:08.022+0000] {dagbag.py:588} INFO - Filling up the DagBag from /usr/local/lib/python3.9/dist-packages/airflow/example_dags/example_sensor_decorator.py
[2025-02-10T15:49:08.031+0000] {processor.py:925} INFO - DAG(s) 'example_sensor_decorator' retrieved from /usr/local/lib/python3.9/dist-packages/airflow/example_dags/example_sensor_decorator.py
[2025-02-10T15:49:08.062+0000] {logging_mixin.py:190} INFO - [2025-02-10T15:49:08.062+0000] {dag.py:3239} INFO - Sync 1 DAGs
[2025-02-10T15:49:08.081+0000] {logging_mixin.py:190} INFO - [2025-02-10T15:49:08.081+0000] {dag.py:4180} INFO - Setting next_dagrun for example_sensor_decorator to None, run_after=None
[2025-02-10T15:49:08.153+0000] {processor.py:208} INFO - Processing /usr/local/lib/python3.9/dist-packages/airflow/example_dags/example_sensor_decorator.py took 0.140 seconds
[2025-02-10T15:50:21.352+0000] {processor.py:186} INFO - Started process (PID=1285) to work on /usr/local/lib/python3.9/dist-packages/airflow/example_dags/example_sensor_decorator.py
[2025-02-10T15:50:21.354+0000] {processor.py:914} INFO - Processing file /usr/local/lib/python3.9/dist-packages/airflow/example_dags/example_sensor_decorator.py for tasks to queue
[2025-02-10T15:50:21.356+0000] {logging_mixin.py:190} INFO - [2025-02-10T15:50:21.356+0000] {dagbag.py:588} INFO - Filling up the DagBag from /usr/local/lib/python3.9/dist-packages/airflow/example_dags/example_sensor_decorator.py
[2025-02-10T15:50:21.364+0000] {processor.py:925} INFO - DAG(s) 'example_sensor_decorator' retrieved from /usr/local/lib/python3.9/dist-packages/airflow/example_dags/example_sensor_decorator.py
[2025-02-10T15:50:21.393+0000] {logging_mixin.py:190} INFO - [2025-02-10T15:50:21.392+0000] {dag.py:3239} INFO - Sync 1 DAGs
[2025-02-10T15:50:21.410+0000] {logging_mixin.py:190} INFO - [2025-02-10T15:50:21.409+0000] {dag.py:4180} INFO - Setting next_dagrun for example_sensor_decorator to None, run_after=None
[2025-02-10T15:50:21.484+0000] {processor.py:208} INFO - Processing /usr/local/lib/python3.9/dist-packages/airflow/example_dags/example_sensor_decorator.py took 0.137 seconds
[2025-02-10T15:51:39.041+0000] {processor.py:186} INFO - Started process (PID=1349) to work on /usr/local/lib/python3.9/dist-packages/airflow/example_dags/example_sensor_decorator.py
[2025-02-10T15:51:39.042+0000] {processor.py:914} INFO - Processing file /usr/local/lib/python3.9/dist-packages/airflow/example_dags/example_sensor_decorator.py for tasks to queue
[2025-02-10T15:51:39.045+0000] {logging_mixin.py:190} INFO - [2025-02-10T15:51:39.044+0000] {dagbag.py:588} INFO - Filling up the DagBag from /usr/local/lib/python3.9/dist-packages/airflow/example_dags/example_sensor_decorator.py
[2025-02-10T15:51:39.055+0000] {processor.py:925} INFO - DAG(s) 'example_sensor_decorator' retrieved from /usr/local/lib/python3.9/dist-packages/airflow/example_dags/example_sensor_decorator.py
[2025-02-10T15:51:39.084+0000] {logging_mixin.py:190} INFO - [2025-02-10T15:51:39.083+0000] {dag.py:3239} INFO - Sync 1 DAGs
[2025-02-10T15:51:39.104+0000] {logging_mixin.py:190} INFO - [2025-02-10T15:51:39.104+0000] {dag.py:4180} INFO - Setting next_dagrun for example_sensor_decorator to None, run_after=None
[2025-02-10T15:51:39.180+0000] {processor.py:208} INFO - Processing /usr/local/lib/python3.9/dist-packages/airflow/example_dags/example_sensor_decorator.py took 0.144 seconds
[2025-02-10T15:52:53.769+0000] {processor.py:186} INFO - Started process (PID=1412) to work on /usr/local/lib/python3.9/dist-packages/airflow/example_dags/example_sensor_decorator.py
[2025-02-10T15:52:53.771+0000] {processor.py:914} INFO - Processing file /usr/local/lib/python3.9/dist-packages/airflow/example_dags/example_sensor_decorator.py for tasks to queue
[2025-02-10T15:52:53.774+0000] {logging_mixin.py:190} INFO - [2025-02-10T15:52:53.774+0000] {dagbag.py:588} INFO - Filling up the DagBag from /usr/local/lib/python3.9/dist-packages/airflow/example_dags/example_sensor_decorator.py
[2025-02-10T15:52:53.782+0000] {processor.py:925} INFO - DAG(s) 'example_sensor_decorator' retrieved from /usr/local/lib/python3.9/dist-packages/airflow/example_dags/example_sensor_decorator.py
[2025-02-10T15:52:53.811+0000] {logging_mixin.py:190} INFO - [2025-02-10T15:52:53.810+0000] {dag.py:3239} INFO - Sync 1 DAGs
[2025-02-10T15:52:53.827+0000] {logging_mixin.py:190} INFO - [2025-02-10T15:52:53.827+0000] {dag.py:4180} INFO - Setting next_dagrun for example_sensor_decorator to None, run_after=None
[2025-02-10T15:52:53.905+0000] {processor.py:208} INFO - Processing /usr/local/lib/python3.9/dist-packages/airflow/example_dags/example_sensor_decorator.py took 0.141 seconds
[2025-02-10T15:54:12.764+0000] {processor.py:186} INFO - Started process (PID=1477) to work on /usr/local/lib/python3.9/dist-packages/airflow/example_dags/example_sensor_decorator.py
[2025-02-10T15:54:12.765+0000] {processor.py:914} INFO - Processing file /usr/local/lib/python3.9/dist-packages/airflow/example_dags/example_sensor_decorator.py for tasks to queue
[2025-02-10T15:54:12.768+0000] {logging_mixin.py:190} INFO - [2025-02-10T15:54:12.768+0000] {dagbag.py:588} INFO - Filling up the DagBag from /usr/local/lib/python3.9/dist-packages/airflow/example_dags/example_sensor_decorator.py
[2025-02-10T15:54:12.778+0000] {processor.py:925} INFO - DAG(s) 'example_sensor_decorator' retrieved from /usr/local/lib/python3.9/dist-packages/airflow/example_dags/example_sensor_decorator.py
[2025-02-10T15:54:12.807+0000] {logging_mixin.py:190} INFO - [2025-02-10T15:54:12.806+0000] {dag.py:3239} INFO - Sync 1 DAGs
[2025-02-10T15:54:12.824+0000] {logging_mixin.py:190} INFO - [2025-02-10T15:54:12.824+0000] {dag.py:4180} INFO - Setting next_dagrun for example_sensor_decorator to None, run_after=None
[2025-02-10T15:54:12.903+0000] {processor.py:208} INFO - Processing /usr/local/lib/python3.9/dist-packages/airflow/example_dags/example_sensor_decorator.py took 0.145 seconds
[2025-02-10T15:55:32.154+0000] {processor.py:186} INFO - Started process (PID=1542) to work on /usr/local/lib/python3.9/dist-packages/airflow/example_dags/example_sensor_decorator.py
[2025-02-10T15:55:32.155+0000] {processor.py:914} INFO - Processing file /usr/local/lib/python3.9/dist-packages/airflow/example_dags/example_sensor_decorator.py for tasks to queue
[2025-02-10T15:55:32.158+0000] {logging_mixin.py:190} INFO - [2025-02-10T15:55:32.158+0000] {dagbag.py:588} INFO - Filling up the DagBag from /usr/local/lib/python3.9/dist-packages/airflow/example_dags/example_sensor_decorator.py
[2025-02-10T15:55:32.167+0000] {processor.py:925} INFO - DAG(s) 'example_sensor_decorator' retrieved from /usr/local/lib/python3.9/dist-packages/airflow/example_dags/example_sensor_decorator.py
[2025-02-10T15:55:32.196+0000] {logging_mixin.py:190} INFO - [2025-02-10T15:55:32.196+0000] {dag.py:3239} INFO - Sync 1 DAGs
[2025-02-10T15:55:32.214+0000] {logging_mixin.py:190} INFO - [2025-02-10T15:55:32.213+0000] {dag.py:4180} INFO - Setting next_dagrun for example_sensor_decorator to None, run_after=None
[2025-02-10T15:55:32.295+0000] {processor.py:208} INFO - Processing /usr/local/lib/python3.9/dist-packages/airflow/example_dags/example_sensor_decorator.py took 0.147 seconds
[2025-02-10T15:56:53.483+0000] {processor.py:186} INFO - Started process (PID=1608) to work on /usr/local/lib/python3.9/dist-packages/airflow/example_dags/example_sensor_decorator.py
[2025-02-10T15:56:53.484+0000] {processor.py:914} INFO - Processing file /usr/local/lib/python3.9/dist-packages/airflow/example_dags/example_sensor_decorator.py for tasks to queue
[2025-02-10T15:56:53.487+0000] {logging_mixin.py:190} INFO - [2025-02-10T15:56:53.487+0000] {dagbag.py:588} INFO - Filling up the DagBag from /usr/local/lib/python3.9/dist-packages/airflow/example_dags/example_sensor_decorator.py
[2025-02-10T15:56:53.495+0000] {processor.py:925} INFO - DAG(s) 'example_sensor_decorator' retrieved from /usr/local/lib/python3.9/dist-packages/airflow/example_dags/example_sensor_decorator.py
[2025-02-10T15:56:53.524+0000] {logging_mixin.py:190} INFO - [2025-02-10T15:56:53.523+0000] {dag.py:3239} INFO - Sync 1 DAGs
[2025-02-10T15:56:53.541+0000] {logging_mixin.py:190} INFO - [2025-02-10T15:56:53.541+0000] {dag.py:4180} INFO - Setting next_dagrun for example_sensor_decorator to None, run_after=None
[2025-02-10T15:56:53.619+0000] {processor.py:208} INFO - Processing /usr/local/lib/python3.9/dist-packages/airflow/example_dags/example_sensor_decorator.py took 0.141 seconds
[2025-02-10T15:58:09.508+0000] {processor.py:186} INFO - Started process (PID=1672) to work on /usr/local/lib/python3.9/dist-packages/airflow/example_dags/example_sensor_decorator.py
[2025-02-10T15:58:09.509+0000] {processor.py:914} INFO - Processing file /usr/local/lib/python3.9/dist-packages/airflow/example_dags/example_sensor_decorator.py for tasks to queue
[2025-02-10T15:58:09.513+0000] {logging_mixin.py:190} INFO - [2025-02-10T15:58:09.512+0000] {dagbag.py:588} INFO - Filling up the DagBag from /usr/local/lib/python3.9/dist-packages/airflow/example_dags/example_sensor_decorator.py
[2025-02-10T15:58:09.521+0000] {processor.py:925} INFO - DAG(s) 'example_sensor_decorator' retrieved from /usr/local/lib/python3.9/dist-packages/airflow/example_dags/example_sensor_decorator.py
[2025-02-10T15:58:09.551+0000] {logging_mixin.py:190} INFO - [2025-02-10T15:58:09.551+0000] {dag.py:3239} INFO - Sync 1 DAGs
[2025-02-10T15:58:09.569+0000] {logging_mixin.py:190} INFO - [2025-02-10T15:58:09.568+0000] {dag.py:4180} INFO - Setting next_dagrun for example_sensor_decorator to None, run_after=None
[2025-02-10T15:58:09.643+0000] {processor.py:208} INFO - Processing /usr/local/lib/python3.9/dist-packages/airflow/example_dags/example_sensor_decorator.py took 0.141 seconds
[2025-02-10T15:59:28.588+0000] {processor.py:186} INFO - Started process (PID=1738) to work on /usr/local/lib/python3.9/dist-packages/airflow/example_dags/example_sensor_decorator.py
[2025-02-10T15:59:28.589+0000] {processor.py:914} INFO - Processing file /usr/local/lib/python3.9/dist-packages/airflow/example_dags/example_sensor_decorator.py for tasks to queue
[2025-02-10T15:59:28.594+0000] {logging_mixin.py:190} INFO - [2025-02-10T15:59:28.593+0000] {dagbag.py:588} INFO - Filling up the DagBag from /usr/local/lib/python3.9/dist-packages/airflow/example_dags/example_sensor_decorator.py
[2025-02-10T15:59:28.606+0000] {processor.py:925} INFO - DAG(s) 'example_sensor_decorator' retrieved from /usr/local/lib/python3.9/dist-packages/airflow/example_dags/example_sensor_decorator.py
[2025-02-10T15:59:28.651+0000] {logging_mixin.py:190} INFO - [2025-02-10T15:59:28.650+0000] {dag.py:3239} INFO - Sync 1 DAGs
[2025-02-10T15:59:28.683+0000] {logging_mixin.py:190} INFO - [2025-02-10T15:59:28.682+0000] {dag.py:4180} INFO - Setting next_dagrun for example_sensor_decorator to None, run_after=None
[2025-02-10T15:59:28.813+0000] {processor.py:208} INFO - Processing /usr/local/lib/python3.9/dist-packages/airflow/example_dags/example_sensor_decorator.py took 0.234 seconds
[2025-02-10T16:00:47.467+0000] {processor.py:186} INFO - Started process (PID=1803) to work on /usr/local/lib/python3.9/dist-packages/airflow/example_dags/example_sensor_decorator.py
[2025-02-10T16:00:47.468+0000] {processor.py:914} INFO - Processing file /usr/local/lib/python3.9/dist-packages/airflow/example_dags/example_sensor_decorator.py for tasks to queue
[2025-02-10T16:00:47.471+0000] {logging_mixin.py:190} INFO - [2025-02-10T16:00:47.471+0000] {dagbag.py:588} INFO - Filling up the DagBag from /usr/local/lib/python3.9/dist-packages/airflow/example_dags/example_sensor_decorator.py
[2025-02-10T16:00:47.479+0000] {processor.py:925} INFO - DAG(s) 'example_sensor_decorator' retrieved from /usr/local/lib/python3.9/dist-packages/airflow/example_dags/example_sensor_decorator.py
[2025-02-10T16:00:47.509+0000] {logging_mixin.py:190} INFO - [2025-02-10T16:00:47.509+0000] {dag.py:3239} INFO - Sync 1 DAGs
[2025-02-10T16:00:47.527+0000] {logging_mixin.py:190} INFO - [2025-02-10T16:00:47.526+0000] {dag.py:4180} INFO - Setting next_dagrun for example_sensor_decorator to None, run_after=None
[2025-02-10T16:00:47.604+0000] {processor.py:208} INFO - Processing /usr/local/lib/python3.9/dist-packages/airflow/example_dags/example_sensor_decorator.py took 0.143 seconds
[2025-02-10T16:03:45.505+0000] {processor.py:186} INFO - Started process (PID=54) to work on /usr/local/lib/python3.9/dist-packages/airflow/example_dags/example_sensor_decorator.py
[2025-02-10T16:03:45.507+0000] {processor.py:914} INFO - Processing file /usr/local/lib/python3.9/dist-packages/airflow/example_dags/example_sensor_decorator.py for tasks to queue
[2025-02-10T16:03:45.509+0000] {logging_mixin.py:190} INFO - [2025-02-10T16:03:45.508+0000] {dagbag.py:588} INFO - Filling up the DagBag from /usr/local/lib/python3.9/dist-packages/airflow/example_dags/example_sensor_decorator.py
[2025-02-10T16:03:45.516+0000] {processor.py:925} INFO - DAG(s) 'example_sensor_decorator' retrieved from /usr/local/lib/python3.9/dist-packages/airflow/example_dags/example_sensor_decorator.py
[2025-02-10T16:03:45.548+0000] {logging_mixin.py:190} INFO - [2025-02-10T16:03:45.548+0000] {dag.py:3239} INFO - Sync 1 DAGs
[2025-02-10T16:03:45.566+0000] {logging_mixin.py:190} INFO - [2025-02-10T16:03:45.565+0000] {dag.py:4180} INFO - Setting next_dagrun for example_sensor_decorator to None, run_after=None
[2025-02-10T16:03:45.640+0000] {processor.py:208} INFO - Processing /usr/local/lib/python3.9/dist-packages/airflow/example_dags/example_sensor_decorator.py took 0.140 seconds
[2025-02-10T16:04:53.474+0000] {processor.py:186} INFO - Started process (PID=111) to work on /usr/local/lib/python3.9/dist-packages/airflow/example_dags/example_sensor_decorator.py
[2025-02-10T16:04:53.476+0000] {processor.py:914} INFO - Processing file /usr/local/lib/python3.9/dist-packages/airflow/example_dags/example_sensor_decorator.py for tasks to queue
[2025-02-10T16:04:53.479+0000] {logging_mixin.py:190} INFO - [2025-02-10T16:04:53.478+0000] {dagbag.py:588} INFO - Filling up the DagBag from /usr/local/lib/python3.9/dist-packages/airflow/example_dags/example_sensor_decorator.py
[2025-02-10T16:04:53.486+0000] {processor.py:925} INFO - DAG(s) 'example_sensor_decorator' retrieved from /usr/local/lib/python3.9/dist-packages/airflow/example_dags/example_sensor_decorator.py
[2025-02-10T16:04:53.516+0000] {logging_mixin.py:190} INFO - [2025-02-10T16:04:53.516+0000] {dag.py:3239} INFO - Sync 1 DAGs
[2025-02-10T16:04:53.536+0000] {logging_mixin.py:190} INFO - [2025-02-10T16:04:53.536+0000] {dag.py:4180} INFO - Setting next_dagrun for example_sensor_decorator to None, run_after=None
[2025-02-10T16:04:53.611+0000] {processor.py:208} INFO - Processing /usr/local/lib/python3.9/dist-packages/airflow/example_dags/example_sensor_decorator.py took 0.142 seconds
[2025-02-10T16:06:08.264+0000] {processor.py:186} INFO - Started process (PID=175) to work on /usr/local/lib/python3.9/dist-packages/airflow/example_dags/example_sensor_decorator.py
[2025-02-10T16:06:08.265+0000] {processor.py:914} INFO - Processing file /usr/local/lib/python3.9/dist-packages/airflow/example_dags/example_sensor_decorator.py for tasks to queue
[2025-02-10T16:06:08.267+0000] {logging_mixin.py:190} INFO - [2025-02-10T16:06:08.267+0000] {dagbag.py:588} INFO - Filling up the DagBag from /usr/local/lib/python3.9/dist-packages/airflow/example_dags/example_sensor_decorator.py
[2025-02-10T16:06:08.280+0000] {processor.py:925} INFO - DAG(s) 'example_sensor_decorator' retrieved from /usr/local/lib/python3.9/dist-packages/airflow/example_dags/example_sensor_decorator.py
[2025-02-10T16:06:08.315+0000] {logging_mixin.py:190} INFO - [2025-02-10T16:06:08.314+0000] {dag.py:3239} INFO - Sync 1 DAGs
[2025-02-10T16:06:08.333+0000] {logging_mixin.py:190} INFO - [2025-02-10T16:06:08.332+0000] {dag.py:4180} INFO - Setting next_dagrun for example_sensor_decorator to None, run_after=None
[2025-02-10T16:06:08.410+0000] {processor.py:208} INFO - Processing /usr/local/lib/python3.9/dist-packages/airflow/example_dags/example_sensor_decorator.py took 0.153 seconds
[2025-02-10T16:07:24.806+0000] {processor.py:186} INFO - Started process (PID=239) to work on /usr/local/lib/python3.9/dist-packages/airflow/example_dags/example_sensor_decorator.py
[2025-02-10T16:07:24.808+0000] {processor.py:914} INFO - Processing file /usr/local/lib/python3.9/dist-packages/airflow/example_dags/example_sensor_decorator.py for tasks to queue
[2025-02-10T16:07:24.811+0000] {logging_mixin.py:190} INFO - [2025-02-10T16:07:24.811+0000] {dagbag.py:588} INFO - Filling up the DagBag from /usr/local/lib/python3.9/dist-packages/airflow/example_dags/example_sensor_decorator.py
[2025-02-10T16:07:24.821+0000] {processor.py:925} INFO - DAG(s) 'example_sensor_decorator' retrieved from /usr/local/lib/python3.9/dist-packages/airflow/example_dags/example_sensor_decorator.py
[2025-02-10T16:07:24.852+0000] {logging_mixin.py:190} INFO - [2025-02-10T16:07:24.851+0000] {dag.py:3239} INFO - Sync 1 DAGs
[2025-02-10T16:07:24.870+0000] {logging_mixin.py:190} INFO - [2025-02-10T16:07:24.869+0000] {dag.py:4180} INFO - Setting next_dagrun for example_sensor_decorator to None, run_after=None
[2025-02-10T16:07:24.947+0000] {processor.py:208} INFO - Processing /usr/local/lib/python3.9/dist-packages/airflow/example_dags/example_sensor_decorator.py took 0.146 seconds
[2025-02-10T16:08:42.728+0000] {processor.py:186} INFO - Started process (PID=303) to work on /usr/local/lib/python3.9/dist-packages/airflow/example_dags/example_sensor_decorator.py
[2025-02-10T16:08:42.730+0000] {processor.py:914} INFO - Processing file /usr/local/lib/python3.9/dist-packages/airflow/example_dags/example_sensor_decorator.py for tasks to queue
[2025-02-10T16:08:42.733+0000] {logging_mixin.py:190} INFO - [2025-02-10T16:08:42.732+0000] {dagbag.py:588} INFO - Filling up the DagBag from /usr/local/lib/python3.9/dist-packages/airflow/example_dags/example_sensor_decorator.py
[2025-02-10T16:08:42.741+0000] {processor.py:925} INFO - DAG(s) 'example_sensor_decorator' retrieved from /usr/local/lib/python3.9/dist-packages/airflow/example_dags/example_sensor_decorator.py
[2025-02-10T16:08:42.771+0000] {logging_mixin.py:190} INFO - [2025-02-10T16:08:42.771+0000] {dag.py:3239} INFO - Sync 1 DAGs
[2025-02-10T16:08:42.789+0000] {logging_mixin.py:190} INFO - [2025-02-10T16:08:42.789+0000] {dag.py:4180} INFO - Setting next_dagrun for example_sensor_decorator to None, run_after=None
[2025-02-10T16:08:42.871+0000] {processor.py:208} INFO - Processing /usr/local/lib/python3.9/dist-packages/airflow/example_dags/example_sensor_decorator.py took 0.148 seconds
[2025-02-10T16:10:03.089+0000] {processor.py:186} INFO - Started process (PID=368) to work on /usr/local/lib/python3.9/dist-packages/airflow/example_dags/example_sensor_decorator.py
[2025-02-10T16:10:03.090+0000] {processor.py:914} INFO - Processing file /usr/local/lib/python3.9/dist-packages/airflow/example_dags/example_sensor_decorator.py for tasks to queue
[2025-02-10T16:10:03.093+0000] {logging_mixin.py:190} INFO - [2025-02-10T16:10:03.093+0000] {dagbag.py:588} INFO - Filling up the DagBag from /usr/local/lib/python3.9/dist-packages/airflow/example_dags/example_sensor_decorator.py
[2025-02-10T16:10:03.101+0000] {processor.py:925} INFO - DAG(s) 'example_sensor_decorator' retrieved from /usr/local/lib/python3.9/dist-packages/airflow/example_dags/example_sensor_decorator.py
[2025-02-10T16:10:03.132+0000] {logging_mixin.py:190} INFO - [2025-02-10T16:10:03.132+0000] {dag.py:3239} INFO - Sync 1 DAGs
[2025-02-10T16:10:03.149+0000] {logging_mixin.py:190} INFO - [2025-02-10T16:10:03.148+0000] {dag.py:4180} INFO - Setting next_dagrun for example_sensor_decorator to None, run_after=None
[2025-02-10T16:10:03.225+0000] {processor.py:208} INFO - Processing /usr/local/lib/python3.9/dist-packages/airflow/example_dags/example_sensor_decorator.py took 0.141 seconds
[2025-02-10T16:11:19.350+0000] {processor.py:186} INFO - Started process (PID=432) to work on /usr/local/lib/python3.9/dist-packages/airflow/example_dags/example_sensor_decorator.py
[2025-02-10T16:11:19.352+0000] {processor.py:914} INFO - Processing file /usr/local/lib/python3.9/dist-packages/airflow/example_dags/example_sensor_decorator.py for tasks to queue
[2025-02-10T16:11:19.355+0000] {logging_mixin.py:190} INFO - [2025-02-10T16:11:19.354+0000] {dagbag.py:588} INFO - Filling up the DagBag from /usr/local/lib/python3.9/dist-packages/airflow/example_dags/example_sensor_decorator.py
[2025-02-10T16:11:19.362+0000] {processor.py:925} INFO - DAG(s) 'example_sensor_decorator' retrieved from /usr/local/lib/python3.9/dist-packages/airflow/example_dags/example_sensor_decorator.py
[2025-02-10T16:11:19.391+0000] {logging_mixin.py:190} INFO - [2025-02-10T16:11:19.391+0000] {dag.py:3239} INFO - Sync 1 DAGs
[2025-02-10T16:11:19.409+0000] {logging_mixin.py:190} INFO - [2025-02-10T16:11:19.409+0000] {dag.py:4180} INFO - Setting next_dagrun for example_sensor_decorator to None, run_after=None
[2025-02-10T16:11:19.490+0000] {processor.py:208} INFO - Processing /usr/local/lib/python3.9/dist-packages/airflow/example_dags/example_sensor_decorator.py took 0.145 seconds
[2025-02-10T16:12:31.814+0000] {processor.py:186} INFO - Started process (PID=495) to work on /usr/local/lib/python3.9/dist-packages/airflow/example_dags/example_sensor_decorator.py
[2025-02-10T16:12:31.815+0000] {processor.py:914} INFO - Processing file /usr/local/lib/python3.9/dist-packages/airflow/example_dags/example_sensor_decorator.py for tasks to queue
[2025-02-10T16:12:31.818+0000] {logging_mixin.py:190} INFO - [2025-02-10T16:12:31.818+0000] {dagbag.py:588} INFO - Filling up the DagBag from /usr/local/lib/python3.9/dist-packages/airflow/example_dags/example_sensor_decorator.py
[2025-02-10T16:12:31.826+0000] {processor.py:925} INFO - DAG(s) 'example_sensor_decorator' retrieved from /usr/local/lib/python3.9/dist-packages/airflow/example_dags/example_sensor_decorator.py
[2025-02-10T16:12:31.856+0000] {logging_mixin.py:190} INFO - [2025-02-10T16:12:31.856+0000] {dag.py:3239} INFO - Sync 1 DAGs
[2025-02-10T16:12:31.873+0000] {logging_mixin.py:190} INFO - [2025-02-10T16:12:31.873+0000] {dag.py:4180} INFO - Setting next_dagrun for example_sensor_decorator to None, run_after=None
[2025-02-10T16:12:31.948+0000] {processor.py:208} INFO - Processing /usr/local/lib/python3.9/dist-packages/airflow/example_dags/example_sensor_decorator.py took 0.139 seconds
[2025-02-10T16:13:44.153+0000] {processor.py:186} INFO - Started process (PID=557) to work on /usr/local/lib/python3.9/dist-packages/airflow/example_dags/example_sensor_decorator.py
[2025-02-10T16:13:44.155+0000] {processor.py:914} INFO - Processing file /usr/local/lib/python3.9/dist-packages/airflow/example_dags/example_sensor_decorator.py for tasks to queue
[2025-02-10T16:13:44.157+0000] {logging_mixin.py:190} INFO - [2025-02-10T16:13:44.157+0000] {dagbag.py:588} INFO - Filling up the DagBag from /usr/local/lib/python3.9/dist-packages/airflow/example_dags/example_sensor_decorator.py
[2025-02-10T16:13:44.166+0000] {processor.py:925} INFO - DAG(s) 'example_sensor_decorator' retrieved from /usr/local/lib/python3.9/dist-packages/airflow/example_dags/example_sensor_decorator.py
[2025-02-10T16:13:44.197+0000] {logging_mixin.py:190} INFO - [2025-02-10T16:13:44.197+0000] {dag.py:3239} INFO - Sync 1 DAGs
[2025-02-10T16:13:44.215+0000] {logging_mixin.py:190} INFO - [2025-02-10T16:13:44.214+0000] {dag.py:4180} INFO - Setting next_dagrun for example_sensor_decorator to None, run_after=None
[2025-02-10T16:13:44.292+0000] {processor.py:208} INFO - Processing /usr/local/lib/python3.9/dist-packages/airflow/example_dags/example_sensor_decorator.py took 0.145 seconds
[2025-02-10T16:14:59.274+0000] {processor.py:186} INFO - Started process (PID=620) to work on /usr/local/lib/python3.9/dist-packages/airflow/example_dags/example_sensor_decorator.py
[2025-02-10T16:14:59.275+0000] {processor.py:914} INFO - Processing file /usr/local/lib/python3.9/dist-packages/airflow/example_dags/example_sensor_decorator.py for tasks to queue
[2025-02-10T16:14:59.278+0000] {logging_mixin.py:190} INFO - [2025-02-10T16:14:59.278+0000] {dagbag.py:588} INFO - Filling up the DagBag from /usr/local/lib/python3.9/dist-packages/airflow/example_dags/example_sensor_decorator.py
[2025-02-10T16:14:59.286+0000] {processor.py:925} INFO - DAG(s) 'example_sensor_decorator' retrieved from /usr/local/lib/python3.9/dist-packages/airflow/example_dags/example_sensor_decorator.py
[2025-02-10T16:14:59.315+0000] {logging_mixin.py:190} INFO - [2025-02-10T16:14:59.315+0000] {dag.py:3239} INFO - Sync 1 DAGs
[2025-02-10T16:14:59.332+0000] {logging_mixin.py:190} INFO - [2025-02-10T16:14:59.332+0000] {dag.py:4180} INFO - Setting next_dagrun for example_sensor_decorator to None, run_after=None
[2025-02-10T16:14:59.411+0000] {processor.py:208} INFO - Processing /usr/local/lib/python3.9/dist-packages/airflow/example_dags/example_sensor_decorator.py took 0.143 seconds
[2025-02-10T16:16:19.629+0000] {processor.py:186} INFO - Started process (PID=686) to work on /usr/local/lib/python3.9/dist-packages/airflow/example_dags/example_sensor_decorator.py
[2025-02-10T16:16:19.631+0000] {processor.py:914} INFO - Processing file /usr/local/lib/python3.9/dist-packages/airflow/example_dags/example_sensor_decorator.py for tasks to queue
[2025-02-10T16:16:19.634+0000] {logging_mixin.py:190} INFO - [2025-02-10T16:16:19.633+0000] {dagbag.py:588} INFO - Filling up the DagBag from /usr/local/lib/python3.9/dist-packages/airflow/example_dags/example_sensor_decorator.py
[2025-02-10T16:16:19.642+0000] {processor.py:925} INFO - DAG(s) 'example_sensor_decorator' retrieved from /usr/local/lib/python3.9/dist-packages/airflow/example_dags/example_sensor_decorator.py
[2025-02-10T16:16:19.674+0000] {logging_mixin.py:190} INFO - [2025-02-10T16:16:19.673+0000] {dag.py:3239} INFO - Sync 1 DAGs
[2025-02-10T16:16:19.691+0000] {logging_mixin.py:190} INFO - [2025-02-10T16:16:19.691+0000] {dag.py:4180} INFO - Setting next_dagrun for example_sensor_decorator to None, run_after=None
[2025-02-10T16:16:19.770+0000] {processor.py:208} INFO - Processing /usr/local/lib/python3.9/dist-packages/airflow/example_dags/example_sensor_decorator.py took 0.146 seconds
[2025-02-10T16:17:36.178+0000] {processor.py:186} INFO - Started process (PID=751) to work on /usr/local/lib/python3.9/dist-packages/airflow/example_dags/example_sensor_decorator.py
[2025-02-10T16:17:36.179+0000] {processor.py:914} INFO - Processing file /usr/local/lib/python3.9/dist-packages/airflow/example_dags/example_sensor_decorator.py for tasks to queue
[2025-02-10T16:17:36.182+0000] {logging_mixin.py:190} INFO - [2025-02-10T16:17:36.182+0000] {dagbag.py:588} INFO - Filling up the DagBag from /usr/local/lib/python3.9/dist-packages/airflow/example_dags/example_sensor_decorator.py
[2025-02-10T16:17:36.191+0000] {processor.py:925} INFO - DAG(s) 'example_sensor_decorator' retrieved from /usr/local/lib/python3.9/dist-packages/airflow/example_dags/example_sensor_decorator.py
[2025-02-10T16:17:36.220+0000] {logging_mixin.py:190} INFO - [2025-02-10T16:17:36.219+0000] {dag.py:3239} INFO - Sync 1 DAGs
[2025-02-10T16:17:36.237+0000] {logging_mixin.py:190} INFO - [2025-02-10T16:17:36.236+0000] {dag.py:4180} INFO - Setting next_dagrun for example_sensor_decorator to None, run_after=None
[2025-02-10T16:17:36.309+0000] {processor.py:208} INFO - Processing /usr/local/lib/python3.9/dist-packages/airflow/example_dags/example_sensor_decorator.py took 0.137 seconds
[2025-02-10T16:18:52.144+0000] {processor.py:186} INFO - Started process (PID=814) to work on /usr/local/lib/python3.9/dist-packages/airflow/example_dags/example_sensor_decorator.py
[2025-02-10T16:18:52.146+0000] {processor.py:914} INFO - Processing file /usr/local/lib/python3.9/dist-packages/airflow/example_dags/example_sensor_decorator.py for tasks to queue
[2025-02-10T16:18:52.149+0000] {logging_mixin.py:190} INFO - [2025-02-10T16:18:52.148+0000] {dagbag.py:588} INFO - Filling up the DagBag from /usr/local/lib/python3.9/dist-packages/airflow/example_dags/example_sensor_decorator.py
[2025-02-10T16:18:52.157+0000] {processor.py:925} INFO - DAG(s) 'example_sensor_decorator' retrieved from /usr/local/lib/python3.9/dist-packages/airflow/example_dags/example_sensor_decorator.py
[2025-02-10T16:18:52.187+0000] {logging_mixin.py:190} INFO - [2025-02-10T16:18:52.187+0000] {dag.py:3239} INFO - Sync 1 DAGs
[2025-02-10T16:18:52.205+0000] {logging_mixin.py:190} INFO - [2025-02-10T16:18:52.205+0000] {dag.py:4180} INFO - Setting next_dagrun for example_sensor_decorator to None, run_after=None
[2025-02-10T16:18:52.277+0000] {processor.py:208} INFO - Processing /usr/local/lib/python3.9/dist-packages/airflow/example_dags/example_sensor_decorator.py took 0.139 seconds
[2025-02-10T16:20:11.191+0000] {processor.py:186} INFO - Started process (PID=880) to work on /usr/local/lib/python3.9/dist-packages/airflow/example_dags/example_sensor_decorator.py
[2025-02-10T16:20:11.192+0000] {processor.py:914} INFO - Processing file /usr/local/lib/python3.9/dist-packages/airflow/example_dags/example_sensor_decorator.py for tasks to queue
[2025-02-10T16:20:11.195+0000] {logging_mixin.py:190} INFO - [2025-02-10T16:20:11.195+0000] {dagbag.py:588} INFO - Filling up the DagBag from /usr/local/lib/python3.9/dist-packages/airflow/example_dags/example_sensor_decorator.py
[2025-02-10T16:20:11.203+0000] {processor.py:925} INFO - DAG(s) 'example_sensor_decorator' retrieved from /usr/local/lib/python3.9/dist-packages/airflow/example_dags/example_sensor_decorator.py
[2025-02-10T16:20:11.233+0000] {logging_mixin.py:190} INFO - [2025-02-10T16:20:11.233+0000] {dag.py:3239} INFO - Sync 1 DAGs
[2025-02-10T16:20:11.252+0000] {logging_mixin.py:190} INFO - [2025-02-10T16:20:11.252+0000] {dag.py:4180} INFO - Setting next_dagrun for example_sensor_decorator to None, run_after=None
[2025-02-10T16:20:11.329+0000] {processor.py:208} INFO - Processing /usr/local/lib/python3.9/dist-packages/airflow/example_dags/example_sensor_decorator.py took 0.144 seconds
[2025-02-10T16:21:33.686+0000] {processor.py:186} INFO - Started process (PID=949) to work on /usr/local/lib/python3.9/dist-packages/airflow/example_dags/example_sensor_decorator.py
[2025-02-10T16:21:33.688+0000] {processor.py:914} INFO - Processing file /usr/local/lib/python3.9/dist-packages/airflow/example_dags/example_sensor_decorator.py for tasks to queue
[2025-02-10T16:21:33.690+0000] {logging_mixin.py:190} INFO - [2025-02-10T16:21:33.690+0000] {dagbag.py:588} INFO - Filling up the DagBag from /usr/local/lib/python3.9/dist-packages/airflow/example_dags/example_sensor_decorator.py
[2025-02-10T16:21:33.698+0000] {processor.py:925} INFO - DAG(s) 'example_sensor_decorator' retrieved from /usr/local/lib/python3.9/dist-packages/airflow/example_dags/example_sensor_decorator.py
[2025-02-10T16:21:33.727+0000] {logging_mixin.py:190} INFO - [2025-02-10T16:21:33.727+0000] {dag.py:3239} INFO - Sync 1 DAGs
[2025-02-10T16:21:33.744+0000] {logging_mixin.py:190} INFO - [2025-02-10T16:21:33.744+0000] {dag.py:4180} INFO - Setting next_dagrun for example_sensor_decorator to None, run_after=None
[2025-02-10T16:21:33.820+0000] {processor.py:208} INFO - Processing /usr/local/lib/python3.9/dist-packages/airflow/example_dags/example_sensor_decorator.py took 0.140 seconds
[2025-02-10T16:22:49.218+0000] {processor.py:186} INFO - Started process (PID=1013) to work on /usr/local/lib/python3.9/dist-packages/airflow/example_dags/example_sensor_decorator.py
[2025-02-10T16:22:49.220+0000] {processor.py:914} INFO - Processing file /usr/local/lib/python3.9/dist-packages/airflow/example_dags/example_sensor_decorator.py for tasks to queue
[2025-02-10T16:22:49.223+0000] {logging_mixin.py:190} INFO - [2025-02-10T16:22:49.223+0000] {dagbag.py:588} INFO - Filling up the DagBag from /usr/local/lib/python3.9/dist-packages/airflow/example_dags/example_sensor_decorator.py
[2025-02-10T16:22:49.232+0000] {processor.py:925} INFO - DAG(s) 'example_sensor_decorator' retrieved from /usr/local/lib/python3.9/dist-packages/airflow/example_dags/example_sensor_decorator.py
[2025-02-10T16:22:49.265+0000] {logging_mixin.py:190} INFO - [2025-02-10T16:22:49.265+0000] {dag.py:3239} INFO - Sync 1 DAGs
[2025-02-10T16:22:49.284+0000] {logging_mixin.py:190} INFO - [2025-02-10T16:22:49.283+0000] {dag.py:4180} INFO - Setting next_dagrun for example_sensor_decorator to None, run_after=None
[2025-02-10T16:22:49.362+0000] {processor.py:208} INFO - Processing /usr/local/lib/python3.9/dist-packages/airflow/example_dags/example_sensor_decorator.py took 0.149 seconds
[2025-02-10T16:24:08.287+0000] {processor.py:186} INFO - Started process (PID=1078) to work on /usr/local/lib/python3.9/dist-packages/airflow/example_dags/example_sensor_decorator.py
[2025-02-10T16:24:08.289+0000] {processor.py:914} INFO - Processing file /usr/local/lib/python3.9/dist-packages/airflow/example_dags/example_sensor_decorator.py for tasks to queue
[2025-02-10T16:24:08.291+0000] {logging_mixin.py:190} INFO - [2025-02-10T16:24:08.291+0000] {dagbag.py:588} INFO - Filling up the DagBag from /usr/local/lib/python3.9/dist-packages/airflow/example_dags/example_sensor_decorator.py
[2025-02-10T16:24:08.300+0000] {processor.py:925} INFO - DAG(s) 'example_sensor_decorator' retrieved from /usr/local/lib/python3.9/dist-packages/airflow/example_dags/example_sensor_decorator.py
[2025-02-10T16:24:08.331+0000] {logging_mixin.py:190} INFO - [2025-02-10T16:24:08.331+0000] {dag.py:3239} INFO - Sync 1 DAGs
[2025-02-10T16:24:08.349+0000] {logging_mixin.py:190} INFO - [2025-02-10T16:24:08.348+0000] {dag.py:4180} INFO - Setting next_dagrun for example_sensor_decorator to None, run_after=None
[2025-02-10T16:24:08.424+0000] {processor.py:208} INFO - Processing /usr/local/lib/python3.9/dist-packages/airflow/example_dags/example_sensor_decorator.py took 0.143 seconds
[2025-02-10T16:25:28.324+0000] {processor.py:186} INFO - Started process (PID=1144) to work on /usr/local/lib/python3.9/dist-packages/airflow/example_dags/example_sensor_decorator.py
[2025-02-10T16:25:28.326+0000] {processor.py:914} INFO - Processing file /usr/local/lib/python3.9/dist-packages/airflow/example_dags/example_sensor_decorator.py for tasks to queue
[2025-02-10T16:25:28.329+0000] {logging_mixin.py:190} INFO - [2025-02-10T16:25:28.328+0000] {dagbag.py:588} INFO - Filling up the DagBag from /usr/local/lib/python3.9/dist-packages/airflow/example_dags/example_sensor_decorator.py
[2025-02-10T16:25:28.337+0000] {processor.py:925} INFO - DAG(s) 'example_sensor_decorator' retrieved from /usr/local/lib/python3.9/dist-packages/airflow/example_dags/example_sensor_decorator.py
[2025-02-10T16:25:28.362+0000] {logging_mixin.py:190} INFO - [2025-02-10T16:25:28.361+0000] {dag.py:3239} INFO - Sync 1 DAGs
[2025-02-10T16:25:28.377+0000] {logging_mixin.py:190} INFO - [2025-02-10T16:25:28.377+0000] {dag.py:4180} INFO - Setting next_dagrun for example_sensor_decorator to None, run_after=None
[2025-02-10T16:25:28.450+0000] {processor.py:208} INFO - Processing /usr/local/lib/python3.9/dist-packages/airflow/example_dags/example_sensor_decorator.py took 0.131 seconds
[2025-02-10T16:26:51.071+0000] {processor.py:186} INFO - Started process (PID=1211) to work on /usr/local/lib/python3.9/dist-packages/airflow/example_dags/example_sensor_decorator.py
[2025-02-10T16:26:51.072+0000] {processor.py:914} INFO - Processing file /usr/local/lib/python3.9/dist-packages/airflow/example_dags/example_sensor_decorator.py for tasks to queue
[2025-02-10T16:26:51.075+0000] {logging_mixin.py:190} INFO - [2025-02-10T16:26:51.074+0000] {dagbag.py:588} INFO - Filling up the DagBag from /usr/local/lib/python3.9/dist-packages/airflow/example_dags/example_sensor_decorator.py
[2025-02-10T16:26:51.082+0000] {processor.py:925} INFO - DAG(s) 'example_sensor_decorator' retrieved from /usr/local/lib/python3.9/dist-packages/airflow/example_dags/example_sensor_decorator.py
[2025-02-10T16:26:51.115+0000] {logging_mixin.py:190} INFO - [2025-02-10T16:26:51.114+0000] {dag.py:3239} INFO - Sync 1 DAGs
[2025-02-10T16:26:51.132+0000] {logging_mixin.py:190} INFO - [2025-02-10T16:26:51.132+0000] {dag.py:4180} INFO - Setting next_dagrun for example_sensor_decorator to None, run_after=None
[2025-02-10T16:26:51.213+0000] {processor.py:208} INFO - Processing /usr/local/lib/python3.9/dist-packages/airflow/example_dags/example_sensor_decorator.py took 0.148 seconds
[2025-02-10T16:28:09.548+0000] {processor.py:186} INFO - Started process (PID=1276) to work on /usr/local/lib/python3.9/dist-packages/airflow/example_dags/example_sensor_decorator.py
[2025-02-10T16:28:09.549+0000] {processor.py:914} INFO - Processing file /usr/local/lib/python3.9/dist-packages/airflow/example_dags/example_sensor_decorator.py for tasks to queue
[2025-02-10T16:28:09.552+0000] {logging_mixin.py:190} INFO - [2025-02-10T16:28:09.551+0000] {dagbag.py:588} INFO - Filling up the DagBag from /usr/local/lib/python3.9/dist-packages/airflow/example_dags/example_sensor_decorator.py
[2025-02-10T16:28:09.560+0000] {processor.py:925} INFO - DAG(s) 'example_sensor_decorator' retrieved from /usr/local/lib/python3.9/dist-packages/airflow/example_dags/example_sensor_decorator.py
[2025-02-10T16:28:09.591+0000] {logging_mixin.py:190} INFO - [2025-02-10T16:28:09.591+0000] {dag.py:3239} INFO - Sync 1 DAGs
[2025-02-10T16:28:09.609+0000] {logging_mixin.py:190} INFO - [2025-02-10T16:28:09.609+0000] {dag.py:4180} INFO - Setting next_dagrun for example_sensor_decorator to None, run_after=None
[2025-02-10T16:28:09.689+0000] {processor.py:208} INFO - Processing /usr/local/lib/python3.9/dist-packages/airflow/example_dags/example_sensor_decorator.py took 0.147 seconds
[2025-02-10T16:29:27.294+0000] {processor.py:186} INFO - Started process (PID=1341) to work on /usr/local/lib/python3.9/dist-packages/airflow/example_dags/example_sensor_decorator.py
[2025-02-10T16:29:27.295+0000] {processor.py:914} INFO - Processing file /usr/local/lib/python3.9/dist-packages/airflow/example_dags/example_sensor_decorator.py for tasks to queue
[2025-02-10T16:29:27.298+0000] {logging_mixin.py:190} INFO - [2025-02-10T16:29:27.297+0000] {dagbag.py:588} INFO - Filling up the DagBag from /usr/local/lib/python3.9/dist-packages/airflow/example_dags/example_sensor_decorator.py
[2025-02-10T16:29:27.306+0000] {processor.py:925} INFO - DAG(s) 'example_sensor_decorator' retrieved from /usr/local/lib/python3.9/dist-packages/airflow/example_dags/example_sensor_decorator.py
[2025-02-10T16:29:27.337+0000] {logging_mixin.py:190} INFO - [2025-02-10T16:29:27.337+0000] {dag.py:3239} INFO - Sync 1 DAGs
[2025-02-10T16:29:27.355+0000] {logging_mixin.py:190} INFO - [2025-02-10T16:29:27.355+0000] {dag.py:4180} INFO - Setting next_dagrun for example_sensor_decorator to None, run_after=None
[2025-02-10T16:29:27.433+0000] {processor.py:208} INFO - Processing /usr/local/lib/python3.9/dist-packages/airflow/example_dags/example_sensor_decorator.py took 0.145 seconds
[2025-02-10T16:30:42.567+0000] {processor.py:186} INFO - Started process (PID=1404) to work on /usr/local/lib/python3.9/dist-packages/airflow/example_dags/example_sensor_decorator.py
[2025-02-10T16:30:42.569+0000] {processor.py:914} INFO - Processing file /usr/local/lib/python3.9/dist-packages/airflow/example_dags/example_sensor_decorator.py for tasks to queue
[2025-02-10T16:30:42.572+0000] {logging_mixin.py:190} INFO - [2025-02-10T16:30:42.572+0000] {dagbag.py:588} INFO - Filling up the DagBag from /usr/local/lib/python3.9/dist-packages/airflow/example_dags/example_sensor_decorator.py
[2025-02-10T16:30:42.580+0000] {processor.py:925} INFO - DAG(s) 'example_sensor_decorator' retrieved from /usr/local/lib/python3.9/dist-packages/airflow/example_dags/example_sensor_decorator.py
[2025-02-10T16:30:42.609+0000] {logging_mixin.py:190} INFO - [2025-02-10T16:30:42.609+0000] {dag.py:3239} INFO - Sync 1 DAGs
[2025-02-10T16:30:42.627+0000] {logging_mixin.py:190} INFO - [2025-02-10T16:30:42.627+0000] {dag.py:4180} INFO - Setting next_dagrun for example_sensor_decorator to None, run_after=None
[2025-02-10T16:30:42.707+0000] {processor.py:208} INFO - Processing /usr/local/lib/python3.9/dist-packages/airflow/example_dags/example_sensor_decorator.py took 0.145 seconds
[2025-02-10T16:31:57.975+0000] {processor.py:186} INFO - Started process (PID=1468) to work on /usr/local/lib/python3.9/dist-packages/airflow/example_dags/example_sensor_decorator.py
[2025-02-10T16:31:57.977+0000] {processor.py:914} INFO - Processing file /usr/local/lib/python3.9/dist-packages/airflow/example_dags/example_sensor_decorator.py for tasks to queue
[2025-02-10T16:31:57.980+0000] {logging_mixin.py:190} INFO - [2025-02-10T16:31:57.979+0000] {dagbag.py:588} INFO - Filling up the DagBag from /usr/local/lib/python3.9/dist-packages/airflow/example_dags/example_sensor_decorator.py
[2025-02-10T16:31:57.989+0000] {processor.py:925} INFO - DAG(s) 'example_sensor_decorator' retrieved from /usr/local/lib/python3.9/dist-packages/airflow/example_dags/example_sensor_decorator.py
[2025-02-10T16:31:58.020+0000] {logging_mixin.py:190} INFO - [2025-02-10T16:31:58.020+0000] {dag.py:3239} INFO - Sync 1 DAGs
[2025-02-10T16:31:58.038+0000] {logging_mixin.py:190} INFO - [2025-02-10T16:31:58.037+0000] {dag.py:4180} INFO - Setting next_dagrun for example_sensor_decorator to None, run_after=None
[2025-02-10T16:31:58.135+0000] {processor.py:208} INFO - Processing /usr/local/lib/python3.9/dist-packages/airflow/example_dags/example_sensor_decorator.py took 0.165 seconds
[2025-02-10T16:33:16.893+0000] {processor.py:186} INFO - Started process (PID=1532) to work on /usr/local/lib/python3.9/dist-packages/airflow/example_dags/example_sensor_decorator.py
[2025-02-10T16:33:16.894+0000] {processor.py:914} INFO - Processing file /usr/local/lib/python3.9/dist-packages/airflow/example_dags/example_sensor_decorator.py for tasks to queue
[2025-02-10T16:33:16.897+0000] {logging_mixin.py:190} INFO - [2025-02-10T16:33:16.896+0000] {dagbag.py:588} INFO - Filling up the DagBag from /usr/local/lib/python3.9/dist-packages/airflow/example_dags/example_sensor_decorator.py
[2025-02-10T16:33:16.904+0000] {processor.py:925} INFO - DAG(s) 'example_sensor_decorator' retrieved from /usr/local/lib/python3.9/dist-packages/airflow/example_dags/example_sensor_decorator.py
[2025-02-10T16:33:16.933+0000] {logging_mixin.py:190} INFO - [2025-02-10T16:33:16.932+0000] {dag.py:3239} INFO - Sync 1 DAGs
[2025-02-10T16:33:16.951+0000] {logging_mixin.py:190} INFO - [2025-02-10T16:33:16.951+0000] {dag.py:4180} INFO - Setting next_dagrun for example_sensor_decorator to None, run_after=None
[2025-02-10T16:33:17.030+0000] {processor.py:208} INFO - Processing /usr/local/lib/python3.9/dist-packages/airflow/example_dags/example_sensor_decorator.py took 0.143 seconds
[2025-02-10T16:34:29.787+0000] {processor.py:186} INFO - Started process (PID=1596) to work on /usr/local/lib/python3.9/dist-packages/airflow/example_dags/example_sensor_decorator.py
[2025-02-10T16:34:29.789+0000] {processor.py:914} INFO - Processing file /usr/local/lib/python3.9/dist-packages/airflow/example_dags/example_sensor_decorator.py for tasks to queue
[2025-02-10T16:34:29.792+0000] {logging_mixin.py:190} INFO - [2025-02-10T16:34:29.791+0000] {dagbag.py:588} INFO - Filling up the DagBag from /usr/local/lib/python3.9/dist-packages/airflow/example_dags/example_sensor_decorator.py
[2025-02-10T16:34:29.800+0000] {processor.py:925} INFO - DAG(s) 'example_sensor_decorator' retrieved from /usr/local/lib/python3.9/dist-packages/airflow/example_dags/example_sensor_decorator.py
[2025-02-10T16:34:29.829+0000] {logging_mixin.py:190} INFO - [2025-02-10T16:34:29.828+0000] {dag.py:3239} INFO - Sync 1 DAGs
[2025-02-10T16:34:29.846+0000] {logging_mixin.py:190} INFO - [2025-02-10T16:34:29.846+0000] {dag.py:4180} INFO - Setting next_dagrun for example_sensor_decorator to None, run_after=None
[2025-02-10T16:34:29.917+0000] {processor.py:208} INFO - Processing /usr/local/lib/python3.9/dist-packages/airflow/example_dags/example_sensor_decorator.py took 0.135 seconds
[2025-02-10T16:35:45.709+0000] {processor.py:186} INFO - Started process (PID=1659) to work on /usr/local/lib/python3.9/dist-packages/airflow/example_dags/example_sensor_decorator.py
[2025-02-10T16:35:45.710+0000] {processor.py:914} INFO - Processing file /usr/local/lib/python3.9/dist-packages/airflow/example_dags/example_sensor_decorator.py for tasks to queue
[2025-02-10T16:35:45.713+0000] {logging_mixin.py:190} INFO - [2025-02-10T16:35:45.713+0000] {dagbag.py:588} INFO - Filling up the DagBag from /usr/local/lib/python3.9/dist-packages/airflow/example_dags/example_sensor_decorator.py
[2025-02-10T16:35:45.721+0000] {processor.py:925} INFO - DAG(s) 'example_sensor_decorator' retrieved from /usr/local/lib/python3.9/dist-packages/airflow/example_dags/example_sensor_decorator.py
[2025-02-10T16:35:45.751+0000] {logging_mixin.py:190} INFO - [2025-02-10T16:35:45.750+0000] {dag.py:3239} INFO - Sync 1 DAGs
[2025-02-10T16:35:45.770+0000] {logging_mixin.py:190} INFO - [2025-02-10T16:35:45.770+0000] {dag.py:4180} INFO - Setting next_dagrun for example_sensor_decorator to None, run_after=None
[2025-02-10T16:35:45.855+0000] {processor.py:208} INFO - Processing /usr/local/lib/python3.9/dist-packages/airflow/example_dags/example_sensor_decorator.py took 0.152 seconds
[2025-02-10T16:37:06.026+0000] {processor.py:186} INFO - Started process (PID=1724) to work on /usr/local/lib/python3.9/dist-packages/airflow/example_dags/example_sensor_decorator.py
[2025-02-10T16:37:06.028+0000] {processor.py:914} INFO - Processing file /usr/local/lib/python3.9/dist-packages/airflow/example_dags/example_sensor_decorator.py for tasks to queue
[2025-02-10T16:37:06.030+0000] {logging_mixin.py:190} INFO - [2025-02-10T16:37:06.030+0000] {dagbag.py:588} INFO - Filling up the DagBag from /usr/local/lib/python3.9/dist-packages/airflow/example_dags/example_sensor_decorator.py
[2025-02-10T16:37:06.038+0000] {processor.py:925} INFO - DAG(s) 'example_sensor_decorator' retrieved from /usr/local/lib/python3.9/dist-packages/airflow/example_dags/example_sensor_decorator.py
[2025-02-10T16:37:06.068+0000] {logging_mixin.py:190} INFO - [2025-02-10T16:37:06.067+0000] {dag.py:3239} INFO - Sync 1 DAGs
[2025-02-10T16:37:06.086+0000] {logging_mixin.py:190} INFO - [2025-02-10T16:37:06.086+0000] {dag.py:4180} INFO - Setting next_dagrun for example_sensor_decorator to None, run_after=None
[2025-02-10T16:37:06.185+0000] {processor.py:208} INFO - Processing /usr/local/lib/python3.9/dist-packages/airflow/example_dags/example_sensor_decorator.py took 0.165 seconds
