[2025-02-10T14:49:09.866+0000] {processor.py:186} INFO - Started process (PID=75) to work on /usr/local/lib/python3.9/dist-packages/airflow/example_dags/example_sla_dag.py
[2025-02-10T14:49:09.868+0000] {processor.py:914} INFO - Processing file /usr/local/lib/python3.9/dist-packages/airflow/example_dags/example_sla_dag.py for tasks to queue
[2025-02-10T14:49:09.871+0000] {logging_mixin.py:190} INFO - [2025-02-10T14:49:09.870+0000] {dagbag.py:588} INFO - Filling up the DagBag from /usr/local/lib/python3.9/dist-packages/airflow/example_dags/example_sla_dag.py
[2025-02-10T14:49:09.881+0000] {processor.py:925} INFO - DAG(s) 'example_sla_dag' retrieved from /usr/local/lib/python3.9/dist-packages/airflow/example_dags/example_sla_dag.py
[2025-02-10T14:49:10.046+0000] {logging_mixin.py:190} INFO - [2025-02-10T14:49:10.045+0000] {override.py:1930} INFO - Created Permission View: can delete on DAG:example_sla_dag
[2025-02-10T14:49:10.096+0000] {logging_mixin.py:190} INFO - [2025-02-10T14:49:10.095+0000] {override.py:1930} INFO - Created Permission View: can read on DAG:example_sla_dag
[2025-02-10T14:49:10.141+0000] {logging_mixin.py:190} INFO - [2025-02-10T14:49:10.141+0000] {override.py:1930} INFO - Created Permission View: can edit on DAG:example_sla_dag
[2025-02-10T14:49:10.216+0000] {logging_mixin.py:190} INFO - [2025-02-10T14:49:10.215+0000] {override.py:1930} INFO - Created Permission View: can create on DAG Run:example_sla_dag
[2025-02-10T14:49:10.260+0000] {logging_mixin.py:190} INFO - [2025-02-10T14:49:10.260+0000] {override.py:1930} INFO - Created Permission View: can delete on DAG Run:example_sla_dag
[2025-02-10T14:49:10.304+0000] {logging_mixin.py:190} INFO - [2025-02-10T14:49:10.303+0000] {override.py:1930} INFO - Created Permission View: can read on DAG Run:example_sla_dag
[2025-02-10T14:49:10.348+0000] {logging_mixin.py:190} INFO - [2025-02-10T14:49:10.347+0000] {override.py:1930} INFO - Created Permission View: menu access on DAG Run:example_sla_dag
[2025-02-10T14:49:10.349+0000] {logging_mixin.py:190} INFO - [2025-02-10T14:49:10.349+0000] {dag.py:3239} INFO - Sync 1 DAGs
[2025-02-10T14:49:10.371+0000] {logging_mixin.py:190} INFO - [2025-02-10T14:49:10.371+0000] {dag.py:3262} INFO - Creating ORM DAG for example_sla_dag
[2025-02-10T14:49:10.387+0000] {logging_mixin.py:190} INFO - [2025-02-10T14:49:10.386+0000] {dag.py:4180} INFO - Setting next_dagrun for example_sla_dag to 2025-02-10 14:46:00+00:00, run_after=2025-02-10 14:48:00+00:00
[2025-02-10T14:49:10.457+0000] {processor.py:208} INFO - Processing /usr/local/lib/python3.9/dist-packages/airflow/example_dags/example_sla_dag.py took 0.596 seconds
[2025-02-10T14:50:34.601+0000] {processor.py:186} INFO - Started process (PID=132) to work on /usr/local/lib/python3.9/dist-packages/airflow/example_dags/example_sla_dag.py
[2025-02-10T14:50:34.604+0000] {processor.py:914} INFO - Processing file /usr/local/lib/python3.9/dist-packages/airflow/example_dags/example_sla_dag.py for tasks to queue
[2025-02-10T14:50:34.607+0000] {logging_mixin.py:190} INFO - [2025-02-10T14:50:34.607+0000] {dagbag.py:588} INFO - Filling up the DagBag from /usr/local/lib/python3.9/dist-packages/airflow/example_dags/example_sla_dag.py
[2025-02-10T14:50:34.618+0000] {processor.py:925} INFO - DAG(s) 'example_sla_dag' retrieved from /usr/local/lib/python3.9/dist-packages/airflow/example_dags/example_sla_dag.py
[2025-02-10T14:50:34.648+0000] {logging_mixin.py:190} INFO - [2025-02-10T14:50:34.647+0000] {dag.py:3239} INFO - Sync 1 DAGs
[2025-02-10T14:50:34.681+0000] {logging_mixin.py:190} INFO - [2025-02-10T14:50:34.681+0000] {dag.py:4180} INFO - Setting next_dagrun for example_sla_dag to 2025-02-10 14:48:00+00:00, run_after=2025-02-10 14:50:00+00:00
[2025-02-10T14:50:34.773+0000] {processor.py:208} INFO - Processing /usr/local/lib/python3.9/dist-packages/airflow/example_dags/example_sla_dag.py took 0.177 seconds
[2025-02-10T14:51:51.036+0000] {processor.py:186} INFO - Started process (PID=195) to work on /usr/local/lib/python3.9/dist-packages/airflow/example_dags/example_sla_dag.py
[2025-02-10T14:51:51.037+0000] {processor.py:914} INFO - Processing file /usr/local/lib/python3.9/dist-packages/airflow/example_dags/example_sla_dag.py for tasks to queue
[2025-02-10T14:51:51.040+0000] {logging_mixin.py:190} INFO - [2025-02-10T14:51:51.039+0000] {dagbag.py:588} INFO - Filling up the DagBag from /usr/local/lib/python3.9/dist-packages/airflow/example_dags/example_sla_dag.py
[2025-02-10T14:51:51.050+0000] {processor.py:925} INFO - DAG(s) 'example_sla_dag' retrieved from /usr/local/lib/python3.9/dist-packages/airflow/example_dags/example_sla_dag.py
[2025-02-10T14:51:51.080+0000] {logging_mixin.py:190} INFO - [2025-02-10T14:51:51.080+0000] {dag.py:3239} INFO - Sync 1 DAGs
[2025-02-10T14:51:51.114+0000] {logging_mixin.py:190} INFO - [2025-02-10T14:51:51.114+0000] {dag.py:4180} INFO - Setting next_dagrun for example_sla_dag to 2025-02-10 14:48:00+00:00, run_after=2025-02-10 14:50:00+00:00
[2025-02-10T14:51:51.193+0000] {processor.py:208} INFO - Processing /usr/local/lib/python3.9/dist-packages/airflow/example_dags/example_sla_dag.py took 0.163 seconds
[2025-02-10T14:53:11.389+0000] {processor.py:186} INFO - Started process (PID=262) to work on /usr/local/lib/python3.9/dist-packages/airflow/example_dags/example_sla_dag.py
[2025-02-10T14:53:11.390+0000] {processor.py:914} INFO - Processing file /usr/local/lib/python3.9/dist-packages/airflow/example_dags/example_sla_dag.py for tasks to queue
[2025-02-10T14:53:11.393+0000] {logging_mixin.py:190} INFO - [2025-02-10T14:53:11.393+0000] {dagbag.py:588} INFO - Filling up the DagBag from /usr/local/lib/python3.9/dist-packages/airflow/example_dags/example_sla_dag.py
[2025-02-10T14:53:11.406+0000] {processor.py:925} INFO - DAG(s) 'example_sla_dag' retrieved from /usr/local/lib/python3.9/dist-packages/airflow/example_dags/example_sla_dag.py
[2025-02-10T14:53:11.434+0000] {logging_mixin.py:190} INFO - [2025-02-10T14:53:11.434+0000] {dag.py:3239} INFO - Sync 1 DAGs
[2025-02-10T14:53:11.465+0000] {logging_mixin.py:190} INFO - [2025-02-10T14:53:11.465+0000] {dag.py:4180} INFO - Setting next_dagrun for example_sla_dag to 2025-02-10 14:50:00+00:00, run_after=2025-02-10 14:52:00+00:00
[2025-02-10T14:53:11.540+0000] {processor.py:208} INFO - Processing /usr/local/lib/python3.9/dist-packages/airflow/example_dags/example_sla_dag.py took 0.158 seconds
[2025-02-10T14:54:30.281+0000] {processor.py:186} INFO - Started process (PID=327) to work on /usr/local/lib/python3.9/dist-packages/airflow/example_dags/example_sla_dag.py
[2025-02-10T14:54:30.284+0000] {processor.py:914} INFO - Processing file /usr/local/lib/python3.9/dist-packages/airflow/example_dags/example_sla_dag.py for tasks to queue
[2025-02-10T14:54:30.287+0000] {logging_mixin.py:190} INFO - [2025-02-10T14:54:30.287+0000] {dagbag.py:588} INFO - Filling up the DagBag from /usr/local/lib/python3.9/dist-packages/airflow/example_dags/example_sla_dag.py
[2025-02-10T14:54:30.297+0000] {processor.py:925} INFO - DAG(s) 'example_sla_dag' retrieved from /usr/local/lib/python3.9/dist-packages/airflow/example_dags/example_sla_dag.py
[2025-02-10T14:54:30.326+0000] {logging_mixin.py:190} INFO - [2025-02-10T14:54:30.326+0000] {dag.py:3239} INFO - Sync 1 DAGs
[2025-02-10T14:54:30.357+0000] {logging_mixin.py:190} INFO - [2025-02-10T14:54:30.357+0000] {dag.py:4180} INFO - Setting next_dagrun for example_sla_dag to 2025-02-10 14:52:00+00:00, run_after=2025-02-10 14:54:00+00:00
[2025-02-10T14:54:30.434+0000] {processor.py:208} INFO - Processing /usr/local/lib/python3.9/dist-packages/airflow/example_dags/example_sla_dag.py took 0.158 seconds
[2025-02-10T14:55:48.698+0000] {processor.py:186} INFO - Started process (PID=392) to work on /usr/local/lib/python3.9/dist-packages/airflow/example_dags/example_sla_dag.py
[2025-02-10T14:55:48.700+0000] {processor.py:914} INFO - Processing file /usr/local/lib/python3.9/dist-packages/airflow/example_dags/example_sla_dag.py for tasks to queue
[2025-02-10T14:55:48.703+0000] {logging_mixin.py:190} INFO - [2025-02-10T14:55:48.702+0000] {dagbag.py:588} INFO - Filling up the DagBag from /usr/local/lib/python3.9/dist-packages/airflow/example_dags/example_sla_dag.py
[2025-02-10T14:55:48.712+0000] {processor.py:925} INFO - DAG(s) 'example_sla_dag' retrieved from /usr/local/lib/python3.9/dist-packages/airflow/example_dags/example_sla_dag.py
[2025-02-10T14:55:48.742+0000] {logging_mixin.py:190} INFO - [2025-02-10T14:55:48.742+0000] {dag.py:3239} INFO - Sync 1 DAGs
[2025-02-10T14:55:48.774+0000] {logging_mixin.py:190} INFO - [2025-02-10T14:55:48.774+0000] {dag.py:4180} INFO - Setting next_dagrun for example_sla_dag to 2025-02-10 14:52:00+00:00, run_after=2025-02-10 14:54:00+00:00
[2025-02-10T14:55:48.854+0000] {processor.py:208} INFO - Processing /usr/local/lib/python3.9/dist-packages/airflow/example_dags/example_sla_dag.py took 0.161 seconds
[2025-02-10T14:57:11.243+0000] {processor.py:186} INFO - Started process (PID=460) to work on /usr/local/lib/python3.9/dist-packages/airflow/example_dags/example_sla_dag.py
[2025-02-10T14:57:11.244+0000] {processor.py:914} INFO - Processing file /usr/local/lib/python3.9/dist-packages/airflow/example_dags/example_sla_dag.py for tasks to queue
[2025-02-10T14:57:11.247+0000] {logging_mixin.py:190} INFO - [2025-02-10T14:57:11.247+0000] {dagbag.py:588} INFO - Filling up the DagBag from /usr/local/lib/python3.9/dist-packages/airflow/example_dags/example_sla_dag.py
[2025-02-10T14:57:11.257+0000] {processor.py:925} INFO - DAG(s) 'example_sla_dag' retrieved from /usr/local/lib/python3.9/dist-packages/airflow/example_dags/example_sla_dag.py
[2025-02-10T14:57:11.287+0000] {logging_mixin.py:190} INFO - [2025-02-10T14:57:11.287+0000] {dag.py:3239} INFO - Sync 1 DAGs
[2025-02-10T14:57:11.318+0000] {logging_mixin.py:190} INFO - [2025-02-10T14:57:11.317+0000] {dag.py:4180} INFO - Setting next_dagrun for example_sla_dag to 2025-02-10 14:54:00+00:00, run_after=2025-02-10 14:56:00+00:00
[2025-02-10T14:57:11.402+0000] {processor.py:208} INFO - Processing /usr/local/lib/python3.9/dist-packages/airflow/example_dags/example_sla_dag.py took 0.164 seconds
[2025-02-10T14:58:28.009+0000] {processor.py:186} INFO - Started process (PID=525) to work on /usr/local/lib/python3.9/dist-packages/airflow/example_dags/example_sla_dag.py
[2025-02-10T14:58:28.011+0000] {processor.py:914} INFO - Processing file /usr/local/lib/python3.9/dist-packages/airflow/example_dags/example_sla_dag.py for tasks to queue
[2025-02-10T14:58:28.013+0000] {logging_mixin.py:190} INFO - [2025-02-10T14:58:28.013+0000] {dagbag.py:588} INFO - Filling up the DagBag from /usr/local/lib/python3.9/dist-packages/airflow/example_dags/example_sla_dag.py
[2025-02-10T14:58:28.023+0000] {processor.py:925} INFO - DAG(s) 'example_sla_dag' retrieved from /usr/local/lib/python3.9/dist-packages/airflow/example_dags/example_sla_dag.py
[2025-02-10T14:58:28.053+0000] {logging_mixin.py:190} INFO - [2025-02-10T14:58:28.053+0000] {dag.py:3239} INFO - Sync 1 DAGs
[2025-02-10T14:58:28.088+0000] {logging_mixin.py:190} INFO - [2025-02-10T14:58:28.088+0000] {dag.py:4180} INFO - Setting next_dagrun for example_sla_dag to 2025-02-10 14:56:00+00:00, run_after=2025-02-10 14:58:00+00:00
[2025-02-10T14:58:28.163+0000] {processor.py:208} INFO - Processing /usr/local/lib/python3.9/dist-packages/airflow/example_dags/example_sla_dag.py took 0.159 seconds
[2025-02-10T14:59:43.103+0000] {processor.py:186} INFO - Started process (PID=590) to work on /usr/local/lib/python3.9/dist-packages/airflow/example_dags/example_sla_dag.py
[2025-02-10T14:59:43.105+0000] {processor.py:914} INFO - Processing file /usr/local/lib/python3.9/dist-packages/airflow/example_dags/example_sla_dag.py for tasks to queue
[2025-02-10T14:59:43.108+0000] {logging_mixin.py:190} INFO - [2025-02-10T14:59:43.107+0000] {dagbag.py:588} INFO - Filling up the DagBag from /usr/local/lib/python3.9/dist-packages/airflow/example_dags/example_sla_dag.py
[2025-02-10T14:59:43.119+0000] {processor.py:925} INFO - DAG(s) 'example_sla_dag' retrieved from /usr/local/lib/python3.9/dist-packages/airflow/example_dags/example_sla_dag.py
[2025-02-10T14:59:43.149+0000] {logging_mixin.py:190} INFO - [2025-02-10T14:59:43.149+0000] {dag.py:3239} INFO - Sync 1 DAGs
[2025-02-10T14:59:43.187+0000] {logging_mixin.py:190} INFO - [2025-02-10T14:59:43.187+0000] {dag.py:4180} INFO - Setting next_dagrun for example_sla_dag to 2025-02-10 14:56:00+00:00, run_after=2025-02-10 14:58:00+00:00
[2025-02-10T14:59:43.263+0000] {processor.py:208} INFO - Processing /usr/local/lib/python3.9/dist-packages/airflow/example_dags/example_sla_dag.py took 0.166 seconds
[2025-02-10T15:00:55.094+0000] {processor.py:186} INFO - Started process (PID=652) to work on /usr/local/lib/python3.9/dist-packages/airflow/example_dags/example_sla_dag.py
[2025-02-10T15:00:55.098+0000] {processor.py:914} INFO - Processing file /usr/local/lib/python3.9/dist-packages/airflow/example_dags/example_sla_dag.py for tasks to queue
[2025-02-10T15:00:55.101+0000] {logging_mixin.py:190} INFO - [2025-02-10T15:00:55.100+0000] {dagbag.py:588} INFO - Filling up the DagBag from /usr/local/lib/python3.9/dist-packages/airflow/example_dags/example_sla_dag.py
[2025-02-10T15:00:55.112+0000] {processor.py:925} INFO - DAG(s) 'example_sla_dag' retrieved from /usr/local/lib/python3.9/dist-packages/airflow/example_dags/example_sla_dag.py
[2025-02-10T15:00:55.141+0000] {logging_mixin.py:190} INFO - [2025-02-10T15:00:55.141+0000] {dag.py:3239} INFO - Sync 1 DAGs
[2025-02-10T15:00:55.178+0000] {logging_mixin.py:190} INFO - [2025-02-10T15:00:55.178+0000] {dag.py:4180} INFO - Setting next_dagrun for example_sla_dag to 2025-02-10 14:58:00+00:00, run_after=2025-02-10 15:00:00+00:00
[2025-02-10T15:00:55.259+0000] {processor.py:208} INFO - Processing /usr/local/lib/python3.9/dist-packages/airflow/example_dags/example_sla_dag.py took 0.170 seconds
[2025-02-10T15:02:15.699+0000] {processor.py:186} INFO - Started process (PID=722) to work on /usr/local/lib/python3.9/dist-packages/airflow/example_dags/example_sla_dag.py
[2025-02-10T15:02:15.701+0000] {processor.py:914} INFO - Processing file /usr/local/lib/python3.9/dist-packages/airflow/example_dags/example_sla_dag.py for tasks to queue
[2025-02-10T15:02:15.704+0000] {logging_mixin.py:190} INFO - [2025-02-10T15:02:15.703+0000] {dagbag.py:588} INFO - Filling up the DagBag from /usr/local/lib/python3.9/dist-packages/airflow/example_dags/example_sla_dag.py
[2025-02-10T15:02:15.715+0000] {processor.py:925} INFO - DAG(s) 'example_sla_dag' retrieved from /usr/local/lib/python3.9/dist-packages/airflow/example_dags/example_sla_dag.py
[2025-02-10T15:02:15.746+0000] {logging_mixin.py:190} INFO - [2025-02-10T15:02:15.746+0000] {dag.py:3239} INFO - Sync 1 DAGs
[2025-02-10T15:02:15.780+0000] {logging_mixin.py:190} INFO - [2025-02-10T15:02:15.780+0000] {dag.py:4180} INFO - Setting next_dagrun for example_sla_dag to 2025-02-10 15:00:00+00:00, run_after=2025-02-10 15:02:00+00:00
[2025-02-10T15:02:15.859+0000] {processor.py:208} INFO - Processing /usr/local/lib/python3.9/dist-packages/airflow/example_dags/example_sla_dag.py took 0.166 seconds
[2025-02-10T15:03:35.636+0000] {processor.py:186} INFO - Started process (PID=787) to work on /usr/local/lib/python3.9/dist-packages/airflow/example_dags/example_sla_dag.py
[2025-02-10T15:03:35.638+0000] {processor.py:914} INFO - Processing file /usr/local/lib/python3.9/dist-packages/airflow/example_dags/example_sla_dag.py for tasks to queue
[2025-02-10T15:03:35.641+0000] {logging_mixin.py:190} INFO - [2025-02-10T15:03:35.640+0000] {dagbag.py:588} INFO - Filling up the DagBag from /usr/local/lib/python3.9/dist-packages/airflow/example_dags/example_sla_dag.py
[2025-02-10T15:03:35.650+0000] {processor.py:925} INFO - DAG(s) 'example_sla_dag' retrieved from /usr/local/lib/python3.9/dist-packages/airflow/example_dags/example_sla_dag.py
[2025-02-10T15:03:35.681+0000] {logging_mixin.py:190} INFO - [2025-02-10T15:03:35.681+0000] {dag.py:3239} INFO - Sync 1 DAGs
[2025-02-10T15:03:35.714+0000] {logging_mixin.py:190} INFO - [2025-02-10T15:03:35.714+0000] {dag.py:4180} INFO - Setting next_dagrun for example_sla_dag to 2025-02-10 15:00:00+00:00, run_after=2025-02-10 15:02:00+00:00
[2025-02-10T15:03:35.791+0000] {processor.py:208} INFO - Processing /usr/local/lib/python3.9/dist-packages/airflow/example_dags/example_sla_dag.py took 0.160 seconds
[2025-02-10T15:04:52.564+0000] {processor.py:186} INFO - Started process (PID=851) to work on /usr/local/lib/python3.9/dist-packages/airflow/example_dags/example_sla_dag.py
[2025-02-10T15:04:52.566+0000] {processor.py:914} INFO - Processing file /usr/local/lib/python3.9/dist-packages/airflow/example_dags/example_sla_dag.py for tasks to queue
[2025-02-10T15:04:52.569+0000] {logging_mixin.py:190} INFO - [2025-02-10T15:04:52.568+0000] {dagbag.py:588} INFO - Filling up the DagBag from /usr/local/lib/python3.9/dist-packages/airflow/example_dags/example_sla_dag.py
[2025-02-10T15:04:52.579+0000] {processor.py:925} INFO - DAG(s) 'example_sla_dag' retrieved from /usr/local/lib/python3.9/dist-packages/airflow/example_dags/example_sla_dag.py
[2025-02-10T15:04:52.609+0000] {logging_mixin.py:190} INFO - [2025-02-10T15:04:52.608+0000] {dag.py:3239} INFO - Sync 1 DAGs
[2025-02-10T15:04:52.641+0000] {logging_mixin.py:190} INFO - [2025-02-10T15:04:52.641+0000] {dag.py:4180} INFO - Setting next_dagrun for example_sla_dag to 2025-02-10 15:02:00+00:00, run_after=2025-02-10 15:04:00+00:00
[2025-02-10T15:04:52.720+0000] {processor.py:208} INFO - Processing /usr/local/lib/python3.9/dist-packages/airflow/example_dags/example_sla_dag.py took 0.162 seconds
[2025-02-10T15:06:14.344+0000] {processor.py:186} INFO - Started process (PID=918) to work on /usr/local/lib/python3.9/dist-packages/airflow/example_dags/example_sla_dag.py
[2025-02-10T15:06:14.346+0000] {processor.py:914} INFO - Processing file /usr/local/lib/python3.9/dist-packages/airflow/example_dags/example_sla_dag.py for tasks to queue
[2025-02-10T15:06:14.350+0000] {logging_mixin.py:190} INFO - [2025-02-10T15:06:14.349+0000] {dagbag.py:588} INFO - Filling up the DagBag from /usr/local/lib/python3.9/dist-packages/airflow/example_dags/example_sla_dag.py
[2025-02-10T15:06:14.361+0000] {processor.py:925} INFO - DAG(s) 'example_sla_dag' retrieved from /usr/local/lib/python3.9/dist-packages/airflow/example_dags/example_sla_dag.py
[2025-02-10T15:06:14.393+0000] {logging_mixin.py:190} INFO - [2025-02-10T15:06:14.393+0000] {dag.py:3239} INFO - Sync 1 DAGs
[2025-02-10T15:06:14.426+0000] {logging_mixin.py:190} INFO - [2025-02-10T15:06:14.426+0000] {dag.py:4180} INFO - Setting next_dagrun for example_sla_dag to 2025-02-10 15:04:00+00:00, run_after=2025-02-10 15:06:00+00:00
[2025-02-10T15:06:14.495+0000] {processor.py:208} INFO - Processing /usr/local/lib/python3.9/dist-packages/airflow/example_dags/example_sla_dag.py took 0.158 seconds
[2025-02-10T15:07:32.090+0000] {processor.py:186} INFO - Started process (PID=983) to work on /usr/local/lib/python3.9/dist-packages/airflow/example_dags/example_sla_dag.py
[2025-02-10T15:07:32.092+0000] {processor.py:914} INFO - Processing file /usr/local/lib/python3.9/dist-packages/airflow/example_dags/example_sla_dag.py for tasks to queue
[2025-02-10T15:07:32.095+0000] {logging_mixin.py:190} INFO - [2025-02-10T15:07:32.094+0000] {dagbag.py:588} INFO - Filling up the DagBag from /usr/local/lib/python3.9/dist-packages/airflow/example_dags/example_sla_dag.py
[2025-02-10T15:07:32.104+0000] {processor.py:925} INFO - DAG(s) 'example_sla_dag' retrieved from /usr/local/lib/python3.9/dist-packages/airflow/example_dags/example_sla_dag.py
[2025-02-10T15:07:32.132+0000] {logging_mixin.py:190} INFO - [2025-02-10T15:07:32.132+0000] {dag.py:3239} INFO - Sync 1 DAGs
[2025-02-10T15:07:32.161+0000] {logging_mixin.py:190} INFO - [2025-02-10T15:07:32.161+0000] {dag.py:4180} INFO - Setting next_dagrun for example_sla_dag to 2025-02-10 15:04:00+00:00, run_after=2025-02-10 15:06:00+00:00
[2025-02-10T15:07:32.226+0000] {processor.py:208} INFO - Processing /usr/local/lib/python3.9/dist-packages/airflow/example_dags/example_sla_dag.py took 0.141 seconds
[2025-02-10T15:08:48.124+0000] {processor.py:186} INFO - Started process (PID=1048) to work on /usr/local/lib/python3.9/dist-packages/airflow/example_dags/example_sla_dag.py
[2025-02-10T15:08:48.126+0000] {processor.py:914} INFO - Processing file /usr/local/lib/python3.9/dist-packages/airflow/example_dags/example_sla_dag.py for tasks to queue
[2025-02-10T15:08:48.129+0000] {logging_mixin.py:190} INFO - [2025-02-10T15:08:48.128+0000] {dagbag.py:588} INFO - Filling up the DagBag from /usr/local/lib/python3.9/dist-packages/airflow/example_dags/example_sla_dag.py
[2025-02-10T15:08:48.138+0000] {processor.py:925} INFO - DAG(s) 'example_sla_dag' retrieved from /usr/local/lib/python3.9/dist-packages/airflow/example_dags/example_sla_dag.py
[2025-02-10T15:08:48.170+0000] {logging_mixin.py:190} INFO - [2025-02-10T15:08:48.169+0000] {dag.py:3239} INFO - Sync 1 DAGs
[2025-02-10T15:08:48.202+0000] {logging_mixin.py:190} INFO - [2025-02-10T15:08:48.201+0000] {dag.py:4180} INFO - Setting next_dagrun for example_sla_dag to 2025-02-10 15:06:00+00:00, run_after=2025-02-10 15:08:00+00:00
[2025-02-10T15:08:48.280+0000] {processor.py:208} INFO - Processing /usr/local/lib/python3.9/dist-packages/airflow/example_dags/example_sla_dag.py took 0.161 seconds
[2025-02-10T15:10:08.264+0000] {processor.py:186} INFO - Started process (PID=1113) to work on /usr/local/lib/python3.9/dist-packages/airflow/example_dags/example_sla_dag.py
[2025-02-10T15:10:08.265+0000] {processor.py:914} INFO - Processing file /usr/local/lib/python3.9/dist-packages/airflow/example_dags/example_sla_dag.py for tasks to queue
[2025-02-10T15:10:08.267+0000] {logging_mixin.py:190} INFO - [2025-02-10T15:10:08.267+0000] {dagbag.py:588} INFO - Filling up the DagBag from /usr/local/lib/python3.9/dist-packages/airflow/example_dags/example_sla_dag.py
[2025-02-10T15:10:08.278+0000] {processor.py:925} INFO - DAG(s) 'example_sla_dag' retrieved from /usr/local/lib/python3.9/dist-packages/airflow/example_dags/example_sla_dag.py
[2025-02-10T15:10:08.308+0000] {logging_mixin.py:190} INFO - [2025-02-10T15:10:08.307+0000] {dag.py:3239} INFO - Sync 1 DAGs
[2025-02-10T15:10:08.340+0000] {logging_mixin.py:190} INFO - [2025-02-10T15:10:08.340+0000] {dag.py:4180} INFO - Setting next_dagrun for example_sla_dag to 2025-02-10 15:08:00+00:00, run_after=2025-02-10 15:10:00+00:00
[2025-02-10T15:10:08.422+0000] {processor.py:208} INFO - Processing /usr/local/lib/python3.9/dist-packages/airflow/example_dags/example_sla_dag.py took 0.163 seconds
[2025-02-10T15:11:29.657+0000] {processor.py:186} INFO - Started process (PID=1180) to work on /usr/local/lib/python3.9/dist-packages/airflow/example_dags/example_sla_dag.py
[2025-02-10T15:11:29.658+0000] {processor.py:914} INFO - Processing file /usr/local/lib/python3.9/dist-packages/airflow/example_dags/example_sla_dag.py for tasks to queue
[2025-02-10T15:11:29.661+0000] {logging_mixin.py:190} INFO - [2025-02-10T15:11:29.661+0000] {dagbag.py:588} INFO - Filling up the DagBag from /usr/local/lib/python3.9/dist-packages/airflow/example_dags/example_sla_dag.py
[2025-02-10T15:11:29.671+0000] {processor.py:925} INFO - DAG(s) 'example_sla_dag' retrieved from /usr/local/lib/python3.9/dist-packages/airflow/example_dags/example_sla_dag.py
[2025-02-10T15:11:29.699+0000] {logging_mixin.py:190} INFO - [2025-02-10T15:11:29.699+0000] {dag.py:3239} INFO - Sync 1 DAGs
[2025-02-10T15:11:29.733+0000] {logging_mixin.py:190} INFO - [2025-02-10T15:11:29.733+0000] {dag.py:4180} INFO - Setting next_dagrun for example_sla_dag to 2025-02-10 15:08:00+00:00, run_after=2025-02-10 15:10:00+00:00
[2025-02-10T15:11:29.806+0000] {processor.py:208} INFO - Processing /usr/local/lib/python3.9/dist-packages/airflow/example_dags/example_sla_dag.py took 0.155 seconds
[2025-02-10T15:12:48.121+0000] {processor.py:186} INFO - Started process (PID=1246) to work on /usr/local/lib/python3.9/dist-packages/airflow/example_dags/example_sla_dag.py
[2025-02-10T15:12:48.123+0000] {processor.py:914} INFO - Processing file /usr/local/lib/python3.9/dist-packages/airflow/example_dags/example_sla_dag.py for tasks to queue
[2025-02-10T15:12:48.126+0000] {logging_mixin.py:190} INFO - [2025-02-10T15:12:48.125+0000] {dagbag.py:588} INFO - Filling up the DagBag from /usr/local/lib/python3.9/dist-packages/airflow/example_dags/example_sla_dag.py
[2025-02-10T15:12:48.137+0000] {processor.py:925} INFO - DAG(s) 'example_sla_dag' retrieved from /usr/local/lib/python3.9/dist-packages/airflow/example_dags/example_sla_dag.py
[2025-02-10T15:12:48.165+0000] {logging_mixin.py:190} INFO - [2025-02-10T15:12:48.165+0000] {dag.py:3239} INFO - Sync 1 DAGs
[2025-02-10T15:12:48.199+0000] {logging_mixin.py:190} INFO - [2025-02-10T15:12:48.199+0000] {dag.py:4180} INFO - Setting next_dagrun for example_sla_dag to 2025-02-10 15:10:00+00:00, run_after=2025-02-10 15:12:00+00:00
[2025-02-10T15:12:48.274+0000] {processor.py:208} INFO - Processing /usr/local/lib/python3.9/dist-packages/airflow/example_dags/example_sla_dag.py took 0.159 seconds
[2025-02-10T15:14:04.741+0000] {processor.py:186} INFO - Started process (PID=1310) to work on /usr/local/lib/python3.9/dist-packages/airflow/example_dags/example_sla_dag.py
[2025-02-10T15:14:04.745+0000] {processor.py:914} INFO - Processing file /usr/local/lib/python3.9/dist-packages/airflow/example_dags/example_sla_dag.py for tasks to queue
[2025-02-10T15:14:04.747+0000] {logging_mixin.py:190} INFO - [2025-02-10T15:14:04.747+0000] {dagbag.py:588} INFO - Filling up the DagBag from /usr/local/lib/python3.9/dist-packages/airflow/example_dags/example_sla_dag.py
[2025-02-10T15:14:04.758+0000] {processor.py:925} INFO - DAG(s) 'example_sla_dag' retrieved from /usr/local/lib/python3.9/dist-packages/airflow/example_dags/example_sla_dag.py
[2025-02-10T15:14:04.788+0000] {logging_mixin.py:190} INFO - [2025-02-10T15:14:04.788+0000] {dag.py:3239} INFO - Sync 1 DAGs
[2025-02-10T15:14:04.821+0000] {logging_mixin.py:190} INFO - [2025-02-10T15:14:04.821+0000] {dag.py:4180} INFO - Setting next_dagrun for example_sla_dag to 2025-02-10 15:12:00+00:00, run_after=2025-02-10 15:14:00+00:00
[2025-02-10T15:14:04.902+0000] {processor.py:208} INFO - Processing /usr/local/lib/python3.9/dist-packages/airflow/example_dags/example_sla_dag.py took 0.166 seconds
[2025-02-10T15:25:42.979+0000] {processor.py:186} INFO - Started process (PID=66) to work on /usr/local/lib/python3.9/dist-packages/airflow/example_dags/example_sla_dag.py
[2025-02-10T15:25:42.981+0000] {processor.py:914} INFO - Processing file /usr/local/lib/python3.9/dist-packages/airflow/example_dags/example_sla_dag.py for tasks to queue
[2025-02-10T15:25:42.984+0000] {logging_mixin.py:190} INFO - [2025-02-10T15:25:42.983+0000] {dagbag.py:588} INFO - Filling up the DagBag from /usr/local/lib/python3.9/dist-packages/airflow/example_dags/example_sla_dag.py
[2025-02-10T15:25:42.994+0000] {processor.py:925} INFO - DAG(s) 'example_sla_dag' retrieved from /usr/local/lib/python3.9/dist-packages/airflow/example_dags/example_sla_dag.py
[2025-02-10T15:25:43.028+0000] {logging_mixin.py:190} INFO - [2025-02-10T15:25:43.028+0000] {dag.py:3239} INFO - Sync 1 DAGs
[2025-02-10T15:25:43.061+0000] {logging_mixin.py:190} INFO - [2025-02-10T15:25:43.061+0000] {dag.py:4180} INFO - Setting next_dagrun for example_sla_dag to 2025-02-10 15:22:00+00:00, run_after=2025-02-10 15:24:00+00:00
[2025-02-10T15:25:43.139+0000] {processor.py:208} INFO - Processing /usr/local/lib/python3.9/dist-packages/airflow/example_dags/example_sla_dag.py took 0.165 seconds
[2025-02-10T15:27:01.231+0000] {processor.py:186} INFO - Started process (PID=131) to work on /usr/local/lib/python3.9/dist-packages/airflow/example_dags/example_sla_dag.py
[2025-02-10T15:27:01.232+0000] {processor.py:914} INFO - Processing file /usr/local/lib/python3.9/dist-packages/airflow/example_dags/example_sla_dag.py for tasks to queue
[2025-02-10T15:27:01.235+0000] {logging_mixin.py:190} INFO - [2025-02-10T15:27:01.235+0000] {dagbag.py:588} INFO - Filling up the DagBag from /usr/local/lib/python3.9/dist-packages/airflow/example_dags/example_sla_dag.py
[2025-02-10T15:27:01.248+0000] {processor.py:925} INFO - DAG(s) 'example_sla_dag' retrieved from /usr/local/lib/python3.9/dist-packages/airflow/example_dags/example_sla_dag.py
[2025-02-10T15:27:01.278+0000] {logging_mixin.py:190} INFO - [2025-02-10T15:27:01.278+0000] {dag.py:3239} INFO - Sync 1 DAGs
[2025-02-10T15:27:01.313+0000] {logging_mixin.py:190} INFO - [2025-02-10T15:27:01.313+0000] {dag.py:4180} INFO - Setting next_dagrun for example_sla_dag to 2025-02-10 15:24:00+00:00, run_after=2025-02-10 15:26:00+00:00
[2025-02-10T15:27:01.394+0000] {processor.py:208} INFO - Processing /usr/local/lib/python3.9/dist-packages/airflow/example_dags/example_sla_dag.py took 0.169 seconds
[2025-02-10T15:28:19.693+0000] {processor.py:186} INFO - Started process (PID=196) to work on /usr/local/lib/python3.9/dist-packages/airflow/example_dags/example_sla_dag.py
[2025-02-10T15:28:19.694+0000] {processor.py:914} INFO - Processing file /usr/local/lib/python3.9/dist-packages/airflow/example_dags/example_sla_dag.py for tasks to queue
[2025-02-10T15:28:19.697+0000] {logging_mixin.py:190} INFO - [2025-02-10T15:28:19.697+0000] {dagbag.py:588} INFO - Filling up the DagBag from /usr/local/lib/python3.9/dist-packages/airflow/example_dags/example_sla_dag.py
[2025-02-10T15:28:19.707+0000] {processor.py:925} INFO - DAG(s) 'example_sla_dag' retrieved from /usr/local/lib/python3.9/dist-packages/airflow/example_dags/example_sla_dag.py
[2025-02-10T15:28:19.736+0000] {logging_mixin.py:190} INFO - [2025-02-10T15:28:19.736+0000] {dag.py:3239} INFO - Sync 1 DAGs
[2025-02-10T15:28:19.770+0000] {logging_mixin.py:190} INFO - [2025-02-10T15:28:19.770+0000] {dag.py:4180} INFO - Setting next_dagrun for example_sla_dag to 2025-02-10 15:26:00+00:00, run_after=2025-02-10 15:28:00+00:00
[2025-02-10T15:28:19.847+0000] {processor.py:208} INFO - Processing /usr/local/lib/python3.9/dist-packages/airflow/example_dags/example_sla_dag.py took 0.160 seconds
[2025-02-10T15:29:40.952+0000] {processor.py:186} INFO - Started process (PID=262) to work on /usr/local/lib/python3.9/dist-packages/airflow/example_dags/example_sla_dag.py
[2025-02-10T15:29:40.954+0000] {processor.py:914} INFO - Processing file /usr/local/lib/python3.9/dist-packages/airflow/example_dags/example_sla_dag.py for tasks to queue
[2025-02-10T15:29:40.956+0000] {logging_mixin.py:190} INFO - [2025-02-10T15:29:40.956+0000] {dagbag.py:588} INFO - Filling up the DagBag from /usr/local/lib/python3.9/dist-packages/airflow/example_dags/example_sla_dag.py
[2025-02-10T15:29:40.966+0000] {processor.py:925} INFO - DAG(s) 'example_sla_dag' retrieved from /usr/local/lib/python3.9/dist-packages/airflow/example_dags/example_sla_dag.py
[2025-02-10T15:29:40.998+0000] {logging_mixin.py:190} INFO - [2025-02-10T15:29:40.997+0000] {dag.py:3239} INFO - Sync 1 DAGs
[2025-02-10T15:29:41.031+0000] {logging_mixin.py:190} INFO - [2025-02-10T15:29:41.031+0000] {dag.py:4180} INFO - Setting next_dagrun for example_sla_dag to 2025-02-10 15:26:00+00:00, run_after=2025-02-10 15:28:00+00:00
[2025-02-10T15:29:41.112+0000] {processor.py:208} INFO - Processing /usr/local/lib/python3.9/dist-packages/airflow/example_dags/example_sla_dag.py took 0.165 seconds
[2025-02-10T15:30:55.568+0000] {processor.py:186} INFO - Started process (PID=325) to work on /usr/local/lib/python3.9/dist-packages/airflow/example_dags/example_sla_dag.py
[2025-02-10T15:30:55.570+0000] {processor.py:914} INFO - Processing file /usr/local/lib/python3.9/dist-packages/airflow/example_dags/example_sla_dag.py for tasks to queue
[2025-02-10T15:30:55.573+0000] {logging_mixin.py:190} INFO - [2025-02-10T15:30:55.573+0000] {dagbag.py:588} INFO - Filling up the DagBag from /usr/local/lib/python3.9/dist-packages/airflow/example_dags/example_sla_dag.py
[2025-02-10T15:30:55.583+0000] {processor.py:925} INFO - DAG(s) 'example_sla_dag' retrieved from /usr/local/lib/python3.9/dist-packages/airflow/example_dags/example_sla_dag.py
[2025-02-10T15:30:55.632+0000] {logging_mixin.py:190} INFO - [2025-02-10T15:30:55.631+0000] {dag.py:3239} INFO - Sync 1 DAGs
[2025-02-10T15:30:55.699+0000] {logging_mixin.py:190} INFO - [2025-02-10T15:30:55.699+0000] {dag.py:4180} INFO - Setting next_dagrun for example_sla_dag to 2025-02-10 15:28:00+00:00, run_after=2025-02-10 15:30:00+00:00
[2025-02-10T15:30:55.801+0000] {processor.py:208} INFO - Processing /usr/local/lib/python3.9/dist-packages/airflow/example_dags/example_sla_dag.py took 0.238 seconds
[2025-02-10T15:32:10.896+0000] {processor.py:186} INFO - Started process (PID=389) to work on /usr/local/lib/python3.9/dist-packages/airflow/example_dags/example_sla_dag.py
[2025-02-10T15:32:10.898+0000] {processor.py:914} INFO - Processing file /usr/local/lib/python3.9/dist-packages/airflow/example_dags/example_sla_dag.py for tasks to queue
[2025-02-10T15:32:10.901+0000] {logging_mixin.py:190} INFO - [2025-02-10T15:32:10.900+0000] {dagbag.py:588} INFO - Filling up the DagBag from /usr/local/lib/python3.9/dist-packages/airflow/example_dags/example_sla_dag.py
[2025-02-10T15:32:10.911+0000] {processor.py:925} INFO - DAG(s) 'example_sla_dag' retrieved from /usr/local/lib/python3.9/dist-packages/airflow/example_dags/example_sla_dag.py
[2025-02-10T15:32:10.942+0000] {logging_mixin.py:190} INFO - [2025-02-10T15:32:10.942+0000] {dag.py:3239} INFO - Sync 1 DAGs
[2025-02-10T15:32:10.976+0000] {logging_mixin.py:190} INFO - [2025-02-10T15:32:10.976+0000] {dag.py:4180} INFO - Setting next_dagrun for example_sla_dag to 2025-02-10 15:30:00+00:00, run_after=2025-02-10 15:32:00+00:00
[2025-02-10T15:32:11.052+0000] {processor.py:208} INFO - Processing /usr/local/lib/python3.9/dist-packages/airflow/example_dags/example_sla_dag.py took 0.162 seconds
[2025-02-10T15:33:32.279+0000] {processor.py:186} INFO - Started process (PID=455) to work on /usr/local/lib/python3.9/dist-packages/airflow/example_dags/example_sla_dag.py
[2025-02-10T15:33:32.281+0000] {processor.py:914} INFO - Processing file /usr/local/lib/python3.9/dist-packages/airflow/example_dags/example_sla_dag.py for tasks to queue
[2025-02-10T15:33:32.283+0000] {logging_mixin.py:190} INFO - [2025-02-10T15:33:32.283+0000] {dagbag.py:588} INFO - Filling up the DagBag from /usr/local/lib/python3.9/dist-packages/airflow/example_dags/example_sla_dag.py
[2025-02-10T15:33:32.293+0000] {processor.py:925} INFO - DAG(s) 'example_sla_dag' retrieved from /usr/local/lib/python3.9/dist-packages/airflow/example_dags/example_sla_dag.py
[2025-02-10T15:33:32.319+0000] {logging_mixin.py:190} INFO - [2025-02-10T15:33:32.319+0000] {dag.py:3239} INFO - Sync 1 DAGs
[2025-02-10T15:33:32.351+0000] {logging_mixin.py:190} INFO - [2025-02-10T15:33:32.350+0000] {dag.py:4180} INFO - Setting next_dagrun for example_sla_dag to 2025-02-10 15:30:00+00:00, run_after=2025-02-10 15:32:00+00:00
[2025-02-10T15:33:32.425+0000] {processor.py:208} INFO - Processing /usr/local/lib/python3.9/dist-packages/airflow/example_dags/example_sla_dag.py took 0.151 seconds
[2025-02-10T15:34:57.022+0000] {processor.py:186} INFO - Started process (PID=523) to work on /usr/local/lib/python3.9/dist-packages/airflow/example_dags/example_sla_dag.py
[2025-02-10T15:34:57.024+0000] {processor.py:914} INFO - Processing file /usr/local/lib/python3.9/dist-packages/airflow/example_dags/example_sla_dag.py for tasks to queue
[2025-02-10T15:34:57.027+0000] {logging_mixin.py:190} INFO - [2025-02-10T15:34:57.026+0000] {dagbag.py:588} INFO - Filling up the DagBag from /usr/local/lib/python3.9/dist-packages/airflow/example_dags/example_sla_dag.py
[2025-02-10T15:34:57.037+0000] {processor.py:925} INFO - DAG(s) 'example_sla_dag' retrieved from /usr/local/lib/python3.9/dist-packages/airflow/example_dags/example_sla_dag.py
[2025-02-10T15:34:57.067+0000] {logging_mixin.py:190} INFO - [2025-02-10T15:34:57.067+0000] {dag.py:3239} INFO - Sync 1 DAGs
[2025-02-10T15:34:57.100+0000] {logging_mixin.py:190} INFO - [2025-02-10T15:34:57.100+0000] {dag.py:4180} INFO - Setting next_dagrun for example_sla_dag to 2025-02-10 15:32:00+00:00, run_after=2025-02-10 15:34:00+00:00
[2025-02-10T15:34:57.178+0000] {processor.py:208} INFO - Processing /usr/local/lib/python3.9/dist-packages/airflow/example_dags/example_sla_dag.py took 0.161 seconds
[2025-02-10T15:36:14.758+0000] {processor.py:186} INFO - Started process (PID=587) to work on /usr/local/lib/python3.9/dist-packages/airflow/example_dags/example_sla_dag.py
[2025-02-10T15:36:14.759+0000] {processor.py:914} INFO - Processing file /usr/local/lib/python3.9/dist-packages/airflow/example_dags/example_sla_dag.py for tasks to queue
[2025-02-10T15:36:14.762+0000] {logging_mixin.py:190} INFO - [2025-02-10T15:36:14.761+0000] {dagbag.py:588} INFO - Filling up the DagBag from /usr/local/lib/python3.9/dist-packages/airflow/example_dags/example_sla_dag.py
[2025-02-10T15:36:14.775+0000] {processor.py:925} INFO - DAG(s) 'example_sla_dag' retrieved from /usr/local/lib/python3.9/dist-packages/airflow/example_dags/example_sla_dag.py
[2025-02-10T15:36:14.805+0000] {logging_mixin.py:190} INFO - [2025-02-10T15:36:14.804+0000] {dag.py:3239} INFO - Sync 1 DAGs
[2025-02-10T15:36:14.836+0000] {logging_mixin.py:190} INFO - [2025-02-10T15:36:14.836+0000] {dag.py:4180} INFO - Setting next_dagrun for example_sla_dag to 2025-02-10 15:34:00+00:00, run_after=2025-02-10 15:36:00+00:00
[2025-02-10T15:36:14.916+0000] {processor.py:208} INFO - Processing /usr/local/lib/python3.9/dist-packages/airflow/example_dags/example_sla_dag.py took 0.164 seconds
[2025-02-10T15:37:35.068+0000] {processor.py:186} INFO - Started process (PID=653) to work on /usr/local/lib/python3.9/dist-packages/airflow/example_dags/example_sla_dag.py
[2025-02-10T15:37:35.069+0000] {processor.py:914} INFO - Processing file /usr/local/lib/python3.9/dist-packages/airflow/example_dags/example_sla_dag.py for tasks to queue
[2025-02-10T15:37:35.072+0000] {logging_mixin.py:190} INFO - [2025-02-10T15:37:35.071+0000] {dagbag.py:588} INFO - Filling up the DagBag from /usr/local/lib/python3.9/dist-packages/airflow/example_dags/example_sla_dag.py
[2025-02-10T15:37:35.082+0000] {processor.py:925} INFO - DAG(s) 'example_sla_dag' retrieved from /usr/local/lib/python3.9/dist-packages/airflow/example_dags/example_sla_dag.py
[2025-02-10T15:37:35.109+0000] {logging_mixin.py:190} INFO - [2025-02-10T15:37:35.109+0000] {dag.py:3239} INFO - Sync 1 DAGs
[2025-02-10T15:37:35.140+0000] {logging_mixin.py:190} INFO - [2025-02-10T15:37:35.140+0000] {dag.py:4180} INFO - Setting next_dagrun for example_sla_dag to 2025-02-10 15:34:00+00:00, run_after=2025-02-10 15:36:00+00:00
[2025-02-10T15:37:35.215+0000] {processor.py:208} INFO - Processing /usr/local/lib/python3.9/dist-packages/airflow/example_dags/example_sla_dag.py took 0.152 seconds
[2025-02-10T15:38:59.857+0000] {processor.py:186} INFO - Started process (PID=720) to work on /usr/local/lib/python3.9/dist-packages/airflow/example_dags/example_sla_dag.py
[2025-02-10T15:38:59.858+0000] {processor.py:914} INFO - Processing file /usr/local/lib/python3.9/dist-packages/airflow/example_dags/example_sla_dag.py for tasks to queue
[2025-02-10T15:38:59.861+0000] {logging_mixin.py:190} INFO - [2025-02-10T15:38:59.860+0000] {dagbag.py:588} INFO - Filling up the DagBag from /usr/local/lib/python3.9/dist-packages/airflow/example_dags/example_sla_dag.py
[2025-02-10T15:38:59.870+0000] {processor.py:925} INFO - DAG(s) 'example_sla_dag' retrieved from /usr/local/lib/python3.9/dist-packages/airflow/example_dags/example_sla_dag.py
[2025-02-10T15:38:59.899+0000] {logging_mixin.py:190} INFO - [2025-02-10T15:38:59.899+0000] {dag.py:3239} INFO - Sync 1 DAGs
[2025-02-10T15:38:59.931+0000] {logging_mixin.py:190} INFO - [2025-02-10T15:38:59.930+0000] {dag.py:4180} INFO - Setting next_dagrun for example_sla_dag to 2025-02-10 15:36:00+00:00, run_after=2025-02-10 15:38:00+00:00
[2025-02-10T15:39:00.004+0000] {processor.py:208} INFO - Processing /usr/local/lib/python3.9/dist-packages/airflow/example_dags/example_sla_dag.py took 0.152 seconds
[2025-02-10T15:40:19.994+0000] {processor.py:186} INFO - Started process (PID=786) to work on /usr/local/lib/python3.9/dist-packages/airflow/example_dags/example_sla_dag.py
[2025-02-10T15:40:19.995+0000] {processor.py:914} INFO - Processing file /usr/local/lib/python3.9/dist-packages/airflow/example_dags/example_sla_dag.py for tasks to queue
[2025-02-10T15:40:19.998+0000] {logging_mixin.py:190} INFO - [2025-02-10T15:40:19.997+0000] {dagbag.py:588} INFO - Filling up the DagBag from /usr/local/lib/python3.9/dist-packages/airflow/example_dags/example_sla_dag.py
[2025-02-10T15:40:20.007+0000] {processor.py:925} INFO - DAG(s) 'example_sla_dag' retrieved from /usr/local/lib/python3.9/dist-packages/airflow/example_dags/example_sla_dag.py
[2025-02-10T15:40:20.036+0000] {logging_mixin.py:190} INFO - [2025-02-10T15:40:20.036+0000] {dag.py:3239} INFO - Sync 1 DAGs
[2025-02-10T15:40:20.069+0000] {logging_mixin.py:190} INFO - [2025-02-10T15:40:20.069+0000] {dag.py:4180} INFO - Setting next_dagrun for example_sla_dag to 2025-02-10 15:38:00+00:00, run_after=2025-02-10 15:40:00+00:00
[2025-02-10T15:40:20.145+0000] {processor.py:208} INFO - Processing /usr/local/lib/python3.9/dist-packages/airflow/example_dags/example_sla_dag.py took 0.157 seconds
[2025-02-10T15:41:38.061+0000] {processor.py:186} INFO - Started process (PID=851) to work on /usr/local/lib/python3.9/dist-packages/airflow/example_dags/example_sla_dag.py
[2025-02-10T15:41:38.063+0000] {processor.py:914} INFO - Processing file /usr/local/lib/python3.9/dist-packages/airflow/example_dags/example_sla_dag.py for tasks to queue
[2025-02-10T15:41:38.066+0000] {logging_mixin.py:190} INFO - [2025-02-10T15:41:38.066+0000] {dagbag.py:588} INFO - Filling up the DagBag from /usr/local/lib/python3.9/dist-packages/airflow/example_dags/example_sla_dag.py
[2025-02-10T15:41:38.082+0000] {processor.py:925} INFO - DAG(s) 'example_sla_dag' retrieved from /usr/local/lib/python3.9/dist-packages/airflow/example_dags/example_sla_dag.py
[2025-02-10T15:41:38.117+0000] {logging_mixin.py:190} INFO - [2025-02-10T15:41:38.117+0000] {dag.py:3239} INFO - Sync 1 DAGs
[2025-02-10T15:41:38.173+0000] {logging_mixin.py:190} INFO - [2025-02-10T15:41:38.172+0000] {dag.py:4180} INFO - Setting next_dagrun for example_sla_dag to 2025-02-10 15:38:00+00:00, run_after=2025-02-10 15:40:00+00:00
[2025-02-10T15:41:38.258+0000] {processor.py:208} INFO - Processing /usr/local/lib/python3.9/dist-packages/airflow/example_dags/example_sla_dag.py took 0.210 seconds
[2025-02-10T15:42:56.978+0000] {processor.py:186} INFO - Started process (PID=917) to work on /usr/local/lib/python3.9/dist-packages/airflow/example_dags/example_sla_dag.py
[2025-02-10T15:42:56.980+0000] {processor.py:914} INFO - Processing file /usr/local/lib/python3.9/dist-packages/airflow/example_dags/example_sla_dag.py for tasks to queue
[2025-02-10T15:42:56.982+0000] {logging_mixin.py:190} INFO - [2025-02-10T15:42:56.982+0000] {dagbag.py:588} INFO - Filling up the DagBag from /usr/local/lib/python3.9/dist-packages/airflow/example_dags/example_sla_dag.py
[2025-02-10T15:42:56.992+0000] {processor.py:925} INFO - DAG(s) 'example_sla_dag' retrieved from /usr/local/lib/python3.9/dist-packages/airflow/example_dags/example_sla_dag.py
[2025-02-10T15:42:57.019+0000] {logging_mixin.py:190} INFO - [2025-02-10T15:42:57.019+0000] {dag.py:3239} INFO - Sync 1 DAGs
[2025-02-10T15:42:57.051+0000] {logging_mixin.py:190} INFO - [2025-02-10T15:42:57.051+0000] {dag.py:4180} INFO - Setting next_dagrun for example_sla_dag to 2025-02-10 15:40:00+00:00, run_after=2025-02-10 15:42:00+00:00
[2025-02-10T15:42:57.130+0000] {processor.py:208} INFO - Processing /usr/local/lib/python3.9/dist-packages/airflow/example_dags/example_sla_dag.py took 0.157 seconds
[2025-02-10T15:44:23.950+0000] {processor.py:186} INFO - Started process (PID=985) to work on /usr/local/lib/python3.9/dist-packages/airflow/example_dags/example_sla_dag.py
[2025-02-10T15:44:23.952+0000] {processor.py:914} INFO - Processing file /usr/local/lib/python3.9/dist-packages/airflow/example_dags/example_sla_dag.py for tasks to queue
[2025-02-10T15:44:23.955+0000] {logging_mixin.py:190} INFO - [2025-02-10T15:44:23.954+0000] {dagbag.py:588} INFO - Filling up the DagBag from /usr/local/lib/python3.9/dist-packages/airflow/example_dags/example_sla_dag.py
[2025-02-10T15:44:23.964+0000] {processor.py:925} INFO - DAG(s) 'example_sla_dag' retrieved from /usr/local/lib/python3.9/dist-packages/airflow/example_dags/example_sla_dag.py
[2025-02-10T15:44:23.995+0000] {logging_mixin.py:190} INFO - [2025-02-10T15:44:23.995+0000] {dag.py:3239} INFO - Sync 1 DAGs
[2025-02-10T15:44:24.027+0000] {logging_mixin.py:190} INFO - [2025-02-10T15:44:24.027+0000] {dag.py:4180} INFO - Setting next_dagrun for example_sla_dag to 2025-02-10 15:42:00+00:00, run_after=2025-02-10 15:44:00+00:00
[2025-02-10T15:44:24.097+0000] {processor.py:208} INFO - Processing /usr/local/lib/python3.9/dist-packages/airflow/example_dags/example_sla_dag.py took 0.153 seconds
[2025-02-10T15:45:47.754+0000] {processor.py:186} INFO - Started process (PID=1052) to work on /usr/local/lib/python3.9/dist-packages/airflow/example_dags/example_sla_dag.py
[2025-02-10T15:45:47.756+0000] {processor.py:914} INFO - Processing file /usr/local/lib/python3.9/dist-packages/airflow/example_dags/example_sla_dag.py for tasks to queue
[2025-02-10T15:45:47.758+0000] {logging_mixin.py:190} INFO - [2025-02-10T15:45:47.758+0000] {dagbag.py:588} INFO - Filling up the DagBag from /usr/local/lib/python3.9/dist-packages/airflow/example_dags/example_sla_dag.py
[2025-02-10T15:45:47.768+0000] {processor.py:925} INFO - DAG(s) 'example_sla_dag' retrieved from /usr/local/lib/python3.9/dist-packages/airflow/example_dags/example_sla_dag.py
[2025-02-10T15:45:47.800+0000] {logging_mixin.py:190} INFO - [2025-02-10T15:45:47.799+0000] {dag.py:3239} INFO - Sync 1 DAGs
[2025-02-10T15:45:47.841+0000] {logging_mixin.py:190} INFO - [2025-02-10T15:45:47.841+0000] {dag.py:4180} INFO - Setting next_dagrun for example_sla_dag to 2025-02-10 15:42:00+00:00, run_after=2025-02-10 15:44:00+00:00
[2025-02-10T15:45:47.918+0000] {processor.py:208} INFO - Processing /usr/local/lib/python3.9/dist-packages/airflow/example_dags/example_sla_dag.py took 0.171 seconds
[2025-02-10T15:47:02.657+0000] {processor.py:186} INFO - Started process (PID=1116) to work on /usr/local/lib/python3.9/dist-packages/airflow/example_dags/example_sla_dag.py
[2025-02-10T15:47:02.659+0000] {processor.py:914} INFO - Processing file /usr/local/lib/python3.9/dist-packages/airflow/example_dags/example_sla_dag.py for tasks to queue
[2025-02-10T15:47:02.662+0000] {logging_mixin.py:190} INFO - [2025-02-10T15:47:02.661+0000] {dagbag.py:588} INFO - Filling up the DagBag from /usr/local/lib/python3.9/dist-packages/airflow/example_dags/example_sla_dag.py
[2025-02-10T15:47:02.672+0000] {processor.py:925} INFO - DAG(s) 'example_sla_dag' retrieved from /usr/local/lib/python3.9/dist-packages/airflow/example_dags/example_sla_dag.py
[2025-02-10T15:47:02.702+0000] {logging_mixin.py:190} INFO - [2025-02-10T15:47:02.702+0000] {dag.py:3239} INFO - Sync 1 DAGs
[2025-02-10T15:47:02.732+0000] {logging_mixin.py:190} INFO - [2025-02-10T15:47:02.732+0000] {dag.py:4180} INFO - Setting next_dagrun for example_sla_dag to 2025-02-10 15:44:00+00:00, run_after=2025-02-10 15:46:00+00:00
[2025-02-10T15:47:02.806+0000] {processor.py:208} INFO - Processing /usr/local/lib/python3.9/dist-packages/airflow/example_dags/example_sla_dag.py took 0.155 seconds
[2025-02-10T15:48:18.116+0000] {processor.py:186} INFO - Started process (PID=1180) to work on /usr/local/lib/python3.9/dist-packages/airflow/example_dags/example_sla_dag.py
[2025-02-10T15:48:18.118+0000] {processor.py:914} INFO - Processing file /usr/local/lib/python3.9/dist-packages/airflow/example_dags/example_sla_dag.py for tasks to queue
[2025-02-10T15:48:18.120+0000] {logging_mixin.py:190} INFO - [2025-02-10T15:48:18.120+0000] {dagbag.py:588} INFO - Filling up the DagBag from /usr/local/lib/python3.9/dist-packages/airflow/example_dags/example_sla_dag.py
[2025-02-10T15:48:18.130+0000] {processor.py:925} INFO - DAG(s) 'example_sla_dag' retrieved from /usr/local/lib/python3.9/dist-packages/airflow/example_dags/example_sla_dag.py
[2025-02-10T15:48:18.161+0000] {logging_mixin.py:190} INFO - [2025-02-10T15:48:18.161+0000] {dag.py:3239} INFO - Sync 1 DAGs
[2025-02-10T15:48:18.197+0000] {logging_mixin.py:190} INFO - [2025-02-10T15:48:18.196+0000] {dag.py:4180} INFO - Setting next_dagrun for example_sla_dag to 2025-02-10 15:46:00+00:00, run_after=2025-02-10 15:48:00+00:00
[2025-02-10T15:48:18.304+0000] {processor.py:208} INFO - Processing /usr/local/lib/python3.9/dist-packages/airflow/example_dags/example_sla_dag.py took 0.193 seconds
[2025-02-10T15:49:29.166+0000] {processor.py:186} INFO - Started process (PID=1241) to work on /usr/local/lib/python3.9/dist-packages/airflow/example_dags/example_sla_dag.py
[2025-02-10T15:49:29.168+0000] {processor.py:914} INFO - Processing file /usr/local/lib/python3.9/dist-packages/airflow/example_dags/example_sla_dag.py for tasks to queue
[2025-02-10T15:49:29.171+0000] {logging_mixin.py:190} INFO - [2025-02-10T15:49:29.170+0000] {dagbag.py:588} INFO - Filling up the DagBag from /usr/local/lib/python3.9/dist-packages/airflow/example_dags/example_sla_dag.py
[2025-02-10T15:49:29.181+0000] {processor.py:925} INFO - DAG(s) 'example_sla_dag' retrieved from /usr/local/lib/python3.9/dist-packages/airflow/example_dags/example_sla_dag.py
[2025-02-10T15:49:29.211+0000] {logging_mixin.py:190} INFO - [2025-02-10T15:49:29.210+0000] {dag.py:3239} INFO - Sync 1 DAGs
[2025-02-10T15:49:29.243+0000] {logging_mixin.py:190} INFO - [2025-02-10T15:49:29.243+0000] {dag.py:4180} INFO - Setting next_dagrun for example_sla_dag to 2025-02-10 15:46:00+00:00, run_after=2025-02-10 15:48:00+00:00
[2025-02-10T15:49:29.320+0000] {processor.py:208} INFO - Processing /usr/local/lib/python3.9/dist-packages/airflow/example_dags/example_sla_dag.py took 0.159 seconds
[2025-02-10T15:50:48.308+0000] {processor.py:186} INFO - Started process (PID=1307) to work on /usr/local/lib/python3.9/dist-packages/airflow/example_dags/example_sla_dag.py
[2025-02-10T15:50:48.310+0000] {processor.py:914} INFO - Processing file /usr/local/lib/python3.9/dist-packages/airflow/example_dags/example_sla_dag.py for tasks to queue
[2025-02-10T15:50:48.312+0000] {logging_mixin.py:190} INFO - [2025-02-10T15:50:48.312+0000] {dagbag.py:588} INFO - Filling up the DagBag from /usr/local/lib/python3.9/dist-packages/airflow/example_dags/example_sla_dag.py
[2025-02-10T15:50:48.329+0000] {processor.py:925} INFO - DAG(s) 'example_sla_dag' retrieved from /usr/local/lib/python3.9/dist-packages/airflow/example_dags/example_sla_dag.py
[2025-02-10T15:50:48.373+0000] {logging_mixin.py:190} INFO - [2025-02-10T15:50:48.373+0000] {dag.py:3239} INFO - Sync 1 DAGs
[2025-02-10T15:50:48.431+0000] {logging_mixin.py:190} INFO - [2025-02-10T15:50:48.430+0000] {dag.py:4180} INFO - Setting next_dagrun for example_sla_dag to 2025-02-10 15:48:00+00:00, run_after=2025-02-10 15:50:00+00:00
[2025-02-10T15:50:48.545+0000] {processor.py:208} INFO - Processing /usr/local/lib/python3.9/dist-packages/airflow/example_dags/example_sla_dag.py took 0.244 seconds
[2025-02-10T15:52:05.162+0000] {processor.py:186} INFO - Started process (PID=1370) to work on /usr/local/lib/python3.9/dist-packages/airflow/example_dags/example_sla_dag.py
[2025-02-10T15:52:05.163+0000] {processor.py:914} INFO - Processing file /usr/local/lib/python3.9/dist-packages/airflow/example_dags/example_sla_dag.py for tasks to queue
[2025-02-10T15:52:05.167+0000] {logging_mixin.py:190} INFO - [2025-02-10T15:52:05.166+0000] {dagbag.py:588} INFO - Filling up the DagBag from /usr/local/lib/python3.9/dist-packages/airflow/example_dags/example_sla_dag.py
[2025-02-10T15:52:05.177+0000] {processor.py:925} INFO - DAG(s) 'example_sla_dag' retrieved from /usr/local/lib/python3.9/dist-packages/airflow/example_dags/example_sla_dag.py
[2025-02-10T15:52:05.206+0000] {logging_mixin.py:190} INFO - [2025-02-10T15:52:05.206+0000] {dag.py:3239} INFO - Sync 1 DAGs
[2025-02-10T15:52:05.241+0000] {logging_mixin.py:190} INFO - [2025-02-10T15:52:05.241+0000] {dag.py:4180} INFO - Setting next_dagrun for example_sla_dag to 2025-02-10 15:50:00+00:00, run_after=2025-02-10 15:52:00+00:00
[2025-02-10T15:52:05.313+0000] {processor.py:208} INFO - Processing /usr/local/lib/python3.9/dist-packages/airflow/example_dags/example_sla_dag.py took 0.156 seconds
[2025-02-10T15:53:20.753+0000] {processor.py:186} INFO - Started process (PID=1434) to work on /usr/local/lib/python3.9/dist-packages/airflow/example_dags/example_sla_dag.py
[2025-02-10T15:53:20.755+0000] {processor.py:914} INFO - Processing file /usr/local/lib/python3.9/dist-packages/airflow/example_dags/example_sla_dag.py for tasks to queue
[2025-02-10T15:53:20.757+0000] {logging_mixin.py:190} INFO - [2025-02-10T15:53:20.757+0000] {dagbag.py:588} INFO - Filling up the DagBag from /usr/local/lib/python3.9/dist-packages/airflow/example_dags/example_sla_dag.py
[2025-02-10T15:53:20.767+0000] {processor.py:925} INFO - DAG(s) 'example_sla_dag' retrieved from /usr/local/lib/python3.9/dist-packages/airflow/example_dags/example_sla_dag.py
[2025-02-10T15:53:20.796+0000] {logging_mixin.py:190} INFO - [2025-02-10T15:53:20.795+0000] {dag.py:3239} INFO - Sync 1 DAGs
[2025-02-10T15:53:20.828+0000] {logging_mixin.py:190} INFO - [2025-02-10T15:53:20.828+0000] {dag.py:4180} INFO - Setting next_dagrun for example_sla_dag to 2025-02-10 15:50:00+00:00, run_after=2025-02-10 15:52:00+00:00
[2025-02-10T15:53:20.904+0000] {processor.py:208} INFO - Processing /usr/local/lib/python3.9/dist-packages/airflow/example_dags/example_sla_dag.py took 0.156 seconds
[2025-02-10T15:54:38.332+0000] {processor.py:186} INFO - Started process (PID=1498) to work on /usr/local/lib/python3.9/dist-packages/airflow/example_dags/example_sla_dag.py
[2025-02-10T15:54:38.334+0000] {processor.py:914} INFO - Processing file /usr/local/lib/python3.9/dist-packages/airflow/example_dags/example_sla_dag.py for tasks to queue
[2025-02-10T15:54:38.337+0000] {logging_mixin.py:190} INFO - [2025-02-10T15:54:38.337+0000] {dagbag.py:588} INFO - Filling up the DagBag from /usr/local/lib/python3.9/dist-packages/airflow/example_dags/example_sla_dag.py
[2025-02-10T15:54:38.351+0000] {processor.py:925} INFO - DAG(s) 'example_sla_dag' retrieved from /usr/local/lib/python3.9/dist-packages/airflow/example_dags/example_sla_dag.py
[2025-02-10T15:54:38.381+0000] {logging_mixin.py:190} INFO - [2025-02-10T15:54:38.381+0000] {dag.py:3239} INFO - Sync 1 DAGs
[2025-02-10T15:54:38.414+0000] {logging_mixin.py:190} INFO - [2025-02-10T15:54:38.414+0000] {dag.py:4180} INFO - Setting next_dagrun for example_sla_dag to 2025-02-10 15:52:00+00:00, run_after=2025-02-10 15:54:00+00:00
[2025-02-10T15:54:38.533+0000] {processor.py:208} INFO - Processing /usr/local/lib/python3.9/dist-packages/airflow/example_dags/example_sla_dag.py took 0.206 seconds
[2025-02-10T15:55:58.660+0000] {processor.py:186} INFO - Started process (PID=1564) to work on /usr/local/lib/python3.9/dist-packages/airflow/example_dags/example_sla_dag.py
[2025-02-10T15:55:58.663+0000] {processor.py:914} INFO - Processing file /usr/local/lib/python3.9/dist-packages/airflow/example_dags/example_sla_dag.py for tasks to queue
[2025-02-10T15:55:58.668+0000] {logging_mixin.py:190} INFO - [2025-02-10T15:55:58.667+0000] {dagbag.py:588} INFO - Filling up the DagBag from /usr/local/lib/python3.9/dist-packages/airflow/example_dags/example_sla_dag.py
[2025-02-10T15:55:58.687+0000] {processor.py:925} INFO - DAG(s) 'example_sla_dag' retrieved from /usr/local/lib/python3.9/dist-packages/airflow/example_dags/example_sla_dag.py
[2025-02-10T15:55:58.724+0000] {logging_mixin.py:190} INFO - [2025-02-10T15:55:58.723+0000] {dag.py:3239} INFO - Sync 1 DAGs
[2025-02-10T15:55:58.782+0000] {logging_mixin.py:190} INFO - [2025-02-10T15:55:58.782+0000] {dag.py:4180} INFO - Setting next_dagrun for example_sla_dag to 2025-02-10 15:52:00+00:00, run_after=2025-02-10 15:54:00+00:00
[2025-02-10T15:55:58.871+0000] {processor.py:208} INFO - Processing /usr/local/lib/python3.9/dist-packages/airflow/example_dags/example_sla_dag.py took 0.225 seconds
[2025-02-10T15:57:17.540+0000] {processor.py:186} INFO - Started process (PID=1629) to work on /usr/local/lib/python3.9/dist-packages/airflow/example_dags/example_sla_dag.py
[2025-02-10T15:57:17.542+0000] {processor.py:914} INFO - Processing file /usr/local/lib/python3.9/dist-packages/airflow/example_dags/example_sla_dag.py for tasks to queue
[2025-02-10T15:57:17.545+0000] {logging_mixin.py:190} INFO - [2025-02-10T15:57:17.544+0000] {dagbag.py:588} INFO - Filling up the DagBag from /usr/local/lib/python3.9/dist-packages/airflow/example_dags/example_sla_dag.py
[2025-02-10T15:57:17.554+0000] {processor.py:925} INFO - DAG(s) 'example_sla_dag' retrieved from /usr/local/lib/python3.9/dist-packages/airflow/example_dags/example_sla_dag.py
[2025-02-10T15:57:17.582+0000] {logging_mixin.py:190} INFO - [2025-02-10T15:57:17.582+0000] {dag.py:3239} INFO - Sync 1 DAGs
[2025-02-10T15:57:17.615+0000] {logging_mixin.py:190} INFO - [2025-02-10T15:57:17.615+0000] {dag.py:4180} INFO - Setting next_dagrun for example_sla_dag to 2025-02-10 15:54:00+00:00, run_after=2025-02-10 15:56:00+00:00
[2025-02-10T15:57:17.690+0000] {processor.py:208} INFO - Processing /usr/local/lib/python3.9/dist-packages/airflow/example_dags/example_sla_dag.py took 0.154 seconds
[2025-02-10T15:58:36.560+0000] {processor.py:186} INFO - Started process (PID=1694) to work on /usr/local/lib/python3.9/dist-packages/airflow/example_dags/example_sla_dag.py
[2025-02-10T15:58:36.562+0000] {processor.py:914} INFO - Processing file /usr/local/lib/python3.9/dist-packages/airflow/example_dags/example_sla_dag.py for tasks to queue
[2025-02-10T15:58:36.565+0000] {logging_mixin.py:190} INFO - [2025-02-10T15:58:36.564+0000] {dagbag.py:588} INFO - Filling up the DagBag from /usr/local/lib/python3.9/dist-packages/airflow/example_dags/example_sla_dag.py
[2025-02-10T15:58:36.576+0000] {processor.py:925} INFO - DAG(s) 'example_sla_dag' retrieved from /usr/local/lib/python3.9/dist-packages/airflow/example_dags/example_sla_dag.py
[2025-02-10T15:58:36.607+0000] {logging_mixin.py:190} INFO - [2025-02-10T15:58:36.606+0000] {dag.py:3239} INFO - Sync 1 DAGs
[2025-02-10T15:58:36.640+0000] {logging_mixin.py:190} INFO - [2025-02-10T15:58:36.640+0000] {dag.py:4180} INFO - Setting next_dagrun for example_sla_dag to 2025-02-10 15:56:00+00:00, run_after=2025-02-10 15:58:00+00:00
[2025-02-10T15:58:36.721+0000] {processor.py:208} INFO - Processing /usr/local/lib/python3.9/dist-packages/airflow/example_dags/example_sla_dag.py took 0.167 seconds
[2025-02-10T15:59:54.259+0000] {processor.py:186} INFO - Started process (PID=1759) to work on /usr/local/lib/python3.9/dist-packages/airflow/example_dags/example_sla_dag.py
[2025-02-10T15:59:54.261+0000] {processor.py:914} INFO - Processing file /usr/local/lib/python3.9/dist-packages/airflow/example_dags/example_sla_dag.py for tasks to queue
[2025-02-10T15:59:54.265+0000] {logging_mixin.py:190} INFO - [2025-02-10T15:59:54.265+0000] {dagbag.py:588} INFO - Filling up the DagBag from /usr/local/lib/python3.9/dist-packages/airflow/example_dags/example_sla_dag.py
[2025-02-10T15:59:54.276+0000] {processor.py:925} INFO - DAG(s) 'example_sla_dag' retrieved from /usr/local/lib/python3.9/dist-packages/airflow/example_dags/example_sla_dag.py
[2025-02-10T15:59:54.306+0000] {logging_mixin.py:190} INFO - [2025-02-10T15:59:54.306+0000] {dag.py:3239} INFO - Sync 1 DAGs
[2025-02-10T15:59:54.338+0000] {logging_mixin.py:190} INFO - [2025-02-10T15:59:54.338+0000] {dag.py:4180} INFO - Setting next_dagrun for example_sla_dag to 2025-02-10 15:56:00+00:00, run_after=2025-02-10 15:58:00+00:00
[2025-02-10T15:59:54.414+0000] {processor.py:208} INFO - Processing /usr/local/lib/python3.9/dist-packages/airflow/example_dags/example_sla_dag.py took 0.163 seconds
[2025-02-10T16:01:16.025+0000] {processor.py:186} INFO - Started process (PID=1825) to work on /usr/local/lib/python3.9/dist-packages/airflow/example_dags/example_sla_dag.py
[2025-02-10T16:01:16.027+0000] {processor.py:914} INFO - Processing file /usr/local/lib/python3.9/dist-packages/airflow/example_dags/example_sla_dag.py for tasks to queue
[2025-02-10T16:01:16.030+0000] {logging_mixin.py:190} INFO - [2025-02-10T16:01:16.029+0000] {dagbag.py:588} INFO - Filling up the DagBag from /usr/local/lib/python3.9/dist-packages/airflow/example_dags/example_sla_dag.py
[2025-02-10T16:01:16.043+0000] {processor.py:925} INFO - DAG(s) 'example_sla_dag' retrieved from /usr/local/lib/python3.9/dist-packages/airflow/example_dags/example_sla_dag.py
[2025-02-10T16:01:16.072+0000] {logging_mixin.py:190} INFO - [2025-02-10T16:01:16.071+0000] {dag.py:3239} INFO - Sync 1 DAGs
[2025-02-10T16:01:16.104+0000] {logging_mixin.py:190} INFO - [2025-02-10T16:01:16.104+0000] {dag.py:4180} INFO - Setting next_dagrun for example_sla_dag to 2025-02-10 15:58:00+00:00, run_after=2025-02-10 16:00:00+00:00
[2025-02-10T16:01:16.190+0000] {processor.py:208} INFO - Processing /usr/local/lib/python3.9/dist-packages/airflow/example_dags/example_sla_dag.py took 0.173 seconds
[2025-02-10T16:03:59.444+0000] {processor.py:186} INFO - Started process (PID=66) to work on /usr/local/lib/python3.9/dist-packages/airflow/example_dags/example_sla_dag.py
[2025-02-10T16:03:59.446+0000] {processor.py:914} INFO - Processing file /usr/local/lib/python3.9/dist-packages/airflow/example_dags/example_sla_dag.py for tasks to queue
[2025-02-10T16:03:59.448+0000] {logging_mixin.py:190} INFO - [2025-02-10T16:03:59.448+0000] {dagbag.py:588} INFO - Filling up the DagBag from /usr/local/lib/python3.9/dist-packages/airflow/example_dags/example_sla_dag.py
[2025-02-10T16:03:59.459+0000] {processor.py:925} INFO - DAG(s) 'example_sla_dag' retrieved from /usr/local/lib/python3.9/dist-packages/airflow/example_dags/example_sla_dag.py
[2025-02-10T16:03:59.498+0000] {logging_mixin.py:190} INFO - [2025-02-10T16:03:59.497+0000] {dag.py:3239} INFO - Sync 1 DAGs
[2025-02-10T16:03:59.530+0000] {logging_mixin.py:190} INFO - [2025-02-10T16:03:59.529+0000] {dag.py:4180} INFO - Setting next_dagrun for example_sla_dag to 2025-02-10 16:00:00+00:00, run_after=2025-02-10 16:02:00+00:00
[2025-02-10T16:03:59.608+0000] {processor.py:208} INFO - Processing /usr/local/lib/python3.9/dist-packages/airflow/example_dags/example_sla_dag.py took 0.169 seconds
[2025-02-10T16:05:15.297+0000] {processor.py:186} INFO - Started process (PID=131) to work on /usr/local/lib/python3.9/dist-packages/airflow/example_dags/example_sla_dag.py
[2025-02-10T16:05:15.298+0000] {processor.py:914} INFO - Processing file /usr/local/lib/python3.9/dist-packages/airflow/example_dags/example_sla_dag.py for tasks to queue
[2025-02-10T16:05:15.300+0000] {logging_mixin.py:190} INFO - [2025-02-10T16:05:15.300+0000] {dagbag.py:588} INFO - Filling up the DagBag from /usr/local/lib/python3.9/dist-packages/airflow/example_dags/example_sla_dag.py
[2025-02-10T16:05:15.310+0000] {processor.py:925} INFO - DAG(s) 'example_sla_dag' retrieved from /usr/local/lib/python3.9/dist-packages/airflow/example_dags/example_sla_dag.py
[2025-02-10T16:05:15.342+0000] {logging_mixin.py:190} INFO - [2025-02-10T16:05:15.342+0000] {dag.py:3239} INFO - Sync 1 DAGs
[2025-02-10T16:05:15.374+0000] {logging_mixin.py:190} INFO - [2025-02-10T16:05:15.374+0000] {dag.py:4180} INFO - Setting next_dagrun for example_sla_dag to 2025-02-10 16:02:00+00:00, run_after=2025-02-10 16:04:00+00:00
[2025-02-10T16:05:15.458+0000] {processor.py:208} INFO - Processing /usr/local/lib/python3.9/dist-packages/airflow/example_dags/example_sla_dag.py took 0.167 seconds
[2025-02-10T16:06:31.202+0000] {processor.py:186} INFO - Started process (PID=194) to work on /usr/local/lib/python3.9/dist-packages/airflow/example_dags/example_sla_dag.py
[2025-02-10T16:06:31.203+0000] {processor.py:914} INFO - Processing file /usr/local/lib/python3.9/dist-packages/airflow/example_dags/example_sla_dag.py for tasks to queue
[2025-02-10T16:06:31.206+0000] {logging_mixin.py:190} INFO - [2025-02-10T16:06:31.205+0000] {dagbag.py:588} INFO - Filling up the DagBag from /usr/local/lib/python3.9/dist-packages/airflow/example_dags/example_sla_dag.py
[2025-02-10T16:06:31.218+0000] {processor.py:925} INFO - DAG(s) 'example_sla_dag' retrieved from /usr/local/lib/python3.9/dist-packages/airflow/example_dags/example_sla_dag.py
[2025-02-10T16:06:31.255+0000] {logging_mixin.py:190} INFO - [2025-02-10T16:06:31.255+0000] {dag.py:3239} INFO - Sync 1 DAGs
[2025-02-10T16:06:31.292+0000] {logging_mixin.py:190} INFO - [2025-02-10T16:06:31.292+0000] {dag.py:4180} INFO - Setting next_dagrun for example_sla_dag to 2025-02-10 16:04:00+00:00, run_after=2025-02-10 16:06:00+00:00
[2025-02-10T16:06:31.385+0000] {processor.py:208} INFO - Processing /usr/local/lib/python3.9/dist-packages/airflow/example_dags/example_sla_dag.py took 0.188 seconds
[2025-02-10T16:07:47.700+0000] {processor.py:186} INFO - Started process (PID=258) to work on /usr/local/lib/python3.9/dist-packages/airflow/example_dags/example_sla_dag.py
[2025-02-10T16:07:47.702+0000] {processor.py:914} INFO - Processing file /usr/local/lib/python3.9/dist-packages/airflow/example_dags/example_sla_dag.py for tasks to queue
[2025-02-10T16:07:47.704+0000] {logging_mixin.py:190} INFO - [2025-02-10T16:07:47.704+0000] {dagbag.py:588} INFO - Filling up the DagBag from /usr/local/lib/python3.9/dist-packages/airflow/example_dags/example_sla_dag.py
[2025-02-10T16:07:47.716+0000] {processor.py:925} INFO - DAG(s) 'example_sla_dag' retrieved from /usr/local/lib/python3.9/dist-packages/airflow/example_dags/example_sla_dag.py
[2025-02-10T16:07:47.744+0000] {logging_mixin.py:190} INFO - [2025-02-10T16:07:47.744+0000] {dag.py:3239} INFO - Sync 1 DAGs
[2025-02-10T16:07:47.777+0000] {logging_mixin.py:190} INFO - [2025-02-10T16:07:47.777+0000] {dag.py:4180} INFO - Setting next_dagrun for example_sla_dag to 2025-02-10 16:04:00+00:00, run_after=2025-02-10 16:06:00+00:00
[2025-02-10T16:07:47.850+0000] {processor.py:208} INFO - Processing /usr/local/lib/python3.9/dist-packages/airflow/example_dags/example_sla_dag.py took 0.156 seconds
[2025-02-10T16:09:08.321+0000] {processor.py:186} INFO - Started process (PID=323) to work on /usr/local/lib/python3.9/dist-packages/airflow/example_dags/example_sla_dag.py
[2025-02-10T16:09:08.323+0000] {processor.py:914} INFO - Processing file /usr/local/lib/python3.9/dist-packages/airflow/example_dags/example_sla_dag.py for tasks to queue
[2025-02-10T16:09:08.326+0000] {logging_mixin.py:190} INFO - [2025-02-10T16:09:08.325+0000] {dagbag.py:588} INFO - Filling up the DagBag from /usr/local/lib/python3.9/dist-packages/airflow/example_dags/example_sla_dag.py
[2025-02-10T16:09:08.337+0000] {processor.py:925} INFO - DAG(s) 'example_sla_dag' retrieved from /usr/local/lib/python3.9/dist-packages/airflow/example_dags/example_sla_dag.py
[2025-02-10T16:09:08.366+0000] {logging_mixin.py:190} INFO - [2025-02-10T16:09:08.366+0000] {dag.py:3239} INFO - Sync 1 DAGs
[2025-02-10T16:09:08.399+0000] {logging_mixin.py:190} INFO - [2025-02-10T16:09:08.399+0000] {dag.py:4180} INFO - Setting next_dagrun for example_sla_dag to 2025-02-10 16:06:00+00:00, run_after=2025-02-10 16:08:00+00:00
[2025-02-10T16:09:08.477+0000] {processor.py:208} INFO - Processing /usr/local/lib/python3.9/dist-packages/airflow/example_dags/example_sla_dag.py took 0.163 seconds
[2025-02-10T16:10:25.830+0000] {processor.py:186} INFO - Started process (PID=387) to work on /usr/local/lib/python3.9/dist-packages/airflow/example_dags/example_sla_dag.py
[2025-02-10T16:10:25.832+0000] {processor.py:914} INFO - Processing file /usr/local/lib/python3.9/dist-packages/airflow/example_dags/example_sla_dag.py for tasks to queue
[2025-02-10T16:10:25.834+0000] {logging_mixin.py:190} INFO - [2025-02-10T16:10:25.834+0000] {dagbag.py:588} INFO - Filling up the DagBag from /usr/local/lib/python3.9/dist-packages/airflow/example_dags/example_sla_dag.py
[2025-02-10T16:10:25.844+0000] {processor.py:925} INFO - DAG(s) 'example_sla_dag' retrieved from /usr/local/lib/python3.9/dist-packages/airflow/example_dags/example_sla_dag.py
[2025-02-10T16:10:25.873+0000] {logging_mixin.py:190} INFO - [2025-02-10T16:10:25.872+0000] {dag.py:3239} INFO - Sync 1 DAGs
[2025-02-10T16:10:25.907+0000] {logging_mixin.py:190} INFO - [2025-02-10T16:10:25.907+0000] {dag.py:4180} INFO - Setting next_dagrun for example_sla_dag to 2025-02-10 16:08:00+00:00, run_after=2025-02-10 16:10:00+00:00
[2025-02-10T16:10:25.985+0000] {processor.py:208} INFO - Processing /usr/local/lib/python3.9/dist-packages/airflow/example_dags/example_sla_dag.py took 0.160 seconds
[2025-02-10T16:11:40.894+0000] {processor.py:186} INFO - Started process (PID=451) to work on /usr/local/lib/python3.9/dist-packages/airflow/example_dags/example_sla_dag.py
[2025-02-10T16:11:40.896+0000] {processor.py:914} INFO - Processing file /usr/local/lib/python3.9/dist-packages/airflow/example_dags/example_sla_dag.py for tasks to queue
[2025-02-10T16:11:40.898+0000] {logging_mixin.py:190} INFO - [2025-02-10T16:11:40.898+0000] {dagbag.py:588} INFO - Filling up the DagBag from /usr/local/lib/python3.9/dist-packages/airflow/example_dags/example_sla_dag.py
[2025-02-10T16:11:40.908+0000] {processor.py:925} INFO - DAG(s) 'example_sla_dag' retrieved from /usr/local/lib/python3.9/dist-packages/airflow/example_dags/example_sla_dag.py
[2025-02-10T16:11:40.938+0000] {logging_mixin.py:190} INFO - [2025-02-10T16:11:40.938+0000] {dag.py:3239} INFO - Sync 1 DAGs
[2025-02-10T16:11:40.971+0000] {logging_mixin.py:190} INFO - [2025-02-10T16:11:40.970+0000] {dag.py:4180} INFO - Setting next_dagrun for example_sla_dag to 2025-02-10 16:08:00+00:00, run_after=2025-02-10 16:10:00+00:00
[2025-02-10T16:11:41.043+0000] {processor.py:208} INFO - Processing /usr/local/lib/python3.9/dist-packages/airflow/example_dags/example_sla_dag.py took 0.154 seconds
[2025-02-10T16:12:56.335+0000] {processor.py:186} INFO - Started process (PID=515) to work on /usr/local/lib/python3.9/dist-packages/airflow/example_dags/example_sla_dag.py
[2025-02-10T16:12:56.336+0000] {processor.py:914} INFO - Processing file /usr/local/lib/python3.9/dist-packages/airflow/example_dags/example_sla_dag.py for tasks to queue
[2025-02-10T16:12:56.340+0000] {logging_mixin.py:190} INFO - [2025-02-10T16:12:56.339+0000] {dagbag.py:588} INFO - Filling up the DagBag from /usr/local/lib/python3.9/dist-packages/airflow/example_dags/example_sla_dag.py
[2025-02-10T16:12:56.349+0000] {processor.py:925} INFO - DAG(s) 'example_sla_dag' retrieved from /usr/local/lib/python3.9/dist-packages/airflow/example_dags/example_sla_dag.py
[2025-02-10T16:12:56.377+0000] {logging_mixin.py:190} INFO - [2025-02-10T16:12:56.376+0000] {dag.py:3239} INFO - Sync 1 DAGs
[2025-02-10T16:12:56.408+0000] {logging_mixin.py:190} INFO - [2025-02-10T16:12:56.408+0000] {dag.py:4180} INFO - Setting next_dagrun for example_sla_dag to 2025-02-10 16:10:00+00:00, run_after=2025-02-10 16:12:00+00:00
[2025-02-10T16:12:56.479+0000] {processor.py:208} INFO - Processing /usr/local/lib/python3.9/dist-packages/airflow/example_dags/example_sla_dag.py took 0.149 seconds
[2025-02-10T16:14:08.016+0000] {processor.py:186} INFO - Started process (PID=577) to work on /usr/local/lib/python3.9/dist-packages/airflow/example_dags/example_sla_dag.py
[2025-02-10T16:14:08.018+0000] {processor.py:914} INFO - Processing file /usr/local/lib/python3.9/dist-packages/airflow/example_dags/example_sla_dag.py for tasks to queue
[2025-02-10T16:14:08.021+0000] {logging_mixin.py:190} INFO - [2025-02-10T16:14:08.020+0000] {dagbag.py:588} INFO - Filling up the DagBag from /usr/local/lib/python3.9/dist-packages/airflow/example_dags/example_sla_dag.py
[2025-02-10T16:14:08.031+0000] {processor.py:925} INFO - DAG(s) 'example_sla_dag' retrieved from /usr/local/lib/python3.9/dist-packages/airflow/example_dags/example_sla_dag.py
[2025-02-10T16:14:08.062+0000] {logging_mixin.py:190} INFO - [2025-02-10T16:14:08.061+0000] {dag.py:3239} INFO - Sync 1 DAGs
[2025-02-10T16:14:08.093+0000] {logging_mixin.py:190} INFO - [2025-02-10T16:14:08.093+0000] {dag.py:4180} INFO - Setting next_dagrun for example_sla_dag to 2025-02-10 16:12:00+00:00, run_after=2025-02-10 16:14:00+00:00
[2025-02-10T16:14:08.174+0000] {processor.py:208} INFO - Processing /usr/local/lib/python3.9/dist-packages/airflow/example_dags/example_sla_dag.py took 0.163 seconds
[2025-02-10T16:15:25.553+0000] {processor.py:186} INFO - Started process (PID=641) to work on /usr/local/lib/python3.9/dist-packages/airflow/example_dags/example_sla_dag.py
[2025-02-10T16:15:25.555+0000] {processor.py:914} INFO - Processing file /usr/local/lib/python3.9/dist-packages/airflow/example_dags/example_sla_dag.py for tasks to queue
[2025-02-10T16:15:25.558+0000] {logging_mixin.py:190} INFO - [2025-02-10T16:15:25.557+0000] {dagbag.py:588} INFO - Filling up the DagBag from /usr/local/lib/python3.9/dist-packages/airflow/example_dags/example_sla_dag.py
[2025-02-10T16:15:25.568+0000] {processor.py:925} INFO - DAG(s) 'example_sla_dag' retrieved from /usr/local/lib/python3.9/dist-packages/airflow/example_dags/example_sla_dag.py
[2025-02-10T16:15:25.598+0000] {logging_mixin.py:190} INFO - [2025-02-10T16:15:25.597+0000] {dag.py:3239} INFO - Sync 1 DAGs
[2025-02-10T16:15:25.631+0000] {logging_mixin.py:190} INFO - [2025-02-10T16:15:25.631+0000] {dag.py:4180} INFO - Setting next_dagrun for example_sla_dag to 2025-02-10 16:12:00+00:00, run_after=2025-02-10 16:14:00+00:00
[2025-02-10T16:15:25.703+0000] {processor.py:208} INFO - Processing /usr/local/lib/python3.9/dist-packages/airflow/example_dags/example_sla_dag.py took 0.155 seconds
[2025-02-10T16:16:48.201+0000] {processor.py:186} INFO - Started process (PID=708) to work on /usr/local/lib/python3.9/dist-packages/airflow/example_dags/example_sla_dag.py
[2025-02-10T16:16:48.202+0000] {processor.py:914} INFO - Processing file /usr/local/lib/python3.9/dist-packages/airflow/example_dags/example_sla_dag.py for tasks to queue
[2025-02-10T16:16:48.205+0000] {logging_mixin.py:190} INFO - [2025-02-10T16:16:48.204+0000] {dagbag.py:588} INFO - Filling up the DagBag from /usr/local/lib/python3.9/dist-packages/airflow/example_dags/example_sla_dag.py
[2025-02-10T16:16:48.216+0000] {processor.py:925} INFO - DAG(s) 'example_sla_dag' retrieved from /usr/local/lib/python3.9/dist-packages/airflow/example_dags/example_sla_dag.py
[2025-02-10T16:16:48.248+0000] {logging_mixin.py:190} INFO - [2025-02-10T16:16:48.248+0000] {dag.py:3239} INFO - Sync 1 DAGs
[2025-02-10T16:16:48.281+0000] {logging_mixin.py:190} INFO - [2025-02-10T16:16:48.281+0000] {dag.py:4180} INFO - Setting next_dagrun for example_sla_dag to 2025-02-10 16:14:00+00:00, run_after=2025-02-10 16:16:00+00:00
[2025-02-10T16:16:48.360+0000] {processor.py:208} INFO - Processing /usr/local/lib/python3.9/dist-packages/airflow/example_dags/example_sla_dag.py took 0.165 seconds
[2025-02-10T16:18:00.414+0000] {processor.py:186} INFO - Started process (PID=771) to work on /usr/local/lib/python3.9/dist-packages/airflow/example_dags/example_sla_dag.py
[2025-02-10T16:18:00.417+0000] {processor.py:914} INFO - Processing file /usr/local/lib/python3.9/dist-packages/airflow/example_dags/example_sla_dag.py for tasks to queue
[2025-02-10T16:18:00.421+0000] {logging_mixin.py:190} INFO - [2025-02-10T16:18:00.421+0000] {dagbag.py:588} INFO - Filling up the DagBag from /usr/local/lib/python3.9/dist-packages/airflow/example_dags/example_sla_dag.py
[2025-02-10T16:18:00.436+0000] {processor.py:925} INFO - DAG(s) 'example_sla_dag' retrieved from /usr/local/lib/python3.9/dist-packages/airflow/example_dags/example_sla_dag.py
[2025-02-10T16:18:00.466+0000] {logging_mixin.py:190} INFO - [2025-02-10T16:18:00.465+0000] {dag.py:3239} INFO - Sync 1 DAGs
[2025-02-10T16:18:00.499+0000] {logging_mixin.py:190} INFO - [2025-02-10T16:18:00.499+0000] {dag.py:4180} INFO - Setting next_dagrun for example_sla_dag to 2025-02-10 16:16:00+00:00, run_after=2025-02-10 16:18:00+00:00
[2025-02-10T16:18:00.584+0000] {processor.py:208} INFO - Processing /usr/local/lib/python3.9/dist-packages/airflow/example_dags/example_sla_dag.py took 0.175 seconds
[2025-02-10T16:19:18.546+0000] {processor.py:186} INFO - Started process (PID=836) to work on /usr/local/lib/python3.9/dist-packages/airflow/example_dags/example_sla_dag.py
[2025-02-10T16:19:18.547+0000] {processor.py:914} INFO - Processing file /usr/local/lib/python3.9/dist-packages/airflow/example_dags/example_sla_dag.py for tasks to queue
[2025-02-10T16:19:18.550+0000] {logging_mixin.py:190} INFO - [2025-02-10T16:19:18.550+0000] {dagbag.py:588} INFO - Filling up the DagBag from /usr/local/lib/python3.9/dist-packages/airflow/example_dags/example_sla_dag.py
[2025-02-10T16:19:18.562+0000] {processor.py:925} INFO - DAG(s) 'example_sla_dag' retrieved from /usr/local/lib/python3.9/dist-packages/airflow/example_dags/example_sla_dag.py
[2025-02-10T16:19:18.589+0000] {logging_mixin.py:190} INFO - [2025-02-10T16:19:18.589+0000] {dag.py:3239} INFO - Sync 1 DAGs
[2025-02-10T16:19:18.621+0000] {logging_mixin.py:190} INFO - [2025-02-10T16:19:18.620+0000] {dag.py:4180} INFO - Setting next_dagrun for example_sla_dag to 2025-02-10 16:16:00+00:00, run_after=2025-02-10 16:18:00+00:00
[2025-02-10T16:19:18.698+0000] {processor.py:208} INFO - Processing /usr/local/lib/python3.9/dist-packages/airflow/example_dags/example_sla_dag.py took 0.158 seconds
[2025-02-10T16:20:35.531+0000] {processor.py:186} INFO - Started process (PID=900) to work on /usr/local/lib/python3.9/dist-packages/airflow/example_dags/example_sla_dag.py
[2025-02-10T16:20:35.533+0000] {processor.py:914} INFO - Processing file /usr/local/lib/python3.9/dist-packages/airflow/example_dags/example_sla_dag.py for tasks to queue
[2025-02-10T16:20:35.536+0000] {logging_mixin.py:190} INFO - [2025-02-10T16:20:35.536+0000] {dagbag.py:588} INFO - Filling up the DagBag from /usr/local/lib/python3.9/dist-packages/airflow/example_dags/example_sla_dag.py
[2025-02-10T16:20:35.546+0000] {processor.py:925} INFO - DAG(s) 'example_sla_dag' retrieved from /usr/local/lib/python3.9/dist-packages/airflow/example_dags/example_sla_dag.py
[2025-02-10T16:20:35.576+0000] {logging_mixin.py:190} INFO - [2025-02-10T16:20:35.575+0000] {dag.py:3239} INFO - Sync 1 DAGs
[2025-02-10T16:20:35.609+0000] {logging_mixin.py:190} INFO - [2025-02-10T16:20:35.608+0000] {dag.py:4180} INFO - Setting next_dagrun for example_sla_dag to 2025-02-10 16:18:00+00:00, run_after=2025-02-10 16:20:00+00:00
[2025-02-10T16:20:35.684+0000] {processor.py:208} INFO - Processing /usr/local/lib/python3.9/dist-packages/airflow/example_dags/example_sla_dag.py took 0.159 seconds
[2025-02-10T16:21:56.785+0000] {processor.py:186} INFO - Started process (PID=970) to work on /usr/local/lib/python3.9/dist-packages/airflow/example_dags/example_sla_dag.py
[2025-02-10T16:21:56.786+0000] {processor.py:914} INFO - Processing file /usr/local/lib/python3.9/dist-packages/airflow/example_dags/example_sla_dag.py for tasks to queue
[2025-02-10T16:21:56.789+0000] {logging_mixin.py:190} INFO - [2025-02-10T16:21:56.788+0000] {dagbag.py:588} INFO - Filling up the DagBag from /usr/local/lib/python3.9/dist-packages/airflow/example_dags/example_sla_dag.py
[2025-02-10T16:21:56.799+0000] {processor.py:925} INFO - DAG(s) 'example_sla_dag' retrieved from /usr/local/lib/python3.9/dist-packages/airflow/example_dags/example_sla_dag.py
[2025-02-10T16:21:56.830+0000] {logging_mixin.py:190} INFO - [2025-02-10T16:21:56.829+0000] {dag.py:3239} INFO - Sync 1 DAGs
[2025-02-10T16:21:56.862+0000] {logging_mixin.py:190} INFO - [2025-02-10T16:21:56.862+0000] {dag.py:4180} INFO - Setting next_dagrun for example_sla_dag to 2025-02-10 16:18:00+00:00, run_after=2025-02-10 16:20:00+00:00
[2025-02-10T16:21:56.942+0000] {processor.py:208} INFO - Processing /usr/local/lib/python3.9/dist-packages/airflow/example_dags/example_sla_dag.py took 0.163 seconds
[2025-02-10T16:23:15.760+0000] {processor.py:186} INFO - Started process (PID=1035) to work on /usr/local/lib/python3.9/dist-packages/airflow/example_dags/example_sla_dag.py
[2025-02-10T16:23:15.762+0000] {processor.py:914} INFO - Processing file /usr/local/lib/python3.9/dist-packages/airflow/example_dags/example_sla_dag.py for tasks to queue
[2025-02-10T16:23:15.764+0000] {logging_mixin.py:190} INFO - [2025-02-10T16:23:15.764+0000] {dagbag.py:588} INFO - Filling up the DagBag from /usr/local/lib/python3.9/dist-packages/airflow/example_dags/example_sla_dag.py
[2025-02-10T16:23:15.774+0000] {processor.py:925} INFO - DAG(s) 'example_sla_dag' retrieved from /usr/local/lib/python3.9/dist-packages/airflow/example_dags/example_sla_dag.py
[2025-02-10T16:23:15.802+0000] {logging_mixin.py:190} INFO - [2025-02-10T16:23:15.802+0000] {dag.py:3239} INFO - Sync 1 DAGs
[2025-02-10T16:23:15.834+0000] {logging_mixin.py:190} INFO - [2025-02-10T16:23:15.833+0000] {dag.py:4180} INFO - Setting next_dagrun for example_sla_dag to 2025-02-10 16:20:00+00:00, run_after=2025-02-10 16:22:00+00:00
[2025-02-10T16:23:15.911+0000] {processor.py:208} INFO - Processing /usr/local/lib/python3.9/dist-packages/airflow/example_dags/example_sla_dag.py took 0.156 seconds
[2025-02-10T16:24:32.597+0000] {processor.py:186} INFO - Started process (PID=1099) to work on /usr/local/lib/python3.9/dist-packages/airflow/example_dags/example_sla_dag.py
[2025-02-10T16:24:32.598+0000] {processor.py:914} INFO - Processing file /usr/local/lib/python3.9/dist-packages/airflow/example_dags/example_sla_dag.py for tasks to queue
[2025-02-10T16:24:32.602+0000] {logging_mixin.py:190} INFO - [2025-02-10T16:24:32.601+0000] {dagbag.py:588} INFO - Filling up the DagBag from /usr/local/lib/python3.9/dist-packages/airflow/example_dags/example_sla_dag.py
[2025-02-10T16:24:32.612+0000] {processor.py:925} INFO - DAG(s) 'example_sla_dag' retrieved from /usr/local/lib/python3.9/dist-packages/airflow/example_dags/example_sla_dag.py
[2025-02-10T16:24:32.641+0000] {logging_mixin.py:190} INFO - [2025-02-10T16:24:32.640+0000] {dag.py:3239} INFO - Sync 1 DAGs
[2025-02-10T16:24:32.674+0000] {logging_mixin.py:190} INFO - [2025-02-10T16:24:32.674+0000] {dag.py:4180} INFO - Setting next_dagrun for example_sla_dag to 2025-02-10 16:22:00+00:00, run_after=2025-02-10 16:24:00+00:00
[2025-02-10T16:24:32.755+0000] {processor.py:208} INFO - Processing /usr/local/lib/python3.9/dist-packages/airflow/example_dags/example_sla_dag.py took 0.164 seconds
[2025-02-10T16:25:56.359+0000] {processor.py:186} INFO - Started process (PID=1167) to work on /usr/local/lib/python3.9/dist-packages/airflow/example_dags/example_sla_dag.py
[2025-02-10T16:25:56.360+0000] {processor.py:914} INFO - Processing file /usr/local/lib/python3.9/dist-packages/airflow/example_dags/example_sla_dag.py for tasks to queue
[2025-02-10T16:25:56.364+0000] {logging_mixin.py:190} INFO - [2025-02-10T16:25:56.363+0000] {dagbag.py:588} INFO - Filling up the DagBag from /usr/local/lib/python3.9/dist-packages/airflow/example_dags/example_sla_dag.py
[2025-02-10T16:25:56.377+0000] {processor.py:925} INFO - DAG(s) 'example_sla_dag' retrieved from /usr/local/lib/python3.9/dist-packages/airflow/example_dags/example_sla_dag.py
[2025-02-10T16:25:56.406+0000] {logging_mixin.py:190} INFO - [2025-02-10T16:25:56.406+0000] {dag.py:3239} INFO - Sync 1 DAGs
[2025-02-10T16:25:56.441+0000] {logging_mixin.py:190} INFO - [2025-02-10T16:25:56.441+0000] {dag.py:4180} INFO - Setting next_dagrun for example_sla_dag to 2025-02-10 16:22:00+00:00, run_after=2025-02-10 16:24:00+00:00
[2025-02-10T16:25:56.523+0000] {processor.py:208} INFO - Processing /usr/local/lib/python3.9/dist-packages/airflow/example_dags/example_sla_dag.py took 0.171 seconds
[2025-02-10T16:27:16.680+0000] {processor.py:186} INFO - Started process (PID=1233) to work on /usr/local/lib/python3.9/dist-packages/airflow/example_dags/example_sla_dag.py
[2025-02-10T16:27:16.681+0000] {processor.py:914} INFO - Processing file /usr/local/lib/python3.9/dist-packages/airflow/example_dags/example_sla_dag.py for tasks to queue
[2025-02-10T16:27:16.685+0000] {logging_mixin.py:190} INFO - [2025-02-10T16:27:16.684+0000] {dagbag.py:588} INFO - Filling up the DagBag from /usr/local/lib/python3.9/dist-packages/airflow/example_dags/example_sla_dag.py
[2025-02-10T16:27:16.694+0000] {processor.py:925} INFO - DAG(s) 'example_sla_dag' retrieved from /usr/local/lib/python3.9/dist-packages/airflow/example_dags/example_sla_dag.py
[2025-02-10T16:27:16.725+0000] {logging_mixin.py:190} INFO - [2025-02-10T16:27:16.724+0000] {dag.py:3239} INFO - Sync 1 DAGs
[2025-02-10T16:27:16.756+0000] {logging_mixin.py:190} INFO - [2025-02-10T16:27:16.756+0000] {dag.py:4180} INFO - Setting next_dagrun for example_sla_dag to 2025-02-10 16:24:00+00:00, run_after=2025-02-10 16:26:00+00:00
[2025-02-10T16:27:16.838+0000] {processor.py:208} INFO - Processing /usr/local/lib/python3.9/dist-packages/airflow/example_dags/example_sla_dag.py took 0.163 seconds
[2025-02-10T16:28:35.223+0000] {processor.py:186} INFO - Started process (PID=1297) to work on /usr/local/lib/python3.9/dist-packages/airflow/example_dags/example_sla_dag.py
[2025-02-10T16:28:35.225+0000] {processor.py:914} INFO - Processing file /usr/local/lib/python3.9/dist-packages/airflow/example_dags/example_sla_dag.py for tasks to queue
[2025-02-10T16:28:35.228+0000] {logging_mixin.py:190} INFO - [2025-02-10T16:28:35.228+0000] {dagbag.py:588} INFO - Filling up the DagBag from /usr/local/lib/python3.9/dist-packages/airflow/example_dags/example_sla_dag.py
[2025-02-10T16:28:35.238+0000] {processor.py:925} INFO - DAG(s) 'example_sla_dag' retrieved from /usr/local/lib/python3.9/dist-packages/airflow/example_dags/example_sla_dag.py
[2025-02-10T16:28:35.268+0000] {logging_mixin.py:190} INFO - [2025-02-10T16:28:35.267+0000] {dag.py:3239} INFO - Sync 1 DAGs
[2025-02-10T16:28:35.300+0000] {logging_mixin.py:190} INFO - [2025-02-10T16:28:35.299+0000] {dag.py:4180} INFO - Setting next_dagrun for example_sla_dag to 2025-02-10 16:26:00+00:00, run_after=2025-02-10 16:28:00+00:00
[2025-02-10T16:28:35.379+0000] {processor.py:208} INFO - Processing /usr/local/lib/python3.9/dist-packages/airflow/example_dags/example_sla_dag.py took 0.161 seconds
[2025-02-10T16:29:52.147+0000] {processor.py:186} INFO - Started process (PID=1362) to work on /usr/local/lib/python3.9/dist-packages/airflow/example_dags/example_sla_dag.py
[2025-02-10T16:29:52.148+0000] {processor.py:914} INFO - Processing file /usr/local/lib/python3.9/dist-packages/airflow/example_dags/example_sla_dag.py for tasks to queue
[2025-02-10T16:29:52.151+0000] {logging_mixin.py:190} INFO - [2025-02-10T16:29:52.151+0000] {dagbag.py:588} INFO - Filling up the DagBag from /usr/local/lib/python3.9/dist-packages/airflow/example_dags/example_sla_dag.py
[2025-02-10T16:29:52.162+0000] {processor.py:925} INFO - DAG(s) 'example_sla_dag' retrieved from /usr/local/lib/python3.9/dist-packages/airflow/example_dags/example_sla_dag.py
[2025-02-10T16:29:52.193+0000] {logging_mixin.py:190} INFO - [2025-02-10T16:29:52.192+0000] {dag.py:3239} INFO - Sync 1 DAGs
[2025-02-10T16:29:52.227+0000] {logging_mixin.py:190} INFO - [2025-02-10T16:29:52.227+0000] {dag.py:4180} INFO - Setting next_dagrun for example_sla_dag to 2025-02-10 16:26:00+00:00, run_after=2025-02-10 16:28:00+00:00
[2025-02-10T16:29:52.307+0000] {processor.py:208} INFO - Processing /usr/local/lib/python3.9/dist-packages/airflow/example_dags/example_sla_dag.py took 0.166 seconds
[2025-02-10T16:31:07.261+0000] {processor.py:186} INFO - Started process (PID=1425) to work on /usr/local/lib/python3.9/dist-packages/airflow/example_dags/example_sla_dag.py
[2025-02-10T16:31:07.263+0000] {processor.py:914} INFO - Processing file /usr/local/lib/python3.9/dist-packages/airflow/example_dags/example_sla_dag.py for tasks to queue
[2025-02-10T16:31:07.266+0000] {logging_mixin.py:190} INFO - [2025-02-10T16:31:07.265+0000] {dagbag.py:588} INFO - Filling up the DagBag from /usr/local/lib/python3.9/dist-packages/airflow/example_dags/example_sla_dag.py
[2025-02-10T16:31:07.276+0000] {processor.py:925} INFO - DAG(s) 'example_sla_dag' retrieved from /usr/local/lib/python3.9/dist-packages/airflow/example_dags/example_sla_dag.py
[2025-02-10T16:31:07.307+0000] {logging_mixin.py:190} INFO - [2025-02-10T16:31:07.307+0000] {dag.py:3239} INFO - Sync 1 DAGs
[2025-02-10T16:31:07.339+0000] {logging_mixin.py:190} INFO - [2025-02-10T16:31:07.339+0000] {dag.py:4180} INFO - Setting next_dagrun for example_sla_dag to 2025-02-10 16:28:00+00:00, run_after=2025-02-10 16:30:00+00:00
[2025-02-10T16:31:07.422+0000] {processor.py:208} INFO - Processing /usr/local/lib/python3.9/dist-packages/airflow/example_dags/example_sla_dag.py took 0.166 seconds
[2025-02-10T16:32:24.634+0000] {processor.py:186} INFO - Started process (PID=1489) to work on /usr/local/lib/python3.9/dist-packages/airflow/example_dags/example_sla_dag.py
[2025-02-10T16:32:24.636+0000] {processor.py:914} INFO - Processing file /usr/local/lib/python3.9/dist-packages/airflow/example_dags/example_sla_dag.py for tasks to queue
[2025-02-10T16:32:24.639+0000] {logging_mixin.py:190} INFO - [2025-02-10T16:32:24.639+0000] {dagbag.py:588} INFO - Filling up the DagBag from /usr/local/lib/python3.9/dist-packages/airflow/example_dags/example_sla_dag.py
[2025-02-10T16:32:24.649+0000] {processor.py:925} INFO - DAG(s) 'example_sla_dag' retrieved from /usr/local/lib/python3.9/dist-packages/airflow/example_dags/example_sla_dag.py
[2025-02-10T16:32:24.679+0000] {logging_mixin.py:190} INFO - [2025-02-10T16:32:24.678+0000] {dag.py:3239} INFO - Sync 1 DAGs
[2025-02-10T16:32:24.712+0000] {logging_mixin.py:190} INFO - [2025-02-10T16:32:24.712+0000] {dag.py:4180} INFO - Setting next_dagrun for example_sla_dag to 2025-02-10 16:30:00+00:00, run_after=2025-02-10 16:32:00+00:00
[2025-02-10T16:32:24.791+0000] {processor.py:208} INFO - Processing /usr/local/lib/python3.9/dist-packages/airflow/example_dags/example_sla_dag.py took 0.163 seconds
[2025-02-10T16:33:41.028+0000] {processor.py:186} INFO - Started process (PID=1553) to work on /usr/local/lib/python3.9/dist-packages/airflow/example_dags/example_sla_dag.py
[2025-02-10T16:33:41.030+0000] {processor.py:914} INFO - Processing file /usr/local/lib/python3.9/dist-packages/airflow/example_dags/example_sla_dag.py for tasks to queue
[2025-02-10T16:33:41.032+0000] {logging_mixin.py:190} INFO - [2025-02-10T16:33:41.032+0000] {dagbag.py:588} INFO - Filling up the DagBag from /usr/local/lib/python3.9/dist-packages/airflow/example_dags/example_sla_dag.py
[2025-02-10T16:33:41.044+0000] {processor.py:925} INFO - DAG(s) 'example_sla_dag' retrieved from /usr/local/lib/python3.9/dist-packages/airflow/example_dags/example_sla_dag.py
[2025-02-10T16:33:41.080+0000] {logging_mixin.py:190} INFO - [2025-02-10T16:33:41.079+0000] {dag.py:3239} INFO - Sync 1 DAGs
[2025-02-10T16:33:41.115+0000] {logging_mixin.py:190} INFO - [2025-02-10T16:33:41.115+0000] {dag.py:4180} INFO - Setting next_dagrun for example_sla_dag to 2025-02-10 16:30:00+00:00, run_after=2025-02-10 16:32:00+00:00
[2025-02-10T16:33:41.191+0000] {processor.py:208} INFO - Processing /usr/local/lib/python3.9/dist-packages/airflow/example_dags/example_sla_dag.py took 0.169 seconds
[2025-02-10T16:34:53.699+0000] {processor.py:186} INFO - Started process (PID=1616) to work on /usr/local/lib/python3.9/dist-packages/airflow/example_dags/example_sla_dag.py
[2025-02-10T16:34:53.701+0000] {processor.py:914} INFO - Processing file /usr/local/lib/python3.9/dist-packages/airflow/example_dags/example_sla_dag.py for tasks to queue
[2025-02-10T16:34:53.704+0000] {logging_mixin.py:190} INFO - [2025-02-10T16:34:53.703+0000] {dagbag.py:588} INFO - Filling up the DagBag from /usr/local/lib/python3.9/dist-packages/airflow/example_dags/example_sla_dag.py
[2025-02-10T16:34:53.714+0000] {processor.py:925} INFO - DAG(s) 'example_sla_dag' retrieved from /usr/local/lib/python3.9/dist-packages/airflow/example_dags/example_sla_dag.py
[2025-02-10T16:34:53.745+0000] {logging_mixin.py:190} INFO - [2025-02-10T16:34:53.744+0000] {dag.py:3239} INFO - Sync 1 DAGs
[2025-02-10T16:34:53.780+0000] {logging_mixin.py:190} INFO - [2025-02-10T16:34:53.780+0000] {dag.py:4180} INFO - Setting next_dagrun for example_sla_dag to 2025-02-10 16:32:00+00:00, run_after=2025-02-10 16:34:00+00:00
[2025-02-10T16:34:53.864+0000] {processor.py:208} INFO - Processing /usr/local/lib/python3.9/dist-packages/airflow/example_dags/example_sla_dag.py took 0.172 seconds
[2025-02-10T16:36:11.943+0000] {processor.py:186} INFO - Started process (PID=1680) to work on /usr/local/lib/python3.9/dist-packages/airflow/example_dags/example_sla_dag.py
[2025-02-10T16:36:11.945+0000] {processor.py:914} INFO - Processing file /usr/local/lib/python3.9/dist-packages/airflow/example_dags/example_sla_dag.py for tasks to queue
[2025-02-10T16:36:11.948+0000] {logging_mixin.py:190} INFO - [2025-02-10T16:36:11.947+0000] {dagbag.py:588} INFO - Filling up the DagBag from /usr/local/lib/python3.9/dist-packages/airflow/example_dags/example_sla_dag.py
[2025-02-10T16:36:11.960+0000] {processor.py:925} INFO - DAG(s) 'example_sla_dag' retrieved from /usr/local/lib/python3.9/dist-packages/airflow/example_dags/example_sla_dag.py
[2025-02-10T16:36:11.989+0000] {logging_mixin.py:190} INFO - [2025-02-10T16:36:11.989+0000] {dag.py:3239} INFO - Sync 1 DAGs
[2025-02-10T16:36:12.028+0000] {logging_mixin.py:190} INFO - [2025-02-10T16:36:12.027+0000] {dag.py:4180} INFO - Setting next_dagrun for example_sla_dag to 2025-02-10 16:34:00+00:00, run_after=2025-02-10 16:36:00+00:00
[2025-02-10T16:36:12.112+0000] {processor.py:208} INFO - Processing /usr/local/lib/python3.9/dist-packages/airflow/example_dags/example_sla_dag.py took 0.176 seconds
[2025-02-10T16:37:34.316+0000] {processor.py:186} INFO - Started process (PID=1746) to work on /usr/local/lib/python3.9/dist-packages/airflow/example_dags/example_sla_dag.py
[2025-02-10T16:37:34.318+0000] {processor.py:914} INFO - Processing file /usr/local/lib/python3.9/dist-packages/airflow/example_dags/example_sla_dag.py for tasks to queue
[2025-02-10T16:37:34.321+0000] {logging_mixin.py:190} INFO - [2025-02-10T16:37:34.321+0000] {dagbag.py:588} INFO - Filling up the DagBag from /usr/local/lib/python3.9/dist-packages/airflow/example_dags/example_sla_dag.py
[2025-02-10T16:37:34.331+0000] {processor.py:925} INFO - DAG(s) 'example_sla_dag' retrieved from /usr/local/lib/python3.9/dist-packages/airflow/example_dags/example_sla_dag.py
[2025-02-10T16:37:34.361+0000] {logging_mixin.py:190} INFO - [2025-02-10T16:37:34.360+0000] {dag.py:3239} INFO - Sync 1 DAGs
[2025-02-10T16:37:34.394+0000] {logging_mixin.py:190} INFO - [2025-02-10T16:37:34.393+0000] {dag.py:4180} INFO - Setting next_dagrun for example_sla_dag to 2025-02-10 16:34:00+00:00, run_after=2025-02-10 16:36:00+00:00
[2025-02-10T16:37:34.471+0000] {processor.py:208} INFO - Processing /usr/local/lib/python3.9/dist-packages/airflow/example_dags/example_sla_dag.py took 0.160 seconds
