[2025-02-10T14:48:59.290+0000] {processor.py:186} INFO - Started process (PID=66) to work on /usr/local/lib/python3.9/dist-packages/airflow/example_dags/example_params_ui_tutorial.py
[2025-02-10T14:48:59.291+0000] {processor.py:914} INFO - Processing file /usr/local/lib/python3.9/dist-packages/airflow/example_dags/example_params_ui_tutorial.py for tasks to queue
[2025-02-10T14:48:59.294+0000] {logging_mixin.py:190} INFO - [2025-02-10T14:48:59.293+0000] {dagbag.py:588} INFO - Filling up the DagBag from /usr/local/lib/python3.9/dist-packages/airflow/example_dags/example_params_ui_tutorial.py
[2025-02-10T14:48:59.306+0000] {processor.py:925} INFO - DAG(s) 'example_params_ui_tutorial' retrieved from /usr/local/lib/python3.9/dist-packages/airflow/example_dags/example_params_ui_tutorial.py
[2025-02-10T14:48:59.537+0000] {logging_mixin.py:190} INFO - [2025-02-10T14:48:59.536+0000] {override.py:1930} INFO - Created Permission View: can delete on DAG:example_params_ui_tutorial
[2025-02-10T14:48:59.587+0000] {logging_mixin.py:190} INFO - [2025-02-10T14:48:59.586+0000] {override.py:1930} INFO - Created Permission View: can read on DAG:example_params_ui_tutorial
[2025-02-10T14:48:59.631+0000] {logging_mixin.py:190} INFO - [2025-02-10T14:48:59.630+0000] {override.py:1930} INFO - Created Permission View: can edit on DAG:example_params_ui_tutorial
[2025-02-10T14:48:59.701+0000] {logging_mixin.py:190} INFO - [2025-02-10T14:48:59.700+0000] {override.py:1930} INFO - Created Permission View: can create on DAG Run:example_params_ui_tutorial
[2025-02-10T14:48:59.744+0000] {logging_mixin.py:190} INFO - [2025-02-10T14:48:59.743+0000] {override.py:1930} INFO - Created Permission View: can delete on DAG Run:example_params_ui_tutorial
[2025-02-10T14:48:59.788+0000] {logging_mixin.py:190} INFO - [2025-02-10T14:48:59.787+0000] {override.py:1930} INFO - Created Permission View: can read on DAG Run:example_params_ui_tutorial
[2025-02-10T14:48:59.835+0000] {logging_mixin.py:190} INFO - [2025-02-10T14:48:59.834+0000] {override.py:1930} INFO - Created Permission View: menu access on DAG Run:example_params_ui_tutorial
[2025-02-10T14:48:59.836+0000] {logging_mixin.py:190} INFO - [2025-02-10T14:48:59.836+0000] {dag.py:3239} INFO - Sync 1 DAGs
[2025-02-10T14:48:59.866+0000] {logging_mixin.py:190} INFO - [2025-02-10T14:48:59.865+0000] {dag.py:3262} INFO - Creating ORM DAG for example_params_ui_tutorial
[2025-02-10T14:48:59.867+0000] {logging_mixin.py:190} INFO - [2025-02-10T14:48:59.867+0000] {dag.py:4180} INFO - Setting next_dagrun for example_params_ui_tutorial to None, run_after=None
[2025-02-10T14:48:59.950+0000] {processor.py:208} INFO - Processing /usr/local/lib/python3.9/dist-packages/airflow/example_dags/example_params_ui_tutorial.py took 0.666 seconds
[2025-02-10T14:50:27.727+0000] {processor.py:186} INFO - Started process (PID=126) to work on /usr/local/lib/python3.9/dist-packages/airflow/example_dags/example_params_ui_tutorial.py
[2025-02-10T14:50:27.731+0000] {processor.py:914} INFO - Processing file /usr/local/lib/python3.9/dist-packages/airflow/example_dags/example_params_ui_tutorial.py for tasks to queue
[2025-02-10T14:50:27.734+0000] {logging_mixin.py:190} INFO - [2025-02-10T14:50:27.734+0000] {dagbag.py:588} INFO - Filling up the DagBag from /usr/local/lib/python3.9/dist-packages/airflow/example_dags/example_params_ui_tutorial.py
[2025-02-10T14:50:27.743+0000] {processor.py:925} INFO - DAG(s) 'example_params_ui_tutorial' retrieved from /usr/local/lib/python3.9/dist-packages/airflow/example_dags/example_params_ui_tutorial.py
[2025-02-10T14:50:27.799+0000] {logging_mixin.py:190} INFO - [2025-02-10T14:50:27.799+0000] {dag.py:3239} INFO - Sync 1 DAGs
[2025-02-10T14:50:27.817+0000] {logging_mixin.py:190} INFO - [2025-02-10T14:50:27.816+0000] {dag.py:4180} INFO - Setting next_dagrun for example_params_ui_tutorial to None, run_after=None
[2025-02-10T14:50:27.892+0000] {processor.py:208} INFO - Processing /usr/local/lib/python3.9/dist-packages/airflow/example_dags/example_params_ui_tutorial.py took 0.170 seconds
[2025-02-10T14:51:43.012+0000] {processor.py:186} INFO - Started process (PID=189) to work on /usr/local/lib/python3.9/dist-packages/airflow/example_dags/example_params_ui_tutorial.py
[2025-02-10T14:51:43.014+0000] {processor.py:914} INFO - Processing file /usr/local/lib/python3.9/dist-packages/airflow/example_dags/example_params_ui_tutorial.py for tasks to queue
[2025-02-10T14:51:43.017+0000] {logging_mixin.py:190} INFO - [2025-02-10T14:51:43.017+0000] {dagbag.py:588} INFO - Filling up the DagBag from /usr/local/lib/python3.9/dist-packages/airflow/example_dags/example_params_ui_tutorial.py
[2025-02-10T14:51:43.027+0000] {processor.py:925} INFO - DAG(s) 'example_params_ui_tutorial' retrieved from /usr/local/lib/python3.9/dist-packages/airflow/example_dags/example_params_ui_tutorial.py
[2025-02-10T14:51:43.084+0000] {logging_mixin.py:190} INFO - [2025-02-10T14:51:43.083+0000] {dag.py:3239} INFO - Sync 1 DAGs
[2025-02-10T14:51:43.102+0000] {logging_mixin.py:190} INFO - [2025-02-10T14:51:43.101+0000] {dag.py:4180} INFO - Setting next_dagrun for example_params_ui_tutorial to None, run_after=None
[2025-02-10T14:51:43.174+0000] {processor.py:208} INFO - Processing /usr/local/lib/python3.9/dist-packages/airflow/example_dags/example_params_ui_tutorial.py took 0.167 seconds
[2025-02-10T14:53:04.629+0000] {processor.py:186} INFO - Started process (PID=256) to work on /usr/local/lib/python3.9/dist-packages/airflow/example_dags/example_params_ui_tutorial.py
[2025-02-10T14:53:04.630+0000] {processor.py:914} INFO - Processing file /usr/local/lib/python3.9/dist-packages/airflow/example_dags/example_params_ui_tutorial.py for tasks to queue
[2025-02-10T14:53:04.634+0000] {logging_mixin.py:190} INFO - [2025-02-10T14:53:04.633+0000] {dagbag.py:588} INFO - Filling up the DagBag from /usr/local/lib/python3.9/dist-packages/airflow/example_dags/example_params_ui_tutorial.py
[2025-02-10T14:53:04.644+0000] {processor.py:925} INFO - DAG(s) 'example_params_ui_tutorial' retrieved from /usr/local/lib/python3.9/dist-packages/airflow/example_dags/example_params_ui_tutorial.py
[2025-02-10T14:53:04.700+0000] {logging_mixin.py:190} INFO - [2025-02-10T14:53:04.700+0000] {dag.py:3239} INFO - Sync 1 DAGs
[2025-02-10T14:53:04.719+0000] {logging_mixin.py:190} INFO - [2025-02-10T14:53:04.718+0000] {dag.py:4180} INFO - Setting next_dagrun for example_params_ui_tutorial to None, run_after=None
[2025-02-10T14:53:04.795+0000] {processor.py:208} INFO - Processing /usr/local/lib/python3.9/dist-packages/airflow/example_dags/example_params_ui_tutorial.py took 0.172 seconds
[2025-02-10T14:54:23.120+0000] {processor.py:186} INFO - Started process (PID=321) to work on /usr/local/lib/python3.9/dist-packages/airflow/example_dags/example_params_ui_tutorial.py
[2025-02-10T14:54:23.123+0000] {processor.py:914} INFO - Processing file /usr/local/lib/python3.9/dist-packages/airflow/example_dags/example_params_ui_tutorial.py for tasks to queue
[2025-02-10T14:54:23.126+0000] {logging_mixin.py:190} INFO - [2025-02-10T14:54:23.126+0000] {dagbag.py:588} INFO - Filling up the DagBag from /usr/local/lib/python3.9/dist-packages/airflow/example_dags/example_params_ui_tutorial.py
[2025-02-10T14:54:23.136+0000] {processor.py:925} INFO - DAG(s) 'example_params_ui_tutorial' retrieved from /usr/local/lib/python3.9/dist-packages/airflow/example_dags/example_params_ui_tutorial.py
[2025-02-10T14:54:23.192+0000] {logging_mixin.py:190} INFO - [2025-02-10T14:54:23.192+0000] {dag.py:3239} INFO - Sync 1 DAGs
[2025-02-10T14:54:23.210+0000] {logging_mixin.py:190} INFO - [2025-02-10T14:54:23.209+0000] {dag.py:4180} INFO - Setting next_dagrun for example_params_ui_tutorial to None, run_after=None
[2025-02-10T14:54:23.286+0000] {processor.py:208} INFO - Processing /usr/local/lib/python3.9/dist-packages/airflow/example_dags/example_params_ui_tutorial.py took 0.171 seconds
[2025-02-10T14:55:40.641+0000] {processor.py:186} INFO - Started process (PID=386) to work on /usr/local/lib/python3.9/dist-packages/airflow/example_dags/example_params_ui_tutorial.py
[2025-02-10T14:55:40.643+0000] {processor.py:914} INFO - Processing file /usr/local/lib/python3.9/dist-packages/airflow/example_dags/example_params_ui_tutorial.py for tasks to queue
[2025-02-10T14:55:40.645+0000] {logging_mixin.py:190} INFO - [2025-02-10T14:55:40.645+0000] {dagbag.py:588} INFO - Filling up the DagBag from /usr/local/lib/python3.9/dist-packages/airflow/example_dags/example_params_ui_tutorial.py
[2025-02-10T14:55:40.655+0000] {processor.py:925} INFO - DAG(s) 'example_params_ui_tutorial' retrieved from /usr/local/lib/python3.9/dist-packages/airflow/example_dags/example_params_ui_tutorial.py
[2025-02-10T14:55:40.710+0000] {logging_mixin.py:190} INFO - [2025-02-10T14:55:40.710+0000] {dag.py:3239} INFO - Sync 1 DAGs
[2025-02-10T14:55:40.729+0000] {logging_mixin.py:190} INFO - [2025-02-10T14:55:40.728+0000] {dag.py:4180} INFO - Setting next_dagrun for example_params_ui_tutorial to None, run_after=None
[2025-02-10T14:55:40.811+0000] {processor.py:208} INFO - Processing /usr/local/lib/python3.9/dist-packages/airflow/example_dags/example_params_ui_tutorial.py took 0.176 seconds
[2025-02-10T14:57:04.509+0000] {processor.py:186} INFO - Started process (PID=454) to work on /usr/local/lib/python3.9/dist-packages/airflow/example_dags/example_params_ui_tutorial.py
[2025-02-10T14:57:04.510+0000] {processor.py:914} INFO - Processing file /usr/local/lib/python3.9/dist-packages/airflow/example_dags/example_params_ui_tutorial.py for tasks to queue
[2025-02-10T14:57:04.513+0000] {logging_mixin.py:190} INFO - [2025-02-10T14:57:04.512+0000] {dagbag.py:588} INFO - Filling up the DagBag from /usr/local/lib/python3.9/dist-packages/airflow/example_dags/example_params_ui_tutorial.py
[2025-02-10T14:57:04.521+0000] {processor.py:925} INFO - DAG(s) 'example_params_ui_tutorial' retrieved from /usr/local/lib/python3.9/dist-packages/airflow/example_dags/example_params_ui_tutorial.py
[2025-02-10T14:57:04.578+0000] {logging_mixin.py:190} INFO - [2025-02-10T14:57:04.577+0000] {dag.py:3239} INFO - Sync 1 DAGs
[2025-02-10T14:57:04.594+0000] {logging_mixin.py:190} INFO - [2025-02-10T14:57:04.594+0000] {dag.py:4180} INFO - Setting next_dagrun for example_params_ui_tutorial to None, run_after=None
[2025-02-10T14:57:04.666+0000] {processor.py:208} INFO - Processing /usr/local/lib/python3.9/dist-packages/airflow/example_dags/example_params_ui_tutorial.py took 0.163 seconds
[2025-02-10T14:58:20.260+0000] {processor.py:186} INFO - Started process (PID=519) to work on /usr/local/lib/python3.9/dist-packages/airflow/example_dags/example_params_ui_tutorial.py
[2025-02-10T14:58:20.262+0000] {processor.py:914} INFO - Processing file /usr/local/lib/python3.9/dist-packages/airflow/example_dags/example_params_ui_tutorial.py for tasks to queue
[2025-02-10T14:58:20.264+0000] {logging_mixin.py:190} INFO - [2025-02-10T14:58:20.264+0000] {dagbag.py:588} INFO - Filling up the DagBag from /usr/local/lib/python3.9/dist-packages/airflow/example_dags/example_params_ui_tutorial.py
[2025-02-10T14:58:20.273+0000] {processor.py:925} INFO - DAG(s) 'example_params_ui_tutorial' retrieved from /usr/local/lib/python3.9/dist-packages/airflow/example_dags/example_params_ui_tutorial.py
[2025-02-10T14:58:20.329+0000] {logging_mixin.py:190} INFO - [2025-02-10T14:58:20.329+0000] {dag.py:3239} INFO - Sync 1 DAGs
[2025-02-10T14:58:20.347+0000] {logging_mixin.py:190} INFO - [2025-02-10T14:58:20.347+0000] {dag.py:4180} INFO - Setting next_dagrun for example_params_ui_tutorial to None, run_after=None
[2025-02-10T14:58:20.423+0000] {processor.py:208} INFO - Processing /usr/local/lib/python3.9/dist-packages/airflow/example_dags/example_params_ui_tutorial.py took 0.168 seconds
[2025-02-10T14:59:35.422+0000] {processor.py:186} INFO - Started process (PID=584) to work on /usr/local/lib/python3.9/dist-packages/airflow/example_dags/example_params_ui_tutorial.py
[2025-02-10T14:59:35.423+0000] {processor.py:914} INFO - Processing file /usr/local/lib/python3.9/dist-packages/airflow/example_dags/example_params_ui_tutorial.py for tasks to queue
[2025-02-10T14:59:35.426+0000] {logging_mixin.py:190} INFO - [2025-02-10T14:59:35.425+0000] {dagbag.py:588} INFO - Filling up the DagBag from /usr/local/lib/python3.9/dist-packages/airflow/example_dags/example_params_ui_tutorial.py
[2025-02-10T14:59:35.436+0000] {processor.py:925} INFO - DAG(s) 'example_params_ui_tutorial' retrieved from /usr/local/lib/python3.9/dist-packages/airflow/example_dags/example_params_ui_tutorial.py
[2025-02-10T14:59:35.498+0000] {logging_mixin.py:190} INFO - [2025-02-10T14:59:35.498+0000] {dag.py:3239} INFO - Sync 1 DAGs
[2025-02-10T14:59:35.515+0000] {logging_mixin.py:190} INFO - [2025-02-10T14:59:35.515+0000] {dag.py:4180} INFO - Setting next_dagrun for example_params_ui_tutorial to None, run_after=None
[2025-02-10T14:59:35.593+0000] {processor.py:208} INFO - Processing /usr/local/lib/python3.9/dist-packages/airflow/example_dags/example_params_ui_tutorial.py took 0.178 seconds
[2025-02-10T15:00:47.622+0000] {processor.py:186} INFO - Started process (PID=646) to work on /usr/local/lib/python3.9/dist-packages/airflow/example_dags/example_params_ui_tutorial.py
[2025-02-10T15:00:47.625+0000] {processor.py:914} INFO - Processing file /usr/local/lib/python3.9/dist-packages/airflow/example_dags/example_params_ui_tutorial.py for tasks to queue
[2025-02-10T15:00:47.629+0000] {logging_mixin.py:190} INFO - [2025-02-10T15:00:47.628+0000] {dagbag.py:588} INFO - Filling up the DagBag from /usr/local/lib/python3.9/dist-packages/airflow/example_dags/example_params_ui_tutorial.py
[2025-02-10T15:00:47.638+0000] {processor.py:925} INFO - DAG(s) 'example_params_ui_tutorial' retrieved from /usr/local/lib/python3.9/dist-packages/airflow/example_dags/example_params_ui_tutorial.py
[2025-02-10T15:00:47.700+0000] {logging_mixin.py:190} INFO - [2025-02-10T15:00:47.699+0000] {dag.py:3239} INFO - Sync 1 DAGs
[2025-02-10T15:00:47.717+0000] {logging_mixin.py:190} INFO - [2025-02-10T15:00:47.717+0000] {dag.py:4180} INFO - Setting next_dagrun for example_params_ui_tutorial to None, run_after=None
[2025-02-10T15:00:47.795+0000] {processor.py:208} INFO - Processing /usr/local/lib/python3.9/dist-packages/airflow/example_dags/example_params_ui_tutorial.py took 0.179 seconds
[2025-02-10T15:02:07.494+0000] {processor.py:186} INFO - Started process (PID=716) to work on /usr/local/lib/python3.9/dist-packages/airflow/example_dags/example_params_ui_tutorial.py
[2025-02-10T15:02:07.496+0000] {processor.py:914} INFO - Processing file /usr/local/lib/python3.9/dist-packages/airflow/example_dags/example_params_ui_tutorial.py for tasks to queue
[2025-02-10T15:02:07.499+0000] {logging_mixin.py:190} INFO - [2025-02-10T15:02:07.498+0000] {dagbag.py:588} INFO - Filling up the DagBag from /usr/local/lib/python3.9/dist-packages/airflow/example_dags/example_params_ui_tutorial.py
[2025-02-10T15:02:07.507+0000] {processor.py:925} INFO - DAG(s) 'example_params_ui_tutorial' retrieved from /usr/local/lib/python3.9/dist-packages/airflow/example_dags/example_params_ui_tutorial.py
[2025-02-10T15:02:07.566+0000] {logging_mixin.py:190} INFO - [2025-02-10T15:02:07.566+0000] {dag.py:3239} INFO - Sync 1 DAGs
[2025-02-10T15:02:07.583+0000] {logging_mixin.py:190} INFO - [2025-02-10T15:02:07.583+0000] {dag.py:4180} INFO - Setting next_dagrun for example_params_ui_tutorial to None, run_after=None
[2025-02-10T15:02:07.666+0000] {processor.py:208} INFO - Processing /usr/local/lib/python3.9/dist-packages/airflow/example_dags/example_params_ui_tutorial.py took 0.178 seconds
[2025-02-10T15:03:28.909+0000] {processor.py:186} INFO - Started process (PID=781) to work on /usr/local/lib/python3.9/dist-packages/airflow/example_dags/example_params_ui_tutorial.py
[2025-02-10T15:03:28.911+0000] {processor.py:914} INFO - Processing file /usr/local/lib/python3.9/dist-packages/airflow/example_dags/example_params_ui_tutorial.py for tasks to queue
[2025-02-10T15:03:28.914+0000] {logging_mixin.py:190} INFO - [2025-02-10T15:03:28.913+0000] {dagbag.py:588} INFO - Filling up the DagBag from /usr/local/lib/python3.9/dist-packages/airflow/example_dags/example_params_ui_tutorial.py
[2025-02-10T15:03:28.925+0000] {processor.py:925} INFO - DAG(s) 'example_params_ui_tutorial' retrieved from /usr/local/lib/python3.9/dist-packages/airflow/example_dags/example_params_ui_tutorial.py
[2025-02-10T15:03:28.982+0000] {logging_mixin.py:190} INFO - [2025-02-10T15:03:28.982+0000] {dag.py:3239} INFO - Sync 1 DAGs
[2025-02-10T15:03:29.000+0000] {logging_mixin.py:190} INFO - [2025-02-10T15:03:29.000+0000] {dag.py:4180} INFO - Setting next_dagrun for example_params_ui_tutorial to None, run_after=None
[2025-02-10T15:03:29.074+0000] {processor.py:208} INFO - Processing /usr/local/lib/python3.9/dist-packages/airflow/example_dags/example_params_ui_tutorial.py took 0.171 seconds
[2025-02-10T15:04:44.815+0000] {processor.py:186} INFO - Started process (PID=845) to work on /usr/local/lib/python3.9/dist-packages/airflow/example_dags/example_params_ui_tutorial.py
[2025-02-10T15:04:44.816+0000] {processor.py:914} INFO - Processing file /usr/local/lib/python3.9/dist-packages/airflow/example_dags/example_params_ui_tutorial.py for tasks to queue
[2025-02-10T15:04:44.819+0000] {logging_mixin.py:190} INFO - [2025-02-10T15:04:44.819+0000] {dagbag.py:588} INFO - Filling up the DagBag from /usr/local/lib/python3.9/dist-packages/airflow/example_dags/example_params_ui_tutorial.py
[2025-02-10T15:04:44.829+0000] {processor.py:925} INFO - DAG(s) 'example_params_ui_tutorial' retrieved from /usr/local/lib/python3.9/dist-packages/airflow/example_dags/example_params_ui_tutorial.py
[2025-02-10T15:04:44.887+0000] {logging_mixin.py:190} INFO - [2025-02-10T15:04:44.887+0000] {dag.py:3239} INFO - Sync 1 DAGs
[2025-02-10T15:04:44.905+0000] {logging_mixin.py:190} INFO - [2025-02-10T15:04:44.905+0000] {dag.py:4180} INFO - Setting next_dagrun for example_params_ui_tutorial to None, run_after=None
[2025-02-10T15:04:44.982+0000] {processor.py:208} INFO - Processing /usr/local/lib/python3.9/dist-packages/airflow/example_dags/example_params_ui_tutorial.py took 0.173 seconds
[2025-02-10T15:06:06.919+0000] {processor.py:186} INFO - Started process (PID=912) to work on /usr/local/lib/python3.9/dist-packages/airflow/example_dags/example_params_ui_tutorial.py
[2025-02-10T15:06:06.921+0000] {processor.py:914} INFO - Processing file /usr/local/lib/python3.9/dist-packages/airflow/example_dags/example_params_ui_tutorial.py for tasks to queue
[2025-02-10T15:06:06.924+0000] {logging_mixin.py:190} INFO - [2025-02-10T15:06:06.924+0000] {dagbag.py:588} INFO - Filling up the DagBag from /usr/local/lib/python3.9/dist-packages/airflow/example_dags/example_params_ui_tutorial.py
[2025-02-10T15:06:06.933+0000] {processor.py:925} INFO - DAG(s) 'example_params_ui_tutorial' retrieved from /usr/local/lib/python3.9/dist-packages/airflow/example_dags/example_params_ui_tutorial.py
[2025-02-10T15:06:06.988+0000] {logging_mixin.py:190} INFO - [2025-02-10T15:06:06.988+0000] {dag.py:3239} INFO - Sync 1 DAGs
[2025-02-10T15:06:07.007+0000] {logging_mixin.py:190} INFO - [2025-02-10T15:06:07.006+0000] {dag.py:4180} INFO - Setting next_dagrun for example_params_ui_tutorial to None, run_after=None
[2025-02-10T15:06:07.079+0000] {processor.py:208} INFO - Processing /usr/local/lib/python3.9/dist-packages/airflow/example_dags/example_params_ui_tutorial.py took 0.165 seconds
[2025-02-10T15:07:24.008+0000] {processor.py:186} INFO - Started process (PID=977) to work on /usr/local/lib/python3.9/dist-packages/airflow/example_dags/example_params_ui_tutorial.py
[2025-02-10T15:07:24.014+0000] {processor.py:914} INFO - Processing file /usr/local/lib/python3.9/dist-packages/airflow/example_dags/example_params_ui_tutorial.py for tasks to queue
[2025-02-10T15:07:24.017+0000] {logging_mixin.py:190} INFO - [2025-02-10T15:07:24.017+0000] {dagbag.py:588} INFO - Filling up the DagBag from /usr/local/lib/python3.9/dist-packages/airflow/example_dags/example_params_ui_tutorial.py
[2025-02-10T15:07:24.026+0000] {processor.py:925} INFO - DAG(s) 'example_params_ui_tutorial' retrieved from /usr/local/lib/python3.9/dist-packages/airflow/example_dags/example_params_ui_tutorial.py
[2025-02-10T15:07:24.085+0000] {logging_mixin.py:190} INFO - [2025-02-10T15:07:24.085+0000] {dag.py:3239} INFO - Sync 1 DAGs
[2025-02-10T15:07:24.102+0000] {logging_mixin.py:190} INFO - [2025-02-10T15:07:24.102+0000] {dag.py:4180} INFO - Setting next_dagrun for example_params_ui_tutorial to None, run_after=None
[2025-02-10T15:07:24.178+0000] {processor.py:208} INFO - Processing /usr/local/lib/python3.9/dist-packages/airflow/example_dags/example_params_ui_tutorial.py took 0.177 seconds
[2025-02-10T15:08:41.732+0000] {processor.py:186} INFO - Started process (PID=1042) to work on /usr/local/lib/python3.9/dist-packages/airflow/example_dags/example_params_ui_tutorial.py
[2025-02-10T15:08:41.733+0000] {processor.py:914} INFO - Processing file /usr/local/lib/python3.9/dist-packages/airflow/example_dags/example_params_ui_tutorial.py for tasks to queue
[2025-02-10T15:08:41.736+0000] {logging_mixin.py:190} INFO - [2025-02-10T15:08:41.736+0000] {dagbag.py:588} INFO - Filling up the DagBag from /usr/local/lib/python3.9/dist-packages/airflow/example_dags/example_params_ui_tutorial.py
[2025-02-10T15:08:41.745+0000] {processor.py:925} INFO - DAG(s) 'example_params_ui_tutorial' retrieved from /usr/local/lib/python3.9/dist-packages/airflow/example_dags/example_params_ui_tutorial.py
[2025-02-10T15:08:41.800+0000] {logging_mixin.py:190} INFO - [2025-02-10T15:08:41.799+0000] {dag.py:3239} INFO - Sync 1 DAGs
[2025-02-10T15:08:41.817+0000] {logging_mixin.py:190} INFO - [2025-02-10T15:08:41.817+0000] {dag.py:4180} INFO - Setting next_dagrun for example_params_ui_tutorial to None, run_after=None
[2025-02-10T15:08:41.896+0000] {processor.py:208} INFO - Processing /usr/local/lib/python3.9/dist-packages/airflow/example_dags/example_params_ui_tutorial.py took 0.169 seconds
[2025-02-10T15:10:00.163+0000] {processor.py:186} INFO - Started process (PID=1107) to work on /usr/local/lib/python3.9/dist-packages/airflow/example_dags/example_params_ui_tutorial.py
[2025-02-10T15:10:00.165+0000] {processor.py:914} INFO - Processing file /usr/local/lib/python3.9/dist-packages/airflow/example_dags/example_params_ui_tutorial.py for tasks to queue
[2025-02-10T15:10:00.167+0000] {logging_mixin.py:190} INFO - [2025-02-10T15:10:00.167+0000] {dagbag.py:588} INFO - Filling up the DagBag from /usr/local/lib/python3.9/dist-packages/airflow/example_dags/example_params_ui_tutorial.py
[2025-02-10T15:10:00.176+0000] {processor.py:925} INFO - DAG(s) 'example_params_ui_tutorial' retrieved from /usr/local/lib/python3.9/dist-packages/airflow/example_dags/example_params_ui_tutorial.py
[2025-02-10T15:10:00.229+0000] {logging_mixin.py:190} INFO - [2025-02-10T15:10:00.229+0000] {dag.py:3239} INFO - Sync 1 DAGs
[2025-02-10T15:10:00.248+0000] {logging_mixin.py:190} INFO - [2025-02-10T15:10:00.247+0000] {dag.py:4180} INFO - Setting next_dagrun for example_params_ui_tutorial to None, run_after=None
[2025-02-10T15:10:00.322+0000] {processor.py:208} INFO - Processing /usr/local/lib/python3.9/dist-packages/airflow/example_dags/example_params_ui_tutorial.py took 0.164 seconds
[2025-02-10T15:11:21.841+0000] {processor.py:186} INFO - Started process (PID=1174) to work on /usr/local/lib/python3.9/dist-packages/airflow/example_dags/example_params_ui_tutorial.py
[2025-02-10T15:11:21.843+0000] {processor.py:914} INFO - Processing file /usr/local/lib/python3.9/dist-packages/airflow/example_dags/example_params_ui_tutorial.py for tasks to queue
[2025-02-10T15:11:21.845+0000] {logging_mixin.py:190} INFO - [2025-02-10T15:11:21.845+0000] {dagbag.py:588} INFO - Filling up the DagBag from /usr/local/lib/python3.9/dist-packages/airflow/example_dags/example_params_ui_tutorial.py
[2025-02-10T15:11:21.854+0000] {processor.py:925} INFO - DAG(s) 'example_params_ui_tutorial' retrieved from /usr/local/lib/python3.9/dist-packages/airflow/example_dags/example_params_ui_tutorial.py
[2025-02-10T15:11:21.909+0000] {logging_mixin.py:190} INFO - [2025-02-10T15:11:21.909+0000] {dag.py:3239} INFO - Sync 1 DAGs
[2025-02-10T15:11:21.926+0000] {logging_mixin.py:190} INFO - [2025-02-10T15:11:21.926+0000] {dag.py:4180} INFO - Setting next_dagrun for example_params_ui_tutorial to None, run_after=None
[2025-02-10T15:11:21.999+0000] {processor.py:208} INFO - Processing /usr/local/lib/python3.9/dist-packages/airflow/example_dags/example_params_ui_tutorial.py took 0.163 seconds
[2025-02-10T15:12:40.809+0000] {processor.py:186} INFO - Started process (PID=1240) to work on /usr/local/lib/python3.9/dist-packages/airflow/example_dags/example_params_ui_tutorial.py
[2025-02-10T15:12:40.810+0000] {processor.py:914} INFO - Processing file /usr/local/lib/python3.9/dist-packages/airflow/example_dags/example_params_ui_tutorial.py for tasks to queue
[2025-02-10T15:12:40.813+0000] {logging_mixin.py:190} INFO - [2025-02-10T15:12:40.812+0000] {dagbag.py:588} INFO - Filling up the DagBag from /usr/local/lib/python3.9/dist-packages/airflow/example_dags/example_params_ui_tutorial.py
[2025-02-10T15:12:40.822+0000] {processor.py:925} INFO - DAG(s) 'example_params_ui_tutorial' retrieved from /usr/local/lib/python3.9/dist-packages/airflow/example_dags/example_params_ui_tutorial.py
[2025-02-10T15:12:40.878+0000] {logging_mixin.py:190} INFO - [2025-02-10T15:12:40.878+0000] {dag.py:3239} INFO - Sync 1 DAGs
[2025-02-10T15:12:40.896+0000] {logging_mixin.py:190} INFO - [2025-02-10T15:12:40.896+0000] {dag.py:4180} INFO - Setting next_dagrun for example_params_ui_tutorial to None, run_after=None
[2025-02-10T15:12:40.974+0000] {processor.py:208} INFO - Processing /usr/local/lib/python3.9/dist-packages/airflow/example_dags/example_params_ui_tutorial.py took 0.171 seconds
[2025-02-10T15:13:57.943+0000] {processor.py:186} INFO - Started process (PID=1304) to work on /usr/local/lib/python3.9/dist-packages/airflow/example_dags/example_params_ui_tutorial.py
[2025-02-10T15:13:57.947+0000] {processor.py:914} INFO - Processing file /usr/local/lib/python3.9/dist-packages/airflow/example_dags/example_params_ui_tutorial.py for tasks to queue
[2025-02-10T15:13:57.949+0000] {logging_mixin.py:190} INFO - [2025-02-10T15:13:57.949+0000] {dagbag.py:588} INFO - Filling up the DagBag from /usr/local/lib/python3.9/dist-packages/airflow/example_dags/example_params_ui_tutorial.py
[2025-02-10T15:13:57.958+0000] {processor.py:925} INFO - DAG(s) 'example_params_ui_tutorial' retrieved from /usr/local/lib/python3.9/dist-packages/airflow/example_dags/example_params_ui_tutorial.py
[2025-02-10T15:13:58.018+0000] {logging_mixin.py:190} INFO - [2025-02-10T15:13:58.017+0000] {dag.py:3239} INFO - Sync 1 DAGs
[2025-02-10T15:13:58.036+0000] {logging_mixin.py:190} INFO - [2025-02-10T15:13:58.036+0000] {dag.py:4180} INFO - Setting next_dagrun for example_params_ui_tutorial to None, run_after=None
[2025-02-10T15:13:58.111+0000] {processor.py:208} INFO - Processing /usr/local/lib/python3.9/dist-packages/airflow/example_dags/example_params_ui_tutorial.py took 0.173 seconds
[2025-02-10T15:25:36.150+0000] {processor.py:186} INFO - Started process (PID=60) to work on /usr/local/lib/python3.9/dist-packages/airflow/example_dags/example_params_ui_tutorial.py
[2025-02-10T15:25:36.152+0000] {processor.py:914} INFO - Processing file /usr/local/lib/python3.9/dist-packages/airflow/example_dags/example_params_ui_tutorial.py for tasks to queue
[2025-02-10T15:25:36.155+0000] {logging_mixin.py:190} INFO - [2025-02-10T15:25:36.155+0000] {dagbag.py:588} INFO - Filling up the DagBag from /usr/local/lib/python3.9/dist-packages/airflow/example_dags/example_params_ui_tutorial.py
[2025-02-10T15:25:36.165+0000] {processor.py:925} INFO - DAG(s) 'example_params_ui_tutorial' retrieved from /usr/local/lib/python3.9/dist-packages/airflow/example_dags/example_params_ui_tutorial.py
[2025-02-10T15:25:36.225+0000] {logging_mixin.py:190} INFO - [2025-02-10T15:25:36.224+0000] {dag.py:3239} INFO - Sync 1 DAGs
[2025-02-10T15:25:36.242+0000] {logging_mixin.py:190} INFO - [2025-02-10T15:25:36.241+0000] {dag.py:4180} INFO - Setting next_dagrun for example_params_ui_tutorial to None, run_after=None
[2025-02-10T15:25:36.316+0000] {processor.py:208} INFO - Processing /usr/local/lib/python3.9/dist-packages/airflow/example_dags/example_params_ui_tutorial.py took 0.171 seconds
[2025-02-10T15:26:45.433+0000] {processor.py:186} INFO - Started process (PID=117) to work on /usr/local/lib/python3.9/dist-packages/airflow/example_dags/example_params_ui_tutorial.py
[2025-02-10T15:26:45.435+0000] {processor.py:914} INFO - Processing file /usr/local/lib/python3.9/dist-packages/airflow/example_dags/example_params_ui_tutorial.py for tasks to queue
[2025-02-10T15:26:45.437+0000] {logging_mixin.py:190} INFO - [2025-02-10T15:26:45.437+0000] {dagbag.py:588} INFO - Filling up the DagBag from /usr/local/lib/python3.9/dist-packages/airflow/example_dags/example_params_ui_tutorial.py
[2025-02-10T15:26:45.446+0000] {processor.py:925} INFO - DAG(s) 'example_params_ui_tutorial' retrieved from /usr/local/lib/python3.9/dist-packages/airflow/example_dags/example_params_ui_tutorial.py
[2025-02-10T15:26:45.503+0000] {logging_mixin.py:190} INFO - [2025-02-10T15:26:45.503+0000] {dag.py:3239} INFO - Sync 1 DAGs
[2025-02-10T15:26:45.520+0000] {logging_mixin.py:190} INFO - [2025-02-10T15:26:45.520+0000] {dag.py:4180} INFO - Setting next_dagrun for example_params_ui_tutorial to None, run_after=None
[2025-02-10T15:26:45.598+0000] {processor.py:208} INFO - Processing /usr/local/lib/python3.9/dist-packages/airflow/example_dags/example_params_ui_tutorial.py took 0.171 seconds
[2025-02-10T15:28:01.475+0000] {processor.py:186} INFO - Started process (PID=181) to work on /usr/local/lib/python3.9/dist-packages/airflow/example_dags/example_params_ui_tutorial.py
[2025-02-10T15:28:01.477+0000] {processor.py:914} INFO - Processing file /usr/local/lib/python3.9/dist-packages/airflow/example_dags/example_params_ui_tutorial.py for tasks to queue
[2025-02-10T15:28:01.480+0000] {logging_mixin.py:190} INFO - [2025-02-10T15:28:01.479+0000] {dagbag.py:588} INFO - Filling up the DagBag from /usr/local/lib/python3.9/dist-packages/airflow/example_dags/example_params_ui_tutorial.py
[2025-02-10T15:28:01.489+0000] {processor.py:925} INFO - DAG(s) 'example_params_ui_tutorial' retrieved from /usr/local/lib/python3.9/dist-packages/airflow/example_dags/example_params_ui_tutorial.py
[2025-02-10T15:28:01.561+0000] {logging_mixin.py:190} INFO - [2025-02-10T15:28:01.560+0000] {dag.py:3239} INFO - Sync 1 DAGs
[2025-02-10T15:28:01.583+0000] {logging_mixin.py:190} INFO - [2025-02-10T15:28:01.583+0000] {dag.py:4180} INFO - Setting next_dagrun for example_params_ui_tutorial to None, run_after=None
[2025-02-10T15:28:01.660+0000] {processor.py:208} INFO - Processing /usr/local/lib/python3.9/dist-packages/airflow/example_dags/example_params_ui_tutorial.py took 0.191 seconds
[2025-02-10T15:29:22.523+0000] {processor.py:186} INFO - Started process (PID=247) to work on /usr/local/lib/python3.9/dist-packages/airflow/example_dags/example_params_ui_tutorial.py
[2025-02-10T15:29:22.524+0000] {processor.py:914} INFO - Processing file /usr/local/lib/python3.9/dist-packages/airflow/example_dags/example_params_ui_tutorial.py for tasks to queue
[2025-02-10T15:29:22.527+0000] {logging_mixin.py:190} INFO - [2025-02-10T15:29:22.527+0000] {dagbag.py:588} INFO - Filling up the DagBag from /usr/local/lib/python3.9/dist-packages/airflow/example_dags/example_params_ui_tutorial.py
[2025-02-10T15:29:22.536+0000] {processor.py:925} INFO - DAG(s) 'example_params_ui_tutorial' retrieved from /usr/local/lib/python3.9/dist-packages/airflow/example_dags/example_params_ui_tutorial.py
[2025-02-10T15:29:22.592+0000] {logging_mixin.py:190} INFO - [2025-02-10T15:29:22.591+0000] {dag.py:3239} INFO - Sync 1 DAGs
[2025-02-10T15:29:22.610+0000] {logging_mixin.py:190} INFO - [2025-02-10T15:29:22.609+0000] {dag.py:4180} INFO - Setting next_dagrun for example_params_ui_tutorial to None, run_after=None
[2025-02-10T15:29:22.687+0000] {processor.py:208} INFO - Processing /usr/local/lib/python3.9/dist-packages/airflow/example_dags/example_params_ui_tutorial.py took 0.170 seconds
[2025-02-10T15:30:36.222+0000] {processor.py:186} INFO - Started process (PID=310) to work on /usr/local/lib/python3.9/dist-packages/airflow/example_dags/example_params_ui_tutorial.py
[2025-02-10T15:30:36.224+0000] {processor.py:914} INFO - Processing file /usr/local/lib/python3.9/dist-packages/airflow/example_dags/example_params_ui_tutorial.py for tasks to queue
[2025-02-10T15:30:36.227+0000] {logging_mixin.py:190} INFO - [2025-02-10T15:30:36.226+0000] {dagbag.py:588} INFO - Filling up the DagBag from /usr/local/lib/python3.9/dist-packages/airflow/example_dags/example_params_ui_tutorial.py
[2025-02-10T15:30:36.239+0000] {processor.py:925} INFO - DAG(s) 'example_params_ui_tutorial' retrieved from /usr/local/lib/python3.9/dist-packages/airflow/example_dags/example_params_ui_tutorial.py
[2025-02-10T15:30:36.300+0000] {logging_mixin.py:190} INFO - [2025-02-10T15:30:36.300+0000] {dag.py:3239} INFO - Sync 1 DAGs
[2025-02-10T15:30:36.319+0000] {logging_mixin.py:190} INFO - [2025-02-10T15:30:36.318+0000] {dag.py:4180} INFO - Setting next_dagrun for example_params_ui_tutorial to None, run_after=None
[2025-02-10T15:30:36.400+0000] {processor.py:208} INFO - Processing /usr/local/lib/python3.9/dist-packages/airflow/example_dags/example_params_ui_tutorial.py took 0.184 seconds
[2025-02-10T15:31:53.255+0000] {processor.py:186} INFO - Started process (PID=374) to work on /usr/local/lib/python3.9/dist-packages/airflow/example_dags/example_params_ui_tutorial.py
[2025-02-10T15:31:53.256+0000] {processor.py:914} INFO - Processing file /usr/local/lib/python3.9/dist-packages/airflow/example_dags/example_params_ui_tutorial.py for tasks to queue
[2025-02-10T15:31:53.259+0000] {logging_mixin.py:190} INFO - [2025-02-10T15:31:53.259+0000] {dagbag.py:588} INFO - Filling up the DagBag from /usr/local/lib/python3.9/dist-packages/airflow/example_dags/example_params_ui_tutorial.py
[2025-02-10T15:31:53.269+0000] {processor.py:925} INFO - DAG(s) 'example_params_ui_tutorial' retrieved from /usr/local/lib/python3.9/dist-packages/airflow/example_dags/example_params_ui_tutorial.py
[2025-02-10T15:31:53.327+0000] {logging_mixin.py:190} INFO - [2025-02-10T15:31:53.326+0000] {dag.py:3239} INFO - Sync 1 DAGs
[2025-02-10T15:31:53.345+0000] {logging_mixin.py:190} INFO - [2025-02-10T15:31:53.345+0000] {dag.py:4180} INFO - Setting next_dagrun for example_params_ui_tutorial to None, run_after=None
[2025-02-10T15:31:53.428+0000] {processor.py:208} INFO - Processing /usr/local/lib/python3.9/dist-packages/airflow/example_dags/example_params_ui_tutorial.py took 0.179 seconds
[2025-02-10T15:33:13.388+0000] {processor.py:186} INFO - Started process (PID=440) to work on /usr/local/lib/python3.9/dist-packages/airflow/example_dags/example_params_ui_tutorial.py
[2025-02-10T15:33:13.389+0000] {processor.py:914} INFO - Processing file /usr/local/lib/python3.9/dist-packages/airflow/example_dags/example_params_ui_tutorial.py for tasks to queue
[2025-02-10T15:33:13.392+0000] {logging_mixin.py:190} INFO - [2025-02-10T15:33:13.391+0000] {dagbag.py:588} INFO - Filling up the DagBag from /usr/local/lib/python3.9/dist-packages/airflow/example_dags/example_params_ui_tutorial.py
[2025-02-10T15:33:13.400+0000] {processor.py:925} INFO - DAG(s) 'example_params_ui_tutorial' retrieved from /usr/local/lib/python3.9/dist-packages/airflow/example_dags/example_params_ui_tutorial.py
[2025-02-10T15:33:13.454+0000] {logging_mixin.py:190} INFO - [2025-02-10T15:33:13.453+0000] {dag.py:3239} INFO - Sync 1 DAGs
[2025-02-10T15:33:13.470+0000] {logging_mixin.py:190} INFO - [2025-02-10T15:33:13.470+0000] {dag.py:4180} INFO - Setting next_dagrun for example_params_ui_tutorial to None, run_after=None
[2025-02-10T15:33:13.544+0000] {processor.py:208} INFO - Processing /usr/local/lib/python3.9/dist-packages/airflow/example_dags/example_params_ui_tutorial.py took 0.161 seconds
[2025-02-10T15:34:36.782+0000] {processor.py:186} INFO - Started process (PID=506) to work on /usr/local/lib/python3.9/dist-packages/airflow/example_dags/example_params_ui_tutorial.py
[2025-02-10T15:34:36.784+0000] {processor.py:914} INFO - Processing file /usr/local/lib/python3.9/dist-packages/airflow/example_dags/example_params_ui_tutorial.py for tasks to queue
[2025-02-10T15:34:36.786+0000] {logging_mixin.py:190} INFO - [2025-02-10T15:34:36.786+0000] {dagbag.py:588} INFO - Filling up the DagBag from /usr/local/lib/python3.9/dist-packages/airflow/example_dags/example_params_ui_tutorial.py
[2025-02-10T15:34:36.795+0000] {processor.py:925} INFO - DAG(s) 'example_params_ui_tutorial' retrieved from /usr/local/lib/python3.9/dist-packages/airflow/example_dags/example_params_ui_tutorial.py
[2025-02-10T15:34:36.850+0000] {logging_mixin.py:190} INFO - [2025-02-10T15:34:36.850+0000] {dag.py:3239} INFO - Sync 1 DAGs
[2025-02-10T15:34:36.871+0000] {logging_mixin.py:190} INFO - [2025-02-10T15:34:36.871+0000] {dag.py:4180} INFO - Setting next_dagrun for example_params_ui_tutorial to None, run_after=None
[2025-02-10T15:34:36.947+0000] {processor.py:208} INFO - Processing /usr/local/lib/python3.9/dist-packages/airflow/example_dags/example_params_ui_tutorial.py took 0.170 seconds
[2025-02-10T15:35:53.901+0000] {processor.py:186} INFO - Started process (PID=571) to work on /usr/local/lib/python3.9/dist-packages/airflow/example_dags/example_params_ui_tutorial.py
[2025-02-10T15:35:53.902+0000] {processor.py:914} INFO - Processing file /usr/local/lib/python3.9/dist-packages/airflow/example_dags/example_params_ui_tutorial.py for tasks to queue
[2025-02-10T15:35:53.905+0000] {logging_mixin.py:190} INFO - [2025-02-10T15:35:53.904+0000] {dagbag.py:588} INFO - Filling up the DagBag from /usr/local/lib/python3.9/dist-packages/airflow/example_dags/example_params_ui_tutorial.py
[2025-02-10T15:35:53.914+0000] {processor.py:925} INFO - DAG(s) 'example_params_ui_tutorial' retrieved from /usr/local/lib/python3.9/dist-packages/airflow/example_dags/example_params_ui_tutorial.py
[2025-02-10T15:35:53.969+0000] {logging_mixin.py:190} INFO - [2025-02-10T15:35:53.969+0000] {dag.py:3239} INFO - Sync 1 DAGs
[2025-02-10T15:35:53.986+0000] {logging_mixin.py:190} INFO - [2025-02-10T15:35:53.986+0000] {dag.py:4180} INFO - Setting next_dagrun for example_params_ui_tutorial to None, run_after=None
[2025-02-10T15:35:54.063+0000] {processor.py:208} INFO - Processing /usr/local/lib/python3.9/dist-packages/airflow/example_dags/example_params_ui_tutorial.py took 0.168 seconds
[2025-02-10T15:37:17.367+0000] {processor.py:186} INFO - Started process (PID=638) to work on /usr/local/lib/python3.9/dist-packages/airflow/example_dags/example_params_ui_tutorial.py
[2025-02-10T15:37:17.369+0000] {processor.py:914} INFO - Processing file /usr/local/lib/python3.9/dist-packages/airflow/example_dags/example_params_ui_tutorial.py for tasks to queue
[2025-02-10T15:37:17.372+0000] {logging_mixin.py:190} INFO - [2025-02-10T15:37:17.371+0000] {dagbag.py:588} INFO - Filling up the DagBag from /usr/local/lib/python3.9/dist-packages/airflow/example_dags/example_params_ui_tutorial.py
[2025-02-10T15:37:17.381+0000] {processor.py:925} INFO - DAG(s) 'example_params_ui_tutorial' retrieved from /usr/local/lib/python3.9/dist-packages/airflow/example_dags/example_params_ui_tutorial.py
[2025-02-10T15:37:17.439+0000] {logging_mixin.py:190} INFO - [2025-02-10T15:37:17.438+0000] {dag.py:3239} INFO - Sync 1 DAGs
[2025-02-10T15:37:17.457+0000] {logging_mixin.py:190} INFO - [2025-02-10T15:37:17.457+0000] {dag.py:4180} INFO - Setting next_dagrun for example_params_ui_tutorial to None, run_after=None
[2025-02-10T15:37:17.540+0000] {processor.py:208} INFO - Processing /usr/local/lib/python3.9/dist-packages/airflow/example_dags/example_params_ui_tutorial.py took 0.178 seconds
[2025-02-10T15:38:39.605+0000] {processor.py:186} INFO - Started process (PID=704) to work on /usr/local/lib/python3.9/dist-packages/airflow/example_dags/example_params_ui_tutorial.py
[2025-02-10T15:38:39.607+0000] {processor.py:914} INFO - Processing file /usr/local/lib/python3.9/dist-packages/airflow/example_dags/example_params_ui_tutorial.py for tasks to queue
[2025-02-10T15:38:39.609+0000] {logging_mixin.py:190} INFO - [2025-02-10T15:38:39.609+0000] {dagbag.py:588} INFO - Filling up the DagBag from /usr/local/lib/python3.9/dist-packages/airflow/example_dags/example_params_ui_tutorial.py
[2025-02-10T15:38:39.619+0000] {processor.py:925} INFO - DAG(s) 'example_params_ui_tutorial' retrieved from /usr/local/lib/python3.9/dist-packages/airflow/example_dags/example_params_ui_tutorial.py
[2025-02-10T15:38:39.675+0000] {logging_mixin.py:190} INFO - [2025-02-10T15:38:39.675+0000] {dag.py:3239} INFO - Sync 1 DAGs
[2025-02-10T15:38:39.694+0000] {logging_mixin.py:190} INFO - [2025-02-10T15:38:39.693+0000] {dag.py:4180} INFO - Setting next_dagrun for example_params_ui_tutorial to None, run_after=None
[2025-02-10T15:38:39.772+0000] {processor.py:208} INFO - Processing /usr/local/lib/python3.9/dist-packages/airflow/example_dags/example_params_ui_tutorial.py took 0.172 seconds
[2025-02-10T15:40:01.375+0000] {processor.py:186} INFO - Started process (PID=771) to work on /usr/local/lib/python3.9/dist-packages/airflow/example_dags/example_params_ui_tutorial.py
[2025-02-10T15:40:01.376+0000] {processor.py:914} INFO - Processing file /usr/local/lib/python3.9/dist-packages/airflow/example_dags/example_params_ui_tutorial.py for tasks to queue
[2025-02-10T15:40:01.378+0000] {logging_mixin.py:190} INFO - [2025-02-10T15:40:01.378+0000] {dagbag.py:588} INFO - Filling up the DagBag from /usr/local/lib/python3.9/dist-packages/airflow/example_dags/example_params_ui_tutorial.py
[2025-02-10T15:40:01.387+0000] {processor.py:925} INFO - DAG(s) 'example_params_ui_tutorial' retrieved from /usr/local/lib/python3.9/dist-packages/airflow/example_dags/example_params_ui_tutorial.py
[2025-02-10T15:40:01.442+0000] {logging_mixin.py:190} INFO - [2025-02-10T15:40:01.442+0000] {dag.py:3239} INFO - Sync 1 DAGs
[2025-02-10T15:40:01.459+0000] {logging_mixin.py:190} INFO - [2025-02-10T15:40:01.458+0000] {dag.py:4180} INFO - Setting next_dagrun for example_params_ui_tutorial to None, run_after=None
[2025-02-10T15:40:01.530+0000] {processor.py:208} INFO - Processing /usr/local/lib/python3.9/dist-packages/airflow/example_dags/example_params_ui_tutorial.py took 0.160 seconds
[2025-02-10T15:41:19.368+0000] {processor.py:186} INFO - Started process (PID=835) to work on /usr/local/lib/python3.9/dist-packages/airflow/example_dags/example_params_ui_tutorial.py
[2025-02-10T15:41:19.370+0000] {processor.py:914} INFO - Processing file /usr/local/lib/python3.9/dist-packages/airflow/example_dags/example_params_ui_tutorial.py for tasks to queue
[2025-02-10T15:41:19.372+0000] {logging_mixin.py:190} INFO - [2025-02-10T15:41:19.372+0000] {dagbag.py:588} INFO - Filling up the DagBag from /usr/local/lib/python3.9/dist-packages/airflow/example_dags/example_params_ui_tutorial.py
[2025-02-10T15:41:19.381+0000] {processor.py:925} INFO - DAG(s) 'example_params_ui_tutorial' retrieved from /usr/local/lib/python3.9/dist-packages/airflow/example_dags/example_params_ui_tutorial.py
[2025-02-10T15:41:19.437+0000] {logging_mixin.py:190} INFO - [2025-02-10T15:41:19.437+0000] {dag.py:3239} INFO - Sync 1 DAGs
[2025-02-10T15:41:19.454+0000] {logging_mixin.py:190} INFO - [2025-02-10T15:41:19.454+0000] {dag.py:4180} INFO - Setting next_dagrun for example_params_ui_tutorial to None, run_after=None
[2025-02-10T15:41:19.527+0000] {processor.py:208} INFO - Processing /usr/local/lib/python3.9/dist-packages/airflow/example_dags/example_params_ui_tutorial.py took 0.164 seconds
[2025-02-10T15:42:39.000+0000] {processor.py:186} INFO - Started process (PID=901) to work on /usr/local/lib/python3.9/dist-packages/airflow/example_dags/example_params_ui_tutorial.py
[2025-02-10T15:42:39.002+0000] {processor.py:914} INFO - Processing file /usr/local/lib/python3.9/dist-packages/airflow/example_dags/example_params_ui_tutorial.py for tasks to queue
[2025-02-10T15:42:39.005+0000] {logging_mixin.py:190} INFO - [2025-02-10T15:42:39.004+0000] {dagbag.py:588} INFO - Filling up the DagBag from /usr/local/lib/python3.9/dist-packages/airflow/example_dags/example_params_ui_tutorial.py
[2025-02-10T15:42:39.015+0000] {processor.py:925} INFO - DAG(s) 'example_params_ui_tutorial' retrieved from /usr/local/lib/python3.9/dist-packages/airflow/example_dags/example_params_ui_tutorial.py
[2025-02-10T15:42:39.072+0000] {logging_mixin.py:190} INFO - [2025-02-10T15:42:39.071+0000] {dag.py:3239} INFO - Sync 1 DAGs
[2025-02-10T15:42:39.089+0000] {logging_mixin.py:190} INFO - [2025-02-10T15:42:39.088+0000] {dag.py:4180} INFO - Setting next_dagrun for example_params_ui_tutorial to None, run_after=None
[2025-02-10T15:42:39.160+0000] {processor.py:208} INFO - Processing /usr/local/lib/python3.9/dist-packages/airflow/example_dags/example_params_ui_tutorial.py took 0.166 seconds
[2025-02-10T15:44:01.400+0000] {processor.py:186} INFO - Started process (PID=968) to work on /usr/local/lib/python3.9/dist-packages/airflow/example_dags/example_params_ui_tutorial.py
[2025-02-10T15:44:01.402+0000] {processor.py:914} INFO - Processing file /usr/local/lib/python3.9/dist-packages/airflow/example_dags/example_params_ui_tutorial.py for tasks to queue
[2025-02-10T15:44:01.405+0000] {logging_mixin.py:190} INFO - [2025-02-10T15:44:01.405+0000] {dagbag.py:588} INFO - Filling up the DagBag from /usr/local/lib/python3.9/dist-packages/airflow/example_dags/example_params_ui_tutorial.py
[2025-02-10T15:44:01.414+0000] {processor.py:925} INFO - DAG(s) 'example_params_ui_tutorial' retrieved from /usr/local/lib/python3.9/dist-packages/airflow/example_dags/example_params_ui_tutorial.py
[2025-02-10T15:44:01.469+0000] {logging_mixin.py:190} INFO - [2025-02-10T15:44:01.469+0000] {dag.py:3239} INFO - Sync 1 DAGs
[2025-02-10T15:44:01.487+0000] {logging_mixin.py:190} INFO - [2025-02-10T15:44:01.487+0000] {dag.py:4180} INFO - Setting next_dagrun for example_params_ui_tutorial to None, run_after=None
[2025-02-10T15:44:01.562+0000] {processor.py:208} INFO - Processing /usr/local/lib/python3.9/dist-packages/airflow/example_dags/example_params_ui_tutorial.py took 0.168 seconds
[2025-02-10T15:45:26.207+0000] {processor.py:186} INFO - Started process (PID=1035) to work on /usr/local/lib/python3.9/dist-packages/airflow/example_dags/example_params_ui_tutorial.py
[2025-02-10T15:45:26.209+0000] {processor.py:914} INFO - Processing file /usr/local/lib/python3.9/dist-packages/airflow/example_dags/example_params_ui_tutorial.py for tasks to queue
[2025-02-10T15:45:26.218+0000] {logging_mixin.py:190} INFO - [2025-02-10T15:45:26.217+0000] {dagbag.py:588} INFO - Filling up the DagBag from /usr/local/lib/python3.9/dist-packages/airflow/example_dags/example_params_ui_tutorial.py
[2025-02-10T15:45:26.233+0000] {processor.py:925} INFO - DAG(s) 'example_params_ui_tutorial' retrieved from /usr/local/lib/python3.9/dist-packages/airflow/example_dags/example_params_ui_tutorial.py
[2025-02-10T15:45:26.294+0000] {logging_mixin.py:190} INFO - [2025-02-10T15:45:26.294+0000] {dag.py:3239} INFO - Sync 1 DAGs
[2025-02-10T15:45:26.312+0000] {logging_mixin.py:190} INFO - [2025-02-10T15:45:26.312+0000] {dag.py:4180} INFO - Setting next_dagrun for example_params_ui_tutorial to None, run_after=None
[2025-02-10T15:45:26.387+0000] {processor.py:208} INFO - Processing /usr/local/lib/python3.9/dist-packages/airflow/example_dags/example_params_ui_tutorial.py took 0.185 seconds
[2025-02-10T15:46:44.651+0000] {processor.py:186} INFO - Started process (PID=1100) to work on /usr/local/lib/python3.9/dist-packages/airflow/example_dags/example_params_ui_tutorial.py
[2025-02-10T15:46:44.652+0000] {processor.py:914} INFO - Processing file /usr/local/lib/python3.9/dist-packages/airflow/example_dags/example_params_ui_tutorial.py for tasks to queue
[2025-02-10T15:46:44.655+0000] {logging_mixin.py:190} INFO - [2025-02-10T15:46:44.655+0000] {dagbag.py:588} INFO - Filling up the DagBag from /usr/local/lib/python3.9/dist-packages/airflow/example_dags/example_params_ui_tutorial.py
[2025-02-10T15:46:44.665+0000] {processor.py:925} INFO - DAG(s) 'example_params_ui_tutorial' retrieved from /usr/local/lib/python3.9/dist-packages/airflow/example_dags/example_params_ui_tutorial.py
[2025-02-10T15:46:44.721+0000] {logging_mixin.py:190} INFO - [2025-02-10T15:46:44.720+0000] {dag.py:3239} INFO - Sync 1 DAGs
[2025-02-10T15:46:44.739+0000] {logging_mixin.py:190} INFO - [2025-02-10T15:46:44.739+0000] {dag.py:4180} INFO - Setting next_dagrun for example_params_ui_tutorial to None, run_after=None
[2025-02-10T15:46:44.819+0000] {processor.py:208} INFO - Processing /usr/local/lib/python3.9/dist-packages/airflow/example_dags/example_params_ui_tutorial.py took 0.174 seconds
[2025-02-10T15:48:00.983+0000] {processor.py:186} INFO - Started process (PID=1165) to work on /usr/local/lib/python3.9/dist-packages/airflow/example_dags/example_params_ui_tutorial.py
[2025-02-10T15:48:00.985+0000] {processor.py:914} INFO - Processing file /usr/local/lib/python3.9/dist-packages/airflow/example_dags/example_params_ui_tutorial.py for tasks to queue
[2025-02-10T15:48:00.988+0000] {logging_mixin.py:190} INFO - [2025-02-10T15:48:00.987+0000] {dagbag.py:588} INFO - Filling up the DagBag from /usr/local/lib/python3.9/dist-packages/airflow/example_dags/example_params_ui_tutorial.py
[2025-02-10T15:48:00.998+0000] {processor.py:925} INFO - DAG(s) 'example_params_ui_tutorial' retrieved from /usr/local/lib/python3.9/dist-packages/airflow/example_dags/example_params_ui_tutorial.py
[2025-02-10T15:48:01.063+0000] {logging_mixin.py:190} INFO - [2025-02-10T15:48:01.063+0000] {dag.py:3239} INFO - Sync 1 DAGs
[2025-02-10T15:48:01.083+0000] {logging_mixin.py:190} INFO - [2025-02-10T15:48:01.083+0000] {dag.py:4180} INFO - Setting next_dagrun for example_params_ui_tutorial to None, run_after=None
[2025-02-10T15:48:01.161+0000] {processor.py:208} INFO - Processing /usr/local/lib/python3.9/dist-packages/airflow/example_dags/example_params_ui_tutorial.py took 0.184 seconds
[2025-02-10T15:49:14.816+0000] {processor.py:186} INFO - Started process (PID=1229) to work on /usr/local/lib/python3.9/dist-packages/airflow/example_dags/example_params_ui_tutorial.py
[2025-02-10T15:49:14.817+0000] {processor.py:914} INFO - Processing file /usr/local/lib/python3.9/dist-packages/airflow/example_dags/example_params_ui_tutorial.py for tasks to queue
[2025-02-10T15:49:14.819+0000] {logging_mixin.py:190} INFO - [2025-02-10T15:49:14.819+0000] {dagbag.py:588} INFO - Filling up the DagBag from /usr/local/lib/python3.9/dist-packages/airflow/example_dags/example_params_ui_tutorial.py
[2025-02-10T15:49:14.828+0000] {processor.py:925} INFO - DAG(s) 'example_params_ui_tutorial' retrieved from /usr/local/lib/python3.9/dist-packages/airflow/example_dags/example_params_ui_tutorial.py
[2025-02-10T15:49:14.884+0000] {logging_mixin.py:190} INFO - [2025-02-10T15:49:14.883+0000] {dag.py:3239} INFO - Sync 1 DAGs
[2025-02-10T15:49:14.901+0000] {logging_mixin.py:190} INFO - [2025-02-10T15:49:14.901+0000] {dag.py:4180} INFO - Setting next_dagrun for example_params_ui_tutorial to None, run_after=None
[2025-02-10T15:49:14.977+0000] {processor.py:208} INFO - Processing /usr/local/lib/python3.9/dist-packages/airflow/example_dags/example_params_ui_tutorial.py took 0.167 seconds
[2025-02-10T15:50:28.632+0000] {processor.py:186} INFO - Started process (PID=1291) to work on /usr/local/lib/python3.9/dist-packages/airflow/example_dags/example_params_ui_tutorial.py
[2025-02-10T15:50:28.634+0000] {processor.py:914} INFO - Processing file /usr/local/lib/python3.9/dist-packages/airflow/example_dags/example_params_ui_tutorial.py for tasks to queue
[2025-02-10T15:50:28.636+0000] {logging_mixin.py:190} INFO - [2025-02-10T15:50:28.636+0000] {dagbag.py:588} INFO - Filling up the DagBag from /usr/local/lib/python3.9/dist-packages/airflow/example_dags/example_params_ui_tutorial.py
[2025-02-10T15:50:28.645+0000] {processor.py:925} INFO - DAG(s) 'example_params_ui_tutorial' retrieved from /usr/local/lib/python3.9/dist-packages/airflow/example_dags/example_params_ui_tutorial.py
[2025-02-10T15:50:28.698+0000] {logging_mixin.py:190} INFO - [2025-02-10T15:50:28.698+0000] {dag.py:3239} INFO - Sync 1 DAGs
[2025-02-10T15:50:28.716+0000] {logging_mixin.py:190} INFO - [2025-02-10T15:50:28.716+0000] {dag.py:4180} INFO - Setting next_dagrun for example_params_ui_tutorial to None, run_after=None
[2025-02-10T15:50:28.791+0000] {processor.py:208} INFO - Processing /usr/local/lib/python3.9/dist-packages/airflow/example_dags/example_params_ui_tutorial.py took 0.165 seconds
[2025-02-10T15:51:46.148+0000] {processor.py:186} INFO - Started process (PID=1355) to work on /usr/local/lib/python3.9/dist-packages/airflow/example_dags/example_params_ui_tutorial.py
[2025-02-10T15:51:46.149+0000] {processor.py:914} INFO - Processing file /usr/local/lib/python3.9/dist-packages/airflow/example_dags/example_params_ui_tutorial.py for tasks to queue
[2025-02-10T15:51:46.152+0000] {logging_mixin.py:190} INFO - [2025-02-10T15:51:46.151+0000] {dagbag.py:588} INFO - Filling up the DagBag from /usr/local/lib/python3.9/dist-packages/airflow/example_dags/example_params_ui_tutorial.py
[2025-02-10T15:51:46.160+0000] {processor.py:925} INFO - DAG(s) 'example_params_ui_tutorial' retrieved from /usr/local/lib/python3.9/dist-packages/airflow/example_dags/example_params_ui_tutorial.py
[2025-02-10T15:51:46.217+0000] {logging_mixin.py:190} INFO - [2025-02-10T15:51:46.217+0000] {dag.py:3239} INFO - Sync 1 DAGs
[2025-02-10T15:51:46.234+0000] {logging_mixin.py:190} INFO - [2025-02-10T15:51:46.234+0000] {dag.py:4180} INFO - Setting next_dagrun for example_params_ui_tutorial to None, run_after=None
[2025-02-10T15:51:46.315+0000] {processor.py:208} INFO - Processing /usr/local/lib/python3.9/dist-packages/airflow/example_dags/example_params_ui_tutorial.py took 0.172 seconds
[2025-02-10T15:53:01.686+0000] {processor.py:186} INFO - Started process (PID=1418) to work on /usr/local/lib/python3.9/dist-packages/airflow/example_dags/example_params_ui_tutorial.py
[2025-02-10T15:53:01.688+0000] {processor.py:914} INFO - Processing file /usr/local/lib/python3.9/dist-packages/airflow/example_dags/example_params_ui_tutorial.py for tasks to queue
[2025-02-10T15:53:01.690+0000] {logging_mixin.py:190} INFO - [2025-02-10T15:53:01.690+0000] {dagbag.py:588} INFO - Filling up the DagBag from /usr/local/lib/python3.9/dist-packages/airflow/example_dags/example_params_ui_tutorial.py
[2025-02-10T15:53:01.700+0000] {processor.py:925} INFO - DAG(s) 'example_params_ui_tutorial' retrieved from /usr/local/lib/python3.9/dist-packages/airflow/example_dags/example_params_ui_tutorial.py
[2025-02-10T15:53:01.757+0000] {logging_mixin.py:190} INFO - [2025-02-10T15:53:01.756+0000] {dag.py:3239} INFO - Sync 1 DAGs
[2025-02-10T15:53:01.774+0000] {logging_mixin.py:190} INFO - [2025-02-10T15:53:01.774+0000] {dag.py:4180} INFO - Setting next_dagrun for example_params_ui_tutorial to None, run_after=None
[2025-02-10T15:53:01.853+0000] {processor.py:208} INFO - Processing /usr/local/lib/python3.9/dist-packages/airflow/example_dags/example_params_ui_tutorial.py took 0.173 seconds
[2025-02-10T15:54:19.452+0000] {processor.py:186} INFO - Started process (PID=1483) to work on /usr/local/lib/python3.9/dist-packages/airflow/example_dags/example_params_ui_tutorial.py
[2025-02-10T15:54:19.454+0000] {processor.py:914} INFO - Processing file /usr/local/lib/python3.9/dist-packages/airflow/example_dags/example_params_ui_tutorial.py for tasks to queue
[2025-02-10T15:54:19.456+0000] {logging_mixin.py:190} INFO - [2025-02-10T15:54:19.456+0000] {dagbag.py:588} INFO - Filling up the DagBag from /usr/local/lib/python3.9/dist-packages/airflow/example_dags/example_params_ui_tutorial.py
[2025-02-10T15:54:19.465+0000] {processor.py:925} INFO - DAG(s) 'example_params_ui_tutorial' retrieved from /usr/local/lib/python3.9/dist-packages/airflow/example_dags/example_params_ui_tutorial.py
[2025-02-10T15:54:19.523+0000] {logging_mixin.py:190} INFO - [2025-02-10T15:54:19.523+0000] {dag.py:3239} INFO - Sync 1 DAGs
[2025-02-10T15:54:19.539+0000] {logging_mixin.py:190} INFO - [2025-02-10T15:54:19.539+0000] {dag.py:4180} INFO - Setting next_dagrun for example_params_ui_tutorial to None, run_after=None
[2025-02-10T15:54:19.615+0000] {processor.py:208} INFO - Processing /usr/local/lib/python3.9/dist-packages/airflow/example_dags/example_params_ui_tutorial.py took 0.168 seconds
[2025-02-10T15:55:38.851+0000] {processor.py:186} INFO - Started process (PID=1548) to work on /usr/local/lib/python3.9/dist-packages/airflow/example_dags/example_params_ui_tutorial.py
[2025-02-10T15:55:38.852+0000] {processor.py:914} INFO - Processing file /usr/local/lib/python3.9/dist-packages/airflow/example_dags/example_params_ui_tutorial.py for tasks to queue
[2025-02-10T15:55:38.855+0000] {logging_mixin.py:190} INFO - [2025-02-10T15:55:38.855+0000] {dagbag.py:588} INFO - Filling up the DagBag from /usr/local/lib/python3.9/dist-packages/airflow/example_dags/example_params_ui_tutorial.py
[2025-02-10T15:55:38.864+0000] {processor.py:925} INFO - DAG(s) 'example_params_ui_tutorial' retrieved from /usr/local/lib/python3.9/dist-packages/airflow/example_dags/example_params_ui_tutorial.py
[2025-02-10T15:55:38.921+0000] {logging_mixin.py:190} INFO - [2025-02-10T15:55:38.920+0000] {dag.py:3239} INFO - Sync 1 DAGs
[2025-02-10T15:55:38.938+0000] {logging_mixin.py:190} INFO - [2025-02-10T15:55:38.938+0000] {dag.py:4180} INFO - Setting next_dagrun for example_params_ui_tutorial to None, run_after=None
[2025-02-10T15:55:39.013+0000] {processor.py:208} INFO - Processing /usr/local/lib/python3.9/dist-packages/airflow/example_dags/example_params_ui_tutorial.py took 0.168 seconds
[2025-02-10T15:56:59.403+0000] {processor.py:186} INFO - Started process (PID=1614) to work on /usr/local/lib/python3.9/dist-packages/airflow/example_dags/example_params_ui_tutorial.py
[2025-02-10T15:56:59.405+0000] {processor.py:914} INFO - Processing file /usr/local/lib/python3.9/dist-packages/airflow/example_dags/example_params_ui_tutorial.py for tasks to queue
[2025-02-10T15:56:59.408+0000] {logging_mixin.py:190} INFO - [2025-02-10T15:56:59.407+0000] {dagbag.py:588} INFO - Filling up the DagBag from /usr/local/lib/python3.9/dist-packages/airflow/example_dags/example_params_ui_tutorial.py
[2025-02-10T15:56:59.416+0000] {processor.py:925} INFO - DAG(s) 'example_params_ui_tutorial' retrieved from /usr/local/lib/python3.9/dist-packages/airflow/example_dags/example_params_ui_tutorial.py
[2025-02-10T15:56:59.472+0000] {logging_mixin.py:190} INFO - [2025-02-10T15:56:59.472+0000] {dag.py:3239} INFO - Sync 1 DAGs
[2025-02-10T15:56:59.490+0000] {logging_mixin.py:190} INFO - [2025-02-10T15:56:59.490+0000] {dag.py:4180} INFO - Setting next_dagrun for example_params_ui_tutorial to None, run_after=None
[2025-02-10T15:56:59.570+0000] {processor.py:208} INFO - Processing /usr/local/lib/python3.9/dist-packages/airflow/example_dags/example_params_ui_tutorial.py took 0.173 seconds
[2025-02-10T15:58:16.127+0000] {processor.py:186} INFO - Started process (PID=1678) to work on /usr/local/lib/python3.9/dist-packages/airflow/example_dags/example_params_ui_tutorial.py
[2025-02-10T15:58:16.129+0000] {processor.py:914} INFO - Processing file /usr/local/lib/python3.9/dist-packages/airflow/example_dags/example_params_ui_tutorial.py for tasks to queue
[2025-02-10T15:58:16.131+0000] {logging_mixin.py:190} INFO - [2025-02-10T15:58:16.131+0000] {dagbag.py:588} INFO - Filling up the DagBag from /usr/local/lib/python3.9/dist-packages/airflow/example_dags/example_params_ui_tutorial.py
[2025-02-10T15:58:16.140+0000] {processor.py:925} INFO - DAG(s) 'example_params_ui_tutorial' retrieved from /usr/local/lib/python3.9/dist-packages/airflow/example_dags/example_params_ui_tutorial.py
[2025-02-10T15:58:16.195+0000] {logging_mixin.py:190} INFO - [2025-02-10T15:58:16.194+0000] {dag.py:3239} INFO - Sync 1 DAGs
[2025-02-10T15:58:16.213+0000] {logging_mixin.py:190} INFO - [2025-02-10T15:58:16.213+0000] {dag.py:4180} INFO - Setting next_dagrun for example_params_ui_tutorial to None, run_after=None
[2025-02-10T15:58:16.288+0000] {processor.py:208} INFO - Processing /usr/local/lib/python3.9/dist-packages/airflow/example_dags/example_params_ui_tutorial.py took 0.167 seconds
[2025-02-10T15:59:36.127+0000] {processor.py:186} INFO - Started process (PID=1744) to work on /usr/local/lib/python3.9/dist-packages/airflow/example_dags/example_params_ui_tutorial.py
[2025-02-10T15:59:36.128+0000] {processor.py:914} INFO - Processing file /usr/local/lib/python3.9/dist-packages/airflow/example_dags/example_params_ui_tutorial.py for tasks to queue
[2025-02-10T15:59:36.131+0000] {logging_mixin.py:190} INFO - [2025-02-10T15:59:36.131+0000] {dagbag.py:588} INFO - Filling up the DagBag from /usr/local/lib/python3.9/dist-packages/airflow/example_dags/example_params_ui_tutorial.py
[2025-02-10T15:59:36.140+0000] {processor.py:925} INFO - DAG(s) 'example_params_ui_tutorial' retrieved from /usr/local/lib/python3.9/dist-packages/airflow/example_dags/example_params_ui_tutorial.py
[2025-02-10T15:59:36.195+0000] {logging_mixin.py:190} INFO - [2025-02-10T15:59:36.194+0000] {dag.py:3239} INFO - Sync 1 DAGs
[2025-02-10T15:59:36.211+0000] {logging_mixin.py:190} INFO - [2025-02-10T15:59:36.211+0000] {dag.py:4180} INFO - Setting next_dagrun for example_params_ui_tutorial to None, run_after=None
[2025-02-10T15:59:36.283+0000] {processor.py:208} INFO - Processing /usr/local/lib/python3.9/dist-packages/airflow/example_dags/example_params_ui_tutorial.py took 0.163 seconds
[2025-02-10T16:00:55.512+0000] {processor.py:186} INFO - Started process (PID=1809) to work on /usr/local/lib/python3.9/dist-packages/airflow/example_dags/example_params_ui_tutorial.py
[2025-02-10T16:00:55.514+0000] {processor.py:914} INFO - Processing file /usr/local/lib/python3.9/dist-packages/airflow/example_dags/example_params_ui_tutorial.py for tasks to queue
[2025-02-10T16:00:55.517+0000] {logging_mixin.py:190} INFO - [2025-02-10T16:00:55.516+0000] {dagbag.py:588} INFO - Filling up the DagBag from /usr/local/lib/python3.9/dist-packages/airflow/example_dags/example_params_ui_tutorial.py
[2025-02-10T16:00:55.526+0000] {processor.py:925} INFO - DAG(s) 'example_params_ui_tutorial' retrieved from /usr/local/lib/python3.9/dist-packages/airflow/example_dags/example_params_ui_tutorial.py
[2025-02-10T16:00:55.583+0000] {logging_mixin.py:190} INFO - [2025-02-10T16:00:55.582+0000] {dag.py:3239} INFO - Sync 1 DAGs
[2025-02-10T16:00:55.601+0000] {logging_mixin.py:190} INFO - [2025-02-10T16:00:55.601+0000] {dag.py:4180} INFO - Setting next_dagrun for example_params_ui_tutorial to None, run_after=None
[2025-02-10T16:00:55.680+0000] {processor.py:208} INFO - Processing /usr/local/lib/python3.9/dist-packages/airflow/example_dags/example_params_ui_tutorial.py took 0.174 seconds
[2025-02-10T16:03:53.082+0000] {processor.py:186} INFO - Started process (PID=60) to work on /usr/local/lib/python3.9/dist-packages/airflow/example_dags/example_params_ui_tutorial.py
[2025-02-10T16:03:53.083+0000] {processor.py:914} INFO - Processing file /usr/local/lib/python3.9/dist-packages/airflow/example_dags/example_params_ui_tutorial.py for tasks to queue
[2025-02-10T16:03:53.086+0000] {logging_mixin.py:190} INFO - [2025-02-10T16:03:53.085+0000] {dagbag.py:588} INFO - Filling up the DagBag from /usr/local/lib/python3.9/dist-packages/airflow/example_dags/example_params_ui_tutorial.py
[2025-02-10T16:03:53.096+0000] {processor.py:925} INFO - DAG(s) 'example_params_ui_tutorial' retrieved from /usr/local/lib/python3.9/dist-packages/airflow/example_dags/example_params_ui_tutorial.py
[2025-02-10T16:03:53.155+0000] {logging_mixin.py:190} INFO - [2025-02-10T16:03:53.155+0000] {dag.py:3239} INFO - Sync 1 DAGs
[2025-02-10T16:03:53.171+0000] {logging_mixin.py:190} INFO - [2025-02-10T16:03:53.171+0000] {dag.py:4180} INFO - Setting next_dagrun for example_params_ui_tutorial to None, run_after=None
[2025-02-10T16:03:53.243+0000] {processor.py:208} INFO - Processing /usr/local/lib/python3.9/dist-packages/airflow/example_dags/example_params_ui_tutorial.py took 0.167 seconds
[2025-02-10T16:05:00.872+0000] {processor.py:186} INFO - Started process (PID=117) to work on /usr/local/lib/python3.9/dist-packages/airflow/example_dags/example_params_ui_tutorial.py
[2025-02-10T16:05:00.873+0000] {processor.py:914} INFO - Processing file /usr/local/lib/python3.9/dist-packages/airflow/example_dags/example_params_ui_tutorial.py for tasks to queue
[2025-02-10T16:05:00.876+0000] {logging_mixin.py:190} INFO - [2025-02-10T16:05:00.876+0000] {dagbag.py:588} INFO - Filling up the DagBag from /usr/local/lib/python3.9/dist-packages/airflow/example_dags/example_params_ui_tutorial.py
[2025-02-10T16:05:00.886+0000] {processor.py:925} INFO - DAG(s) 'example_params_ui_tutorial' retrieved from /usr/local/lib/python3.9/dist-packages/airflow/example_dags/example_params_ui_tutorial.py
[2025-02-10T16:05:00.943+0000] {logging_mixin.py:190} INFO - [2025-02-10T16:05:00.942+0000] {dag.py:3239} INFO - Sync 1 DAGs
[2025-02-10T16:05:00.959+0000] {logging_mixin.py:190} INFO - [2025-02-10T16:05:00.958+0000] {dag.py:4180} INFO - Setting next_dagrun for example_params_ui_tutorial to None, run_after=None
[2025-02-10T16:05:01.036+0000] {processor.py:208} INFO - Processing /usr/local/lib/python3.9/dist-packages/airflow/example_dags/example_params_ui_tutorial.py took 0.169 seconds
[2025-02-10T16:06:14.963+0000] {processor.py:186} INFO - Started process (PID=181) to work on /usr/local/lib/python3.9/dist-packages/airflow/example_dags/example_params_ui_tutorial.py
[2025-02-10T16:06:14.965+0000] {processor.py:914} INFO - Processing file /usr/local/lib/python3.9/dist-packages/airflow/example_dags/example_params_ui_tutorial.py for tasks to queue
[2025-02-10T16:06:14.968+0000] {logging_mixin.py:190} INFO - [2025-02-10T16:06:14.967+0000] {dagbag.py:588} INFO - Filling up the DagBag from /usr/local/lib/python3.9/dist-packages/airflow/example_dags/example_params_ui_tutorial.py
[2025-02-10T16:06:14.977+0000] {processor.py:925} INFO - DAG(s) 'example_params_ui_tutorial' retrieved from /usr/local/lib/python3.9/dist-packages/airflow/example_dags/example_params_ui_tutorial.py
[2025-02-10T16:06:15.034+0000] {logging_mixin.py:190} INFO - [2025-02-10T16:06:15.033+0000] {dag.py:3239} INFO - Sync 1 DAGs
[2025-02-10T16:06:15.052+0000] {logging_mixin.py:190} INFO - [2025-02-10T16:06:15.052+0000] {dag.py:4180} INFO - Setting next_dagrun for example_params_ui_tutorial to None, run_after=None
[2025-02-10T16:06:15.125+0000] {processor.py:208} INFO - Processing /usr/local/lib/python3.9/dist-packages/airflow/example_dags/example_params_ui_tutorial.py took 0.168 seconds
[2025-02-10T16:07:32.661+0000] {processor.py:186} INFO - Started process (PID=245) to work on /usr/local/lib/python3.9/dist-packages/airflow/example_dags/example_params_ui_tutorial.py
[2025-02-10T16:07:32.663+0000] {processor.py:914} INFO - Processing file /usr/local/lib/python3.9/dist-packages/airflow/example_dags/example_params_ui_tutorial.py for tasks to queue
[2025-02-10T16:07:32.667+0000] {logging_mixin.py:190} INFO - [2025-02-10T16:07:32.666+0000] {dagbag.py:588} INFO - Filling up the DagBag from /usr/local/lib/python3.9/dist-packages/airflow/example_dags/example_params_ui_tutorial.py
[2025-02-10T16:07:32.676+0000] {processor.py:925} INFO - DAG(s) 'example_params_ui_tutorial' retrieved from /usr/local/lib/python3.9/dist-packages/airflow/example_dags/example_params_ui_tutorial.py
[2025-02-10T16:07:32.733+0000] {logging_mixin.py:190} INFO - [2025-02-10T16:07:32.733+0000] {dag.py:3239} INFO - Sync 1 DAGs
[2025-02-10T16:07:32.751+0000] {logging_mixin.py:190} INFO - [2025-02-10T16:07:32.751+0000] {dag.py:4180} INFO - Setting next_dagrun for example_params_ui_tutorial to None, run_after=None
[2025-02-10T16:07:32.823+0000] {processor.py:208} INFO - Processing /usr/local/lib/python3.9/dist-packages/airflow/example_dags/example_params_ui_tutorial.py took 0.167 seconds
[2025-02-10T16:08:50.123+0000] {processor.py:186} INFO - Started process (PID=309) to work on /usr/local/lib/python3.9/dist-packages/airflow/example_dags/example_params_ui_tutorial.py
[2025-02-10T16:08:50.125+0000] {processor.py:914} INFO - Processing file /usr/local/lib/python3.9/dist-packages/airflow/example_dags/example_params_ui_tutorial.py for tasks to queue
[2025-02-10T16:08:50.128+0000] {logging_mixin.py:190} INFO - [2025-02-10T16:08:50.128+0000] {dagbag.py:588} INFO - Filling up the DagBag from /usr/local/lib/python3.9/dist-packages/airflow/example_dags/example_params_ui_tutorial.py
[2025-02-10T16:08:50.137+0000] {processor.py:925} INFO - DAG(s) 'example_params_ui_tutorial' retrieved from /usr/local/lib/python3.9/dist-packages/airflow/example_dags/example_params_ui_tutorial.py
[2025-02-10T16:08:50.205+0000] {logging_mixin.py:190} INFO - [2025-02-10T16:08:50.205+0000] {dag.py:3239} INFO - Sync 1 DAGs
[2025-02-10T16:08:50.224+0000] {logging_mixin.py:190} INFO - [2025-02-10T16:08:50.224+0000] {dag.py:4180} INFO - Setting next_dagrun for example_params_ui_tutorial to None, run_after=None
[2025-02-10T16:08:50.314+0000] {processor.py:208} INFO - Processing /usr/local/lib/python3.9/dist-packages/airflow/example_dags/example_params_ui_tutorial.py took 0.196 seconds
[2025-02-10T16:10:09.785+0000] {processor.py:186} INFO - Started process (PID=374) to work on /usr/local/lib/python3.9/dist-packages/airflow/example_dags/example_params_ui_tutorial.py
[2025-02-10T16:10:09.786+0000] {processor.py:914} INFO - Processing file /usr/local/lib/python3.9/dist-packages/airflow/example_dags/example_params_ui_tutorial.py for tasks to queue
[2025-02-10T16:10:09.789+0000] {logging_mixin.py:190} INFO - [2025-02-10T16:10:09.789+0000] {dagbag.py:588} INFO - Filling up the DagBag from /usr/local/lib/python3.9/dist-packages/airflow/example_dags/example_params_ui_tutorial.py
[2025-02-10T16:10:09.798+0000] {processor.py:925} INFO - DAG(s) 'example_params_ui_tutorial' retrieved from /usr/local/lib/python3.9/dist-packages/airflow/example_dags/example_params_ui_tutorial.py
[2025-02-10T16:10:09.855+0000] {logging_mixin.py:190} INFO - [2025-02-10T16:10:09.854+0000] {dag.py:3239} INFO - Sync 1 DAGs
[2025-02-10T16:10:09.872+0000] {logging_mixin.py:190} INFO - [2025-02-10T16:10:09.871+0000] {dag.py:4180} INFO - Setting next_dagrun for example_params_ui_tutorial to None, run_after=None
[2025-02-10T16:10:09.950+0000] {processor.py:208} INFO - Processing /usr/local/lib/python3.9/dist-packages/airflow/example_dags/example_params_ui_tutorial.py took 0.170 seconds
[2025-02-10T16:11:25.941+0000] {processor.py:186} INFO - Started process (PID=438) to work on /usr/local/lib/python3.9/dist-packages/airflow/example_dags/example_params_ui_tutorial.py
[2025-02-10T16:11:25.943+0000] {processor.py:914} INFO - Processing file /usr/local/lib/python3.9/dist-packages/airflow/example_dags/example_params_ui_tutorial.py for tasks to queue
[2025-02-10T16:11:25.945+0000] {logging_mixin.py:190} INFO - [2025-02-10T16:11:25.945+0000] {dagbag.py:588} INFO - Filling up the DagBag from /usr/local/lib/python3.9/dist-packages/airflow/example_dags/example_params_ui_tutorial.py
[2025-02-10T16:11:25.954+0000] {processor.py:925} INFO - DAG(s) 'example_params_ui_tutorial' retrieved from /usr/local/lib/python3.9/dist-packages/airflow/example_dags/example_params_ui_tutorial.py
[2025-02-10T16:11:26.012+0000] {logging_mixin.py:190} INFO - [2025-02-10T16:11:26.011+0000] {dag.py:3239} INFO - Sync 1 DAGs
[2025-02-10T16:11:26.029+0000] {logging_mixin.py:190} INFO - [2025-02-10T16:11:26.029+0000] {dag.py:4180} INFO - Setting next_dagrun for example_params_ui_tutorial to None, run_after=None
[2025-02-10T16:11:26.106+0000] {processor.py:208} INFO - Processing /usr/local/lib/python3.9/dist-packages/airflow/example_dags/example_params_ui_tutorial.py took 0.170 seconds
[2025-02-10T16:12:39.666+0000] {processor.py:186} INFO - Started process (PID=501) to work on /usr/local/lib/python3.9/dist-packages/airflow/example_dags/example_params_ui_tutorial.py
[2025-02-10T16:12:39.667+0000] {processor.py:914} INFO - Processing file /usr/local/lib/python3.9/dist-packages/airflow/example_dags/example_params_ui_tutorial.py for tasks to queue
[2025-02-10T16:12:39.670+0000] {logging_mixin.py:190} INFO - [2025-02-10T16:12:39.669+0000] {dagbag.py:588} INFO - Filling up the DagBag from /usr/local/lib/python3.9/dist-packages/airflow/example_dags/example_params_ui_tutorial.py
[2025-02-10T16:12:39.679+0000] {processor.py:925} INFO - DAG(s) 'example_params_ui_tutorial' retrieved from /usr/local/lib/python3.9/dist-packages/airflow/example_dags/example_params_ui_tutorial.py
[2025-02-10T16:12:39.733+0000] {logging_mixin.py:190} INFO - [2025-02-10T16:12:39.733+0000] {dag.py:3239} INFO - Sync 1 DAGs
[2025-02-10T16:12:39.749+0000] {logging_mixin.py:190} INFO - [2025-02-10T16:12:39.749+0000] {dag.py:4180} INFO - Setting next_dagrun for example_params_ui_tutorial to None, run_after=None
[2025-02-10T16:12:39.821+0000] {processor.py:208} INFO - Processing /usr/local/lib/python3.9/dist-packages/airflow/example_dags/example_params_ui_tutorial.py took 0.164 seconds
[2025-02-10T16:13:51.812+0000] {processor.py:186} INFO - Started process (PID=563) to work on /usr/local/lib/python3.9/dist-packages/airflow/example_dags/example_params_ui_tutorial.py
[2025-02-10T16:13:51.814+0000] {processor.py:914} INFO - Processing file /usr/local/lib/python3.9/dist-packages/airflow/example_dags/example_params_ui_tutorial.py for tasks to queue
[2025-02-10T16:13:51.817+0000] {logging_mixin.py:190} INFO - [2025-02-10T16:13:51.816+0000] {dagbag.py:588} INFO - Filling up the DagBag from /usr/local/lib/python3.9/dist-packages/airflow/example_dags/example_params_ui_tutorial.py
[2025-02-10T16:13:51.827+0000] {processor.py:925} INFO - DAG(s) 'example_params_ui_tutorial' retrieved from /usr/local/lib/python3.9/dist-packages/airflow/example_dags/example_params_ui_tutorial.py
[2025-02-10T16:13:51.884+0000] {logging_mixin.py:190} INFO - [2025-02-10T16:13:51.884+0000] {dag.py:3239} INFO - Sync 1 DAGs
[2025-02-10T16:13:51.902+0000] {logging_mixin.py:190} INFO - [2025-02-10T16:13:51.901+0000] {dag.py:4180} INFO - Setting next_dagrun for example_params_ui_tutorial to None, run_after=None
[2025-02-10T16:13:51.976+0000] {processor.py:208} INFO - Processing /usr/local/lib/python3.9/dist-packages/airflow/example_dags/example_params_ui_tutorial.py took 0.170 seconds
[2025-02-10T16:15:07.243+0000] {processor.py:186} INFO - Started process (PID=626) to work on /usr/local/lib/python3.9/dist-packages/airflow/example_dags/example_params_ui_tutorial.py
[2025-02-10T16:15:07.245+0000] {processor.py:914} INFO - Processing file /usr/local/lib/python3.9/dist-packages/airflow/example_dags/example_params_ui_tutorial.py for tasks to queue
[2025-02-10T16:15:07.247+0000] {logging_mixin.py:190} INFO - [2025-02-10T16:15:07.247+0000] {dagbag.py:588} INFO - Filling up the DagBag from /usr/local/lib/python3.9/dist-packages/airflow/example_dags/example_params_ui_tutorial.py
[2025-02-10T16:15:07.257+0000] {processor.py:925} INFO - DAG(s) 'example_params_ui_tutorial' retrieved from /usr/local/lib/python3.9/dist-packages/airflow/example_dags/example_params_ui_tutorial.py
[2025-02-10T16:15:07.313+0000] {logging_mixin.py:190} INFO - [2025-02-10T16:15:07.313+0000] {dag.py:3239} INFO - Sync 1 DAGs
[2025-02-10T16:15:07.333+0000] {logging_mixin.py:190} INFO - [2025-02-10T16:15:07.333+0000] {dag.py:4180} INFO - Setting next_dagrun for example_params_ui_tutorial to None, run_after=None
[2025-02-10T16:15:07.407+0000] {processor.py:208} INFO - Processing /usr/local/lib/python3.9/dist-packages/airflow/example_dags/example_params_ui_tutorial.py took 0.169 seconds
[2025-02-10T16:16:27.612+0000] {processor.py:186} INFO - Started process (PID=692) to work on /usr/local/lib/python3.9/dist-packages/airflow/example_dags/example_params_ui_tutorial.py
[2025-02-10T16:16:27.614+0000] {processor.py:914} INFO - Processing file /usr/local/lib/python3.9/dist-packages/airflow/example_dags/example_params_ui_tutorial.py for tasks to queue
[2025-02-10T16:16:27.618+0000] {logging_mixin.py:190} INFO - [2025-02-10T16:16:27.617+0000] {dagbag.py:588} INFO - Filling up the DagBag from /usr/local/lib/python3.9/dist-packages/airflow/example_dags/example_params_ui_tutorial.py
[2025-02-10T16:16:27.633+0000] {processor.py:925} INFO - DAG(s) 'example_params_ui_tutorial' retrieved from /usr/local/lib/python3.9/dist-packages/airflow/example_dags/example_params_ui_tutorial.py
[2025-02-10T16:16:27.738+0000] {logging_mixin.py:190} INFO - [2025-02-10T16:16:27.737+0000] {dag.py:3239} INFO - Sync 1 DAGs
[2025-02-10T16:16:27.772+0000] {logging_mixin.py:190} INFO - [2025-02-10T16:16:27.772+0000] {dag.py:4180} INFO - Setting next_dagrun for example_params_ui_tutorial to None, run_after=None
[2025-02-10T16:16:27.879+0000] {processor.py:208} INFO - Processing /usr/local/lib/python3.9/dist-packages/airflow/example_dags/example_params_ui_tutorial.py took 0.277 seconds
[2025-02-10T16:17:43.805+0000] {processor.py:186} INFO - Started process (PID=757) to work on /usr/local/lib/python3.9/dist-packages/airflow/example_dags/example_params_ui_tutorial.py
[2025-02-10T16:17:43.807+0000] {processor.py:914} INFO - Processing file /usr/local/lib/python3.9/dist-packages/airflow/example_dags/example_params_ui_tutorial.py for tasks to queue
[2025-02-10T16:17:43.810+0000] {logging_mixin.py:190} INFO - [2025-02-10T16:17:43.809+0000] {dagbag.py:588} INFO - Filling up the DagBag from /usr/local/lib/python3.9/dist-packages/airflow/example_dags/example_params_ui_tutorial.py
[2025-02-10T16:17:43.819+0000] {processor.py:925} INFO - DAG(s) 'example_params_ui_tutorial' retrieved from /usr/local/lib/python3.9/dist-packages/airflow/example_dags/example_params_ui_tutorial.py
[2025-02-10T16:17:43.877+0000] {logging_mixin.py:190} INFO - [2025-02-10T16:17:43.877+0000] {dag.py:3239} INFO - Sync 1 DAGs
[2025-02-10T16:17:43.895+0000] {logging_mixin.py:190} INFO - [2025-02-10T16:17:43.895+0000] {dag.py:4180} INFO - Setting next_dagrun for example_params_ui_tutorial to None, run_after=None
[2025-02-10T16:17:43.971+0000] {processor.py:208} INFO - Processing /usr/local/lib/python3.9/dist-packages/airflow/example_dags/example_params_ui_tutorial.py took 0.172 seconds
[2025-02-10T16:19:00.197+0000] {processor.py:186} INFO - Started process (PID=820) to work on /usr/local/lib/python3.9/dist-packages/airflow/example_dags/example_params_ui_tutorial.py
[2025-02-10T16:19:00.199+0000] {processor.py:914} INFO - Processing file /usr/local/lib/python3.9/dist-packages/airflow/example_dags/example_params_ui_tutorial.py for tasks to queue
[2025-02-10T16:19:00.202+0000] {logging_mixin.py:190} INFO - [2025-02-10T16:19:00.201+0000] {dagbag.py:588} INFO - Filling up the DagBag from /usr/local/lib/python3.9/dist-packages/airflow/example_dags/example_params_ui_tutorial.py
[2025-02-10T16:19:00.211+0000] {processor.py:925} INFO - DAG(s) 'example_params_ui_tutorial' retrieved from /usr/local/lib/python3.9/dist-packages/airflow/example_dags/example_params_ui_tutorial.py
[2025-02-10T16:19:00.267+0000] {logging_mixin.py:190} INFO - [2025-02-10T16:19:00.267+0000] {dag.py:3239} INFO - Sync 1 DAGs
[2025-02-10T16:19:00.284+0000] {logging_mixin.py:190} INFO - [2025-02-10T16:19:00.284+0000] {dag.py:4180} INFO - Setting next_dagrun for example_params_ui_tutorial to None, run_after=None
[2025-02-10T16:19:00.379+0000] {processor.py:208} INFO - Processing /usr/local/lib/python3.9/dist-packages/airflow/example_dags/example_params_ui_tutorial.py took 0.187 seconds
[2025-02-10T16:20:18.799+0000] {processor.py:186} INFO - Started process (PID=886) to work on /usr/local/lib/python3.9/dist-packages/airflow/example_dags/example_params_ui_tutorial.py
[2025-02-10T16:20:18.800+0000] {processor.py:914} INFO - Processing file /usr/local/lib/python3.9/dist-packages/airflow/example_dags/example_params_ui_tutorial.py for tasks to queue
[2025-02-10T16:20:18.803+0000] {logging_mixin.py:190} INFO - [2025-02-10T16:20:18.803+0000] {dagbag.py:588} INFO - Filling up the DagBag from /usr/local/lib/python3.9/dist-packages/airflow/example_dags/example_params_ui_tutorial.py
[2025-02-10T16:20:18.812+0000] {processor.py:925} INFO - DAG(s) 'example_params_ui_tutorial' retrieved from /usr/local/lib/python3.9/dist-packages/airflow/example_dags/example_params_ui_tutorial.py
[2025-02-10T16:20:18.869+0000] {logging_mixin.py:190} INFO - [2025-02-10T16:20:18.869+0000] {dag.py:3239} INFO - Sync 1 DAGs
[2025-02-10T16:20:18.886+0000] {logging_mixin.py:190} INFO - [2025-02-10T16:20:18.885+0000] {dag.py:4180} INFO - Setting next_dagrun for example_params_ui_tutorial to None, run_after=None
[2025-02-10T16:20:18.959+0000] {processor.py:208} INFO - Processing /usr/local/lib/python3.9/dist-packages/airflow/example_dags/example_params_ui_tutorial.py took 0.166 seconds
[2025-02-10T16:21:39.076+0000] {processor.py:186} INFO - Started process (PID=955) to work on /usr/local/lib/python3.9/dist-packages/airflow/example_dags/example_params_ui_tutorial.py
[2025-02-10T16:21:39.078+0000] {processor.py:914} INFO - Processing file /usr/local/lib/python3.9/dist-packages/airflow/example_dags/example_params_ui_tutorial.py for tasks to queue
[2025-02-10T16:21:39.080+0000] {logging_mixin.py:190} INFO - [2025-02-10T16:21:39.079+0000] {dagbag.py:588} INFO - Filling up the DagBag from /usr/local/lib/python3.9/dist-packages/airflow/example_dags/example_params_ui_tutorial.py
[2025-02-10T16:21:39.089+0000] {processor.py:925} INFO - DAG(s) 'example_params_ui_tutorial' retrieved from /usr/local/lib/python3.9/dist-packages/airflow/example_dags/example_params_ui_tutorial.py
[2025-02-10T16:21:39.143+0000] {logging_mixin.py:190} INFO - [2025-02-10T16:21:39.143+0000] {dag.py:3239} INFO - Sync 1 DAGs
[2025-02-10T16:21:39.160+0000] {logging_mixin.py:190} INFO - [2025-02-10T16:21:39.160+0000] {dag.py:4180} INFO - Setting next_dagrun for example_params_ui_tutorial to None, run_after=None
[2025-02-10T16:21:39.236+0000] {processor.py:208} INFO - Processing /usr/local/lib/python3.9/dist-packages/airflow/example_dags/example_params_ui_tutorial.py took 0.166 seconds
[2025-02-10T16:22:55.922+0000] {processor.py:186} INFO - Started process (PID=1019) to work on /usr/local/lib/python3.9/dist-packages/airflow/example_dags/example_params_ui_tutorial.py
[2025-02-10T16:22:55.924+0000] {processor.py:914} INFO - Processing file /usr/local/lib/python3.9/dist-packages/airflow/example_dags/example_params_ui_tutorial.py for tasks to queue
[2025-02-10T16:22:55.927+0000] {logging_mixin.py:190} INFO - [2025-02-10T16:22:55.926+0000] {dagbag.py:588} INFO - Filling up the DagBag from /usr/local/lib/python3.9/dist-packages/airflow/example_dags/example_params_ui_tutorial.py
[2025-02-10T16:22:55.938+0000] {processor.py:925} INFO - DAG(s) 'example_params_ui_tutorial' retrieved from /usr/local/lib/python3.9/dist-packages/airflow/example_dags/example_params_ui_tutorial.py
[2025-02-10T16:22:55.997+0000] {logging_mixin.py:190} INFO - [2025-02-10T16:22:55.997+0000] {dag.py:3239} INFO - Sync 1 DAGs
[2025-02-10T16:22:56.016+0000] {logging_mixin.py:190} INFO - [2025-02-10T16:22:56.015+0000] {dag.py:4180} INFO - Setting next_dagrun for example_params_ui_tutorial to None, run_after=None
[2025-02-10T16:22:56.093+0000] {processor.py:208} INFO - Processing /usr/local/lib/python3.9/dist-packages/airflow/example_dags/example_params_ui_tutorial.py took 0.177 seconds
[2025-02-10T16:24:15.033+0000] {processor.py:186} INFO - Started process (PID=1084) to work on /usr/local/lib/python3.9/dist-packages/airflow/example_dags/example_params_ui_tutorial.py
[2025-02-10T16:24:15.034+0000] {processor.py:914} INFO - Processing file /usr/local/lib/python3.9/dist-packages/airflow/example_dags/example_params_ui_tutorial.py for tasks to queue
[2025-02-10T16:24:15.037+0000] {logging_mixin.py:190} INFO - [2025-02-10T16:24:15.036+0000] {dagbag.py:588} INFO - Filling up the DagBag from /usr/local/lib/python3.9/dist-packages/airflow/example_dags/example_params_ui_tutorial.py
[2025-02-10T16:24:15.045+0000] {processor.py:925} INFO - DAG(s) 'example_params_ui_tutorial' retrieved from /usr/local/lib/python3.9/dist-packages/airflow/example_dags/example_params_ui_tutorial.py
[2025-02-10T16:24:15.101+0000] {logging_mixin.py:190} INFO - [2025-02-10T16:24:15.101+0000] {dag.py:3239} INFO - Sync 1 DAGs
[2025-02-10T16:24:15.118+0000] {logging_mixin.py:190} INFO - [2025-02-10T16:24:15.118+0000] {dag.py:4180} INFO - Setting next_dagrun for example_params_ui_tutorial to None, run_after=None
[2025-02-10T16:24:15.199+0000] {processor.py:208} INFO - Processing /usr/local/lib/python3.9/dist-packages/airflow/example_dags/example_params_ui_tutorial.py took 0.172 seconds
[2025-02-10T16:25:36.221+0000] {processor.py:186} INFO - Started process (PID=1150) to work on /usr/local/lib/python3.9/dist-packages/airflow/example_dags/example_params_ui_tutorial.py
[2025-02-10T16:25:36.223+0000] {processor.py:914} INFO - Processing file /usr/local/lib/python3.9/dist-packages/airflow/example_dags/example_params_ui_tutorial.py for tasks to queue
[2025-02-10T16:25:36.226+0000] {logging_mixin.py:190} INFO - [2025-02-10T16:25:36.226+0000] {dagbag.py:588} INFO - Filling up the DagBag from /usr/local/lib/python3.9/dist-packages/airflow/example_dags/example_params_ui_tutorial.py
[2025-02-10T16:25:36.236+0000] {processor.py:925} INFO - DAG(s) 'example_params_ui_tutorial' retrieved from /usr/local/lib/python3.9/dist-packages/airflow/example_dags/example_params_ui_tutorial.py
[2025-02-10T16:25:36.293+0000] {logging_mixin.py:190} INFO - [2025-02-10T16:25:36.293+0000] {dag.py:3239} INFO - Sync 1 DAGs
[2025-02-10T16:25:36.313+0000] {logging_mixin.py:190} INFO - [2025-02-10T16:25:36.312+0000] {dag.py:4180} INFO - Setting next_dagrun for example_params_ui_tutorial to None, run_after=None
[2025-02-10T16:25:36.390+0000] {processor.py:208} INFO - Processing /usr/local/lib/python3.9/dist-packages/airflow/example_dags/example_params_ui_tutorial.py took 0.174 seconds
[2025-02-10T16:26:58.692+0000] {processor.py:186} INFO - Started process (PID=1217) to work on /usr/local/lib/python3.9/dist-packages/airflow/example_dags/example_params_ui_tutorial.py
[2025-02-10T16:26:58.693+0000] {processor.py:914} INFO - Processing file /usr/local/lib/python3.9/dist-packages/airflow/example_dags/example_params_ui_tutorial.py for tasks to queue
[2025-02-10T16:26:58.697+0000] {logging_mixin.py:190} INFO - [2025-02-10T16:26:58.696+0000] {dagbag.py:588} INFO - Filling up the DagBag from /usr/local/lib/python3.9/dist-packages/airflow/example_dags/example_params_ui_tutorial.py
[2025-02-10T16:26:58.706+0000] {processor.py:925} INFO - DAG(s) 'example_params_ui_tutorial' retrieved from /usr/local/lib/python3.9/dist-packages/airflow/example_dags/example_params_ui_tutorial.py
[2025-02-10T16:26:58.765+0000] {logging_mixin.py:190} INFO - [2025-02-10T16:26:58.764+0000] {dag.py:3239} INFO - Sync 1 DAGs
[2025-02-10T16:26:58.783+0000] {logging_mixin.py:190} INFO - [2025-02-10T16:26:58.782+0000] {dag.py:4180} INFO - Setting next_dagrun for example_params_ui_tutorial to None, run_after=None
[2025-02-10T16:26:58.863+0000] {processor.py:208} INFO - Processing /usr/local/lib/python3.9/dist-packages/airflow/example_dags/example_params_ui_tutorial.py took 0.176 seconds
[2025-02-10T16:28:16.239+0000] {processor.py:186} INFO - Started process (PID=1282) to work on /usr/local/lib/python3.9/dist-packages/airflow/example_dags/example_params_ui_tutorial.py
[2025-02-10T16:28:16.240+0000] {processor.py:914} INFO - Processing file /usr/local/lib/python3.9/dist-packages/airflow/example_dags/example_params_ui_tutorial.py for tasks to queue
[2025-02-10T16:28:16.244+0000] {logging_mixin.py:190} INFO - [2025-02-10T16:28:16.243+0000] {dagbag.py:588} INFO - Filling up the DagBag from /usr/local/lib/python3.9/dist-packages/airflow/example_dags/example_params_ui_tutorial.py
[2025-02-10T16:28:16.253+0000] {processor.py:925} INFO - DAG(s) 'example_params_ui_tutorial' retrieved from /usr/local/lib/python3.9/dist-packages/airflow/example_dags/example_params_ui_tutorial.py
[2025-02-10T16:28:16.311+0000] {logging_mixin.py:190} INFO - [2025-02-10T16:28:16.311+0000] {dag.py:3239} INFO - Sync 1 DAGs
[2025-02-10T16:28:16.329+0000] {logging_mixin.py:190} INFO - [2025-02-10T16:28:16.329+0000] {dag.py:4180} INFO - Setting next_dagrun for example_params_ui_tutorial to None, run_after=None
[2025-02-10T16:28:16.408+0000] {processor.py:208} INFO - Processing /usr/local/lib/python3.9/dist-packages/airflow/example_dags/example_params_ui_tutorial.py took 0.174 seconds
[2025-02-10T16:29:33.663+0000] {processor.py:186} INFO - Started process (PID=1347) to work on /usr/local/lib/python3.9/dist-packages/airflow/example_dags/example_params_ui_tutorial.py
[2025-02-10T16:29:33.664+0000] {processor.py:914} INFO - Processing file /usr/local/lib/python3.9/dist-packages/airflow/example_dags/example_params_ui_tutorial.py for tasks to queue
[2025-02-10T16:29:33.668+0000] {logging_mixin.py:190} INFO - [2025-02-10T16:29:33.668+0000] {dagbag.py:588} INFO - Filling up the DagBag from /usr/local/lib/python3.9/dist-packages/airflow/example_dags/example_params_ui_tutorial.py
[2025-02-10T16:29:33.677+0000] {processor.py:925} INFO - DAG(s) 'example_params_ui_tutorial' retrieved from /usr/local/lib/python3.9/dist-packages/airflow/example_dags/example_params_ui_tutorial.py
[2025-02-10T16:29:33.734+0000] {logging_mixin.py:190} INFO - [2025-02-10T16:29:33.733+0000] {dag.py:3239} INFO - Sync 1 DAGs
[2025-02-10T16:29:33.750+0000] {logging_mixin.py:190} INFO - [2025-02-10T16:29:33.750+0000] {dag.py:4180} INFO - Setting next_dagrun for example_params_ui_tutorial to None, run_after=None
[2025-02-10T16:29:33.830+0000] {processor.py:208} INFO - Processing /usr/local/lib/python3.9/dist-packages/airflow/example_dags/example_params_ui_tutorial.py took 0.173 seconds
[2025-02-10T16:30:49.188+0000] {processor.py:186} INFO - Started process (PID=1410) to work on /usr/local/lib/python3.9/dist-packages/airflow/example_dags/example_params_ui_tutorial.py
[2025-02-10T16:30:49.189+0000] {processor.py:914} INFO - Processing file /usr/local/lib/python3.9/dist-packages/airflow/example_dags/example_params_ui_tutorial.py for tasks to queue
[2025-02-10T16:30:49.192+0000] {logging_mixin.py:190} INFO - [2025-02-10T16:30:49.191+0000] {dagbag.py:588} INFO - Filling up the DagBag from /usr/local/lib/python3.9/dist-packages/airflow/example_dags/example_params_ui_tutorial.py
[2025-02-10T16:30:49.203+0000] {processor.py:925} INFO - DAG(s) 'example_params_ui_tutorial' retrieved from /usr/local/lib/python3.9/dist-packages/airflow/example_dags/example_params_ui_tutorial.py
[2025-02-10T16:30:49.263+0000] {logging_mixin.py:190} INFO - [2025-02-10T16:30:49.263+0000] {dag.py:3239} INFO - Sync 1 DAGs
[2025-02-10T16:30:49.280+0000] {logging_mixin.py:190} INFO - [2025-02-10T16:30:49.280+0000] {dag.py:4180} INFO - Setting next_dagrun for example_params_ui_tutorial to None, run_after=None
[2025-02-10T16:30:49.353+0000] {processor.py:208} INFO - Processing /usr/local/lib/python3.9/dist-packages/airflow/example_dags/example_params_ui_tutorial.py took 0.172 seconds
[2025-02-10T16:32:05.917+0000] {processor.py:186} INFO - Started process (PID=1474) to work on /usr/local/lib/python3.9/dist-packages/airflow/example_dags/example_params_ui_tutorial.py
[2025-02-10T16:32:05.919+0000] {processor.py:914} INFO - Processing file /usr/local/lib/python3.9/dist-packages/airflow/example_dags/example_params_ui_tutorial.py for tasks to queue
[2025-02-10T16:32:05.921+0000] {logging_mixin.py:190} INFO - [2025-02-10T16:32:05.921+0000] {dagbag.py:588} INFO - Filling up the DagBag from /usr/local/lib/python3.9/dist-packages/airflow/example_dags/example_params_ui_tutorial.py
[2025-02-10T16:32:05.930+0000] {processor.py:925} INFO - DAG(s) 'example_params_ui_tutorial' retrieved from /usr/local/lib/python3.9/dist-packages/airflow/example_dags/example_params_ui_tutorial.py
[2025-02-10T16:32:05.988+0000] {logging_mixin.py:190} INFO - [2025-02-10T16:32:05.988+0000] {dag.py:3239} INFO - Sync 1 DAGs
[2025-02-10T16:32:06.009+0000] {logging_mixin.py:190} INFO - [2025-02-10T16:32:06.008+0000] {dag.py:4180} INFO - Setting next_dagrun for example_params_ui_tutorial to None, run_after=None
[2025-02-10T16:32:06.094+0000] {processor.py:208} INFO - Processing /usr/local/lib/python3.9/dist-packages/airflow/example_dags/example_params_ui_tutorial.py took 0.182 seconds
[2025-02-10T16:33:22.787+0000] {processor.py:186} INFO - Started process (PID=1538) to work on /usr/local/lib/python3.9/dist-packages/airflow/example_dags/example_params_ui_tutorial.py
[2025-02-10T16:33:22.788+0000] {processor.py:914} INFO - Processing file /usr/local/lib/python3.9/dist-packages/airflow/example_dags/example_params_ui_tutorial.py for tasks to queue
[2025-02-10T16:33:22.791+0000] {logging_mixin.py:190} INFO - [2025-02-10T16:33:22.790+0000] {dagbag.py:588} INFO - Filling up the DagBag from /usr/local/lib/python3.9/dist-packages/airflow/example_dags/example_params_ui_tutorial.py
[2025-02-10T16:33:22.799+0000] {processor.py:925} INFO - DAG(s) 'example_params_ui_tutorial' retrieved from /usr/local/lib/python3.9/dist-packages/airflow/example_dags/example_params_ui_tutorial.py
[2025-02-10T16:33:22.859+0000] {logging_mixin.py:190} INFO - [2025-02-10T16:33:22.859+0000] {dag.py:3239} INFO - Sync 1 DAGs
[2025-02-10T16:33:22.877+0000] {logging_mixin.py:190} INFO - [2025-02-10T16:33:22.877+0000] {dag.py:4180} INFO - Setting next_dagrun for example_params_ui_tutorial to None, run_after=None
[2025-02-10T16:33:22.954+0000] {processor.py:208} INFO - Processing /usr/local/lib/python3.9/dist-packages/airflow/example_dags/example_params_ui_tutorial.py took 0.173 seconds
[2025-02-10T16:34:37.871+0000] {processor.py:186} INFO - Started process (PID=1602) to work on /usr/local/lib/python3.9/dist-packages/airflow/example_dags/example_params_ui_tutorial.py
[2025-02-10T16:34:37.873+0000] {processor.py:914} INFO - Processing file /usr/local/lib/python3.9/dist-packages/airflow/example_dags/example_params_ui_tutorial.py for tasks to queue
[2025-02-10T16:34:37.877+0000] {logging_mixin.py:190} INFO - [2025-02-10T16:34:37.876+0000] {dagbag.py:588} INFO - Filling up the DagBag from /usr/local/lib/python3.9/dist-packages/airflow/example_dags/example_params_ui_tutorial.py
[2025-02-10T16:34:37.885+0000] {processor.py:925} INFO - DAG(s) 'example_params_ui_tutorial' retrieved from /usr/local/lib/python3.9/dist-packages/airflow/example_dags/example_params_ui_tutorial.py
[2025-02-10T16:34:37.941+0000] {logging_mixin.py:190} INFO - [2025-02-10T16:34:37.941+0000] {dag.py:3239} INFO - Sync 1 DAGs
[2025-02-10T16:34:37.958+0000] {logging_mixin.py:190} INFO - [2025-02-10T16:34:37.958+0000] {dag.py:4180} INFO - Setting next_dagrun for example_params_ui_tutorial to None, run_after=None
[2025-02-10T16:34:38.036+0000] {processor.py:208} INFO - Processing /usr/local/lib/python3.9/dist-packages/airflow/example_dags/example_params_ui_tutorial.py took 0.170 seconds
[2025-02-10T16:35:52.800+0000] {processor.py:186} INFO - Started process (PID=1665) to work on /usr/local/lib/python3.9/dist-packages/airflow/example_dags/example_params_ui_tutorial.py
[2025-02-10T16:35:52.802+0000] {processor.py:914} INFO - Processing file /usr/local/lib/python3.9/dist-packages/airflow/example_dags/example_params_ui_tutorial.py for tasks to queue
[2025-02-10T16:35:52.804+0000] {logging_mixin.py:190} INFO - [2025-02-10T16:35:52.804+0000] {dagbag.py:588} INFO - Filling up the DagBag from /usr/local/lib/python3.9/dist-packages/airflow/example_dags/example_params_ui_tutorial.py
[2025-02-10T16:35:52.813+0000] {processor.py:925} INFO - DAG(s) 'example_params_ui_tutorial' retrieved from /usr/local/lib/python3.9/dist-packages/airflow/example_dags/example_params_ui_tutorial.py
[2025-02-10T16:35:52.868+0000] {logging_mixin.py:190} INFO - [2025-02-10T16:35:52.868+0000] {dag.py:3239} INFO - Sync 1 DAGs
[2025-02-10T16:35:52.885+0000] {logging_mixin.py:190} INFO - [2025-02-10T16:35:52.885+0000] {dag.py:4180} INFO - Setting next_dagrun for example_params_ui_tutorial to None, run_after=None
[2025-02-10T16:35:52.963+0000] {processor.py:208} INFO - Processing /usr/local/lib/python3.9/dist-packages/airflow/example_dags/example_params_ui_tutorial.py took 0.168 seconds
[2025-02-10T16:37:13.378+0000] {processor.py:186} INFO - Started process (PID=1730) to work on /usr/local/lib/python3.9/dist-packages/airflow/example_dags/example_params_ui_tutorial.py
[2025-02-10T16:37:13.380+0000] {processor.py:914} INFO - Processing file /usr/local/lib/python3.9/dist-packages/airflow/example_dags/example_params_ui_tutorial.py for tasks to queue
[2025-02-10T16:37:13.383+0000] {logging_mixin.py:190} INFO - [2025-02-10T16:37:13.382+0000] {dagbag.py:588} INFO - Filling up the DagBag from /usr/local/lib/python3.9/dist-packages/airflow/example_dags/example_params_ui_tutorial.py
[2025-02-10T16:37:13.392+0000] {processor.py:925} INFO - DAG(s) 'example_params_ui_tutorial' retrieved from /usr/local/lib/python3.9/dist-packages/airflow/example_dags/example_params_ui_tutorial.py
[2025-02-10T16:37:13.448+0000] {logging_mixin.py:190} INFO - [2025-02-10T16:37:13.448+0000] {dag.py:3239} INFO - Sync 1 DAGs
[2025-02-10T16:37:13.466+0000] {logging_mixin.py:190} INFO - [2025-02-10T16:37:13.465+0000] {dag.py:4180} INFO - Setting next_dagrun for example_params_ui_tutorial to None, run_after=None
[2025-02-10T16:37:13.540+0000] {processor.py:208} INFO - Processing /usr/local/lib/python3.9/dist-packages/airflow/example_dags/example_params_ui_tutorial.py took 0.167 seconds
