[2025-02-10T14:48:40.109+0000] {processor.py:186} INFO - Started process (PID=56) to work on /usr/local/lib/python3.9/dist-packages/airflow/example_dags/tutorial_objectstorage.py
[2025-02-10T14:48:40.111+0000] {processor.py:914} INFO - Processing file /usr/local/lib/python3.9/dist-packages/airflow/example_dags/tutorial_objectstorage.py for tasks to queue
[2025-02-10T14:48:40.114+0000] {logging_mixin.py:190} INFO - [2025-02-10T14:48:40.113+0000] {dagbag.py:588} INFO - Filling up the DagBag from /usr/local/lib/python3.9/dist-packages/airflow/example_dags/tutorial_objectstorage.py
[2025-02-10T14:48:40.125+0000] {processor.py:925} INFO - DAG(s) 'tutorial_objectstorage' retrieved from /usr/local/lib/python3.9/dist-packages/airflow/example_dags/tutorial_objectstorage.py
[2025-02-10T14:48:40.307+0000] {logging_mixin.py:190} INFO - [2025-02-10T14:48:40.306+0000] {override.py:1930} INFO - Created Permission View: can delete on DAG:tutorial_objectstorage
[2025-02-10T14:48:40.360+0000] {logging_mixin.py:190} INFO - [2025-02-10T14:48:40.360+0000] {override.py:1930} INFO - Created Permission View: can read on DAG:tutorial_objectstorage
[2025-02-10T14:48:40.411+0000] {logging_mixin.py:190} INFO - [2025-02-10T14:48:40.411+0000] {override.py:1930} INFO - Created Permission View: can edit on DAG:tutorial_objectstorage
[2025-02-10T14:48:40.489+0000] {logging_mixin.py:190} INFO - [2025-02-10T14:48:40.488+0000] {override.py:1930} INFO - Created Permission View: can create on DAG Run:tutorial_objectstorage
[2025-02-10T14:48:40.537+0000] {logging_mixin.py:190} INFO - [2025-02-10T14:48:40.536+0000] {override.py:1930} INFO - Created Permission View: can delete on DAG Run:tutorial_objectstorage
[2025-02-10T14:48:40.589+0000] {logging_mixin.py:190} INFO - [2025-02-10T14:48:40.588+0000] {override.py:1930} INFO - Created Permission View: can read on DAG Run:tutorial_objectstorage
[2025-02-10T14:48:40.636+0000] {logging_mixin.py:190} INFO - [2025-02-10T14:48:40.635+0000] {override.py:1930} INFO - Created Permission View: menu access on DAG Run:tutorial_objectstorage
[2025-02-10T14:48:40.637+0000] {logging_mixin.py:190} INFO - [2025-02-10T14:48:40.637+0000] {dag.py:3239} INFO - Sync 1 DAGs
[2025-02-10T14:48:40.659+0000] {logging_mixin.py:190} INFO - [2025-02-10T14:48:40.659+0000] {dag.py:3262} INFO - Creating ORM DAG for tutorial_objectstorage
[2025-02-10T14:48:40.660+0000] {logging_mixin.py:190} INFO - [2025-02-10T14:48:40.660+0000] {dag.py:4180} INFO - Setting next_dagrun for tutorial_objectstorage to None, run_after=None
[2025-02-10T14:48:40.736+0000] {processor.py:208} INFO - Processing /usr/local/lib/python3.9/dist-packages/airflow/example_dags/tutorial_objectstorage.py took 0.634 seconds
[2025-02-10T14:50:16.087+0000] {processor.py:186} INFO - Started process (PID=116) to work on /usr/local/lib/python3.9/dist-packages/airflow/example_dags/tutorial_objectstorage.py
[2025-02-10T14:50:16.090+0000] {processor.py:914} INFO - Processing file /usr/local/lib/python3.9/dist-packages/airflow/example_dags/tutorial_objectstorage.py for tasks to queue
[2025-02-10T14:50:16.093+0000] {logging_mixin.py:190} INFO - [2025-02-10T14:50:16.092+0000] {dagbag.py:588} INFO - Filling up the DagBag from /usr/local/lib/python3.9/dist-packages/airflow/example_dags/tutorial_objectstorage.py
[2025-02-10T14:50:16.102+0000] {processor.py:925} INFO - DAG(s) 'tutorial_objectstorage' retrieved from /usr/local/lib/python3.9/dist-packages/airflow/example_dags/tutorial_objectstorage.py
[2025-02-10T14:50:16.135+0000] {logging_mixin.py:190} INFO - [2025-02-10T14:50:16.134+0000] {dag.py:3239} INFO - Sync 1 DAGs
[2025-02-10T14:50:16.154+0000] {logging_mixin.py:190} INFO - [2025-02-10T14:50:16.154+0000] {dag.py:4180} INFO - Setting next_dagrun for tutorial_objectstorage to None, run_after=None
[2025-02-10T14:50:16.227+0000] {processor.py:208} INFO - Processing /usr/local/lib/python3.9/dist-packages/airflow/example_dags/tutorial_objectstorage.py took 0.145 seconds
[2025-02-10T14:51:30.967+0000] {processor.py:186} INFO - Started process (PID=179) to work on /usr/local/lib/python3.9/dist-packages/airflow/example_dags/tutorial_objectstorage.py
[2025-02-10T14:51:30.968+0000] {processor.py:914} INFO - Processing file /usr/local/lib/python3.9/dist-packages/airflow/example_dags/tutorial_objectstorage.py for tasks to queue
[2025-02-10T14:51:30.971+0000] {logging_mixin.py:190} INFO - [2025-02-10T14:51:30.971+0000] {dagbag.py:588} INFO - Filling up the DagBag from /usr/local/lib/python3.9/dist-packages/airflow/example_dags/tutorial_objectstorage.py
[2025-02-10T14:51:30.980+0000] {processor.py:925} INFO - DAG(s) 'tutorial_objectstorage' retrieved from /usr/local/lib/python3.9/dist-packages/airflow/example_dags/tutorial_objectstorage.py
[2025-02-10T14:51:31.009+0000] {logging_mixin.py:190} INFO - [2025-02-10T14:51:31.009+0000] {dag.py:3239} INFO - Sync 1 DAGs
[2025-02-10T14:51:31.026+0000] {logging_mixin.py:190} INFO - [2025-02-10T14:51:31.026+0000] {dag.py:4180} INFO - Setting next_dagrun for tutorial_objectstorage to None, run_after=None
[2025-02-10T14:51:31.102+0000] {processor.py:208} INFO - Processing /usr/local/lib/python3.9/dist-packages/airflow/example_dags/tutorial_objectstorage.py took 0.140 seconds
[2025-02-10T14:52:53.337+0000] {processor.py:186} INFO - Started process (PID=246) to work on /usr/local/lib/python3.9/dist-packages/airflow/example_dags/tutorial_objectstorage.py
[2025-02-10T14:52:53.338+0000] {processor.py:914} INFO - Processing file /usr/local/lib/python3.9/dist-packages/airflow/example_dags/tutorial_objectstorage.py for tasks to queue
[2025-02-10T14:52:53.341+0000] {logging_mixin.py:190} INFO - [2025-02-10T14:52:53.341+0000] {dagbag.py:588} INFO - Filling up the DagBag from /usr/local/lib/python3.9/dist-packages/airflow/example_dags/tutorial_objectstorage.py
[2025-02-10T14:52:53.351+0000] {processor.py:925} INFO - DAG(s) 'tutorial_objectstorage' retrieved from /usr/local/lib/python3.9/dist-packages/airflow/example_dags/tutorial_objectstorage.py
[2025-02-10T14:52:53.379+0000] {logging_mixin.py:190} INFO - [2025-02-10T14:52:53.379+0000] {dag.py:3239} INFO - Sync 1 DAGs
[2025-02-10T14:52:53.397+0000] {logging_mixin.py:190} INFO - [2025-02-10T14:52:53.396+0000] {dag.py:4180} INFO - Setting next_dagrun for tutorial_objectstorage to None, run_after=None
[2025-02-10T14:52:53.470+0000] {processor.py:208} INFO - Processing /usr/local/lib/python3.9/dist-packages/airflow/example_dags/tutorial_objectstorage.py took 0.139 seconds
[2025-02-10T14:54:10.029+0000] {processor.py:186} INFO - Started process (PID=311) to work on /usr/local/lib/python3.9/dist-packages/airflow/example_dags/tutorial_objectstorage.py
[2025-02-10T14:54:10.031+0000] {processor.py:914} INFO - Processing file /usr/local/lib/python3.9/dist-packages/airflow/example_dags/tutorial_objectstorage.py for tasks to queue
[2025-02-10T14:54:10.034+0000] {logging_mixin.py:190} INFO - [2025-02-10T14:54:10.034+0000] {dagbag.py:588} INFO - Filling up the DagBag from /usr/local/lib/python3.9/dist-packages/airflow/example_dags/tutorial_objectstorage.py
[2025-02-10T14:54:10.043+0000] {processor.py:925} INFO - DAG(s) 'tutorial_objectstorage' retrieved from /usr/local/lib/python3.9/dist-packages/airflow/example_dags/tutorial_objectstorage.py
[2025-02-10T14:54:10.073+0000] {logging_mixin.py:190} INFO - [2025-02-10T14:54:10.072+0000] {dag.py:3239} INFO - Sync 1 DAGs
[2025-02-10T14:54:10.090+0000] {logging_mixin.py:190} INFO - [2025-02-10T14:54:10.089+0000] {dag.py:4180} INFO - Setting next_dagrun for tutorial_objectstorage to None, run_after=None
[2025-02-10T14:54:10.165+0000] {processor.py:208} INFO - Processing /usr/local/lib/python3.9/dist-packages/airflow/example_dags/tutorial_objectstorage.py took 0.142 seconds
[2025-02-10T14:55:27.907+0000] {processor.py:186} INFO - Started process (PID=376) to work on /usr/local/lib/python3.9/dist-packages/airflow/example_dags/tutorial_objectstorage.py
[2025-02-10T14:55:27.908+0000] {processor.py:914} INFO - Processing file /usr/local/lib/python3.9/dist-packages/airflow/example_dags/tutorial_objectstorage.py for tasks to queue
[2025-02-10T14:55:27.911+0000] {logging_mixin.py:190} INFO - [2025-02-10T14:55:27.911+0000] {dagbag.py:588} INFO - Filling up the DagBag from /usr/local/lib/python3.9/dist-packages/airflow/example_dags/tutorial_objectstorage.py
[2025-02-10T14:55:27.920+0000] {processor.py:925} INFO - DAG(s) 'tutorial_objectstorage' retrieved from /usr/local/lib/python3.9/dist-packages/airflow/example_dags/tutorial_objectstorage.py
[2025-02-10T14:55:27.952+0000] {logging_mixin.py:190} INFO - [2025-02-10T14:55:27.952+0000] {dag.py:3239} INFO - Sync 1 DAGs
[2025-02-10T14:55:27.972+0000] {logging_mixin.py:190} INFO - [2025-02-10T14:55:27.971+0000] {dag.py:4180} INFO - Setting next_dagrun for tutorial_objectstorage to None, run_after=None
[2025-02-10T14:55:28.057+0000] {processor.py:208} INFO - Processing /usr/local/lib/python3.9/dist-packages/airflow/example_dags/tutorial_objectstorage.py took 0.155 seconds
[2025-02-10T14:56:52.710+0000] {processor.py:186} INFO - Started process (PID=444) to work on /usr/local/lib/python3.9/dist-packages/airflow/example_dags/tutorial_objectstorage.py
[2025-02-10T14:56:52.711+0000] {processor.py:914} INFO - Processing file /usr/local/lib/python3.9/dist-packages/airflow/example_dags/tutorial_objectstorage.py for tasks to queue
[2025-02-10T14:56:52.714+0000] {logging_mixin.py:190} INFO - [2025-02-10T14:56:52.714+0000] {dagbag.py:588} INFO - Filling up the DagBag from /usr/local/lib/python3.9/dist-packages/airflow/example_dags/tutorial_objectstorage.py
[2025-02-10T14:56:52.723+0000] {processor.py:925} INFO - DAG(s) 'tutorial_objectstorage' retrieved from /usr/local/lib/python3.9/dist-packages/airflow/example_dags/tutorial_objectstorage.py
[2025-02-10T14:56:52.751+0000] {logging_mixin.py:190} INFO - [2025-02-10T14:56:52.751+0000] {dag.py:3239} INFO - Sync 1 DAGs
[2025-02-10T14:56:52.768+0000] {logging_mixin.py:190} INFO - [2025-02-10T14:56:52.768+0000] {dag.py:4180} INFO - Setting next_dagrun for tutorial_objectstorage to None, run_after=None
[2025-02-10T14:56:52.842+0000] {processor.py:208} INFO - Processing /usr/local/lib/python3.9/dist-packages/airflow/example_dags/tutorial_objectstorage.py took 0.138 seconds
[2025-02-10T14:58:09.906+0000] {processor.py:186} INFO - Started process (PID=509) to work on /usr/local/lib/python3.9/dist-packages/airflow/example_dags/tutorial_objectstorage.py
[2025-02-10T14:58:09.908+0000] {processor.py:914} INFO - Processing file /usr/local/lib/python3.9/dist-packages/airflow/example_dags/tutorial_objectstorage.py for tasks to queue
[2025-02-10T14:58:09.911+0000] {logging_mixin.py:190} INFO - [2025-02-10T14:58:09.910+0000] {dagbag.py:588} INFO - Filling up the DagBag from /usr/local/lib/python3.9/dist-packages/airflow/example_dags/tutorial_objectstorage.py
[2025-02-10T14:58:09.919+0000] {processor.py:925} INFO - DAG(s) 'tutorial_objectstorage' retrieved from /usr/local/lib/python3.9/dist-packages/airflow/example_dags/tutorial_objectstorage.py
[2025-02-10T14:58:09.950+0000] {logging_mixin.py:190} INFO - [2025-02-10T14:58:09.950+0000] {dag.py:3239} INFO - Sync 1 DAGs
[2025-02-10T14:58:09.967+0000] {logging_mixin.py:190} INFO - [2025-02-10T14:58:09.967+0000] {dag.py:4180} INFO - Setting next_dagrun for tutorial_objectstorage to None, run_after=None
[2025-02-10T14:58:10.048+0000] {processor.py:208} INFO - Processing /usr/local/lib/python3.9/dist-packages/airflow/example_dags/tutorial_objectstorage.py took 0.147 seconds
[2025-02-10T14:59:23.715+0000] {processor.py:186} INFO - Started process (PID=574) to work on /usr/local/lib/python3.9/dist-packages/airflow/example_dags/tutorial_objectstorage.py
[2025-02-10T14:59:23.717+0000] {processor.py:914} INFO - Processing file /usr/local/lib/python3.9/dist-packages/airflow/example_dags/tutorial_objectstorage.py for tasks to queue
[2025-02-10T14:59:23.720+0000] {logging_mixin.py:190} INFO - [2025-02-10T14:59:23.719+0000] {dagbag.py:588} INFO - Filling up the DagBag from /usr/local/lib/python3.9/dist-packages/airflow/example_dags/tutorial_objectstorage.py
[2025-02-10T14:59:23.728+0000] {processor.py:925} INFO - DAG(s) 'tutorial_objectstorage' retrieved from /usr/local/lib/python3.9/dist-packages/airflow/example_dags/tutorial_objectstorage.py
[2025-02-10T14:59:23.758+0000] {logging_mixin.py:190} INFO - [2025-02-10T14:59:23.757+0000] {dag.py:3239} INFO - Sync 1 DAGs
[2025-02-10T14:59:23.774+0000] {logging_mixin.py:190} INFO - [2025-02-10T14:59:23.774+0000] {dag.py:4180} INFO - Setting next_dagrun for tutorial_objectstorage to None, run_after=None
[2025-02-10T14:59:23.850+0000] {processor.py:208} INFO - Processing /usr/local/lib/python3.9/dist-packages/airflow/example_dags/tutorial_objectstorage.py took 0.140 seconds
[2025-02-10T15:00:36.271+0000] {processor.py:186} INFO - Started process (PID=636) to work on /usr/local/lib/python3.9/dist-packages/airflow/example_dags/tutorial_objectstorage.py
[2025-02-10T15:00:36.274+0000] {processor.py:914} INFO - Processing file /usr/local/lib/python3.9/dist-packages/airflow/example_dags/tutorial_objectstorage.py for tasks to queue
[2025-02-10T15:00:36.277+0000] {logging_mixin.py:190} INFO - [2025-02-10T15:00:36.276+0000] {dagbag.py:588} INFO - Filling up the DagBag from /usr/local/lib/python3.9/dist-packages/airflow/example_dags/tutorial_objectstorage.py
[2025-02-10T15:00:36.285+0000] {processor.py:925} INFO - DAG(s) 'tutorial_objectstorage' retrieved from /usr/local/lib/python3.9/dist-packages/airflow/example_dags/tutorial_objectstorage.py
[2025-02-10T15:00:36.315+0000] {logging_mixin.py:190} INFO - [2025-02-10T15:00:36.314+0000] {dag.py:3239} INFO - Sync 1 DAGs
[2025-02-10T15:00:36.333+0000] {logging_mixin.py:190} INFO - [2025-02-10T15:00:36.333+0000] {dag.py:4180} INFO - Setting next_dagrun for tutorial_objectstorage to None, run_after=None
[2025-02-10T15:00:36.406+0000] {processor.py:208} INFO - Processing /usr/local/lib/python3.9/dist-packages/airflow/example_dags/tutorial_objectstorage.py took 0.140 seconds
[2025-02-10T15:01:56.663+0000] {processor.py:186} INFO - Started process (PID=705) to work on /usr/local/lib/python3.9/dist-packages/airflow/example_dags/tutorial_objectstorage.py
[2025-02-10T15:01:56.664+0000] {processor.py:914} INFO - Processing file /usr/local/lib/python3.9/dist-packages/airflow/example_dags/tutorial_objectstorage.py for tasks to queue
[2025-02-10T15:01:56.667+0000] {logging_mixin.py:190} INFO - [2025-02-10T15:01:56.666+0000] {dagbag.py:588} INFO - Filling up the DagBag from /usr/local/lib/python3.9/dist-packages/airflow/example_dags/tutorial_objectstorage.py
[2025-02-10T15:01:56.679+0000] {processor.py:925} INFO - DAG(s) 'tutorial_objectstorage' retrieved from /usr/local/lib/python3.9/dist-packages/airflow/example_dags/tutorial_objectstorage.py
[2025-02-10T15:01:56.711+0000] {logging_mixin.py:190} INFO - [2025-02-10T15:01:56.711+0000] {dag.py:3239} INFO - Sync 1 DAGs
[2025-02-10T15:01:56.729+0000] {logging_mixin.py:190} INFO - [2025-02-10T15:01:56.729+0000] {dag.py:4180} INFO - Setting next_dagrun for tutorial_objectstorage to None, run_after=None
[2025-02-10T15:01:56.813+0000] {processor.py:208} INFO - Processing /usr/local/lib/python3.9/dist-packages/airflow/example_dags/tutorial_objectstorage.py took 0.156 seconds
[2025-02-10T15:03:16.804+0000] {processor.py:186} INFO - Started process (PID=771) to work on /usr/local/lib/python3.9/dist-packages/airflow/example_dags/tutorial_objectstorage.py
[2025-02-10T15:03:16.806+0000] {processor.py:914} INFO - Processing file /usr/local/lib/python3.9/dist-packages/airflow/example_dags/tutorial_objectstorage.py for tasks to queue
[2025-02-10T15:03:16.808+0000] {logging_mixin.py:190} INFO - [2025-02-10T15:03:16.808+0000] {dagbag.py:588} INFO - Filling up the DagBag from /usr/local/lib/python3.9/dist-packages/airflow/example_dags/tutorial_objectstorage.py
[2025-02-10T15:03:16.817+0000] {processor.py:925} INFO - DAG(s) 'tutorial_objectstorage' retrieved from /usr/local/lib/python3.9/dist-packages/airflow/example_dags/tutorial_objectstorage.py
[2025-02-10T15:03:16.846+0000] {logging_mixin.py:190} INFO - [2025-02-10T15:03:16.845+0000] {dag.py:3239} INFO - Sync 1 DAGs
[2025-02-10T15:03:16.864+0000] {logging_mixin.py:190} INFO - [2025-02-10T15:03:16.863+0000] {dag.py:4180} INFO - Setting next_dagrun for tutorial_objectstorage to None, run_after=None
[2025-02-10T15:03:16.946+0000] {processor.py:208} INFO - Processing /usr/local/lib/python3.9/dist-packages/airflow/example_dags/tutorial_objectstorage.py took 0.147 seconds
[2025-02-10T15:04:31.865+0000] {processor.py:186} INFO - Started process (PID=835) to work on /usr/local/lib/python3.9/dist-packages/airflow/example_dags/tutorial_objectstorage.py
[2025-02-10T15:04:31.867+0000] {processor.py:914} INFO - Processing file /usr/local/lib/python3.9/dist-packages/airflow/example_dags/tutorial_objectstorage.py for tasks to queue
[2025-02-10T15:04:31.869+0000] {logging_mixin.py:190} INFO - [2025-02-10T15:04:31.869+0000] {dagbag.py:588} INFO - Filling up the DagBag from /usr/local/lib/python3.9/dist-packages/airflow/example_dags/tutorial_objectstorage.py
[2025-02-10T15:04:31.880+0000] {processor.py:925} INFO - DAG(s) 'tutorial_objectstorage' retrieved from /usr/local/lib/python3.9/dist-packages/airflow/example_dags/tutorial_objectstorage.py
[2025-02-10T15:04:31.908+0000] {logging_mixin.py:190} INFO - [2025-02-10T15:04:31.908+0000] {dag.py:3239} INFO - Sync 1 DAGs
[2025-02-10T15:04:31.926+0000] {logging_mixin.py:190} INFO - [2025-02-10T15:04:31.926+0000] {dag.py:4180} INFO - Setting next_dagrun for tutorial_objectstorage to None, run_after=None
[2025-02-10T15:04:32.003+0000] {processor.py:208} INFO - Processing /usr/local/lib/python3.9/dist-packages/airflow/example_dags/tutorial_objectstorage.py took 0.143 seconds
[2025-02-10T15:05:54.913+0000] {processor.py:186} INFO - Started process (PID=902) to work on /usr/local/lib/python3.9/dist-packages/airflow/example_dags/tutorial_objectstorage.py
[2025-02-10T15:05:54.914+0000] {processor.py:914} INFO - Processing file /usr/local/lib/python3.9/dist-packages/airflow/example_dags/tutorial_objectstorage.py for tasks to queue
[2025-02-10T15:05:54.917+0000] {logging_mixin.py:190} INFO - [2025-02-10T15:05:54.917+0000] {dagbag.py:588} INFO - Filling up the DagBag from /usr/local/lib/python3.9/dist-packages/airflow/example_dags/tutorial_objectstorage.py
[2025-02-10T15:05:54.926+0000] {processor.py:925} INFO - DAG(s) 'tutorial_objectstorage' retrieved from /usr/local/lib/python3.9/dist-packages/airflow/example_dags/tutorial_objectstorage.py
[2025-02-10T15:05:54.956+0000] {logging_mixin.py:190} INFO - [2025-02-10T15:05:54.955+0000] {dag.py:3239} INFO - Sync 1 DAGs
[2025-02-10T15:05:54.972+0000] {logging_mixin.py:190} INFO - [2025-02-10T15:05:54.972+0000] {dag.py:4180} INFO - Setting next_dagrun for tutorial_objectstorage to None, run_after=None
[2025-02-10T15:05:55.051+0000] {processor.py:208} INFO - Processing /usr/local/lib/python3.9/dist-packages/airflow/example_dags/tutorial_objectstorage.py took 0.143 seconds
[2025-02-10T15:07:11.851+0000] {processor.py:186} INFO - Started process (PID=967) to work on /usr/local/lib/python3.9/dist-packages/airflow/example_dags/tutorial_objectstorage.py
[2025-02-10T15:07:11.854+0000] {processor.py:914} INFO - Processing file /usr/local/lib/python3.9/dist-packages/airflow/example_dags/tutorial_objectstorage.py for tasks to queue
[2025-02-10T15:07:11.857+0000] {logging_mixin.py:190} INFO - [2025-02-10T15:07:11.856+0000] {dagbag.py:588} INFO - Filling up the DagBag from /usr/local/lib/python3.9/dist-packages/airflow/example_dags/tutorial_objectstorage.py
[2025-02-10T15:07:11.866+0000] {processor.py:925} INFO - DAG(s) 'tutorial_objectstorage' retrieved from /usr/local/lib/python3.9/dist-packages/airflow/example_dags/tutorial_objectstorage.py
[2025-02-10T15:07:11.896+0000] {logging_mixin.py:190} INFO - [2025-02-10T15:07:11.895+0000] {dag.py:3239} INFO - Sync 1 DAGs
[2025-02-10T15:07:11.913+0000] {logging_mixin.py:190} INFO - [2025-02-10T15:07:11.913+0000] {dag.py:4180} INFO - Setting next_dagrun for tutorial_objectstorage to None, run_after=None
[2025-02-10T15:07:11.985+0000] {processor.py:208} INFO - Processing /usr/local/lib/python3.9/dist-packages/airflow/example_dags/tutorial_objectstorage.py took 0.140 seconds
[2025-02-10T15:08:30.139+0000] {processor.py:186} INFO - Started process (PID=1032) to work on /usr/local/lib/python3.9/dist-packages/airflow/example_dags/tutorial_objectstorage.py
[2025-02-10T15:08:30.141+0000] {processor.py:914} INFO - Processing file /usr/local/lib/python3.9/dist-packages/airflow/example_dags/tutorial_objectstorage.py for tasks to queue
[2025-02-10T15:08:30.143+0000] {logging_mixin.py:190} INFO - [2025-02-10T15:08:30.143+0000] {dagbag.py:588} INFO - Filling up the DagBag from /usr/local/lib/python3.9/dist-packages/airflow/example_dags/tutorial_objectstorage.py
[2025-02-10T15:08:30.152+0000] {processor.py:925} INFO - DAG(s) 'tutorial_objectstorage' retrieved from /usr/local/lib/python3.9/dist-packages/airflow/example_dags/tutorial_objectstorage.py
[2025-02-10T15:08:30.181+0000] {logging_mixin.py:190} INFO - [2025-02-10T15:08:30.180+0000] {dag.py:3239} INFO - Sync 1 DAGs
[2025-02-10T15:08:30.199+0000] {logging_mixin.py:190} INFO - [2025-02-10T15:08:30.199+0000] {dag.py:4180} INFO - Setting next_dagrun for tutorial_objectstorage to None, run_after=None
[2025-02-10T15:08:30.277+0000] {processor.py:208} INFO - Processing /usr/local/lib/python3.9/dist-packages/airflow/example_dags/tutorial_objectstorage.py took 0.143 seconds
[2025-02-10T15:09:48.394+0000] {processor.py:186} INFO - Started process (PID=1097) to work on /usr/local/lib/python3.9/dist-packages/airflow/example_dags/tutorial_objectstorage.py
[2025-02-10T15:09:48.395+0000] {processor.py:914} INFO - Processing file /usr/local/lib/python3.9/dist-packages/airflow/example_dags/tutorial_objectstorage.py for tasks to queue
[2025-02-10T15:09:48.398+0000] {logging_mixin.py:190} INFO - [2025-02-10T15:09:48.397+0000] {dagbag.py:588} INFO - Filling up the DagBag from /usr/local/lib/python3.9/dist-packages/airflow/example_dags/tutorial_objectstorage.py
[2025-02-10T15:09:48.407+0000] {processor.py:925} INFO - DAG(s) 'tutorial_objectstorage' retrieved from /usr/local/lib/python3.9/dist-packages/airflow/example_dags/tutorial_objectstorage.py
[2025-02-10T15:09:48.436+0000] {logging_mixin.py:190} INFO - [2025-02-10T15:09:48.436+0000] {dag.py:3239} INFO - Sync 1 DAGs
[2025-02-10T15:09:48.455+0000] {logging_mixin.py:190} INFO - [2025-02-10T15:09:48.455+0000] {dag.py:4180} INFO - Setting next_dagrun for tutorial_objectstorage to None, run_after=None
[2025-02-10T15:09:48.528+0000] {processor.py:208} INFO - Processing /usr/local/lib/python3.9/dist-packages/airflow/example_dags/tutorial_objectstorage.py took 0.139 seconds
[2025-02-10T15:11:08.455+0000] {processor.py:186} INFO - Started process (PID=1164) to work on /usr/local/lib/python3.9/dist-packages/airflow/example_dags/tutorial_objectstorage.py
[2025-02-10T15:11:08.457+0000] {processor.py:914} INFO - Processing file /usr/local/lib/python3.9/dist-packages/airflow/example_dags/tutorial_objectstorage.py for tasks to queue
[2025-02-10T15:11:08.460+0000] {logging_mixin.py:190} INFO - [2025-02-10T15:11:08.459+0000] {dagbag.py:588} INFO - Filling up the DagBag from /usr/local/lib/python3.9/dist-packages/airflow/example_dags/tutorial_objectstorage.py
[2025-02-10T15:11:08.470+0000] {processor.py:925} INFO - DAG(s) 'tutorial_objectstorage' retrieved from /usr/local/lib/python3.9/dist-packages/airflow/example_dags/tutorial_objectstorage.py
[2025-02-10T15:11:08.498+0000] {logging_mixin.py:190} INFO - [2025-02-10T15:11:08.498+0000] {dag.py:3239} INFO - Sync 1 DAGs
[2025-02-10T15:11:08.517+0000] {logging_mixin.py:190} INFO - [2025-02-10T15:11:08.516+0000] {dag.py:4180} INFO - Setting next_dagrun for tutorial_objectstorage to None, run_after=None
[2025-02-10T15:11:08.584+0000] {processor.py:208} INFO - Processing /usr/local/lib/python3.9/dist-packages/airflow/example_dags/tutorial_objectstorage.py took 0.134 seconds
[2025-02-10T15:12:30.122+0000] {processor.py:186} INFO - Started process (PID=1230) to work on /usr/local/lib/python3.9/dist-packages/airflow/example_dags/tutorial_objectstorage.py
[2025-02-10T15:12:30.123+0000] {processor.py:914} INFO - Processing file /usr/local/lib/python3.9/dist-packages/airflow/example_dags/tutorial_objectstorage.py for tasks to queue
[2025-02-10T15:12:30.126+0000] {logging_mixin.py:190} INFO - [2025-02-10T15:12:30.126+0000] {dagbag.py:588} INFO - Filling up the DagBag from /usr/local/lib/python3.9/dist-packages/airflow/example_dags/tutorial_objectstorage.py
[2025-02-10T15:12:30.137+0000] {processor.py:925} INFO - DAG(s) 'tutorial_objectstorage' retrieved from /usr/local/lib/python3.9/dist-packages/airflow/example_dags/tutorial_objectstorage.py
[2025-02-10T15:12:30.165+0000] {logging_mixin.py:190} INFO - [2025-02-10T15:12:30.164+0000] {dag.py:3239} INFO - Sync 1 DAGs
[2025-02-10T15:12:30.181+0000] {logging_mixin.py:190} INFO - [2025-02-10T15:12:30.181+0000] {dag.py:4180} INFO - Setting next_dagrun for tutorial_objectstorage to None, run_after=None
[2025-02-10T15:12:30.255+0000] {processor.py:208} INFO - Processing /usr/local/lib/python3.9/dist-packages/airflow/example_dags/tutorial_objectstorage.py took 0.138 seconds
[2025-02-10T15:13:44.909+0000] {processor.py:186} INFO - Started process (PID=1294) to work on /usr/local/lib/python3.9/dist-packages/airflow/example_dags/tutorial_objectstorage.py
[2025-02-10T15:13:44.911+0000] {processor.py:914} INFO - Processing file /usr/local/lib/python3.9/dist-packages/airflow/example_dags/tutorial_objectstorage.py for tasks to queue
[2025-02-10T15:13:44.914+0000] {logging_mixin.py:190} INFO - [2025-02-10T15:13:44.914+0000] {dagbag.py:588} INFO - Filling up the DagBag from /usr/local/lib/python3.9/dist-packages/airflow/example_dags/tutorial_objectstorage.py
[2025-02-10T15:13:44.923+0000] {processor.py:925} INFO - DAG(s) 'tutorial_objectstorage' retrieved from /usr/local/lib/python3.9/dist-packages/airflow/example_dags/tutorial_objectstorage.py
[2025-02-10T15:13:44.954+0000] {logging_mixin.py:190} INFO - [2025-02-10T15:13:44.953+0000] {dag.py:3239} INFO - Sync 1 DAGs
[2025-02-10T15:13:44.972+0000] {logging_mixin.py:190} INFO - [2025-02-10T15:13:44.972+0000] {dag.py:4180} INFO - Setting next_dagrun for tutorial_objectstorage to None, run_after=None
[2025-02-10T15:13:45.052+0000] {processor.py:208} INFO - Processing /usr/local/lib/python3.9/dist-packages/airflow/example_dags/tutorial_objectstorage.py took 0.149 seconds
[2025-02-10T15:25:25.333+0000] {processor.py:186} INFO - Started process (PID=50) to work on /usr/local/lib/python3.9/dist-packages/airflow/example_dags/tutorial_objectstorage.py
[2025-02-10T15:25:25.335+0000] {processor.py:914} INFO - Processing file /usr/local/lib/python3.9/dist-packages/airflow/example_dags/tutorial_objectstorage.py for tasks to queue
[2025-02-10T15:25:25.338+0000] {logging_mixin.py:190} INFO - [2025-02-10T15:25:25.338+0000] {dagbag.py:588} INFO - Filling up the DagBag from /usr/local/lib/python3.9/dist-packages/airflow/example_dags/tutorial_objectstorage.py
[2025-02-10T15:25:25.348+0000] {processor.py:925} INFO - DAG(s) 'tutorial_objectstorage' retrieved from /usr/local/lib/python3.9/dist-packages/airflow/example_dags/tutorial_objectstorage.py
[2025-02-10T15:25:25.383+0000] {logging_mixin.py:190} INFO - [2025-02-10T15:25:25.383+0000] {dag.py:3239} INFO - Sync 1 DAGs
[2025-02-10T15:25:25.405+0000] {logging_mixin.py:190} INFO - [2025-02-10T15:25:25.405+0000] {dag.py:4180} INFO - Setting next_dagrun for tutorial_objectstorage to None, run_after=None
[2025-02-10T15:25:25.489+0000] {processor.py:208} INFO - Processing /usr/local/lib/python3.9/dist-packages/airflow/example_dags/tutorial_objectstorage.py took 0.161 seconds
[2025-02-10T15:26:32.625+0000] {processor.py:186} INFO - Started process (PID=107) to work on /usr/local/lib/python3.9/dist-packages/airflow/example_dags/tutorial_objectstorage.py
[2025-02-10T15:26:32.627+0000] {processor.py:914} INFO - Processing file /usr/local/lib/python3.9/dist-packages/airflow/example_dags/tutorial_objectstorage.py for tasks to queue
[2025-02-10T15:26:32.630+0000] {logging_mixin.py:190} INFO - [2025-02-10T15:26:32.629+0000] {dagbag.py:588} INFO - Filling up the DagBag from /usr/local/lib/python3.9/dist-packages/airflow/example_dags/tutorial_objectstorage.py
[2025-02-10T15:26:32.639+0000] {processor.py:925} INFO - DAG(s) 'tutorial_objectstorage' retrieved from /usr/local/lib/python3.9/dist-packages/airflow/example_dags/tutorial_objectstorage.py
[2025-02-10T15:26:32.671+0000] {logging_mixin.py:190} INFO - [2025-02-10T15:26:32.671+0000] {dag.py:3239} INFO - Sync 1 DAGs
[2025-02-10T15:26:32.690+0000] {logging_mixin.py:190} INFO - [2025-02-10T15:26:32.690+0000] {dag.py:4180} INFO - Setting next_dagrun for tutorial_objectstorage to None, run_after=None
[2025-02-10T15:26:32.774+0000] {processor.py:208} INFO - Processing /usr/local/lib/python3.9/dist-packages/airflow/example_dags/tutorial_objectstorage.py took 0.154 seconds
[2025-02-10T15:27:49.290+0000] {processor.py:186} INFO - Started process (PID=171) to work on /usr/local/lib/python3.9/dist-packages/airflow/example_dags/tutorial_objectstorage.py
[2025-02-10T15:27:49.292+0000] {processor.py:914} INFO - Processing file /usr/local/lib/python3.9/dist-packages/airflow/example_dags/tutorial_objectstorage.py for tasks to queue
[2025-02-10T15:27:49.295+0000] {logging_mixin.py:190} INFO - [2025-02-10T15:27:49.294+0000] {dagbag.py:588} INFO - Filling up the DagBag from /usr/local/lib/python3.9/dist-packages/airflow/example_dags/tutorial_objectstorage.py
[2025-02-10T15:27:49.304+0000] {processor.py:925} INFO - DAG(s) 'tutorial_objectstorage' retrieved from /usr/local/lib/python3.9/dist-packages/airflow/example_dags/tutorial_objectstorage.py
[2025-02-10T15:27:49.330+0000] {logging_mixin.py:190} INFO - [2025-02-10T15:27:49.330+0000] {dag.py:3239} INFO - Sync 1 DAGs
[2025-02-10T15:27:49.347+0000] {logging_mixin.py:190} INFO - [2025-02-10T15:27:49.347+0000] {dag.py:4180} INFO - Setting next_dagrun for tutorial_objectstorage to None, run_after=None
[2025-02-10T15:27:49.413+0000] {processor.py:208} INFO - Processing /usr/local/lib/python3.9/dist-packages/airflow/example_dags/tutorial_objectstorage.py took 0.128 seconds
[2025-02-10T15:29:09.925+0000] {processor.py:186} INFO - Started process (PID=237) to work on /usr/local/lib/python3.9/dist-packages/airflow/example_dags/tutorial_objectstorage.py
[2025-02-10T15:29:09.927+0000] {processor.py:914} INFO - Processing file /usr/local/lib/python3.9/dist-packages/airflow/example_dags/tutorial_objectstorage.py for tasks to queue
[2025-02-10T15:29:09.930+0000] {logging_mixin.py:190} INFO - [2025-02-10T15:29:09.930+0000] {dagbag.py:588} INFO - Filling up the DagBag from /usr/local/lib/python3.9/dist-packages/airflow/example_dags/tutorial_objectstorage.py
[2025-02-10T15:29:09.939+0000] {processor.py:925} INFO - DAG(s) 'tutorial_objectstorage' retrieved from /usr/local/lib/python3.9/dist-packages/airflow/example_dags/tutorial_objectstorage.py
[2025-02-10T15:29:09.970+0000] {logging_mixin.py:190} INFO - [2025-02-10T15:29:09.969+0000] {dag.py:3239} INFO - Sync 1 DAGs
[2025-02-10T15:29:09.988+0000] {logging_mixin.py:190} INFO - [2025-02-10T15:29:09.988+0000] {dag.py:4180} INFO - Setting next_dagrun for tutorial_objectstorage to None, run_after=None
[2025-02-10T15:29:10.064+0000] {processor.py:208} INFO - Processing /usr/local/lib/python3.9/dist-packages/airflow/example_dags/tutorial_objectstorage.py took 0.144 seconds
[2025-02-10T15:30:25.008+0000] {processor.py:186} INFO - Started process (PID=300) to work on /usr/local/lib/python3.9/dist-packages/airflow/example_dags/tutorial_objectstorage.py
[2025-02-10T15:30:25.010+0000] {processor.py:914} INFO - Processing file /usr/local/lib/python3.9/dist-packages/airflow/example_dags/tutorial_objectstorage.py for tasks to queue
[2025-02-10T15:30:25.012+0000] {logging_mixin.py:190} INFO - [2025-02-10T15:30:25.012+0000] {dagbag.py:588} INFO - Filling up the DagBag from /usr/local/lib/python3.9/dist-packages/airflow/example_dags/tutorial_objectstorage.py
[2025-02-10T15:30:25.021+0000] {processor.py:925} INFO - DAG(s) 'tutorial_objectstorage' retrieved from /usr/local/lib/python3.9/dist-packages/airflow/example_dags/tutorial_objectstorage.py
[2025-02-10T15:30:25.050+0000] {logging_mixin.py:190} INFO - [2025-02-10T15:30:25.050+0000] {dag.py:3239} INFO - Sync 1 DAGs
[2025-02-10T15:30:25.067+0000] {logging_mixin.py:190} INFO - [2025-02-10T15:30:25.066+0000] {dag.py:4180} INFO - Setting next_dagrun for tutorial_objectstorage to None, run_after=None
[2025-02-10T15:30:25.144+0000] {processor.py:208} INFO - Processing /usr/local/lib/python3.9/dist-packages/airflow/example_dags/tutorial_objectstorage.py took 0.141 seconds
[2025-02-10T15:31:40.188+0000] {processor.py:186} INFO - Started process (PID=364) to work on /usr/local/lib/python3.9/dist-packages/airflow/example_dags/tutorial_objectstorage.py
[2025-02-10T15:31:40.189+0000] {processor.py:914} INFO - Processing file /usr/local/lib/python3.9/dist-packages/airflow/example_dags/tutorial_objectstorage.py for tasks to queue
[2025-02-10T15:31:40.192+0000] {logging_mixin.py:190} INFO - [2025-02-10T15:31:40.191+0000] {dagbag.py:588} INFO - Filling up the DagBag from /usr/local/lib/python3.9/dist-packages/airflow/example_dags/tutorial_objectstorage.py
[2025-02-10T15:31:40.207+0000] {processor.py:925} INFO - DAG(s) 'tutorial_objectstorage' retrieved from /usr/local/lib/python3.9/dist-packages/airflow/example_dags/tutorial_objectstorage.py
[2025-02-10T15:31:40.238+0000] {logging_mixin.py:190} INFO - [2025-02-10T15:31:40.238+0000] {dag.py:3239} INFO - Sync 1 DAGs
[2025-02-10T15:31:40.258+0000] {logging_mixin.py:190} INFO - [2025-02-10T15:31:40.258+0000] {dag.py:4180} INFO - Setting next_dagrun for tutorial_objectstorage to None, run_after=None
[2025-02-10T15:31:40.346+0000] {processor.py:208} INFO - Processing /usr/local/lib/python3.9/dist-packages/airflow/example_dags/tutorial_objectstorage.py took 0.165 seconds
[2025-02-10T15:33:01.318+0000] {processor.py:186} INFO - Started process (PID=430) to work on /usr/local/lib/python3.9/dist-packages/airflow/example_dags/tutorial_objectstorage.py
[2025-02-10T15:33:01.319+0000] {processor.py:914} INFO - Processing file /usr/local/lib/python3.9/dist-packages/airflow/example_dags/tutorial_objectstorage.py for tasks to queue
[2025-02-10T15:33:01.322+0000] {logging_mixin.py:190} INFO - [2025-02-10T15:33:01.321+0000] {dagbag.py:588} INFO - Filling up the DagBag from /usr/local/lib/python3.9/dist-packages/airflow/example_dags/tutorial_objectstorage.py
[2025-02-10T15:33:01.330+0000] {processor.py:925} INFO - DAG(s) 'tutorial_objectstorage' retrieved from /usr/local/lib/python3.9/dist-packages/airflow/example_dags/tutorial_objectstorage.py
[2025-02-10T15:33:01.359+0000] {logging_mixin.py:190} INFO - [2025-02-10T15:33:01.359+0000] {dag.py:3239} INFO - Sync 1 DAGs
[2025-02-10T15:33:01.377+0000] {logging_mixin.py:190} INFO - [2025-02-10T15:33:01.376+0000] {dag.py:4180} INFO - Setting next_dagrun for tutorial_objectstorage to None, run_after=None
[2025-02-10T15:33:01.455+0000] {processor.py:208} INFO - Processing /usr/local/lib/python3.9/dist-packages/airflow/example_dags/tutorial_objectstorage.py took 0.142 seconds
[2025-02-10T15:34:23.808+0000] {processor.py:186} INFO - Started process (PID=496) to work on /usr/local/lib/python3.9/dist-packages/airflow/example_dags/tutorial_objectstorage.py
[2025-02-10T15:34:23.809+0000] {processor.py:914} INFO - Processing file /usr/local/lib/python3.9/dist-packages/airflow/example_dags/tutorial_objectstorage.py for tasks to queue
[2025-02-10T15:34:23.812+0000] {logging_mixin.py:190} INFO - [2025-02-10T15:34:23.811+0000] {dagbag.py:588} INFO - Filling up the DagBag from /usr/local/lib/python3.9/dist-packages/airflow/example_dags/tutorial_objectstorage.py
[2025-02-10T15:34:23.821+0000] {processor.py:925} INFO - DAG(s) 'tutorial_objectstorage' retrieved from /usr/local/lib/python3.9/dist-packages/airflow/example_dags/tutorial_objectstorage.py
[2025-02-10T15:34:23.850+0000] {logging_mixin.py:190} INFO - [2025-02-10T15:34:23.850+0000] {dag.py:3239} INFO - Sync 1 DAGs
[2025-02-10T15:34:23.867+0000] {logging_mixin.py:190} INFO - [2025-02-10T15:34:23.866+0000] {dag.py:4180} INFO - Setting next_dagrun for tutorial_objectstorage to None, run_after=None
[2025-02-10T15:34:23.943+0000] {processor.py:208} INFO - Processing /usr/local/lib/python3.9/dist-packages/airflow/example_dags/tutorial_objectstorage.py took 0.141 seconds
[2025-02-10T15:35:42.111+0000] {processor.py:186} INFO - Started process (PID=561) to work on /usr/local/lib/python3.9/dist-packages/airflow/example_dags/tutorial_objectstorage.py
[2025-02-10T15:35:42.113+0000] {processor.py:914} INFO - Processing file /usr/local/lib/python3.9/dist-packages/airflow/example_dags/tutorial_objectstorage.py for tasks to queue
[2025-02-10T15:35:42.115+0000] {logging_mixin.py:190} INFO - [2025-02-10T15:35:42.114+0000] {dagbag.py:588} INFO - Filling up the DagBag from /usr/local/lib/python3.9/dist-packages/airflow/example_dags/tutorial_objectstorage.py
[2025-02-10T15:35:42.123+0000] {processor.py:925} INFO - DAG(s) 'tutorial_objectstorage' retrieved from /usr/local/lib/python3.9/dist-packages/airflow/example_dags/tutorial_objectstorage.py
[2025-02-10T15:35:42.153+0000] {logging_mixin.py:190} INFO - [2025-02-10T15:35:42.152+0000] {dag.py:3239} INFO - Sync 1 DAGs
[2025-02-10T15:35:42.170+0000] {logging_mixin.py:190} INFO - [2025-02-10T15:35:42.170+0000] {dag.py:4180} INFO - Setting next_dagrun for tutorial_objectstorage to None, run_after=None
[2025-02-10T15:35:42.252+0000] {processor.py:208} INFO - Processing /usr/local/lib/python3.9/dist-packages/airflow/example_dags/tutorial_objectstorage.py took 0.146 seconds
[2025-02-10T15:37:05.634+0000] {processor.py:186} INFO - Started process (PID=628) to work on /usr/local/lib/python3.9/dist-packages/airflow/example_dags/tutorial_objectstorage.py
[2025-02-10T15:37:05.635+0000] {processor.py:914} INFO - Processing file /usr/local/lib/python3.9/dist-packages/airflow/example_dags/tutorial_objectstorage.py for tasks to queue
[2025-02-10T15:37:05.638+0000] {logging_mixin.py:190} INFO - [2025-02-10T15:37:05.637+0000] {dagbag.py:588} INFO - Filling up the DagBag from /usr/local/lib/python3.9/dist-packages/airflow/example_dags/tutorial_objectstorage.py
[2025-02-10T15:37:05.647+0000] {processor.py:925} INFO - DAG(s) 'tutorial_objectstorage' retrieved from /usr/local/lib/python3.9/dist-packages/airflow/example_dags/tutorial_objectstorage.py
[2025-02-10T15:37:05.676+0000] {logging_mixin.py:190} INFO - [2025-02-10T15:37:05.676+0000] {dag.py:3239} INFO - Sync 1 DAGs
[2025-02-10T15:37:05.693+0000] {logging_mixin.py:190} INFO - [2025-02-10T15:37:05.693+0000] {dag.py:4180} INFO - Setting next_dagrun for tutorial_objectstorage to None, run_after=None
[2025-02-10T15:37:05.773+0000] {processor.py:208} INFO - Processing /usr/local/lib/python3.9/dist-packages/airflow/example_dags/tutorial_objectstorage.py took 0.145 seconds
[2025-02-10T15:38:27.586+0000] {processor.py:186} INFO - Started process (PID=694) to work on /usr/local/lib/python3.9/dist-packages/airflow/example_dags/tutorial_objectstorage.py
[2025-02-10T15:38:27.587+0000] {processor.py:914} INFO - Processing file /usr/local/lib/python3.9/dist-packages/airflow/example_dags/tutorial_objectstorage.py for tasks to queue
[2025-02-10T15:38:27.590+0000] {logging_mixin.py:190} INFO - [2025-02-10T15:38:27.590+0000] {dagbag.py:588} INFO - Filling up the DagBag from /usr/local/lib/python3.9/dist-packages/airflow/example_dags/tutorial_objectstorage.py
[2025-02-10T15:38:27.599+0000] {processor.py:925} INFO - DAG(s) 'tutorial_objectstorage' retrieved from /usr/local/lib/python3.9/dist-packages/airflow/example_dags/tutorial_objectstorage.py
[2025-02-10T15:38:27.629+0000] {logging_mixin.py:190} INFO - [2025-02-10T15:38:27.629+0000] {dag.py:3239} INFO - Sync 1 DAGs
[2025-02-10T15:38:27.647+0000] {logging_mixin.py:190} INFO - [2025-02-10T15:38:27.646+0000] {dag.py:4180} INFO - Setting next_dagrun for tutorial_objectstorage to None, run_after=None
[2025-02-10T15:38:27.728+0000] {processor.py:208} INFO - Processing /usr/local/lib/python3.9/dist-packages/airflow/example_dags/tutorial_objectstorage.py took 0.147 seconds
[2025-02-10T15:39:49.313+0000] {processor.py:186} INFO - Started process (PID=761) to work on /usr/local/lib/python3.9/dist-packages/airflow/example_dags/tutorial_objectstorage.py
[2025-02-10T15:39:49.315+0000] {processor.py:914} INFO - Processing file /usr/local/lib/python3.9/dist-packages/airflow/example_dags/tutorial_objectstorage.py for tasks to queue
[2025-02-10T15:39:49.318+0000] {logging_mixin.py:190} INFO - [2025-02-10T15:39:49.317+0000] {dagbag.py:588} INFO - Filling up the DagBag from /usr/local/lib/python3.9/dist-packages/airflow/example_dags/tutorial_objectstorage.py
[2025-02-10T15:39:49.326+0000] {processor.py:925} INFO - DAG(s) 'tutorial_objectstorage' retrieved from /usr/local/lib/python3.9/dist-packages/airflow/example_dags/tutorial_objectstorage.py
[2025-02-10T15:39:49.356+0000] {logging_mixin.py:190} INFO - [2025-02-10T15:39:49.356+0000] {dag.py:3239} INFO - Sync 1 DAGs
[2025-02-10T15:39:49.372+0000] {logging_mixin.py:190} INFO - [2025-02-10T15:39:49.372+0000] {dag.py:4180} INFO - Setting next_dagrun for tutorial_objectstorage to None, run_after=None
[2025-02-10T15:39:49.448+0000] {processor.py:208} INFO - Processing /usr/local/lib/python3.9/dist-packages/airflow/example_dags/tutorial_objectstorage.py took 0.140 seconds
[2025-02-10T15:41:05.943+0000] {processor.py:186} INFO - Started process (PID=825) to work on /usr/local/lib/python3.9/dist-packages/airflow/example_dags/tutorial_objectstorage.py
[2025-02-10T15:41:05.945+0000] {processor.py:914} INFO - Processing file /usr/local/lib/python3.9/dist-packages/airflow/example_dags/tutorial_objectstorage.py for tasks to queue
[2025-02-10T15:41:05.947+0000] {logging_mixin.py:190} INFO - [2025-02-10T15:41:05.947+0000] {dagbag.py:588} INFO - Filling up the DagBag from /usr/local/lib/python3.9/dist-packages/airflow/example_dags/tutorial_objectstorage.py
[2025-02-10T15:41:05.957+0000] {processor.py:925} INFO - DAG(s) 'tutorial_objectstorage' retrieved from /usr/local/lib/python3.9/dist-packages/airflow/example_dags/tutorial_objectstorage.py
[2025-02-10T15:41:05.988+0000] {logging_mixin.py:190} INFO - [2025-02-10T15:41:05.988+0000] {dag.py:3239} INFO - Sync 1 DAGs
[2025-02-10T15:41:06.005+0000] {logging_mixin.py:190} INFO - [2025-02-10T15:41:06.005+0000] {dag.py:4180} INFO - Setting next_dagrun for tutorial_objectstorage to None, run_after=None
[2025-02-10T15:41:06.085+0000] {processor.py:208} INFO - Processing /usr/local/lib/python3.9/dist-packages/airflow/example_dags/tutorial_objectstorage.py took 0.147 seconds
[2025-02-10T15:42:26.231+0000] {processor.py:186} INFO - Started process (PID=891) to work on /usr/local/lib/python3.9/dist-packages/airflow/example_dags/tutorial_objectstorage.py
[2025-02-10T15:42:26.233+0000] {processor.py:914} INFO - Processing file /usr/local/lib/python3.9/dist-packages/airflow/example_dags/tutorial_objectstorage.py for tasks to queue
[2025-02-10T15:42:26.235+0000] {logging_mixin.py:190} INFO - [2025-02-10T15:42:26.235+0000] {dagbag.py:588} INFO - Filling up the DagBag from /usr/local/lib/python3.9/dist-packages/airflow/example_dags/tutorial_objectstorage.py
[2025-02-10T15:42:26.244+0000] {processor.py:925} INFO - DAG(s) 'tutorial_objectstorage' retrieved from /usr/local/lib/python3.9/dist-packages/airflow/example_dags/tutorial_objectstorage.py
[2025-02-10T15:42:26.274+0000] {logging_mixin.py:190} INFO - [2025-02-10T15:42:26.274+0000] {dag.py:3239} INFO - Sync 1 DAGs
[2025-02-10T15:42:26.292+0000] {logging_mixin.py:190} INFO - [2025-02-10T15:42:26.292+0000] {dag.py:4180} INFO - Setting next_dagrun for tutorial_objectstorage to None, run_after=None
[2025-02-10T15:42:26.368+0000] {processor.py:208} INFO - Processing /usr/local/lib/python3.9/dist-packages/airflow/example_dags/tutorial_objectstorage.py took 0.142 seconds
[2025-02-10T15:43:49.236+0000] {processor.py:186} INFO - Started process (PID=958) to work on /usr/local/lib/python3.9/dist-packages/airflow/example_dags/tutorial_objectstorage.py
[2025-02-10T15:43:49.237+0000] {processor.py:914} INFO - Processing file /usr/local/lib/python3.9/dist-packages/airflow/example_dags/tutorial_objectstorage.py for tasks to queue
[2025-02-10T15:43:49.240+0000] {logging_mixin.py:190} INFO - [2025-02-10T15:43:49.240+0000] {dagbag.py:588} INFO - Filling up the DagBag from /usr/local/lib/python3.9/dist-packages/airflow/example_dags/tutorial_objectstorage.py
[2025-02-10T15:43:49.250+0000] {processor.py:925} INFO - DAG(s) 'tutorial_objectstorage' retrieved from /usr/local/lib/python3.9/dist-packages/airflow/example_dags/tutorial_objectstorage.py
[2025-02-10T15:43:49.279+0000] {logging_mixin.py:190} INFO - [2025-02-10T15:43:49.278+0000] {dag.py:3239} INFO - Sync 1 DAGs
[2025-02-10T15:43:49.297+0000] {logging_mixin.py:190} INFO - [2025-02-10T15:43:49.296+0000] {dag.py:4180} INFO - Setting next_dagrun for tutorial_objectstorage to None, run_after=None
[2025-02-10T15:43:49.375+0000] {processor.py:208} INFO - Processing /usr/local/lib/python3.9/dist-packages/airflow/example_dags/tutorial_objectstorage.py took 0.144 seconds
[2025-02-10T15:45:13.470+0000] {processor.py:186} INFO - Started process (PID=1025) to work on /usr/local/lib/python3.9/dist-packages/airflow/example_dags/tutorial_objectstorage.py
[2025-02-10T15:45:13.472+0000] {processor.py:914} INFO - Processing file /usr/local/lib/python3.9/dist-packages/airflow/example_dags/tutorial_objectstorage.py for tasks to queue
[2025-02-10T15:45:13.476+0000] {logging_mixin.py:190} INFO - [2025-02-10T15:45:13.475+0000] {dagbag.py:588} INFO - Filling up the DagBag from /usr/local/lib/python3.9/dist-packages/airflow/example_dags/tutorial_objectstorage.py
[2025-02-10T15:45:13.490+0000] {processor.py:925} INFO - DAG(s) 'tutorial_objectstorage' retrieved from /usr/local/lib/python3.9/dist-packages/airflow/example_dags/tutorial_objectstorage.py
[2025-02-10T15:45:13.521+0000] {logging_mixin.py:190} INFO - [2025-02-10T15:45:13.521+0000] {dag.py:3239} INFO - Sync 1 DAGs
[2025-02-10T15:45:13.539+0000] {logging_mixin.py:190} INFO - [2025-02-10T15:45:13.539+0000] {dag.py:4180} INFO - Setting next_dagrun for tutorial_objectstorage to None, run_after=None
[2025-02-10T15:45:13.613+0000] {processor.py:208} INFO - Processing /usr/local/lib/python3.9/dist-packages/airflow/example_dags/tutorial_objectstorage.py took 0.154 seconds
[2025-02-10T15:46:31.972+0000] {processor.py:186} INFO - Started process (PID=1090) to work on /usr/local/lib/python3.9/dist-packages/airflow/example_dags/tutorial_objectstorage.py
[2025-02-10T15:46:31.974+0000] {processor.py:914} INFO - Processing file /usr/local/lib/python3.9/dist-packages/airflow/example_dags/tutorial_objectstorage.py for tasks to queue
[2025-02-10T15:46:31.977+0000] {logging_mixin.py:190} INFO - [2025-02-10T15:46:31.976+0000] {dagbag.py:588} INFO - Filling up the DagBag from /usr/local/lib/python3.9/dist-packages/airflow/example_dags/tutorial_objectstorage.py
[2025-02-10T15:46:31.985+0000] {processor.py:925} INFO - DAG(s) 'tutorial_objectstorage' retrieved from /usr/local/lib/python3.9/dist-packages/airflow/example_dags/tutorial_objectstorage.py
[2025-02-10T15:46:32.015+0000] {logging_mixin.py:190} INFO - [2025-02-10T15:46:32.014+0000] {dag.py:3239} INFO - Sync 1 DAGs
[2025-02-10T15:46:32.032+0000] {logging_mixin.py:190} INFO - [2025-02-10T15:46:32.031+0000] {dag.py:4180} INFO - Setting next_dagrun for tutorial_objectstorage to None, run_after=None
[2025-02-10T15:46:32.111+0000] {processor.py:208} INFO - Processing /usr/local/lib/python3.9/dist-packages/airflow/example_dags/tutorial_objectstorage.py took 0.144 seconds
[2025-02-10T15:47:49.785+0000] {processor.py:186} INFO - Started process (PID=1155) to work on /usr/local/lib/python3.9/dist-packages/airflow/example_dags/tutorial_objectstorage.py
[2025-02-10T15:47:49.786+0000] {processor.py:914} INFO - Processing file /usr/local/lib/python3.9/dist-packages/airflow/example_dags/tutorial_objectstorage.py for tasks to queue
[2025-02-10T15:47:49.789+0000] {logging_mixin.py:190} INFO - [2025-02-10T15:47:49.788+0000] {dagbag.py:588} INFO - Filling up the DagBag from /usr/local/lib/python3.9/dist-packages/airflow/example_dags/tutorial_objectstorage.py
[2025-02-10T15:47:49.798+0000] {processor.py:925} INFO - DAG(s) 'tutorial_objectstorage' retrieved from /usr/local/lib/python3.9/dist-packages/airflow/example_dags/tutorial_objectstorage.py
[2025-02-10T15:47:49.828+0000] {logging_mixin.py:190} INFO - [2025-02-10T15:47:49.828+0000] {dag.py:3239} INFO - Sync 1 DAGs
[2025-02-10T15:47:49.844+0000] {logging_mixin.py:190} INFO - [2025-02-10T15:47:49.844+0000] {dag.py:4180} INFO - Setting next_dagrun for tutorial_objectstorage to None, run_after=None
[2025-02-10T15:47:49.923+0000] {processor.py:208} INFO - Processing /usr/local/lib/python3.9/dist-packages/airflow/example_dags/tutorial_objectstorage.py took 0.143 seconds
[2025-02-10T15:49:04.467+0000] {processor.py:186} INFO - Started process (PID=1219) to work on /usr/local/lib/python3.9/dist-packages/airflow/example_dags/tutorial_objectstorage.py
[2025-02-10T15:49:04.468+0000] {processor.py:914} INFO - Processing file /usr/local/lib/python3.9/dist-packages/airflow/example_dags/tutorial_objectstorage.py for tasks to queue
[2025-02-10T15:49:04.471+0000] {logging_mixin.py:190} INFO - [2025-02-10T15:49:04.470+0000] {dagbag.py:588} INFO - Filling up the DagBag from /usr/local/lib/python3.9/dist-packages/airflow/example_dags/tutorial_objectstorage.py
[2025-02-10T15:49:04.479+0000] {processor.py:925} INFO - DAG(s) 'tutorial_objectstorage' retrieved from /usr/local/lib/python3.9/dist-packages/airflow/example_dags/tutorial_objectstorage.py
[2025-02-10T15:49:04.508+0000] {logging_mixin.py:190} INFO - [2025-02-10T15:49:04.508+0000] {dag.py:3239} INFO - Sync 1 DAGs
[2025-02-10T15:49:04.524+0000] {logging_mixin.py:190} INFO - [2025-02-10T15:49:04.524+0000] {dag.py:4180} INFO - Setting next_dagrun for tutorial_objectstorage to None, run_after=None
[2025-02-10T15:49:04.597+0000] {processor.py:208} INFO - Processing /usr/local/lib/python3.9/dist-packages/airflow/example_dags/tutorial_objectstorage.py took 0.136 seconds
[2025-02-10T15:50:17.049+0000] {processor.py:186} INFO - Started process (PID=1281) to work on /usr/local/lib/python3.9/dist-packages/airflow/example_dags/tutorial_objectstorage.py
[2025-02-10T15:50:17.051+0000] {processor.py:914} INFO - Processing file /usr/local/lib/python3.9/dist-packages/airflow/example_dags/tutorial_objectstorage.py for tasks to queue
[2025-02-10T15:50:17.053+0000] {logging_mixin.py:190} INFO - [2025-02-10T15:50:17.053+0000] {dagbag.py:588} INFO - Filling up the DagBag from /usr/local/lib/python3.9/dist-packages/airflow/example_dags/tutorial_objectstorage.py
[2025-02-10T15:50:17.062+0000] {processor.py:925} INFO - DAG(s) 'tutorial_objectstorage' retrieved from /usr/local/lib/python3.9/dist-packages/airflow/example_dags/tutorial_objectstorage.py
[2025-02-10T15:50:17.091+0000] {logging_mixin.py:190} INFO - [2025-02-10T15:50:17.090+0000] {dag.py:3239} INFO - Sync 1 DAGs
[2025-02-10T15:50:17.107+0000] {logging_mixin.py:190} INFO - [2025-02-10T15:50:17.107+0000] {dag.py:4180} INFO - Setting next_dagrun for tutorial_objectstorage to None, run_after=None
[2025-02-10T15:50:17.184+0000] {processor.py:208} INFO - Processing /usr/local/lib/python3.9/dist-packages/airflow/example_dags/tutorial_objectstorage.py took 0.141 seconds
[2025-02-10T15:51:34.993+0000] {processor.py:186} INFO - Started process (PID=1345) to work on /usr/local/lib/python3.9/dist-packages/airflow/example_dags/tutorial_objectstorage.py
[2025-02-10T15:51:34.994+0000] {processor.py:914} INFO - Processing file /usr/local/lib/python3.9/dist-packages/airflow/example_dags/tutorial_objectstorage.py for tasks to queue
[2025-02-10T15:51:34.998+0000] {logging_mixin.py:190} INFO - [2025-02-10T15:51:34.997+0000] {dagbag.py:588} INFO - Filling up the DagBag from /usr/local/lib/python3.9/dist-packages/airflow/example_dags/tutorial_objectstorage.py
[2025-02-10T15:51:35.007+0000] {processor.py:925} INFO - DAG(s) 'tutorial_objectstorage' retrieved from /usr/local/lib/python3.9/dist-packages/airflow/example_dags/tutorial_objectstorage.py
[2025-02-10T15:51:35.036+0000] {logging_mixin.py:190} INFO - [2025-02-10T15:51:35.035+0000] {dag.py:3239} INFO - Sync 1 DAGs
[2025-02-10T15:51:35.053+0000] {logging_mixin.py:190} INFO - [2025-02-10T15:51:35.053+0000] {dag.py:4180} INFO - Setting next_dagrun for tutorial_objectstorage to None, run_after=None
[2025-02-10T15:51:35.125+0000] {processor.py:208} INFO - Processing /usr/local/lib/python3.9/dist-packages/airflow/example_dags/tutorial_objectstorage.py took 0.138 seconds
[2025-02-10T15:52:49.653+0000] {processor.py:186} INFO - Started process (PID=1408) to work on /usr/local/lib/python3.9/dist-packages/airflow/example_dags/tutorial_objectstorage.py
[2025-02-10T15:52:49.655+0000] {processor.py:914} INFO - Processing file /usr/local/lib/python3.9/dist-packages/airflow/example_dags/tutorial_objectstorage.py for tasks to queue
[2025-02-10T15:52:49.658+0000] {logging_mixin.py:190} INFO - [2025-02-10T15:52:49.657+0000] {dagbag.py:588} INFO - Filling up the DagBag from /usr/local/lib/python3.9/dist-packages/airflow/example_dags/tutorial_objectstorage.py
[2025-02-10T15:52:49.667+0000] {processor.py:925} INFO - DAG(s) 'tutorial_objectstorage' retrieved from /usr/local/lib/python3.9/dist-packages/airflow/example_dags/tutorial_objectstorage.py
[2025-02-10T15:52:49.698+0000] {logging_mixin.py:190} INFO - [2025-02-10T15:52:49.697+0000] {dag.py:3239} INFO - Sync 1 DAGs
[2025-02-10T15:52:49.716+0000] {logging_mixin.py:190} INFO - [2025-02-10T15:52:49.716+0000] {dag.py:4180} INFO - Setting next_dagrun for tutorial_objectstorage to None, run_after=None
[2025-02-10T15:52:49.798+0000] {processor.py:208} INFO - Processing /usr/local/lib/python3.9/dist-packages/airflow/example_dags/tutorial_objectstorage.py took 0.150 seconds
[2025-02-10T15:54:08.103+0000] {processor.py:186} INFO - Started process (PID=1473) to work on /usr/local/lib/python3.9/dist-packages/airflow/example_dags/tutorial_objectstorage.py
[2025-02-10T15:54:08.105+0000] {processor.py:914} INFO - Processing file /usr/local/lib/python3.9/dist-packages/airflow/example_dags/tutorial_objectstorage.py for tasks to queue
[2025-02-10T15:54:08.108+0000] {logging_mixin.py:190} INFO - [2025-02-10T15:54:08.107+0000] {dagbag.py:588} INFO - Filling up the DagBag from /usr/local/lib/python3.9/dist-packages/airflow/example_dags/tutorial_objectstorage.py
[2025-02-10T15:54:08.117+0000] {processor.py:925} INFO - DAG(s) 'tutorial_objectstorage' retrieved from /usr/local/lib/python3.9/dist-packages/airflow/example_dags/tutorial_objectstorage.py
[2025-02-10T15:54:08.148+0000] {logging_mixin.py:190} INFO - [2025-02-10T15:54:08.148+0000] {dag.py:3239} INFO - Sync 1 DAGs
[2025-02-10T15:54:08.165+0000] {logging_mixin.py:190} INFO - [2025-02-10T15:54:08.164+0000] {dag.py:4180} INFO - Setting next_dagrun for tutorial_objectstorage to None, run_after=None
[2025-02-10T15:54:08.244+0000] {processor.py:208} INFO - Processing /usr/local/lib/python3.9/dist-packages/airflow/example_dags/tutorial_objectstorage.py took 0.146 seconds
[2025-02-10T15:55:26.749+0000] {processor.py:186} INFO - Started process (PID=1538) to work on /usr/local/lib/python3.9/dist-packages/airflow/example_dags/tutorial_objectstorage.py
[2025-02-10T15:55:26.750+0000] {processor.py:914} INFO - Processing file /usr/local/lib/python3.9/dist-packages/airflow/example_dags/tutorial_objectstorage.py for tasks to queue
[2025-02-10T15:55:26.753+0000] {logging_mixin.py:190} INFO - [2025-02-10T15:55:26.753+0000] {dagbag.py:588} INFO - Filling up the DagBag from /usr/local/lib/python3.9/dist-packages/airflow/example_dags/tutorial_objectstorage.py
[2025-02-10T15:55:26.762+0000] {processor.py:925} INFO - DAG(s) 'tutorial_objectstorage' retrieved from /usr/local/lib/python3.9/dist-packages/airflow/example_dags/tutorial_objectstorage.py
[2025-02-10T15:55:26.792+0000] {logging_mixin.py:190} INFO - [2025-02-10T15:55:26.792+0000] {dag.py:3239} INFO - Sync 1 DAGs
[2025-02-10T15:55:26.810+0000] {logging_mixin.py:190} INFO - [2025-02-10T15:55:26.809+0000] {dag.py:4180} INFO - Setting next_dagrun for tutorial_objectstorage to None, run_after=None
[2025-02-10T15:55:26.889+0000] {processor.py:208} INFO - Processing /usr/local/lib/python3.9/dist-packages/airflow/example_dags/tutorial_objectstorage.py took 0.145 seconds
[2025-02-10T15:56:49.071+0000] {processor.py:186} INFO - Started process (PID=1604) to work on /usr/local/lib/python3.9/dist-packages/airflow/example_dags/tutorial_objectstorage.py
[2025-02-10T15:56:49.072+0000] {processor.py:914} INFO - Processing file /usr/local/lib/python3.9/dist-packages/airflow/example_dags/tutorial_objectstorage.py for tasks to queue
[2025-02-10T15:56:49.075+0000] {logging_mixin.py:190} INFO - [2025-02-10T15:56:49.074+0000] {dagbag.py:588} INFO - Filling up the DagBag from /usr/local/lib/python3.9/dist-packages/airflow/example_dags/tutorial_objectstorage.py
[2025-02-10T15:56:49.085+0000] {processor.py:925} INFO - DAG(s) 'tutorial_objectstorage' retrieved from /usr/local/lib/python3.9/dist-packages/airflow/example_dags/tutorial_objectstorage.py
[2025-02-10T15:56:49.115+0000] {logging_mixin.py:190} INFO - [2025-02-10T15:56:49.115+0000] {dag.py:3239} INFO - Sync 1 DAGs
[2025-02-10T15:56:49.132+0000] {logging_mixin.py:190} INFO - [2025-02-10T15:56:49.132+0000] {dag.py:4180} INFO - Setting next_dagrun for tutorial_objectstorage to None, run_after=None
[2025-02-10T15:56:49.205+0000] {processor.py:208} INFO - Processing /usr/local/lib/python3.9/dist-packages/airflow/example_dags/tutorial_objectstorage.py took 0.140 seconds
[2025-02-10T15:58:04.101+0000] {processor.py:186} INFO - Started process (PID=1668) to work on /usr/local/lib/python3.9/dist-packages/airflow/example_dags/tutorial_objectstorage.py
[2025-02-10T15:58:04.103+0000] {processor.py:914} INFO - Processing file /usr/local/lib/python3.9/dist-packages/airflow/example_dags/tutorial_objectstorage.py for tasks to queue
[2025-02-10T15:58:04.105+0000] {logging_mixin.py:190} INFO - [2025-02-10T15:58:04.105+0000] {dagbag.py:588} INFO - Filling up the DagBag from /usr/local/lib/python3.9/dist-packages/airflow/example_dags/tutorial_objectstorage.py
[2025-02-10T15:58:04.114+0000] {processor.py:925} INFO - DAG(s) 'tutorial_objectstorage' retrieved from /usr/local/lib/python3.9/dist-packages/airflow/example_dags/tutorial_objectstorage.py
[2025-02-10T15:58:04.146+0000] {logging_mixin.py:190} INFO - [2025-02-10T15:58:04.145+0000] {dag.py:3239} INFO - Sync 1 DAGs
[2025-02-10T15:58:04.164+0000] {logging_mixin.py:190} INFO - [2025-02-10T15:58:04.164+0000] {dag.py:4180} INFO - Setting next_dagrun for tutorial_objectstorage to None, run_after=None
[2025-02-10T15:58:04.243+0000] {processor.py:208} INFO - Processing /usr/local/lib/python3.9/dist-packages/airflow/example_dags/tutorial_objectstorage.py took 0.147 seconds
[2025-02-10T15:59:23.194+0000] {processor.py:186} INFO - Started process (PID=1734) to work on /usr/local/lib/python3.9/dist-packages/airflow/example_dags/tutorial_objectstorage.py
[2025-02-10T15:59:23.195+0000] {processor.py:914} INFO - Processing file /usr/local/lib/python3.9/dist-packages/airflow/example_dags/tutorial_objectstorage.py for tasks to queue
[2025-02-10T15:59:23.198+0000] {logging_mixin.py:190} INFO - [2025-02-10T15:59:23.197+0000] {dagbag.py:588} INFO - Filling up the DagBag from /usr/local/lib/python3.9/dist-packages/airflow/example_dags/tutorial_objectstorage.py
[2025-02-10T15:59:23.206+0000] {processor.py:925} INFO - DAG(s) 'tutorial_objectstorage' retrieved from /usr/local/lib/python3.9/dist-packages/airflow/example_dags/tutorial_objectstorage.py
[2025-02-10T15:59:23.234+0000] {logging_mixin.py:190} INFO - [2025-02-10T15:59:23.234+0000] {dag.py:3239} INFO - Sync 1 DAGs
[2025-02-10T15:59:23.254+0000] {logging_mixin.py:190} INFO - [2025-02-10T15:59:23.254+0000] {dag.py:4180} INFO - Setting next_dagrun for tutorial_objectstorage to None, run_after=None
[2025-02-10T15:59:23.321+0000] {processor.py:208} INFO - Processing /usr/local/lib/python3.9/dist-packages/airflow/example_dags/tutorial_objectstorage.py took 0.133 seconds
[2025-02-10T16:00:43.490+0000] {processor.py:186} INFO - Started process (PID=1799) to work on /usr/local/lib/python3.9/dist-packages/airflow/example_dags/tutorial_objectstorage.py
[2025-02-10T16:00:43.492+0000] {processor.py:914} INFO - Processing file /usr/local/lib/python3.9/dist-packages/airflow/example_dags/tutorial_objectstorage.py for tasks to queue
[2025-02-10T16:00:43.495+0000] {logging_mixin.py:190} INFO - [2025-02-10T16:00:43.494+0000] {dagbag.py:588} INFO - Filling up the DagBag from /usr/local/lib/python3.9/dist-packages/airflow/example_dags/tutorial_objectstorage.py
[2025-02-10T16:00:43.510+0000] {processor.py:925} INFO - DAG(s) 'tutorial_objectstorage' retrieved from /usr/local/lib/python3.9/dist-packages/airflow/example_dags/tutorial_objectstorage.py
[2025-02-10T16:00:43.551+0000] {logging_mixin.py:190} INFO - [2025-02-10T16:00:43.551+0000] {dag.py:3239} INFO - Sync 1 DAGs
[2025-02-10T16:00:43.577+0000] {logging_mixin.py:190} INFO - [2025-02-10T16:00:43.576+0000] {dag.py:4180} INFO - Setting next_dagrun for tutorial_objectstorage to None, run_after=None
[2025-02-10T16:00:43.746+0000] {processor.py:208} INFO - Processing /usr/local/lib/python3.9/dist-packages/airflow/example_dags/tutorial_objectstorage.py took 0.265 seconds
[2025-02-10T16:03:40.457+0000] {processor.py:186} INFO - Started process (PID=50) to work on /usr/local/lib/python3.9/dist-packages/airflow/example_dags/tutorial_objectstorage.py
[2025-02-10T16:03:40.459+0000] {processor.py:914} INFO - Processing file /usr/local/lib/python3.9/dist-packages/airflow/example_dags/tutorial_objectstorage.py for tasks to queue
[2025-02-10T16:03:40.463+0000] {logging_mixin.py:190} INFO - [2025-02-10T16:03:40.462+0000] {dagbag.py:588} INFO - Filling up the DagBag from /usr/local/lib/python3.9/dist-packages/airflow/example_dags/tutorial_objectstorage.py
[2025-02-10T16:03:40.473+0000] {processor.py:925} INFO - DAG(s) 'tutorial_objectstorage' retrieved from /usr/local/lib/python3.9/dist-packages/airflow/example_dags/tutorial_objectstorage.py
[2025-02-10T16:03:40.521+0000] {logging_mixin.py:190} INFO - [2025-02-10T16:03:40.520+0000] {dag.py:3239} INFO - Sync 1 DAGs
[2025-02-10T16:03:40.568+0000] {logging_mixin.py:190} INFO - [2025-02-10T16:03:40.568+0000] {dag.py:4180} INFO - Setting next_dagrun for tutorial_objectstorage to None, run_after=None
[2025-02-10T16:03:40.667+0000] {processor.py:208} INFO - Processing /usr/local/lib/python3.9/dist-packages/airflow/example_dags/tutorial_objectstorage.py took 0.219 seconds
[2025-02-10T16:04:48.168+0000] {processor.py:186} INFO - Started process (PID=107) to work on /usr/local/lib/python3.9/dist-packages/airflow/example_dags/tutorial_objectstorage.py
[2025-02-10T16:04:48.170+0000] {processor.py:914} INFO - Processing file /usr/local/lib/python3.9/dist-packages/airflow/example_dags/tutorial_objectstorage.py for tasks to queue
[2025-02-10T16:04:48.172+0000] {logging_mixin.py:190} INFO - [2025-02-10T16:04:48.172+0000] {dagbag.py:588} INFO - Filling up the DagBag from /usr/local/lib/python3.9/dist-packages/airflow/example_dags/tutorial_objectstorage.py
[2025-02-10T16:04:48.181+0000] {processor.py:925} INFO - DAG(s) 'tutorial_objectstorage' retrieved from /usr/local/lib/python3.9/dist-packages/airflow/example_dags/tutorial_objectstorage.py
[2025-02-10T16:04:48.209+0000] {logging_mixin.py:190} INFO - [2025-02-10T16:04:48.209+0000] {dag.py:3239} INFO - Sync 1 DAGs
[2025-02-10T16:04:48.226+0000] {logging_mixin.py:190} INFO - [2025-02-10T16:04:48.226+0000] {dag.py:4180} INFO - Setting next_dagrun for tutorial_objectstorage to None, run_after=None
[2025-02-10T16:04:48.297+0000] {processor.py:208} INFO - Processing /usr/local/lib/python3.9/dist-packages/airflow/example_dags/tutorial_objectstorage.py took 0.134 seconds
[2025-02-10T16:06:03.186+0000] {processor.py:186} INFO - Started process (PID=171) to work on /usr/local/lib/python3.9/dist-packages/airflow/example_dags/tutorial_objectstorage.py
[2025-02-10T16:06:03.188+0000] {processor.py:914} INFO - Processing file /usr/local/lib/python3.9/dist-packages/airflow/example_dags/tutorial_objectstorage.py for tasks to queue
[2025-02-10T16:06:03.191+0000] {logging_mixin.py:190} INFO - [2025-02-10T16:06:03.190+0000] {dagbag.py:588} INFO - Filling up the DagBag from /usr/local/lib/python3.9/dist-packages/airflow/example_dags/tutorial_objectstorage.py
[2025-02-10T16:06:03.199+0000] {processor.py:925} INFO - DAG(s) 'tutorial_objectstorage' retrieved from /usr/local/lib/python3.9/dist-packages/airflow/example_dags/tutorial_objectstorage.py
[2025-02-10T16:06:03.229+0000] {logging_mixin.py:190} INFO - [2025-02-10T16:06:03.229+0000] {dag.py:3239} INFO - Sync 1 DAGs
[2025-02-10T16:06:03.246+0000] {logging_mixin.py:190} INFO - [2025-02-10T16:06:03.246+0000] {dag.py:4180} INFO - Setting next_dagrun for tutorial_objectstorage to None, run_after=None
[2025-02-10T16:06:03.315+0000] {processor.py:208} INFO - Processing /usr/local/lib/python3.9/dist-packages/airflow/example_dags/tutorial_objectstorage.py took 0.134 seconds
[2025-02-10T16:07:19.688+0000] {processor.py:186} INFO - Started process (PID=235) to work on /usr/local/lib/python3.9/dist-packages/airflow/example_dags/tutorial_objectstorage.py
[2025-02-10T16:07:19.690+0000] {processor.py:914} INFO - Processing file /usr/local/lib/python3.9/dist-packages/airflow/example_dags/tutorial_objectstorage.py for tasks to queue
[2025-02-10T16:07:19.692+0000] {logging_mixin.py:190} INFO - [2025-02-10T16:07:19.692+0000] {dagbag.py:588} INFO - Filling up the DagBag from /usr/local/lib/python3.9/dist-packages/airflow/example_dags/tutorial_objectstorage.py
[2025-02-10T16:07:19.702+0000] {processor.py:925} INFO - DAG(s) 'tutorial_objectstorage' retrieved from /usr/local/lib/python3.9/dist-packages/airflow/example_dags/tutorial_objectstorage.py
[2025-02-10T16:07:19.730+0000] {logging_mixin.py:190} INFO - [2025-02-10T16:07:19.730+0000] {dag.py:3239} INFO - Sync 1 DAGs
[2025-02-10T16:07:19.748+0000] {logging_mixin.py:190} INFO - [2025-02-10T16:07:19.748+0000] {dag.py:4180} INFO - Setting next_dagrun for tutorial_objectstorage to None, run_after=None
[2025-02-10T16:07:19.825+0000] {processor.py:208} INFO - Processing /usr/local/lib/python3.9/dist-packages/airflow/example_dags/tutorial_objectstorage.py took 0.142 seconds
[2025-02-10T16:08:38.174+0000] {processor.py:186} INFO - Started process (PID=299) to work on /usr/local/lib/python3.9/dist-packages/airflow/example_dags/tutorial_objectstorage.py
[2025-02-10T16:08:38.176+0000] {processor.py:914} INFO - Processing file /usr/local/lib/python3.9/dist-packages/airflow/example_dags/tutorial_objectstorage.py for tasks to queue
[2025-02-10T16:08:38.180+0000] {logging_mixin.py:190} INFO - [2025-02-10T16:08:38.179+0000] {dagbag.py:588} INFO - Filling up the DagBag from /usr/local/lib/python3.9/dist-packages/airflow/example_dags/tutorial_objectstorage.py
[2025-02-10T16:08:38.191+0000] {processor.py:925} INFO - DAG(s) 'tutorial_objectstorage' retrieved from /usr/local/lib/python3.9/dist-packages/airflow/example_dags/tutorial_objectstorage.py
[2025-02-10T16:08:38.228+0000] {logging_mixin.py:190} INFO - [2025-02-10T16:08:38.227+0000] {dag.py:3239} INFO - Sync 1 DAGs
[2025-02-10T16:08:38.249+0000] {logging_mixin.py:190} INFO - [2025-02-10T16:08:38.248+0000] {dag.py:4180} INFO - Setting next_dagrun for tutorial_objectstorage to None, run_after=None
[2025-02-10T16:08:38.336+0000] {processor.py:208} INFO - Processing /usr/local/lib/python3.9/dist-packages/airflow/example_dags/tutorial_objectstorage.py took 0.170 seconds
[2025-02-10T16:09:57.609+0000] {processor.py:186} INFO - Started process (PID=364) to work on /usr/local/lib/python3.9/dist-packages/airflow/example_dags/tutorial_objectstorage.py
[2025-02-10T16:09:57.611+0000] {processor.py:914} INFO - Processing file /usr/local/lib/python3.9/dist-packages/airflow/example_dags/tutorial_objectstorage.py for tasks to queue
[2025-02-10T16:09:57.615+0000] {logging_mixin.py:190} INFO - [2025-02-10T16:09:57.615+0000] {dagbag.py:588} INFO - Filling up the DagBag from /usr/local/lib/python3.9/dist-packages/airflow/example_dags/tutorial_objectstorage.py
[2025-02-10T16:09:57.636+0000] {processor.py:925} INFO - DAG(s) 'tutorial_objectstorage' retrieved from /usr/local/lib/python3.9/dist-packages/airflow/example_dags/tutorial_objectstorage.py
[2025-02-10T16:09:57.676+0000] {logging_mixin.py:190} INFO - [2025-02-10T16:09:57.675+0000] {dag.py:3239} INFO - Sync 1 DAGs
[2025-02-10T16:09:57.701+0000] {logging_mixin.py:190} INFO - [2025-02-10T16:09:57.700+0000] {dag.py:4180} INFO - Setting next_dagrun for tutorial_objectstorage to None, run_after=None
[2025-02-10T16:09:57.807+0000] {processor.py:208} INFO - Processing /usr/local/lib/python3.9/dist-packages/airflow/example_dags/tutorial_objectstorage.py took 0.207 seconds
[2025-02-10T16:11:14.661+0000] {processor.py:186} INFO - Started process (PID=428) to work on /usr/local/lib/python3.9/dist-packages/airflow/example_dags/tutorial_objectstorage.py
[2025-02-10T16:11:14.662+0000] {processor.py:914} INFO - Processing file /usr/local/lib/python3.9/dist-packages/airflow/example_dags/tutorial_objectstorage.py for tasks to queue
[2025-02-10T16:11:14.665+0000] {logging_mixin.py:190} INFO - [2025-02-10T16:11:14.664+0000] {dagbag.py:588} INFO - Filling up the DagBag from /usr/local/lib/python3.9/dist-packages/airflow/example_dags/tutorial_objectstorage.py
[2025-02-10T16:11:14.674+0000] {processor.py:925} INFO - DAG(s) 'tutorial_objectstorage' retrieved from /usr/local/lib/python3.9/dist-packages/airflow/example_dags/tutorial_objectstorage.py
[2025-02-10T16:11:14.702+0000] {logging_mixin.py:190} INFO - [2025-02-10T16:11:14.702+0000] {dag.py:3239} INFO - Sync 1 DAGs
[2025-02-10T16:11:14.718+0000] {logging_mixin.py:190} INFO - [2025-02-10T16:11:14.718+0000] {dag.py:4180} INFO - Setting next_dagrun for tutorial_objectstorage to None, run_after=None
[2025-02-10T16:11:14.796+0000] {processor.py:208} INFO - Processing /usr/local/lib/python3.9/dist-packages/airflow/example_dags/tutorial_objectstorage.py took 0.141 seconds
[2025-02-10T16:12:26.892+0000] {processor.py:186} INFO - Started process (PID=491) to work on /usr/local/lib/python3.9/dist-packages/airflow/example_dags/tutorial_objectstorage.py
[2025-02-10T16:12:26.893+0000] {processor.py:914} INFO - Processing file /usr/local/lib/python3.9/dist-packages/airflow/example_dags/tutorial_objectstorage.py for tasks to queue
[2025-02-10T16:12:26.895+0000] {logging_mixin.py:190} INFO - [2025-02-10T16:12:26.895+0000] {dagbag.py:588} INFO - Filling up the DagBag from /usr/local/lib/python3.9/dist-packages/airflow/example_dags/tutorial_objectstorage.py
[2025-02-10T16:12:26.904+0000] {processor.py:925} INFO - DAG(s) 'tutorial_objectstorage' retrieved from /usr/local/lib/python3.9/dist-packages/airflow/example_dags/tutorial_objectstorage.py
[2025-02-10T16:12:26.933+0000] {logging_mixin.py:190} INFO - [2025-02-10T16:12:26.932+0000] {dag.py:3239} INFO - Sync 1 DAGs
[2025-02-10T16:12:26.949+0000] {logging_mixin.py:190} INFO - [2025-02-10T16:12:26.949+0000] {dag.py:4180} INFO - Setting next_dagrun for tutorial_objectstorage to None, run_after=None
[2025-02-10T16:12:27.016+0000] {processor.py:208} INFO - Processing /usr/local/lib/python3.9/dist-packages/airflow/example_dags/tutorial_objectstorage.py took 0.130 seconds
[2025-02-10T16:13:39.651+0000] {processor.py:186} INFO - Started process (PID=553) to work on /usr/local/lib/python3.9/dist-packages/airflow/example_dags/tutorial_objectstorage.py
[2025-02-10T16:13:39.652+0000] {processor.py:914} INFO - Processing file /usr/local/lib/python3.9/dist-packages/airflow/example_dags/tutorial_objectstorage.py for tasks to queue
[2025-02-10T16:13:39.655+0000] {logging_mixin.py:190} INFO - [2025-02-10T16:13:39.654+0000] {dagbag.py:588} INFO - Filling up the DagBag from /usr/local/lib/python3.9/dist-packages/airflow/example_dags/tutorial_objectstorage.py
[2025-02-10T16:13:39.664+0000] {processor.py:925} INFO - DAG(s) 'tutorial_objectstorage' retrieved from /usr/local/lib/python3.9/dist-packages/airflow/example_dags/tutorial_objectstorage.py
[2025-02-10T16:13:39.702+0000] {logging_mixin.py:190} INFO - [2025-02-10T16:13:39.702+0000] {dag.py:3239} INFO - Sync 1 DAGs
[2025-02-10T16:13:39.721+0000] {logging_mixin.py:190} INFO - [2025-02-10T16:13:39.720+0000] {dag.py:4180} INFO - Setting next_dagrun for tutorial_objectstorage to None, run_after=None
[2025-02-10T16:13:39.838+0000] {processor.py:208} INFO - Processing /usr/local/lib/python3.9/dist-packages/airflow/example_dags/tutorial_objectstorage.py took 0.192 seconds
[2025-02-10T16:14:54.989+0000] {processor.py:186} INFO - Started process (PID=616) to work on /usr/local/lib/python3.9/dist-packages/airflow/example_dags/tutorial_objectstorage.py
[2025-02-10T16:14:54.990+0000] {processor.py:914} INFO - Processing file /usr/local/lib/python3.9/dist-packages/airflow/example_dags/tutorial_objectstorage.py for tasks to queue
[2025-02-10T16:14:54.993+0000] {logging_mixin.py:190} INFO - [2025-02-10T16:14:54.992+0000] {dagbag.py:588} INFO - Filling up the DagBag from /usr/local/lib/python3.9/dist-packages/airflow/example_dags/tutorial_objectstorage.py
[2025-02-10T16:14:55.002+0000] {processor.py:925} INFO - DAG(s) 'tutorial_objectstorage' retrieved from /usr/local/lib/python3.9/dist-packages/airflow/example_dags/tutorial_objectstorage.py
[2025-02-10T16:14:55.033+0000] {logging_mixin.py:190} INFO - [2025-02-10T16:14:55.033+0000] {dag.py:3239} INFO - Sync 1 DAGs
[2025-02-10T16:14:55.050+0000] {logging_mixin.py:190} INFO - [2025-02-10T16:14:55.050+0000] {dag.py:4180} INFO - Setting next_dagrun for tutorial_objectstorage to None, run_after=None
[2025-02-10T16:14:55.126+0000] {processor.py:208} INFO - Processing /usr/local/lib/python3.9/dist-packages/airflow/example_dags/tutorial_objectstorage.py took 0.142 seconds
[2025-02-10T16:16:14.776+0000] {processor.py:186} INFO - Started process (PID=682) to work on /usr/local/lib/python3.9/dist-packages/airflow/example_dags/tutorial_objectstorage.py
[2025-02-10T16:16:14.778+0000] {processor.py:914} INFO - Processing file /usr/local/lib/python3.9/dist-packages/airflow/example_dags/tutorial_objectstorage.py for tasks to queue
[2025-02-10T16:16:14.781+0000] {logging_mixin.py:190} INFO - [2025-02-10T16:16:14.780+0000] {dagbag.py:588} INFO - Filling up the DagBag from /usr/local/lib/python3.9/dist-packages/airflow/example_dags/tutorial_objectstorage.py
[2025-02-10T16:16:14.790+0000] {processor.py:925} INFO - DAG(s) 'tutorial_objectstorage' retrieved from /usr/local/lib/python3.9/dist-packages/airflow/example_dags/tutorial_objectstorage.py
[2025-02-10T16:16:14.822+0000] {logging_mixin.py:190} INFO - [2025-02-10T16:16:14.821+0000] {dag.py:3239} INFO - Sync 1 DAGs
[2025-02-10T16:16:14.841+0000] {logging_mixin.py:190} INFO - [2025-02-10T16:16:14.841+0000] {dag.py:4180} INFO - Setting next_dagrun for tutorial_objectstorage to None, run_after=None
[2025-02-10T16:16:14.920+0000] {processor.py:208} INFO - Processing /usr/local/lib/python3.9/dist-packages/airflow/example_dags/tutorial_objectstorage.py took 0.149 seconds
[2025-02-10T16:17:31.554+0000] {processor.py:186} INFO - Started process (PID=747) to work on /usr/local/lib/python3.9/dist-packages/airflow/example_dags/tutorial_objectstorage.py
[2025-02-10T16:17:31.555+0000] {processor.py:914} INFO - Processing file /usr/local/lib/python3.9/dist-packages/airflow/example_dags/tutorial_objectstorage.py for tasks to queue
[2025-02-10T16:17:31.558+0000] {logging_mixin.py:190} INFO - [2025-02-10T16:17:31.558+0000] {dagbag.py:588} INFO - Filling up the DagBag from /usr/local/lib/python3.9/dist-packages/airflow/example_dags/tutorial_objectstorage.py
[2025-02-10T16:17:31.568+0000] {processor.py:925} INFO - DAG(s) 'tutorial_objectstorage' retrieved from /usr/local/lib/python3.9/dist-packages/airflow/example_dags/tutorial_objectstorage.py
[2025-02-10T16:17:31.598+0000] {logging_mixin.py:190} INFO - [2025-02-10T16:17:31.598+0000] {dag.py:3239} INFO - Sync 1 DAGs
[2025-02-10T16:17:31.617+0000] {logging_mixin.py:190} INFO - [2025-02-10T16:17:31.617+0000] {dag.py:4180} INFO - Setting next_dagrun for tutorial_objectstorage to None, run_after=None
[2025-02-10T16:17:31.690+0000] {processor.py:208} INFO - Processing /usr/local/lib/python3.9/dist-packages/airflow/example_dags/tutorial_objectstorage.py took 0.142 seconds
[2025-02-10T16:18:47.230+0000] {processor.py:186} INFO - Started process (PID=810) to work on /usr/local/lib/python3.9/dist-packages/airflow/example_dags/tutorial_objectstorage.py
[2025-02-10T16:18:47.231+0000] {processor.py:914} INFO - Processing file /usr/local/lib/python3.9/dist-packages/airflow/example_dags/tutorial_objectstorage.py for tasks to queue
[2025-02-10T16:18:47.234+0000] {logging_mixin.py:190} INFO - [2025-02-10T16:18:47.234+0000] {dagbag.py:588} INFO - Filling up the DagBag from /usr/local/lib/python3.9/dist-packages/airflow/example_dags/tutorial_objectstorage.py
[2025-02-10T16:18:47.243+0000] {processor.py:925} INFO - DAG(s) 'tutorial_objectstorage' retrieved from /usr/local/lib/python3.9/dist-packages/airflow/example_dags/tutorial_objectstorage.py
[2025-02-10T16:18:47.276+0000] {logging_mixin.py:190} INFO - [2025-02-10T16:18:47.275+0000] {dag.py:3239} INFO - Sync 1 DAGs
[2025-02-10T16:18:47.294+0000] {logging_mixin.py:190} INFO - [2025-02-10T16:18:47.294+0000] {dag.py:4180} INFO - Setting next_dagrun for tutorial_objectstorage to None, run_after=None
[2025-02-10T16:18:47.371+0000] {processor.py:208} INFO - Processing /usr/local/lib/python3.9/dist-packages/airflow/example_dags/tutorial_objectstorage.py took 0.147 seconds
[2025-02-10T16:20:06.319+0000] {processor.py:186} INFO - Started process (PID=876) to work on /usr/local/lib/python3.9/dist-packages/airflow/example_dags/tutorial_objectstorage.py
[2025-02-10T16:20:06.321+0000] {processor.py:914} INFO - Processing file /usr/local/lib/python3.9/dist-packages/airflow/example_dags/tutorial_objectstorage.py for tasks to queue
[2025-02-10T16:20:06.324+0000] {logging_mixin.py:190} INFO - [2025-02-10T16:20:06.323+0000] {dagbag.py:588} INFO - Filling up the DagBag from /usr/local/lib/python3.9/dist-packages/airflow/example_dags/tutorial_objectstorage.py
[2025-02-10T16:20:06.333+0000] {processor.py:925} INFO - DAG(s) 'tutorial_objectstorage' retrieved from /usr/local/lib/python3.9/dist-packages/airflow/example_dags/tutorial_objectstorage.py
[2025-02-10T16:20:06.362+0000] {logging_mixin.py:190} INFO - [2025-02-10T16:20:06.362+0000] {dag.py:3239} INFO - Sync 1 DAGs
[2025-02-10T16:20:06.381+0000] {logging_mixin.py:190} INFO - [2025-02-10T16:20:06.380+0000] {dag.py:4180} INFO - Setting next_dagrun for tutorial_objectstorage to None, run_after=None
[2025-02-10T16:20:06.457+0000] {processor.py:208} INFO - Processing /usr/local/lib/python3.9/dist-packages/airflow/example_dags/tutorial_objectstorage.py took 0.143 seconds
[2025-02-10T16:21:28.292+0000] {processor.py:186} INFO - Started process (PID=945) to work on /usr/local/lib/python3.9/dist-packages/airflow/example_dags/tutorial_objectstorage.py
[2025-02-10T16:21:28.294+0000] {processor.py:914} INFO - Processing file /usr/local/lib/python3.9/dist-packages/airflow/example_dags/tutorial_objectstorage.py for tasks to queue
[2025-02-10T16:21:28.297+0000] {logging_mixin.py:190} INFO - [2025-02-10T16:21:28.296+0000] {dagbag.py:588} INFO - Filling up the DagBag from /usr/local/lib/python3.9/dist-packages/airflow/example_dags/tutorial_objectstorage.py
[2025-02-10T16:21:28.306+0000] {processor.py:925} INFO - DAG(s) 'tutorial_objectstorage' retrieved from /usr/local/lib/python3.9/dist-packages/airflow/example_dags/tutorial_objectstorage.py
[2025-02-10T16:21:28.339+0000] {logging_mixin.py:190} INFO - [2025-02-10T16:21:28.339+0000] {dag.py:3239} INFO - Sync 1 DAGs
[2025-02-10T16:21:28.360+0000] {logging_mixin.py:190} INFO - [2025-02-10T16:21:28.359+0000] {dag.py:4180} INFO - Setting next_dagrun for tutorial_objectstorage to None, run_after=None
[2025-02-10T16:21:28.440+0000] {processor.py:208} INFO - Processing /usr/local/lib/python3.9/dist-packages/airflow/example_dags/tutorial_objectstorage.py took 0.153 seconds
[2025-02-10T16:22:43.860+0000] {processor.py:186} INFO - Started process (PID=1009) to work on /usr/local/lib/python3.9/dist-packages/airflow/example_dags/tutorial_objectstorage.py
[2025-02-10T16:22:43.861+0000] {processor.py:914} INFO - Processing file /usr/local/lib/python3.9/dist-packages/airflow/example_dags/tutorial_objectstorage.py for tasks to queue
[2025-02-10T16:22:43.863+0000] {logging_mixin.py:190} INFO - [2025-02-10T16:22:43.863+0000] {dagbag.py:588} INFO - Filling up the DagBag from /usr/local/lib/python3.9/dist-packages/airflow/example_dags/tutorial_objectstorage.py
[2025-02-10T16:22:43.872+0000] {processor.py:925} INFO - DAG(s) 'tutorial_objectstorage' retrieved from /usr/local/lib/python3.9/dist-packages/airflow/example_dags/tutorial_objectstorage.py
[2025-02-10T16:22:43.902+0000] {logging_mixin.py:190} INFO - [2025-02-10T16:22:43.902+0000] {dag.py:3239} INFO - Sync 1 DAGs
[2025-02-10T16:22:43.935+0000] {logging_mixin.py:190} INFO - [2025-02-10T16:22:43.935+0000] {dag.py:4180} INFO - Setting next_dagrun for tutorial_objectstorage to None, run_after=None
[2025-02-10T16:22:44.008+0000] {processor.py:208} INFO - Processing /usr/local/lib/python3.9/dist-packages/airflow/example_dags/tutorial_objectstorage.py took 0.154 seconds
[2025-02-10T16:24:02.877+0000] {processor.py:186} INFO - Started process (PID=1074) to work on /usr/local/lib/python3.9/dist-packages/airflow/example_dags/tutorial_objectstorage.py
[2025-02-10T16:24:02.879+0000] {processor.py:914} INFO - Processing file /usr/local/lib/python3.9/dist-packages/airflow/example_dags/tutorial_objectstorage.py for tasks to queue
[2025-02-10T16:24:02.881+0000] {logging_mixin.py:190} INFO - [2025-02-10T16:24:02.881+0000] {dagbag.py:588} INFO - Filling up the DagBag from /usr/local/lib/python3.9/dist-packages/airflow/example_dags/tutorial_objectstorage.py
[2025-02-10T16:24:02.890+0000] {processor.py:925} INFO - DAG(s) 'tutorial_objectstorage' retrieved from /usr/local/lib/python3.9/dist-packages/airflow/example_dags/tutorial_objectstorage.py
[2025-02-10T16:24:02.919+0000] {logging_mixin.py:190} INFO - [2025-02-10T16:24:02.919+0000] {dag.py:3239} INFO - Sync 1 DAGs
[2025-02-10T16:24:02.935+0000] {logging_mixin.py:190} INFO - [2025-02-10T16:24:02.935+0000] {dag.py:4180} INFO - Setting next_dagrun for tutorial_objectstorage to None, run_after=None
[2025-02-10T16:24:03.010+0000] {processor.py:208} INFO - Processing /usr/local/lib/python3.9/dist-packages/airflow/example_dags/tutorial_objectstorage.py took 0.138 seconds
[2025-02-10T16:25:22.851+0000] {processor.py:186} INFO - Started process (PID=1140) to work on /usr/local/lib/python3.9/dist-packages/airflow/example_dags/tutorial_objectstorage.py
[2025-02-10T16:25:22.852+0000] {processor.py:914} INFO - Processing file /usr/local/lib/python3.9/dist-packages/airflow/example_dags/tutorial_objectstorage.py for tasks to queue
[2025-02-10T16:25:22.855+0000] {logging_mixin.py:190} INFO - [2025-02-10T16:25:22.855+0000] {dagbag.py:588} INFO - Filling up the DagBag from /usr/local/lib/python3.9/dist-packages/airflow/example_dags/tutorial_objectstorage.py
[2025-02-10T16:25:22.864+0000] {processor.py:925} INFO - DAG(s) 'tutorial_objectstorage' retrieved from /usr/local/lib/python3.9/dist-packages/airflow/example_dags/tutorial_objectstorage.py
[2025-02-10T16:25:22.890+0000] {logging_mixin.py:190} INFO - [2025-02-10T16:25:22.890+0000] {dag.py:3239} INFO - Sync 1 DAGs
[2025-02-10T16:25:22.906+0000] {logging_mixin.py:190} INFO - [2025-02-10T16:25:22.905+0000] {dag.py:4180} INFO - Setting next_dagrun for tutorial_objectstorage to None, run_after=None
[2025-02-10T16:25:23.018+0000] {processor.py:208} INFO - Processing /usr/local/lib/python3.9/dist-packages/airflow/example_dags/tutorial_objectstorage.py took 0.172 seconds
[2025-02-10T16:26:45.989+0000] {processor.py:186} INFO - Started process (PID=1207) to work on /usr/local/lib/python3.9/dist-packages/airflow/example_dags/tutorial_objectstorage.py
[2025-02-10T16:26:45.991+0000] {processor.py:914} INFO - Processing file /usr/local/lib/python3.9/dist-packages/airflow/example_dags/tutorial_objectstorage.py for tasks to queue
[2025-02-10T16:26:45.994+0000] {logging_mixin.py:190} INFO - [2025-02-10T16:26:45.993+0000] {dagbag.py:588} INFO - Filling up the DagBag from /usr/local/lib/python3.9/dist-packages/airflow/example_dags/tutorial_objectstorage.py
[2025-02-10T16:26:46.002+0000] {processor.py:925} INFO - DAG(s) 'tutorial_objectstorage' retrieved from /usr/local/lib/python3.9/dist-packages/airflow/example_dags/tutorial_objectstorage.py
[2025-02-10T16:26:46.034+0000] {logging_mixin.py:190} INFO - [2025-02-10T16:26:46.033+0000] {dag.py:3239} INFO - Sync 1 DAGs
[2025-02-10T16:26:46.051+0000] {logging_mixin.py:190} INFO - [2025-02-10T16:26:46.050+0000] {dag.py:4180} INFO - Setting next_dagrun for tutorial_objectstorage to None, run_after=None
[2025-02-10T16:26:46.127+0000] {processor.py:208} INFO - Processing /usr/local/lib/python3.9/dist-packages/airflow/example_dags/tutorial_objectstorage.py took 0.143 seconds
[2025-02-10T16:28:04.450+0000] {processor.py:186} INFO - Started process (PID=1272) to work on /usr/local/lib/python3.9/dist-packages/airflow/example_dags/tutorial_objectstorage.py
[2025-02-10T16:28:04.451+0000] {processor.py:914} INFO - Processing file /usr/local/lib/python3.9/dist-packages/airflow/example_dags/tutorial_objectstorage.py for tasks to queue
[2025-02-10T16:28:04.454+0000] {logging_mixin.py:190} INFO - [2025-02-10T16:28:04.454+0000] {dagbag.py:588} INFO - Filling up the DagBag from /usr/local/lib/python3.9/dist-packages/airflow/example_dags/tutorial_objectstorage.py
[2025-02-10T16:28:04.465+0000] {processor.py:925} INFO - DAG(s) 'tutorial_objectstorage' retrieved from /usr/local/lib/python3.9/dist-packages/airflow/example_dags/tutorial_objectstorage.py
[2025-02-10T16:28:04.523+0000] {logging_mixin.py:190} INFO - [2025-02-10T16:28:04.522+0000] {dag.py:3239} INFO - Sync 1 DAGs
[2025-02-10T16:28:04.559+0000] {logging_mixin.py:190} INFO - [2025-02-10T16:28:04.558+0000] {dag.py:4180} INFO - Setting next_dagrun for tutorial_objectstorage to None, run_after=None
[2025-02-10T16:28:04.658+0000] {processor.py:208} INFO - Processing /usr/local/lib/python3.9/dist-packages/airflow/example_dags/tutorial_objectstorage.py took 0.214 seconds
[2025-02-10T16:29:22.742+0000] {processor.py:186} INFO - Started process (PID=1337) to work on /usr/local/lib/python3.9/dist-packages/airflow/example_dags/tutorial_objectstorage.py
[2025-02-10T16:29:22.744+0000] {processor.py:914} INFO - Processing file /usr/local/lib/python3.9/dist-packages/airflow/example_dags/tutorial_objectstorage.py for tasks to queue
[2025-02-10T16:29:22.747+0000] {logging_mixin.py:190} INFO - [2025-02-10T16:29:22.746+0000] {dagbag.py:588} INFO - Filling up the DagBag from /usr/local/lib/python3.9/dist-packages/airflow/example_dags/tutorial_objectstorage.py
[2025-02-10T16:29:22.756+0000] {processor.py:925} INFO - DAG(s) 'tutorial_objectstorage' retrieved from /usr/local/lib/python3.9/dist-packages/airflow/example_dags/tutorial_objectstorage.py
[2025-02-10T16:29:22.785+0000] {logging_mixin.py:190} INFO - [2025-02-10T16:29:22.785+0000] {dag.py:3239} INFO - Sync 1 DAGs
[2025-02-10T16:29:22.802+0000] {logging_mixin.py:190} INFO - [2025-02-10T16:29:22.802+0000] {dag.py:4180} INFO - Setting next_dagrun for tutorial_objectstorage to None, run_after=None
[2025-02-10T16:29:22.882+0000] {processor.py:208} INFO - Processing /usr/local/lib/python3.9/dist-packages/airflow/example_dags/tutorial_objectstorage.py took 0.146 seconds
[2025-02-10T16:30:37.167+0000] {processor.py:186} INFO - Started process (PID=1400) to work on /usr/local/lib/python3.9/dist-packages/airflow/example_dags/tutorial_objectstorage.py
[2025-02-10T16:30:37.168+0000] {processor.py:914} INFO - Processing file /usr/local/lib/python3.9/dist-packages/airflow/example_dags/tutorial_objectstorage.py for tasks to queue
[2025-02-10T16:30:37.171+0000] {logging_mixin.py:190} INFO - [2025-02-10T16:30:37.171+0000] {dagbag.py:588} INFO - Filling up the DagBag from /usr/local/lib/python3.9/dist-packages/airflow/example_dags/tutorial_objectstorage.py
[2025-02-10T16:30:37.180+0000] {processor.py:925} INFO - DAG(s) 'tutorial_objectstorage' retrieved from /usr/local/lib/python3.9/dist-packages/airflow/example_dags/tutorial_objectstorage.py
[2025-02-10T16:30:37.210+0000] {logging_mixin.py:190} INFO - [2025-02-10T16:30:37.210+0000] {dag.py:3239} INFO - Sync 1 DAGs
[2025-02-10T16:30:37.227+0000] {logging_mixin.py:190} INFO - [2025-02-10T16:30:37.226+0000] {dag.py:4180} INFO - Setting next_dagrun for tutorial_objectstorage to None, run_after=None
[2025-02-10T16:30:37.304+0000] {processor.py:208} INFO - Processing /usr/local/lib/python3.9/dist-packages/airflow/example_dags/tutorial_objectstorage.py took 0.142 seconds
[2025-02-10T16:31:53.824+0000] {processor.py:186} INFO - Started process (PID=1464) to work on /usr/local/lib/python3.9/dist-packages/airflow/example_dags/tutorial_objectstorage.py
[2025-02-10T16:31:53.825+0000] {processor.py:914} INFO - Processing file /usr/local/lib/python3.9/dist-packages/airflow/example_dags/tutorial_objectstorage.py for tasks to queue
[2025-02-10T16:31:53.829+0000] {logging_mixin.py:190} INFO - [2025-02-10T16:31:53.828+0000] {dagbag.py:588} INFO - Filling up the DagBag from /usr/local/lib/python3.9/dist-packages/airflow/example_dags/tutorial_objectstorage.py
[2025-02-10T16:31:53.838+0000] {processor.py:925} INFO - DAG(s) 'tutorial_objectstorage' retrieved from /usr/local/lib/python3.9/dist-packages/airflow/example_dags/tutorial_objectstorage.py
[2025-02-10T16:31:53.866+0000] {logging_mixin.py:190} INFO - [2025-02-10T16:31:53.866+0000] {dag.py:3239} INFO - Sync 1 DAGs
[2025-02-10T16:31:53.885+0000] {logging_mixin.py:190} INFO - [2025-02-10T16:31:53.884+0000] {dag.py:4180} INFO - Setting next_dagrun for tutorial_objectstorage to None, run_after=None
[2025-02-10T16:31:53.958+0000] {processor.py:208} INFO - Processing /usr/local/lib/python3.9/dist-packages/airflow/example_dags/tutorial_objectstorage.py took 0.139 seconds
[2025-02-10T16:33:12.898+0000] {processor.py:186} INFO - Started process (PID=1528) to work on /usr/local/lib/python3.9/dist-packages/airflow/example_dags/tutorial_objectstorage.py
[2025-02-10T16:33:12.899+0000] {processor.py:914} INFO - Processing file /usr/local/lib/python3.9/dist-packages/airflow/example_dags/tutorial_objectstorage.py for tasks to queue
[2025-02-10T16:33:12.902+0000] {logging_mixin.py:190} INFO - [2025-02-10T16:33:12.902+0000] {dagbag.py:588} INFO - Filling up the DagBag from /usr/local/lib/python3.9/dist-packages/airflow/example_dags/tutorial_objectstorage.py
[2025-02-10T16:33:12.912+0000] {processor.py:925} INFO - DAG(s) 'tutorial_objectstorage' retrieved from /usr/local/lib/python3.9/dist-packages/airflow/example_dags/tutorial_objectstorage.py
[2025-02-10T16:33:12.942+0000] {logging_mixin.py:190} INFO - [2025-02-10T16:33:12.941+0000] {dag.py:3239} INFO - Sync 1 DAGs
[2025-02-10T16:33:12.961+0000] {logging_mixin.py:190} INFO - [2025-02-10T16:33:12.960+0000] {dag.py:4180} INFO - Setting next_dagrun for tutorial_objectstorage to None, run_after=None
[2025-02-10T16:33:13.034+0000] {processor.py:208} INFO - Processing /usr/local/lib/python3.9/dist-packages/airflow/example_dags/tutorial_objectstorage.py took 0.141 seconds
[2025-02-10T16:34:24.350+0000] {processor.py:186} INFO - Started process (PID=1592) to work on /usr/local/lib/python3.9/dist-packages/airflow/example_dags/tutorial_objectstorage.py
[2025-02-10T16:34:24.352+0000] {processor.py:914} INFO - Processing file /usr/local/lib/python3.9/dist-packages/airflow/example_dags/tutorial_objectstorage.py for tasks to queue
[2025-02-10T16:34:24.355+0000] {logging_mixin.py:190} INFO - [2025-02-10T16:34:24.354+0000] {dagbag.py:588} INFO - Filling up the DagBag from /usr/local/lib/python3.9/dist-packages/airflow/example_dags/tutorial_objectstorage.py
[2025-02-10T16:34:24.364+0000] {processor.py:925} INFO - DAG(s) 'tutorial_objectstorage' retrieved from /usr/local/lib/python3.9/dist-packages/airflow/example_dags/tutorial_objectstorage.py
[2025-02-10T16:34:24.396+0000] {logging_mixin.py:190} INFO - [2025-02-10T16:34:24.395+0000] {dag.py:3239} INFO - Sync 1 DAGs
[2025-02-10T16:34:24.413+0000] {logging_mixin.py:190} INFO - [2025-02-10T16:34:24.413+0000] {dag.py:4180} INFO - Setting next_dagrun for tutorial_objectstorage to None, run_after=None
[2025-02-10T16:34:24.492+0000] {processor.py:208} INFO - Processing /usr/local/lib/python3.9/dist-packages/airflow/example_dags/tutorial_objectstorage.py took 0.147 seconds
[2025-02-10T16:35:41.198+0000] {processor.py:186} INFO - Started process (PID=1655) to work on /usr/local/lib/python3.9/dist-packages/airflow/example_dags/tutorial_objectstorage.py
[2025-02-10T16:35:41.200+0000] {processor.py:914} INFO - Processing file /usr/local/lib/python3.9/dist-packages/airflow/example_dags/tutorial_objectstorage.py for tasks to queue
[2025-02-10T16:35:41.204+0000] {logging_mixin.py:190} INFO - [2025-02-10T16:35:41.203+0000] {dagbag.py:588} INFO - Filling up the DagBag from /usr/local/lib/python3.9/dist-packages/airflow/example_dags/tutorial_objectstorage.py
[2025-02-10T16:35:41.218+0000] {processor.py:925} INFO - DAG(s) 'tutorial_objectstorage' retrieved from /usr/local/lib/python3.9/dist-packages/airflow/example_dags/tutorial_objectstorage.py
[2025-02-10T16:35:41.245+0000] {logging_mixin.py:190} INFO - [2025-02-10T16:35:41.245+0000] {dag.py:3239} INFO - Sync 1 DAGs
[2025-02-10T16:35:41.261+0000] {logging_mixin.py:190} INFO - [2025-02-10T16:35:41.261+0000] {dag.py:4180} INFO - Setting next_dagrun for tutorial_objectstorage to None, run_after=None
[2025-02-10T16:35:41.338+0000] {processor.py:208} INFO - Processing /usr/local/lib/python3.9/dist-packages/airflow/example_dags/tutorial_objectstorage.py took 0.152 seconds
[2025-02-10T16:37:00.632+0000] {processor.py:186} INFO - Started process (PID=1720) to work on /usr/local/lib/python3.9/dist-packages/airflow/example_dags/tutorial_objectstorage.py
[2025-02-10T16:37:00.634+0000] {processor.py:914} INFO - Processing file /usr/local/lib/python3.9/dist-packages/airflow/example_dags/tutorial_objectstorage.py for tasks to queue
[2025-02-10T16:37:00.637+0000] {logging_mixin.py:190} INFO - [2025-02-10T16:37:00.636+0000] {dagbag.py:588} INFO - Filling up the DagBag from /usr/local/lib/python3.9/dist-packages/airflow/example_dags/tutorial_objectstorage.py
[2025-02-10T16:37:00.646+0000] {processor.py:925} INFO - DAG(s) 'tutorial_objectstorage' retrieved from /usr/local/lib/python3.9/dist-packages/airflow/example_dags/tutorial_objectstorage.py
[2025-02-10T16:37:00.678+0000] {logging_mixin.py:190} INFO - [2025-02-10T16:37:00.677+0000] {dag.py:3239} INFO - Sync 1 DAGs
[2025-02-10T16:37:00.695+0000] {logging_mixin.py:190} INFO - [2025-02-10T16:37:00.695+0000] {dag.py:4180} INFO - Setting next_dagrun for tutorial_objectstorage to None, run_after=None
[2025-02-10T16:37:00.777+0000] {processor.py:208} INFO - Processing /usr/local/lib/python3.9/dist-packages/airflow/example_dags/tutorial_objectstorage.py took 0.151 seconds
