[2025-02-10T14:48:58.009+0000] {processor.py:186} INFO - Started process (PID=65) to work on /usr/local/lib/python3.9/dist-packages/airflow/example_dags/tutorial_taskflow_api_virtualenv.py
[2025-02-10T14:48:58.011+0000] {processor.py:914} INFO - Processing file /usr/local/lib/python3.9/dist-packages/airflow/example_dags/tutorial_taskflow_api_virtualenv.py for tasks to queue
[2025-02-10T14:48:58.014+0000] {logging_mixin.py:190} INFO - [2025-02-10T14:48:58.013+0000] {dagbag.py:588} INFO - Filling up the DagBag from /usr/local/lib/python3.9/dist-packages/airflow/example_dags/tutorial_taskflow_api_virtualenv.py
[2025-02-10T14:48:58.018+0000] {logging_mixin.py:190} INFO - [2025-02-10T14:48:58.018+0000] {tutorial_taskflow_api_virtualenv.py:29} WARNING - The tutorial_taskflow_api_virtualenv example DAG requires virtualenv, please install it.
[2025-02-10T14:48:58.019+0000] {processor.py:927} WARNING - No viable dags retrieved from /usr/local/lib/python3.9/dist-packages/airflow/example_dags/tutorial_taskflow_api_virtualenv.py
[2025-02-10T14:48:58.046+0000] {processor.py:208} INFO - Processing /usr/local/lib/python3.9/dist-packages/airflow/example_dags/tutorial_taskflow_api_virtualenv.py took 0.042 seconds
[2025-02-10T14:50:26.441+0000] {processor.py:186} INFO - Started process (PID=125) to work on /usr/local/lib/python3.9/dist-packages/airflow/example_dags/tutorial_taskflow_api_virtualenv.py
[2025-02-10T14:50:26.444+0000] {processor.py:914} INFO - Processing file /usr/local/lib/python3.9/dist-packages/airflow/example_dags/tutorial_taskflow_api_virtualenv.py for tasks to queue
[2025-02-10T14:50:26.447+0000] {logging_mixin.py:190} INFO - [2025-02-10T14:50:26.447+0000] {dagbag.py:588} INFO - Filling up the DagBag from /usr/local/lib/python3.9/dist-packages/airflow/example_dags/tutorial_taskflow_api_virtualenv.py
[2025-02-10T14:50:26.450+0000] {logging_mixin.py:190} INFO - [2025-02-10T14:50:26.450+0000] {tutorial_taskflow_api_virtualenv.py:29} WARNING - The tutorial_taskflow_api_virtualenv example DAG requires virtualenv, please install it.
[2025-02-10T14:50:26.451+0000] {processor.py:927} WARNING - No viable dags retrieved from /usr/local/lib/python3.9/dist-packages/airflow/example_dags/tutorial_taskflow_api_virtualenv.py
[2025-02-10T14:50:26.482+0000] {processor.py:208} INFO - Processing /usr/local/lib/python3.9/dist-packages/airflow/example_dags/tutorial_taskflow_api_virtualenv.py took 0.046 seconds
[2025-02-10T14:51:41.760+0000] {processor.py:186} INFO - Started process (PID=188) to work on /usr/local/lib/python3.9/dist-packages/airflow/example_dags/tutorial_taskflow_api_virtualenv.py
[2025-02-10T14:51:41.761+0000] {processor.py:914} INFO - Processing file /usr/local/lib/python3.9/dist-packages/airflow/example_dags/tutorial_taskflow_api_virtualenv.py for tasks to queue
[2025-02-10T14:51:41.765+0000] {logging_mixin.py:190} INFO - [2025-02-10T14:51:41.764+0000] {dagbag.py:588} INFO - Filling up the DagBag from /usr/local/lib/python3.9/dist-packages/airflow/example_dags/tutorial_taskflow_api_virtualenv.py
[2025-02-10T14:51:41.768+0000] {logging_mixin.py:190} INFO - [2025-02-10T14:51:41.768+0000] {tutorial_taskflow_api_virtualenv.py:29} WARNING - The tutorial_taskflow_api_virtualenv example DAG requires virtualenv, please install it.
[2025-02-10T14:51:41.769+0000] {processor.py:927} WARNING - No viable dags retrieved from /usr/local/lib/python3.9/dist-packages/airflow/example_dags/tutorial_taskflow_api_virtualenv.py
[2025-02-10T14:51:41.795+0000] {processor.py:208} INFO - Processing /usr/local/lib/python3.9/dist-packages/airflow/example_dags/tutorial_taskflow_api_virtualenv.py took 0.042 seconds
[2025-02-10T14:53:03.386+0000] {processor.py:186} INFO - Started process (PID=255) to work on /usr/local/lib/python3.9/dist-packages/airflow/example_dags/tutorial_taskflow_api_virtualenv.py
[2025-02-10T14:53:03.388+0000] {processor.py:914} INFO - Processing file /usr/local/lib/python3.9/dist-packages/airflow/example_dags/tutorial_taskflow_api_virtualenv.py for tasks to queue
[2025-02-10T14:53:03.391+0000] {logging_mixin.py:190} INFO - [2025-02-10T14:53:03.390+0000] {dagbag.py:588} INFO - Filling up the DagBag from /usr/local/lib/python3.9/dist-packages/airflow/example_dags/tutorial_taskflow_api_virtualenv.py
[2025-02-10T14:53:03.395+0000] {logging_mixin.py:190} INFO - [2025-02-10T14:53:03.394+0000] {tutorial_taskflow_api_virtualenv.py:29} WARNING - The tutorial_taskflow_api_virtualenv example DAG requires virtualenv, please install it.
[2025-02-10T14:53:03.396+0000] {processor.py:927} WARNING - No viable dags retrieved from /usr/local/lib/python3.9/dist-packages/airflow/example_dags/tutorial_taskflow_api_virtualenv.py
[2025-02-10T14:53:03.423+0000] {processor.py:208} INFO - Processing /usr/local/lib/python3.9/dist-packages/airflow/example_dags/tutorial_taskflow_api_virtualenv.py took 0.042 seconds
[2025-02-10T14:54:22.215+0000] {processor.py:186} INFO - Started process (PID=320) to work on /usr/local/lib/python3.9/dist-packages/airflow/example_dags/tutorial_taskflow_api_virtualenv.py
[2025-02-10T14:54:22.217+0000] {processor.py:914} INFO - Processing file /usr/local/lib/python3.9/dist-packages/airflow/example_dags/tutorial_taskflow_api_virtualenv.py for tasks to queue
[2025-02-10T14:54:22.220+0000] {logging_mixin.py:190} INFO - [2025-02-10T14:54:22.220+0000] {dagbag.py:588} INFO - Filling up the DagBag from /usr/local/lib/python3.9/dist-packages/airflow/example_dags/tutorial_taskflow_api_virtualenv.py
[2025-02-10T14:54:22.224+0000] {logging_mixin.py:190} INFO - [2025-02-10T14:54:22.224+0000] {tutorial_taskflow_api_virtualenv.py:29} WARNING - The tutorial_taskflow_api_virtualenv example DAG requires virtualenv, please install it.
[2025-02-10T14:54:22.225+0000] {processor.py:927} WARNING - No viable dags retrieved from /usr/local/lib/python3.9/dist-packages/airflow/example_dags/tutorial_taskflow_api_virtualenv.py
[2025-02-10T14:54:22.254+0000] {processor.py:208} INFO - Processing /usr/local/lib/python3.9/dist-packages/airflow/example_dags/tutorial_taskflow_api_virtualenv.py took 0.045 seconds
[2025-02-10T14:55:39.647+0000] {processor.py:186} INFO - Started process (PID=385) to work on /usr/local/lib/python3.9/dist-packages/airflow/example_dags/tutorial_taskflow_api_virtualenv.py
[2025-02-10T14:55:39.648+0000] {processor.py:914} INFO - Processing file /usr/local/lib/python3.9/dist-packages/airflow/example_dags/tutorial_taskflow_api_virtualenv.py for tasks to queue
[2025-02-10T14:55:39.651+0000] {logging_mixin.py:190} INFO - [2025-02-10T14:55:39.651+0000] {dagbag.py:588} INFO - Filling up the DagBag from /usr/local/lib/python3.9/dist-packages/airflow/example_dags/tutorial_taskflow_api_virtualenv.py
[2025-02-10T14:55:39.654+0000] {logging_mixin.py:190} INFO - [2025-02-10T14:55:39.654+0000] {tutorial_taskflow_api_virtualenv.py:29} WARNING - The tutorial_taskflow_api_virtualenv example DAG requires virtualenv, please install it.
[2025-02-10T14:55:39.655+0000] {processor.py:927} WARNING - No viable dags retrieved from /usr/local/lib/python3.9/dist-packages/airflow/example_dags/tutorial_taskflow_api_virtualenv.py
[2025-02-10T14:55:39.683+0000] {processor.py:208} INFO - Processing /usr/local/lib/python3.9/dist-packages/airflow/example_dags/tutorial_taskflow_api_virtualenv.py took 0.042 seconds
[2025-02-10T14:57:03.272+0000] {processor.py:186} INFO - Started process (PID=453) to work on /usr/local/lib/python3.9/dist-packages/airflow/example_dags/tutorial_taskflow_api_virtualenv.py
[2025-02-10T14:57:03.274+0000] {processor.py:914} INFO - Processing file /usr/local/lib/python3.9/dist-packages/airflow/example_dags/tutorial_taskflow_api_virtualenv.py for tasks to queue
[2025-02-10T14:57:03.276+0000] {logging_mixin.py:190} INFO - [2025-02-10T14:57:03.276+0000] {dagbag.py:588} INFO - Filling up the DagBag from /usr/local/lib/python3.9/dist-packages/airflow/example_dags/tutorial_taskflow_api_virtualenv.py
[2025-02-10T14:57:03.279+0000] {logging_mixin.py:190} INFO - [2025-02-10T14:57:03.279+0000] {tutorial_taskflow_api_virtualenv.py:29} WARNING - The tutorial_taskflow_api_virtualenv example DAG requires virtualenv, please install it.
[2025-02-10T14:57:03.280+0000] {processor.py:927} WARNING - No viable dags retrieved from /usr/local/lib/python3.9/dist-packages/airflow/example_dags/tutorial_taskflow_api_virtualenv.py
[2025-02-10T14:57:03.308+0000] {processor.py:208} INFO - Processing /usr/local/lib/python3.9/dist-packages/airflow/example_dags/tutorial_taskflow_api_virtualenv.py took 0.041 seconds
[2025-02-10T14:58:19.848+0000] {processor.py:186} INFO - Started process (PID=518) to work on /usr/local/lib/python3.9/dist-packages/airflow/example_dags/tutorial_taskflow_api_virtualenv.py
[2025-02-10T14:58:19.850+0000] {processor.py:914} INFO - Processing file /usr/local/lib/python3.9/dist-packages/airflow/example_dags/tutorial_taskflow_api_virtualenv.py for tasks to queue
[2025-02-10T14:58:19.853+0000] {logging_mixin.py:190} INFO - [2025-02-10T14:58:19.853+0000] {dagbag.py:588} INFO - Filling up the DagBag from /usr/local/lib/python3.9/dist-packages/airflow/example_dags/tutorial_taskflow_api_virtualenv.py
[2025-02-10T14:58:19.857+0000] {logging_mixin.py:190} INFO - [2025-02-10T14:58:19.857+0000] {tutorial_taskflow_api_virtualenv.py:29} WARNING - The tutorial_taskflow_api_virtualenv example DAG requires virtualenv, please install it.
[2025-02-10T14:58:19.858+0000] {processor.py:927} WARNING - No viable dags retrieved from /usr/local/lib/python3.9/dist-packages/airflow/example_dags/tutorial_taskflow_api_virtualenv.py
[2025-02-10T14:58:19.886+0000] {processor.py:208} INFO - Processing /usr/local/lib/python3.9/dist-packages/airflow/example_dags/tutorial_taskflow_api_virtualenv.py took 0.043 seconds
[2025-02-10T14:59:34.183+0000] {processor.py:186} INFO - Started process (PID=583) to work on /usr/local/lib/python3.9/dist-packages/airflow/example_dags/tutorial_taskflow_api_virtualenv.py
[2025-02-10T14:59:34.185+0000] {processor.py:914} INFO - Processing file /usr/local/lib/python3.9/dist-packages/airflow/example_dags/tutorial_taskflow_api_virtualenv.py for tasks to queue
[2025-02-10T14:59:34.189+0000] {logging_mixin.py:190} INFO - [2025-02-10T14:59:34.188+0000] {dagbag.py:588} INFO - Filling up the DagBag from /usr/local/lib/python3.9/dist-packages/airflow/example_dags/tutorial_taskflow_api_virtualenv.py
[2025-02-10T14:59:34.192+0000] {logging_mixin.py:190} INFO - [2025-02-10T14:59:34.192+0000] {tutorial_taskflow_api_virtualenv.py:29} WARNING - The tutorial_taskflow_api_virtualenv example DAG requires virtualenv, please install it.
[2025-02-10T14:59:34.193+0000] {processor.py:927} WARNING - No viable dags retrieved from /usr/local/lib/python3.9/dist-packages/airflow/example_dags/tutorial_taskflow_api_virtualenv.py
[2025-02-10T14:59:34.221+0000] {processor.py:208} INFO - Processing /usr/local/lib/python3.9/dist-packages/airflow/example_dags/tutorial_taskflow_api_virtualenv.py took 0.043 seconds
[2025-02-10T15:00:47.086+0000] {processor.py:186} INFO - Started process (PID=645) to work on /usr/local/lib/python3.9/dist-packages/airflow/example_dags/tutorial_taskflow_api_virtualenv.py
[2025-02-10T15:00:47.089+0000] {processor.py:914} INFO - Processing file /usr/local/lib/python3.9/dist-packages/airflow/example_dags/tutorial_taskflow_api_virtualenv.py for tasks to queue
[2025-02-10T15:00:47.093+0000] {logging_mixin.py:190} INFO - [2025-02-10T15:00:47.092+0000] {dagbag.py:588} INFO - Filling up the DagBag from /usr/local/lib/python3.9/dist-packages/airflow/example_dags/tutorial_taskflow_api_virtualenv.py
[2025-02-10T15:00:47.098+0000] {logging_mixin.py:190} INFO - [2025-02-10T15:00:47.098+0000] {tutorial_taskflow_api_virtualenv.py:29} WARNING - The tutorial_taskflow_api_virtualenv example DAG requires virtualenv, please install it.
[2025-02-10T15:00:47.099+0000] {processor.py:927} WARNING - No viable dags retrieved from /usr/local/lib/python3.9/dist-packages/airflow/example_dags/tutorial_taskflow_api_virtualenv.py
[2025-02-10T15:00:47.137+0000] {processor.py:208} INFO - Processing /usr/local/lib/python3.9/dist-packages/airflow/example_dags/tutorial_taskflow_api_virtualenv.py took 0.060 seconds
[2025-02-10T15:02:07.145+0000] {processor.py:186} INFO - Started process (PID=715) to work on /usr/local/lib/python3.9/dist-packages/airflow/example_dags/tutorial_taskflow_api_virtualenv.py
[2025-02-10T15:02:07.147+0000] {processor.py:914} INFO - Processing file /usr/local/lib/python3.9/dist-packages/airflow/example_dags/tutorial_taskflow_api_virtualenv.py for tasks to queue
[2025-02-10T15:02:07.152+0000] {logging_mixin.py:190} INFO - [2025-02-10T15:02:07.151+0000] {dagbag.py:588} INFO - Filling up the DagBag from /usr/local/lib/python3.9/dist-packages/airflow/example_dags/tutorial_taskflow_api_virtualenv.py
[2025-02-10T15:02:07.158+0000] {logging_mixin.py:190} INFO - [2025-02-10T15:02:07.158+0000] {tutorial_taskflow_api_virtualenv.py:29} WARNING - The tutorial_taskflow_api_virtualenv example DAG requires virtualenv, please install it.
[2025-02-10T15:02:07.160+0000] {processor.py:927} WARNING - No viable dags retrieved from /usr/local/lib/python3.9/dist-packages/airflow/example_dags/tutorial_taskflow_api_virtualenv.py
[2025-02-10T15:02:07.191+0000] {processor.py:208} INFO - Processing /usr/local/lib/python3.9/dist-packages/airflow/example_dags/tutorial_taskflow_api_virtualenv.py took 0.056 seconds
[2025-02-10T15:03:27.617+0000] {processor.py:186} INFO - Started process (PID=780) to work on /usr/local/lib/python3.9/dist-packages/airflow/example_dags/tutorial_taskflow_api_virtualenv.py
[2025-02-10T15:03:27.619+0000] {processor.py:914} INFO - Processing file /usr/local/lib/python3.9/dist-packages/airflow/example_dags/tutorial_taskflow_api_virtualenv.py for tasks to queue
[2025-02-10T15:03:27.622+0000] {logging_mixin.py:190} INFO - [2025-02-10T15:03:27.621+0000] {dagbag.py:588} INFO - Filling up the DagBag from /usr/local/lib/python3.9/dist-packages/airflow/example_dags/tutorial_taskflow_api_virtualenv.py
[2025-02-10T15:03:27.625+0000] {logging_mixin.py:190} INFO - [2025-02-10T15:03:27.625+0000] {tutorial_taskflow_api_virtualenv.py:29} WARNING - The tutorial_taskflow_api_virtualenv example DAG requires virtualenv, please install it.
[2025-02-10T15:03:27.626+0000] {processor.py:927} WARNING - No viable dags retrieved from /usr/local/lib/python3.9/dist-packages/airflow/example_dags/tutorial_taskflow_api_virtualenv.py
[2025-02-10T15:03:27.654+0000] {processor.py:208} INFO - Processing /usr/local/lib/python3.9/dist-packages/airflow/example_dags/tutorial_taskflow_api_virtualenv.py took 0.042 seconds
[2025-02-10T15:04:43.571+0000] {processor.py:186} INFO - Started process (PID=844) to work on /usr/local/lib/python3.9/dist-packages/airflow/example_dags/tutorial_taskflow_api_virtualenv.py
[2025-02-10T15:04:43.573+0000] {processor.py:914} INFO - Processing file /usr/local/lib/python3.9/dist-packages/airflow/example_dags/tutorial_taskflow_api_virtualenv.py for tasks to queue
[2025-02-10T15:04:43.576+0000] {logging_mixin.py:190} INFO - [2025-02-10T15:04:43.575+0000] {dagbag.py:588} INFO - Filling up the DagBag from /usr/local/lib/python3.9/dist-packages/airflow/example_dags/tutorial_taskflow_api_virtualenv.py
[2025-02-10T15:04:43.580+0000] {logging_mixin.py:190} INFO - [2025-02-10T15:04:43.579+0000] {tutorial_taskflow_api_virtualenv.py:29} WARNING - The tutorial_taskflow_api_virtualenv example DAG requires virtualenv, please install it.
[2025-02-10T15:04:43.581+0000] {processor.py:927} WARNING - No viable dags retrieved from /usr/local/lib/python3.9/dist-packages/airflow/example_dags/tutorial_taskflow_api_virtualenv.py
[2025-02-10T15:04:43.610+0000] {processor.py:208} INFO - Processing /usr/local/lib/python3.9/dist-packages/airflow/example_dags/tutorial_taskflow_api_virtualenv.py took 0.044 seconds
[2025-02-10T15:06:05.689+0000] {processor.py:186} INFO - Started process (PID=911) to work on /usr/local/lib/python3.9/dist-packages/airflow/example_dags/tutorial_taskflow_api_virtualenv.py
[2025-02-10T15:06:05.691+0000] {processor.py:914} INFO - Processing file /usr/local/lib/python3.9/dist-packages/airflow/example_dags/tutorial_taskflow_api_virtualenv.py for tasks to queue
[2025-02-10T15:06:05.694+0000] {logging_mixin.py:190} INFO - [2025-02-10T15:06:05.693+0000] {dagbag.py:588} INFO - Filling up the DagBag from /usr/local/lib/python3.9/dist-packages/airflow/example_dags/tutorial_taskflow_api_virtualenv.py
[2025-02-10T15:06:05.697+0000] {logging_mixin.py:190} INFO - [2025-02-10T15:06:05.697+0000] {tutorial_taskflow_api_virtualenv.py:29} WARNING - The tutorial_taskflow_api_virtualenv example DAG requires virtualenv, please install it.
[2025-02-10T15:06:05.698+0000] {processor.py:927} WARNING - No viable dags retrieved from /usr/local/lib/python3.9/dist-packages/airflow/example_dags/tutorial_taskflow_api_virtualenv.py
[2025-02-10T15:06:05.729+0000] {processor.py:208} INFO - Processing /usr/local/lib/python3.9/dist-packages/airflow/example_dags/tutorial_taskflow_api_virtualenv.py took 0.046 seconds
[2025-02-10T15:07:22.722+0000] {processor.py:186} INFO - Started process (PID=976) to work on /usr/local/lib/python3.9/dist-packages/airflow/example_dags/tutorial_taskflow_api_virtualenv.py
[2025-02-10T15:07:22.725+0000] {processor.py:914} INFO - Processing file /usr/local/lib/python3.9/dist-packages/airflow/example_dags/tutorial_taskflow_api_virtualenv.py for tasks to queue
[2025-02-10T15:07:22.729+0000] {logging_mixin.py:190} INFO - [2025-02-10T15:07:22.728+0000] {dagbag.py:588} INFO - Filling up the DagBag from /usr/local/lib/python3.9/dist-packages/airflow/example_dags/tutorial_taskflow_api_virtualenv.py
[2025-02-10T15:07:22.732+0000] {logging_mixin.py:190} INFO - [2025-02-10T15:07:22.732+0000] {tutorial_taskflow_api_virtualenv.py:29} WARNING - The tutorial_taskflow_api_virtualenv example DAG requires virtualenv, please install it.
[2025-02-10T15:07:22.733+0000] {processor.py:927} WARNING - No viable dags retrieved from /usr/local/lib/python3.9/dist-packages/airflow/example_dags/tutorial_taskflow_api_virtualenv.py
[2025-02-10T15:07:22.761+0000] {processor.py:208} INFO - Processing /usr/local/lib/python3.9/dist-packages/airflow/example_dags/tutorial_taskflow_api_virtualenv.py took 0.045 seconds
[2025-02-10T15:08:40.489+0000] {processor.py:186} INFO - Started process (PID=1041) to work on /usr/local/lib/python3.9/dist-packages/airflow/example_dags/tutorial_taskflow_api_virtualenv.py
[2025-02-10T15:08:40.491+0000] {processor.py:914} INFO - Processing file /usr/local/lib/python3.9/dist-packages/airflow/example_dags/tutorial_taskflow_api_virtualenv.py for tasks to queue
[2025-02-10T15:08:40.494+0000] {logging_mixin.py:190} INFO - [2025-02-10T15:08:40.493+0000] {dagbag.py:588} INFO - Filling up the DagBag from /usr/local/lib/python3.9/dist-packages/airflow/example_dags/tutorial_taskflow_api_virtualenv.py
[2025-02-10T15:08:40.498+0000] {logging_mixin.py:190} INFO - [2025-02-10T15:08:40.497+0000] {tutorial_taskflow_api_virtualenv.py:29} WARNING - The tutorial_taskflow_api_virtualenv example DAG requires virtualenv, please install it.
[2025-02-10T15:08:40.499+0000] {processor.py:927} WARNING - No viable dags retrieved from /usr/local/lib/python3.9/dist-packages/airflow/example_dags/tutorial_taskflow_api_virtualenv.py
[2025-02-10T15:08:40.528+0000] {processor.py:208} INFO - Processing /usr/local/lib/python3.9/dist-packages/airflow/example_dags/tutorial_taskflow_api_virtualenv.py took 0.044 seconds
[2025-02-10T15:09:59.202+0000] {processor.py:186} INFO - Started process (PID=1106) to work on /usr/local/lib/python3.9/dist-packages/airflow/example_dags/tutorial_taskflow_api_virtualenv.py
[2025-02-10T15:09:59.203+0000] {processor.py:914} INFO - Processing file /usr/local/lib/python3.9/dist-packages/airflow/example_dags/tutorial_taskflow_api_virtualenv.py for tasks to queue
[2025-02-10T15:09:59.206+0000] {logging_mixin.py:190} INFO - [2025-02-10T15:09:59.205+0000] {dagbag.py:588} INFO - Filling up the DagBag from /usr/local/lib/python3.9/dist-packages/airflow/example_dags/tutorial_taskflow_api_virtualenv.py
[2025-02-10T15:09:59.209+0000] {logging_mixin.py:190} INFO - [2025-02-10T15:09:59.209+0000] {tutorial_taskflow_api_virtualenv.py:29} WARNING - The tutorial_taskflow_api_virtualenv example DAG requires virtualenv, please install it.
[2025-02-10T15:09:59.210+0000] {processor.py:927} WARNING - No viable dags retrieved from /usr/local/lib/python3.9/dist-packages/airflow/example_dags/tutorial_taskflow_api_virtualenv.py
[2025-02-10T15:09:59.237+0000] {processor.py:208} INFO - Processing /usr/local/lib/python3.9/dist-packages/airflow/example_dags/tutorial_taskflow_api_virtualenv.py took 0.040 seconds
[2025-02-10T15:11:20.605+0000] {processor.py:186} INFO - Started process (PID=1173) to work on /usr/local/lib/python3.9/dist-packages/airflow/example_dags/tutorial_taskflow_api_virtualenv.py
[2025-02-10T15:11:20.607+0000] {processor.py:914} INFO - Processing file /usr/local/lib/python3.9/dist-packages/airflow/example_dags/tutorial_taskflow_api_virtualenv.py for tasks to queue
[2025-02-10T15:11:20.610+0000] {logging_mixin.py:190} INFO - [2025-02-10T15:11:20.610+0000] {dagbag.py:588} INFO - Filling up the DagBag from /usr/local/lib/python3.9/dist-packages/airflow/example_dags/tutorial_taskflow_api_virtualenv.py
[2025-02-10T15:11:20.614+0000] {logging_mixin.py:190} INFO - [2025-02-10T15:11:20.614+0000] {tutorial_taskflow_api_virtualenv.py:29} WARNING - The tutorial_taskflow_api_virtualenv example DAG requires virtualenv, please install it.
[2025-02-10T15:11:20.615+0000] {processor.py:927} WARNING - No viable dags retrieved from /usr/local/lib/python3.9/dist-packages/airflow/example_dags/tutorial_taskflow_api_virtualenv.py
[2025-02-10T15:11:20.643+0000] {processor.py:208} INFO - Processing /usr/local/lib/python3.9/dist-packages/airflow/example_dags/tutorial_taskflow_api_virtualenv.py took 0.043 seconds
[2025-02-10T15:12:39.577+0000] {processor.py:186} INFO - Started process (PID=1239) to work on /usr/local/lib/python3.9/dist-packages/airflow/example_dags/tutorial_taskflow_api_virtualenv.py
[2025-02-10T15:12:39.579+0000] {processor.py:914} INFO - Processing file /usr/local/lib/python3.9/dist-packages/airflow/example_dags/tutorial_taskflow_api_virtualenv.py for tasks to queue
[2025-02-10T15:12:39.582+0000] {logging_mixin.py:190} INFO - [2025-02-10T15:12:39.581+0000] {dagbag.py:588} INFO - Filling up the DagBag from /usr/local/lib/python3.9/dist-packages/airflow/example_dags/tutorial_taskflow_api_virtualenv.py
[2025-02-10T15:12:39.585+0000] {logging_mixin.py:190} INFO - [2025-02-10T15:12:39.585+0000] {tutorial_taskflow_api_virtualenv.py:29} WARNING - The tutorial_taskflow_api_virtualenv example DAG requires virtualenv, please install it.
[2025-02-10T15:12:39.586+0000] {processor.py:927} WARNING - No viable dags retrieved from /usr/local/lib/python3.9/dist-packages/airflow/example_dags/tutorial_taskflow_api_virtualenv.py
[2025-02-10T15:12:39.615+0000] {processor.py:208} INFO - Processing /usr/local/lib/python3.9/dist-packages/airflow/example_dags/tutorial_taskflow_api_virtualenv.py took 0.043 seconds
[2025-02-10T15:13:56.705+0000] {processor.py:186} INFO - Started process (PID=1303) to work on /usr/local/lib/python3.9/dist-packages/airflow/example_dags/tutorial_taskflow_api_virtualenv.py
[2025-02-10T15:13:56.709+0000] {processor.py:914} INFO - Processing file /usr/local/lib/python3.9/dist-packages/airflow/example_dags/tutorial_taskflow_api_virtualenv.py for tasks to queue
[2025-02-10T15:13:56.712+0000] {logging_mixin.py:190} INFO - [2025-02-10T15:13:56.711+0000] {dagbag.py:588} INFO - Filling up the DagBag from /usr/local/lib/python3.9/dist-packages/airflow/example_dags/tutorial_taskflow_api_virtualenv.py
[2025-02-10T15:13:56.716+0000] {logging_mixin.py:190} INFO - [2025-02-10T15:13:56.715+0000] {tutorial_taskflow_api_virtualenv.py:29} WARNING - The tutorial_taskflow_api_virtualenv example DAG requires virtualenv, please install it.
[2025-02-10T15:13:56.717+0000] {processor.py:927} WARNING - No viable dags retrieved from /usr/local/lib/python3.9/dist-packages/airflow/example_dags/tutorial_taskflow_api_virtualenv.py
[2025-02-10T15:13:56.746+0000] {processor.py:208} INFO - Processing /usr/local/lib/python3.9/dist-packages/airflow/example_dags/tutorial_taskflow_api_virtualenv.py took 0.046 seconds
[2025-02-10T15:25:34.917+0000] {processor.py:186} INFO - Started process (PID=59) to work on /usr/local/lib/python3.9/dist-packages/airflow/example_dags/tutorial_taskflow_api_virtualenv.py
[2025-02-10T15:25:34.918+0000] {processor.py:914} INFO - Processing file /usr/local/lib/python3.9/dist-packages/airflow/example_dags/tutorial_taskflow_api_virtualenv.py for tasks to queue
[2025-02-10T15:25:34.921+0000] {logging_mixin.py:190} INFO - [2025-02-10T15:25:34.921+0000] {dagbag.py:588} INFO - Filling up the DagBag from /usr/local/lib/python3.9/dist-packages/airflow/example_dags/tutorial_taskflow_api_virtualenv.py
[2025-02-10T15:25:34.925+0000] {logging_mixin.py:190} INFO - [2025-02-10T15:25:34.925+0000] {tutorial_taskflow_api_virtualenv.py:29} WARNING - The tutorial_taskflow_api_virtualenv example DAG requires virtualenv, please install it.
[2025-02-10T15:25:34.926+0000] {processor.py:927} WARNING - No viable dags retrieved from /usr/local/lib/python3.9/dist-packages/airflow/example_dags/tutorial_taskflow_api_virtualenv.py
[2025-02-10T15:25:34.955+0000] {processor.py:208} INFO - Processing /usr/local/lib/python3.9/dist-packages/airflow/example_dags/tutorial_taskflow_api_virtualenv.py took 0.043 seconds
[2025-02-10T15:26:44.175+0000] {processor.py:186} INFO - Started process (PID=116) to work on /usr/local/lib/python3.9/dist-packages/airflow/example_dags/tutorial_taskflow_api_virtualenv.py
[2025-02-10T15:26:44.177+0000] {processor.py:914} INFO - Processing file /usr/local/lib/python3.9/dist-packages/airflow/example_dags/tutorial_taskflow_api_virtualenv.py for tasks to queue
[2025-02-10T15:26:44.180+0000] {logging_mixin.py:190} INFO - [2025-02-10T15:26:44.180+0000] {dagbag.py:588} INFO - Filling up the DagBag from /usr/local/lib/python3.9/dist-packages/airflow/example_dags/tutorial_taskflow_api_virtualenv.py
[2025-02-10T15:26:44.185+0000] {logging_mixin.py:190} INFO - [2025-02-10T15:26:44.184+0000] {tutorial_taskflow_api_virtualenv.py:29} WARNING - The tutorial_taskflow_api_virtualenv example DAG requires virtualenv, please install it.
[2025-02-10T15:26:44.186+0000] {processor.py:927} WARNING - No viable dags retrieved from /usr/local/lib/python3.9/dist-packages/airflow/example_dags/tutorial_taskflow_api_virtualenv.py
[2025-02-10T15:26:44.213+0000] {processor.py:208} INFO - Processing /usr/local/lib/python3.9/dist-packages/airflow/example_dags/tutorial_taskflow_api_virtualenv.py took 0.044 seconds
[2025-02-10T15:28:00.250+0000] {processor.py:186} INFO - Started process (PID=180) to work on /usr/local/lib/python3.9/dist-packages/airflow/example_dags/tutorial_taskflow_api_virtualenv.py
[2025-02-10T15:28:00.251+0000] {processor.py:914} INFO - Processing file /usr/local/lib/python3.9/dist-packages/airflow/example_dags/tutorial_taskflow_api_virtualenv.py for tasks to queue
[2025-02-10T15:28:00.254+0000] {logging_mixin.py:190} INFO - [2025-02-10T15:28:00.254+0000] {dagbag.py:588} INFO - Filling up the DagBag from /usr/local/lib/python3.9/dist-packages/airflow/example_dags/tutorial_taskflow_api_virtualenv.py
[2025-02-10T15:28:00.258+0000] {logging_mixin.py:190} INFO - [2025-02-10T15:28:00.257+0000] {tutorial_taskflow_api_virtualenv.py:29} WARNING - The tutorial_taskflow_api_virtualenv example DAG requires virtualenv, please install it.
[2025-02-10T15:28:00.258+0000] {processor.py:927} WARNING - No viable dags retrieved from /usr/local/lib/python3.9/dist-packages/airflow/example_dags/tutorial_taskflow_api_virtualenv.py
[2025-02-10T15:28:00.289+0000] {processor.py:208} INFO - Processing /usr/local/lib/python3.9/dist-packages/airflow/example_dags/tutorial_taskflow_api_virtualenv.py took 0.045 seconds
[2025-02-10T15:29:21.218+0000] {processor.py:186} INFO - Started process (PID=246) to work on /usr/local/lib/python3.9/dist-packages/airflow/example_dags/tutorial_taskflow_api_virtualenv.py
[2025-02-10T15:29:21.220+0000] {processor.py:914} INFO - Processing file /usr/local/lib/python3.9/dist-packages/airflow/example_dags/tutorial_taskflow_api_virtualenv.py for tasks to queue
[2025-02-10T15:29:21.224+0000] {logging_mixin.py:190} INFO - [2025-02-10T15:29:21.223+0000] {dagbag.py:588} INFO - Filling up the DagBag from /usr/local/lib/python3.9/dist-packages/airflow/example_dags/tutorial_taskflow_api_virtualenv.py
[2025-02-10T15:29:21.227+0000] {logging_mixin.py:190} INFO - [2025-02-10T15:29:21.227+0000] {tutorial_taskflow_api_virtualenv.py:29} WARNING - The tutorial_taskflow_api_virtualenv example DAG requires virtualenv, please install it.
[2025-02-10T15:29:21.228+0000] {processor.py:927} WARNING - No viable dags retrieved from /usr/local/lib/python3.9/dist-packages/airflow/example_dags/tutorial_taskflow_api_virtualenv.py
[2025-02-10T15:29:21.257+0000] {processor.py:208} INFO - Processing /usr/local/lib/python3.9/dist-packages/airflow/example_dags/tutorial_taskflow_api_virtualenv.py took 0.044 seconds
[2025-02-10T15:30:35.478+0000] {processor.py:186} INFO - Started process (PID=309) to work on /usr/local/lib/python3.9/dist-packages/airflow/example_dags/tutorial_taskflow_api_virtualenv.py
[2025-02-10T15:30:35.480+0000] {processor.py:914} INFO - Processing file /usr/local/lib/python3.9/dist-packages/airflow/example_dags/tutorial_taskflow_api_virtualenv.py for tasks to queue
[2025-02-10T15:30:35.483+0000] {logging_mixin.py:190} INFO - [2025-02-10T15:30:35.482+0000] {dagbag.py:588} INFO - Filling up the DagBag from /usr/local/lib/python3.9/dist-packages/airflow/example_dags/tutorial_taskflow_api_virtualenv.py
[2025-02-10T15:30:35.486+0000] {logging_mixin.py:190} INFO - [2025-02-10T15:30:35.486+0000] {tutorial_taskflow_api_virtualenv.py:29} WARNING - The tutorial_taskflow_api_virtualenv example DAG requires virtualenv, please install it.
[2025-02-10T15:30:35.487+0000] {processor.py:927} WARNING - No viable dags retrieved from /usr/local/lib/python3.9/dist-packages/airflow/example_dags/tutorial_taskflow_api_virtualenv.py
[2025-02-10T15:30:35.514+0000] {processor.py:208} INFO - Processing /usr/local/lib/python3.9/dist-packages/airflow/example_dags/tutorial_taskflow_api_virtualenv.py took 0.041 seconds
[2025-02-10T15:31:51.950+0000] {processor.py:186} INFO - Started process (PID=373) to work on /usr/local/lib/python3.9/dist-packages/airflow/example_dags/tutorial_taskflow_api_virtualenv.py
[2025-02-10T15:31:51.951+0000] {processor.py:914} INFO - Processing file /usr/local/lib/python3.9/dist-packages/airflow/example_dags/tutorial_taskflow_api_virtualenv.py for tasks to queue
[2025-02-10T15:31:51.955+0000] {logging_mixin.py:190} INFO - [2025-02-10T15:31:51.954+0000] {dagbag.py:588} INFO - Filling up the DagBag from /usr/local/lib/python3.9/dist-packages/airflow/example_dags/tutorial_taskflow_api_virtualenv.py
[2025-02-10T15:31:51.958+0000] {logging_mixin.py:190} INFO - [2025-02-10T15:31:51.958+0000] {tutorial_taskflow_api_virtualenv.py:29} WARNING - The tutorial_taskflow_api_virtualenv example DAG requires virtualenv, please install it.
[2025-02-10T15:31:51.959+0000] {processor.py:927} WARNING - No viable dags retrieved from /usr/local/lib/python3.9/dist-packages/airflow/example_dags/tutorial_taskflow_api_virtualenv.py
[2025-02-10T15:31:51.986+0000] {processor.py:208} INFO - Processing /usr/local/lib/python3.9/dist-packages/airflow/example_dags/tutorial_taskflow_api_virtualenv.py took 0.041 seconds
[2025-02-10T15:33:12.097+0000] {processor.py:186} INFO - Started process (PID=439) to work on /usr/local/lib/python3.9/dist-packages/airflow/example_dags/tutorial_taskflow_api_virtualenv.py
[2025-02-10T15:33:12.099+0000] {processor.py:914} INFO - Processing file /usr/local/lib/python3.9/dist-packages/airflow/example_dags/tutorial_taskflow_api_virtualenv.py for tasks to queue
[2025-02-10T15:33:12.102+0000] {logging_mixin.py:190} INFO - [2025-02-10T15:33:12.101+0000] {dagbag.py:588} INFO - Filling up the DagBag from /usr/local/lib/python3.9/dist-packages/airflow/example_dags/tutorial_taskflow_api_virtualenv.py
[2025-02-10T15:33:12.105+0000] {logging_mixin.py:190} INFO - [2025-02-10T15:33:12.105+0000] {tutorial_taskflow_api_virtualenv.py:29} WARNING - The tutorial_taskflow_api_virtualenv example DAG requires virtualenv, please install it.
[2025-02-10T15:33:12.106+0000] {processor.py:927} WARNING - No viable dags retrieved from /usr/local/lib/python3.9/dist-packages/airflow/example_dags/tutorial_taskflow_api_virtualenv.py
[2025-02-10T15:33:12.133+0000] {processor.py:208} INFO - Processing /usr/local/lib/python3.9/dist-packages/airflow/example_dags/tutorial_taskflow_api_virtualenv.py took 0.041 seconds
[2025-02-10T15:34:35.551+0000] {processor.py:186} INFO - Started process (PID=505) to work on /usr/local/lib/python3.9/dist-packages/airflow/example_dags/tutorial_taskflow_api_virtualenv.py
[2025-02-10T15:34:35.552+0000] {processor.py:914} INFO - Processing file /usr/local/lib/python3.9/dist-packages/airflow/example_dags/tutorial_taskflow_api_virtualenv.py for tasks to queue
[2025-02-10T15:34:35.555+0000] {logging_mixin.py:190} INFO - [2025-02-10T15:34:35.555+0000] {dagbag.py:588} INFO - Filling up the DagBag from /usr/local/lib/python3.9/dist-packages/airflow/example_dags/tutorial_taskflow_api_virtualenv.py
[2025-02-10T15:34:35.558+0000] {logging_mixin.py:190} INFO - [2025-02-10T15:34:35.558+0000] {tutorial_taskflow_api_virtualenv.py:29} WARNING - The tutorial_taskflow_api_virtualenv example DAG requires virtualenv, please install it.
[2025-02-10T15:34:35.559+0000] {processor.py:927} WARNING - No viable dags retrieved from /usr/local/lib/python3.9/dist-packages/airflow/example_dags/tutorial_taskflow_api_virtualenv.py
[2025-02-10T15:34:35.587+0000] {processor.py:208} INFO - Processing /usr/local/lib/python3.9/dist-packages/airflow/example_dags/tutorial_taskflow_api_virtualenv.py took 0.042 seconds
[2025-02-10T15:35:52.667+0000] {processor.py:186} INFO - Started process (PID=570) to work on /usr/local/lib/python3.9/dist-packages/airflow/example_dags/tutorial_taskflow_api_virtualenv.py
[2025-02-10T15:35:52.668+0000] {processor.py:914} INFO - Processing file /usr/local/lib/python3.9/dist-packages/airflow/example_dags/tutorial_taskflow_api_virtualenv.py for tasks to queue
[2025-02-10T15:35:52.671+0000] {logging_mixin.py:190} INFO - [2025-02-10T15:35:52.671+0000] {dagbag.py:588} INFO - Filling up the DagBag from /usr/local/lib/python3.9/dist-packages/airflow/example_dags/tutorial_taskflow_api_virtualenv.py
[2025-02-10T15:35:52.674+0000] {logging_mixin.py:190} INFO - [2025-02-10T15:35:52.674+0000] {tutorial_taskflow_api_virtualenv.py:29} WARNING - The tutorial_taskflow_api_virtualenv example DAG requires virtualenv, please install it.
[2025-02-10T15:35:52.675+0000] {processor.py:927} WARNING - No viable dags retrieved from /usr/local/lib/python3.9/dist-packages/airflow/example_dags/tutorial_taskflow_api_virtualenv.py
[2025-02-10T15:35:52.700+0000] {processor.py:208} INFO - Processing /usr/local/lib/python3.9/dist-packages/airflow/example_dags/tutorial_taskflow_api_virtualenv.py took 0.038 seconds
[2025-02-10T15:37:16.102+0000] {processor.py:186} INFO - Started process (PID=637) to work on /usr/local/lib/python3.9/dist-packages/airflow/example_dags/tutorial_taskflow_api_virtualenv.py
[2025-02-10T15:37:16.104+0000] {processor.py:914} INFO - Processing file /usr/local/lib/python3.9/dist-packages/airflow/example_dags/tutorial_taskflow_api_virtualenv.py for tasks to queue
[2025-02-10T15:37:16.107+0000] {logging_mixin.py:190} INFO - [2025-02-10T15:37:16.106+0000] {dagbag.py:588} INFO - Filling up the DagBag from /usr/local/lib/python3.9/dist-packages/airflow/example_dags/tutorial_taskflow_api_virtualenv.py
[2025-02-10T15:37:16.110+0000] {logging_mixin.py:190} INFO - [2025-02-10T15:37:16.110+0000] {tutorial_taskflow_api_virtualenv.py:29} WARNING - The tutorial_taskflow_api_virtualenv example DAG requires virtualenv, please install it.
[2025-02-10T15:37:16.111+0000] {processor.py:927} WARNING - No viable dags retrieved from /usr/local/lib/python3.9/dist-packages/airflow/example_dags/tutorial_taskflow_api_virtualenv.py
[2025-02-10T15:37:16.140+0000] {processor.py:208} INFO - Processing /usr/local/lib/python3.9/dist-packages/airflow/example_dags/tutorial_taskflow_api_virtualenv.py took 0.044 seconds
[2025-02-10T15:38:38.373+0000] {processor.py:186} INFO - Started process (PID=703) to work on /usr/local/lib/python3.9/dist-packages/airflow/example_dags/tutorial_taskflow_api_virtualenv.py
[2025-02-10T15:38:38.374+0000] {processor.py:914} INFO - Processing file /usr/local/lib/python3.9/dist-packages/airflow/example_dags/tutorial_taskflow_api_virtualenv.py for tasks to queue
[2025-02-10T15:38:38.377+0000] {logging_mixin.py:190} INFO - [2025-02-10T15:38:38.377+0000] {dagbag.py:588} INFO - Filling up the DagBag from /usr/local/lib/python3.9/dist-packages/airflow/example_dags/tutorial_taskflow_api_virtualenv.py
[2025-02-10T15:38:38.380+0000] {logging_mixin.py:190} INFO - [2025-02-10T15:38:38.380+0000] {tutorial_taskflow_api_virtualenv.py:29} WARNING - The tutorial_taskflow_api_virtualenv example DAG requires virtualenv, please install it.
[2025-02-10T15:38:38.381+0000] {processor.py:927} WARNING - No viable dags retrieved from /usr/local/lib/python3.9/dist-packages/airflow/example_dags/tutorial_taskflow_api_virtualenv.py
[2025-02-10T15:38:38.407+0000] {processor.py:208} INFO - Processing /usr/local/lib/python3.9/dist-packages/airflow/example_dags/tutorial_taskflow_api_virtualenv.py took 0.039 seconds
[2025-02-10T15:40:00.616+0000] {processor.py:186} INFO - Started process (PID=770) to work on /usr/local/lib/python3.9/dist-packages/airflow/example_dags/tutorial_taskflow_api_virtualenv.py
[2025-02-10T15:40:00.617+0000] {processor.py:914} INFO - Processing file /usr/local/lib/python3.9/dist-packages/airflow/example_dags/tutorial_taskflow_api_virtualenv.py for tasks to queue
[2025-02-10T15:40:00.620+0000] {logging_mixin.py:190} INFO - [2025-02-10T15:40:00.620+0000] {dagbag.py:588} INFO - Filling up the DagBag from /usr/local/lib/python3.9/dist-packages/airflow/example_dags/tutorial_taskflow_api_virtualenv.py
[2025-02-10T15:40:00.624+0000] {logging_mixin.py:190} INFO - [2025-02-10T15:40:00.624+0000] {tutorial_taskflow_api_virtualenv.py:29} WARNING - The tutorial_taskflow_api_virtualenv example DAG requires virtualenv, please install it.
[2025-02-10T15:40:00.625+0000] {processor.py:927} WARNING - No viable dags retrieved from /usr/local/lib/python3.9/dist-packages/airflow/example_dags/tutorial_taskflow_api_virtualenv.py
[2025-02-10T15:40:00.653+0000] {processor.py:208} INFO - Processing /usr/local/lib/python3.9/dist-packages/airflow/example_dags/tutorial_taskflow_api_virtualenv.py took 0.043 seconds
[2025-02-10T15:41:18.155+0000] {processor.py:186} INFO - Started process (PID=834) to work on /usr/local/lib/python3.9/dist-packages/airflow/example_dags/tutorial_taskflow_api_virtualenv.py
[2025-02-10T15:41:18.157+0000] {processor.py:914} INFO - Processing file /usr/local/lib/python3.9/dist-packages/airflow/example_dags/tutorial_taskflow_api_virtualenv.py for tasks to queue
[2025-02-10T15:41:18.162+0000] {logging_mixin.py:190} INFO - [2025-02-10T15:41:18.161+0000] {dagbag.py:588} INFO - Filling up the DagBag from /usr/local/lib/python3.9/dist-packages/airflow/example_dags/tutorial_taskflow_api_virtualenv.py
[2025-02-10T15:41:18.168+0000] {logging_mixin.py:190} INFO - [2025-02-10T15:41:18.167+0000] {tutorial_taskflow_api_virtualenv.py:29} WARNING - The tutorial_taskflow_api_virtualenv example DAG requires virtualenv, please install it.
[2025-02-10T15:41:18.168+0000] {processor.py:927} WARNING - No viable dags retrieved from /usr/local/lib/python3.9/dist-packages/airflow/example_dags/tutorial_taskflow_api_virtualenv.py
[2025-02-10T15:41:18.196+0000] {processor.py:208} INFO - Processing /usr/local/lib/python3.9/dist-packages/airflow/example_dags/tutorial_taskflow_api_virtualenv.py took 0.052 seconds
[2025-02-10T15:42:37.750+0000] {processor.py:186} INFO - Started process (PID=900) to work on /usr/local/lib/python3.9/dist-packages/airflow/example_dags/tutorial_taskflow_api_virtualenv.py
[2025-02-10T15:42:37.751+0000] {processor.py:914} INFO - Processing file /usr/local/lib/python3.9/dist-packages/airflow/example_dags/tutorial_taskflow_api_virtualenv.py for tasks to queue
[2025-02-10T15:42:37.754+0000] {logging_mixin.py:190} INFO - [2025-02-10T15:42:37.754+0000] {dagbag.py:588} INFO - Filling up the DagBag from /usr/local/lib/python3.9/dist-packages/airflow/example_dags/tutorial_taskflow_api_virtualenv.py
[2025-02-10T15:42:37.758+0000] {logging_mixin.py:190} INFO - [2025-02-10T15:42:37.758+0000] {tutorial_taskflow_api_virtualenv.py:29} WARNING - The tutorial_taskflow_api_virtualenv example DAG requires virtualenv, please install it.
[2025-02-10T15:42:37.759+0000] {processor.py:927} WARNING - No viable dags retrieved from /usr/local/lib/python3.9/dist-packages/airflow/example_dags/tutorial_taskflow_api_virtualenv.py
[2025-02-10T15:42:37.784+0000] {processor.py:208} INFO - Processing /usr/local/lib/python3.9/dist-packages/airflow/example_dags/tutorial_taskflow_api_virtualenv.py took 0.040 seconds
[2025-02-10T15:44:00.158+0000] {processor.py:186} INFO - Started process (PID=967) to work on /usr/local/lib/python3.9/dist-packages/airflow/example_dags/tutorial_taskflow_api_virtualenv.py
[2025-02-10T15:44:00.159+0000] {processor.py:914} INFO - Processing file /usr/local/lib/python3.9/dist-packages/airflow/example_dags/tutorial_taskflow_api_virtualenv.py for tasks to queue
[2025-02-10T15:44:00.162+0000] {logging_mixin.py:190} INFO - [2025-02-10T15:44:00.162+0000] {dagbag.py:588} INFO - Filling up the DagBag from /usr/local/lib/python3.9/dist-packages/airflow/example_dags/tutorial_taskflow_api_virtualenv.py
[2025-02-10T15:44:00.166+0000] {logging_mixin.py:190} INFO - [2025-02-10T15:44:00.165+0000] {tutorial_taskflow_api_virtualenv.py:29} WARNING - The tutorial_taskflow_api_virtualenv example DAG requires virtualenv, please install it.
[2025-02-10T15:44:00.166+0000] {processor.py:927} WARNING - No viable dags retrieved from /usr/local/lib/python3.9/dist-packages/airflow/example_dags/tutorial_taskflow_api_virtualenv.py
[2025-02-10T15:44:00.196+0000] {processor.py:208} INFO - Processing /usr/local/lib/python3.9/dist-packages/airflow/example_dags/tutorial_taskflow_api_virtualenv.py took 0.044 seconds
[2025-02-10T15:45:25.270+0000] {processor.py:186} INFO - Started process (PID=1034) to work on /usr/local/lib/python3.9/dist-packages/airflow/example_dags/tutorial_taskflow_api_virtualenv.py
[2025-02-10T15:45:25.272+0000] {processor.py:914} INFO - Processing file /usr/local/lib/python3.9/dist-packages/airflow/example_dags/tutorial_taskflow_api_virtualenv.py for tasks to queue
[2025-02-10T15:45:25.275+0000] {logging_mixin.py:190} INFO - [2025-02-10T15:45:25.275+0000] {dagbag.py:588} INFO - Filling up the DagBag from /usr/local/lib/python3.9/dist-packages/airflow/example_dags/tutorial_taskflow_api_virtualenv.py
[2025-02-10T15:45:25.278+0000] {logging_mixin.py:190} INFO - [2025-02-10T15:45:25.278+0000] {tutorial_taskflow_api_virtualenv.py:29} WARNING - The tutorial_taskflow_api_virtualenv example DAG requires virtualenv, please install it.
[2025-02-10T15:45:25.279+0000] {processor.py:927} WARNING - No viable dags retrieved from /usr/local/lib/python3.9/dist-packages/airflow/example_dags/tutorial_taskflow_api_virtualenv.py
[2025-02-10T15:45:25.303+0000] {processor.py:208} INFO - Processing /usr/local/lib/python3.9/dist-packages/airflow/example_dags/tutorial_taskflow_api_virtualenv.py took 0.038 seconds
[2025-02-10T15:46:43.399+0000] {processor.py:186} INFO - Started process (PID=1099) to work on /usr/local/lib/python3.9/dist-packages/airflow/example_dags/tutorial_taskflow_api_virtualenv.py
[2025-02-10T15:46:43.401+0000] {processor.py:914} INFO - Processing file /usr/local/lib/python3.9/dist-packages/airflow/example_dags/tutorial_taskflow_api_virtualenv.py for tasks to queue
[2025-02-10T15:46:43.404+0000] {logging_mixin.py:190} INFO - [2025-02-10T15:46:43.404+0000] {dagbag.py:588} INFO - Filling up the DagBag from /usr/local/lib/python3.9/dist-packages/airflow/example_dags/tutorial_taskflow_api_virtualenv.py
[2025-02-10T15:46:43.408+0000] {logging_mixin.py:190} INFO - [2025-02-10T15:46:43.407+0000] {tutorial_taskflow_api_virtualenv.py:29} WARNING - The tutorial_taskflow_api_virtualenv example DAG requires virtualenv, please install it.
[2025-02-10T15:46:43.409+0000] {processor.py:927} WARNING - No viable dags retrieved from /usr/local/lib/python3.9/dist-packages/airflow/example_dags/tutorial_taskflow_api_virtualenv.py
[2025-02-10T15:46:43.437+0000] {processor.py:208} INFO - Processing /usr/local/lib/python3.9/dist-packages/airflow/example_dags/tutorial_taskflow_api_virtualenv.py took 0.043 seconds
[2025-02-10T15:47:59.726+0000] {processor.py:186} INFO - Started process (PID=1164) to work on /usr/local/lib/python3.9/dist-packages/airflow/example_dags/tutorial_taskflow_api_virtualenv.py
[2025-02-10T15:47:59.727+0000] {processor.py:914} INFO - Processing file /usr/local/lib/python3.9/dist-packages/airflow/example_dags/tutorial_taskflow_api_virtualenv.py for tasks to queue
[2025-02-10T15:47:59.731+0000] {logging_mixin.py:190} INFO - [2025-02-10T15:47:59.730+0000] {dagbag.py:588} INFO - Filling up the DagBag from /usr/local/lib/python3.9/dist-packages/airflow/example_dags/tutorial_taskflow_api_virtualenv.py
[2025-02-10T15:47:59.734+0000] {logging_mixin.py:190} INFO - [2025-02-10T15:47:59.734+0000] {tutorial_taskflow_api_virtualenv.py:29} WARNING - The tutorial_taskflow_api_virtualenv example DAG requires virtualenv, please install it.
[2025-02-10T15:47:59.735+0000] {processor.py:927} WARNING - No viable dags retrieved from /usr/local/lib/python3.9/dist-packages/airflow/example_dags/tutorial_taskflow_api_virtualenv.py
[2025-02-10T15:47:59.763+0000] {processor.py:208} INFO - Processing /usr/local/lib/python3.9/dist-packages/airflow/example_dags/tutorial_taskflow_api_virtualenv.py took 0.043 seconds
[2025-02-10T15:49:14.366+0000] {processor.py:186} INFO - Started process (PID=1228) to work on /usr/local/lib/python3.9/dist-packages/airflow/example_dags/tutorial_taskflow_api_virtualenv.py
[2025-02-10T15:49:14.368+0000] {processor.py:914} INFO - Processing file /usr/local/lib/python3.9/dist-packages/airflow/example_dags/tutorial_taskflow_api_virtualenv.py for tasks to queue
[2025-02-10T15:49:14.371+0000] {logging_mixin.py:190} INFO - [2025-02-10T15:49:14.370+0000] {dagbag.py:588} INFO - Filling up the DagBag from /usr/local/lib/python3.9/dist-packages/airflow/example_dags/tutorial_taskflow_api_virtualenv.py
[2025-02-10T15:49:14.374+0000] {logging_mixin.py:190} INFO - [2025-02-10T15:49:14.374+0000] {tutorial_taskflow_api_virtualenv.py:29} WARNING - The tutorial_taskflow_api_virtualenv example DAG requires virtualenv, please install it.
[2025-02-10T15:49:14.375+0000] {processor.py:927} WARNING - No viable dags retrieved from /usr/local/lib/python3.9/dist-packages/airflow/example_dags/tutorial_taskflow_api_virtualenv.py
[2025-02-10T15:49:14.403+0000] {processor.py:208} INFO - Processing /usr/local/lib/python3.9/dist-packages/airflow/example_dags/tutorial_taskflow_api_virtualenv.py took 0.042 seconds
[2025-02-10T15:50:27.396+0000] {processor.py:186} INFO - Started process (PID=1290) to work on /usr/local/lib/python3.9/dist-packages/airflow/example_dags/tutorial_taskflow_api_virtualenv.py
[2025-02-10T15:50:27.398+0000] {processor.py:914} INFO - Processing file /usr/local/lib/python3.9/dist-packages/airflow/example_dags/tutorial_taskflow_api_virtualenv.py for tasks to queue
[2025-02-10T15:50:27.401+0000] {logging_mixin.py:190} INFO - [2025-02-10T15:50:27.400+0000] {dagbag.py:588} INFO - Filling up the DagBag from /usr/local/lib/python3.9/dist-packages/airflow/example_dags/tutorial_taskflow_api_virtualenv.py
[2025-02-10T15:50:27.404+0000] {logging_mixin.py:190} INFO - [2025-02-10T15:50:27.404+0000] {tutorial_taskflow_api_virtualenv.py:29} WARNING - The tutorial_taskflow_api_virtualenv example DAG requires virtualenv, please install it.
[2025-02-10T15:50:27.405+0000] {processor.py:927} WARNING - No viable dags retrieved from /usr/local/lib/python3.9/dist-packages/airflow/example_dags/tutorial_taskflow_api_virtualenv.py
[2025-02-10T15:50:27.430+0000] {processor.py:208} INFO - Processing /usr/local/lib/python3.9/dist-packages/airflow/example_dags/tutorial_taskflow_api_virtualenv.py took 0.039 seconds
[2025-02-10T15:51:44.908+0000] {processor.py:186} INFO - Started process (PID=1354) to work on /usr/local/lib/python3.9/dist-packages/airflow/example_dags/tutorial_taskflow_api_virtualenv.py
[2025-02-10T15:51:44.910+0000] {processor.py:914} INFO - Processing file /usr/local/lib/python3.9/dist-packages/airflow/example_dags/tutorial_taskflow_api_virtualenv.py for tasks to queue
[2025-02-10T15:51:44.914+0000] {logging_mixin.py:190} INFO - [2025-02-10T15:51:44.913+0000] {dagbag.py:588} INFO - Filling up the DagBag from /usr/local/lib/python3.9/dist-packages/airflow/example_dags/tutorial_taskflow_api_virtualenv.py
[2025-02-10T15:51:44.918+0000] {logging_mixin.py:190} INFO - [2025-02-10T15:51:44.917+0000] {tutorial_taskflow_api_virtualenv.py:29} WARNING - The tutorial_taskflow_api_virtualenv example DAG requires virtualenv, please install it.
[2025-02-10T15:51:44.918+0000] {processor.py:927} WARNING - No viable dags retrieved from /usr/local/lib/python3.9/dist-packages/airflow/example_dags/tutorial_taskflow_api_virtualenv.py
[2025-02-10T15:51:44.945+0000] {processor.py:208} INFO - Processing /usr/local/lib/python3.9/dist-packages/airflow/example_dags/tutorial_taskflow_api_virtualenv.py took 0.043 seconds
[2025-02-10T15:53:00.465+0000] {processor.py:186} INFO - Started process (PID=1417) to work on /usr/local/lib/python3.9/dist-packages/airflow/example_dags/tutorial_taskflow_api_virtualenv.py
[2025-02-10T15:53:00.467+0000] {processor.py:914} INFO - Processing file /usr/local/lib/python3.9/dist-packages/airflow/example_dags/tutorial_taskflow_api_virtualenv.py for tasks to queue
[2025-02-10T15:53:00.470+0000] {logging_mixin.py:190} INFO - [2025-02-10T15:53:00.469+0000] {dagbag.py:588} INFO - Filling up the DagBag from /usr/local/lib/python3.9/dist-packages/airflow/example_dags/tutorial_taskflow_api_virtualenv.py
[2025-02-10T15:53:00.473+0000] {logging_mixin.py:190} INFO - [2025-02-10T15:53:00.473+0000] {tutorial_taskflow_api_virtualenv.py:29} WARNING - The tutorial_taskflow_api_virtualenv example DAG requires virtualenv, please install it.
[2025-02-10T15:53:00.474+0000] {processor.py:927} WARNING - No viable dags retrieved from /usr/local/lib/python3.9/dist-packages/airflow/example_dags/tutorial_taskflow_api_virtualenv.py
[2025-02-10T15:53:00.501+0000] {processor.py:208} INFO - Processing /usr/local/lib/python3.9/dist-packages/airflow/example_dags/tutorial_taskflow_api_virtualenv.py took 0.043 seconds
[2025-02-10T15:54:18.153+0000] {processor.py:186} INFO - Started process (PID=1482) to work on /usr/local/lib/python3.9/dist-packages/airflow/example_dags/tutorial_taskflow_api_virtualenv.py
[2025-02-10T15:54:18.155+0000] {processor.py:914} INFO - Processing file /usr/local/lib/python3.9/dist-packages/airflow/example_dags/tutorial_taskflow_api_virtualenv.py for tasks to queue
[2025-02-10T15:54:18.159+0000] {logging_mixin.py:190} INFO - [2025-02-10T15:54:18.159+0000] {dagbag.py:588} INFO - Filling up the DagBag from /usr/local/lib/python3.9/dist-packages/airflow/example_dags/tutorial_taskflow_api_virtualenv.py
[2025-02-10T15:54:18.162+0000] {logging_mixin.py:190} INFO - [2025-02-10T15:54:18.162+0000] {tutorial_taskflow_api_virtualenv.py:29} WARNING - The tutorial_taskflow_api_virtualenv example DAG requires virtualenv, please install it.
[2025-02-10T15:54:18.163+0000] {processor.py:927} WARNING - No viable dags retrieved from /usr/local/lib/python3.9/dist-packages/airflow/example_dags/tutorial_taskflow_api_virtualenv.py
[2025-02-10T15:54:18.191+0000] {processor.py:208} INFO - Processing /usr/local/lib/python3.9/dist-packages/airflow/example_dags/tutorial_taskflow_api_virtualenv.py took 0.043 seconds
[2025-02-10T15:55:37.549+0000] {processor.py:186} INFO - Started process (PID=1547) to work on /usr/local/lib/python3.9/dist-packages/airflow/example_dags/tutorial_taskflow_api_virtualenv.py
[2025-02-10T15:55:37.550+0000] {processor.py:914} INFO - Processing file /usr/local/lib/python3.9/dist-packages/airflow/example_dags/tutorial_taskflow_api_virtualenv.py for tasks to queue
[2025-02-10T15:55:37.553+0000] {logging_mixin.py:190} INFO - [2025-02-10T15:55:37.552+0000] {dagbag.py:588} INFO - Filling up the DagBag from /usr/local/lib/python3.9/dist-packages/airflow/example_dags/tutorial_taskflow_api_virtualenv.py
[2025-02-10T15:55:37.556+0000] {logging_mixin.py:190} INFO - [2025-02-10T15:55:37.556+0000] {tutorial_taskflow_api_virtualenv.py:29} WARNING - The tutorial_taskflow_api_virtualenv example DAG requires virtualenv, please install it.
[2025-02-10T15:55:37.557+0000] {processor.py:927} WARNING - No viable dags retrieved from /usr/local/lib/python3.9/dist-packages/airflow/example_dags/tutorial_taskflow_api_virtualenv.py
[2025-02-10T15:55:37.588+0000] {processor.py:208} INFO - Processing /usr/local/lib/python3.9/dist-packages/airflow/example_dags/tutorial_taskflow_api_virtualenv.py took 0.044 seconds
[2025-02-10T15:56:58.864+0000] {processor.py:186} INFO - Started process (PID=1613) to work on /usr/local/lib/python3.9/dist-packages/airflow/example_dags/tutorial_taskflow_api_virtualenv.py
[2025-02-10T15:56:58.866+0000] {processor.py:914} INFO - Processing file /usr/local/lib/python3.9/dist-packages/airflow/example_dags/tutorial_taskflow_api_virtualenv.py for tasks to queue
[2025-02-10T15:56:58.870+0000] {logging_mixin.py:190} INFO - [2025-02-10T15:56:58.869+0000] {dagbag.py:588} INFO - Filling up the DagBag from /usr/local/lib/python3.9/dist-packages/airflow/example_dags/tutorial_taskflow_api_virtualenv.py
[2025-02-10T15:56:58.873+0000] {logging_mixin.py:190} INFO - [2025-02-10T15:56:58.873+0000] {tutorial_taskflow_api_virtualenv.py:29} WARNING - The tutorial_taskflow_api_virtualenv example DAG requires virtualenv, please install it.
[2025-02-10T15:56:58.874+0000] {processor.py:927} WARNING - No viable dags retrieved from /usr/local/lib/python3.9/dist-packages/airflow/example_dags/tutorial_taskflow_api_virtualenv.py
[2025-02-10T15:56:58.900+0000] {processor.py:208} INFO - Processing /usr/local/lib/python3.9/dist-packages/airflow/example_dags/tutorial_taskflow_api_virtualenv.py took 0.043 seconds
[2025-02-10T15:58:14.882+0000] {processor.py:186} INFO - Started process (PID=1677) to work on /usr/local/lib/python3.9/dist-packages/airflow/example_dags/tutorial_taskflow_api_virtualenv.py
[2025-02-10T15:58:14.883+0000] {processor.py:914} INFO - Processing file /usr/local/lib/python3.9/dist-packages/airflow/example_dags/tutorial_taskflow_api_virtualenv.py for tasks to queue
[2025-02-10T15:58:14.886+0000] {logging_mixin.py:190} INFO - [2025-02-10T15:58:14.886+0000] {dagbag.py:588} INFO - Filling up the DagBag from /usr/local/lib/python3.9/dist-packages/airflow/example_dags/tutorial_taskflow_api_virtualenv.py
[2025-02-10T15:58:14.890+0000] {logging_mixin.py:190} INFO - [2025-02-10T15:58:14.889+0000] {tutorial_taskflow_api_virtualenv.py:29} WARNING - The tutorial_taskflow_api_virtualenv example DAG requires virtualenv, please install it.
[2025-02-10T15:58:14.891+0000] {processor.py:927} WARNING - No viable dags retrieved from /usr/local/lib/python3.9/dist-packages/airflow/example_dags/tutorial_taskflow_api_virtualenv.py
[2025-02-10T15:58:14.916+0000] {processor.py:208} INFO - Processing /usr/local/lib/python3.9/dist-packages/airflow/example_dags/tutorial_taskflow_api_virtualenv.py took 0.040 seconds
[2025-02-10T15:59:34.894+0000] {processor.py:186} INFO - Started process (PID=1743) to work on /usr/local/lib/python3.9/dist-packages/airflow/example_dags/tutorial_taskflow_api_virtualenv.py
[2025-02-10T15:59:34.895+0000] {processor.py:914} INFO - Processing file /usr/local/lib/python3.9/dist-packages/airflow/example_dags/tutorial_taskflow_api_virtualenv.py for tasks to queue
[2025-02-10T15:59:34.899+0000] {logging_mixin.py:190} INFO - [2025-02-10T15:59:34.899+0000] {dagbag.py:588} INFO - Filling up the DagBag from /usr/local/lib/python3.9/dist-packages/airflow/example_dags/tutorial_taskflow_api_virtualenv.py
[2025-02-10T15:59:34.903+0000] {logging_mixin.py:190} INFO - [2025-02-10T15:59:34.902+0000] {tutorial_taskflow_api_virtualenv.py:29} WARNING - The tutorial_taskflow_api_virtualenv example DAG requires virtualenv, please install it.
[2025-02-10T15:59:34.904+0000] {processor.py:927} WARNING - No viable dags retrieved from /usr/local/lib/python3.9/dist-packages/airflow/example_dags/tutorial_taskflow_api_virtualenv.py
[2025-02-10T15:59:34.928+0000] {processor.py:208} INFO - Processing /usr/local/lib/python3.9/dist-packages/airflow/example_dags/tutorial_taskflow_api_virtualenv.py took 0.040 seconds
[2025-02-10T16:00:54.270+0000] {processor.py:186} INFO - Started process (PID=1808) to work on /usr/local/lib/python3.9/dist-packages/airflow/example_dags/tutorial_taskflow_api_virtualenv.py
[2025-02-10T16:00:54.272+0000] {processor.py:914} INFO - Processing file /usr/local/lib/python3.9/dist-packages/airflow/example_dags/tutorial_taskflow_api_virtualenv.py for tasks to queue
[2025-02-10T16:00:54.275+0000] {logging_mixin.py:190} INFO - [2025-02-10T16:00:54.274+0000] {dagbag.py:588} INFO - Filling up the DagBag from /usr/local/lib/python3.9/dist-packages/airflow/example_dags/tutorial_taskflow_api_virtualenv.py
[2025-02-10T16:00:54.278+0000] {logging_mixin.py:190} INFO - [2025-02-10T16:00:54.278+0000] {tutorial_taskflow_api_virtualenv.py:29} WARNING - The tutorial_taskflow_api_virtualenv example DAG requires virtualenv, please install it.
[2025-02-10T16:00:54.279+0000] {processor.py:927} WARNING - No viable dags retrieved from /usr/local/lib/python3.9/dist-packages/airflow/example_dags/tutorial_taskflow_api_virtualenv.py
[2025-02-10T16:00:54.310+0000] {processor.py:208} INFO - Processing /usr/local/lib/python3.9/dist-packages/airflow/example_dags/tutorial_taskflow_api_virtualenv.py took 0.047 seconds
[2025-02-10T16:03:52.219+0000] {processor.py:186} INFO - Started process (PID=59) to work on /usr/local/lib/python3.9/dist-packages/airflow/example_dags/tutorial_taskflow_api_virtualenv.py
[2025-02-10T16:03:52.220+0000] {processor.py:914} INFO - Processing file /usr/local/lib/python3.9/dist-packages/airflow/example_dags/tutorial_taskflow_api_virtualenv.py for tasks to queue
[2025-02-10T16:03:52.222+0000] {logging_mixin.py:190} INFO - [2025-02-10T16:03:52.222+0000] {dagbag.py:588} INFO - Filling up the DagBag from /usr/local/lib/python3.9/dist-packages/airflow/example_dags/tutorial_taskflow_api_virtualenv.py
[2025-02-10T16:03:52.226+0000] {logging_mixin.py:190} INFO - [2025-02-10T16:03:52.226+0000] {tutorial_taskflow_api_virtualenv.py:29} WARNING - The tutorial_taskflow_api_virtualenv example DAG requires virtualenv, please install it.
[2025-02-10T16:03:52.227+0000] {processor.py:927} WARNING - No viable dags retrieved from /usr/local/lib/python3.9/dist-packages/airflow/example_dags/tutorial_taskflow_api_virtualenv.py
[2025-02-10T16:03:52.255+0000] {processor.py:208} INFO - Processing /usr/local/lib/python3.9/dist-packages/airflow/example_dags/tutorial_taskflow_api_virtualenv.py took 0.041 seconds
[2025-02-10T16:04:59.616+0000] {processor.py:186} INFO - Started process (PID=116) to work on /usr/local/lib/python3.9/dist-packages/airflow/example_dags/tutorial_taskflow_api_virtualenv.py
[2025-02-10T16:04:59.617+0000] {processor.py:914} INFO - Processing file /usr/local/lib/python3.9/dist-packages/airflow/example_dags/tutorial_taskflow_api_virtualenv.py for tasks to queue
[2025-02-10T16:04:59.621+0000] {logging_mixin.py:190} INFO - [2025-02-10T16:04:59.621+0000] {dagbag.py:588} INFO - Filling up the DagBag from /usr/local/lib/python3.9/dist-packages/airflow/example_dags/tutorial_taskflow_api_virtualenv.py
[2025-02-10T16:04:59.624+0000] {logging_mixin.py:190} INFO - [2025-02-10T16:04:59.624+0000] {tutorial_taskflow_api_virtualenv.py:29} WARNING - The tutorial_taskflow_api_virtualenv example DAG requires virtualenv, please install it.
[2025-02-10T16:04:59.625+0000] {processor.py:927} WARNING - No viable dags retrieved from /usr/local/lib/python3.9/dist-packages/airflow/example_dags/tutorial_taskflow_api_virtualenv.py
[2025-02-10T16:04:59.652+0000] {processor.py:208} INFO - Processing /usr/local/lib/python3.9/dist-packages/airflow/example_dags/tutorial_taskflow_api_virtualenv.py took 0.042 seconds
[2025-02-10T16:06:13.651+0000] {processor.py:186} INFO - Started process (PID=180) to work on /usr/local/lib/python3.9/dist-packages/airflow/example_dags/tutorial_taskflow_api_virtualenv.py
[2025-02-10T16:06:13.652+0000] {processor.py:914} INFO - Processing file /usr/local/lib/python3.9/dist-packages/airflow/example_dags/tutorial_taskflow_api_virtualenv.py for tasks to queue
[2025-02-10T16:06:13.655+0000] {logging_mixin.py:190} INFO - [2025-02-10T16:06:13.655+0000] {dagbag.py:588} INFO - Filling up the DagBag from /usr/local/lib/python3.9/dist-packages/airflow/example_dags/tutorial_taskflow_api_virtualenv.py
[2025-02-10T16:06:13.659+0000] {logging_mixin.py:190} INFO - [2025-02-10T16:06:13.658+0000] {tutorial_taskflow_api_virtualenv.py:29} WARNING - The tutorial_taskflow_api_virtualenv example DAG requires virtualenv, please install it.
[2025-02-10T16:06:13.659+0000] {processor.py:927} WARNING - No viable dags retrieved from /usr/local/lib/python3.9/dist-packages/airflow/example_dags/tutorial_taskflow_api_virtualenv.py
[2025-02-10T16:06:13.693+0000] {processor.py:208} INFO - Processing /usr/local/lib/python3.9/dist-packages/airflow/example_dags/tutorial_taskflow_api_virtualenv.py took 0.048 seconds
[2025-02-10T16:07:31.414+0000] {processor.py:186} INFO - Started process (PID=244) to work on /usr/local/lib/python3.9/dist-packages/airflow/example_dags/tutorial_taskflow_api_virtualenv.py
[2025-02-10T16:07:31.416+0000] {processor.py:914} INFO - Processing file /usr/local/lib/python3.9/dist-packages/airflow/example_dags/tutorial_taskflow_api_virtualenv.py for tasks to queue
[2025-02-10T16:07:31.419+0000] {logging_mixin.py:190} INFO - [2025-02-10T16:07:31.418+0000] {dagbag.py:588} INFO - Filling up the DagBag from /usr/local/lib/python3.9/dist-packages/airflow/example_dags/tutorial_taskflow_api_virtualenv.py
[2025-02-10T16:07:31.422+0000] {logging_mixin.py:190} INFO - [2025-02-10T16:07:31.422+0000] {tutorial_taskflow_api_virtualenv.py:29} WARNING - The tutorial_taskflow_api_virtualenv example DAG requires virtualenv, please install it.
[2025-02-10T16:07:31.423+0000] {processor.py:927} WARNING - No viable dags retrieved from /usr/local/lib/python3.9/dist-packages/airflow/example_dags/tutorial_taskflow_api_virtualenv.py
[2025-02-10T16:07:31.450+0000] {processor.py:208} INFO - Processing /usr/local/lib/python3.9/dist-packages/airflow/example_dags/tutorial_taskflow_api_virtualenv.py took 0.041 seconds
[2025-02-10T16:08:48.955+0000] {processor.py:186} INFO - Started process (PID=308) to work on /usr/local/lib/python3.9/dist-packages/airflow/example_dags/tutorial_taskflow_api_virtualenv.py
[2025-02-10T16:08:48.957+0000] {processor.py:914} INFO - Processing file /usr/local/lib/python3.9/dist-packages/airflow/example_dags/tutorial_taskflow_api_virtualenv.py for tasks to queue
[2025-02-10T16:08:48.960+0000] {logging_mixin.py:190} INFO - [2025-02-10T16:08:48.959+0000] {dagbag.py:588} INFO - Filling up the DagBag from /usr/local/lib/python3.9/dist-packages/airflow/example_dags/tutorial_taskflow_api_virtualenv.py
[2025-02-10T16:08:48.964+0000] {logging_mixin.py:190} INFO - [2025-02-10T16:08:48.963+0000] {tutorial_taskflow_api_virtualenv.py:29} WARNING - The tutorial_taskflow_api_virtualenv example DAG requires virtualenv, please install it.
[2025-02-10T16:08:48.964+0000] {processor.py:927} WARNING - No viable dags retrieved from /usr/local/lib/python3.9/dist-packages/airflow/example_dags/tutorial_taskflow_api_virtualenv.py
[2025-02-10T16:08:48.994+0000] {processor.py:208} INFO - Processing /usr/local/lib/python3.9/dist-packages/airflow/example_dags/tutorial_taskflow_api_virtualenv.py took 0.047 seconds
[2025-02-10T16:10:08.489+0000] {processor.py:186} INFO - Started process (PID=373) to work on /usr/local/lib/python3.9/dist-packages/airflow/example_dags/tutorial_taskflow_api_virtualenv.py
[2025-02-10T16:10:08.491+0000] {processor.py:914} INFO - Processing file /usr/local/lib/python3.9/dist-packages/airflow/example_dags/tutorial_taskflow_api_virtualenv.py for tasks to queue
[2025-02-10T16:10:08.494+0000] {logging_mixin.py:190} INFO - [2025-02-10T16:10:08.494+0000] {dagbag.py:588} INFO - Filling up the DagBag from /usr/local/lib/python3.9/dist-packages/airflow/example_dags/tutorial_taskflow_api_virtualenv.py
[2025-02-10T16:10:08.497+0000] {logging_mixin.py:190} INFO - [2025-02-10T16:10:08.497+0000] {tutorial_taskflow_api_virtualenv.py:29} WARNING - The tutorial_taskflow_api_virtualenv example DAG requires virtualenv, please install it.
[2025-02-10T16:10:08.498+0000] {processor.py:927} WARNING - No viable dags retrieved from /usr/local/lib/python3.9/dist-packages/airflow/example_dags/tutorial_taskflow_api_virtualenv.py
[2025-02-10T16:10:08.527+0000] {processor.py:208} INFO - Processing /usr/local/lib/python3.9/dist-packages/airflow/example_dags/tutorial_taskflow_api_virtualenv.py took 0.043 seconds
[2025-02-10T16:11:24.730+0000] {processor.py:186} INFO - Started process (PID=437) to work on /usr/local/lib/python3.9/dist-packages/airflow/example_dags/tutorial_taskflow_api_virtualenv.py
[2025-02-10T16:11:24.732+0000] {processor.py:914} INFO - Processing file /usr/local/lib/python3.9/dist-packages/airflow/example_dags/tutorial_taskflow_api_virtualenv.py for tasks to queue
[2025-02-10T16:11:24.736+0000] {logging_mixin.py:190} INFO - [2025-02-10T16:11:24.735+0000] {dagbag.py:588} INFO - Filling up the DagBag from /usr/local/lib/python3.9/dist-packages/airflow/example_dags/tutorial_taskflow_api_virtualenv.py
[2025-02-10T16:11:24.739+0000] {logging_mixin.py:190} INFO - [2025-02-10T16:11:24.739+0000] {tutorial_taskflow_api_virtualenv.py:29} WARNING - The tutorial_taskflow_api_virtualenv example DAG requires virtualenv, please install it.
[2025-02-10T16:11:24.740+0000] {processor.py:927} WARNING - No viable dags retrieved from /usr/local/lib/python3.9/dist-packages/airflow/example_dags/tutorial_taskflow_api_virtualenv.py
[2025-02-10T16:11:24.768+0000] {processor.py:208} INFO - Processing /usr/local/lib/python3.9/dist-packages/airflow/example_dags/tutorial_taskflow_api_virtualenv.py took 0.043 seconds
[2025-02-10T16:12:38.517+0000] {processor.py:186} INFO - Started process (PID=500) to work on /usr/local/lib/python3.9/dist-packages/airflow/example_dags/tutorial_taskflow_api_virtualenv.py
[2025-02-10T16:12:38.519+0000] {processor.py:914} INFO - Processing file /usr/local/lib/python3.9/dist-packages/airflow/example_dags/tutorial_taskflow_api_virtualenv.py for tasks to queue
[2025-02-10T16:12:38.522+0000] {logging_mixin.py:190} INFO - [2025-02-10T16:12:38.522+0000] {dagbag.py:588} INFO - Filling up the DagBag from /usr/local/lib/python3.9/dist-packages/airflow/example_dags/tutorial_taskflow_api_virtualenv.py
[2025-02-10T16:12:38.525+0000] {logging_mixin.py:190} INFO - [2025-02-10T16:12:38.525+0000] {tutorial_taskflow_api_virtualenv.py:29} WARNING - The tutorial_taskflow_api_virtualenv example DAG requires virtualenv, please install it.
[2025-02-10T16:12:38.526+0000] {processor.py:927} WARNING - No viable dags retrieved from /usr/local/lib/python3.9/dist-packages/airflow/example_dags/tutorial_taskflow_api_virtualenv.py
[2025-02-10T16:12:38.553+0000] {processor.py:208} INFO - Processing /usr/local/lib/python3.9/dist-packages/airflow/example_dags/tutorial_taskflow_api_virtualenv.py took 0.041 seconds
[2025-02-10T16:13:50.570+0000] {processor.py:186} INFO - Started process (PID=562) to work on /usr/local/lib/python3.9/dist-packages/airflow/example_dags/tutorial_taskflow_api_virtualenv.py
[2025-02-10T16:13:50.571+0000] {processor.py:914} INFO - Processing file /usr/local/lib/python3.9/dist-packages/airflow/example_dags/tutorial_taskflow_api_virtualenv.py for tasks to queue
[2025-02-10T16:13:50.574+0000] {logging_mixin.py:190} INFO - [2025-02-10T16:13:50.574+0000] {dagbag.py:588} INFO - Filling up the DagBag from /usr/local/lib/python3.9/dist-packages/airflow/example_dags/tutorial_taskflow_api_virtualenv.py
[2025-02-10T16:13:50.578+0000] {logging_mixin.py:190} INFO - [2025-02-10T16:13:50.578+0000] {tutorial_taskflow_api_virtualenv.py:29} WARNING - The tutorial_taskflow_api_virtualenv example DAG requires virtualenv, please install it.
[2025-02-10T16:13:50.579+0000] {processor.py:927} WARNING - No viable dags retrieved from /usr/local/lib/python3.9/dist-packages/airflow/example_dags/tutorial_taskflow_api_virtualenv.py
[2025-02-10T16:13:50.606+0000] {processor.py:208} INFO - Processing /usr/local/lib/python3.9/dist-packages/airflow/example_dags/tutorial_taskflow_api_virtualenv.py took 0.042 seconds
[2025-02-10T16:15:06.005+0000] {processor.py:186} INFO - Started process (PID=625) to work on /usr/local/lib/python3.9/dist-packages/airflow/example_dags/tutorial_taskflow_api_virtualenv.py
[2025-02-10T16:15:06.007+0000] {processor.py:914} INFO - Processing file /usr/local/lib/python3.9/dist-packages/airflow/example_dags/tutorial_taskflow_api_virtualenv.py for tasks to queue
[2025-02-10T16:15:06.010+0000] {logging_mixin.py:190} INFO - [2025-02-10T16:15:06.010+0000] {dagbag.py:588} INFO - Filling up the DagBag from /usr/local/lib/python3.9/dist-packages/airflow/example_dags/tutorial_taskflow_api_virtualenv.py
[2025-02-10T16:15:06.015+0000] {logging_mixin.py:190} INFO - [2025-02-10T16:15:06.014+0000] {tutorial_taskflow_api_virtualenv.py:29} WARNING - The tutorial_taskflow_api_virtualenv example DAG requires virtualenv, please install it.
[2025-02-10T16:15:06.015+0000] {processor.py:927} WARNING - No viable dags retrieved from /usr/local/lib/python3.9/dist-packages/airflow/example_dags/tutorial_taskflow_api_virtualenv.py
[2025-02-10T16:15:06.046+0000] {processor.py:208} INFO - Processing /usr/local/lib/python3.9/dist-packages/airflow/example_dags/tutorial_taskflow_api_virtualenv.py took 0.048 seconds
[2025-02-10T16:16:26.356+0000] {processor.py:186} INFO - Started process (PID=691) to work on /usr/local/lib/python3.9/dist-packages/airflow/example_dags/tutorial_taskflow_api_virtualenv.py
[2025-02-10T16:16:26.357+0000] {processor.py:914} INFO - Processing file /usr/local/lib/python3.9/dist-packages/airflow/example_dags/tutorial_taskflow_api_virtualenv.py for tasks to queue
[2025-02-10T16:16:26.360+0000] {logging_mixin.py:190} INFO - [2025-02-10T16:16:26.360+0000] {dagbag.py:588} INFO - Filling up the DagBag from /usr/local/lib/python3.9/dist-packages/airflow/example_dags/tutorial_taskflow_api_virtualenv.py
[2025-02-10T16:16:26.364+0000] {logging_mixin.py:190} INFO - [2025-02-10T16:16:26.364+0000] {tutorial_taskflow_api_virtualenv.py:29} WARNING - The tutorial_taskflow_api_virtualenv example DAG requires virtualenv, please install it.
[2025-02-10T16:16:26.365+0000] {processor.py:927} WARNING - No viable dags retrieved from /usr/local/lib/python3.9/dist-packages/airflow/example_dags/tutorial_taskflow_api_virtualenv.py
[2025-02-10T16:16:26.391+0000] {processor.py:208} INFO - Processing /usr/local/lib/python3.9/dist-packages/airflow/example_dags/tutorial_taskflow_api_virtualenv.py took 0.041 seconds
[2025-02-10T16:17:42.569+0000] {processor.py:186} INFO - Started process (PID=756) to work on /usr/local/lib/python3.9/dist-packages/airflow/example_dags/tutorial_taskflow_api_virtualenv.py
[2025-02-10T16:17:42.571+0000] {processor.py:914} INFO - Processing file /usr/local/lib/python3.9/dist-packages/airflow/example_dags/tutorial_taskflow_api_virtualenv.py for tasks to queue
[2025-02-10T16:17:42.574+0000] {logging_mixin.py:190} INFO - [2025-02-10T16:17:42.574+0000] {dagbag.py:588} INFO - Filling up the DagBag from /usr/local/lib/python3.9/dist-packages/airflow/example_dags/tutorial_taskflow_api_virtualenv.py
[2025-02-10T16:17:42.578+0000] {logging_mixin.py:190} INFO - [2025-02-10T16:17:42.578+0000] {tutorial_taskflow_api_virtualenv.py:29} WARNING - The tutorial_taskflow_api_virtualenv example DAG requires virtualenv, please install it.
[2025-02-10T16:17:42.579+0000] {processor.py:927} WARNING - No viable dags retrieved from /usr/local/lib/python3.9/dist-packages/airflow/example_dags/tutorial_taskflow_api_virtualenv.py
[2025-02-10T16:17:42.608+0000] {processor.py:208} INFO - Processing /usr/local/lib/python3.9/dist-packages/airflow/example_dags/tutorial_taskflow_api_virtualenv.py took 0.046 seconds
[2025-02-10T16:18:58.900+0000] {processor.py:186} INFO - Started process (PID=819) to work on /usr/local/lib/python3.9/dist-packages/airflow/example_dags/tutorial_taskflow_api_virtualenv.py
[2025-02-10T16:18:58.901+0000] {processor.py:914} INFO - Processing file /usr/local/lib/python3.9/dist-packages/airflow/example_dags/tutorial_taskflow_api_virtualenv.py for tasks to queue
[2025-02-10T16:18:58.904+0000] {logging_mixin.py:190} INFO - [2025-02-10T16:18:58.904+0000] {dagbag.py:588} INFO - Filling up the DagBag from /usr/local/lib/python3.9/dist-packages/airflow/example_dags/tutorial_taskflow_api_virtualenv.py
[2025-02-10T16:18:58.908+0000] {logging_mixin.py:190} INFO - [2025-02-10T16:18:58.908+0000] {tutorial_taskflow_api_virtualenv.py:29} WARNING - The tutorial_taskflow_api_virtualenv example DAG requires virtualenv, please install it.
[2025-02-10T16:18:58.909+0000] {processor.py:927} WARNING - No viable dags retrieved from /usr/local/lib/python3.9/dist-packages/airflow/example_dags/tutorial_taskflow_api_virtualenv.py
[2025-02-10T16:18:58.938+0000] {processor.py:208} INFO - Processing /usr/local/lib/python3.9/dist-packages/airflow/example_dags/tutorial_taskflow_api_virtualenv.py took 0.043 seconds
[2025-02-10T16:20:17.496+0000] {processor.py:186} INFO - Started process (PID=885) to work on /usr/local/lib/python3.9/dist-packages/airflow/example_dags/tutorial_taskflow_api_virtualenv.py
[2025-02-10T16:20:17.498+0000] {processor.py:914} INFO - Processing file /usr/local/lib/python3.9/dist-packages/airflow/example_dags/tutorial_taskflow_api_virtualenv.py for tasks to queue
[2025-02-10T16:20:17.501+0000] {logging_mixin.py:190} INFO - [2025-02-10T16:20:17.500+0000] {dagbag.py:588} INFO - Filling up the DagBag from /usr/local/lib/python3.9/dist-packages/airflow/example_dags/tutorial_taskflow_api_virtualenv.py
[2025-02-10T16:20:17.505+0000] {logging_mixin.py:190} INFO - [2025-02-10T16:20:17.504+0000] {tutorial_taskflow_api_virtualenv.py:29} WARNING - The tutorial_taskflow_api_virtualenv example DAG requires virtualenv, please install it.
[2025-02-10T16:20:17.505+0000] {processor.py:927} WARNING - No viable dags retrieved from /usr/local/lib/python3.9/dist-packages/airflow/example_dags/tutorial_taskflow_api_virtualenv.py
[2025-02-10T16:20:17.532+0000] {processor.py:208} INFO - Processing /usr/local/lib/python3.9/dist-packages/airflow/example_dags/tutorial_taskflow_api_virtualenv.py took 0.041 seconds
[2025-02-10T16:21:38.700+0000] {processor.py:186} INFO - Started process (PID=954) to work on /usr/local/lib/python3.9/dist-packages/airflow/example_dags/tutorial_taskflow_api_virtualenv.py
[2025-02-10T16:21:38.702+0000] {processor.py:914} INFO - Processing file /usr/local/lib/python3.9/dist-packages/airflow/example_dags/tutorial_taskflow_api_virtualenv.py for tasks to queue
[2025-02-10T16:21:38.705+0000] {logging_mixin.py:190} INFO - [2025-02-10T16:21:38.704+0000] {dagbag.py:588} INFO - Filling up the DagBag from /usr/local/lib/python3.9/dist-packages/airflow/example_dags/tutorial_taskflow_api_virtualenv.py
[2025-02-10T16:21:38.709+0000] {logging_mixin.py:190} INFO - [2025-02-10T16:21:38.709+0000] {tutorial_taskflow_api_virtualenv.py:29} WARNING - The tutorial_taskflow_api_virtualenv example DAG requires virtualenv, please install it.
[2025-02-10T16:21:38.710+0000] {processor.py:927} WARNING - No viable dags retrieved from /usr/local/lib/python3.9/dist-packages/airflow/example_dags/tutorial_taskflow_api_virtualenv.py
[2025-02-10T16:21:38.738+0000] {processor.py:208} INFO - Processing /usr/local/lib/python3.9/dist-packages/airflow/example_dags/tutorial_taskflow_api_virtualenv.py took 0.044 seconds
[2025-02-10T16:22:54.625+0000] {processor.py:186} INFO - Started process (PID=1018) to work on /usr/local/lib/python3.9/dist-packages/airflow/example_dags/tutorial_taskflow_api_virtualenv.py
[2025-02-10T16:22:54.627+0000] {processor.py:914} INFO - Processing file /usr/local/lib/python3.9/dist-packages/airflow/example_dags/tutorial_taskflow_api_virtualenv.py for tasks to queue
[2025-02-10T16:22:54.629+0000] {logging_mixin.py:190} INFO - [2025-02-10T16:22:54.629+0000] {dagbag.py:588} INFO - Filling up the DagBag from /usr/local/lib/python3.9/dist-packages/airflow/example_dags/tutorial_taskflow_api_virtualenv.py
[2025-02-10T16:22:54.632+0000] {logging_mixin.py:190} INFO - [2025-02-10T16:22:54.632+0000] {tutorial_taskflow_api_virtualenv.py:29} WARNING - The tutorial_taskflow_api_virtualenv example DAG requires virtualenv, please install it.
[2025-02-10T16:22:54.633+0000] {processor.py:927} WARNING - No viable dags retrieved from /usr/local/lib/python3.9/dist-packages/airflow/example_dags/tutorial_taskflow_api_virtualenv.py
[2025-02-10T16:22:54.662+0000] {processor.py:208} INFO - Processing /usr/local/lib/python3.9/dist-packages/airflow/example_dags/tutorial_taskflow_api_virtualenv.py took 0.043 seconds
[2025-02-10T16:24:14.564+0000] {processor.py:186} INFO - Started process (PID=1083) to work on /usr/local/lib/python3.9/dist-packages/airflow/example_dags/tutorial_taskflow_api_virtualenv.py
[2025-02-10T16:24:14.566+0000] {processor.py:914} INFO - Processing file /usr/local/lib/python3.9/dist-packages/airflow/example_dags/tutorial_taskflow_api_virtualenv.py for tasks to queue
[2025-02-10T16:24:14.568+0000] {logging_mixin.py:190} INFO - [2025-02-10T16:24:14.568+0000] {dagbag.py:588} INFO - Filling up the DagBag from /usr/local/lib/python3.9/dist-packages/airflow/example_dags/tutorial_taskflow_api_virtualenv.py
[2025-02-10T16:24:14.573+0000] {logging_mixin.py:190} INFO - [2025-02-10T16:24:14.572+0000] {tutorial_taskflow_api_virtualenv.py:29} WARNING - The tutorial_taskflow_api_virtualenv example DAG requires virtualenv, please install it.
[2025-02-10T16:24:14.573+0000] {processor.py:927} WARNING - No viable dags retrieved from /usr/local/lib/python3.9/dist-packages/airflow/example_dags/tutorial_taskflow_api_virtualenv.py
[2025-02-10T16:24:14.603+0000] {processor.py:208} INFO - Processing /usr/local/lib/python3.9/dist-packages/airflow/example_dags/tutorial_taskflow_api_virtualenv.py took 0.044 seconds
[2025-02-10T16:25:34.912+0000] {processor.py:186} INFO - Started process (PID=1149) to work on /usr/local/lib/python3.9/dist-packages/airflow/example_dags/tutorial_taskflow_api_virtualenv.py
[2025-02-10T16:25:34.913+0000] {processor.py:914} INFO - Processing file /usr/local/lib/python3.9/dist-packages/airflow/example_dags/tutorial_taskflow_api_virtualenv.py for tasks to queue
[2025-02-10T16:25:34.917+0000] {logging_mixin.py:190} INFO - [2025-02-10T16:25:34.916+0000] {dagbag.py:588} INFO - Filling up the DagBag from /usr/local/lib/python3.9/dist-packages/airflow/example_dags/tutorial_taskflow_api_virtualenv.py
[2025-02-10T16:25:34.921+0000] {logging_mixin.py:190} INFO - [2025-02-10T16:25:34.921+0000] {tutorial_taskflow_api_virtualenv.py:29} WARNING - The tutorial_taskflow_api_virtualenv example DAG requires virtualenv, please install it.
[2025-02-10T16:25:34.922+0000] {processor.py:927} WARNING - No viable dags retrieved from /usr/local/lib/python3.9/dist-packages/airflow/example_dags/tutorial_taskflow_api_virtualenv.py
[2025-02-10T16:25:34.948+0000] {processor.py:208} INFO - Processing /usr/local/lib/python3.9/dist-packages/airflow/example_dags/tutorial_taskflow_api_virtualenv.py took 0.043 seconds
[2025-02-10T16:26:57.438+0000] {processor.py:186} INFO - Started process (PID=1216) to work on /usr/local/lib/python3.9/dist-packages/airflow/example_dags/tutorial_taskflow_api_virtualenv.py
[2025-02-10T16:26:57.440+0000] {processor.py:914} INFO - Processing file /usr/local/lib/python3.9/dist-packages/airflow/example_dags/tutorial_taskflow_api_virtualenv.py for tasks to queue
[2025-02-10T16:26:57.443+0000] {logging_mixin.py:190} INFO - [2025-02-10T16:26:57.442+0000] {dagbag.py:588} INFO - Filling up the DagBag from /usr/local/lib/python3.9/dist-packages/airflow/example_dags/tutorial_taskflow_api_virtualenv.py
[2025-02-10T16:26:57.446+0000] {logging_mixin.py:190} INFO - [2025-02-10T16:26:57.446+0000] {tutorial_taskflow_api_virtualenv.py:29} WARNING - The tutorial_taskflow_api_virtualenv example DAG requires virtualenv, please install it.
[2025-02-10T16:26:57.447+0000] {processor.py:927} WARNING - No viable dags retrieved from /usr/local/lib/python3.9/dist-packages/airflow/example_dags/tutorial_taskflow_api_virtualenv.py
[2025-02-10T16:26:57.476+0000] {processor.py:208} INFO - Processing /usr/local/lib/python3.9/dist-packages/airflow/example_dags/tutorial_taskflow_api_virtualenv.py took 0.043 seconds
[2025-02-10T16:28:15.868+0000] {processor.py:186} INFO - Started process (PID=1281) to work on /usr/local/lib/python3.9/dist-packages/airflow/example_dags/tutorial_taskflow_api_virtualenv.py
[2025-02-10T16:28:15.870+0000] {processor.py:914} INFO - Processing file /usr/local/lib/python3.9/dist-packages/airflow/example_dags/tutorial_taskflow_api_virtualenv.py for tasks to queue
[2025-02-10T16:28:15.873+0000] {logging_mixin.py:190} INFO - [2025-02-10T16:28:15.873+0000] {dagbag.py:588} INFO - Filling up the DagBag from /usr/local/lib/python3.9/dist-packages/airflow/example_dags/tutorial_taskflow_api_virtualenv.py
[2025-02-10T16:28:15.876+0000] {logging_mixin.py:190} INFO - [2025-02-10T16:28:15.876+0000] {tutorial_taskflow_api_virtualenv.py:29} WARNING - The tutorial_taskflow_api_virtualenv example DAG requires virtualenv, please install it.
[2025-02-10T16:28:15.877+0000] {processor.py:927} WARNING - No viable dags retrieved from /usr/local/lib/python3.9/dist-packages/airflow/example_dags/tutorial_taskflow_api_virtualenv.py
[2025-02-10T16:28:15.906+0000] {processor.py:208} INFO - Processing /usr/local/lib/python3.9/dist-packages/airflow/example_dags/tutorial_taskflow_api_virtualenv.py took 0.043 seconds
[2025-02-10T16:29:32.408+0000] {processor.py:186} INFO - Started process (PID=1346) to work on /usr/local/lib/python3.9/dist-packages/airflow/example_dags/tutorial_taskflow_api_virtualenv.py
[2025-02-10T16:29:32.409+0000] {processor.py:914} INFO - Processing file /usr/local/lib/python3.9/dist-packages/airflow/example_dags/tutorial_taskflow_api_virtualenv.py for tasks to queue
[2025-02-10T16:29:32.413+0000] {logging_mixin.py:190} INFO - [2025-02-10T16:29:32.412+0000] {dagbag.py:588} INFO - Filling up the DagBag from /usr/local/lib/python3.9/dist-packages/airflow/example_dags/tutorial_taskflow_api_virtualenv.py
[2025-02-10T16:29:32.416+0000] {logging_mixin.py:190} INFO - [2025-02-10T16:29:32.416+0000] {tutorial_taskflow_api_virtualenv.py:29} WARNING - The tutorial_taskflow_api_virtualenv example DAG requires virtualenv, please install it.
[2025-02-10T16:29:32.417+0000] {processor.py:927} WARNING - No viable dags retrieved from /usr/local/lib/python3.9/dist-packages/airflow/example_dags/tutorial_taskflow_api_virtualenv.py
[2025-02-10T16:29:32.446+0000] {processor.py:208} INFO - Processing /usr/local/lib/python3.9/dist-packages/airflow/example_dags/tutorial_taskflow_api_virtualenv.py took 0.044 seconds
[2025-02-10T16:30:47.955+0000] {processor.py:186} INFO - Started process (PID=1409) to work on /usr/local/lib/python3.9/dist-packages/airflow/example_dags/tutorial_taskflow_api_virtualenv.py
[2025-02-10T16:30:47.956+0000] {processor.py:914} INFO - Processing file /usr/local/lib/python3.9/dist-packages/airflow/example_dags/tutorial_taskflow_api_virtualenv.py for tasks to queue
[2025-02-10T16:30:47.960+0000] {logging_mixin.py:190} INFO - [2025-02-10T16:30:47.959+0000] {dagbag.py:588} INFO - Filling up the DagBag from /usr/local/lib/python3.9/dist-packages/airflow/example_dags/tutorial_taskflow_api_virtualenv.py
[2025-02-10T16:30:47.963+0000] {logging_mixin.py:190} INFO - [2025-02-10T16:30:47.963+0000] {tutorial_taskflow_api_virtualenv.py:29} WARNING - The tutorial_taskflow_api_virtualenv example DAG requires virtualenv, please install it.
[2025-02-10T16:30:47.964+0000] {processor.py:927} WARNING - No viable dags retrieved from /usr/local/lib/python3.9/dist-packages/airflow/example_dags/tutorial_taskflow_api_virtualenv.py
[2025-02-10T16:30:47.991+0000] {processor.py:208} INFO - Processing /usr/local/lib/python3.9/dist-packages/airflow/example_dags/tutorial_taskflow_api_virtualenv.py took 0.041 seconds
[2025-02-10T16:32:04.698+0000] {processor.py:186} INFO - Started process (PID=1473) to work on /usr/local/lib/python3.9/dist-packages/airflow/example_dags/tutorial_taskflow_api_virtualenv.py
[2025-02-10T16:32:04.699+0000] {processor.py:914} INFO - Processing file /usr/local/lib/python3.9/dist-packages/airflow/example_dags/tutorial_taskflow_api_virtualenv.py for tasks to queue
[2025-02-10T16:32:04.701+0000] {logging_mixin.py:190} INFO - [2025-02-10T16:32:04.701+0000] {dagbag.py:588} INFO - Filling up the DagBag from /usr/local/lib/python3.9/dist-packages/airflow/example_dags/tutorial_taskflow_api_virtualenv.py
[2025-02-10T16:32:04.705+0000] {logging_mixin.py:190} INFO - [2025-02-10T16:32:04.704+0000] {tutorial_taskflow_api_virtualenv.py:29} WARNING - The tutorial_taskflow_api_virtualenv example DAG requires virtualenv, please install it.
[2025-02-10T16:32:04.706+0000] {processor.py:927} WARNING - No viable dags retrieved from /usr/local/lib/python3.9/dist-packages/airflow/example_dags/tutorial_taskflow_api_virtualenv.py
[2025-02-10T16:32:04.731+0000] {processor.py:208} INFO - Processing /usr/local/lib/python3.9/dist-packages/airflow/example_dags/tutorial_taskflow_api_virtualenv.py took 0.039 seconds
[2025-02-10T16:33:22.296+0000] {processor.py:186} INFO - Started process (PID=1537) to work on /usr/local/lib/python3.9/dist-packages/airflow/example_dags/tutorial_taskflow_api_virtualenv.py
[2025-02-10T16:33:22.298+0000] {processor.py:914} INFO - Processing file /usr/local/lib/python3.9/dist-packages/airflow/example_dags/tutorial_taskflow_api_virtualenv.py for tasks to queue
[2025-02-10T16:33:22.301+0000] {logging_mixin.py:190} INFO - [2025-02-10T16:33:22.300+0000] {dagbag.py:588} INFO - Filling up the DagBag from /usr/local/lib/python3.9/dist-packages/airflow/example_dags/tutorial_taskflow_api_virtualenv.py
[2025-02-10T16:33:22.304+0000] {logging_mixin.py:190} INFO - [2025-02-10T16:33:22.304+0000] {tutorial_taskflow_api_virtualenv.py:29} WARNING - The tutorial_taskflow_api_virtualenv example DAG requires virtualenv, please install it.
[2025-02-10T16:33:22.305+0000] {processor.py:927} WARNING - No viable dags retrieved from /usr/local/lib/python3.9/dist-packages/airflow/example_dags/tutorial_taskflow_api_virtualenv.py
[2025-02-10T16:33:22.333+0000] {processor.py:208} INFO - Processing /usr/local/lib/python3.9/dist-packages/airflow/example_dags/tutorial_taskflow_api_virtualenv.py took 0.042 seconds
[2025-02-10T16:34:36.562+0000] {processor.py:186} INFO - Started process (PID=1601) to work on /usr/local/lib/python3.9/dist-packages/airflow/example_dags/tutorial_taskflow_api_virtualenv.py
[2025-02-10T16:34:36.564+0000] {processor.py:914} INFO - Processing file /usr/local/lib/python3.9/dist-packages/airflow/example_dags/tutorial_taskflow_api_virtualenv.py for tasks to queue
[2025-02-10T16:34:36.567+0000] {logging_mixin.py:190} INFO - [2025-02-10T16:34:36.566+0000] {dagbag.py:588} INFO - Filling up the DagBag from /usr/local/lib/python3.9/dist-packages/airflow/example_dags/tutorial_taskflow_api_virtualenv.py
[2025-02-10T16:34:36.570+0000] {logging_mixin.py:190} INFO - [2025-02-10T16:34:36.570+0000] {tutorial_taskflow_api_virtualenv.py:29} WARNING - The tutorial_taskflow_api_virtualenv example DAG requires virtualenv, please install it.
[2025-02-10T16:34:36.571+0000] {processor.py:927} WARNING - No viable dags retrieved from /usr/local/lib/python3.9/dist-packages/airflow/example_dags/tutorial_taskflow_api_virtualenv.py
[2025-02-10T16:34:36.599+0000] {processor.py:208} INFO - Processing /usr/local/lib/python3.9/dist-packages/airflow/example_dags/tutorial_taskflow_api_virtualenv.py took 0.042 seconds
[2025-02-10T16:35:52.508+0000] {processor.py:186} INFO - Started process (PID=1664) to work on /usr/local/lib/python3.9/dist-packages/airflow/example_dags/tutorial_taskflow_api_virtualenv.py
[2025-02-10T16:35:52.509+0000] {processor.py:914} INFO - Processing file /usr/local/lib/python3.9/dist-packages/airflow/example_dags/tutorial_taskflow_api_virtualenv.py for tasks to queue
[2025-02-10T16:35:52.512+0000] {logging_mixin.py:190} INFO - [2025-02-10T16:35:52.512+0000] {dagbag.py:588} INFO - Filling up the DagBag from /usr/local/lib/python3.9/dist-packages/airflow/example_dags/tutorial_taskflow_api_virtualenv.py
[2025-02-10T16:35:52.517+0000] {logging_mixin.py:190} INFO - [2025-02-10T16:35:52.517+0000] {tutorial_taskflow_api_virtualenv.py:29} WARNING - The tutorial_taskflow_api_virtualenv example DAG requires virtualenv, please install it.
[2025-02-10T16:35:52.518+0000] {processor.py:927} WARNING - No viable dags retrieved from /usr/local/lib/python3.9/dist-packages/airflow/example_dags/tutorial_taskflow_api_virtualenv.py
[2025-02-10T16:35:52.544+0000] {processor.py:208} INFO - Processing /usr/local/lib/python3.9/dist-packages/airflow/example_dags/tutorial_taskflow_api_virtualenv.py took 0.043 seconds
[2025-02-10T16:37:12.841+0000] {processor.py:186} INFO - Started process (PID=1729) to work on /usr/local/lib/python3.9/dist-packages/airflow/example_dags/tutorial_taskflow_api_virtualenv.py
[2025-02-10T16:37:12.843+0000] {processor.py:914} INFO - Processing file /usr/local/lib/python3.9/dist-packages/airflow/example_dags/tutorial_taskflow_api_virtualenv.py for tasks to queue
[2025-02-10T16:37:12.846+0000] {logging_mixin.py:190} INFO - [2025-02-10T16:37:12.845+0000] {dagbag.py:588} INFO - Filling up the DagBag from /usr/local/lib/python3.9/dist-packages/airflow/example_dags/tutorial_taskflow_api_virtualenv.py
[2025-02-10T16:37:12.849+0000] {logging_mixin.py:190} INFO - [2025-02-10T16:37:12.849+0000] {tutorial_taskflow_api_virtualenv.py:29} WARNING - The tutorial_taskflow_api_virtualenv example DAG requires virtualenv, please install it.
[2025-02-10T16:37:12.850+0000] {processor.py:927} WARNING - No viable dags retrieved from /usr/local/lib/python3.9/dist-packages/airflow/example_dags/tutorial_taskflow_api_virtualenv.py
[2025-02-10T16:37:12.879+0000] {processor.py:208} INFO - Processing /usr/local/lib/python3.9/dist-packages/airflow/example_dags/tutorial_taskflow_api_virtualenv.py took 0.043 seconds
