[2025-02-10T14:49:01.614+0000] {processor.py:186} INFO - Started process (PID=68) to work on /usr/local/lib/python3.9/dist-packages/airflow/example_dags/tutorial.py
[2025-02-10T14:49:01.616+0000] {processor.py:914} INFO - Processing file /usr/local/lib/python3.9/dist-packages/airflow/example_dags/tutorial.py for tasks to queue
[2025-02-10T14:49:01.619+0000] {logging_mixin.py:190} INFO - [2025-02-10T14:49:01.619+0000] {dagbag.py:588} INFO - Filling up the DagBag from /usr/local/lib/python3.9/dist-packages/airflow/example_dags/tutorial.py
[2025-02-10T14:49:01.628+0000] {processor.py:925} INFO - DAG(s) 'tutorial' retrieved from /usr/local/lib/python3.9/dist-packages/airflow/example_dags/tutorial.py
[2025-02-10T14:49:01.811+0000] {logging_mixin.py:190} INFO - [2025-02-10T14:49:01.810+0000] {override.py:1930} INFO - Created Permission View: can delete on DAG:tutorial
[2025-02-10T14:49:01.866+0000] {logging_mixin.py:190} INFO - [2025-02-10T14:49:01.865+0000] {override.py:1930} INFO - Created Permission View: can read on DAG:tutorial
[2025-02-10T14:49:01.926+0000] {logging_mixin.py:190} INFO - [2025-02-10T14:49:01.925+0000] {override.py:1930} INFO - Created Permission View: can edit on DAG:tutorial
[2025-02-10T14:49:02.013+0000] {logging_mixin.py:190} INFO - [2025-02-10T14:49:02.012+0000] {override.py:1930} INFO - Created Permission View: can create on DAG Run:tutorial
[2025-02-10T14:49:02.065+0000] {logging_mixin.py:190} INFO - [2025-02-10T14:49:02.065+0000] {override.py:1930} INFO - Created Permission View: can delete on DAG Run:tutorial
[2025-02-10T14:49:02.121+0000] {logging_mixin.py:190} INFO - [2025-02-10T14:49:02.121+0000] {override.py:1930} INFO - Created Permission View: can read on DAG Run:tutorial
[2025-02-10T14:49:02.175+0000] {logging_mixin.py:190} INFO - [2025-02-10T14:49:02.174+0000] {override.py:1930} INFO - Created Permission View: menu access on DAG Run:tutorial
[2025-02-10T14:49:02.176+0000] {logging_mixin.py:190} INFO - [2025-02-10T14:49:02.175+0000] {dag.py:3239} INFO - Sync 1 DAGs
[2025-02-10T14:49:02.203+0000] {logging_mixin.py:190} INFO - [2025-02-10T14:49:02.203+0000] {dag.py:3262} INFO - Creating ORM DAG for tutorial
[2025-02-10T14:49:02.219+0000] {logging_mixin.py:190} INFO - [2025-02-10T14:49:02.219+0000] {dag.py:4180} INFO - Setting next_dagrun for tutorial to 2025-02-09 00:00:00+00:00, run_after=2025-02-10 00:00:00+00:00
[2025-02-10T14:49:02.312+0000] {processor.py:208} INFO - Processing /usr/local/lib/python3.9/dist-packages/airflow/example_dags/tutorial.py took 0.704 seconds
[2025-02-10T14:50:30.401+0000] {processor.py:186} INFO - Started process (PID=128) to work on /usr/local/lib/python3.9/dist-packages/airflow/example_dags/tutorial.py
[2025-02-10T14:50:30.405+0000] {processor.py:914} INFO - Processing file /usr/local/lib/python3.9/dist-packages/airflow/example_dags/tutorial.py for tasks to queue
[2025-02-10T14:50:30.408+0000] {logging_mixin.py:190} INFO - [2025-02-10T14:50:30.407+0000] {dagbag.py:588} INFO - Filling up the DagBag from /usr/local/lib/python3.9/dist-packages/airflow/example_dags/tutorial.py
[2025-02-10T14:50:30.415+0000] {processor.py:925} INFO - DAG(s) 'tutorial' retrieved from /usr/local/lib/python3.9/dist-packages/airflow/example_dags/tutorial.py
[2025-02-10T14:50:30.444+0000] {logging_mixin.py:190} INFO - [2025-02-10T14:50:30.444+0000] {dag.py:3239} INFO - Sync 1 DAGs
[2025-02-10T14:50:30.473+0000] {logging_mixin.py:190} INFO - [2025-02-10T14:50:30.473+0000] {dag.py:4180} INFO - Setting next_dagrun for tutorial to 2025-02-09 00:00:00+00:00, run_after=2025-02-10 00:00:00+00:00
[2025-02-10T14:50:30.543+0000] {processor.py:208} INFO - Processing /usr/local/lib/python3.9/dist-packages/airflow/example_dags/tutorial.py took 0.147 seconds
[2025-02-10T14:51:45.673+0000] {processor.py:186} INFO - Started process (PID=191) to work on /usr/local/lib/python3.9/dist-packages/airflow/example_dags/tutorial.py
[2025-02-10T14:51:45.674+0000] {processor.py:914} INFO - Processing file /usr/local/lib/python3.9/dist-packages/airflow/example_dags/tutorial.py for tasks to queue
[2025-02-10T14:51:45.677+0000] {logging_mixin.py:190} INFO - [2025-02-10T14:51:45.677+0000] {dagbag.py:588} INFO - Filling up the DagBag from /usr/local/lib/python3.9/dist-packages/airflow/example_dags/tutorial.py
[2025-02-10T14:51:45.684+0000] {processor.py:925} INFO - DAG(s) 'tutorial' retrieved from /usr/local/lib/python3.9/dist-packages/airflow/example_dags/tutorial.py
[2025-02-10T14:51:45.715+0000] {logging_mixin.py:190} INFO - [2025-02-10T14:51:45.715+0000] {dag.py:3239} INFO - Sync 1 DAGs
[2025-02-10T14:51:45.745+0000] {logging_mixin.py:190} INFO - [2025-02-10T14:51:45.745+0000] {dag.py:4180} INFO - Setting next_dagrun for tutorial to 2025-02-09 00:00:00+00:00, run_after=2025-02-10 00:00:00+00:00
[2025-02-10T14:51:45.828+0000] {processor.py:208} INFO - Processing /usr/local/lib/python3.9/dist-packages/airflow/example_dags/tutorial.py took 0.161 seconds
[2025-02-10T14:53:07.330+0000] {processor.py:186} INFO - Started process (PID=258) to work on /usr/local/lib/python3.9/dist-packages/airflow/example_dags/tutorial.py
[2025-02-10T14:53:07.332+0000] {processor.py:914} INFO - Processing file /usr/local/lib/python3.9/dist-packages/airflow/example_dags/tutorial.py for tasks to queue
[2025-02-10T14:53:07.335+0000] {logging_mixin.py:190} INFO - [2025-02-10T14:53:07.334+0000] {dagbag.py:588} INFO - Filling up the DagBag from /usr/local/lib/python3.9/dist-packages/airflow/example_dags/tutorial.py
[2025-02-10T14:53:07.343+0000] {processor.py:925} INFO - DAG(s) 'tutorial' retrieved from /usr/local/lib/python3.9/dist-packages/airflow/example_dags/tutorial.py
[2025-02-10T14:53:07.375+0000] {logging_mixin.py:190} INFO - [2025-02-10T14:53:07.374+0000] {dag.py:3239} INFO - Sync 1 DAGs
[2025-02-10T14:53:07.406+0000] {logging_mixin.py:190} INFO - [2025-02-10T14:53:07.405+0000] {dag.py:4180} INFO - Setting next_dagrun for tutorial to 2025-02-09 00:00:00+00:00, run_after=2025-02-10 00:00:00+00:00
[2025-02-10T14:53:07.485+0000] {processor.py:208} INFO - Processing /usr/local/lib/python3.9/dist-packages/airflow/example_dags/tutorial.py took 0.160 seconds
[2025-02-10T14:54:25.379+0000] {processor.py:186} INFO - Started process (PID=323) to work on /usr/local/lib/python3.9/dist-packages/airflow/example_dags/tutorial.py
[2025-02-10T14:54:25.383+0000] {processor.py:914} INFO - Processing file /usr/local/lib/python3.9/dist-packages/airflow/example_dags/tutorial.py for tasks to queue
[2025-02-10T14:54:25.385+0000] {logging_mixin.py:190} INFO - [2025-02-10T14:54:25.385+0000] {dagbag.py:588} INFO - Filling up the DagBag from /usr/local/lib/python3.9/dist-packages/airflow/example_dags/tutorial.py
[2025-02-10T14:54:25.393+0000] {processor.py:925} INFO - DAG(s) 'tutorial' retrieved from /usr/local/lib/python3.9/dist-packages/airflow/example_dags/tutorial.py
[2025-02-10T14:54:25.424+0000] {logging_mixin.py:190} INFO - [2025-02-10T14:54:25.423+0000] {dag.py:3239} INFO - Sync 1 DAGs
[2025-02-10T14:54:25.452+0000] {logging_mixin.py:190} INFO - [2025-02-10T14:54:25.452+0000] {dag.py:4180} INFO - Setting next_dagrun for tutorial to 2025-02-09 00:00:00+00:00, run_after=2025-02-10 00:00:00+00:00
[2025-02-10T14:54:25.529+0000] {processor.py:208} INFO - Processing /usr/local/lib/python3.9/dist-packages/airflow/example_dags/tutorial.py took 0.155 seconds
[2025-02-10T14:55:43.404+0000] {processor.py:186} INFO - Started process (PID=388) to work on /usr/local/lib/python3.9/dist-packages/airflow/example_dags/tutorial.py
[2025-02-10T14:55:43.406+0000] {processor.py:914} INFO - Processing file /usr/local/lib/python3.9/dist-packages/airflow/example_dags/tutorial.py for tasks to queue
[2025-02-10T14:55:43.409+0000] {logging_mixin.py:190} INFO - [2025-02-10T14:55:43.408+0000] {dagbag.py:588} INFO - Filling up the DagBag from /usr/local/lib/python3.9/dist-packages/airflow/example_dags/tutorial.py
[2025-02-10T14:55:43.416+0000] {processor.py:925} INFO - DAG(s) 'tutorial' retrieved from /usr/local/lib/python3.9/dist-packages/airflow/example_dags/tutorial.py
[2025-02-10T14:55:43.446+0000] {logging_mixin.py:190} INFO - [2025-02-10T14:55:43.446+0000] {dag.py:3239} INFO - Sync 1 DAGs
[2025-02-10T14:55:43.475+0000] {logging_mixin.py:190} INFO - [2025-02-10T14:55:43.475+0000] {dag.py:4180} INFO - Setting next_dagrun for tutorial to 2025-02-09 00:00:00+00:00, run_after=2025-02-10 00:00:00+00:00
[2025-02-10T14:55:43.541+0000] {processor.py:208} INFO - Processing /usr/local/lib/python3.9/dist-packages/airflow/example_dags/tutorial.py took 0.142 seconds
[2025-02-10T14:57:07.245+0000] {processor.py:186} INFO - Started process (PID=456) to work on /usr/local/lib/python3.9/dist-packages/airflow/example_dags/tutorial.py
[2025-02-10T14:57:07.247+0000] {processor.py:914} INFO - Processing file /usr/local/lib/python3.9/dist-packages/airflow/example_dags/tutorial.py for tasks to queue
[2025-02-10T14:57:07.250+0000] {logging_mixin.py:190} INFO - [2025-02-10T14:57:07.249+0000] {dagbag.py:588} INFO - Filling up the DagBag from /usr/local/lib/python3.9/dist-packages/airflow/example_dags/tutorial.py
[2025-02-10T14:57:07.258+0000] {processor.py:925} INFO - DAG(s) 'tutorial' retrieved from /usr/local/lib/python3.9/dist-packages/airflow/example_dags/tutorial.py
[2025-02-10T14:57:07.286+0000] {logging_mixin.py:190} INFO - [2025-02-10T14:57:07.286+0000] {dag.py:3239} INFO - Sync 1 DAGs
[2025-02-10T14:57:07.318+0000] {logging_mixin.py:190} INFO - [2025-02-10T14:57:07.317+0000] {dag.py:4180} INFO - Setting next_dagrun for tutorial to 2025-02-09 00:00:00+00:00, run_after=2025-02-10 00:00:00+00:00
[2025-02-10T14:57:07.395+0000] {processor.py:208} INFO - Processing /usr/local/lib/python3.9/dist-packages/airflow/example_dags/tutorial.py took 0.156 seconds
[2025-02-10T14:58:22.590+0000] {processor.py:186} INFO - Started process (PID=521) to work on /usr/local/lib/python3.9/dist-packages/airflow/example_dags/tutorial.py
[2025-02-10T14:58:22.591+0000] {processor.py:914} INFO - Processing file /usr/local/lib/python3.9/dist-packages/airflow/example_dags/tutorial.py for tasks to queue
[2025-02-10T14:58:22.594+0000] {logging_mixin.py:190} INFO - [2025-02-10T14:58:22.593+0000] {dagbag.py:588} INFO - Filling up the DagBag from /usr/local/lib/python3.9/dist-packages/airflow/example_dags/tutorial.py
[2025-02-10T14:58:22.601+0000] {processor.py:925} INFO - DAG(s) 'tutorial' retrieved from /usr/local/lib/python3.9/dist-packages/airflow/example_dags/tutorial.py
[2025-02-10T14:58:22.635+0000] {logging_mixin.py:190} INFO - [2025-02-10T14:58:22.635+0000] {dag.py:3239} INFO - Sync 1 DAGs
[2025-02-10T14:58:22.667+0000] {logging_mixin.py:190} INFO - [2025-02-10T14:58:22.667+0000] {dag.py:4180} INFO - Setting next_dagrun for tutorial to 2025-02-09 00:00:00+00:00, run_after=2025-02-10 00:00:00+00:00
[2025-02-10T14:58:22.751+0000] {processor.py:208} INFO - Processing /usr/local/lib/python3.9/dist-packages/airflow/example_dags/tutorial.py took 0.167 seconds
[2025-02-10T14:59:37.726+0000] {processor.py:186} INFO - Started process (PID=586) to work on /usr/local/lib/python3.9/dist-packages/airflow/example_dags/tutorial.py
[2025-02-10T14:59:37.727+0000] {processor.py:914} INFO - Processing file /usr/local/lib/python3.9/dist-packages/airflow/example_dags/tutorial.py for tasks to queue
[2025-02-10T14:59:37.729+0000] {logging_mixin.py:190} INFO - [2025-02-10T14:59:37.729+0000] {dagbag.py:588} INFO - Filling up the DagBag from /usr/local/lib/python3.9/dist-packages/airflow/example_dags/tutorial.py
[2025-02-10T14:59:37.738+0000] {processor.py:925} INFO - DAG(s) 'tutorial' retrieved from /usr/local/lib/python3.9/dist-packages/airflow/example_dags/tutorial.py
[2025-02-10T14:59:37.770+0000] {logging_mixin.py:190} INFO - [2025-02-10T14:59:37.770+0000] {dag.py:3239} INFO - Sync 1 DAGs
[2025-02-10T14:59:37.799+0000] {logging_mixin.py:190} INFO - [2025-02-10T14:59:37.799+0000] {dag.py:4180} INFO - Setting next_dagrun for tutorial to 2025-02-09 00:00:00+00:00, run_after=2025-02-10 00:00:00+00:00
[2025-02-10T14:59:37.875+0000] {processor.py:208} INFO - Processing /usr/local/lib/python3.9/dist-packages/airflow/example_dags/tutorial.py took 0.155 seconds
[2025-02-10T15:00:50.317+0000] {processor.py:186} INFO - Started process (PID=648) to work on /usr/local/lib/python3.9/dist-packages/airflow/example_dags/tutorial.py
[2025-02-10T15:00:50.320+0000] {processor.py:914} INFO - Processing file /usr/local/lib/python3.9/dist-packages/airflow/example_dags/tutorial.py for tasks to queue
[2025-02-10T15:00:50.323+0000] {logging_mixin.py:190} INFO - [2025-02-10T15:00:50.322+0000] {dagbag.py:588} INFO - Filling up the DagBag from /usr/local/lib/python3.9/dist-packages/airflow/example_dags/tutorial.py
[2025-02-10T15:00:50.331+0000] {processor.py:925} INFO - DAG(s) 'tutorial' retrieved from /usr/local/lib/python3.9/dist-packages/airflow/example_dags/tutorial.py
[2025-02-10T15:00:50.364+0000] {logging_mixin.py:190} INFO - [2025-02-10T15:00:50.364+0000] {dag.py:3239} INFO - Sync 1 DAGs
[2025-02-10T15:00:50.394+0000] {logging_mixin.py:190} INFO - [2025-02-10T15:00:50.394+0000] {dag.py:4180} INFO - Setting next_dagrun for tutorial to 2025-02-09 00:00:00+00:00, run_after=2025-02-10 00:00:00+00:00
[2025-02-10T15:00:50.471+0000] {processor.py:208} INFO - Processing /usr/local/lib/python3.9/dist-packages/airflow/example_dags/tutorial.py took 0.159 seconds
[2025-02-10T15:02:10.323+0000] {processor.py:186} INFO - Started process (PID=718) to work on /usr/local/lib/python3.9/dist-packages/airflow/example_dags/tutorial.py
[2025-02-10T15:02:10.324+0000] {processor.py:914} INFO - Processing file /usr/local/lib/python3.9/dist-packages/airflow/example_dags/tutorial.py for tasks to queue
[2025-02-10T15:02:10.327+0000] {logging_mixin.py:190} INFO - [2025-02-10T15:02:10.326+0000] {dagbag.py:588} INFO - Filling up the DagBag from /usr/local/lib/python3.9/dist-packages/airflow/example_dags/tutorial.py
[2025-02-10T15:02:10.335+0000] {processor.py:925} INFO - DAG(s) 'tutorial' retrieved from /usr/local/lib/python3.9/dist-packages/airflow/example_dags/tutorial.py
[2025-02-10T15:02:10.364+0000] {logging_mixin.py:190} INFO - [2025-02-10T15:02:10.363+0000] {dag.py:3239} INFO - Sync 1 DAGs
[2025-02-10T15:02:10.397+0000] {logging_mixin.py:190} INFO - [2025-02-10T15:02:10.397+0000] {dag.py:4180} INFO - Setting next_dagrun for tutorial to 2025-02-09 00:00:00+00:00, run_after=2025-02-10 00:00:00+00:00
[2025-02-10T15:02:10.476+0000] {processor.py:208} INFO - Processing /usr/local/lib/python3.9/dist-packages/airflow/example_dags/tutorial.py took 0.159 seconds
[2025-02-10T15:03:30.693+0000] {processor.py:186} INFO - Started process (PID=783) to work on /usr/local/lib/python3.9/dist-packages/airflow/example_dags/tutorial.py
[2025-02-10T15:03:30.694+0000] {processor.py:914} INFO - Processing file /usr/local/lib/python3.9/dist-packages/airflow/example_dags/tutorial.py for tasks to queue
[2025-02-10T15:03:30.698+0000] {logging_mixin.py:190} INFO - [2025-02-10T15:03:30.697+0000] {dagbag.py:588} INFO - Filling up the DagBag from /usr/local/lib/python3.9/dist-packages/airflow/example_dags/tutorial.py
[2025-02-10T15:03:30.706+0000] {processor.py:925} INFO - DAG(s) 'tutorial' retrieved from /usr/local/lib/python3.9/dist-packages/airflow/example_dags/tutorial.py
[2025-02-10T15:03:30.740+0000] {logging_mixin.py:190} INFO - [2025-02-10T15:03:30.740+0000] {dag.py:3239} INFO - Sync 1 DAGs
[2025-02-10T15:03:30.772+0000] {logging_mixin.py:190} INFO - [2025-02-10T15:03:30.772+0000] {dag.py:4180} INFO - Setting next_dagrun for tutorial to 2025-02-09 00:00:00+00:00, run_after=2025-02-10 00:00:00+00:00
[2025-02-10T15:03:30.844+0000] {processor.py:208} INFO - Processing /usr/local/lib/python3.9/dist-packages/airflow/example_dags/tutorial.py took 0.156 seconds
[2025-02-10T15:04:47.481+0000] {processor.py:186} INFO - Started process (PID=847) to work on /usr/local/lib/python3.9/dist-packages/airflow/example_dags/tutorial.py
[2025-02-10T15:04:47.483+0000] {processor.py:914} INFO - Processing file /usr/local/lib/python3.9/dist-packages/airflow/example_dags/tutorial.py for tasks to queue
[2025-02-10T15:04:47.486+0000] {logging_mixin.py:190} INFO - [2025-02-10T15:04:47.485+0000] {dagbag.py:588} INFO - Filling up the DagBag from /usr/local/lib/python3.9/dist-packages/airflow/example_dags/tutorial.py
[2025-02-10T15:04:47.494+0000] {processor.py:925} INFO - DAG(s) 'tutorial' retrieved from /usr/local/lib/python3.9/dist-packages/airflow/example_dags/tutorial.py
[2025-02-10T15:04:47.523+0000] {logging_mixin.py:190} INFO - [2025-02-10T15:04:47.523+0000] {dag.py:3239} INFO - Sync 1 DAGs
[2025-02-10T15:04:47.554+0000] {logging_mixin.py:190} INFO - [2025-02-10T15:04:47.554+0000] {dag.py:4180} INFO - Setting next_dagrun for tutorial to 2025-02-09 00:00:00+00:00, run_after=2025-02-10 00:00:00+00:00
[2025-02-10T15:04:47.631+0000] {processor.py:208} INFO - Processing /usr/local/lib/python3.9/dist-packages/airflow/example_dags/tutorial.py took 0.158 seconds
[2025-02-10T15:06:09.066+0000] {processor.py:186} INFO - Started process (PID=914) to work on /usr/local/lib/python3.9/dist-packages/airflow/example_dags/tutorial.py
[2025-02-10T15:06:09.068+0000] {processor.py:914} INFO - Processing file /usr/local/lib/python3.9/dist-packages/airflow/example_dags/tutorial.py for tasks to queue
[2025-02-10T15:06:09.071+0000] {logging_mixin.py:190} INFO - [2025-02-10T15:06:09.070+0000] {dagbag.py:588} INFO - Filling up the DagBag from /usr/local/lib/python3.9/dist-packages/airflow/example_dags/tutorial.py
[2025-02-10T15:06:09.079+0000] {processor.py:925} INFO - DAG(s) 'tutorial' retrieved from /usr/local/lib/python3.9/dist-packages/airflow/example_dags/tutorial.py
[2025-02-10T15:06:09.110+0000] {logging_mixin.py:190} INFO - [2025-02-10T15:06:09.109+0000] {dag.py:3239} INFO - Sync 1 DAGs
[2025-02-10T15:06:09.139+0000] {logging_mixin.py:190} INFO - [2025-02-10T15:06:09.139+0000] {dag.py:4180} INFO - Setting next_dagrun for tutorial to 2025-02-09 00:00:00+00:00, run_after=2025-02-10 00:00:00+00:00
[2025-02-10T15:06:09.212+0000] {processor.py:208} INFO - Processing /usr/local/lib/python3.9/dist-packages/airflow/example_dags/tutorial.py took 0.151 seconds
[2025-02-10T15:07:26.688+0000] {processor.py:186} INFO - Started process (PID=979) to work on /usr/local/lib/python3.9/dist-packages/airflow/example_dags/tutorial.py
[2025-02-10T15:07:26.692+0000] {processor.py:914} INFO - Processing file /usr/local/lib/python3.9/dist-packages/airflow/example_dags/tutorial.py for tasks to queue
[2025-02-10T15:07:26.694+0000] {logging_mixin.py:190} INFO - [2025-02-10T15:07:26.694+0000] {dagbag.py:588} INFO - Filling up the DagBag from /usr/local/lib/python3.9/dist-packages/airflow/example_dags/tutorial.py
[2025-02-10T15:07:26.702+0000] {processor.py:925} INFO - DAG(s) 'tutorial' retrieved from /usr/local/lib/python3.9/dist-packages/airflow/example_dags/tutorial.py
[2025-02-10T15:07:26.735+0000] {logging_mixin.py:190} INFO - [2025-02-10T15:07:26.735+0000] {dag.py:3239} INFO - Sync 1 DAGs
[2025-02-10T15:07:26.766+0000] {logging_mixin.py:190} INFO - [2025-02-10T15:07:26.766+0000] {dag.py:4180} INFO - Setting next_dagrun for tutorial to 2025-02-09 00:00:00+00:00, run_after=2025-02-10 00:00:00+00:00
[2025-02-10T15:07:26.846+0000] {processor.py:208} INFO - Processing /usr/local/lib/python3.9/dist-packages/airflow/example_dags/tutorial.py took 0.164 seconds
[2025-02-10T15:08:43.370+0000] {processor.py:186} INFO - Started process (PID=1044) to work on /usr/local/lib/python3.9/dist-packages/airflow/example_dags/tutorial.py
[2025-02-10T15:08:43.371+0000] {processor.py:914} INFO - Processing file /usr/local/lib/python3.9/dist-packages/airflow/example_dags/tutorial.py for tasks to queue
[2025-02-10T15:08:43.374+0000] {logging_mixin.py:190} INFO - [2025-02-10T15:08:43.374+0000] {dagbag.py:588} INFO - Filling up the DagBag from /usr/local/lib/python3.9/dist-packages/airflow/example_dags/tutorial.py
[2025-02-10T15:08:43.382+0000] {processor.py:925} INFO - DAG(s) 'tutorial' retrieved from /usr/local/lib/python3.9/dist-packages/airflow/example_dags/tutorial.py
[2025-02-10T15:08:43.411+0000] {logging_mixin.py:190} INFO - [2025-02-10T15:08:43.411+0000] {dag.py:3239} INFO - Sync 1 DAGs
[2025-02-10T15:08:43.442+0000] {logging_mixin.py:190} INFO - [2025-02-10T15:08:43.442+0000] {dag.py:4180} INFO - Setting next_dagrun for tutorial to 2025-02-09 00:00:00+00:00, run_after=2025-02-10 00:00:00+00:00
[2025-02-10T15:08:43.522+0000] {processor.py:208} INFO - Processing /usr/local/lib/python3.9/dist-packages/airflow/example_dags/tutorial.py took 0.158 seconds
[2025-02-10T15:10:02.878+0000] {processor.py:186} INFO - Started process (PID=1109) to work on /usr/local/lib/python3.9/dist-packages/airflow/example_dags/tutorial.py
[2025-02-10T15:10:02.880+0000] {processor.py:914} INFO - Processing file /usr/local/lib/python3.9/dist-packages/airflow/example_dags/tutorial.py for tasks to queue
[2025-02-10T15:10:02.883+0000] {logging_mixin.py:190} INFO - [2025-02-10T15:10:02.882+0000] {dagbag.py:588} INFO - Filling up the DagBag from /usr/local/lib/python3.9/dist-packages/airflow/example_dags/tutorial.py
[2025-02-10T15:10:02.891+0000] {processor.py:925} INFO - DAG(s) 'tutorial' retrieved from /usr/local/lib/python3.9/dist-packages/airflow/example_dags/tutorial.py
[2025-02-10T15:10:02.921+0000] {logging_mixin.py:190} INFO - [2025-02-10T15:10:02.921+0000] {dag.py:3239} INFO - Sync 1 DAGs
[2025-02-10T15:10:02.952+0000] {logging_mixin.py:190} INFO - [2025-02-10T15:10:02.951+0000] {dag.py:4180} INFO - Setting next_dagrun for tutorial to 2025-02-09 00:00:00+00:00, run_after=2025-02-10 00:00:00+00:00
[2025-02-10T15:10:03.021+0000] {processor.py:208} INFO - Processing /usr/local/lib/python3.9/dist-packages/airflow/example_dags/tutorial.py took 0.148 seconds
[2025-02-10T15:11:24.217+0000] {processor.py:186} INFO - Started process (PID=1176) to work on /usr/local/lib/python3.9/dist-packages/airflow/example_dags/tutorial.py
[2025-02-10T15:11:24.219+0000] {processor.py:914} INFO - Processing file /usr/local/lib/python3.9/dist-packages/airflow/example_dags/tutorial.py for tasks to queue
[2025-02-10T15:11:24.222+0000] {logging_mixin.py:190} INFO - [2025-02-10T15:11:24.222+0000] {dagbag.py:588} INFO - Filling up the DagBag from /usr/local/lib/python3.9/dist-packages/airflow/example_dags/tutorial.py
[2025-02-10T15:11:24.230+0000] {processor.py:925} INFO - DAG(s) 'tutorial' retrieved from /usr/local/lib/python3.9/dist-packages/airflow/example_dags/tutorial.py
[2025-02-10T15:11:24.260+0000] {logging_mixin.py:190} INFO - [2025-02-10T15:11:24.260+0000] {dag.py:3239} INFO - Sync 1 DAGs
[2025-02-10T15:11:24.290+0000] {logging_mixin.py:190} INFO - [2025-02-10T15:11:24.290+0000] {dag.py:4180} INFO - Setting next_dagrun for tutorial to 2025-02-09 00:00:00+00:00, run_after=2025-02-10 00:00:00+00:00
[2025-02-10T15:11:24.367+0000] {processor.py:208} INFO - Processing /usr/local/lib/python3.9/dist-packages/airflow/example_dags/tutorial.py took 0.155 seconds
[2025-02-10T15:12:43.483+0000] {processor.py:186} INFO - Started process (PID=1242) to work on /usr/local/lib/python3.9/dist-packages/airflow/example_dags/tutorial.py
[2025-02-10T15:12:43.484+0000] {processor.py:914} INFO - Processing file /usr/local/lib/python3.9/dist-packages/airflow/example_dags/tutorial.py for tasks to queue
[2025-02-10T15:12:43.488+0000] {logging_mixin.py:190} INFO - [2025-02-10T15:12:43.487+0000] {dagbag.py:588} INFO - Filling up the DagBag from /usr/local/lib/python3.9/dist-packages/airflow/example_dags/tutorial.py
[2025-02-10T15:12:43.495+0000] {processor.py:925} INFO - DAG(s) 'tutorial' retrieved from /usr/local/lib/python3.9/dist-packages/airflow/example_dags/tutorial.py
[2025-02-10T15:12:43.525+0000] {logging_mixin.py:190} INFO - [2025-02-10T15:12:43.525+0000] {dag.py:3239} INFO - Sync 1 DAGs
[2025-02-10T15:12:43.556+0000] {logging_mixin.py:190} INFO - [2025-02-10T15:12:43.556+0000] {dag.py:4180} INFO - Setting next_dagrun for tutorial to 2025-02-09 00:00:00+00:00, run_after=2025-02-10 00:00:00+00:00
[2025-02-10T15:12:43.633+0000] {processor.py:208} INFO - Processing /usr/local/lib/python3.9/dist-packages/airflow/example_dags/tutorial.py took 0.156 seconds
[2025-02-10T15:14:00.336+0000] {processor.py:186} INFO - Started process (PID=1306) to work on /usr/local/lib/python3.9/dist-packages/airflow/example_dags/tutorial.py
[2025-02-10T15:14:00.339+0000] {processor.py:914} INFO - Processing file /usr/local/lib/python3.9/dist-packages/airflow/example_dags/tutorial.py for tasks to queue
[2025-02-10T15:14:00.341+0000] {logging_mixin.py:190} INFO - [2025-02-10T15:14:00.341+0000] {dagbag.py:588} INFO - Filling up the DagBag from /usr/local/lib/python3.9/dist-packages/airflow/example_dags/tutorial.py
[2025-02-10T15:14:00.349+0000] {processor.py:925} INFO - DAG(s) 'tutorial' retrieved from /usr/local/lib/python3.9/dist-packages/airflow/example_dags/tutorial.py
[2025-02-10T15:14:00.382+0000] {logging_mixin.py:190} INFO - [2025-02-10T15:14:00.381+0000] {dag.py:3239} INFO - Sync 1 DAGs
[2025-02-10T15:14:00.415+0000] {logging_mixin.py:190} INFO - [2025-02-10T15:14:00.415+0000] {dag.py:4180} INFO - Setting next_dagrun for tutorial to 2025-02-09 00:00:00+00:00, run_after=2025-02-10 00:00:00+00:00
[2025-02-10T15:14:00.493+0000] {processor.py:208} INFO - Processing /usr/local/lib/python3.9/dist-packages/airflow/example_dags/tutorial.py took 0.162 seconds
[2025-02-10T15:25:38.973+0000] {processor.py:186} INFO - Started process (PID=62) to work on /usr/local/lib/python3.9/dist-packages/airflow/example_dags/tutorial.py
[2025-02-10T15:25:38.975+0000] {processor.py:914} INFO - Processing file /usr/local/lib/python3.9/dist-packages/airflow/example_dags/tutorial.py for tasks to queue
[2025-02-10T15:25:38.978+0000] {logging_mixin.py:190} INFO - [2025-02-10T15:25:38.978+0000] {dagbag.py:588} INFO - Filling up the DagBag from /usr/local/lib/python3.9/dist-packages/airflow/example_dags/tutorial.py
[2025-02-10T15:25:38.987+0000] {processor.py:925} INFO - DAG(s) 'tutorial' retrieved from /usr/local/lib/python3.9/dist-packages/airflow/example_dags/tutorial.py
[2025-02-10T15:25:39.023+0000] {logging_mixin.py:190} INFO - [2025-02-10T15:25:39.023+0000] {dag.py:3239} INFO - Sync 1 DAGs
[2025-02-10T15:25:39.054+0000] {logging_mixin.py:190} INFO - [2025-02-10T15:25:39.054+0000] {dag.py:4180} INFO - Setting next_dagrun for tutorial to 2025-02-09 00:00:00+00:00, run_after=2025-02-10 00:00:00+00:00
[2025-02-10T15:25:39.128+0000] {processor.py:208} INFO - Processing /usr/local/lib/python3.9/dist-packages/airflow/example_dags/tutorial.py took 0.160 seconds
[2025-02-10T15:26:57.004+0000] {processor.py:186} INFO - Started process (PID=127) to work on /usr/local/lib/python3.9/dist-packages/airflow/example_dags/tutorial.py
[2025-02-10T15:26:57.006+0000] {processor.py:914} INFO - Processing file /usr/local/lib/python3.9/dist-packages/airflow/example_dags/tutorial.py for tasks to queue
[2025-02-10T15:26:57.009+0000] {logging_mixin.py:190} INFO - [2025-02-10T15:26:57.009+0000] {dagbag.py:588} INFO - Filling up the DagBag from /usr/local/lib/python3.9/dist-packages/airflow/example_dags/tutorial.py
[2025-02-10T15:26:57.018+0000] {processor.py:925} INFO - DAG(s) 'tutorial' retrieved from /usr/local/lib/python3.9/dist-packages/airflow/example_dags/tutorial.py
[2025-02-10T15:26:57.050+0000] {logging_mixin.py:190} INFO - [2025-02-10T15:26:57.050+0000] {dag.py:3239} INFO - Sync 1 DAGs
[2025-02-10T15:26:57.084+0000] {logging_mixin.py:190} INFO - [2025-02-10T15:26:57.083+0000] {dag.py:4180} INFO - Setting next_dagrun for tutorial to 2025-02-09 00:00:00+00:00, run_after=2025-02-10 00:00:00+00:00
[2025-02-10T15:26:57.160+0000] {processor.py:208} INFO - Processing /usr/local/lib/python3.9/dist-packages/airflow/example_dags/tutorial.py took 0.162 seconds
[2025-02-10T15:28:15.470+0000] {processor.py:186} INFO - Started process (PID=192) to work on /usr/local/lib/python3.9/dist-packages/airflow/example_dags/tutorial.py
[2025-02-10T15:28:15.472+0000] {processor.py:914} INFO - Processing file /usr/local/lib/python3.9/dist-packages/airflow/example_dags/tutorial.py for tasks to queue
[2025-02-10T15:28:15.474+0000] {logging_mixin.py:190} INFO - [2025-02-10T15:28:15.474+0000] {dagbag.py:588} INFO - Filling up the DagBag from /usr/local/lib/python3.9/dist-packages/airflow/example_dags/tutorial.py
[2025-02-10T15:28:15.482+0000] {processor.py:925} INFO - DAG(s) 'tutorial' retrieved from /usr/local/lib/python3.9/dist-packages/airflow/example_dags/tutorial.py
[2025-02-10T15:28:15.513+0000] {logging_mixin.py:190} INFO - [2025-02-10T15:28:15.512+0000] {dag.py:3239} INFO - Sync 1 DAGs
[2025-02-10T15:28:15.544+0000] {logging_mixin.py:190} INFO - [2025-02-10T15:28:15.544+0000] {dag.py:4180} INFO - Setting next_dagrun for tutorial to 2025-02-09 00:00:00+00:00, run_after=2025-02-10 00:00:00+00:00
[2025-02-10T15:28:15.618+0000] {processor.py:208} INFO - Processing /usr/local/lib/python3.9/dist-packages/airflow/example_dags/tutorial.py took 0.154 seconds
[2025-02-10T15:29:25.207+0000] {processor.py:186} INFO - Started process (PID=249) to work on /usr/local/lib/python3.9/dist-packages/airflow/example_dags/tutorial.py
[2025-02-10T15:29:25.209+0000] {processor.py:914} INFO - Processing file /usr/local/lib/python3.9/dist-packages/airflow/example_dags/tutorial.py for tasks to queue
[2025-02-10T15:29:25.211+0000] {logging_mixin.py:190} INFO - [2025-02-10T15:29:25.211+0000] {dagbag.py:588} INFO - Filling up the DagBag from /usr/local/lib/python3.9/dist-packages/airflow/example_dags/tutorial.py
[2025-02-10T15:29:25.219+0000] {processor.py:925} INFO - DAG(s) 'tutorial' retrieved from /usr/local/lib/python3.9/dist-packages/airflow/example_dags/tutorial.py
[2025-02-10T15:29:25.250+0000] {logging_mixin.py:190} INFO - [2025-02-10T15:29:25.250+0000] {dag.py:3239} INFO - Sync 1 DAGs
[2025-02-10T15:29:25.282+0000] {logging_mixin.py:190} INFO - [2025-02-10T15:29:25.281+0000] {dag.py:4180} INFO - Setting next_dagrun for tutorial to 2025-02-09 00:00:00+00:00, run_after=2025-02-10 00:00:00+00:00
[2025-02-10T15:29:25.354+0000] {processor.py:208} INFO - Processing /usr/local/lib/python3.9/dist-packages/airflow/example_dags/tutorial.py took 0.152 seconds
[2025-02-10T15:30:39.084+0000] {processor.py:186} INFO - Started process (PID=312) to work on /usr/local/lib/python3.9/dist-packages/airflow/example_dags/tutorial.py
[2025-02-10T15:30:39.086+0000] {processor.py:914} INFO - Processing file /usr/local/lib/python3.9/dist-packages/airflow/example_dags/tutorial.py for tasks to queue
[2025-02-10T15:30:39.088+0000] {logging_mixin.py:190} INFO - [2025-02-10T15:30:39.088+0000] {dagbag.py:588} INFO - Filling up the DagBag from /usr/local/lib/python3.9/dist-packages/airflow/example_dags/tutorial.py
[2025-02-10T15:30:39.096+0000] {processor.py:925} INFO - DAG(s) 'tutorial' retrieved from /usr/local/lib/python3.9/dist-packages/airflow/example_dags/tutorial.py
[2025-02-10T15:30:39.127+0000] {logging_mixin.py:190} INFO - [2025-02-10T15:30:39.126+0000] {dag.py:3239} INFO - Sync 1 DAGs
[2025-02-10T15:30:39.157+0000] {logging_mixin.py:190} INFO - [2025-02-10T15:30:39.157+0000] {dag.py:4180} INFO - Setting next_dagrun for tutorial to 2025-02-09 00:00:00+00:00, run_after=2025-02-10 00:00:00+00:00
[2025-02-10T15:30:39.232+0000] {processor.py:208} INFO - Processing /usr/local/lib/python3.9/dist-packages/airflow/example_dags/tutorial.py took 0.153 seconds
[2025-02-10T15:31:55.554+0000] {processor.py:186} INFO - Started process (PID=376) to work on /usr/local/lib/python3.9/dist-packages/airflow/example_dags/tutorial.py
[2025-02-10T15:31:55.555+0000] {processor.py:914} INFO - Processing file /usr/local/lib/python3.9/dist-packages/airflow/example_dags/tutorial.py for tasks to queue
[2025-02-10T15:31:55.558+0000] {logging_mixin.py:190} INFO - [2025-02-10T15:31:55.557+0000] {dagbag.py:588} INFO - Filling up the DagBag from /usr/local/lib/python3.9/dist-packages/airflow/example_dags/tutorial.py
[2025-02-10T15:31:55.566+0000] {processor.py:925} INFO - DAG(s) 'tutorial' retrieved from /usr/local/lib/python3.9/dist-packages/airflow/example_dags/tutorial.py
[2025-02-10T15:31:55.598+0000] {logging_mixin.py:190} INFO - [2025-02-10T15:31:55.597+0000] {dag.py:3239} INFO - Sync 1 DAGs
[2025-02-10T15:31:55.644+0000] {logging_mixin.py:190} INFO - [2025-02-10T15:31:55.643+0000] {dag.py:4180} INFO - Setting next_dagrun for tutorial to 2025-02-09 00:00:00+00:00, run_after=2025-02-10 00:00:00+00:00
[2025-02-10T15:31:55.744+0000] {processor.py:208} INFO - Processing /usr/local/lib/python3.9/dist-packages/airflow/example_dags/tutorial.py took 0.195 seconds
[2025-02-10T15:33:16.042+0000] {processor.py:186} INFO - Started process (PID=442) to work on /usr/local/lib/python3.9/dist-packages/airflow/example_dags/tutorial.py
[2025-02-10T15:33:16.044+0000] {processor.py:914} INFO - Processing file /usr/local/lib/python3.9/dist-packages/airflow/example_dags/tutorial.py for tasks to queue
[2025-02-10T15:33:16.047+0000] {logging_mixin.py:190} INFO - [2025-02-10T15:33:16.046+0000] {dagbag.py:588} INFO - Filling up the DagBag from /usr/local/lib/python3.9/dist-packages/airflow/example_dags/tutorial.py
[2025-02-10T15:33:16.055+0000] {processor.py:925} INFO - DAG(s) 'tutorial' retrieved from /usr/local/lib/python3.9/dist-packages/airflow/example_dags/tutorial.py
[2025-02-10T15:33:16.086+0000] {logging_mixin.py:190} INFO - [2025-02-10T15:33:16.086+0000] {dag.py:3239} INFO - Sync 1 DAGs
[2025-02-10T15:33:16.115+0000] {logging_mixin.py:190} INFO - [2025-02-10T15:33:16.115+0000] {dag.py:4180} INFO - Setting next_dagrun for tutorial to 2025-02-09 00:00:00+00:00, run_after=2025-02-10 00:00:00+00:00
[2025-02-10T15:33:16.187+0000] {processor.py:208} INFO - Processing /usr/local/lib/python3.9/dist-packages/airflow/example_dags/tutorial.py took 0.150 seconds
[2025-02-10T15:34:39.249+0000] {processor.py:186} INFO - Started process (PID=508) to work on /usr/local/lib/python3.9/dist-packages/airflow/example_dags/tutorial.py
[2025-02-10T15:34:39.251+0000] {processor.py:914} INFO - Processing file /usr/local/lib/python3.9/dist-packages/airflow/example_dags/tutorial.py for tasks to queue
[2025-02-10T15:34:39.254+0000] {logging_mixin.py:190} INFO - [2025-02-10T15:34:39.253+0000] {dagbag.py:588} INFO - Filling up the DagBag from /usr/local/lib/python3.9/dist-packages/airflow/example_dags/tutorial.py
[2025-02-10T15:34:39.261+0000] {processor.py:925} INFO - DAG(s) 'tutorial' retrieved from /usr/local/lib/python3.9/dist-packages/airflow/example_dags/tutorial.py
[2025-02-10T15:34:39.292+0000] {logging_mixin.py:190} INFO - [2025-02-10T15:34:39.291+0000] {dag.py:3239} INFO - Sync 1 DAGs
[2025-02-10T15:34:39.324+0000] {logging_mixin.py:190} INFO - [2025-02-10T15:34:39.324+0000] {dag.py:4180} INFO - Setting next_dagrun for tutorial to 2025-02-09 00:00:00+00:00, run_after=2025-02-10 00:00:00+00:00
[2025-02-10T15:34:39.404+0000] {processor.py:208} INFO - Processing /usr/local/lib/python3.9/dist-packages/airflow/example_dags/tutorial.py took 0.160 seconds
[2025-02-10T15:35:56.562+0000] {processor.py:186} INFO - Started process (PID=573) to work on /usr/local/lib/python3.9/dist-packages/airflow/example_dags/tutorial.py
[2025-02-10T15:35:56.564+0000] {processor.py:914} INFO - Processing file /usr/local/lib/python3.9/dist-packages/airflow/example_dags/tutorial.py for tasks to queue
[2025-02-10T15:35:56.566+0000] {logging_mixin.py:190} INFO - [2025-02-10T15:35:56.566+0000] {dagbag.py:588} INFO - Filling up the DagBag from /usr/local/lib/python3.9/dist-packages/airflow/example_dags/tutorial.py
[2025-02-10T15:35:56.574+0000] {processor.py:925} INFO - DAG(s) 'tutorial' retrieved from /usr/local/lib/python3.9/dist-packages/airflow/example_dags/tutorial.py
[2025-02-10T15:35:56.602+0000] {logging_mixin.py:190} INFO - [2025-02-10T15:35:56.602+0000] {dag.py:3239} INFO - Sync 1 DAGs
[2025-02-10T15:35:56.632+0000] {logging_mixin.py:190} INFO - [2025-02-10T15:35:56.632+0000] {dag.py:4180} INFO - Setting next_dagrun for tutorial to 2025-02-09 00:00:00+00:00, run_after=2025-02-10 00:00:00+00:00
[2025-02-10T15:35:56.701+0000] {processor.py:208} INFO - Processing /usr/local/lib/python3.9/dist-packages/airflow/example_dags/tutorial.py took 0.144 seconds
[2025-02-10T15:37:20.057+0000] {processor.py:186} INFO - Started process (PID=640) to work on /usr/local/lib/python3.9/dist-packages/airflow/example_dags/tutorial.py
[2025-02-10T15:37:20.058+0000] {processor.py:914} INFO - Processing file /usr/local/lib/python3.9/dist-packages/airflow/example_dags/tutorial.py for tasks to queue
[2025-02-10T15:37:20.061+0000] {logging_mixin.py:190} INFO - [2025-02-10T15:37:20.060+0000] {dagbag.py:588} INFO - Filling up the DagBag from /usr/local/lib/python3.9/dist-packages/airflow/example_dags/tutorial.py
[2025-02-10T15:37:20.069+0000] {processor.py:925} INFO - DAG(s) 'tutorial' retrieved from /usr/local/lib/python3.9/dist-packages/airflow/example_dags/tutorial.py
[2025-02-10T15:37:20.100+0000] {logging_mixin.py:190} INFO - [2025-02-10T15:37:20.100+0000] {dag.py:3239} INFO - Sync 1 DAGs
[2025-02-10T15:37:20.129+0000] {logging_mixin.py:190} INFO - [2025-02-10T15:37:20.129+0000] {dag.py:4180} INFO - Setting next_dagrun for tutorial to 2025-02-09 00:00:00+00:00, run_after=2025-02-10 00:00:00+00:00
[2025-02-10T15:37:20.208+0000] {processor.py:208} INFO - Processing /usr/local/lib/python3.9/dist-packages/airflow/example_dags/tutorial.py took 0.157 seconds
[2025-02-10T15:38:42.330+0000] {processor.py:186} INFO - Started process (PID=706) to work on /usr/local/lib/python3.9/dist-packages/airflow/example_dags/tutorial.py
[2025-02-10T15:38:42.331+0000] {processor.py:914} INFO - Processing file /usr/local/lib/python3.9/dist-packages/airflow/example_dags/tutorial.py for tasks to queue
[2025-02-10T15:38:42.334+0000] {logging_mixin.py:190} INFO - [2025-02-10T15:38:42.334+0000] {dagbag.py:588} INFO - Filling up the DagBag from /usr/local/lib/python3.9/dist-packages/airflow/example_dags/tutorial.py
[2025-02-10T15:38:42.342+0000] {processor.py:925} INFO - DAG(s) 'tutorial' retrieved from /usr/local/lib/python3.9/dist-packages/airflow/example_dags/tutorial.py
[2025-02-10T15:38:42.372+0000] {logging_mixin.py:190} INFO - [2025-02-10T15:38:42.372+0000] {dag.py:3239} INFO - Sync 1 DAGs
[2025-02-10T15:38:42.402+0000] {logging_mixin.py:190} INFO - [2025-02-10T15:38:42.402+0000] {dag.py:4180} INFO - Setting next_dagrun for tutorial to 2025-02-09 00:00:00+00:00, run_after=2025-02-10 00:00:00+00:00
[2025-02-10T15:38:42.478+0000] {processor.py:208} INFO - Processing /usr/local/lib/python3.9/dist-packages/airflow/example_dags/tutorial.py took 0.153 seconds
[2025-02-10T15:40:04.161+0000] {processor.py:186} INFO - Started process (PID=773) to work on /usr/local/lib/python3.9/dist-packages/airflow/example_dags/tutorial.py
[2025-02-10T15:40:04.162+0000] {processor.py:914} INFO - Processing file /usr/local/lib/python3.9/dist-packages/airflow/example_dags/tutorial.py for tasks to queue
[2025-02-10T15:40:04.165+0000] {logging_mixin.py:190} INFO - [2025-02-10T15:40:04.165+0000] {dagbag.py:588} INFO - Filling up the DagBag from /usr/local/lib/python3.9/dist-packages/airflow/example_dags/tutorial.py
[2025-02-10T15:40:04.172+0000] {processor.py:925} INFO - DAG(s) 'tutorial' retrieved from /usr/local/lib/python3.9/dist-packages/airflow/example_dags/tutorial.py
[2025-02-10T15:40:04.203+0000] {logging_mixin.py:190} INFO - [2025-02-10T15:40:04.203+0000] {dag.py:3239} INFO - Sync 1 DAGs
[2025-02-10T15:40:04.232+0000] {logging_mixin.py:190} INFO - [2025-02-10T15:40:04.232+0000] {dag.py:4180} INFO - Setting next_dagrun for tutorial to 2025-02-09 00:00:00+00:00, run_after=2025-02-10 00:00:00+00:00
[2025-02-10T15:40:04.306+0000] {processor.py:208} INFO - Processing /usr/local/lib/python3.9/dist-packages/airflow/example_dags/tutorial.py took 0.150 seconds
[2025-02-10T15:41:21.304+0000] {processor.py:186} INFO - Started process (PID=837) to work on /usr/local/lib/python3.9/dist-packages/airflow/example_dags/tutorial.py
[2025-02-10T15:41:21.306+0000] {processor.py:914} INFO - Processing file /usr/local/lib/python3.9/dist-packages/airflow/example_dags/tutorial.py for tasks to queue
[2025-02-10T15:41:21.308+0000] {logging_mixin.py:190} INFO - [2025-02-10T15:41:21.308+0000] {dagbag.py:588} INFO - Filling up the DagBag from /usr/local/lib/python3.9/dist-packages/airflow/example_dags/tutorial.py
[2025-02-10T15:41:21.315+0000] {processor.py:925} INFO - DAG(s) 'tutorial' retrieved from /usr/local/lib/python3.9/dist-packages/airflow/example_dags/tutorial.py
[2025-02-10T15:41:21.344+0000] {logging_mixin.py:190} INFO - [2025-02-10T15:41:21.343+0000] {dag.py:3239} INFO - Sync 1 DAGs
[2025-02-10T15:41:21.374+0000] {logging_mixin.py:190} INFO - [2025-02-10T15:41:21.374+0000] {dag.py:4180} INFO - Setting next_dagrun for tutorial to 2025-02-09 00:00:00+00:00, run_after=2025-02-10 00:00:00+00:00
[2025-02-10T15:41:21.448+0000] {processor.py:208} INFO - Processing /usr/local/lib/python3.9/dist-packages/airflow/example_dags/tutorial.py took 0.149 seconds
[2025-02-10T15:42:40.812+0000] {processor.py:186} INFO - Started process (PID=903) to work on /usr/local/lib/python3.9/dist-packages/airflow/example_dags/tutorial.py
[2025-02-10T15:42:40.813+0000] {processor.py:914} INFO - Processing file /usr/local/lib/python3.9/dist-packages/airflow/example_dags/tutorial.py for tasks to queue
[2025-02-10T15:42:40.816+0000] {logging_mixin.py:190} INFO - [2025-02-10T15:42:40.816+0000] {dagbag.py:588} INFO - Filling up the DagBag from /usr/local/lib/python3.9/dist-packages/airflow/example_dags/tutorial.py
[2025-02-10T15:42:40.824+0000] {processor.py:925} INFO - DAG(s) 'tutorial' retrieved from /usr/local/lib/python3.9/dist-packages/airflow/example_dags/tutorial.py
[2025-02-10T15:42:40.854+0000] {logging_mixin.py:190} INFO - [2025-02-10T15:42:40.854+0000] {dag.py:3239} INFO - Sync 1 DAGs
[2025-02-10T15:42:40.889+0000] {logging_mixin.py:190} INFO - [2025-02-10T15:42:40.889+0000] {dag.py:4180} INFO - Setting next_dagrun for tutorial to 2025-02-09 00:00:00+00:00, run_after=2025-02-10 00:00:00+00:00
[2025-02-10T15:42:40.973+0000] {processor.py:208} INFO - Processing /usr/local/lib/python3.9/dist-packages/airflow/example_dags/tutorial.py took 0.167 seconds
[2025-02-10T15:44:04.130+0000] {processor.py:186} INFO - Started process (PID=970) to work on /usr/local/lib/python3.9/dist-packages/airflow/example_dags/tutorial.py
[2025-02-10T15:44:04.132+0000] {processor.py:914} INFO - Processing file /usr/local/lib/python3.9/dist-packages/airflow/example_dags/tutorial.py for tasks to queue
[2025-02-10T15:44:04.135+0000] {logging_mixin.py:190} INFO - [2025-02-10T15:44:04.135+0000] {dagbag.py:588} INFO - Filling up the DagBag from /usr/local/lib/python3.9/dist-packages/airflow/example_dags/tutorial.py
[2025-02-10T15:44:04.143+0000] {processor.py:925} INFO - DAG(s) 'tutorial' retrieved from /usr/local/lib/python3.9/dist-packages/airflow/example_dags/tutorial.py
[2025-02-10T15:44:04.176+0000] {logging_mixin.py:190} INFO - [2025-02-10T15:44:04.175+0000] {dag.py:3239} INFO - Sync 1 DAGs
[2025-02-10T15:44:04.207+0000] {logging_mixin.py:190} INFO - [2025-02-10T15:44:04.207+0000] {dag.py:4180} INFO - Setting next_dagrun for tutorial to 2025-02-09 00:00:00+00:00, run_after=2025-02-10 00:00:00+00:00
[2025-02-10T15:44:04.290+0000] {processor.py:208} INFO - Processing /usr/local/lib/python3.9/dist-packages/airflow/example_dags/tutorial.py took 0.166 seconds
[2025-02-10T15:45:28.901+0000] {processor.py:186} INFO - Started process (PID=1037) to work on /usr/local/lib/python3.9/dist-packages/airflow/example_dags/tutorial.py
[2025-02-10T15:45:28.903+0000] {processor.py:914} INFO - Processing file /usr/local/lib/python3.9/dist-packages/airflow/example_dags/tutorial.py for tasks to queue
[2025-02-10T15:45:28.905+0000] {logging_mixin.py:190} INFO - [2025-02-10T15:45:28.905+0000] {dagbag.py:588} INFO - Filling up the DagBag from /usr/local/lib/python3.9/dist-packages/airflow/example_dags/tutorial.py
[2025-02-10T15:45:28.914+0000] {processor.py:925} INFO - DAG(s) 'tutorial' retrieved from /usr/local/lib/python3.9/dist-packages/airflow/example_dags/tutorial.py
[2025-02-10T15:45:28.945+0000] {logging_mixin.py:190} INFO - [2025-02-10T15:45:28.945+0000] {dag.py:3239} INFO - Sync 1 DAGs
[2025-02-10T15:45:28.976+0000] {logging_mixin.py:190} INFO - [2025-02-10T15:45:28.976+0000] {dag.py:4180} INFO - Setting next_dagrun for tutorial to 2025-02-09 00:00:00+00:00, run_after=2025-02-10 00:00:00+00:00
[2025-02-10T15:45:29.050+0000] {processor.py:208} INFO - Processing /usr/local/lib/python3.9/dist-packages/airflow/example_dags/tutorial.py took 0.155 seconds
[2025-02-10T15:46:46.498+0000] {processor.py:186} INFO - Started process (PID=1102) to work on /usr/local/lib/python3.9/dist-packages/airflow/example_dags/tutorial.py
[2025-02-10T15:46:46.500+0000] {processor.py:914} INFO - Processing file /usr/local/lib/python3.9/dist-packages/airflow/example_dags/tutorial.py for tasks to queue
[2025-02-10T15:46:46.502+0000] {logging_mixin.py:190} INFO - [2025-02-10T15:46:46.502+0000] {dagbag.py:588} INFO - Filling up the DagBag from /usr/local/lib/python3.9/dist-packages/airflow/example_dags/tutorial.py
[2025-02-10T15:46:46.510+0000] {processor.py:925} INFO - DAG(s) 'tutorial' retrieved from /usr/local/lib/python3.9/dist-packages/airflow/example_dags/tutorial.py
[2025-02-10T15:46:46.538+0000] {logging_mixin.py:190} INFO - [2025-02-10T15:46:46.537+0000] {dag.py:3239} INFO - Sync 1 DAGs
[2025-02-10T15:46:46.568+0000] {logging_mixin.py:190} INFO - [2025-02-10T15:46:46.568+0000] {dag.py:4180} INFO - Setting next_dagrun for tutorial to 2025-02-09 00:00:00+00:00, run_after=2025-02-10 00:00:00+00:00
[2025-02-10T15:46:46.639+0000] {processor.py:208} INFO - Processing /usr/local/lib/python3.9/dist-packages/airflow/example_dags/tutorial.py took 0.147 seconds
[2025-02-10T15:48:02.460+0000] {processor.py:186} INFO - Started process (PID=1167) to work on /usr/local/lib/python3.9/dist-packages/airflow/example_dags/tutorial.py
[2025-02-10T15:48:02.461+0000] {processor.py:914} INFO - Processing file /usr/local/lib/python3.9/dist-packages/airflow/example_dags/tutorial.py for tasks to queue
[2025-02-10T15:48:02.464+0000] {logging_mixin.py:190} INFO - [2025-02-10T15:48:02.464+0000] {dagbag.py:588} INFO - Filling up the DagBag from /usr/local/lib/python3.9/dist-packages/airflow/example_dags/tutorial.py
[2025-02-10T15:48:02.473+0000] {processor.py:925} INFO - DAG(s) 'tutorial' retrieved from /usr/local/lib/python3.9/dist-packages/airflow/example_dags/tutorial.py
[2025-02-10T15:48:02.503+0000] {logging_mixin.py:190} INFO - [2025-02-10T15:48:02.503+0000] {dag.py:3239} INFO - Sync 1 DAGs
[2025-02-10T15:48:02.533+0000] {logging_mixin.py:190} INFO - [2025-02-10T15:48:02.532+0000] {dag.py:4180} INFO - Setting next_dagrun for tutorial to 2025-02-09 00:00:00+00:00, run_after=2025-02-10 00:00:00+00:00
[2025-02-10T15:48:02.605+0000] {processor.py:208} INFO - Processing /usr/local/lib/python3.9/dist-packages/airflow/example_dags/tutorial.py took 0.151 seconds
[2025-02-10T15:49:16.501+0000] {processor.py:186} INFO - Started process (PID=1231) to work on /usr/local/lib/python3.9/dist-packages/airflow/example_dags/tutorial.py
[2025-02-10T15:49:16.502+0000] {processor.py:914} INFO - Processing file /usr/local/lib/python3.9/dist-packages/airflow/example_dags/tutorial.py for tasks to queue
[2025-02-10T15:49:16.505+0000] {logging_mixin.py:190} INFO - [2025-02-10T15:49:16.505+0000] {dagbag.py:588} INFO - Filling up the DagBag from /usr/local/lib/python3.9/dist-packages/airflow/example_dags/tutorial.py
[2025-02-10T15:49:16.513+0000] {processor.py:925} INFO - DAG(s) 'tutorial' retrieved from /usr/local/lib/python3.9/dist-packages/airflow/example_dags/tutorial.py
[2025-02-10T15:49:16.543+0000] {logging_mixin.py:190} INFO - [2025-02-10T15:49:16.543+0000] {dag.py:3239} INFO - Sync 1 DAGs
[2025-02-10T15:49:16.577+0000] {logging_mixin.py:190} INFO - [2025-02-10T15:49:16.577+0000] {dag.py:4180} INFO - Setting next_dagrun for tutorial to 2025-02-09 00:00:00+00:00, run_after=2025-02-10 00:00:00+00:00
[2025-02-10T15:49:16.649+0000] {processor.py:208} INFO - Processing /usr/local/lib/python3.9/dist-packages/airflow/example_dags/tutorial.py took 0.153 seconds
[2025-02-10T15:50:31.295+0000] {processor.py:186} INFO - Started process (PID=1293) to work on /usr/local/lib/python3.9/dist-packages/airflow/example_dags/tutorial.py
[2025-02-10T15:50:31.297+0000] {processor.py:914} INFO - Processing file /usr/local/lib/python3.9/dist-packages/airflow/example_dags/tutorial.py for tasks to queue
[2025-02-10T15:50:31.299+0000] {logging_mixin.py:190} INFO - [2025-02-10T15:50:31.299+0000] {dagbag.py:588} INFO - Filling up the DagBag from /usr/local/lib/python3.9/dist-packages/airflow/example_dags/tutorial.py
[2025-02-10T15:50:31.307+0000] {processor.py:925} INFO - DAG(s) 'tutorial' retrieved from /usr/local/lib/python3.9/dist-packages/airflow/example_dags/tutorial.py
[2025-02-10T15:50:31.337+0000] {logging_mixin.py:190} INFO - [2025-02-10T15:50:31.336+0000] {dag.py:3239} INFO - Sync 1 DAGs
[2025-02-10T15:50:31.366+0000] {logging_mixin.py:190} INFO - [2025-02-10T15:50:31.366+0000] {dag.py:4180} INFO - Setting next_dagrun for tutorial to 2025-02-09 00:00:00+00:00, run_after=2025-02-10 00:00:00+00:00
[2025-02-10T15:50:31.437+0000] {processor.py:208} INFO - Processing /usr/local/lib/python3.9/dist-packages/airflow/example_dags/tutorial.py took 0.147 seconds
[2025-02-10T15:51:48.864+0000] {processor.py:186} INFO - Started process (PID=1357) to work on /usr/local/lib/python3.9/dist-packages/airflow/example_dags/tutorial.py
[2025-02-10T15:51:48.866+0000] {processor.py:914} INFO - Processing file /usr/local/lib/python3.9/dist-packages/airflow/example_dags/tutorial.py for tasks to queue
[2025-02-10T15:51:48.868+0000] {logging_mixin.py:190} INFO - [2025-02-10T15:51:48.868+0000] {dagbag.py:588} INFO - Filling up the DagBag from /usr/local/lib/python3.9/dist-packages/airflow/example_dags/tutorial.py
[2025-02-10T15:51:48.876+0000] {processor.py:925} INFO - DAG(s) 'tutorial' retrieved from /usr/local/lib/python3.9/dist-packages/airflow/example_dags/tutorial.py
[2025-02-10T15:51:48.908+0000] {logging_mixin.py:190} INFO - [2025-02-10T15:51:48.908+0000] {dag.py:3239} INFO - Sync 1 DAGs
[2025-02-10T15:51:48.940+0000] {logging_mixin.py:190} INFO - [2025-02-10T15:51:48.940+0000] {dag.py:4180} INFO - Setting next_dagrun for tutorial to 2025-02-09 00:00:00+00:00, run_after=2025-02-10 00:00:00+00:00
[2025-02-10T15:51:49.018+0000] {processor.py:208} INFO - Processing /usr/local/lib/python3.9/dist-packages/airflow/example_dags/tutorial.py took 0.159 seconds
[2025-02-10T15:53:04.398+0000] {processor.py:186} INFO - Started process (PID=1420) to work on /usr/local/lib/python3.9/dist-packages/airflow/example_dags/tutorial.py
[2025-02-10T15:53:04.399+0000] {processor.py:914} INFO - Processing file /usr/local/lib/python3.9/dist-packages/airflow/example_dags/tutorial.py for tasks to queue
[2025-02-10T15:53:04.402+0000] {logging_mixin.py:190} INFO - [2025-02-10T15:53:04.402+0000] {dagbag.py:588} INFO - Filling up the DagBag from /usr/local/lib/python3.9/dist-packages/airflow/example_dags/tutorial.py
[2025-02-10T15:53:04.409+0000] {processor.py:925} INFO - DAG(s) 'tutorial' retrieved from /usr/local/lib/python3.9/dist-packages/airflow/example_dags/tutorial.py
[2025-02-10T15:53:04.438+0000] {logging_mixin.py:190} INFO - [2025-02-10T15:53:04.438+0000] {dag.py:3239} INFO - Sync 1 DAGs
[2025-02-10T15:53:04.467+0000] {logging_mixin.py:190} INFO - [2025-02-10T15:53:04.467+0000] {dag.py:4180} INFO - Setting next_dagrun for tutorial to 2025-02-09 00:00:00+00:00, run_after=2025-02-10 00:00:00+00:00
[2025-02-10T15:53:04.538+0000] {processor.py:208} INFO - Processing /usr/local/lib/python3.9/dist-packages/airflow/example_dags/tutorial.py took 0.146 seconds
[2025-02-10T15:54:22.132+0000] {processor.py:186} INFO - Started process (PID=1485) to work on /usr/local/lib/python3.9/dist-packages/airflow/example_dags/tutorial.py
[2025-02-10T15:54:22.133+0000] {processor.py:914} INFO - Processing file /usr/local/lib/python3.9/dist-packages/airflow/example_dags/tutorial.py for tasks to queue
[2025-02-10T15:54:22.136+0000] {logging_mixin.py:190} INFO - [2025-02-10T15:54:22.136+0000] {dagbag.py:588} INFO - Filling up the DagBag from /usr/local/lib/python3.9/dist-packages/airflow/example_dags/tutorial.py
[2025-02-10T15:54:22.144+0000] {processor.py:925} INFO - DAG(s) 'tutorial' retrieved from /usr/local/lib/python3.9/dist-packages/airflow/example_dags/tutorial.py
[2025-02-10T15:54:22.174+0000] {logging_mixin.py:190} INFO - [2025-02-10T15:54:22.174+0000] {dag.py:3239} INFO - Sync 1 DAGs
[2025-02-10T15:54:22.203+0000] {logging_mixin.py:190} INFO - [2025-02-10T15:54:22.203+0000] {dag.py:4180} INFO - Setting next_dagrun for tutorial to 2025-02-09 00:00:00+00:00, run_after=2025-02-10 00:00:00+00:00
[2025-02-10T15:54:22.279+0000] {processor.py:208} INFO - Processing /usr/local/lib/python3.9/dist-packages/airflow/example_dags/tutorial.py took 0.152 seconds
[2025-02-10T15:55:41.542+0000] {processor.py:186} INFO - Started process (PID=1550) to work on /usr/local/lib/python3.9/dist-packages/airflow/example_dags/tutorial.py
[2025-02-10T15:55:41.543+0000] {processor.py:914} INFO - Processing file /usr/local/lib/python3.9/dist-packages/airflow/example_dags/tutorial.py for tasks to queue
[2025-02-10T15:55:41.546+0000] {logging_mixin.py:190} INFO - [2025-02-10T15:55:41.546+0000] {dagbag.py:588} INFO - Filling up the DagBag from /usr/local/lib/python3.9/dist-packages/airflow/example_dags/tutorial.py
[2025-02-10T15:55:41.554+0000] {processor.py:925} INFO - DAG(s) 'tutorial' retrieved from /usr/local/lib/python3.9/dist-packages/airflow/example_dags/tutorial.py
[2025-02-10T15:55:41.583+0000] {logging_mixin.py:190} INFO - [2025-02-10T15:55:41.583+0000] {dag.py:3239} INFO - Sync 1 DAGs
[2025-02-10T15:55:41.614+0000] {logging_mixin.py:190} INFO - [2025-02-10T15:55:41.614+0000] {dag.py:4180} INFO - Setting next_dagrun for tutorial to 2025-02-09 00:00:00+00:00, run_after=2025-02-10 00:00:00+00:00
[2025-02-10T15:55:41.696+0000] {processor.py:208} INFO - Processing /usr/local/lib/python3.9/dist-packages/airflow/example_dags/tutorial.py took 0.159 seconds
[2025-02-10T15:57:02.055+0000] {processor.py:186} INFO - Started process (PID=1616) to work on /usr/local/lib/python3.9/dist-packages/airflow/example_dags/tutorial.py
[2025-02-10T15:57:02.056+0000] {processor.py:914} INFO - Processing file /usr/local/lib/python3.9/dist-packages/airflow/example_dags/tutorial.py for tasks to queue
[2025-02-10T15:57:02.059+0000] {logging_mixin.py:190} INFO - [2025-02-10T15:57:02.059+0000] {dagbag.py:588} INFO - Filling up the DagBag from /usr/local/lib/python3.9/dist-packages/airflow/example_dags/tutorial.py
[2025-02-10T15:57:02.067+0000] {processor.py:925} INFO - DAG(s) 'tutorial' retrieved from /usr/local/lib/python3.9/dist-packages/airflow/example_dags/tutorial.py
[2025-02-10T15:57:02.097+0000] {logging_mixin.py:190} INFO - [2025-02-10T15:57:02.097+0000] {dag.py:3239} INFO - Sync 1 DAGs
[2025-02-10T15:57:02.127+0000] {logging_mixin.py:190} INFO - [2025-02-10T15:57:02.126+0000] {dag.py:4180} INFO - Setting next_dagrun for tutorial to 2025-02-09 00:00:00+00:00, run_after=2025-02-10 00:00:00+00:00
[2025-02-10T15:57:02.206+0000] {processor.py:208} INFO - Processing /usr/local/lib/python3.9/dist-packages/airflow/example_dags/tutorial.py took 0.156 seconds
[2025-02-10T15:58:18.859+0000] {processor.py:186} INFO - Started process (PID=1680) to work on /usr/local/lib/python3.9/dist-packages/airflow/example_dags/tutorial.py
[2025-02-10T15:58:18.861+0000] {processor.py:914} INFO - Processing file /usr/local/lib/python3.9/dist-packages/airflow/example_dags/tutorial.py for tasks to queue
[2025-02-10T15:58:18.863+0000] {logging_mixin.py:190} INFO - [2025-02-10T15:58:18.863+0000] {dagbag.py:588} INFO - Filling up the DagBag from /usr/local/lib/python3.9/dist-packages/airflow/example_dags/tutorial.py
[2025-02-10T15:58:18.871+0000] {processor.py:925} INFO - DAG(s) 'tutorial' retrieved from /usr/local/lib/python3.9/dist-packages/airflow/example_dags/tutorial.py
[2025-02-10T15:58:18.899+0000] {logging_mixin.py:190} INFO - [2025-02-10T15:58:18.899+0000] {dag.py:3239} INFO - Sync 1 DAGs
[2025-02-10T15:58:18.930+0000] {logging_mixin.py:190} INFO - [2025-02-10T15:58:18.930+0000] {dag.py:4180} INFO - Setting next_dagrun for tutorial to 2025-02-09 00:00:00+00:00, run_after=2025-02-10 00:00:00+00:00
[2025-02-10T15:58:19.008+0000] {processor.py:208} INFO - Processing /usr/local/lib/python3.9/dist-packages/airflow/example_dags/tutorial.py took 0.153 seconds
[2025-02-10T15:59:37.961+0000] {processor.py:186} INFO - Started process (PID=1746) to work on /usr/local/lib/python3.9/dist-packages/airflow/example_dags/tutorial.py
[2025-02-10T15:59:37.963+0000] {processor.py:914} INFO - Processing file /usr/local/lib/python3.9/dist-packages/airflow/example_dags/tutorial.py for tasks to queue
[2025-02-10T15:59:37.965+0000] {logging_mixin.py:190} INFO - [2025-02-10T15:59:37.965+0000] {dagbag.py:588} INFO - Filling up the DagBag from /usr/local/lib/python3.9/dist-packages/airflow/example_dags/tutorial.py
[2025-02-10T15:59:37.974+0000] {processor.py:925} INFO - DAG(s) 'tutorial' retrieved from /usr/local/lib/python3.9/dist-packages/airflow/example_dags/tutorial.py
[2025-02-10T15:59:38.005+0000] {logging_mixin.py:190} INFO - [2025-02-10T15:59:38.004+0000] {dag.py:3239} INFO - Sync 1 DAGs
[2025-02-10T15:59:38.035+0000] {logging_mixin.py:190} INFO - [2025-02-10T15:59:38.035+0000] {dag.py:4180} INFO - Setting next_dagrun for tutorial to 2025-02-09 00:00:00+00:00, run_after=2025-02-10 00:00:00+00:00
[2025-02-10T15:59:38.108+0000] {processor.py:208} INFO - Processing /usr/local/lib/python3.9/dist-packages/airflow/example_dags/tutorial.py took 0.153 seconds
[2025-02-10T16:00:57.516+0000] {processor.py:186} INFO - Started process (PID=1811) to work on /usr/local/lib/python3.9/dist-packages/airflow/example_dags/tutorial.py
[2025-02-10T16:00:57.517+0000] {processor.py:914} INFO - Processing file /usr/local/lib/python3.9/dist-packages/airflow/example_dags/tutorial.py for tasks to queue
[2025-02-10T16:00:57.520+0000] {logging_mixin.py:190} INFO - [2025-02-10T16:00:57.520+0000] {dagbag.py:588} INFO - Filling up the DagBag from /usr/local/lib/python3.9/dist-packages/airflow/example_dags/tutorial.py
[2025-02-10T16:00:57.529+0000] {processor.py:925} INFO - DAG(s) 'tutorial' retrieved from /usr/local/lib/python3.9/dist-packages/airflow/example_dags/tutorial.py
[2025-02-10T16:00:57.568+0000] {logging_mixin.py:190} INFO - [2025-02-10T16:00:57.568+0000] {dag.py:3239} INFO - Sync 1 DAGs
[2025-02-10T16:00:57.607+0000] {logging_mixin.py:190} INFO - [2025-02-10T16:00:57.607+0000] {dag.py:4180} INFO - Setting next_dagrun for tutorial to 2025-02-09 00:00:00+00:00, run_after=2025-02-10 00:00:00+00:00
[2025-02-10T16:00:57.697+0000] {processor.py:208} INFO - Processing /usr/local/lib/python3.9/dist-packages/airflow/example_dags/tutorial.py took 0.187 seconds
[2025-02-10T16:03:54.889+0000] {processor.py:186} INFO - Started process (PID=62) to work on /usr/local/lib/python3.9/dist-packages/airflow/example_dags/tutorial.py
[2025-02-10T16:03:54.891+0000] {processor.py:914} INFO - Processing file /usr/local/lib/python3.9/dist-packages/airflow/example_dags/tutorial.py for tasks to queue
[2025-02-10T16:03:54.894+0000] {logging_mixin.py:190} INFO - [2025-02-10T16:03:54.893+0000] {dagbag.py:588} INFO - Filling up the DagBag from /usr/local/lib/python3.9/dist-packages/airflow/example_dags/tutorial.py
[2025-02-10T16:03:54.901+0000] {processor.py:925} INFO - DAG(s) 'tutorial' retrieved from /usr/local/lib/python3.9/dist-packages/airflow/example_dags/tutorial.py
[2025-02-10T16:03:54.938+0000] {logging_mixin.py:190} INFO - [2025-02-10T16:03:54.938+0000] {dag.py:3239} INFO - Sync 1 DAGs
[2025-02-10T16:03:54.967+0000] {logging_mixin.py:190} INFO - [2025-02-10T16:03:54.967+0000] {dag.py:4180} INFO - Setting next_dagrun for tutorial to 2025-02-09 00:00:00+00:00, run_after=2025-02-10 00:00:00+00:00
[2025-02-10T16:03:55.043+0000] {processor.py:208} INFO - Processing /usr/local/lib/python3.9/dist-packages/airflow/example_dags/tutorial.py took 0.160 seconds
[2025-02-10T16:05:12.269+0000] {processor.py:186} INFO - Started process (PID=127) to work on /usr/local/lib/python3.9/dist-packages/airflow/example_dags/tutorial.py
[2025-02-10T16:05:12.270+0000] {processor.py:914} INFO - Processing file /usr/local/lib/python3.9/dist-packages/airflow/example_dags/tutorial.py for tasks to queue
[2025-02-10T16:05:12.273+0000] {logging_mixin.py:190} INFO - [2025-02-10T16:05:12.273+0000] {dagbag.py:588} INFO - Filling up the DagBag from /usr/local/lib/python3.9/dist-packages/airflow/example_dags/tutorial.py
[2025-02-10T16:05:12.281+0000] {processor.py:925} INFO - DAG(s) 'tutorial' retrieved from /usr/local/lib/python3.9/dist-packages/airflow/example_dags/tutorial.py
[2025-02-10T16:05:12.312+0000] {logging_mixin.py:190} INFO - [2025-02-10T16:05:12.311+0000] {dag.py:3239} INFO - Sync 1 DAGs
[2025-02-10T16:05:12.342+0000] {logging_mixin.py:190} INFO - [2025-02-10T16:05:12.342+0000] {dag.py:4180} INFO - Setting next_dagrun for tutorial to 2025-02-09 00:00:00+00:00, run_after=2025-02-10 00:00:00+00:00
[2025-02-10T16:05:12.414+0000] {processor.py:208} INFO - Processing /usr/local/lib/python3.9/dist-packages/airflow/example_dags/tutorial.py took 0.151 seconds
[2025-02-10T16:06:27.150+0000] {processor.py:186} INFO - Started process (PID=190) to work on /usr/local/lib/python3.9/dist-packages/airflow/example_dags/tutorial.py
[2025-02-10T16:06:27.152+0000] {processor.py:914} INFO - Processing file /usr/local/lib/python3.9/dist-packages/airflow/example_dags/tutorial.py for tasks to queue
[2025-02-10T16:06:27.154+0000] {logging_mixin.py:190} INFO - [2025-02-10T16:06:27.154+0000] {dagbag.py:588} INFO - Filling up the DagBag from /usr/local/lib/python3.9/dist-packages/airflow/example_dags/tutorial.py
[2025-02-10T16:06:27.162+0000] {processor.py:925} INFO - DAG(s) 'tutorial' retrieved from /usr/local/lib/python3.9/dist-packages/airflow/example_dags/tutorial.py
[2025-02-10T16:06:27.194+0000] {logging_mixin.py:190} INFO - [2025-02-10T16:06:27.193+0000] {dag.py:3239} INFO - Sync 1 DAGs
[2025-02-10T16:06:27.225+0000] {logging_mixin.py:190} INFO - [2025-02-10T16:06:27.225+0000] {dag.py:4180} INFO - Setting next_dagrun for tutorial to 2025-02-09 00:00:00+00:00, run_after=2025-02-10 00:00:00+00:00
[2025-02-10T16:06:27.310+0000] {processor.py:208} INFO - Processing /usr/local/lib/python3.9/dist-packages/airflow/example_dags/tutorial.py took 0.165 seconds
[2025-02-10T16:07:43.188+0000] {processor.py:186} INFO - Started process (PID=254) to work on /usr/local/lib/python3.9/dist-packages/airflow/example_dags/tutorial.py
[2025-02-10T16:07:43.190+0000] {processor.py:914} INFO - Processing file /usr/local/lib/python3.9/dist-packages/airflow/example_dags/tutorial.py for tasks to queue
[2025-02-10T16:07:43.193+0000] {logging_mixin.py:190} INFO - [2025-02-10T16:07:43.192+0000] {dagbag.py:588} INFO - Filling up the DagBag from /usr/local/lib/python3.9/dist-packages/airflow/example_dags/tutorial.py
[2025-02-10T16:07:43.202+0000] {processor.py:925} INFO - DAG(s) 'tutorial' retrieved from /usr/local/lib/python3.9/dist-packages/airflow/example_dags/tutorial.py
[2025-02-10T16:07:43.234+0000] {logging_mixin.py:190} INFO - [2025-02-10T16:07:43.234+0000] {dag.py:3239} INFO - Sync 1 DAGs
[2025-02-10T16:07:43.267+0000] {logging_mixin.py:190} INFO - [2025-02-10T16:07:43.267+0000] {dag.py:4180} INFO - Setting next_dagrun for tutorial to 2025-02-09 00:00:00+00:00, run_after=2025-02-10 00:00:00+00:00
[2025-02-10T16:07:43.344+0000] {processor.py:208} INFO - Processing /usr/local/lib/python3.9/dist-packages/airflow/example_dags/tutorial.py took 0.162 seconds
[2025-02-10T16:08:53.042+0000] {processor.py:186} INFO - Started process (PID=311) to work on /usr/local/lib/python3.9/dist-packages/airflow/example_dags/tutorial.py
[2025-02-10T16:08:53.043+0000] {processor.py:914} INFO - Processing file /usr/local/lib/python3.9/dist-packages/airflow/example_dags/tutorial.py for tasks to queue
[2025-02-10T16:08:53.046+0000] {logging_mixin.py:190} INFO - [2025-02-10T16:08:53.046+0000] {dagbag.py:588} INFO - Filling up the DagBag from /usr/local/lib/python3.9/dist-packages/airflow/example_dags/tutorial.py
[2025-02-10T16:08:53.054+0000] {processor.py:925} INFO - DAG(s) 'tutorial' retrieved from /usr/local/lib/python3.9/dist-packages/airflow/example_dags/tutorial.py
[2025-02-10T16:08:53.086+0000] {logging_mixin.py:190} INFO - [2025-02-10T16:08:53.085+0000] {dag.py:3239} INFO - Sync 1 DAGs
[2025-02-10T16:08:53.117+0000] {logging_mixin.py:190} INFO - [2025-02-10T16:08:53.117+0000] {dag.py:4180} INFO - Setting next_dagrun for tutorial to 2025-02-09 00:00:00+00:00, run_after=2025-02-10 00:00:00+00:00
[2025-02-10T16:08:53.200+0000] {processor.py:208} INFO - Processing /usr/local/lib/python3.9/dist-packages/airflow/example_dags/tutorial.py took 0.163 seconds
[2025-02-10T16:10:12.476+0000] {processor.py:186} INFO - Started process (PID=376) to work on /usr/local/lib/python3.9/dist-packages/airflow/example_dags/tutorial.py
[2025-02-10T16:10:12.478+0000] {processor.py:914} INFO - Processing file /usr/local/lib/python3.9/dist-packages/airflow/example_dags/tutorial.py for tasks to queue
[2025-02-10T16:10:12.481+0000] {logging_mixin.py:190} INFO - [2025-02-10T16:10:12.481+0000] {dagbag.py:588} INFO - Filling up the DagBag from /usr/local/lib/python3.9/dist-packages/airflow/example_dags/tutorial.py
[2025-02-10T16:10:12.489+0000] {processor.py:925} INFO - DAG(s) 'tutorial' retrieved from /usr/local/lib/python3.9/dist-packages/airflow/example_dags/tutorial.py
[2025-02-10T16:10:12.522+0000] {logging_mixin.py:190} INFO - [2025-02-10T16:10:12.521+0000] {dag.py:3239} INFO - Sync 1 DAGs
[2025-02-10T16:10:12.559+0000] {logging_mixin.py:190} INFO - [2025-02-10T16:10:12.558+0000] {dag.py:4180} INFO - Setting next_dagrun for tutorial to 2025-02-09 00:00:00+00:00, run_after=2025-02-10 00:00:00+00:00
[2025-02-10T16:10:12.638+0000] {processor.py:208} INFO - Processing /usr/local/lib/python3.9/dist-packages/airflow/example_dags/tutorial.py took 0.167 seconds
[2025-02-10T16:11:28.337+0000] {processor.py:186} INFO - Started process (PID=440) to work on /usr/local/lib/python3.9/dist-packages/airflow/example_dags/tutorial.py
[2025-02-10T16:11:28.339+0000] {processor.py:914} INFO - Processing file /usr/local/lib/python3.9/dist-packages/airflow/example_dags/tutorial.py for tasks to queue
[2025-02-10T16:11:28.342+0000] {logging_mixin.py:190} INFO - [2025-02-10T16:11:28.342+0000] {dagbag.py:588} INFO - Filling up the DagBag from /usr/local/lib/python3.9/dist-packages/airflow/example_dags/tutorial.py
[2025-02-10T16:11:28.350+0000] {processor.py:925} INFO - DAG(s) 'tutorial' retrieved from /usr/local/lib/python3.9/dist-packages/airflow/example_dags/tutorial.py
[2025-02-10T16:11:28.384+0000] {logging_mixin.py:190} INFO - [2025-02-10T16:11:28.383+0000] {dag.py:3239} INFO - Sync 1 DAGs
[2025-02-10T16:11:28.418+0000] {logging_mixin.py:190} INFO - [2025-02-10T16:11:28.418+0000] {dag.py:4180} INFO - Setting next_dagrun for tutorial to 2025-02-09 00:00:00+00:00, run_after=2025-02-10 00:00:00+00:00
[2025-02-10T16:11:28.500+0000] {processor.py:208} INFO - Processing /usr/local/lib/python3.9/dist-packages/airflow/example_dags/tutorial.py took 0.168 seconds
[2025-02-10T16:12:42.163+0000] {processor.py:186} INFO - Started process (PID=503) to work on /usr/local/lib/python3.9/dist-packages/airflow/example_dags/tutorial.py
[2025-02-10T16:12:42.165+0000] {processor.py:914} INFO - Processing file /usr/local/lib/python3.9/dist-packages/airflow/example_dags/tutorial.py for tasks to queue
[2025-02-10T16:12:42.167+0000] {logging_mixin.py:190} INFO - [2025-02-10T16:12:42.167+0000] {dagbag.py:588} INFO - Filling up the DagBag from /usr/local/lib/python3.9/dist-packages/airflow/example_dags/tutorial.py
[2025-02-10T16:12:42.175+0000] {processor.py:925} INFO - DAG(s) 'tutorial' retrieved from /usr/local/lib/python3.9/dist-packages/airflow/example_dags/tutorial.py
[2025-02-10T16:12:42.206+0000] {logging_mixin.py:190} INFO - [2025-02-10T16:12:42.205+0000] {dag.py:3239} INFO - Sync 1 DAGs
[2025-02-10T16:12:42.236+0000] {logging_mixin.py:190} INFO - [2025-02-10T16:12:42.236+0000] {dag.py:4180} INFO - Setting next_dagrun for tutorial to 2025-02-09 00:00:00+00:00, run_after=2025-02-10 00:00:00+00:00
[2025-02-10T16:12:42.309+0000] {processor.py:208} INFO - Processing /usr/local/lib/python3.9/dist-packages/airflow/example_dags/tutorial.py took 0.151 seconds
[2025-02-10T16:13:54.550+0000] {processor.py:186} INFO - Started process (PID=565) to work on /usr/local/lib/python3.9/dist-packages/airflow/example_dags/tutorial.py
[2025-02-10T16:13:54.552+0000] {processor.py:914} INFO - Processing file /usr/local/lib/python3.9/dist-packages/airflow/example_dags/tutorial.py for tasks to queue
[2025-02-10T16:13:54.554+0000] {logging_mixin.py:190} INFO - [2025-02-10T16:13:54.554+0000] {dagbag.py:588} INFO - Filling up the DagBag from /usr/local/lib/python3.9/dist-packages/airflow/example_dags/tutorial.py
[2025-02-10T16:13:54.562+0000] {processor.py:925} INFO - DAG(s) 'tutorial' retrieved from /usr/local/lib/python3.9/dist-packages/airflow/example_dags/tutorial.py
[2025-02-10T16:13:54.592+0000] {logging_mixin.py:190} INFO - [2025-02-10T16:13:54.591+0000] {dag.py:3239} INFO - Sync 1 DAGs
[2025-02-10T16:13:54.622+0000] {logging_mixin.py:190} INFO - [2025-02-10T16:13:54.622+0000] {dag.py:4180} INFO - Setting next_dagrun for tutorial to 2025-02-09 00:00:00+00:00, run_after=2025-02-10 00:00:00+00:00
[2025-02-10T16:13:54.700+0000] {processor.py:208} INFO - Processing /usr/local/lib/python3.9/dist-packages/airflow/example_dags/tutorial.py took 0.155 seconds
[2025-02-10T16:15:10.004+0000] {processor.py:186} INFO - Started process (PID=628) to work on /usr/local/lib/python3.9/dist-packages/airflow/example_dags/tutorial.py
[2025-02-10T16:15:10.006+0000] {processor.py:914} INFO - Processing file /usr/local/lib/python3.9/dist-packages/airflow/example_dags/tutorial.py for tasks to queue
[2025-02-10T16:15:10.009+0000] {logging_mixin.py:190} INFO - [2025-02-10T16:15:10.008+0000] {dagbag.py:588} INFO - Filling up the DagBag from /usr/local/lib/python3.9/dist-packages/airflow/example_dags/tutorial.py
[2025-02-10T16:15:10.017+0000] {processor.py:925} INFO - DAG(s) 'tutorial' retrieved from /usr/local/lib/python3.9/dist-packages/airflow/example_dags/tutorial.py
[2025-02-10T16:15:10.045+0000] {logging_mixin.py:190} INFO - [2025-02-10T16:15:10.045+0000] {dag.py:3239} INFO - Sync 1 DAGs
[2025-02-10T16:15:10.075+0000] {logging_mixin.py:190} INFO - [2025-02-10T16:15:10.075+0000] {dag.py:4180} INFO - Setting next_dagrun for tutorial to 2025-02-09 00:00:00+00:00, run_after=2025-02-10 00:00:00+00:00
[2025-02-10T16:15:10.151+0000] {processor.py:208} INFO - Processing /usr/local/lib/python3.9/dist-packages/airflow/example_dags/tutorial.py took 0.152 seconds
[2025-02-10T16:16:30.132+0000] {processor.py:186} INFO - Started process (PID=694) to work on /usr/local/lib/python3.9/dist-packages/airflow/example_dags/tutorial.py
[2025-02-10T16:16:30.133+0000] {processor.py:914} INFO - Processing file /usr/local/lib/python3.9/dist-packages/airflow/example_dags/tutorial.py for tasks to queue
[2025-02-10T16:16:30.136+0000] {logging_mixin.py:190} INFO - [2025-02-10T16:16:30.136+0000] {dagbag.py:588} INFO - Filling up the DagBag from /usr/local/lib/python3.9/dist-packages/airflow/example_dags/tutorial.py
[2025-02-10T16:16:30.144+0000] {processor.py:925} INFO - DAG(s) 'tutorial' retrieved from /usr/local/lib/python3.9/dist-packages/airflow/example_dags/tutorial.py
[2025-02-10T16:16:30.176+0000] {logging_mixin.py:190} INFO - [2025-02-10T16:16:30.175+0000] {dag.py:3239} INFO - Sync 1 DAGs
[2025-02-10T16:16:30.210+0000] {logging_mixin.py:190} INFO - [2025-02-10T16:16:30.210+0000] {dag.py:4180} INFO - Setting next_dagrun for tutorial to 2025-02-09 00:00:00+00:00, run_after=2025-02-10 00:00:00+00:00
[2025-02-10T16:16:30.301+0000] {processor.py:208} INFO - Processing /usr/local/lib/python3.9/dist-packages/airflow/example_dags/tutorial.py took 0.175 seconds
[2025-02-10T16:17:45.606+0000] {processor.py:186} INFO - Started process (PID=759) to work on /usr/local/lib/python3.9/dist-packages/airflow/example_dags/tutorial.py
[2025-02-10T16:17:45.608+0000] {processor.py:914} INFO - Processing file /usr/local/lib/python3.9/dist-packages/airflow/example_dags/tutorial.py for tasks to queue
[2025-02-10T16:17:45.611+0000] {logging_mixin.py:190} INFO - [2025-02-10T16:17:45.610+0000] {dagbag.py:588} INFO - Filling up the DagBag from /usr/local/lib/python3.9/dist-packages/airflow/example_dags/tutorial.py
[2025-02-10T16:17:45.620+0000] {processor.py:925} INFO - DAG(s) 'tutorial' retrieved from /usr/local/lib/python3.9/dist-packages/airflow/example_dags/tutorial.py
[2025-02-10T16:17:45.651+0000] {logging_mixin.py:190} INFO - [2025-02-10T16:17:45.651+0000] {dag.py:3239} INFO - Sync 1 DAGs
[2025-02-10T16:17:45.682+0000] {logging_mixin.py:190} INFO - [2025-02-10T16:17:45.681+0000] {dag.py:4180} INFO - Setting next_dagrun for tutorial to 2025-02-09 00:00:00+00:00, run_after=2025-02-10 00:00:00+00:00
[2025-02-10T16:17:45.764+0000] {processor.py:208} INFO - Processing /usr/local/lib/python3.9/dist-packages/airflow/example_dags/tutorial.py took 0.163 seconds
[2025-02-10T16:19:02.495+0000] {processor.py:186} INFO - Started process (PID=822) to work on /usr/local/lib/python3.9/dist-packages/airflow/example_dags/tutorial.py
[2025-02-10T16:19:02.496+0000] {processor.py:914} INFO - Processing file /usr/local/lib/python3.9/dist-packages/airflow/example_dags/tutorial.py for tasks to queue
[2025-02-10T16:19:02.500+0000] {logging_mixin.py:190} INFO - [2025-02-10T16:19:02.499+0000] {dagbag.py:588} INFO - Filling up the DagBag from /usr/local/lib/python3.9/dist-packages/airflow/example_dags/tutorial.py
[2025-02-10T16:19:02.508+0000] {processor.py:925} INFO - DAG(s) 'tutorial' retrieved from /usr/local/lib/python3.9/dist-packages/airflow/example_dags/tutorial.py
[2025-02-10T16:19:02.539+0000] {logging_mixin.py:190} INFO - [2025-02-10T16:19:02.539+0000] {dag.py:3239} INFO - Sync 1 DAGs
[2025-02-10T16:19:02.570+0000] {logging_mixin.py:190} INFO - [2025-02-10T16:19:02.570+0000] {dag.py:4180} INFO - Setting next_dagrun for tutorial to 2025-02-09 00:00:00+00:00, run_after=2025-02-10 00:00:00+00:00
[2025-02-10T16:19:02.648+0000] {processor.py:208} INFO - Processing /usr/local/lib/python3.9/dist-packages/airflow/example_dags/tutorial.py took 0.159 seconds
[2025-02-10T16:20:20.311+0000] {processor.py:186} INFO - Started process (PID=888) to work on /usr/local/lib/python3.9/dist-packages/airflow/example_dags/tutorial.py
[2025-02-10T16:20:20.313+0000] {processor.py:914} INFO - Processing file /usr/local/lib/python3.9/dist-packages/airflow/example_dags/tutorial.py for tasks to queue
[2025-02-10T16:20:20.317+0000] {logging_mixin.py:190} INFO - [2025-02-10T16:20:20.316+0000] {dagbag.py:588} INFO - Filling up the DagBag from /usr/local/lib/python3.9/dist-packages/airflow/example_dags/tutorial.py
[2025-02-10T16:20:20.331+0000] {processor.py:925} INFO - DAG(s) 'tutorial' retrieved from /usr/local/lib/python3.9/dist-packages/airflow/example_dags/tutorial.py
[2025-02-10T16:20:20.365+0000] {logging_mixin.py:190} INFO - [2025-02-10T16:20:20.365+0000] {dag.py:3239} INFO - Sync 1 DAGs
[2025-02-10T16:20:20.400+0000] {logging_mixin.py:190} INFO - [2025-02-10T16:20:20.400+0000] {dag.py:4180} INFO - Setting next_dagrun for tutorial to 2025-02-09 00:00:00+00:00, run_after=2025-02-10 00:00:00+00:00
[2025-02-10T16:20:20.500+0000] {processor.py:208} INFO - Processing /usr/local/lib/python3.9/dist-packages/airflow/example_dags/tutorial.py took 0.195 seconds
[2025-02-10T16:21:41.913+0000] {processor.py:186} INFO - Started process (PID=957) to work on /usr/local/lib/python3.9/dist-packages/airflow/example_dags/tutorial.py
[2025-02-10T16:21:41.915+0000] {processor.py:914} INFO - Processing file /usr/local/lib/python3.9/dist-packages/airflow/example_dags/tutorial.py for tasks to queue
[2025-02-10T16:21:41.918+0000] {logging_mixin.py:190} INFO - [2025-02-10T16:21:41.917+0000] {dagbag.py:588} INFO - Filling up the DagBag from /usr/local/lib/python3.9/dist-packages/airflow/example_dags/tutorial.py
[2025-02-10T16:21:41.925+0000] {processor.py:925} INFO - DAG(s) 'tutorial' retrieved from /usr/local/lib/python3.9/dist-packages/airflow/example_dags/tutorial.py
[2025-02-10T16:21:41.955+0000] {logging_mixin.py:190} INFO - [2025-02-10T16:21:41.955+0000] {dag.py:3239} INFO - Sync 1 DAGs
[2025-02-10T16:21:41.990+0000] {logging_mixin.py:190} INFO - [2025-02-10T16:21:41.990+0000] {dag.py:4180} INFO - Setting next_dagrun for tutorial to 2025-02-09 00:00:00+00:00, run_after=2025-02-10 00:00:00+00:00
[2025-02-10T16:21:42.067+0000] {processor.py:208} INFO - Processing /usr/local/lib/python3.9/dist-packages/airflow/example_dags/tutorial.py took 0.159 seconds
[2025-02-10T16:22:58.592+0000] {processor.py:186} INFO - Started process (PID=1021) to work on /usr/local/lib/python3.9/dist-packages/airflow/example_dags/tutorial.py
[2025-02-10T16:22:58.593+0000] {processor.py:914} INFO - Processing file /usr/local/lib/python3.9/dist-packages/airflow/example_dags/tutorial.py for tasks to queue
[2025-02-10T16:22:58.596+0000] {logging_mixin.py:190} INFO - [2025-02-10T16:22:58.595+0000] {dagbag.py:588} INFO - Filling up the DagBag from /usr/local/lib/python3.9/dist-packages/airflow/example_dags/tutorial.py
[2025-02-10T16:22:58.605+0000] {processor.py:925} INFO - DAG(s) 'tutorial' retrieved from /usr/local/lib/python3.9/dist-packages/airflow/example_dags/tutorial.py
[2025-02-10T16:22:58.634+0000] {logging_mixin.py:190} INFO - [2025-02-10T16:22:58.633+0000] {dag.py:3239} INFO - Sync 1 DAGs
[2025-02-10T16:22:58.665+0000] {logging_mixin.py:190} INFO - [2025-02-10T16:22:58.665+0000] {dag.py:4180} INFO - Setting next_dagrun for tutorial to 2025-02-09 00:00:00+00:00, run_after=2025-02-10 00:00:00+00:00
[2025-02-10T16:22:58.734+0000] {processor.py:208} INFO - Processing /usr/local/lib/python3.9/dist-packages/airflow/example_dags/tutorial.py took 0.148 seconds
[2025-02-10T16:24:17.767+0000] {processor.py:186} INFO - Started process (PID=1086) to work on /usr/local/lib/python3.9/dist-packages/airflow/example_dags/tutorial.py
[2025-02-10T16:24:17.769+0000] {processor.py:914} INFO - Processing file /usr/local/lib/python3.9/dist-packages/airflow/example_dags/tutorial.py for tasks to queue
[2025-02-10T16:24:17.772+0000] {logging_mixin.py:190} INFO - [2025-02-10T16:24:17.771+0000] {dagbag.py:588} INFO - Filling up the DagBag from /usr/local/lib/python3.9/dist-packages/airflow/example_dags/tutorial.py
[2025-02-10T16:24:17.785+0000] {processor.py:925} INFO - DAG(s) 'tutorial' retrieved from /usr/local/lib/python3.9/dist-packages/airflow/example_dags/tutorial.py
[2025-02-10T16:24:17.827+0000] {logging_mixin.py:190} INFO - [2025-02-10T16:24:17.827+0000] {dag.py:3239} INFO - Sync 1 DAGs
[2025-02-10T16:24:17.873+0000] {logging_mixin.py:190} INFO - [2025-02-10T16:24:17.873+0000] {dag.py:4180} INFO - Setting next_dagrun for tutorial to 2025-02-09 00:00:00+00:00, run_after=2025-02-10 00:00:00+00:00
[2025-02-10T16:24:17.977+0000] {processor.py:208} INFO - Processing /usr/local/lib/python3.9/dist-packages/airflow/example_dags/tutorial.py took 0.216 seconds
[2025-02-10T16:25:38.883+0000] {processor.py:186} INFO - Started process (PID=1152) to work on /usr/local/lib/python3.9/dist-packages/airflow/example_dags/tutorial.py
[2025-02-10T16:25:38.884+0000] {processor.py:914} INFO - Processing file /usr/local/lib/python3.9/dist-packages/airflow/example_dags/tutorial.py for tasks to queue
[2025-02-10T16:25:38.889+0000] {logging_mixin.py:190} INFO - [2025-02-10T16:25:38.888+0000] {dagbag.py:588} INFO - Filling up the DagBag from /usr/local/lib/python3.9/dist-packages/airflow/example_dags/tutorial.py
[2025-02-10T16:25:38.897+0000] {processor.py:925} INFO - DAG(s) 'tutorial' retrieved from /usr/local/lib/python3.9/dist-packages/airflow/example_dags/tutorial.py
[2025-02-10T16:25:38.928+0000] {logging_mixin.py:190} INFO - [2025-02-10T16:25:38.927+0000] {dag.py:3239} INFO - Sync 1 DAGs
[2025-02-10T16:25:38.959+0000] {logging_mixin.py:190} INFO - [2025-02-10T16:25:38.959+0000] {dag.py:4180} INFO - Setting next_dagrun for tutorial to 2025-02-09 00:00:00+00:00, run_after=2025-02-10 00:00:00+00:00
[2025-02-10T16:25:39.030+0000] {processor.py:208} INFO - Processing /usr/local/lib/python3.9/dist-packages/airflow/example_dags/tutorial.py took 0.153 seconds
[2025-02-10T16:27:00.448+0000] {processor.py:186} INFO - Started process (PID=1219) to work on /usr/local/lib/python3.9/dist-packages/airflow/example_dags/tutorial.py
[2025-02-10T16:27:00.450+0000] {processor.py:914} INFO - Processing file /usr/local/lib/python3.9/dist-packages/airflow/example_dags/tutorial.py for tasks to queue
[2025-02-10T16:27:00.453+0000] {logging_mixin.py:190} INFO - [2025-02-10T16:27:00.452+0000] {dagbag.py:588} INFO - Filling up the DagBag from /usr/local/lib/python3.9/dist-packages/airflow/example_dags/tutorial.py
[2025-02-10T16:27:00.460+0000] {processor.py:925} INFO - DAG(s) 'tutorial' retrieved from /usr/local/lib/python3.9/dist-packages/airflow/example_dags/tutorial.py
[2025-02-10T16:27:00.490+0000] {logging_mixin.py:190} INFO - [2025-02-10T16:27:00.489+0000] {dag.py:3239} INFO - Sync 1 DAGs
[2025-02-10T16:27:00.521+0000] {logging_mixin.py:190} INFO - [2025-02-10T16:27:00.520+0000] {dag.py:4180} INFO - Setting next_dagrun for tutorial to 2025-02-09 00:00:00+00:00, run_after=2025-02-10 00:00:00+00:00
[2025-02-10T16:27:00.602+0000] {processor.py:208} INFO - Processing /usr/local/lib/python3.9/dist-packages/airflow/example_dags/tutorial.py took 0.159 seconds
[2025-02-10T16:28:18.992+0000] {processor.py:186} INFO - Started process (PID=1284) to work on /usr/local/lib/python3.9/dist-packages/airflow/example_dags/tutorial.py
[2025-02-10T16:28:18.994+0000] {processor.py:914} INFO - Processing file /usr/local/lib/python3.9/dist-packages/airflow/example_dags/tutorial.py for tasks to queue
[2025-02-10T16:28:18.997+0000] {logging_mixin.py:190} INFO - [2025-02-10T16:28:18.997+0000] {dagbag.py:588} INFO - Filling up the DagBag from /usr/local/lib/python3.9/dist-packages/airflow/example_dags/tutorial.py
[2025-02-10T16:28:19.005+0000] {processor.py:925} INFO - DAG(s) 'tutorial' retrieved from /usr/local/lib/python3.9/dist-packages/airflow/example_dags/tutorial.py
[2025-02-10T16:28:19.037+0000] {logging_mixin.py:190} INFO - [2025-02-10T16:28:19.036+0000] {dag.py:3239} INFO - Sync 1 DAGs
[2025-02-10T16:28:19.069+0000] {logging_mixin.py:190} INFO - [2025-02-10T16:28:19.069+0000] {dag.py:4180} INFO - Setting next_dagrun for tutorial to 2025-02-09 00:00:00+00:00, run_after=2025-02-10 00:00:00+00:00
[2025-02-10T16:28:19.143+0000] {processor.py:208} INFO - Processing /usr/local/lib/python3.9/dist-packages/airflow/example_dags/tutorial.py took 0.156 seconds
[2025-02-10T16:29:36.352+0000] {processor.py:186} INFO - Started process (PID=1349) to work on /usr/local/lib/python3.9/dist-packages/airflow/example_dags/tutorial.py
[2025-02-10T16:29:36.354+0000] {processor.py:914} INFO - Processing file /usr/local/lib/python3.9/dist-packages/airflow/example_dags/tutorial.py for tasks to queue
[2025-02-10T16:29:36.357+0000] {logging_mixin.py:190} INFO - [2025-02-10T16:29:36.356+0000] {dagbag.py:588} INFO - Filling up the DagBag from /usr/local/lib/python3.9/dist-packages/airflow/example_dags/tutorial.py
[2025-02-10T16:29:36.365+0000] {processor.py:925} INFO - DAG(s) 'tutorial' retrieved from /usr/local/lib/python3.9/dist-packages/airflow/example_dags/tutorial.py
[2025-02-10T16:29:36.395+0000] {logging_mixin.py:190} INFO - [2025-02-10T16:29:36.395+0000] {dag.py:3239} INFO - Sync 1 DAGs
[2025-02-10T16:29:36.426+0000] {logging_mixin.py:190} INFO - [2025-02-10T16:29:36.426+0000] {dag.py:4180} INFO - Setting next_dagrun for tutorial to 2025-02-09 00:00:00+00:00, run_after=2025-02-10 00:00:00+00:00
[2025-02-10T16:29:36.502+0000] {processor.py:208} INFO - Processing /usr/local/lib/python3.9/dist-packages/airflow/example_dags/tutorial.py took 0.155 seconds
[2025-02-10T16:30:51.955+0000] {processor.py:186} INFO - Started process (PID=1412) to work on /usr/local/lib/python3.9/dist-packages/airflow/example_dags/tutorial.py
[2025-02-10T16:30:51.957+0000] {processor.py:914} INFO - Processing file /usr/local/lib/python3.9/dist-packages/airflow/example_dags/tutorial.py for tasks to queue
[2025-02-10T16:30:51.960+0000] {logging_mixin.py:190} INFO - [2025-02-10T16:30:51.959+0000] {dagbag.py:588} INFO - Filling up the DagBag from /usr/local/lib/python3.9/dist-packages/airflow/example_dags/tutorial.py
[2025-02-10T16:30:51.968+0000] {processor.py:925} INFO - DAG(s) 'tutorial' retrieved from /usr/local/lib/python3.9/dist-packages/airflow/example_dags/tutorial.py
[2025-02-10T16:30:51.998+0000] {logging_mixin.py:190} INFO - [2025-02-10T16:30:51.998+0000] {dag.py:3239} INFO - Sync 1 DAGs
[2025-02-10T16:30:52.030+0000] {logging_mixin.py:190} INFO - [2025-02-10T16:30:52.030+0000] {dag.py:4180} INFO - Setting next_dagrun for tutorial to 2025-02-09 00:00:00+00:00, run_after=2025-02-10 00:00:00+00:00
[2025-02-10T16:30:52.113+0000] {processor.py:208} INFO - Processing /usr/local/lib/python3.9/dist-packages/airflow/example_dags/tutorial.py took 0.163 seconds
[2025-02-10T16:32:08.759+0000] {processor.py:186} INFO - Started process (PID=1476) to work on /usr/local/lib/python3.9/dist-packages/airflow/example_dags/tutorial.py
[2025-02-10T16:32:08.760+0000] {processor.py:914} INFO - Processing file /usr/local/lib/python3.9/dist-packages/airflow/example_dags/tutorial.py for tasks to queue
[2025-02-10T16:32:08.763+0000] {logging_mixin.py:190} INFO - [2025-02-10T16:32:08.762+0000] {dagbag.py:588} INFO - Filling up the DagBag from /usr/local/lib/python3.9/dist-packages/airflow/example_dags/tutorial.py
[2025-02-10T16:32:08.771+0000] {processor.py:925} INFO - DAG(s) 'tutorial' retrieved from /usr/local/lib/python3.9/dist-packages/airflow/example_dags/tutorial.py
[2025-02-10T16:32:08.800+0000] {logging_mixin.py:190} INFO - [2025-02-10T16:32:08.800+0000] {dag.py:3239} INFO - Sync 1 DAGs
[2025-02-10T16:32:08.831+0000] {logging_mixin.py:190} INFO - [2025-02-10T16:32:08.830+0000] {dag.py:4180} INFO - Setting next_dagrun for tutorial to 2025-02-09 00:00:00+00:00, run_after=2025-02-10 00:00:00+00:00
[2025-02-10T16:32:08.906+0000] {processor.py:208} INFO - Processing /usr/local/lib/python3.9/dist-packages/airflow/example_dags/tutorial.py took 0.153 seconds
[2025-02-10T16:33:25.481+0000] {processor.py:186} INFO - Started process (PID=1540) to work on /usr/local/lib/python3.9/dist-packages/airflow/example_dags/tutorial.py
[2025-02-10T16:33:25.482+0000] {processor.py:914} INFO - Processing file /usr/local/lib/python3.9/dist-packages/airflow/example_dags/tutorial.py for tasks to queue
[2025-02-10T16:33:25.485+0000] {logging_mixin.py:190} INFO - [2025-02-10T16:33:25.484+0000] {dagbag.py:588} INFO - Filling up the DagBag from /usr/local/lib/python3.9/dist-packages/airflow/example_dags/tutorial.py
[2025-02-10T16:33:25.494+0000] {processor.py:925} INFO - DAG(s) 'tutorial' retrieved from /usr/local/lib/python3.9/dist-packages/airflow/example_dags/tutorial.py
[2025-02-10T16:33:25.523+0000] {logging_mixin.py:190} INFO - [2025-02-10T16:33:25.523+0000] {dag.py:3239} INFO - Sync 1 DAGs
[2025-02-10T16:33:25.553+0000] {logging_mixin.py:190} INFO - [2025-02-10T16:33:25.553+0000] {dag.py:4180} INFO - Setting next_dagrun for tutorial to 2025-02-09 00:00:00+00:00, run_after=2025-02-10 00:00:00+00:00
[2025-02-10T16:33:25.630+0000] {processor.py:208} INFO - Processing /usr/local/lib/python3.9/dist-packages/airflow/example_dags/tutorial.py took 0.156 seconds
[2025-02-10T16:34:39.701+0000] {processor.py:186} INFO - Started process (PID=1604) to work on /usr/local/lib/python3.9/dist-packages/airflow/example_dags/tutorial.py
[2025-02-10T16:34:39.702+0000] {processor.py:914} INFO - Processing file /usr/local/lib/python3.9/dist-packages/airflow/example_dags/tutorial.py for tasks to queue
[2025-02-10T16:34:39.706+0000] {logging_mixin.py:190} INFO - [2025-02-10T16:34:39.705+0000] {dagbag.py:588} INFO - Filling up the DagBag from /usr/local/lib/python3.9/dist-packages/airflow/example_dags/tutorial.py
[2025-02-10T16:34:39.714+0000] {processor.py:925} INFO - DAG(s) 'tutorial' retrieved from /usr/local/lib/python3.9/dist-packages/airflow/example_dags/tutorial.py
[2025-02-10T16:34:39.744+0000] {logging_mixin.py:190} INFO - [2025-02-10T16:34:39.744+0000] {dag.py:3239} INFO - Sync 1 DAGs
[2025-02-10T16:34:39.774+0000] {logging_mixin.py:190} INFO - [2025-02-10T16:34:39.774+0000] {dag.py:4180} INFO - Setting next_dagrun for tutorial to 2025-02-09 00:00:00+00:00, run_after=2025-02-10 00:00:00+00:00
[2025-02-10T16:34:39.855+0000] {processor.py:208} INFO - Processing /usr/local/lib/python3.9/dist-packages/airflow/example_dags/tutorial.py took 0.160 seconds
[2025-02-10T16:35:55.484+0000] {processor.py:186} INFO - Started process (PID=1667) to work on /usr/local/lib/python3.9/dist-packages/airflow/example_dags/tutorial.py
[2025-02-10T16:35:55.486+0000] {processor.py:914} INFO - Processing file /usr/local/lib/python3.9/dist-packages/airflow/example_dags/tutorial.py for tasks to queue
[2025-02-10T16:35:55.489+0000] {logging_mixin.py:190} INFO - [2025-02-10T16:35:55.489+0000] {dagbag.py:588} INFO - Filling up the DagBag from /usr/local/lib/python3.9/dist-packages/airflow/example_dags/tutorial.py
[2025-02-10T16:35:55.497+0000] {processor.py:925} INFO - DAG(s) 'tutorial' retrieved from /usr/local/lib/python3.9/dist-packages/airflow/example_dags/tutorial.py
[2025-02-10T16:35:55.527+0000] {logging_mixin.py:190} INFO - [2025-02-10T16:35:55.527+0000] {dag.py:3239} INFO - Sync 1 DAGs
[2025-02-10T16:35:55.558+0000] {logging_mixin.py:190} INFO - [2025-02-10T16:35:55.557+0000] {dag.py:4180} INFO - Setting next_dagrun for tutorial to 2025-02-09 00:00:00+00:00, run_after=2025-02-10 00:00:00+00:00
[2025-02-10T16:35:55.631+0000] {processor.py:208} INFO - Processing /usr/local/lib/python3.9/dist-packages/airflow/example_dags/tutorial.py took 0.152 seconds
[2025-02-10T16:37:16.088+0000] {processor.py:186} INFO - Started process (PID=1732) to work on /usr/local/lib/python3.9/dist-packages/airflow/example_dags/tutorial.py
[2025-02-10T16:37:16.089+0000] {processor.py:914} INFO - Processing file /usr/local/lib/python3.9/dist-packages/airflow/example_dags/tutorial.py for tasks to queue
[2025-02-10T16:37:16.092+0000] {logging_mixin.py:190} INFO - [2025-02-10T16:37:16.092+0000] {dagbag.py:588} INFO - Filling up the DagBag from /usr/local/lib/python3.9/dist-packages/airflow/example_dags/tutorial.py
[2025-02-10T16:37:16.100+0000] {processor.py:925} INFO - DAG(s) 'tutorial' retrieved from /usr/local/lib/python3.9/dist-packages/airflow/example_dags/tutorial.py
[2025-02-10T16:37:16.130+0000] {logging_mixin.py:190} INFO - [2025-02-10T16:37:16.129+0000] {dag.py:3239} INFO - Sync 1 DAGs
[2025-02-10T16:37:16.162+0000] {logging_mixin.py:190} INFO - [2025-02-10T16:37:16.162+0000] {dag.py:4180} INFO - Setting next_dagrun for tutorial to 2025-02-09 00:00:00+00:00, run_after=2025-02-10 00:00:00+00:00
[2025-02-10T16:37:16.244+0000] {processor.py:208} INFO - Processing /usr/local/lib/python3.9/dist-packages/airflow/example_dags/tutorial.py took 0.162 seconds
