[2025-02-10T14:49:03.581+0000] {processor.py:186} INFO - Started process (PID=69) to work on /usr/local/lib/python3.9/dist-packages/airflow/example_dags/tutorial_taskflow_api.py
[2025-02-10T14:49:03.582+0000] {processor.py:914} INFO - Processing file /usr/local/lib/python3.9/dist-packages/airflow/example_dags/tutorial_taskflow_api.py for tasks to queue
[2025-02-10T14:49:03.586+0000] {logging_mixin.py:190} INFO - [2025-02-10T14:49:03.585+0000] {dagbag.py:588} INFO - Filling up the DagBag from /usr/local/lib/python3.9/dist-packages/airflow/example_dags/tutorial_taskflow_api.py
[2025-02-10T14:49:03.595+0000] {processor.py:925} INFO - DAG(s) 'tutorial_taskflow_api' retrieved from /usr/local/lib/python3.9/dist-packages/airflow/example_dags/tutorial_taskflow_api.py
[2025-02-10T14:49:03.825+0000] {logging_mixin.py:190} INFO - [2025-02-10T14:49:03.824+0000] {override.py:1930} INFO - Created Permission View: can delete on DAG:tutorial_taskflow_api
[2025-02-10T14:49:03.881+0000] {logging_mixin.py:190} INFO - [2025-02-10T14:49:03.881+0000] {override.py:1930} INFO - Created Permission View: can read on DAG:tutorial_taskflow_api
[2025-02-10T14:49:03.932+0000] {logging_mixin.py:190} INFO - [2025-02-10T14:49:03.931+0000] {override.py:1930} INFO - Created Permission View: can edit on DAG:tutorial_taskflow_api
[2025-02-10T14:49:04.011+0000] {logging_mixin.py:190} INFO - [2025-02-10T14:49:04.011+0000] {override.py:1930} INFO - Created Permission View: can create on DAG Run:tutorial_taskflow_api
[2025-02-10T14:49:04.063+0000] {logging_mixin.py:190} INFO - [2025-02-10T14:49:04.062+0000] {override.py:1930} INFO - Created Permission View: can delete on DAG Run:tutorial_taskflow_api
[2025-02-10T14:49:04.114+0000] {logging_mixin.py:190} INFO - [2025-02-10T14:49:04.113+0000] {override.py:1930} INFO - Created Permission View: can read on DAG Run:tutorial_taskflow_api
[2025-02-10T14:49:04.165+0000] {logging_mixin.py:190} INFO - [2025-02-10T14:49:04.164+0000] {override.py:1930} INFO - Created Permission View: menu access on DAG Run:tutorial_taskflow_api
[2025-02-10T14:49:04.166+0000] {logging_mixin.py:190} INFO - [2025-02-10T14:49:04.165+0000] {dag.py:3239} INFO - Sync 1 DAGs
[2025-02-10T14:49:04.190+0000] {logging_mixin.py:190} INFO - [2025-02-10T14:49:04.190+0000] {dag.py:3262} INFO - Creating ORM DAG for tutorial_taskflow_api
[2025-02-10T14:49:04.192+0000] {logging_mixin.py:190} INFO - [2025-02-10T14:49:04.192+0000] {dag.py:4180} INFO - Setting next_dagrun for tutorial_taskflow_api to None, run_after=None
[2025-02-10T14:49:04.268+0000] {processor.py:208} INFO - Processing /usr/local/lib/python3.9/dist-packages/airflow/example_dags/tutorial_taskflow_api.py took 0.693 seconds
[2025-02-10T14:50:31.065+0000] {processor.py:186} INFO - Started process (PID=129) to work on /usr/local/lib/python3.9/dist-packages/airflow/example_dags/tutorial_taskflow_api.py
[2025-02-10T14:50:31.069+0000] {processor.py:914} INFO - Processing file /usr/local/lib/python3.9/dist-packages/airflow/example_dags/tutorial_taskflow_api.py for tasks to queue
[2025-02-10T14:50:31.072+0000] {logging_mixin.py:190} INFO - [2025-02-10T14:50:31.071+0000] {dagbag.py:588} INFO - Filling up the DagBag from /usr/local/lib/python3.9/dist-packages/airflow/example_dags/tutorial_taskflow_api.py
[2025-02-10T14:50:31.080+0000] {processor.py:925} INFO - DAG(s) 'tutorial_taskflow_api' retrieved from /usr/local/lib/python3.9/dist-packages/airflow/example_dags/tutorial_taskflow_api.py
[2025-02-10T14:50:31.110+0000] {logging_mixin.py:190} INFO - [2025-02-10T14:50:31.110+0000] {dag.py:3239} INFO - Sync 1 DAGs
[2025-02-10T14:50:31.128+0000] {logging_mixin.py:190} INFO - [2025-02-10T14:50:31.128+0000] {dag.py:4180} INFO - Setting next_dagrun for tutorial_taskflow_api to None, run_after=None
[2025-02-10T14:50:31.204+0000] {processor.py:208} INFO - Processing /usr/local/lib/python3.9/dist-packages/airflow/example_dags/tutorial_taskflow_api.py took 0.144 seconds
[2025-02-10T14:51:47.063+0000] {processor.py:186} INFO - Started process (PID=192) to work on /usr/local/lib/python3.9/dist-packages/airflow/example_dags/tutorial_taskflow_api.py
[2025-02-10T14:51:47.065+0000] {processor.py:914} INFO - Processing file /usr/local/lib/python3.9/dist-packages/airflow/example_dags/tutorial_taskflow_api.py for tasks to queue
[2025-02-10T14:51:47.067+0000] {logging_mixin.py:190} INFO - [2025-02-10T14:51:47.067+0000] {dagbag.py:588} INFO - Filling up the DagBag from /usr/local/lib/python3.9/dist-packages/airflow/example_dags/tutorial_taskflow_api.py
[2025-02-10T14:51:47.076+0000] {processor.py:925} INFO - DAG(s) 'tutorial_taskflow_api' retrieved from /usr/local/lib/python3.9/dist-packages/airflow/example_dags/tutorial_taskflow_api.py
[2025-02-10T14:51:47.104+0000] {logging_mixin.py:190} INFO - [2025-02-10T14:51:47.104+0000] {dag.py:3239} INFO - Sync 1 DAGs
[2025-02-10T14:51:47.122+0000] {logging_mixin.py:190} INFO - [2025-02-10T14:51:47.121+0000] {dag.py:4180} INFO - Setting next_dagrun for tutorial_taskflow_api to None, run_after=None
[2025-02-10T14:51:47.197+0000] {processor.py:208} INFO - Processing /usr/local/lib/python3.9/dist-packages/airflow/example_dags/tutorial_taskflow_api.py took 0.139 seconds
[2025-02-10T14:53:08.680+0000] {processor.py:186} INFO - Started process (PID=259) to work on /usr/local/lib/python3.9/dist-packages/airflow/example_dags/tutorial_taskflow_api.py
[2025-02-10T14:53:08.682+0000] {processor.py:914} INFO - Processing file /usr/local/lib/python3.9/dist-packages/airflow/example_dags/tutorial_taskflow_api.py for tasks to queue
[2025-02-10T14:53:08.685+0000] {logging_mixin.py:190} INFO - [2025-02-10T14:53:08.684+0000] {dagbag.py:588} INFO - Filling up the DagBag from /usr/local/lib/python3.9/dist-packages/airflow/example_dags/tutorial_taskflow_api.py
[2025-02-10T14:53:08.693+0000] {processor.py:925} INFO - DAG(s) 'tutorial_taskflow_api' retrieved from /usr/local/lib/python3.9/dist-packages/airflow/example_dags/tutorial_taskflow_api.py
[2025-02-10T14:53:08.721+0000] {logging_mixin.py:190} INFO - [2025-02-10T14:53:08.720+0000] {dag.py:3239} INFO - Sync 1 DAGs
[2025-02-10T14:53:08.737+0000] {logging_mixin.py:190} INFO - [2025-02-10T14:53:08.737+0000] {dag.py:4180} INFO - Setting next_dagrun for tutorial_taskflow_api to None, run_after=None
[2025-02-10T14:53:08.812+0000] {processor.py:208} INFO - Processing /usr/local/lib/python3.9/dist-packages/airflow/example_dags/tutorial_taskflow_api.py took 0.137 seconds
[2025-02-10T14:54:26.213+0000] {processor.py:186} INFO - Started process (PID=324) to work on /usr/local/lib/python3.9/dist-packages/airflow/example_dags/tutorial_taskflow_api.py
[2025-02-10T14:54:26.217+0000] {processor.py:914} INFO - Processing file /usr/local/lib/python3.9/dist-packages/airflow/example_dags/tutorial_taskflow_api.py for tasks to queue
[2025-02-10T14:54:26.220+0000] {logging_mixin.py:190} INFO - [2025-02-10T14:54:26.219+0000] {dagbag.py:588} INFO - Filling up the DagBag from /usr/local/lib/python3.9/dist-packages/airflow/example_dags/tutorial_taskflow_api.py
[2025-02-10T14:54:26.228+0000] {processor.py:925} INFO - DAG(s) 'tutorial_taskflow_api' retrieved from /usr/local/lib/python3.9/dist-packages/airflow/example_dags/tutorial_taskflow_api.py
[2025-02-10T14:54:26.259+0000] {logging_mixin.py:190} INFO - [2025-02-10T14:54:26.258+0000] {dag.py:3239} INFO - Sync 1 DAGs
[2025-02-10T14:54:26.276+0000] {logging_mixin.py:190} INFO - [2025-02-10T14:54:26.276+0000] {dag.py:4180} INFO - Setting next_dagrun for tutorial_taskflow_api to None, run_after=None
[2025-02-10T14:54:26.352+0000] {processor.py:208} INFO - Processing /usr/local/lib/python3.9/dist-packages/airflow/example_dags/tutorial_taskflow_api.py took 0.145 seconds
[2025-02-10T14:55:44.737+0000] {processor.py:186} INFO - Started process (PID=389) to work on /usr/local/lib/python3.9/dist-packages/airflow/example_dags/tutorial_taskflow_api.py
[2025-02-10T14:55:44.738+0000] {processor.py:914} INFO - Processing file /usr/local/lib/python3.9/dist-packages/airflow/example_dags/tutorial_taskflow_api.py for tasks to queue
[2025-02-10T14:55:44.741+0000] {logging_mixin.py:190} INFO - [2025-02-10T14:55:44.741+0000] {dagbag.py:588} INFO - Filling up the DagBag from /usr/local/lib/python3.9/dist-packages/airflow/example_dags/tutorial_taskflow_api.py
[2025-02-10T14:55:44.749+0000] {processor.py:925} INFO - DAG(s) 'tutorial_taskflow_api' retrieved from /usr/local/lib/python3.9/dist-packages/airflow/example_dags/tutorial_taskflow_api.py
[2025-02-10T14:55:44.779+0000] {logging_mixin.py:190} INFO - [2025-02-10T14:55:44.778+0000] {dag.py:3239} INFO - Sync 1 DAGs
[2025-02-10T14:55:44.796+0000] {logging_mixin.py:190} INFO - [2025-02-10T14:55:44.795+0000] {dag.py:4180} INFO - Setting next_dagrun for tutorial_taskflow_api to None, run_after=None
[2025-02-10T14:55:44.872+0000] {processor.py:208} INFO - Processing /usr/local/lib/python3.9/dist-packages/airflow/example_dags/tutorial_taskflow_api.py took 0.140 seconds
[2025-02-10T14:57:07.820+0000] {processor.py:186} INFO - Started process (PID=457) to work on /usr/local/lib/python3.9/dist-packages/airflow/example_dags/tutorial_taskflow_api.py
[2025-02-10T14:57:07.821+0000] {processor.py:914} INFO - Processing file /usr/local/lib/python3.9/dist-packages/airflow/example_dags/tutorial_taskflow_api.py for tasks to queue
[2025-02-10T14:57:07.824+0000] {logging_mixin.py:190} INFO - [2025-02-10T14:57:07.824+0000] {dagbag.py:588} INFO - Filling up the DagBag from /usr/local/lib/python3.9/dist-packages/airflow/example_dags/tutorial_taskflow_api.py
[2025-02-10T14:57:07.833+0000] {processor.py:925} INFO - DAG(s) 'tutorial_taskflow_api' retrieved from /usr/local/lib/python3.9/dist-packages/airflow/example_dags/tutorial_taskflow_api.py
[2025-02-10T14:57:07.863+0000] {logging_mixin.py:190} INFO - [2025-02-10T14:57:07.863+0000] {dag.py:3239} INFO - Sync 1 DAGs
[2025-02-10T14:57:07.880+0000] {logging_mixin.py:190} INFO - [2025-02-10T14:57:07.880+0000] {dag.py:4180} INFO - Setting next_dagrun for tutorial_taskflow_api to None, run_after=None
[2025-02-10T14:57:07.960+0000] {processor.py:208} INFO - Processing /usr/local/lib/python3.9/dist-packages/airflow/example_dags/tutorial_taskflow_api.py took 0.146 seconds
[2025-02-10T14:58:23.929+0000] {processor.py:186} INFO - Started process (PID=522) to work on /usr/local/lib/python3.9/dist-packages/airflow/example_dags/tutorial_taskflow_api.py
[2025-02-10T14:58:23.931+0000] {processor.py:914} INFO - Processing file /usr/local/lib/python3.9/dist-packages/airflow/example_dags/tutorial_taskflow_api.py for tasks to queue
[2025-02-10T14:58:23.934+0000] {logging_mixin.py:190} INFO - [2025-02-10T14:58:23.934+0000] {dagbag.py:588} INFO - Filling up the DagBag from /usr/local/lib/python3.9/dist-packages/airflow/example_dags/tutorial_taskflow_api.py
[2025-02-10T14:58:23.943+0000] {processor.py:925} INFO - DAG(s) 'tutorial_taskflow_api' retrieved from /usr/local/lib/python3.9/dist-packages/airflow/example_dags/tutorial_taskflow_api.py
[2025-02-10T14:58:23.971+0000] {logging_mixin.py:190} INFO - [2025-02-10T14:58:23.970+0000] {dag.py:3239} INFO - Sync 1 DAGs
[2025-02-10T14:58:23.988+0000] {logging_mixin.py:190} INFO - [2025-02-10T14:58:23.987+0000] {dag.py:4180} INFO - Setting next_dagrun for tutorial_taskflow_api to None, run_after=None
[2025-02-10T14:58:24.060+0000] {processor.py:208} INFO - Processing /usr/local/lib/python3.9/dist-packages/airflow/example_dags/tutorial_taskflow_api.py took 0.137 seconds
[2025-02-10T14:59:39.058+0000] {processor.py:186} INFO - Started process (PID=587) to work on /usr/local/lib/python3.9/dist-packages/airflow/example_dags/tutorial_taskflow_api.py
[2025-02-10T14:59:39.060+0000] {processor.py:914} INFO - Processing file /usr/local/lib/python3.9/dist-packages/airflow/example_dags/tutorial_taskflow_api.py for tasks to queue
[2025-02-10T14:59:39.063+0000] {logging_mixin.py:190} INFO - [2025-02-10T14:59:39.063+0000] {dagbag.py:588} INFO - Filling up the DagBag from /usr/local/lib/python3.9/dist-packages/airflow/example_dags/tutorial_taskflow_api.py
[2025-02-10T14:59:39.072+0000] {processor.py:925} INFO - DAG(s) 'tutorial_taskflow_api' retrieved from /usr/local/lib/python3.9/dist-packages/airflow/example_dags/tutorial_taskflow_api.py
[2025-02-10T14:59:39.104+0000] {logging_mixin.py:190} INFO - [2025-02-10T14:59:39.103+0000] {dag.py:3239} INFO - Sync 1 DAGs
[2025-02-10T14:59:39.121+0000] {logging_mixin.py:190} INFO - [2025-02-10T14:59:39.121+0000] {dag.py:4180} INFO - Setting next_dagrun for tutorial_taskflow_api to None, run_after=None
[2025-02-10T14:59:39.200+0000] {processor.py:208} INFO - Processing /usr/local/lib/python3.9/dist-packages/airflow/example_dags/tutorial_taskflow_api.py took 0.148 seconds
[2025-02-10T15:00:51.650+0000] {processor.py:186} INFO - Started process (PID=649) to work on /usr/local/lib/python3.9/dist-packages/airflow/example_dags/tutorial_taskflow_api.py
[2025-02-10T15:00:51.653+0000] {processor.py:914} INFO - Processing file /usr/local/lib/python3.9/dist-packages/airflow/example_dags/tutorial_taskflow_api.py for tasks to queue
[2025-02-10T15:00:51.657+0000] {logging_mixin.py:190} INFO - [2025-02-10T15:00:51.656+0000] {dagbag.py:588} INFO - Filling up the DagBag from /usr/local/lib/python3.9/dist-packages/airflow/example_dags/tutorial_taskflow_api.py
[2025-02-10T15:00:51.665+0000] {processor.py:925} INFO - DAG(s) 'tutorial_taskflow_api' retrieved from /usr/local/lib/python3.9/dist-packages/airflow/example_dags/tutorial_taskflow_api.py
[2025-02-10T15:00:51.696+0000] {logging_mixin.py:190} INFO - [2025-02-10T15:00:51.696+0000] {dag.py:3239} INFO - Sync 1 DAGs
[2025-02-10T15:00:51.714+0000] {logging_mixin.py:190} INFO - [2025-02-10T15:00:51.714+0000] {dag.py:4180} INFO - Setting next_dagrun for tutorial_taskflow_api to None, run_after=None
[2025-02-10T15:00:51.788+0000] {processor.py:208} INFO - Processing /usr/local/lib/python3.9/dist-packages/airflow/example_dags/tutorial_taskflow_api.py took 0.144 seconds
[2025-02-10T15:02:11.659+0000] {processor.py:186} INFO - Started process (PID=719) to work on /usr/local/lib/python3.9/dist-packages/airflow/example_dags/tutorial_taskflow_api.py
[2025-02-10T15:02:11.661+0000] {processor.py:914} INFO - Processing file /usr/local/lib/python3.9/dist-packages/airflow/example_dags/tutorial_taskflow_api.py for tasks to queue
[2025-02-10T15:02:11.664+0000] {logging_mixin.py:190} INFO - [2025-02-10T15:02:11.663+0000] {dagbag.py:588} INFO - Filling up the DagBag from /usr/local/lib/python3.9/dist-packages/airflow/example_dags/tutorial_taskflow_api.py
[2025-02-10T15:02:11.672+0000] {processor.py:925} INFO - DAG(s) 'tutorial_taskflow_api' retrieved from /usr/local/lib/python3.9/dist-packages/airflow/example_dags/tutorial_taskflow_api.py
[2025-02-10T15:02:11.708+0000] {logging_mixin.py:190} INFO - [2025-02-10T15:02:11.708+0000] {dag.py:3239} INFO - Sync 1 DAGs
[2025-02-10T15:02:11.727+0000] {logging_mixin.py:190} INFO - [2025-02-10T15:02:11.726+0000] {dag.py:4180} INFO - Setting next_dagrun for tutorial_taskflow_api to None, run_after=None
[2025-02-10T15:02:11.806+0000] {processor.py:208} INFO - Processing /usr/local/lib/python3.9/dist-packages/airflow/example_dags/tutorial_taskflow_api.py took 0.152 seconds
[2025-02-10T15:03:32.029+0000] {processor.py:186} INFO - Started process (PID=784) to work on /usr/local/lib/python3.9/dist-packages/airflow/example_dags/tutorial_taskflow_api.py
[2025-02-10T15:03:32.031+0000] {processor.py:914} INFO - Processing file /usr/local/lib/python3.9/dist-packages/airflow/example_dags/tutorial_taskflow_api.py for tasks to queue
[2025-02-10T15:03:32.033+0000] {logging_mixin.py:190} INFO - [2025-02-10T15:03:32.033+0000] {dagbag.py:588} INFO - Filling up the DagBag from /usr/local/lib/python3.9/dist-packages/airflow/example_dags/tutorial_taskflow_api.py
[2025-02-10T15:03:32.041+0000] {processor.py:925} INFO - DAG(s) 'tutorial_taskflow_api' retrieved from /usr/local/lib/python3.9/dist-packages/airflow/example_dags/tutorial_taskflow_api.py
[2025-02-10T15:03:32.070+0000] {logging_mixin.py:190} INFO - [2025-02-10T15:03:32.070+0000] {dag.py:3239} INFO - Sync 1 DAGs
[2025-02-10T15:03:32.088+0000] {logging_mixin.py:190} INFO - [2025-02-10T15:03:32.087+0000] {dag.py:4180} INFO - Setting next_dagrun for tutorial_taskflow_api to None, run_after=None
[2025-02-10T15:03:32.165+0000] {processor.py:208} INFO - Processing /usr/local/lib/python3.9/dist-packages/airflow/example_dags/tutorial_taskflow_api.py took 0.142 seconds
[2025-02-10T15:04:48.865+0000] {processor.py:186} INFO - Started process (PID=848) to work on /usr/local/lib/python3.9/dist-packages/airflow/example_dags/tutorial_taskflow_api.py
[2025-02-10T15:04:48.867+0000] {processor.py:914} INFO - Processing file /usr/local/lib/python3.9/dist-packages/airflow/example_dags/tutorial_taskflow_api.py for tasks to queue
[2025-02-10T15:04:48.869+0000] {logging_mixin.py:190} INFO - [2025-02-10T15:04:48.869+0000] {dagbag.py:588} INFO - Filling up the DagBag from /usr/local/lib/python3.9/dist-packages/airflow/example_dags/tutorial_taskflow_api.py
[2025-02-10T15:04:48.877+0000] {processor.py:925} INFO - DAG(s) 'tutorial_taskflow_api' retrieved from /usr/local/lib/python3.9/dist-packages/airflow/example_dags/tutorial_taskflow_api.py
[2025-02-10T15:04:48.908+0000] {logging_mixin.py:190} INFO - [2025-02-10T15:04:48.908+0000] {dag.py:3239} INFO - Sync 1 DAGs
[2025-02-10T15:04:48.925+0000] {logging_mixin.py:190} INFO - [2025-02-10T15:04:48.924+0000] {dag.py:4180} INFO - Setting next_dagrun for tutorial_taskflow_api to None, run_after=None
[2025-02-10T15:04:48.998+0000] {processor.py:208} INFO - Processing /usr/local/lib/python3.9/dist-packages/airflow/example_dags/tutorial_taskflow_api.py took 0.138 seconds
[2025-02-10T15:06:10.282+0000] {processor.py:186} INFO - Started process (PID=915) to work on /usr/local/lib/python3.9/dist-packages/airflow/example_dags/tutorial_taskflow_api.py
[2025-02-10T15:06:10.283+0000] {processor.py:914} INFO - Processing file /usr/local/lib/python3.9/dist-packages/airflow/example_dags/tutorial_taskflow_api.py for tasks to queue
[2025-02-10T15:06:10.286+0000] {logging_mixin.py:190} INFO - [2025-02-10T15:06:10.286+0000] {dagbag.py:588} INFO - Filling up the DagBag from /usr/local/lib/python3.9/dist-packages/airflow/example_dags/tutorial_taskflow_api.py
[2025-02-10T15:06:10.294+0000] {processor.py:925} INFO - DAG(s) 'tutorial_taskflow_api' retrieved from /usr/local/lib/python3.9/dist-packages/airflow/example_dags/tutorial_taskflow_api.py
[2025-02-10T15:06:10.327+0000] {logging_mixin.py:190} INFO - [2025-02-10T15:06:10.327+0000] {dag.py:3239} INFO - Sync 1 DAGs
[2025-02-10T15:06:10.345+0000] {logging_mixin.py:190} INFO - [2025-02-10T15:06:10.344+0000] {dag.py:4180} INFO - Setting next_dagrun for tutorial_taskflow_api to None, run_after=None
[2025-02-10T15:06:10.425+0000] {processor.py:208} INFO - Processing /usr/local/lib/python3.9/dist-packages/airflow/example_dags/tutorial_taskflow_api.py took 0.149 seconds
[2025-02-10T15:07:28.012+0000] {processor.py:186} INFO - Started process (PID=980) to work on /usr/local/lib/python3.9/dist-packages/airflow/example_dags/tutorial_taskflow_api.py
[2025-02-10T15:07:28.015+0000] {processor.py:914} INFO - Processing file /usr/local/lib/python3.9/dist-packages/airflow/example_dags/tutorial_taskflow_api.py for tasks to queue
[2025-02-10T15:07:28.018+0000] {logging_mixin.py:190} INFO - [2025-02-10T15:07:28.018+0000] {dagbag.py:588} INFO - Filling up the DagBag from /usr/local/lib/python3.9/dist-packages/airflow/example_dags/tutorial_taskflow_api.py
[2025-02-10T15:07:28.027+0000] {processor.py:925} INFO - DAG(s) 'tutorial_taskflow_api' retrieved from /usr/local/lib/python3.9/dist-packages/airflow/example_dags/tutorial_taskflow_api.py
[2025-02-10T15:07:28.057+0000] {logging_mixin.py:190} INFO - [2025-02-10T15:07:28.057+0000] {dag.py:3239} INFO - Sync 1 DAGs
[2025-02-10T15:07:28.076+0000] {logging_mixin.py:190} INFO - [2025-02-10T15:07:28.076+0000] {dag.py:4180} INFO - Setting next_dagrun for tutorial_taskflow_api to None, run_after=None
[2025-02-10T15:07:28.154+0000] {processor.py:208} INFO - Processing /usr/local/lib/python3.9/dist-packages/airflow/example_dags/tutorial_taskflow_api.py took 0.147 seconds
[2025-02-10T15:08:44.728+0000] {processor.py:186} INFO - Started process (PID=1045) to work on /usr/local/lib/python3.9/dist-packages/airflow/example_dags/tutorial_taskflow_api.py
[2025-02-10T15:08:44.729+0000] {processor.py:914} INFO - Processing file /usr/local/lib/python3.9/dist-packages/airflow/example_dags/tutorial_taskflow_api.py for tasks to queue
[2025-02-10T15:08:44.732+0000] {logging_mixin.py:190} INFO - [2025-02-10T15:08:44.732+0000] {dagbag.py:588} INFO - Filling up the DagBag from /usr/local/lib/python3.9/dist-packages/airflow/example_dags/tutorial_taskflow_api.py
[2025-02-10T15:08:44.740+0000] {processor.py:925} INFO - DAG(s) 'tutorial_taskflow_api' retrieved from /usr/local/lib/python3.9/dist-packages/airflow/example_dags/tutorial_taskflow_api.py
[2025-02-10T15:08:44.770+0000] {logging_mixin.py:190} INFO - [2025-02-10T15:08:44.770+0000] {dag.py:3239} INFO - Sync 1 DAGs
[2025-02-10T15:08:44.789+0000] {logging_mixin.py:190} INFO - [2025-02-10T15:08:44.788+0000] {dag.py:4180} INFO - Setting next_dagrun for tutorial_taskflow_api to None, run_after=None
[2025-02-10T15:08:44.866+0000] {processor.py:208} INFO - Processing /usr/local/lib/python3.9/dist-packages/airflow/example_dags/tutorial_taskflow_api.py took 0.143 seconds
[2025-02-10T15:10:04.265+0000] {processor.py:186} INFO - Started process (PID=1110) to work on /usr/local/lib/python3.9/dist-packages/airflow/example_dags/tutorial_taskflow_api.py
[2025-02-10T15:10:04.266+0000] {processor.py:914} INFO - Processing file /usr/local/lib/python3.9/dist-packages/airflow/example_dags/tutorial_taskflow_api.py for tasks to queue
[2025-02-10T15:10:04.269+0000] {logging_mixin.py:190} INFO - [2025-02-10T15:10:04.269+0000] {dagbag.py:588} INFO - Filling up the DagBag from /usr/local/lib/python3.9/dist-packages/airflow/example_dags/tutorial_taskflow_api.py
[2025-02-10T15:10:04.277+0000] {processor.py:925} INFO - DAG(s) 'tutorial_taskflow_api' retrieved from /usr/local/lib/python3.9/dist-packages/airflow/example_dags/tutorial_taskflow_api.py
[2025-02-10T15:10:04.308+0000] {logging_mixin.py:190} INFO - [2025-02-10T15:10:04.307+0000] {dag.py:3239} INFO - Sync 1 DAGs
[2025-02-10T15:10:04.324+0000] {logging_mixin.py:190} INFO - [2025-02-10T15:10:04.324+0000] {dag.py:4180} INFO - Setting next_dagrun for tutorial_taskflow_api to None, run_after=None
[2025-02-10T15:10:04.403+0000] {processor.py:208} INFO - Processing /usr/local/lib/python3.9/dist-packages/airflow/example_dags/tutorial_taskflow_api.py took 0.144 seconds
[2025-02-10T15:11:25.574+0000] {processor.py:186} INFO - Started process (PID=1177) to work on /usr/local/lib/python3.9/dist-packages/airflow/example_dags/tutorial_taskflow_api.py
[2025-02-10T15:11:25.576+0000] {processor.py:914} INFO - Processing file /usr/local/lib/python3.9/dist-packages/airflow/example_dags/tutorial_taskflow_api.py for tasks to queue
[2025-02-10T15:11:25.579+0000] {logging_mixin.py:190} INFO - [2025-02-10T15:11:25.578+0000] {dagbag.py:588} INFO - Filling up the DagBag from /usr/local/lib/python3.9/dist-packages/airflow/example_dags/tutorial_taskflow_api.py
[2025-02-10T15:11:25.587+0000] {processor.py:925} INFO - DAG(s) 'tutorial_taskflow_api' retrieved from /usr/local/lib/python3.9/dist-packages/airflow/example_dags/tutorial_taskflow_api.py
[2025-02-10T15:11:25.618+0000] {logging_mixin.py:190} INFO - [2025-02-10T15:11:25.618+0000] {dag.py:3239} INFO - Sync 1 DAGs
[2025-02-10T15:11:25.636+0000] {logging_mixin.py:190} INFO - [2025-02-10T15:11:25.635+0000] {dag.py:4180} INFO - Setting next_dagrun for tutorial_taskflow_api to None, run_after=None
[2025-02-10T15:11:25.706+0000] {processor.py:208} INFO - Processing /usr/local/lib/python3.9/dist-packages/airflow/example_dags/tutorial_taskflow_api.py took 0.138 seconds
[2025-02-10T15:12:44.872+0000] {processor.py:186} INFO - Started process (PID=1243) to work on /usr/local/lib/python3.9/dist-packages/airflow/example_dags/tutorial_taskflow_api.py
[2025-02-10T15:12:44.874+0000] {processor.py:914} INFO - Processing file /usr/local/lib/python3.9/dist-packages/airflow/example_dags/tutorial_taskflow_api.py for tasks to queue
[2025-02-10T15:12:44.877+0000] {logging_mixin.py:190} INFO - [2025-02-10T15:12:44.877+0000] {dagbag.py:588} INFO - Filling up the DagBag from /usr/local/lib/python3.9/dist-packages/airflow/example_dags/tutorial_taskflow_api.py
[2025-02-10T15:12:44.886+0000] {processor.py:925} INFO - DAG(s) 'tutorial_taskflow_api' retrieved from /usr/local/lib/python3.9/dist-packages/airflow/example_dags/tutorial_taskflow_api.py
[2025-02-10T15:12:44.915+0000] {logging_mixin.py:190} INFO - [2025-02-10T15:12:44.915+0000] {dag.py:3239} INFO - Sync 1 DAGs
[2025-02-10T15:12:44.932+0000] {logging_mixin.py:190} INFO - [2025-02-10T15:12:44.932+0000] {dag.py:4180} INFO - Setting next_dagrun for tutorial_taskflow_api to None, run_after=None
[2025-02-10T15:12:45.005+0000] {processor.py:208} INFO - Processing /usr/local/lib/python3.9/dist-packages/airflow/example_dags/tutorial_taskflow_api.py took 0.139 seconds
[2025-02-10T15:14:01.677+0000] {processor.py:186} INFO - Started process (PID=1307) to work on /usr/local/lib/python3.9/dist-packages/airflow/example_dags/tutorial_taskflow_api.py
[2025-02-10T15:14:01.680+0000] {processor.py:914} INFO - Processing file /usr/local/lib/python3.9/dist-packages/airflow/example_dags/tutorial_taskflow_api.py for tasks to queue
[2025-02-10T15:14:01.683+0000] {logging_mixin.py:190} INFO - [2025-02-10T15:14:01.682+0000] {dagbag.py:588} INFO - Filling up the DagBag from /usr/local/lib/python3.9/dist-packages/airflow/example_dags/tutorial_taskflow_api.py
[2025-02-10T15:14:01.690+0000] {processor.py:925} INFO - DAG(s) 'tutorial_taskflow_api' retrieved from /usr/local/lib/python3.9/dist-packages/airflow/example_dags/tutorial_taskflow_api.py
[2025-02-10T15:14:01.721+0000] {logging_mixin.py:190} INFO - [2025-02-10T15:14:01.721+0000] {dag.py:3239} INFO - Sync 1 DAGs
[2025-02-10T15:14:01.738+0000] {logging_mixin.py:190} INFO - [2025-02-10T15:14:01.738+0000] {dag.py:4180} INFO - Setting next_dagrun for tutorial_taskflow_api to None, run_after=None
[2025-02-10T15:14:01.814+0000] {processor.py:208} INFO - Processing /usr/local/lib/python3.9/dist-packages/airflow/example_dags/tutorial_taskflow_api.py took 0.142 seconds
[2025-02-10T15:25:40.309+0000] {processor.py:186} INFO - Started process (PID=63) to work on /usr/local/lib/python3.9/dist-packages/airflow/example_dags/tutorial_taskflow_api.py
[2025-02-10T15:25:40.311+0000] {processor.py:914} INFO - Processing file /usr/local/lib/python3.9/dist-packages/airflow/example_dags/tutorial_taskflow_api.py for tasks to queue
[2025-02-10T15:25:40.314+0000] {logging_mixin.py:190} INFO - [2025-02-10T15:25:40.313+0000] {dagbag.py:588} INFO - Filling up the DagBag from /usr/local/lib/python3.9/dist-packages/airflow/example_dags/tutorial_taskflow_api.py
[2025-02-10T15:25:40.323+0000] {processor.py:925} INFO - DAG(s) 'tutorial_taskflow_api' retrieved from /usr/local/lib/python3.9/dist-packages/airflow/example_dags/tutorial_taskflow_api.py
[2025-02-10T15:25:40.361+0000] {logging_mixin.py:190} INFO - [2025-02-10T15:25:40.360+0000] {dag.py:3239} INFO - Sync 1 DAGs
[2025-02-10T15:25:40.379+0000] {logging_mixin.py:190} INFO - [2025-02-10T15:25:40.378+0000] {dag.py:4180} INFO - Setting next_dagrun for tutorial_taskflow_api to None, run_after=None
[2025-02-10T15:25:40.464+0000] {processor.py:208} INFO - Processing /usr/local/lib/python3.9/dist-packages/airflow/example_dags/tutorial_taskflow_api.py took 0.160 seconds
[2025-02-10T15:26:58.217+0000] {processor.py:186} INFO - Started process (PID=128) to work on /usr/local/lib/python3.9/dist-packages/airflow/example_dags/tutorial_taskflow_api.py
[2025-02-10T15:26:58.219+0000] {processor.py:914} INFO - Processing file /usr/local/lib/python3.9/dist-packages/airflow/example_dags/tutorial_taskflow_api.py for tasks to queue
[2025-02-10T15:26:58.221+0000] {logging_mixin.py:190} INFO - [2025-02-10T15:26:58.221+0000] {dagbag.py:588} INFO - Filling up the DagBag from /usr/local/lib/python3.9/dist-packages/airflow/example_dags/tutorial_taskflow_api.py
[2025-02-10T15:26:58.229+0000] {processor.py:925} INFO - DAG(s) 'tutorial_taskflow_api' retrieved from /usr/local/lib/python3.9/dist-packages/airflow/example_dags/tutorial_taskflow_api.py
[2025-02-10T15:26:58.261+0000] {logging_mixin.py:190} INFO - [2025-02-10T15:26:58.260+0000] {dag.py:3239} INFO - Sync 1 DAGs
[2025-02-10T15:26:58.281+0000] {logging_mixin.py:190} INFO - [2025-02-10T15:26:58.280+0000] {dag.py:4180} INFO - Setting next_dagrun for tutorial_taskflow_api to None, run_after=None
[2025-02-10T15:26:58.370+0000] {processor.py:208} INFO - Processing /usr/local/lib/python3.9/dist-packages/airflow/example_dags/tutorial_taskflow_api.py took 0.159 seconds
[2025-02-10T15:28:16.818+0000] {processor.py:186} INFO - Started process (PID=193) to work on /usr/local/lib/python3.9/dist-packages/airflow/example_dags/tutorial_taskflow_api.py
[2025-02-10T15:28:16.819+0000] {processor.py:914} INFO - Processing file /usr/local/lib/python3.9/dist-packages/airflow/example_dags/tutorial_taskflow_api.py for tasks to queue
[2025-02-10T15:28:16.821+0000] {logging_mixin.py:190} INFO - [2025-02-10T15:28:16.821+0000] {dagbag.py:588} INFO - Filling up the DagBag from /usr/local/lib/python3.9/dist-packages/airflow/example_dags/tutorial_taskflow_api.py
[2025-02-10T15:28:16.829+0000] {processor.py:925} INFO - DAG(s) 'tutorial_taskflow_api' retrieved from /usr/local/lib/python3.9/dist-packages/airflow/example_dags/tutorial_taskflow_api.py
[2025-02-10T15:28:16.859+0000] {logging_mixin.py:190} INFO - [2025-02-10T15:28:16.859+0000] {dag.py:3239} INFO - Sync 1 DAGs
[2025-02-10T15:28:16.876+0000] {logging_mixin.py:190} INFO - [2025-02-10T15:28:16.876+0000] {dag.py:4180} INFO - Setting next_dagrun for tutorial_taskflow_api to None, run_after=None
[2025-02-10T15:28:16.957+0000] {processor.py:208} INFO - Processing /usr/local/lib/python3.9/dist-packages/airflow/example_dags/tutorial_taskflow_api.py took 0.145 seconds
[2025-02-10T15:29:37.315+0000] {processor.py:186} INFO - Started process (PID=259) to work on /usr/local/lib/python3.9/dist-packages/airflow/example_dags/tutorial_taskflow_api.py
[2025-02-10T15:29:37.316+0000] {processor.py:914} INFO - Processing file /usr/local/lib/python3.9/dist-packages/airflow/example_dags/tutorial_taskflow_api.py for tasks to queue
[2025-02-10T15:29:37.320+0000] {logging_mixin.py:190} INFO - [2025-02-10T15:29:37.319+0000] {dagbag.py:588} INFO - Filling up the DagBag from /usr/local/lib/python3.9/dist-packages/airflow/example_dags/tutorial_taskflow_api.py
[2025-02-10T15:29:37.329+0000] {processor.py:925} INFO - DAG(s) 'tutorial_taskflow_api' retrieved from /usr/local/lib/python3.9/dist-packages/airflow/example_dags/tutorial_taskflow_api.py
[2025-02-10T15:29:37.363+0000] {logging_mixin.py:190} INFO - [2025-02-10T15:29:37.362+0000] {dag.py:3239} INFO - Sync 1 DAGs
[2025-02-10T15:29:37.396+0000] {logging_mixin.py:190} INFO - [2025-02-10T15:29:37.395+0000] {dag.py:4180} INFO - Setting next_dagrun for tutorial_taskflow_api to None, run_after=None
[2025-02-10T15:29:37.508+0000] {processor.py:208} INFO - Processing /usr/local/lib/python3.9/dist-packages/airflow/example_dags/tutorial_taskflow_api.py took 0.198 seconds
[2025-02-10T15:30:52.271+0000] {processor.py:186} INFO - Started process (PID=322) to work on /usr/local/lib/python3.9/dist-packages/airflow/example_dags/tutorial_taskflow_api.py
[2025-02-10T15:30:52.272+0000] {processor.py:914} INFO - Processing file /usr/local/lib/python3.9/dist-packages/airflow/example_dags/tutorial_taskflow_api.py for tasks to queue
[2025-02-10T15:30:52.275+0000] {logging_mixin.py:190} INFO - [2025-02-10T15:30:52.275+0000] {dagbag.py:588} INFO - Filling up the DagBag from /usr/local/lib/python3.9/dist-packages/airflow/example_dags/tutorial_taskflow_api.py
[2025-02-10T15:30:52.284+0000] {processor.py:925} INFO - DAG(s) 'tutorial_taskflow_api' retrieved from /usr/local/lib/python3.9/dist-packages/airflow/example_dags/tutorial_taskflow_api.py
[2025-02-10T15:30:52.313+0000] {logging_mixin.py:190} INFO - [2025-02-10T15:30:52.312+0000] {dag.py:3239} INFO - Sync 1 DAGs
[2025-02-10T15:30:52.331+0000] {logging_mixin.py:190} INFO - [2025-02-10T15:30:52.330+0000] {dag.py:4180} INFO - Setting next_dagrun for tutorial_taskflow_api to None, run_after=None
[2025-02-10T15:30:52.410+0000] {processor.py:208} INFO - Processing /usr/local/lib/python3.9/dist-packages/airflow/example_dags/tutorial_taskflow_api.py took 0.146 seconds
[2025-02-10T15:32:07.753+0000] {processor.py:186} INFO - Started process (PID=386) to work on /usr/local/lib/python3.9/dist-packages/airflow/example_dags/tutorial_taskflow_api.py
[2025-02-10T15:32:07.754+0000] {processor.py:914} INFO - Processing file /usr/local/lib/python3.9/dist-packages/airflow/example_dags/tutorial_taskflow_api.py for tasks to queue
[2025-02-10T15:32:07.757+0000] {logging_mixin.py:190} INFO - [2025-02-10T15:32:07.756+0000] {dagbag.py:588} INFO - Filling up the DagBag from /usr/local/lib/python3.9/dist-packages/airflow/example_dags/tutorial_taskflow_api.py
[2025-02-10T15:32:07.765+0000] {processor.py:925} INFO - DAG(s) 'tutorial_taskflow_api' retrieved from /usr/local/lib/python3.9/dist-packages/airflow/example_dags/tutorial_taskflow_api.py
[2025-02-10T15:32:07.796+0000] {logging_mixin.py:190} INFO - [2025-02-10T15:32:07.795+0000] {dag.py:3239} INFO - Sync 1 DAGs
[2025-02-10T15:32:07.812+0000] {logging_mixin.py:190} INFO - [2025-02-10T15:32:07.812+0000] {dag.py:4180} INFO - Setting next_dagrun for tutorial_taskflow_api to None, run_after=None
[2025-02-10T15:32:07.896+0000] {processor.py:208} INFO - Processing /usr/local/lib/python3.9/dist-packages/airflow/example_dags/tutorial_taskflow_api.py took 0.148 seconds
[2025-02-10T15:33:28.222+0000] {processor.py:186} INFO - Started process (PID=452) to work on /usr/local/lib/python3.9/dist-packages/airflow/example_dags/tutorial_taskflow_api.py
[2025-02-10T15:33:28.224+0000] {processor.py:914} INFO - Processing file /usr/local/lib/python3.9/dist-packages/airflow/example_dags/tutorial_taskflow_api.py for tasks to queue
[2025-02-10T15:33:28.226+0000] {logging_mixin.py:190} INFO - [2025-02-10T15:33:28.226+0000] {dagbag.py:588} INFO - Filling up the DagBag from /usr/local/lib/python3.9/dist-packages/airflow/example_dags/tutorial_taskflow_api.py
[2025-02-10T15:33:28.236+0000] {processor.py:925} INFO - DAG(s) 'tutorial_taskflow_api' retrieved from /usr/local/lib/python3.9/dist-packages/airflow/example_dags/tutorial_taskflow_api.py
[2025-02-10T15:33:28.268+0000] {logging_mixin.py:190} INFO - [2025-02-10T15:33:28.268+0000] {dag.py:3239} INFO - Sync 1 DAGs
[2025-02-10T15:33:28.288+0000] {logging_mixin.py:190} INFO - [2025-02-10T15:33:28.287+0000] {dag.py:4180} INFO - Setting next_dagrun for tutorial_taskflow_api to None, run_after=None
[2025-02-10T15:33:28.362+0000] {processor.py:208} INFO - Processing /usr/local/lib/python3.9/dist-packages/airflow/example_dags/tutorial_taskflow_api.py took 0.146 seconds
[2025-02-10T15:34:40.584+0000] {processor.py:186} INFO - Started process (PID=509) to work on /usr/local/lib/python3.9/dist-packages/airflow/example_dags/tutorial_taskflow_api.py
[2025-02-10T15:34:40.585+0000] {processor.py:914} INFO - Processing file /usr/local/lib/python3.9/dist-packages/airflow/example_dags/tutorial_taskflow_api.py for tasks to queue
[2025-02-10T15:34:40.587+0000] {logging_mixin.py:190} INFO - [2025-02-10T15:34:40.587+0000] {dagbag.py:588} INFO - Filling up the DagBag from /usr/local/lib/python3.9/dist-packages/airflow/example_dags/tutorial_taskflow_api.py
[2025-02-10T15:34:40.595+0000] {processor.py:925} INFO - DAG(s) 'tutorial_taskflow_api' retrieved from /usr/local/lib/python3.9/dist-packages/airflow/example_dags/tutorial_taskflow_api.py
[2025-02-10T15:34:40.625+0000] {logging_mixin.py:190} INFO - [2025-02-10T15:34:40.625+0000] {dag.py:3239} INFO - Sync 1 DAGs
[2025-02-10T15:34:40.642+0000] {logging_mixin.py:190} INFO - [2025-02-10T15:34:40.642+0000] {dag.py:4180} INFO - Setting next_dagrun for tutorial_taskflow_api to None, run_after=None
[2025-02-10T15:34:40.723+0000] {processor.py:208} INFO - Processing /usr/local/lib/python3.9/dist-packages/airflow/example_dags/tutorial_taskflow_api.py took 0.145 seconds
[2025-02-10T15:35:57.960+0000] {processor.py:186} INFO - Started process (PID=574) to work on /usr/local/lib/python3.9/dist-packages/airflow/example_dags/tutorial_taskflow_api.py
[2025-02-10T15:35:57.962+0000] {processor.py:914} INFO - Processing file /usr/local/lib/python3.9/dist-packages/airflow/example_dags/tutorial_taskflow_api.py for tasks to queue
[2025-02-10T15:35:57.964+0000] {logging_mixin.py:190} INFO - [2025-02-10T15:35:57.964+0000] {dagbag.py:588} INFO - Filling up the DagBag from /usr/local/lib/python3.9/dist-packages/airflow/example_dags/tutorial_taskflow_api.py
[2025-02-10T15:35:57.974+0000] {processor.py:925} INFO - DAG(s) 'tutorial_taskflow_api' retrieved from /usr/local/lib/python3.9/dist-packages/airflow/example_dags/tutorial_taskflow_api.py
[2025-02-10T15:35:58.001+0000] {logging_mixin.py:190} INFO - [2025-02-10T15:35:58.001+0000] {dag.py:3239} INFO - Sync 1 DAGs
[2025-02-10T15:35:58.018+0000] {logging_mixin.py:190} INFO - [2025-02-10T15:35:58.018+0000] {dag.py:4180} INFO - Setting next_dagrun for tutorial_taskflow_api to None, run_after=None
[2025-02-10T15:35:58.090+0000] {processor.py:208} INFO - Processing /usr/local/lib/python3.9/dist-packages/airflow/example_dags/tutorial_taskflow_api.py took 0.138 seconds
[2025-02-10T15:37:21.455+0000] {processor.py:186} INFO - Started process (PID=641) to work on /usr/local/lib/python3.9/dist-packages/airflow/example_dags/tutorial_taskflow_api.py
[2025-02-10T15:37:21.457+0000] {processor.py:914} INFO - Processing file /usr/local/lib/python3.9/dist-packages/airflow/example_dags/tutorial_taskflow_api.py for tasks to queue
[2025-02-10T15:37:21.460+0000] {logging_mixin.py:190} INFO - [2025-02-10T15:37:21.459+0000] {dagbag.py:588} INFO - Filling up the DagBag from /usr/local/lib/python3.9/dist-packages/airflow/example_dags/tutorial_taskflow_api.py
[2025-02-10T15:37:21.467+0000] {processor.py:925} INFO - DAG(s) 'tutorial_taskflow_api' retrieved from /usr/local/lib/python3.9/dist-packages/airflow/example_dags/tutorial_taskflow_api.py
[2025-02-10T15:37:21.501+0000] {logging_mixin.py:190} INFO - [2025-02-10T15:37:21.500+0000] {dag.py:3239} INFO - Sync 1 DAGs
[2025-02-10T15:37:21.519+0000] {logging_mixin.py:190} INFO - [2025-02-10T15:37:21.519+0000] {dag.py:4180} INFO - Setting next_dagrun for tutorial_taskflow_api to None, run_after=None
[2025-02-10T15:37:21.593+0000] {processor.py:208} INFO - Processing /usr/local/lib/python3.9/dist-packages/airflow/example_dags/tutorial_taskflow_api.py took 0.143 seconds
[2025-02-10T15:38:43.662+0000] {processor.py:186} INFO - Started process (PID=707) to work on /usr/local/lib/python3.9/dist-packages/airflow/example_dags/tutorial_taskflow_api.py
[2025-02-10T15:38:43.664+0000] {processor.py:914} INFO - Processing file /usr/local/lib/python3.9/dist-packages/airflow/example_dags/tutorial_taskflow_api.py for tasks to queue
[2025-02-10T15:38:43.666+0000] {logging_mixin.py:190} INFO - [2025-02-10T15:38:43.666+0000] {dagbag.py:588} INFO - Filling up the DagBag from /usr/local/lib/python3.9/dist-packages/airflow/example_dags/tutorial_taskflow_api.py
[2025-02-10T15:38:43.674+0000] {processor.py:925} INFO - DAG(s) 'tutorial_taskflow_api' retrieved from /usr/local/lib/python3.9/dist-packages/airflow/example_dags/tutorial_taskflow_api.py
[2025-02-10T15:38:43.705+0000] {logging_mixin.py:190} INFO - [2025-02-10T15:38:43.705+0000] {dag.py:3239} INFO - Sync 1 DAGs
[2025-02-10T15:38:43.723+0000] {logging_mixin.py:190} INFO - [2025-02-10T15:38:43.723+0000] {dag.py:4180} INFO - Setting next_dagrun for tutorial_taskflow_api to None, run_after=None
[2025-02-10T15:38:43.798+0000] {processor.py:208} INFO - Processing /usr/local/lib/python3.9/dist-packages/airflow/example_dags/tutorial_taskflow_api.py took 0.141 seconds
[2025-02-10T15:40:04.670+0000] {processor.py:186} INFO - Started process (PID=774) to work on /usr/local/lib/python3.9/dist-packages/airflow/example_dags/tutorial_taskflow_api.py
[2025-02-10T15:40:04.672+0000] {processor.py:914} INFO - Processing file /usr/local/lib/python3.9/dist-packages/airflow/example_dags/tutorial_taskflow_api.py for tasks to queue
[2025-02-10T15:40:04.675+0000] {logging_mixin.py:190} INFO - [2025-02-10T15:40:04.674+0000] {dagbag.py:588} INFO - Filling up the DagBag from /usr/local/lib/python3.9/dist-packages/airflow/example_dags/tutorial_taskflow_api.py
[2025-02-10T15:40:04.683+0000] {processor.py:925} INFO - DAG(s) 'tutorial_taskflow_api' retrieved from /usr/local/lib/python3.9/dist-packages/airflow/example_dags/tutorial_taskflow_api.py
[2025-02-10T15:40:04.714+0000] {logging_mixin.py:190} INFO - [2025-02-10T15:40:04.714+0000] {dag.py:3239} INFO - Sync 1 DAGs
[2025-02-10T15:40:04.733+0000] {logging_mixin.py:190} INFO - [2025-02-10T15:40:04.732+0000] {dag.py:4180} INFO - Setting next_dagrun for tutorial_taskflow_api to None, run_after=None
[2025-02-10T15:40:04.805+0000] {processor.py:208} INFO - Processing /usr/local/lib/python3.9/dist-packages/airflow/example_dags/tutorial_taskflow_api.py took 0.140 seconds
[2025-02-10T15:41:22.669+0000] {processor.py:186} INFO - Started process (PID=838) to work on /usr/local/lib/python3.9/dist-packages/airflow/example_dags/tutorial_taskflow_api.py
[2025-02-10T15:41:22.670+0000] {processor.py:914} INFO - Processing file /usr/local/lib/python3.9/dist-packages/airflow/example_dags/tutorial_taskflow_api.py for tasks to queue
[2025-02-10T15:41:22.673+0000] {logging_mixin.py:190} INFO - [2025-02-10T15:41:22.673+0000] {dagbag.py:588} INFO - Filling up the DagBag from /usr/local/lib/python3.9/dist-packages/airflow/example_dags/tutorial_taskflow_api.py
[2025-02-10T15:41:22.681+0000] {processor.py:925} INFO - DAG(s) 'tutorial_taskflow_api' retrieved from /usr/local/lib/python3.9/dist-packages/airflow/example_dags/tutorial_taskflow_api.py
[2025-02-10T15:41:22.712+0000] {logging_mixin.py:190} INFO - [2025-02-10T15:41:22.711+0000] {dag.py:3239} INFO - Sync 1 DAGs
[2025-02-10T15:41:22.730+0000] {logging_mixin.py:190} INFO - [2025-02-10T15:41:22.729+0000] {dag.py:4180} INFO - Setting next_dagrun for tutorial_taskflow_api to None, run_after=None
[2025-02-10T15:41:22.799+0000] {processor.py:208} INFO - Processing /usr/local/lib/python3.9/dist-packages/airflow/example_dags/tutorial_taskflow_api.py took 0.135 seconds
[2025-02-10T15:42:42.204+0000] {processor.py:186} INFO - Started process (PID=904) to work on /usr/local/lib/python3.9/dist-packages/airflow/example_dags/tutorial_taskflow_api.py
[2025-02-10T15:42:42.205+0000] {processor.py:914} INFO - Processing file /usr/local/lib/python3.9/dist-packages/airflow/example_dags/tutorial_taskflow_api.py for tasks to queue
[2025-02-10T15:42:42.208+0000] {logging_mixin.py:190} INFO - [2025-02-10T15:42:42.208+0000] {dagbag.py:588} INFO - Filling up the DagBag from /usr/local/lib/python3.9/dist-packages/airflow/example_dags/tutorial_taskflow_api.py
[2025-02-10T15:42:42.216+0000] {processor.py:925} INFO - DAG(s) 'tutorial_taskflow_api' retrieved from /usr/local/lib/python3.9/dist-packages/airflow/example_dags/tutorial_taskflow_api.py
[2025-02-10T15:42:42.246+0000] {logging_mixin.py:190} INFO - [2025-02-10T15:42:42.246+0000] {dag.py:3239} INFO - Sync 1 DAGs
[2025-02-10T15:42:42.262+0000] {logging_mixin.py:190} INFO - [2025-02-10T15:42:42.262+0000] {dag.py:4180} INFO - Setting next_dagrun for tutorial_taskflow_api to None, run_after=None
[2025-02-10T15:42:42.338+0000] {processor.py:208} INFO - Processing /usr/local/lib/python3.9/dist-packages/airflow/example_dags/tutorial_taskflow_api.py took 0.140 seconds
[2025-02-10T15:44:05.466+0000] {processor.py:186} INFO - Started process (PID=971) to work on /usr/local/lib/python3.9/dist-packages/airflow/example_dags/tutorial_taskflow_api.py
[2025-02-10T15:44:05.468+0000] {processor.py:914} INFO - Processing file /usr/local/lib/python3.9/dist-packages/airflow/example_dags/tutorial_taskflow_api.py for tasks to queue
[2025-02-10T15:44:05.471+0000] {logging_mixin.py:190} INFO - [2025-02-10T15:44:05.471+0000] {dagbag.py:588} INFO - Filling up the DagBag from /usr/local/lib/python3.9/dist-packages/airflow/example_dags/tutorial_taskflow_api.py
[2025-02-10T15:44:05.481+0000] {processor.py:925} INFO - DAG(s) 'tutorial_taskflow_api' retrieved from /usr/local/lib/python3.9/dist-packages/airflow/example_dags/tutorial_taskflow_api.py
[2025-02-10T15:44:05.510+0000] {logging_mixin.py:190} INFO - [2025-02-10T15:44:05.510+0000] {dag.py:3239} INFO - Sync 1 DAGs
[2025-02-10T15:44:05.528+0000] {logging_mixin.py:190} INFO - [2025-02-10T15:44:05.527+0000] {dag.py:4180} INFO - Setting next_dagrun for tutorial_taskflow_api to None, run_after=None
[2025-02-10T15:44:05.608+0000] {processor.py:208} INFO - Processing /usr/local/lib/python3.9/dist-packages/airflow/example_dags/tutorial_taskflow_api.py took 0.147 seconds
[2025-02-10T15:45:30.247+0000] {processor.py:186} INFO - Started process (PID=1038) to work on /usr/local/lib/python3.9/dist-packages/airflow/example_dags/tutorial_taskflow_api.py
[2025-02-10T15:45:30.249+0000] {processor.py:914} INFO - Processing file /usr/local/lib/python3.9/dist-packages/airflow/example_dags/tutorial_taskflow_api.py for tasks to queue
[2025-02-10T15:45:30.252+0000] {logging_mixin.py:190} INFO - [2025-02-10T15:45:30.251+0000] {dagbag.py:588} INFO - Filling up the DagBag from /usr/local/lib/python3.9/dist-packages/airflow/example_dags/tutorial_taskflow_api.py
[2025-02-10T15:45:30.260+0000] {processor.py:925} INFO - DAG(s) 'tutorial_taskflow_api' retrieved from /usr/local/lib/python3.9/dist-packages/airflow/example_dags/tutorial_taskflow_api.py
[2025-02-10T15:45:30.292+0000] {logging_mixin.py:190} INFO - [2025-02-10T15:45:30.292+0000] {dag.py:3239} INFO - Sync 1 DAGs
[2025-02-10T15:45:30.311+0000] {logging_mixin.py:190} INFO - [2025-02-10T15:45:30.310+0000] {dag.py:4180} INFO - Setting next_dagrun for tutorial_taskflow_api to None, run_after=None
[2025-02-10T15:45:30.387+0000] {processor.py:208} INFO - Processing /usr/local/lib/python3.9/dist-packages/airflow/example_dags/tutorial_taskflow_api.py took 0.147 seconds
[2025-02-10T15:46:47.880+0000] {processor.py:186} INFO - Started process (PID=1103) to work on /usr/local/lib/python3.9/dist-packages/airflow/example_dags/tutorial_taskflow_api.py
[2025-02-10T15:46:47.884+0000] {processor.py:914} INFO - Processing file /usr/local/lib/python3.9/dist-packages/airflow/example_dags/tutorial_taskflow_api.py for tasks to queue
[2025-02-10T15:46:47.887+0000] {logging_mixin.py:190} INFO - [2025-02-10T15:46:47.886+0000] {dagbag.py:588} INFO - Filling up the DagBag from /usr/local/lib/python3.9/dist-packages/airflow/example_dags/tutorial_taskflow_api.py
[2025-02-10T15:46:47.895+0000] {processor.py:925} INFO - DAG(s) 'tutorial_taskflow_api' retrieved from /usr/local/lib/python3.9/dist-packages/airflow/example_dags/tutorial_taskflow_api.py
[2025-02-10T15:46:47.924+0000] {logging_mixin.py:190} INFO - [2025-02-10T15:46:47.924+0000] {dag.py:3239} INFO - Sync 1 DAGs
[2025-02-10T15:46:47.942+0000] {logging_mixin.py:190} INFO - [2025-02-10T15:46:47.942+0000] {dag.py:4180} INFO - Setting next_dagrun for tutorial_taskflow_api to None, run_after=None
[2025-02-10T15:46:48.021+0000] {processor.py:208} INFO - Processing /usr/local/lib/python3.9/dist-packages/airflow/example_dags/tutorial_taskflow_api.py took 0.146 seconds
[2025-02-10T15:48:03.797+0000] {processor.py:186} INFO - Started process (PID=1168) to work on /usr/local/lib/python3.9/dist-packages/airflow/example_dags/tutorial_taskflow_api.py
[2025-02-10T15:48:03.799+0000] {processor.py:914} INFO - Processing file /usr/local/lib/python3.9/dist-packages/airflow/example_dags/tutorial_taskflow_api.py for tasks to queue
[2025-02-10T15:48:03.802+0000] {logging_mixin.py:190} INFO - [2025-02-10T15:48:03.801+0000] {dagbag.py:588} INFO - Filling up the DagBag from /usr/local/lib/python3.9/dist-packages/airflow/example_dags/tutorial_taskflow_api.py
[2025-02-10T15:48:03.810+0000] {processor.py:925} INFO - DAG(s) 'tutorial_taskflow_api' retrieved from /usr/local/lib/python3.9/dist-packages/airflow/example_dags/tutorial_taskflow_api.py
[2025-02-10T15:48:03.842+0000] {logging_mixin.py:190} INFO - [2025-02-10T15:48:03.841+0000] {dag.py:3239} INFO - Sync 1 DAGs
[2025-02-10T15:48:03.859+0000] {logging_mixin.py:190} INFO - [2025-02-10T15:48:03.859+0000] {dag.py:4180} INFO - Setting next_dagrun for tutorial_taskflow_api to None, run_after=None
[2025-02-10T15:48:03.932+0000] {processor.py:208} INFO - Processing /usr/local/lib/python3.9/dist-packages/airflow/example_dags/tutorial_taskflow_api.py took 0.141 seconds
[2025-02-10T15:49:17.019+0000] {processor.py:186} INFO - Started process (PID=1232) to work on /usr/local/lib/python3.9/dist-packages/airflow/example_dags/tutorial_taskflow_api.py
[2025-02-10T15:49:17.020+0000] {processor.py:914} INFO - Processing file /usr/local/lib/python3.9/dist-packages/airflow/example_dags/tutorial_taskflow_api.py for tasks to queue
[2025-02-10T15:49:17.023+0000] {logging_mixin.py:190} INFO - [2025-02-10T15:49:17.023+0000] {dagbag.py:588} INFO - Filling up the DagBag from /usr/local/lib/python3.9/dist-packages/airflow/example_dags/tutorial_taskflow_api.py
[2025-02-10T15:49:17.031+0000] {processor.py:925} INFO - DAG(s) 'tutorial_taskflow_api' retrieved from /usr/local/lib/python3.9/dist-packages/airflow/example_dags/tutorial_taskflow_api.py
[2025-02-10T15:49:17.060+0000] {logging_mixin.py:190} INFO - [2025-02-10T15:49:17.059+0000] {dag.py:3239} INFO - Sync 1 DAGs
[2025-02-10T15:49:17.077+0000] {logging_mixin.py:190} INFO - [2025-02-10T15:49:17.077+0000] {dag.py:4180} INFO - Setting next_dagrun for tutorial_taskflow_api to None, run_after=None
[2025-02-10T15:49:17.154+0000] {processor.py:208} INFO - Processing /usr/local/lib/python3.9/dist-packages/airflow/example_dags/tutorial_taskflow_api.py took 0.141 seconds
[2025-02-10T15:50:32.111+0000] {processor.py:186} INFO - Started process (PID=1294) to work on /usr/local/lib/python3.9/dist-packages/airflow/example_dags/tutorial_taskflow_api.py
[2025-02-10T15:50:32.112+0000] {processor.py:914} INFO - Processing file /usr/local/lib/python3.9/dist-packages/airflow/example_dags/tutorial_taskflow_api.py for tasks to queue
[2025-02-10T15:50:32.115+0000] {logging_mixin.py:190} INFO - [2025-02-10T15:50:32.115+0000] {dagbag.py:588} INFO - Filling up the DagBag from /usr/local/lib/python3.9/dist-packages/airflow/example_dags/tutorial_taskflow_api.py
[2025-02-10T15:50:32.122+0000] {processor.py:925} INFO - DAG(s) 'tutorial_taskflow_api' retrieved from /usr/local/lib/python3.9/dist-packages/airflow/example_dags/tutorial_taskflow_api.py
[2025-02-10T15:50:32.154+0000] {logging_mixin.py:190} INFO - [2025-02-10T15:50:32.154+0000] {dag.py:3239} INFO - Sync 1 DAGs
[2025-02-10T15:50:32.170+0000] {logging_mixin.py:190} INFO - [2025-02-10T15:50:32.170+0000] {dag.py:4180} INFO - Setting next_dagrun for tutorial_taskflow_api to None, run_after=None
[2025-02-10T15:50:32.249+0000] {processor.py:208} INFO - Processing /usr/local/lib/python3.9/dist-packages/airflow/example_dags/tutorial_taskflow_api.py took 0.143 seconds
[2025-02-10T15:51:49.385+0000] {processor.py:186} INFO - Started process (PID=1358) to work on /usr/local/lib/python3.9/dist-packages/airflow/example_dags/tutorial_taskflow_api.py
[2025-02-10T15:51:49.386+0000] {processor.py:914} INFO - Processing file /usr/local/lib/python3.9/dist-packages/airflow/example_dags/tutorial_taskflow_api.py for tasks to queue
[2025-02-10T15:51:49.389+0000] {logging_mixin.py:190} INFO - [2025-02-10T15:51:49.389+0000] {dagbag.py:588} INFO - Filling up the DagBag from /usr/local/lib/python3.9/dist-packages/airflow/example_dags/tutorial_taskflow_api.py
[2025-02-10T15:51:49.397+0000] {processor.py:925} INFO - DAG(s) 'tutorial_taskflow_api' retrieved from /usr/local/lib/python3.9/dist-packages/airflow/example_dags/tutorial_taskflow_api.py
[2025-02-10T15:51:49.427+0000] {logging_mixin.py:190} INFO - [2025-02-10T15:51:49.427+0000] {dag.py:3239} INFO - Sync 1 DAGs
[2025-02-10T15:51:49.444+0000] {logging_mixin.py:190} INFO - [2025-02-10T15:51:49.444+0000] {dag.py:4180} INFO - Setting next_dagrun for tutorial_taskflow_api to None, run_after=None
[2025-02-10T15:51:49.518+0000] {processor.py:208} INFO - Processing /usr/local/lib/python3.9/dist-packages/airflow/example_dags/tutorial_taskflow_api.py took 0.139 seconds
[2025-02-10T15:53:05.397+0000] {processor.py:186} INFO - Started process (PID=1421) to work on /usr/local/lib/python3.9/dist-packages/airflow/example_dags/tutorial_taskflow_api.py
[2025-02-10T15:53:05.398+0000] {processor.py:914} INFO - Processing file /usr/local/lib/python3.9/dist-packages/airflow/example_dags/tutorial_taskflow_api.py for tasks to queue
[2025-02-10T15:53:05.401+0000] {logging_mixin.py:190} INFO - [2025-02-10T15:53:05.401+0000] {dagbag.py:588} INFO - Filling up the DagBag from /usr/local/lib/python3.9/dist-packages/airflow/example_dags/tutorial_taskflow_api.py
[2025-02-10T15:53:05.410+0000] {processor.py:925} INFO - DAG(s) 'tutorial_taskflow_api' retrieved from /usr/local/lib/python3.9/dist-packages/airflow/example_dags/tutorial_taskflow_api.py
[2025-02-10T15:53:05.439+0000] {logging_mixin.py:190} INFO - [2025-02-10T15:53:05.438+0000] {dag.py:3239} INFO - Sync 1 DAGs
[2025-02-10T15:53:05.456+0000] {logging_mixin.py:190} INFO - [2025-02-10T15:53:05.456+0000] {dag.py:4180} INFO - Setting next_dagrun for tutorial_taskflow_api to None, run_after=None
[2025-02-10T15:53:05.528+0000] {processor.py:208} INFO - Processing /usr/local/lib/python3.9/dist-packages/airflow/example_dags/tutorial_taskflow_api.py took 0.137 seconds
[2025-02-10T15:54:23.452+0000] {processor.py:186} INFO - Started process (PID=1486) to work on /usr/local/lib/python3.9/dist-packages/airflow/example_dags/tutorial_taskflow_api.py
[2025-02-10T15:54:23.453+0000] {processor.py:914} INFO - Processing file /usr/local/lib/python3.9/dist-packages/airflow/example_dags/tutorial_taskflow_api.py for tasks to queue
[2025-02-10T15:54:23.457+0000] {logging_mixin.py:190} INFO - [2025-02-10T15:54:23.456+0000] {dagbag.py:588} INFO - Filling up the DagBag from /usr/local/lib/python3.9/dist-packages/airflow/example_dags/tutorial_taskflow_api.py
[2025-02-10T15:54:23.465+0000] {processor.py:925} INFO - DAG(s) 'tutorial_taskflow_api' retrieved from /usr/local/lib/python3.9/dist-packages/airflow/example_dags/tutorial_taskflow_api.py
[2025-02-10T15:54:23.496+0000] {logging_mixin.py:190} INFO - [2025-02-10T15:54:23.496+0000] {dag.py:3239} INFO - Sync 1 DAGs
[2025-02-10T15:54:23.514+0000] {logging_mixin.py:190} INFO - [2025-02-10T15:54:23.513+0000] {dag.py:4180} INFO - Setting next_dagrun for tutorial_taskflow_api to None, run_after=None
[2025-02-10T15:54:23.590+0000] {processor.py:208} INFO - Processing /usr/local/lib/python3.9/dist-packages/airflow/example_dags/tutorial_taskflow_api.py took 0.144 seconds
[2025-02-10T15:55:42.855+0000] {processor.py:186} INFO - Started process (PID=1551) to work on /usr/local/lib/python3.9/dist-packages/airflow/example_dags/tutorial_taskflow_api.py
[2025-02-10T15:55:42.856+0000] {processor.py:914} INFO - Processing file /usr/local/lib/python3.9/dist-packages/airflow/example_dags/tutorial_taskflow_api.py for tasks to queue
[2025-02-10T15:55:42.858+0000] {logging_mixin.py:190} INFO - [2025-02-10T15:55:42.858+0000] {dagbag.py:588} INFO - Filling up the DagBag from /usr/local/lib/python3.9/dist-packages/airflow/example_dags/tutorial_taskflow_api.py
[2025-02-10T15:55:42.866+0000] {processor.py:925} INFO - DAG(s) 'tutorial_taskflow_api' retrieved from /usr/local/lib/python3.9/dist-packages/airflow/example_dags/tutorial_taskflow_api.py
[2025-02-10T15:55:42.897+0000] {logging_mixin.py:190} INFO - [2025-02-10T15:55:42.897+0000] {dag.py:3239} INFO - Sync 1 DAGs
[2025-02-10T15:55:42.913+0000] {logging_mixin.py:190} INFO - [2025-02-10T15:55:42.913+0000] {dag.py:4180} INFO - Setting next_dagrun for tutorial_taskflow_api to None, run_after=None
[2025-02-10T15:55:42.993+0000] {processor.py:208} INFO - Processing /usr/local/lib/python3.9/dist-packages/airflow/example_dags/tutorial_taskflow_api.py took 0.144 seconds
[2025-02-10T15:57:02.859+0000] {processor.py:186} INFO - Started process (PID=1617) to work on /usr/local/lib/python3.9/dist-packages/airflow/example_dags/tutorial_taskflow_api.py
[2025-02-10T15:57:02.860+0000] {processor.py:914} INFO - Processing file /usr/local/lib/python3.9/dist-packages/airflow/example_dags/tutorial_taskflow_api.py for tasks to queue
[2025-02-10T15:57:02.863+0000] {logging_mixin.py:190} INFO - [2025-02-10T15:57:02.862+0000] {dagbag.py:588} INFO - Filling up the DagBag from /usr/local/lib/python3.9/dist-packages/airflow/example_dags/tutorial_taskflow_api.py
[2025-02-10T15:57:02.871+0000] {processor.py:925} INFO - DAG(s) 'tutorial_taskflow_api' retrieved from /usr/local/lib/python3.9/dist-packages/airflow/example_dags/tutorial_taskflow_api.py
[2025-02-10T15:57:02.904+0000] {logging_mixin.py:190} INFO - [2025-02-10T15:57:02.903+0000] {dag.py:3239} INFO - Sync 1 DAGs
[2025-02-10T15:57:02.920+0000] {logging_mixin.py:190} INFO - [2025-02-10T15:57:02.920+0000] {dag.py:4180} INFO - Setting next_dagrun for tutorial_taskflow_api to None, run_after=None
[2025-02-10T15:57:02.997+0000] {processor.py:208} INFO - Processing /usr/local/lib/python3.9/dist-packages/airflow/example_dags/tutorial_taskflow_api.py took 0.144 seconds
[2025-02-10T15:58:20.211+0000] {processor.py:186} INFO - Started process (PID=1681) to work on /usr/local/lib/python3.9/dist-packages/airflow/example_dags/tutorial_taskflow_api.py
[2025-02-10T15:58:20.213+0000] {processor.py:914} INFO - Processing file /usr/local/lib/python3.9/dist-packages/airflow/example_dags/tutorial_taskflow_api.py for tasks to queue
[2025-02-10T15:58:20.216+0000] {logging_mixin.py:190} INFO - [2025-02-10T15:58:20.215+0000] {dagbag.py:588} INFO - Filling up the DagBag from /usr/local/lib/python3.9/dist-packages/airflow/example_dags/tutorial_taskflow_api.py
[2025-02-10T15:58:20.224+0000] {processor.py:925} INFO - DAG(s) 'tutorial_taskflow_api' retrieved from /usr/local/lib/python3.9/dist-packages/airflow/example_dags/tutorial_taskflow_api.py
[2025-02-10T15:58:20.254+0000] {logging_mixin.py:190} INFO - [2025-02-10T15:58:20.254+0000] {dag.py:3239} INFO - Sync 1 DAGs
[2025-02-10T15:58:20.272+0000] {logging_mixin.py:190} INFO - [2025-02-10T15:58:20.272+0000] {dag.py:4180} INFO - Setting next_dagrun for tutorial_taskflow_api to None, run_after=None
[2025-02-10T15:58:20.352+0000] {processor.py:208} INFO - Processing /usr/local/lib/python3.9/dist-packages/airflow/example_dags/tutorial_taskflow_api.py took 0.146 seconds
[2025-02-10T15:59:39.354+0000] {processor.py:186} INFO - Started process (PID=1747) to work on /usr/local/lib/python3.9/dist-packages/airflow/example_dags/tutorial_taskflow_api.py
[2025-02-10T15:59:39.355+0000] {processor.py:914} INFO - Processing file /usr/local/lib/python3.9/dist-packages/airflow/example_dags/tutorial_taskflow_api.py for tasks to queue
[2025-02-10T15:59:39.358+0000] {logging_mixin.py:190} INFO - [2025-02-10T15:59:39.358+0000] {dagbag.py:588} INFO - Filling up the DagBag from /usr/local/lib/python3.9/dist-packages/airflow/example_dags/tutorial_taskflow_api.py
[2025-02-10T15:59:39.366+0000] {processor.py:925} INFO - DAG(s) 'tutorial_taskflow_api' retrieved from /usr/local/lib/python3.9/dist-packages/airflow/example_dags/tutorial_taskflow_api.py
[2025-02-10T15:59:39.398+0000] {logging_mixin.py:190} INFO - [2025-02-10T15:59:39.398+0000] {dag.py:3239} INFO - Sync 1 DAGs
[2025-02-10T15:59:39.418+0000] {logging_mixin.py:190} INFO - [2025-02-10T15:59:39.417+0000] {dag.py:4180} INFO - Setting next_dagrun for tutorial_taskflow_api to None, run_after=None
[2025-02-10T15:59:39.498+0000] {processor.py:208} INFO - Processing /usr/local/lib/python3.9/dist-packages/airflow/example_dags/tutorial_taskflow_api.py took 0.150 seconds
[2025-02-10T16:00:58.277+0000] {processor.py:186} INFO - Started process (PID=1812) to work on /usr/local/lib/python3.9/dist-packages/airflow/example_dags/tutorial_taskflow_api.py
[2025-02-10T16:00:58.279+0000] {processor.py:914} INFO - Processing file /usr/local/lib/python3.9/dist-packages/airflow/example_dags/tutorial_taskflow_api.py for tasks to queue
[2025-02-10T16:00:58.282+0000] {logging_mixin.py:190} INFO - [2025-02-10T16:00:58.282+0000] {dagbag.py:588} INFO - Filling up the DagBag from /usr/local/lib/python3.9/dist-packages/airflow/example_dags/tutorial_taskflow_api.py
[2025-02-10T16:00:58.294+0000] {processor.py:925} INFO - DAG(s) 'tutorial_taskflow_api' retrieved from /usr/local/lib/python3.9/dist-packages/airflow/example_dags/tutorial_taskflow_api.py
[2025-02-10T16:00:58.328+0000] {logging_mixin.py:190} INFO - [2025-02-10T16:00:58.328+0000] {dag.py:3239} INFO - Sync 1 DAGs
[2025-02-10T16:00:58.347+0000] {logging_mixin.py:190} INFO - [2025-02-10T16:00:58.346+0000] {dag.py:4180} INFO - Setting next_dagrun for tutorial_taskflow_api to None, run_after=None
[2025-02-10T16:00:58.417+0000] {processor.py:208} INFO - Processing /usr/local/lib/python3.9/dist-packages/airflow/example_dags/tutorial_taskflow_api.py took 0.150 seconds
[2025-02-10T16:03:56.277+0000] {processor.py:186} INFO - Started process (PID=63) to work on /usr/local/lib/python3.9/dist-packages/airflow/example_dags/tutorial_taskflow_api.py
[2025-02-10T16:03:56.278+0000] {processor.py:914} INFO - Processing file /usr/local/lib/python3.9/dist-packages/airflow/example_dags/tutorial_taskflow_api.py for tasks to queue
[2025-02-10T16:03:56.280+0000] {logging_mixin.py:190} INFO - [2025-02-10T16:03:56.280+0000] {dagbag.py:588} INFO - Filling up the DagBag from /usr/local/lib/python3.9/dist-packages/airflow/example_dags/tutorial_taskflow_api.py
[2025-02-10T16:03:56.288+0000] {processor.py:925} INFO - DAG(s) 'tutorial_taskflow_api' retrieved from /usr/local/lib/python3.9/dist-packages/airflow/example_dags/tutorial_taskflow_api.py
[2025-02-10T16:03:56.326+0000] {logging_mixin.py:190} INFO - [2025-02-10T16:03:56.326+0000] {dag.py:3239} INFO - Sync 1 DAGs
[2025-02-10T16:03:56.342+0000] {logging_mixin.py:190} INFO - [2025-02-10T16:03:56.341+0000] {dag.py:4180} INFO - Setting next_dagrun for tutorial_taskflow_api to None, run_after=None
[2025-02-10T16:03:56.415+0000] {processor.py:208} INFO - Processing /usr/local/lib/python3.9/dist-packages/airflow/example_dags/tutorial_taskflow_api.py took 0.143 seconds
[2025-02-10T16:05:12.764+0000] {processor.py:186} INFO - Started process (PID=128) to work on /usr/local/lib/python3.9/dist-packages/airflow/example_dags/tutorial_taskflow_api.py
[2025-02-10T16:05:12.765+0000] {processor.py:914} INFO - Processing file /usr/local/lib/python3.9/dist-packages/airflow/example_dags/tutorial_taskflow_api.py for tasks to queue
[2025-02-10T16:05:12.768+0000] {logging_mixin.py:190} INFO - [2025-02-10T16:05:12.768+0000] {dagbag.py:588} INFO - Filling up the DagBag from /usr/local/lib/python3.9/dist-packages/airflow/example_dags/tutorial_taskflow_api.py
[2025-02-10T16:05:12.777+0000] {processor.py:925} INFO - DAG(s) 'tutorial_taskflow_api' retrieved from /usr/local/lib/python3.9/dist-packages/airflow/example_dags/tutorial_taskflow_api.py
[2025-02-10T16:05:12.807+0000] {logging_mixin.py:190} INFO - [2025-02-10T16:05:12.807+0000] {dag.py:3239} INFO - Sync 1 DAGs
[2025-02-10T16:05:12.825+0000] {logging_mixin.py:190} INFO - [2025-02-10T16:05:12.825+0000] {dag.py:4180} INFO - Setting next_dagrun for tutorial_taskflow_api to None, run_after=None
[2025-02-10T16:05:12.905+0000] {processor.py:208} INFO - Processing /usr/local/lib/python3.9/dist-packages/airflow/example_dags/tutorial_taskflow_api.py took 0.147 seconds
[2025-02-10T16:06:27.771+0000] {processor.py:186} INFO - Started process (PID=191) to work on /usr/local/lib/python3.9/dist-packages/airflow/example_dags/tutorial_taskflow_api.py
[2025-02-10T16:06:27.773+0000] {processor.py:914} INFO - Processing file /usr/local/lib/python3.9/dist-packages/airflow/example_dags/tutorial_taskflow_api.py for tasks to queue
[2025-02-10T16:06:27.776+0000] {logging_mixin.py:190} INFO - [2025-02-10T16:06:27.775+0000] {dagbag.py:588} INFO - Filling up the DagBag from /usr/local/lib/python3.9/dist-packages/airflow/example_dags/tutorial_taskflow_api.py
[2025-02-10T16:06:27.784+0000] {processor.py:925} INFO - DAG(s) 'tutorial_taskflow_api' retrieved from /usr/local/lib/python3.9/dist-packages/airflow/example_dags/tutorial_taskflow_api.py
[2025-02-10T16:06:27.813+0000] {logging_mixin.py:190} INFO - [2025-02-10T16:06:27.813+0000] {dag.py:3239} INFO - Sync 1 DAGs
[2025-02-10T16:06:27.831+0000] {logging_mixin.py:190} INFO - [2025-02-10T16:06:27.830+0000] {dag.py:4180} INFO - Setting next_dagrun for tutorial_taskflow_api to None, run_after=None
[2025-02-10T16:06:27.903+0000] {processor.py:208} INFO - Processing /usr/local/lib/python3.9/dist-packages/airflow/example_dags/tutorial_taskflow_api.py took 0.137 seconds
[2025-02-10T16:07:44.519+0000] {processor.py:186} INFO - Started process (PID=255) to work on /usr/local/lib/python3.9/dist-packages/airflow/example_dags/tutorial_taskflow_api.py
[2025-02-10T16:07:44.521+0000] {processor.py:914} INFO - Processing file /usr/local/lib/python3.9/dist-packages/airflow/example_dags/tutorial_taskflow_api.py for tasks to queue
[2025-02-10T16:07:44.523+0000] {logging_mixin.py:190} INFO - [2025-02-10T16:07:44.523+0000] {dagbag.py:588} INFO - Filling up the DagBag from /usr/local/lib/python3.9/dist-packages/airflow/example_dags/tutorial_taskflow_api.py
[2025-02-10T16:07:44.532+0000] {processor.py:925} INFO - DAG(s) 'tutorial_taskflow_api' retrieved from /usr/local/lib/python3.9/dist-packages/airflow/example_dags/tutorial_taskflow_api.py
[2025-02-10T16:07:44.564+0000] {logging_mixin.py:190} INFO - [2025-02-10T16:07:44.563+0000] {dag.py:3239} INFO - Sync 1 DAGs
[2025-02-10T16:07:44.582+0000] {logging_mixin.py:190} INFO - [2025-02-10T16:07:44.582+0000] {dag.py:4180} INFO - Setting next_dagrun for tutorial_taskflow_api to None, run_after=None
[2025-02-10T16:07:44.657+0000] {processor.py:208} INFO - Processing /usr/local/lib/python3.9/dist-packages/airflow/example_dags/tutorial_taskflow_api.py took 0.144 seconds
[2025-02-10T16:09:04.751+0000] {processor.py:186} INFO - Started process (PID=320) to work on /usr/local/lib/python3.9/dist-packages/airflow/example_dags/tutorial_taskflow_api.py
[2025-02-10T16:09:04.752+0000] {processor.py:914} INFO - Processing file /usr/local/lib/python3.9/dist-packages/airflow/example_dags/tutorial_taskflow_api.py for tasks to queue
[2025-02-10T16:09:04.756+0000] {logging_mixin.py:190} INFO - [2025-02-10T16:09:04.756+0000] {dagbag.py:588} INFO - Filling up the DagBag from /usr/local/lib/python3.9/dist-packages/airflow/example_dags/tutorial_taskflow_api.py
[2025-02-10T16:09:04.764+0000] {processor.py:925} INFO - DAG(s) 'tutorial_taskflow_api' retrieved from /usr/local/lib/python3.9/dist-packages/airflow/example_dags/tutorial_taskflow_api.py
[2025-02-10T16:09:04.795+0000] {logging_mixin.py:190} INFO - [2025-02-10T16:09:04.795+0000] {dag.py:3239} INFO - Sync 1 DAGs
[2025-02-10T16:09:04.813+0000] {logging_mixin.py:190} INFO - [2025-02-10T16:09:04.813+0000] {dag.py:4180} INFO - Setting next_dagrun for tutorial_taskflow_api to None, run_after=None
[2025-02-10T16:09:04.894+0000] {processor.py:208} INFO - Processing /usr/local/lib/python3.9/dist-packages/airflow/example_dags/tutorial_taskflow_api.py took 0.149 seconds
[2025-02-10T16:10:21.764+0000] {processor.py:186} INFO - Started process (PID=384) to work on /usr/local/lib/python3.9/dist-packages/airflow/example_dags/tutorial_taskflow_api.py
[2025-02-10T16:10:21.766+0000] {processor.py:914} INFO - Processing file /usr/local/lib/python3.9/dist-packages/airflow/example_dags/tutorial_taskflow_api.py for tasks to queue
[2025-02-10T16:10:21.769+0000] {logging_mixin.py:190} INFO - [2025-02-10T16:10:21.768+0000] {dagbag.py:588} INFO - Filling up the DagBag from /usr/local/lib/python3.9/dist-packages/airflow/example_dags/tutorial_taskflow_api.py
[2025-02-10T16:10:21.777+0000] {processor.py:925} INFO - DAG(s) 'tutorial_taskflow_api' retrieved from /usr/local/lib/python3.9/dist-packages/airflow/example_dags/tutorial_taskflow_api.py
[2025-02-10T16:10:21.809+0000] {logging_mixin.py:190} INFO - [2025-02-10T16:10:21.809+0000] {dag.py:3239} INFO - Sync 1 DAGs
[2025-02-10T16:10:21.829+0000] {logging_mixin.py:190} INFO - [2025-02-10T16:10:21.828+0000] {dag.py:4180} INFO - Setting next_dagrun for tutorial_taskflow_api to None, run_after=None
[2025-02-10T16:10:21.909+0000] {processor.py:208} INFO - Processing /usr/local/lib/python3.9/dist-packages/airflow/example_dags/tutorial_taskflow_api.py took 0.150 seconds
[2025-02-10T16:11:38.288+0000] {processor.py:186} INFO - Started process (PID=448) to work on /usr/local/lib/python3.9/dist-packages/airflow/example_dags/tutorial_taskflow_api.py
[2025-02-10T16:11:38.290+0000] {processor.py:914} INFO - Processing file /usr/local/lib/python3.9/dist-packages/airflow/example_dags/tutorial_taskflow_api.py for tasks to queue
[2025-02-10T16:11:38.292+0000] {logging_mixin.py:190} INFO - [2025-02-10T16:11:38.292+0000] {dagbag.py:588} INFO - Filling up the DagBag from /usr/local/lib/python3.9/dist-packages/airflow/example_dags/tutorial_taskflow_api.py
[2025-02-10T16:11:38.300+0000] {processor.py:925} INFO - DAG(s) 'tutorial_taskflow_api' retrieved from /usr/local/lib/python3.9/dist-packages/airflow/example_dags/tutorial_taskflow_api.py
[2025-02-10T16:11:38.329+0000] {logging_mixin.py:190} INFO - [2025-02-10T16:11:38.329+0000] {dag.py:3239} INFO - Sync 1 DAGs
[2025-02-10T16:11:38.347+0000] {logging_mixin.py:190} INFO - [2025-02-10T16:11:38.346+0000] {dag.py:4180} INFO - Setting next_dagrun for tutorial_taskflow_api to None, run_after=None
[2025-02-10T16:11:38.425+0000] {processor.py:208} INFO - Processing /usr/local/lib/python3.9/dist-packages/airflow/example_dags/tutorial_taskflow_api.py took 0.142 seconds
[2025-02-10T16:12:53.848+0000] {processor.py:186} INFO - Started process (PID=512) to work on /usr/local/lib/python3.9/dist-packages/airflow/example_dags/tutorial_taskflow_api.py
[2025-02-10T16:12:53.850+0000] {processor.py:914} INFO - Processing file /usr/local/lib/python3.9/dist-packages/airflow/example_dags/tutorial_taskflow_api.py for tasks to queue
[2025-02-10T16:12:53.853+0000] {logging_mixin.py:190} INFO - [2025-02-10T16:12:53.852+0000] {dagbag.py:588} INFO - Filling up the DagBag from /usr/local/lib/python3.9/dist-packages/airflow/example_dags/tutorial_taskflow_api.py
[2025-02-10T16:12:53.861+0000] {processor.py:925} INFO - DAG(s) 'tutorial_taskflow_api' retrieved from /usr/local/lib/python3.9/dist-packages/airflow/example_dags/tutorial_taskflow_api.py
[2025-02-10T16:12:53.891+0000] {logging_mixin.py:190} INFO - [2025-02-10T16:12:53.890+0000] {dag.py:3239} INFO - Sync 1 DAGs
[2025-02-10T16:12:53.908+0000] {logging_mixin.py:190} INFO - [2025-02-10T16:12:53.908+0000] {dag.py:4180} INFO - Setting next_dagrun for tutorial_taskflow_api to None, run_after=None
[2025-02-10T16:12:53.979+0000] {processor.py:208} INFO - Processing /usr/local/lib/python3.9/dist-packages/airflow/example_dags/tutorial_taskflow_api.py took 0.136 seconds
[2025-02-10T16:14:03.938+0000] {processor.py:186} INFO - Started process (PID=574) to work on /usr/local/lib/python3.9/dist-packages/airflow/example_dags/tutorial_taskflow_api.py
[2025-02-10T16:14:03.939+0000] {processor.py:914} INFO - Processing file /usr/local/lib/python3.9/dist-packages/airflow/example_dags/tutorial_taskflow_api.py for tasks to queue
[2025-02-10T16:14:03.941+0000] {logging_mixin.py:190} INFO - [2025-02-10T16:14:03.941+0000] {dagbag.py:588} INFO - Filling up the DagBag from /usr/local/lib/python3.9/dist-packages/airflow/example_dags/tutorial_taskflow_api.py
[2025-02-10T16:14:03.949+0000] {processor.py:925} INFO - DAG(s) 'tutorial_taskflow_api' retrieved from /usr/local/lib/python3.9/dist-packages/airflow/example_dags/tutorial_taskflow_api.py
[2025-02-10T16:14:03.980+0000] {logging_mixin.py:190} INFO - [2025-02-10T16:14:03.980+0000] {dag.py:3239} INFO - Sync 1 DAGs
[2025-02-10T16:14:03.998+0000] {logging_mixin.py:190} INFO - [2025-02-10T16:14:03.998+0000] {dag.py:4180} INFO - Setting next_dagrun for tutorial_taskflow_api to None, run_after=None
[2025-02-10T16:14:04.071+0000] {processor.py:208} INFO - Processing /usr/local/lib/python3.9/dist-packages/airflow/example_dags/tutorial_taskflow_api.py took 0.139 seconds
[2025-02-10T16:15:21.513+0000] {processor.py:186} INFO - Started process (PID=638) to work on /usr/local/lib/python3.9/dist-packages/airflow/example_dags/tutorial_taskflow_api.py
[2025-02-10T16:15:21.514+0000] {processor.py:914} INFO - Processing file /usr/local/lib/python3.9/dist-packages/airflow/example_dags/tutorial_taskflow_api.py for tasks to queue
[2025-02-10T16:15:21.517+0000] {logging_mixin.py:190} INFO - [2025-02-10T16:15:21.517+0000] {dagbag.py:588} INFO - Filling up the DagBag from /usr/local/lib/python3.9/dist-packages/airflow/example_dags/tutorial_taskflow_api.py
[2025-02-10T16:15:21.525+0000] {processor.py:925} INFO - DAG(s) 'tutorial_taskflow_api' retrieved from /usr/local/lib/python3.9/dist-packages/airflow/example_dags/tutorial_taskflow_api.py
[2025-02-10T16:15:21.556+0000] {logging_mixin.py:190} INFO - [2025-02-10T16:15:21.555+0000] {dag.py:3239} INFO - Sync 1 DAGs
[2025-02-10T16:15:21.572+0000] {logging_mixin.py:190} INFO - [2025-02-10T16:15:21.571+0000] {dag.py:4180} INFO - Setting next_dagrun for tutorial_taskflow_api to None, run_after=None
[2025-02-10T16:15:21.647+0000] {processor.py:208} INFO - Processing /usr/local/lib/python3.9/dist-packages/airflow/example_dags/tutorial_taskflow_api.py took 0.140 seconds
[2025-02-10T16:16:44.964+0000] {processor.py:186} INFO - Started process (PID=705) to work on /usr/local/lib/python3.9/dist-packages/airflow/example_dags/tutorial_taskflow_api.py
[2025-02-10T16:16:44.965+0000] {processor.py:914} INFO - Processing file /usr/local/lib/python3.9/dist-packages/airflow/example_dags/tutorial_taskflow_api.py for tasks to queue
[2025-02-10T16:16:44.967+0000] {logging_mixin.py:190} INFO - [2025-02-10T16:16:44.967+0000] {dagbag.py:588} INFO - Filling up the DagBag from /usr/local/lib/python3.9/dist-packages/airflow/example_dags/tutorial_taskflow_api.py
[2025-02-10T16:16:44.975+0000] {processor.py:925} INFO - DAG(s) 'tutorial_taskflow_api' retrieved from /usr/local/lib/python3.9/dist-packages/airflow/example_dags/tutorial_taskflow_api.py
[2025-02-10T16:16:45.005+0000] {logging_mixin.py:190} INFO - [2025-02-10T16:16:45.004+0000] {dag.py:3239} INFO - Sync 1 DAGs
[2025-02-10T16:16:45.023+0000] {logging_mixin.py:190} INFO - [2025-02-10T16:16:45.023+0000] {dag.py:4180} INFO - Setting next_dagrun for tutorial_taskflow_api to None, run_after=None
[2025-02-10T16:16:45.114+0000] {processor.py:208} INFO - Processing /usr/local/lib/python3.9/dist-packages/airflow/example_dags/tutorial_taskflow_api.py took 0.156 seconds
[2025-02-10T16:17:56.410+0000] {processor.py:186} INFO - Started process (PID=768) to work on /usr/local/lib/python3.9/dist-packages/airflow/example_dags/tutorial_taskflow_api.py
[2025-02-10T16:17:56.411+0000] {processor.py:914} INFO - Processing file /usr/local/lib/python3.9/dist-packages/airflow/example_dags/tutorial_taskflow_api.py for tasks to queue
[2025-02-10T16:17:56.415+0000] {logging_mixin.py:190} INFO - [2025-02-10T16:17:56.415+0000] {dagbag.py:588} INFO - Filling up the DagBag from /usr/local/lib/python3.9/dist-packages/airflow/example_dags/tutorial_taskflow_api.py
[2025-02-10T16:17:56.423+0000] {processor.py:925} INFO - DAG(s) 'tutorial_taskflow_api' retrieved from /usr/local/lib/python3.9/dist-packages/airflow/example_dags/tutorial_taskflow_api.py
[2025-02-10T16:17:56.452+0000] {logging_mixin.py:190} INFO - [2025-02-10T16:17:56.452+0000] {dag.py:3239} INFO - Sync 1 DAGs
[2025-02-10T16:17:56.469+0000] {logging_mixin.py:190} INFO - [2025-02-10T16:17:56.469+0000] {dag.py:4180} INFO - Setting next_dagrun for tutorial_taskflow_api to None, run_after=None
[2025-02-10T16:17:56.551+0000] {processor.py:208} INFO - Processing /usr/local/lib/python3.9/dist-packages/airflow/example_dags/tutorial_taskflow_api.py took 0.147 seconds
[2025-02-10T16:19:15.137+0000] {processor.py:186} INFO - Started process (PID=833) to work on /usr/local/lib/python3.9/dist-packages/airflow/example_dags/tutorial_taskflow_api.py
[2025-02-10T16:19:15.138+0000] {processor.py:914} INFO - Processing file /usr/local/lib/python3.9/dist-packages/airflow/example_dags/tutorial_taskflow_api.py for tasks to queue
[2025-02-10T16:19:15.141+0000] {logging_mixin.py:190} INFO - [2025-02-10T16:19:15.141+0000] {dagbag.py:588} INFO - Filling up the DagBag from /usr/local/lib/python3.9/dist-packages/airflow/example_dags/tutorial_taskflow_api.py
[2025-02-10T16:19:15.149+0000] {processor.py:925} INFO - DAG(s) 'tutorial_taskflow_api' retrieved from /usr/local/lib/python3.9/dist-packages/airflow/example_dags/tutorial_taskflow_api.py
[2025-02-10T16:19:15.179+0000] {logging_mixin.py:190} INFO - [2025-02-10T16:19:15.179+0000] {dag.py:3239} INFO - Sync 1 DAGs
[2025-02-10T16:19:15.196+0000] {logging_mixin.py:190} INFO - [2025-02-10T16:19:15.196+0000] {dag.py:4180} INFO - Setting next_dagrun for tutorial_taskflow_api to None, run_after=None
[2025-02-10T16:19:15.257+0000] {processor.py:208} INFO - Processing /usr/local/lib/python3.9/dist-packages/airflow/example_dags/tutorial_taskflow_api.py took 0.129 seconds
[2025-02-10T16:20:32.232+0000] {processor.py:186} INFO - Started process (PID=897) to work on /usr/local/lib/python3.9/dist-packages/airflow/example_dags/tutorial_taskflow_api.py
[2025-02-10T16:20:32.234+0000] {processor.py:914} INFO - Processing file /usr/local/lib/python3.9/dist-packages/airflow/example_dags/tutorial_taskflow_api.py for tasks to queue
[2025-02-10T16:20:32.237+0000] {logging_mixin.py:190} INFO - [2025-02-10T16:20:32.236+0000] {dagbag.py:588} INFO - Filling up the DagBag from /usr/local/lib/python3.9/dist-packages/airflow/example_dags/tutorial_taskflow_api.py
[2025-02-10T16:20:32.247+0000] {processor.py:925} INFO - DAG(s) 'tutorial_taskflow_api' retrieved from /usr/local/lib/python3.9/dist-packages/airflow/example_dags/tutorial_taskflow_api.py
[2025-02-10T16:20:32.277+0000] {logging_mixin.py:190} INFO - [2025-02-10T16:20:32.277+0000] {dag.py:3239} INFO - Sync 1 DAGs
[2025-02-10T16:20:32.295+0000] {logging_mixin.py:190} INFO - [2025-02-10T16:20:32.294+0000] {dag.py:4180} INFO - Setting next_dagrun for tutorial_taskflow_api to None, run_after=None
[2025-02-10T16:20:32.365+0000] {processor.py:208} INFO - Processing /usr/local/lib/python3.9/dist-packages/airflow/example_dags/tutorial_taskflow_api.py took 0.139 seconds
[2025-02-10T16:21:43.265+0000] {processor.py:186} INFO - Started process (PID=958) to work on /usr/local/lib/python3.9/dist-packages/airflow/example_dags/tutorial_taskflow_api.py
[2025-02-10T16:21:43.267+0000] {processor.py:914} INFO - Processing file /usr/local/lib/python3.9/dist-packages/airflow/example_dags/tutorial_taskflow_api.py for tasks to queue
[2025-02-10T16:21:43.270+0000] {logging_mixin.py:190} INFO - [2025-02-10T16:21:43.269+0000] {dagbag.py:588} INFO - Filling up the DagBag from /usr/local/lib/python3.9/dist-packages/airflow/example_dags/tutorial_taskflow_api.py
[2025-02-10T16:21:43.278+0000] {processor.py:925} INFO - DAG(s) 'tutorial_taskflow_api' retrieved from /usr/local/lib/python3.9/dist-packages/airflow/example_dags/tutorial_taskflow_api.py
[2025-02-10T16:21:43.309+0000] {logging_mixin.py:190} INFO - [2025-02-10T16:21:43.309+0000] {dag.py:3239} INFO - Sync 1 DAGs
[2025-02-10T16:21:43.326+0000] {logging_mixin.py:190} INFO - [2025-02-10T16:21:43.325+0000] {dag.py:4180} INFO - Setting next_dagrun for tutorial_taskflow_api to None, run_after=None
[2025-02-10T16:21:43.401+0000] {processor.py:208} INFO - Processing /usr/local/lib/python3.9/dist-packages/airflow/example_dags/tutorial_taskflow_api.py took 0.141 seconds
[2025-02-10T16:22:59.925+0000] {processor.py:186} INFO - Started process (PID=1022) to work on /usr/local/lib/python3.9/dist-packages/airflow/example_dags/tutorial_taskflow_api.py
[2025-02-10T16:22:59.926+0000] {processor.py:914} INFO - Processing file /usr/local/lib/python3.9/dist-packages/airflow/example_dags/tutorial_taskflow_api.py for tasks to queue
[2025-02-10T16:22:59.929+0000] {logging_mixin.py:190} INFO - [2025-02-10T16:22:59.929+0000] {dagbag.py:588} INFO - Filling up the DagBag from /usr/local/lib/python3.9/dist-packages/airflow/example_dags/tutorial_taskflow_api.py
[2025-02-10T16:22:59.937+0000] {processor.py:925} INFO - DAG(s) 'tutorial_taskflow_api' retrieved from /usr/local/lib/python3.9/dist-packages/airflow/example_dags/tutorial_taskflow_api.py
[2025-02-10T16:22:59.967+0000] {logging_mixin.py:190} INFO - [2025-02-10T16:22:59.966+0000] {dag.py:3239} INFO - Sync 1 DAGs
[2025-02-10T16:22:59.987+0000] {logging_mixin.py:190} INFO - [2025-02-10T16:22:59.986+0000] {dag.py:4180} INFO - Setting next_dagrun for tutorial_taskflow_api to None, run_after=None
[2025-02-10T16:23:00.061+0000] {processor.py:208} INFO - Processing /usr/local/lib/python3.9/dist-packages/airflow/example_dags/tutorial_taskflow_api.py took 0.141 seconds
[2025-02-10T16:24:18.438+0000] {processor.py:186} INFO - Started process (PID=1087) to work on /usr/local/lib/python3.9/dist-packages/airflow/example_dags/tutorial_taskflow_api.py
[2025-02-10T16:24:18.439+0000] {processor.py:914} INFO - Processing file /usr/local/lib/python3.9/dist-packages/airflow/example_dags/tutorial_taskflow_api.py for tasks to queue
[2025-02-10T16:24:18.442+0000] {logging_mixin.py:190} INFO - [2025-02-10T16:24:18.441+0000] {dagbag.py:588} INFO - Filling up the DagBag from /usr/local/lib/python3.9/dist-packages/airflow/example_dags/tutorial_taskflow_api.py
[2025-02-10T16:24:18.450+0000] {processor.py:925} INFO - DAG(s) 'tutorial_taskflow_api' retrieved from /usr/local/lib/python3.9/dist-packages/airflow/example_dags/tutorial_taskflow_api.py
[2025-02-10T16:24:18.481+0000] {logging_mixin.py:190} INFO - [2025-02-10T16:24:18.481+0000] {dag.py:3239} INFO - Sync 1 DAGs
[2025-02-10T16:24:18.499+0000] {logging_mixin.py:190} INFO - [2025-02-10T16:24:18.499+0000] {dag.py:4180} INFO - Setting next_dagrun for tutorial_taskflow_api to None, run_after=None
[2025-02-10T16:24:18.583+0000] {processor.py:208} INFO - Processing /usr/local/lib/python3.9/dist-packages/airflow/example_dags/tutorial_taskflow_api.py took 0.150 seconds
[2025-02-10T16:25:40.217+0000] {processor.py:186} INFO - Started process (PID=1153) to work on /usr/local/lib/python3.9/dist-packages/airflow/example_dags/tutorial_taskflow_api.py
[2025-02-10T16:25:40.219+0000] {processor.py:914} INFO - Processing file /usr/local/lib/python3.9/dist-packages/airflow/example_dags/tutorial_taskflow_api.py for tasks to queue
[2025-02-10T16:25:40.221+0000] {logging_mixin.py:190} INFO - [2025-02-10T16:25:40.221+0000] {dagbag.py:588} INFO - Filling up the DagBag from /usr/local/lib/python3.9/dist-packages/airflow/example_dags/tutorial_taskflow_api.py
[2025-02-10T16:25:40.229+0000] {processor.py:925} INFO - DAG(s) 'tutorial_taskflow_api' retrieved from /usr/local/lib/python3.9/dist-packages/airflow/example_dags/tutorial_taskflow_api.py
[2025-02-10T16:25:40.260+0000] {logging_mixin.py:190} INFO - [2025-02-10T16:25:40.259+0000] {dag.py:3239} INFO - Sync 1 DAGs
[2025-02-10T16:25:40.277+0000] {logging_mixin.py:190} INFO - [2025-02-10T16:25:40.276+0000] {dag.py:4180} INFO - Setting next_dagrun for tutorial_taskflow_api to None, run_after=None
[2025-02-10T16:25:40.350+0000] {processor.py:208} INFO - Processing /usr/local/lib/python3.9/dist-packages/airflow/example_dags/tutorial_taskflow_api.py took 0.139 seconds
[2025-02-10T16:27:01.849+0000] {processor.py:186} INFO - Started process (PID=1220) to work on /usr/local/lib/python3.9/dist-packages/airflow/example_dags/tutorial_taskflow_api.py
[2025-02-10T16:27:01.851+0000] {processor.py:914} INFO - Processing file /usr/local/lib/python3.9/dist-packages/airflow/example_dags/tutorial_taskflow_api.py for tasks to queue
[2025-02-10T16:27:01.854+0000] {logging_mixin.py:190} INFO - [2025-02-10T16:27:01.853+0000] {dagbag.py:588} INFO - Filling up the DagBag from /usr/local/lib/python3.9/dist-packages/airflow/example_dags/tutorial_taskflow_api.py
[2025-02-10T16:27:01.862+0000] {processor.py:925} INFO - DAG(s) 'tutorial_taskflow_api' retrieved from /usr/local/lib/python3.9/dist-packages/airflow/example_dags/tutorial_taskflow_api.py
[2025-02-10T16:27:01.893+0000] {logging_mixin.py:190} INFO - [2025-02-10T16:27:01.892+0000] {dag.py:3239} INFO - Sync 1 DAGs
[2025-02-10T16:27:01.909+0000] {logging_mixin.py:190} INFO - [2025-02-10T16:27:01.909+0000] {dag.py:4180} INFO - Setting next_dagrun for tutorial_taskflow_api to None, run_after=None
[2025-02-10T16:27:01.991+0000] {processor.py:208} INFO - Processing /usr/local/lib/python3.9/dist-packages/airflow/example_dags/tutorial_taskflow_api.py took 0.147 seconds
[2025-02-10T16:28:19.707+0000] {processor.py:186} INFO - Started process (PID=1285) to work on /usr/local/lib/python3.9/dist-packages/airflow/example_dags/tutorial_taskflow_api.py
[2025-02-10T16:28:19.709+0000] {processor.py:914} INFO - Processing file /usr/local/lib/python3.9/dist-packages/airflow/example_dags/tutorial_taskflow_api.py for tasks to queue
[2025-02-10T16:28:19.712+0000] {logging_mixin.py:190} INFO - [2025-02-10T16:28:19.712+0000] {dagbag.py:588} INFO - Filling up the DagBag from /usr/local/lib/python3.9/dist-packages/airflow/example_dags/tutorial_taskflow_api.py
[2025-02-10T16:28:19.721+0000] {processor.py:925} INFO - DAG(s) 'tutorial_taskflow_api' retrieved from /usr/local/lib/python3.9/dist-packages/airflow/example_dags/tutorial_taskflow_api.py
[2025-02-10T16:28:19.751+0000] {logging_mixin.py:190} INFO - [2025-02-10T16:28:19.750+0000] {dag.py:3239} INFO - Sync 1 DAGs
[2025-02-10T16:28:19.769+0000] {logging_mixin.py:190} INFO - [2025-02-10T16:28:19.769+0000] {dag.py:4180} INFO - Setting next_dagrun for tutorial_taskflow_api to None, run_after=None
[2025-02-10T16:28:19.853+0000] {processor.py:208} INFO - Processing /usr/local/lib/python3.9/dist-packages/airflow/example_dags/tutorial_taskflow_api.py took 0.151 seconds
[2025-02-10T16:29:37.745+0000] {processor.py:186} INFO - Started process (PID=1350) to work on /usr/local/lib/python3.9/dist-packages/airflow/example_dags/tutorial_taskflow_api.py
[2025-02-10T16:29:37.747+0000] {processor.py:914} INFO - Processing file /usr/local/lib/python3.9/dist-packages/airflow/example_dags/tutorial_taskflow_api.py for tasks to queue
[2025-02-10T16:29:37.750+0000] {logging_mixin.py:190} INFO - [2025-02-10T16:29:37.749+0000] {dagbag.py:588} INFO - Filling up the DagBag from /usr/local/lib/python3.9/dist-packages/airflow/example_dags/tutorial_taskflow_api.py
[2025-02-10T16:29:37.758+0000] {processor.py:925} INFO - DAG(s) 'tutorial_taskflow_api' retrieved from /usr/local/lib/python3.9/dist-packages/airflow/example_dags/tutorial_taskflow_api.py
[2025-02-10T16:29:37.790+0000] {logging_mixin.py:190} INFO - [2025-02-10T16:29:37.790+0000] {dag.py:3239} INFO - Sync 1 DAGs
[2025-02-10T16:29:37.807+0000] {logging_mixin.py:190} INFO - [2025-02-10T16:29:37.807+0000] {dag.py:4180} INFO - Setting next_dagrun for tutorial_taskflow_api to None, run_after=None
[2025-02-10T16:29:37.887+0000] {processor.py:208} INFO - Processing /usr/local/lib/python3.9/dist-packages/airflow/example_dags/tutorial_taskflow_api.py took 0.147 seconds
[2025-02-10T16:30:53.352+0000] {processor.py:186} INFO - Started process (PID=1413) to work on /usr/local/lib/python3.9/dist-packages/airflow/example_dags/tutorial_taskflow_api.py
[2025-02-10T16:30:53.354+0000] {processor.py:914} INFO - Processing file /usr/local/lib/python3.9/dist-packages/airflow/example_dags/tutorial_taskflow_api.py for tasks to queue
[2025-02-10T16:30:53.357+0000] {logging_mixin.py:190} INFO - [2025-02-10T16:30:53.356+0000] {dagbag.py:588} INFO - Filling up the DagBag from /usr/local/lib/python3.9/dist-packages/airflow/example_dags/tutorial_taskflow_api.py
[2025-02-10T16:30:53.366+0000] {processor.py:925} INFO - DAG(s) 'tutorial_taskflow_api' retrieved from /usr/local/lib/python3.9/dist-packages/airflow/example_dags/tutorial_taskflow_api.py
[2025-02-10T16:30:53.396+0000] {logging_mixin.py:190} INFO - [2025-02-10T16:30:53.395+0000] {dag.py:3239} INFO - Sync 1 DAGs
[2025-02-10T16:30:53.413+0000] {logging_mixin.py:190} INFO - [2025-02-10T16:30:53.413+0000] {dag.py:4180} INFO - Setting next_dagrun for tutorial_taskflow_api to None, run_after=None
[2025-02-10T16:30:53.489+0000] {processor.py:208} INFO - Processing /usr/local/lib/python3.9/dist-packages/airflow/example_dags/tutorial_taskflow_api.py took 0.143 seconds
[2025-02-10T16:32:10.096+0000] {processor.py:186} INFO - Started process (PID=1477) to work on /usr/local/lib/python3.9/dist-packages/airflow/example_dags/tutorial_taskflow_api.py
[2025-02-10T16:32:10.098+0000] {processor.py:914} INFO - Processing file /usr/local/lib/python3.9/dist-packages/airflow/example_dags/tutorial_taskflow_api.py for tasks to queue
[2025-02-10T16:32:10.100+0000] {logging_mixin.py:190} INFO - [2025-02-10T16:32:10.100+0000] {dagbag.py:588} INFO - Filling up the DagBag from /usr/local/lib/python3.9/dist-packages/airflow/example_dags/tutorial_taskflow_api.py
[2025-02-10T16:32:10.108+0000] {processor.py:925} INFO - DAG(s) 'tutorial_taskflow_api' retrieved from /usr/local/lib/python3.9/dist-packages/airflow/example_dags/tutorial_taskflow_api.py
[2025-02-10T16:32:10.138+0000] {logging_mixin.py:190} INFO - [2025-02-10T16:32:10.138+0000] {dag.py:3239} INFO - Sync 1 DAGs
[2025-02-10T16:32:10.155+0000] {logging_mixin.py:190} INFO - [2025-02-10T16:32:10.155+0000] {dag.py:4180} INFO - Setting next_dagrun for tutorial_taskflow_api to None, run_after=None
[2025-02-10T16:32:10.231+0000] {processor.py:208} INFO - Processing /usr/local/lib/python3.9/dist-packages/airflow/example_dags/tutorial_taskflow_api.py took 0.141 seconds
[2025-02-10T16:33:26.812+0000] {processor.py:186} INFO - Started process (PID=1541) to work on /usr/local/lib/python3.9/dist-packages/airflow/example_dags/tutorial_taskflow_api.py
[2025-02-10T16:33:26.814+0000] {processor.py:914} INFO - Processing file /usr/local/lib/python3.9/dist-packages/airflow/example_dags/tutorial_taskflow_api.py for tasks to queue
[2025-02-10T16:33:26.816+0000] {logging_mixin.py:190} INFO - [2025-02-10T16:33:26.816+0000] {dagbag.py:588} INFO - Filling up the DagBag from /usr/local/lib/python3.9/dist-packages/airflow/example_dags/tutorial_taskflow_api.py
[2025-02-10T16:33:26.824+0000] {processor.py:925} INFO - DAG(s) 'tutorial_taskflow_api' retrieved from /usr/local/lib/python3.9/dist-packages/airflow/example_dags/tutorial_taskflow_api.py
[2025-02-10T16:33:26.855+0000] {logging_mixin.py:190} INFO - [2025-02-10T16:33:26.855+0000] {dag.py:3239} INFO - Sync 1 DAGs
[2025-02-10T16:33:26.872+0000] {logging_mixin.py:190} INFO - [2025-02-10T16:33:26.872+0000] {dag.py:4180} INFO - Setting next_dagrun for tutorial_taskflow_api to None, run_after=None
[2025-02-10T16:33:26.946+0000] {processor.py:208} INFO - Processing /usr/local/lib/python3.9/dist-packages/airflow/example_dags/tutorial_taskflow_api.py took 0.139 seconds
[2025-02-10T16:34:40.150+0000] {processor.py:186} INFO - Started process (PID=1605) to work on /usr/local/lib/python3.9/dist-packages/airflow/example_dags/tutorial_taskflow_api.py
[2025-02-10T16:34:40.151+0000] {processor.py:914} INFO - Processing file /usr/local/lib/python3.9/dist-packages/airflow/example_dags/tutorial_taskflow_api.py for tasks to queue
[2025-02-10T16:34:40.155+0000] {logging_mixin.py:190} INFO - [2025-02-10T16:34:40.154+0000] {dagbag.py:588} INFO - Filling up the DagBag from /usr/local/lib/python3.9/dist-packages/airflow/example_dags/tutorial_taskflow_api.py
[2025-02-10T16:34:40.163+0000] {processor.py:925} INFO - DAG(s) 'tutorial_taskflow_api' retrieved from /usr/local/lib/python3.9/dist-packages/airflow/example_dags/tutorial_taskflow_api.py
[2025-02-10T16:34:40.193+0000] {logging_mixin.py:190} INFO - [2025-02-10T16:34:40.192+0000] {dag.py:3239} INFO - Sync 1 DAGs
[2025-02-10T16:34:40.210+0000] {logging_mixin.py:190} INFO - [2025-02-10T16:34:40.209+0000] {dag.py:4180} INFO - Setting next_dagrun for tutorial_taskflow_api to None, run_after=None
[2025-02-10T16:34:40.282+0000] {processor.py:208} INFO - Processing /usr/local/lib/python3.9/dist-packages/airflow/example_dags/tutorial_taskflow_api.py took 0.138 seconds
[2025-02-10T16:35:56.510+0000] {processor.py:186} INFO - Started process (PID=1668) to work on /usr/local/lib/python3.9/dist-packages/airflow/example_dags/tutorial_taskflow_api.py
[2025-02-10T16:35:56.511+0000] {processor.py:914} INFO - Processing file /usr/local/lib/python3.9/dist-packages/airflow/example_dags/tutorial_taskflow_api.py for tasks to queue
[2025-02-10T16:35:56.514+0000] {logging_mixin.py:190} INFO - [2025-02-10T16:35:56.513+0000] {dagbag.py:588} INFO - Filling up the DagBag from /usr/local/lib/python3.9/dist-packages/airflow/example_dags/tutorial_taskflow_api.py
[2025-02-10T16:35:56.522+0000] {processor.py:925} INFO - DAG(s) 'tutorial_taskflow_api' retrieved from /usr/local/lib/python3.9/dist-packages/airflow/example_dags/tutorial_taskflow_api.py
[2025-02-10T16:35:56.553+0000] {logging_mixin.py:190} INFO - [2025-02-10T16:35:56.553+0000] {dag.py:3239} INFO - Sync 1 DAGs
[2025-02-10T16:35:56.571+0000] {logging_mixin.py:190} INFO - [2025-02-10T16:35:56.570+0000] {dag.py:4180} INFO - Setting next_dagrun for tutorial_taskflow_api to None, run_after=None
[2025-02-10T16:35:56.645+0000] {processor.py:208} INFO - Processing /usr/local/lib/python3.9/dist-packages/airflow/example_dags/tutorial_taskflow_api.py took 0.140 seconds
[2025-02-10T16:37:16.722+0000] {processor.py:186} INFO - Started process (PID=1733) to work on /usr/local/lib/python3.9/dist-packages/airflow/example_dags/tutorial_taskflow_api.py
[2025-02-10T16:37:16.723+0000] {processor.py:914} INFO - Processing file /usr/local/lib/python3.9/dist-packages/airflow/example_dags/tutorial_taskflow_api.py for tasks to queue
[2025-02-10T16:37:16.726+0000] {logging_mixin.py:190} INFO - [2025-02-10T16:37:16.726+0000] {dagbag.py:588} INFO - Filling up the DagBag from /usr/local/lib/python3.9/dist-packages/airflow/example_dags/tutorial_taskflow_api.py
[2025-02-10T16:37:16.734+0000] {processor.py:925} INFO - DAG(s) 'tutorial_taskflow_api' retrieved from /usr/local/lib/python3.9/dist-packages/airflow/example_dags/tutorial_taskflow_api.py
[2025-02-10T16:37:16.763+0000] {logging_mixin.py:190} INFO - [2025-02-10T16:37:16.762+0000] {dag.py:3239} INFO - Sync 1 DAGs
[2025-02-10T16:37:16.780+0000] {logging_mixin.py:190} INFO - [2025-02-10T16:37:16.780+0000] {dag.py:4180} INFO - Setting next_dagrun for tutorial_taskflow_api to None, run_after=None
[2025-02-10T16:37:16.852+0000] {processor.py:208} INFO - Processing /usr/local/lib/python3.9/dist-packages/airflow/example_dags/tutorial_taskflow_api.py took 0.136 seconds
